

2018-07-10 11:19:19
MPC Actions: ['0', '0', '0', '0', '0', '0', '0', '0', '0', '0', '0', '0', '0', '0', '0', '0']
Temperatures following the MPC path:
[69.1, 69.10000000000001, 69.10000000000001, 69.10000000000001, 69.10000000000001, 69.10000000000001, 69.10000000000001, 69.10000000000001, 69.10000000000001, 69.10000000000001, 69.10000000000001, 69.10000000000001, 69.10000000000001, 69.10000000000001, 69.10000000000001, 69.10000000000001, 69.10000000000001]
Safety Constraints:
[[54, 86], [54, 86], [54, 86], [54, 86], [54, 86], [54, 86], [54, 86], [54, 86], [54, 86], [54, 86], [54, 86], [54, 86], [54, 86], [54, 86], [54, 86], [54, 86], [54, 86]]
Prices:
[0.21, 0.21, 0.21, 0.21, 0.21, 0.21, 0.21, 0.21, 0.21, 0.21, 0.21, 0.21, 0.21, 0.21, 0.21, 0.21, 0.21]
Occ Predictions:
[1, 1, 1, 1, 1, 1, 1, 1, 1, 1, 1, 1, 1, 1, 1, 1, 1]
Setpoints:
[[62, 85], [62, 85], [62, 85], [62, 85], [62, 85], [62, 85], [62, 85], [62, 85], [62, 85], [62, 85], [62, 85], [62, 85], [62, 85], [62, 85], [62, 85], [62, 85], [62, 85]]
Time needed to calculate the shortest path:
66.7520740032


2018-07-10 11:34:19
MPC Actions: ['0', '0', '0', '0', '0', '0', '0', '0', '0', '0', '0', '0', '0', '0', '0', '0']
Temperatures following the MPC path:
[69.5, 69.5, 69.5, 69.5, 69.5, 69.5, 69.5, 69.5, 69.5, 69.5, 69.5, 69.5, 69.5, 69.5, 69.5, 69.5, 69.5]
Safety Constraints:
[[54, 86], [54, 86], [54, 86], [54, 86], [54, 86], [54, 86], [54, 86], [54, 86], [54, 86], [54, 86], [54, 86], [54, 86], [54, 86], [54, 86], [54, 86], [54, 86], [54, 86]]
Prices:
[0.21, 0.21, 0.21, 0.21, 0.21, 0.21, 0.21, 0.21, 0.21, 0.21, 0.21, 0.21, 0.21, 0.21, 0.21, 0.21, 0.24]
Occ Predictions:
[1, 1, 1, 1, 1, 1, 1, 1, 1, 1, 1, 1, 1, 1, 1, 1, 1]
Setpoints:
[[62, 85], [62, 85], [62, 85], [62, 85], [62, 85], [62, 85], [62, 85], [62, 85], [62, 85], [62, 85], [62, 85], [62, 85], [62, 85], [62, 85], [62, 85], [62, 85], [70, 74]]
Time needed to calculate the shortest path:
85.3985748291


2018-07-10 11:49:20
MPC Actions: ['0', '0', '0', '0', '0', '0', '0', '0', '0', '0', '0', '0', '0', '0', '0', '0']
Temperatures following the MPC path:
[69.7, 69.7, 69.7, 69.7, 69.7, 69.7, 69.7, 69.7, 69.7, 69.7, 69.7, 69.7, 69.7, 69.7, 69.7, 69.7, 69.7]
Safety Constraints:
[[54, 86], [54, 86], [54, 86], [54, 86], [54, 86], [54, 86], [54, 86], [54, 86], [54, 86], [54, 86], [54, 86], [54, 86], [54, 86], [54, 86], [54, 86], [54, 86], [54, 86]]
Prices:
[0.21, 0.21, 0.21, 0.21, 0.21, 0.21, 0.21, 0.21, 0.21, 0.21, 0.21, 0.21, 0.21, 0.21, 0.21, 0.24, 0.24]
Occ Predictions:
[1, 1, 1, 1, 1, 1, 1, 1, 1, 1, 1, 1, 1, 1, 1, 1, 1]
Setpoints:
[[62, 85], [62, 85], [62, 85], [62, 85], [62, 85], [62, 85], [62, 85], [62, 85], [62, 85], [62, 85], [62, 85], [62, 85], [62, 85], [62, 85], [62, 85], [70, 74], [70, 74]]
Time needed to calculate the shortest path:
96.5443198681


2018-07-10 12:04:19
MPC Actions: ['0', '0', '0', '0', '0', '0', '0', '0', '0', '0', '0', '0', '0', '0', '0', '0']
Temperatures following the MPC path:
[69.9, 69.9, 69.9, 69.9, 69.9, 69.9, 69.9, 69.9, 69.9, 69.9, 69.9, 69.9, 69.9, 69.9, 69.9, 69.9, 69.9]
Safety Constraints:
[[54, 86], [54, 86], [54, 86], [54, 86], [54, 86], [54, 86], [54, 86], [54, 86], [54, 86], [54, 86], [54, 86], [54, 86], [54, 86], [54, 86], [54, 86], [54, 86], [54, 86]]
Prices:
[0.21, 0.21, 0.21, 0.21, 0.21, 0.21, 0.21, 0.21, 0.21, 0.21, 0.21, 0.21, 0.21, 0.21, 0.24, 0.24, 0.24]
Occ Predictions:
[1, 1, 1, 1, 1, 1, 1, 1, 1, 1, 1, 1, 1, 1, 1, 1, 1]
Setpoints:
[[62, 85], [62, 85], [62, 85], [62, 85], [62, 85], [62, 85], [62, 85], [62, 85], [62, 85], [62, 85], [62, 85], [62, 85], [62, 85], [62, 85], [70, 74], [70, 74], [70, 74]]
Time needed to calculate the shortest path:
74.2749919891


2018-07-10 12:19:19
MPC Actions: ['0', '0', '0', '0', '0', '0', '0', '0', '0', '0', '0', '0', '0', '0', '0', '0']
Temperatures following the MPC path:
[70.0, 70.0, 70.0, 70.0, 70.0, 70.0, 70.0, 70.0, 70.0, 70.0, 70.0, 70.0, 70.0, 70.0, 70.0, 70.0, 70.05]
Safety Constraints:
[[54, 86], [54, 86], [54, 86], [54, 86], [54, 86], [54, 86], [54, 86], [54, 86], [54, 86], [54, 86], [54, 86], [54, 86], [54, 86], [54, 86], [54, 86], [54, 86], [54, 86]]
Prices:
[0.21, 0.21, 0.21, 0.21, 0.21, 0.21, 0.21, 0.21, 0.21, 0.21, 0.21, 0.21, 0.21, 0.24, 0.24, 0.24, 0.24]
Occ Predictions:
[1, 1, 1, 1, 1, 1, 1, 1, 1, 1, 1, 1, 1, 1, 1, 1, 1]
Setpoints:
[[62, 85], [62, 85], [62, 85], [62, 85], [62, 85], [62, 85], [62, 85], [62, 85], [62, 85], [62, 85], [62, 85], [62, 85], [62, 85], [70, 74], [70, 74], [70, 74], [70, 74]]
Time needed to calculate the shortest path:
74.2591421604
THERMOSTAT CHANGED MANUALY AT : 2018-07-10 12:34:19 UTC

2018-07-10 20:46:59
MPC Actions: ['1', '1', '0', '0', '0', '0', '0', '0', '0', '0', '0', '0', '0', '0', '0', '0']
Temperatures following the MPC path:
[74.4, 73.625, 72.95, 73.0, 73.05, 73.10000000000001, 73.15, 73.2, 73.25, 73.3, 73.35000000000001, 73.4, 73.45, 73.5, 73.55, 73.60000000000001, 73.65]
Safety Constraints:
[[54, 86], [54, 86], [54, 86], [54, 86], [54, 86], [54, 86], [54, 86], [54, 86], [54, 86], [54, 86], [54, 86], [54, 86], [54, 86], [54, 86], [54, 86], [54, 86], [54, 86]]
Prices:
[0.26, 0.9, 0.9, 0.9, 0.9, 0.9, 0.9, 0.9, 0.9, 0.9, 0.9, 0.9, 0.9, 0.9, 0.9, 0.9, 0.9, 0.9, 0.9, 0.9, 0.9, 0.9, 0.9, 0.9, 0.9, 0.9, 0.9, 0.9, 0.9, 0.9, 0.9, 0.9, 0.9, 0.9, 0.9, 0.9, 0.9, 0.9, 0.9, 0.9, 0.9, 0.9, 0.9, 0.9, 0.9, 0.9, 0.9, 0.9, 0.9, 0.9, 0.9, 0.9, 0.9, 0.9, 0.9, 0.9, 0.9, 0.9, 0.9, 0.9, 0.9, 0.9, 0.9, 0.9, 0.9, 0.9, 0.9, 0.9, 0.9, 0.9, 0.9, 0.9, 0.9, 0.9, 0.9, 0.9, 0.9, 0.9, 0.9, 0.9, 0.9]
Occ Predictions:
[1, 1, 1, 1, 1, 1, 1, 1, 1, 1, 1, 1, 1, 1, 1, 1, 1]
Setpoints:
[[70, 74], [70, 74], [70, 74], [70, 74], [70, 74], [70, 74], [70, 74], [70, 74], [70, 74], [70, 74], [70, 74], [70, 74], [70, 74], [62, 85], [62, 85], [62, 85], [62, 85]]
Time needed to calculate the shortest path:
199.982346058
THERMOSTAT CHANGED MANUALY AT : 2018-07-10 21:01:58 UTC

2018-07-10 22:04:09
MPC Actions: ['2', '0', '0', '0', '0', '0', '0', '0', '0', '0', '0', '0', '0', '0', '0', '0']
Temperatures following the MPC path:
[74.1, 73.425, 73.5, 73.575, 73.65, 73.72500000000001, 73.775, 73.825, 73.875, 73.925, 73.97500000000001, 74.025, 74.075, 74.125, 74.175, 74.22500000000001, 74.275]
Safety Constraints:
[[54, 86], [54, 86], [54, 86], [54, 86], [54, 86], [54, 86], [54, 86], [54, 86], [54, 86], [54, 86], [54, 86], [54, 86], [54, 86], [54, 86], [54, 86], [54, 86], [54, 86]]
Prices:
[0.9, 0.9, 0.9, 0.9, 0.9, 0.9, 0.9, 0.9, 0.9, 0.9, 0.9, 0.9, 0.9, 0.9, 0.9, 0.9, 0.9, 0.9, 0.9, 0.9, 0.9, 0.9, 0.9, 0.9, 0.9, 0.9, 0.9, 0.9, 0.9, 0.9, 0.9, 0.9, 0.9, 0.9, 0.9, 0.9, 0.9, 0.9, 0.9, 0.9, 0.9, 0.9, 0.9, 0.9, 0.9, 0.9, 0.9, 0.9, 0.9, 0.9, 0.9, 0.9, 0.9, 0.9, 0.9, 0.9, 0.9, 0.9, 0.9, 0.9, 0.24, 0.24, 0.24, 0.24, 0.24]
Occ Predictions:
[1, 1, 1, 1, 1, 1, 1, 1, 1, 1, 1, 1, 1, 1, 1, 1, 1]
Setpoints:
[[70, 74], [70, 74], [70, 74], [70, 74], [70, 74], [70, 74], [70, 74], [70, 74], [62, 85], [62, 85], [62, 85], [62, 85], [62, 85], [62, 85], [62, 85], [62, 85], [62, 85]]
Time needed to calculate the shortest path:
347.644362926
THERMOSTAT CHANGED MANUALY AT : 2018-07-10 22:19:09 UTC

2018-07-10 22:24:44
MPC Actions: ['0', '0', '0', '0', '0', '0', '0', '0', '0', '0', '0', '0', '0', '0', '0', '0']
Temperatures following the MPC path:
[71.7, 71.775, 71.85000000000001, 71.925, 72.0, 72.075, 72.15, 72.22500000000001, 72.275, 72.325, 72.375, 72.425, 72.47500000000001, 72.525, 72.575, 72.625, 72.675]
Safety Constraints:
[[54, 86], [54, 86], [54, 86], [54, 86], [54, 86], [54, 86], [54, 86], [54, 86], [54, 86], [54, 86], [54, 86], [54, 86], [54, 86], [54, 86], [54, 86], [54, 86], [54, 86]]
Prices:
[0.9, 0.9, 0.9, 0.9, 0.9, 0.9, 0.9, 0.9, 0.9, 0.9, 0.9, 0.9, 0.9, 0.9, 0.9, 0.9, 0.9, 0.9, 0.9, 0.9, 0.9, 0.9, 0.9, 0.9, 0.9, 0.9, 0.9, 0.9, 0.9, 0.9, 0.9, 0.9, 0.9, 0.9, 0.9, 0.9, 0.9, 0.9, 0.9, 0.9, 0.9, 0.9, 0.9, 0.9, 0.9, 0.9, 0.9, 0.9, 0.9, 0.9, 0.9, 0.9, 0.9, 0.9, 0.9, 0.24, 0.24, 0.24, 0.24, 0.24, 0.24]
Occ Predictions:
[1, 1, 1, 1, 1, 1, 1, 1, 1, 1, 1, 1, 1, 1, 1, 1, 1]
Setpoints:
[[70, 74], [70, 74], [70, 74], [70, 74], [70, 74], [70, 74], [70, 74], [62, 85], [62, 85], [62, 85], [62, 85], [62, 85], [62, 85], [62, 85], [62, 85], [62, 85], [62, 85]]
Time needed to calculate the shortest path:
329.376969099


2018-07-10 22:39:44
MPC Actions: ['0', '0', '0', '0', '0', '0', '0', '0', '0', '0', '0', '0', '0', '0', '0', '0']
Temperatures following the MPC path:
[73.0, 73.05, 73.10000000000001, 73.15, 73.2, 73.25, 73.3, 73.35000000000001, 73.4, 73.45, 73.5, 73.55, 73.60000000000001, 73.65, 73.7, 73.75, 73.8]
Safety Constraints:
[[54, 86], [54, 86], [54, 86], [54, 86], [54, 86], [54, 86], [54, 86], [54, 86], [54, 86], [54, 86], [54, 86], [54, 86], [54, 86], [54, 86], [54, 86], [54, 86], [54, 86]]
Prices:
[0.9, 0.9, 0.9, 0.9, 0.9, 0.9, 0.9, 0.9, 0.9, 0.9, 0.9, 0.9, 0.9, 0.9, 0.9, 0.9, 0.9, 0.9, 0.9, 0.9, 0.9, 0.9, 0.9, 0.9, 0.9, 0.9, 0.9, 0.9, 0.9, 0.9, 0.9, 0.9, 0.9, 0.9, 0.9, 0.9, 0.9, 0.9, 0.9, 0.9, 0.9, 0.9, 0.9, 0.9, 0.9, 0.9, 0.9, 0.9, 0.9, 0.9, 0.24, 0.24, 0.24, 0.24, 0.24, 0.24, 0.24]
Occ Predictions:
[1, 1, 1, 1, 1, 1, 1, 1, 1, 1, 1, 1, 1, 1, 1, 1, 1]
Setpoints:
[[70, 74], [70, 74], [70, 74], [70, 74], [70, 74], [70, 74], [62, 85], [62, 85], [62, 85], [62, 85], [62, 85], [62, 85], [62, 85], [62, 85], [62, 85], [62, 85], [62, 85]]
Time needed to calculate the shortest path:
278.384043932
THERMOSTAT CHANGED MANUALY AT : 2018-07-10 22:54:43 UTC