

2018-07-10 11:19:19
MPC Actions: ['0', '0', '0', '0', '0', '0', '0', '0', '0', '0', '0', '0', '0', '0', '0', '0']
Temperatures following the MPC path:
[72.1, 72.0, 71.9, 71.8, 71.7, 71.60000000000001, 71.5, 71.45, 71.4, 71.35000000000001, 71.3, 71.25, 71.2, 71.15, 71.10000000000001, 71.05, 71.0]
Safety Constraints:
[[54, 86], [54, 86], [54, 86], [54, 86], [54, 86], [54, 86], [54, 86], [54, 86], [54, 86], [54, 86], [54, 86], [54, 86], [54, 86], [54, 86], [54, 86], [54, 86], [54, 86]]
Prices:
[0.21, 0.21, 0.21, 0.21, 0.21, 0.21, 0.21, 0.21, 0.21, 0.21, 0.21, 0.21, 0.21, 0.21, 0.21, 0.21, 0.21]
Occ Predictions:
[1, 1, 1, 1, 1, 1, 1, 1, 1, 1, 1, 1, 1, 1, 1, 1, 1]
Setpoints:
[[62, 85], [62, 85], [62, 85], [62, 85], [62, 85], [62, 85], [62, 85], [62, 85], [62, 85], [62, 85], [62, 85], [62, 85], [62, 85], [62, 85], [62, 85], [62, 85], [62, 85]]
Time needed to calculate the shortest path:
74.9993779659


2018-07-10 11:34:19
MPC Actions: ['0', '0', '0', '0', '0', '0', '0', '0', '0', '0', '0', '0', '0', '0', '0', '0']
Temperatures following the MPC path:
[72.1, 72.0, 71.9, 71.8, 71.75, 71.7, 71.65, 71.60000000000001, 71.55, 71.5, 71.45, 71.4, 71.35000000000001, 71.3, 71.25, 71.2, 71.15]
Safety Constraints:
[[54, 86], [54, 86], [54, 86], [54, 86], [54, 86], [54, 86], [54, 86], [54, 86], [54, 86], [54, 86], [54, 86], [54, 86], [54, 86], [54, 86], [54, 86], [54, 86], [54, 86]]
Prices:
[0.21, 0.21, 0.21, 0.21, 0.21, 0.21, 0.21, 0.21, 0.21, 0.21, 0.21, 0.21, 0.21, 0.21, 0.21, 0.21, 0.24]
Occ Predictions:
[1, 1, 1, 1, 1, 1, 1, 1, 1, 1, 1, 1, 1, 1, 1, 1, 1]
Setpoints:
[[62, 85], [62, 85], [62, 85], [62, 85], [62, 85], [62, 85], [62, 85], [62, 85], [62, 85], [62, 85], [62, 85], [62, 85], [62, 85], [62, 85], [62, 85], [62, 85], [62, 85]]
Time needed to calculate the shortest path:
80.7286911011


2018-07-10 11:49:19
MPC Actions: ['0', '0', '0', '0', '0', '0', '0', '0', '0', '0', '0', '0', '0', '0', '0', '0']
Temperatures following the MPC path:
[71.9, 71.85000000000001, 71.8, 71.75, 71.7, 71.65, 71.60000000000001, 71.55, 71.5, 71.45, 71.4, 71.35000000000001, 71.3, 71.25, 71.2, 71.15, 71.15]
Safety Constraints:
[[54, 86], [54, 86], [54, 86], [54, 86], [54, 86], [54, 86], [54, 86], [54, 86], [54, 86], [54, 86], [54, 86], [54, 86], [54, 86], [54, 86], [54, 86], [54, 86], [54, 86]]
Prices:
[0.21, 0.21, 0.21, 0.21, 0.21, 0.21, 0.21, 0.21, 0.21, 0.21, 0.21, 0.21, 0.21, 0.21, 0.21, 0.24, 0.24]
Occ Predictions:
[1, 1, 1, 1, 1, 1, 1, 1, 1, 1, 1, 1, 1, 1, 1, 1, 1]
Setpoints:
[[62, 85], [62, 85], [62, 85], [62, 85], [62, 85], [62, 85], [62, 85], [62, 85], [62, 85], [62, 85], [62, 85], [62, 85], [62, 85], [62, 85], [62, 85], [62, 85], [62, 85]]
Time needed to calculate the shortest path:
92.6343708038


2018-07-10 12:04:19
MPC Actions: ['0', '0', '0', '0', '0', '0', '0', '0', '0', '0', '0', '0', '0', '0', '0', '0']
Temperatures following the MPC path:
[71.8, 71.7, 71.60000000000001, 71.5, 71.4, 71.3, 71.25, 71.2, 71.15, 71.10000000000001, 71.05, 71.0, 70.95, 70.9, 70.85000000000001, 70.8, 70.75]
Safety Constraints:
[[54, 86], [54, 86], [54, 86], [54, 86], [54, 86], [54, 86], [54, 86], [54, 86], [54, 86], [54, 86], [54, 86], [54, 86], [54, 86], [54, 86], [54, 86], [54, 86], [54, 86]]
Prices:
[0.21, 0.21, 0.21, 0.21, 0.21, 0.21, 0.21, 0.21, 0.21, 0.21, 0.21, 0.21, 0.21, 0.21, 0.24, 0.24, 0.24]
Occ Predictions:
[1, 1, 1, 1, 1, 1, 1, 1, 1, 1, 1, 1, 1, 1, 1, 1, 1]
Setpoints:
[[62, 85], [62, 85], [62, 85], [62, 85], [62, 85], [62, 85], [62, 85], [62, 85], [62, 85], [62, 85], [62, 85], [62, 85], [62, 85], [62, 85], [62, 85], [62, 85], [62, 85]]
Time needed to calculate the shortest path:
73.2942140102


2018-07-10 12:19:19
MPC Actions: ['0', '0', '0', '0', '0', '0', '0', '0', '0', '0', '0', '0', '0', '0', '0', '0']
Temperatures following the MPC path:
[71.8, 71.7, 71.60000000000001, 71.5, 71.4, 71.3, 71.25, 71.2, 71.15, 71.10000000000001, 71.05, 71.0, 70.95, 70.9, 70.85000000000001, 70.8, 70.75]
Safety Constraints:
[[54, 86], [54, 86], [54, 86], [54, 86], [54, 86], [54, 86], [54, 86], [54, 86], [54, 86], [54, 86], [54, 86], [54, 86], [54, 86], [54, 86], [54, 86], [54, 86], [54, 86]]
Prices:
[0.21, 0.21, 0.21, 0.21, 0.21, 0.21, 0.21, 0.21, 0.21, 0.21, 0.21, 0.21, 0.21, 0.24, 0.24, 0.24, 0.24]
Occ Predictions:
[1, 1, 1, 1, 1, 1, 1, 1, 1, 1, 1, 1, 1, 1, 1, 1, 1]
Setpoints:
[[62, 85], [62, 85], [62, 85], [62, 85], [62, 85], [62, 85], [62, 85], [62, 85], [62, 85], [62, 85], [62, 85], [62, 85], [62, 85], [62, 85], [62, 85], [62, 85], [62, 85]]
Time needed to calculate the shortest path:
72.5116209984


2018-07-10 12:34:19
MPC Actions: ['0', '0', '0', '0', '0', '0', '0', '0', '0', '0', '0', '0', '0', '0', '0', '0']
Temperatures following the MPC path:
[71.8, 71.7, 71.60000000000001, 71.5, 71.4, 71.3, 71.25, 71.2, 71.15, 71.10000000000001, 71.05, 71.0, 70.95, 70.9, 70.85000000000001, 70.8, 70.75]
Safety Constraints:
[[54, 86], [54, 86], [54, 86], [54, 86], [54, 86], [54, 86], [54, 86], [54, 86], [54, 86], [54, 86], [54, 86], [54, 86], [54, 86], [54, 86], [54, 86], [54, 86], [54, 86]]
Prices:
[0.21, 0.21, 0.21, 0.21, 0.21, 0.21, 0.21, 0.21, 0.21, 0.21, 0.21, 0.21, 0.24, 0.24, 0.24, 0.24, 0.24]
Occ Predictions:
[1, 1, 1, 1, 1, 1, 1, 1, 1, 1, 1, 1, 1, 1, 1, 1, 1]
Setpoints:
[[62, 85], [62, 85], [62, 85], [62, 85], [62, 85], [62, 85], [62, 85], [62, 85], [62, 85], [62, 85], [62, 85], [62, 85], [62, 85], [62, 85], [62, 85], [62, 85], [62, 85]]
Time needed to calculate the shortest path:
64.7850370407


2018-07-10 12:49:19
MPC Actions: ['0', '0', '0', '0', '0', '0', '0', '0', '0', '0', '0', '0', '0', '0', '0', '0']
Temperatures following the MPC path:
[71.7, 71.60000000000001, 71.5, 71.4, 71.3, 71.25, 71.2, 71.15, 71.10000000000001, 71.05, 71.0, 70.95, 70.9, 70.85000000000001, 70.8, 70.75, 70.7]
Safety Constraints:
[[54, 86], [54, 86], [54, 86], [54, 86], [54, 86], [54, 86], [54, 86], [54, 86], [54, 86], [54, 86], [54, 86], [54, 86], [54, 86], [54, 86], [54, 86], [54, 86], [54, 86]]
Prices:
[0.21, 0.21, 0.21, 0.21, 0.21, 0.21, 0.21, 0.21, 0.21, 0.21, 0.21, 0.24, 0.24, 0.24, 0.24, 0.24, 0.24]
Occ Predictions:
[1, 1, 1, 1, 1, 1, 1, 1, 1, 1, 1, 1, 1, 1, 1, 1, 1]
Setpoints:
[[62, 85], [62, 85], [62, 85], [62, 85], [62, 85], [62, 85], [62, 85], [62, 85], [62, 85], [62, 85], [62, 85], [62, 85], [62, 85], [62, 85], [62, 85], [62, 85], [62, 85]]
Time needed to calculate the shortest path:
59.225383997


2018-07-10 13:04:19
MPC Actions: ['0', '0', '0', '0', '0', '0', '0', '0', '0', '0', '0', '0', '0', '0', '0', '0']
Temperatures following the MPC path:
[71.6, 71.55, 71.5, 71.45, 71.4, 71.35000000000001, 71.3, 71.25, 71.2, 71.15, 71.10000000000001, 71.05, 71.0, 70.95, 70.95, 70.95, 70.95]
Safety Constraints:
[[54, 86], [54, 86], [54, 86], [54, 86], [54, 86], [54, 86], [54, 86], [54, 86], [54, 86], [54, 86], [54, 86], [54, 86], [54, 86], [54, 86], [54, 86], [54, 86], [54, 86]]
Prices:
[0.21, 0.21, 0.21, 0.21, 0.21, 0.21, 0.21, 0.21, 0.21, 0.21, 0.24, 0.24, 0.24, 0.24, 0.24, 0.24, 0.24]
Occ Predictions:
[1, 1, 1, 1, 1, 1, 1, 1, 1, 1, 1, 1, 1, 1, 1, 1, 1]
Setpoints:
[[62, 85], [62, 85], [62, 85], [62, 85], [62, 85], [62, 85], [62, 85], [62, 85], [62, 85], [62, 85], [62, 85], [62, 85], [62, 85], [62, 85], [62, 85], [62, 85], [62, 85]]
Time needed to calculate the shortest path:
66.9455800056


2018-07-10 13:19:19
MPC Actions: ['0', '0', '0', '0', '0', '0', '0', '0', '0', '0', '0', '0', '0', '0', '0', '0']
Temperatures following the MPC path:
[71.6, 71.5, 71.4, 71.3, 71.2, 71.10000000000001, 71.0, 70.95, 70.9, 70.85000000000001, 70.8, 70.75, 70.7, 70.65, 70.60000000000001, 70.55, 70.5]
Safety Constraints:
[[54, 86], [54, 86], [54, 86], [54, 86], [54, 86], [54, 86], [54, 86], [54, 86], [54, 86], [54, 86], [54, 86], [54, 86], [54, 86], [54, 86], [54, 86], [54, 86], [54, 86]]
Prices:
[0.21, 0.21, 0.21, 0.21, 0.21, 0.21, 0.21, 0.21, 0.21, 0.24, 0.24, 0.24, 0.24, 0.24, 0.24, 0.24, 0.24]
Occ Predictions:
[1, 1, 1, 1, 1, 1, 1, 1, 1, 1, 1, 1, 1, 1, 1, 1, 1]
Setpoints:
[[62, 85], [62, 85], [62, 85], [62, 85], [62, 85], [62, 85], [62, 85], [62, 85], [62, 85], [62, 85], [62, 85], [62, 85], [62, 85], [62, 85], [62, 85], [62, 85], [62, 85]]
Time needed to calculate the shortest path:
64.6330010891


2018-07-10 13:34:19
MPC Actions: ['0', '0', '0', '0', '0', '0', '0', '0', '0', '0', '0', '0', '0', '0', '0', '0']
Temperatures following the MPC path:
[71.5, 71.4, 71.35000000000001, 71.3, 71.25, 71.2, 71.15, 71.10000000000001, 71.05, 71.0, 70.95, 70.9, 70.85000000000001, 70.8, 70.75, 70.7, 70.65]
Safety Constraints:
[[54, 86], [54, 86], [54, 86], [54, 86], [54, 86], [54, 86], [54, 86], [54, 86], [54, 86], [54, 86], [54, 86], [54, 86], [54, 86], [54, 86], [54, 86], [54, 86], [54, 86]]
Prices:
[0.21, 0.21, 0.21, 0.21, 0.21, 0.21, 0.21, 0.21, 0.24, 0.24, 0.24, 0.24, 0.24, 0.24, 0.24, 0.24, 0.24]
Occ Predictions:
[1, 1, 1, 1, 1, 1, 1, 1, 1, 1, 1, 1, 1, 1, 1, 1, 1]
Setpoints:
[[62, 85], [62, 85], [62, 85], [62, 85], [62, 85], [62, 85], [62, 85], [62, 85], [62, 85], [62, 85], [62, 85], [62, 85], [62, 85], [62, 85], [62, 85], [62, 85], [68, 74]]
Time needed to calculate the shortest path:
68.998611927


2018-07-10 13:49:19
MPC Actions: ['0', '0', '0', '0', '0', '0', '0', '0', '0', '0', '0', '0', '0', '0', '0', '0']
Temperatures following the MPC path:
[71.4, 71.35000000000001, 71.3, 71.25, 71.2, 71.15, 71.10000000000001, 71.05, 71.0, 70.95, 70.9, 70.9, 70.9, 70.9, 70.85000000000001, 70.85000000000001, 70.85000000000001]
Safety Constraints:
[[54, 86], [54, 86], [54, 86], [54, 86], [54, 86], [54, 86], [54, 86], [54, 86], [54, 86], [54, 86], [54, 86], [54, 86], [54, 86], [54, 86], [54, 86], [54, 86], [54, 86]]
Prices:
[0.21, 0.21, 0.21, 0.21, 0.21, 0.21, 0.21, 0.24, 0.24, 0.24, 0.24, 0.24, 0.24, 0.24, 0.24, 0.24, 0.24]
Occ Predictions:
[1, 1, 1, 1, 1, 1, 1, 1, 1, 1, 1, 1, 1, 1, 1, 1, 1]
Setpoints:
[[62, 85], [62, 85], [62, 85], [62, 85], [62, 85], [62, 85], [62, 85], [62, 85], [62, 85], [62, 85], [62, 85], [62, 85], [62, 85], [62, 85], [62, 85], [68, 74], [68, 74]]
Time needed to calculate the shortest path:
68.8777449131


2018-07-10 14:04:19
MPC Actions: ['0', '0', '0', '0', '0', '0', '0', '0', '0', '0', '0', '0', '0', '0', '0', '0']
Temperatures following the MPC path:
[71.4, 71.35000000000001, 71.3, 71.25, 71.2, 71.15, 71.10000000000001, 71.05, 71.0, 70.95, 70.9, 70.85000000000001, 70.8, 70.75, 70.7, 70.65, 70.60000000000001]
Safety Constraints:
[[54, 86], [54, 86], [54, 86], [54, 86], [54, 86], [54, 86], [54, 86], [54, 86], [54, 86], [54, 86], [54, 86], [54, 86], [54, 86], [54, 86], [54, 86], [54, 86], [54, 86]]
Prices:
[0.21, 0.21, 0.21, 0.21, 0.21, 0.21, 0.24, 0.24, 0.24, 0.24, 0.24, 0.24, 0.24, 0.24, 0.24, 0.24, 0.24]
Occ Predictions:
[1, 1, 1, 1, 1, 1, 1, 1, 1, 1, 1, 1, 1, 1, 1, 1, 1]
Setpoints:
[[62, 85], [62, 85], [62, 85], [62, 85], [62, 85], [62, 85], [62, 85], [62, 85], [62, 85], [62, 85], [62, 85], [62, 85], [62, 85], [62, 85], [68, 74], [68, 74], [68, 74]]
Time needed to calculate the shortest path:
69.6166799068


2018-07-10 14:19:19
MPC Actions: ['0', '0', '0', '0', '0', '0', '0', '0', '0', '0', '0', '0', '0', '0', '0', '0']
Temperatures following the MPC path:
[71.3, 71.25, 71.2, 71.15, 71.10000000000001, 71.05, 71.0, 70.95, 70.9, 70.85000000000001, 70.8, 70.75, 70.7, 70.7, 70.7, 70.7, 70.7]
Safety Constraints:
[[54, 86], [54, 86], [54, 86], [54, 86], [54, 86], [54, 86], [54, 86], [54, 86], [54, 86], [54, 86], [54, 86], [54, 86], [54, 86], [54, 86], [54, 86], [54, 86], [54, 86]]
Prices:
[0.21, 0.21, 0.21, 0.21, 0.21, 0.24, 0.24, 0.24, 0.24, 0.24, 0.24, 0.24, 0.24, 0.24, 0.24, 0.24, 0.24]
Occ Predictions:
[1, 1, 1, 1, 1, 1, 1, 1, 1, 1, 1, 1, 1, 1, 1, 1, 1]
Setpoints:
[[62, 85], [62, 85], [62, 85], [62, 85], [62, 85], [62, 85], [62, 85], [62, 85], [62, 85], [62, 85], [62, 85], [62, 85], [62, 85], [68, 74], [68, 74], [68, 74], [68, 74]]
Time needed to calculate the shortest path:
61.432297945


2018-07-10 14:34:19
MPC Actions: ['0', '0', '0', '0', '0', '0', '0', '0', '0', '0', '0', '0', '0', '0', '0', '0']
Temperatures following the MPC path:
[71.3, 71.25, 71.2, 71.15, 71.10000000000001, 71.05, 71.0, 70.95, 70.9, 70.85000000000001, 70.85000000000001, 70.8, 70.8, 70.8, 70.8, 70.75, 70.75]
Safety Constraints:
[[54, 86], [54, 86], [54, 86], [54, 86], [54, 86], [54, 86], [54, 86], [54, 86], [54, 86], [54, 86], [54, 86], [54, 86], [54, 86], [54, 86], [54, 86], [54, 86], [54, 86]]
Prices:
[0.21, 0.21, 0.21, 0.21, 0.24, 0.24, 0.24, 0.24, 0.24, 0.24, 0.24, 0.24, 0.24, 0.24, 0.24, 0.24, 0.24]
Occ Predictions:
[1, 1, 1, 1, 1, 1, 1, 1, 1, 1, 1, 1, 1, 1, 1, 1, 1]
Setpoints:
[[62, 85], [62, 85], [62, 85], [62, 85], [62, 85], [62, 85], [62, 85], [62, 85], [62, 85], [62, 85], [62, 85], [62, 85], [68, 74], [68, 74], [68, 74], [68, 74], [68, 74]]
Time needed to calculate the shortest path:
66.3012399673


2018-07-10 14:49:19
MPC Actions: ['0', '0', '0', '0', '0', '0', '0', '0', '0', '0', '0', '0', '0', '0', '0', '0']
Temperatures following the MPC path:
[71.2, 71.15, 71.10000000000001, 71.05, 71.0, 70.95, 70.9, 70.85000000000001, 70.85000000000001, 70.85000000000001, 70.85000000000001, 70.85000000000001, 70.85000000000001, 70.85000000000001, 70.8, 70.8, 70.8]
Safety Constraints:
[[54, 86], [54, 86], [54, 86], [54, 86], [54, 86], [54, 86], [54, 86], [54, 86], [54, 86], [54, 86], [54, 86], [54, 86], [54, 86], [54, 86], [54, 86], [54, 86], [54, 86]]
Prices:
[0.21, 0.21, 0.21, 0.24, 0.24, 0.24, 0.24, 0.24, 0.24, 0.24, 0.24, 0.24, 0.24, 0.24, 0.24, 0.24, 0.24]
Occ Predictions:
[1, 1, 1, 1, 1, 1, 1, 1, 1, 1, 1, 1, 1, 1, 1, 1, 1]
Setpoints:
[[62, 85], [62, 85], [62, 85], [62, 85], [62, 85], [62, 85], [62, 85], [62, 85], [62, 85], [62, 85], [62, 85], [68, 74], [68, 74], [68, 74], [68, 74], [68, 74], [68, 74]]
Time needed to calculate the shortest path:
69.7335679531


2018-07-10 15:04:19
MPC Actions: ['0', '0', '0', '0', '0', '0', '0', '0', '0', '0', '0', '0', '0', '0', '0', '0']
Temperatures following the MPC path:
[71.2, 71.2, 71.2, 71.2, 71.2, 71.2, 71.2, 71.2, 71.2, 71.2, 71.2, 71.2, 71.2, 71.15, 71.15, 71.15, 71.15]
Safety Constraints:
[[54, 86], [54, 86], [54, 86], [54, 86], [54, 86], [54, 86], [54, 86], [54, 86], [54, 86], [54, 86], [54, 86], [54, 86], [54, 86], [54, 86], [54, 86], [54, 86], [54, 86]]
Prices:
[0.21, 0.21, 0.24, 0.24, 0.24, 0.24, 0.24, 0.24, 0.24, 0.24, 0.24, 0.24, 0.24, 0.24, 0.24, 0.24, 0.26]
Occ Predictions:
[1, 1, 1, 1, 1, 1, 1, 1, 1, 1, 1, 1, 1, 1, 1, 1, 1]
Setpoints:
[[62, 85], [62, 85], [62, 85], [62, 85], [62, 85], [62, 85], [62, 85], [62, 85], [62, 85], [62, 85], [68, 74], [68, 74], [68, 74], [68, 74], [68, 74], [68, 74], [68, 74]]
Time needed to calculate the shortest path:
65.0633130074


2018-07-10 15:19:19
MPC Actions: ['0', '0', '0', '0', '0', '0', '0', '0', '0', '0', '0', '0', '0', '0', '0', '0']
Temperatures following the MPC path:
[71.2, 71.2, 71.2, 71.2, 71.2, 71.2, 71.2, 71.2, 71.2, 71.2, 71.2, 71.2, 71.2, 71.2, 71.2, 71.2, 71.2]
Safety Constraints:
[[54, 86], [54, 86], [54, 86], [54, 86], [54, 86], [54, 86], [54, 86], [54, 86], [54, 86], [54, 86], [54, 86], [54, 86], [54, 86], [54, 86], [54, 86], [54, 86], [54, 86]]
Prices:
[0.21, 0.24, 0.24, 0.24, 0.24, 0.24, 0.24, 0.24, 0.24, 0.24, 0.24, 0.24, 0.24, 0.24, 0.24, 0.26, 0.26]
Occ Predictions:
[1, 1, 1, 1, 1, 1, 1, 1, 1, 1, 1, 1, 1, 1, 1, 1, 1]
Setpoints:
[[62, 85], [62, 85], [62, 85], [62, 85], [62, 85], [62, 85], [62, 85], [62, 85], [62, 85], [68, 74], [68, 74], [68, 74], [68, 74], [68, 74], [68, 74], [68, 74], [68, 74]]
Time needed to calculate the shortest path:
65.8442180157


2018-07-10 15:34:19
MPC Actions: ['0', '0', '0', '0', '0', '0', '0', '0', '0', '0', '0', '0', '0', '0', '0', '0']
Temperatures following the MPC path:
[71.0, 70.95, 70.9, 70.85000000000001, 70.8, 70.75, 70.7, 70.65, 70.65, 70.65, 70.65, 70.60000000000001, 70.60000000000001, 70.60000000000001, 70.60000000000001, 70.55, 70.55]
Safety Constraints:
[[54, 86], [54, 86], [54, 86], [54, 86], [54, 86], [54, 86], [54, 86], [54, 86], [54, 86], [54, 86], [54, 86], [54, 86], [54, 86], [54, 86], [54, 86], [54, 86], [54, 86]]
Prices:
[0.24, 0.24, 0.24, 0.24, 0.24, 0.24, 0.24, 0.24, 0.24, 0.24, 0.24, 0.24, 0.24, 0.24, 0.26, 0.26, 0.26]
Occ Predictions:
[1, 1, 1, 1, 1, 1, 1, 1, 1, 1, 1, 1, 1, 1, 1, 1, 1]
Setpoints:
[[62, 85], [62, 85], [62, 85], [62, 85], [62, 85], [62, 85], [62, 85], [62, 85], [68, 74], [68, 74], [68, 74], [68, 74], [68, 74], [68, 74], [68, 74], [68, 74], [68, 74]]
Time needed to calculate the shortest path:
65.3233919144


2018-07-10 15:49:19
MPC Actions: ['0', '0', '0', '0', '0', '0', '0', '0', '0', '0', '0', '0', '0', '0', '0', '0']
Temperatures following the MPC path:
[71.0, 71.0, 71.0, 71.0, 71.0, 71.0, 71.0, 71.0, 71.0, 71.0, 71.0, 71.0, 71.0, 71.0, 71.0, 71.0, 71.0]
Safety Constraints:
[[54, 86], [54, 86], [54, 86], [54, 86], [54, 86], [54, 86], [54, 86], [54, 86], [54, 86], [54, 86], [54, 86], [54, 86], [54, 86], [54, 86], [54, 86], [54, 86], [54, 86]]
Prices:
[0.24, 0.24, 0.24, 0.24, 0.24, 0.24, 0.24, 0.24, 0.24, 0.24, 0.24, 0.24, 0.24, 0.26, 0.26, 0.26, 0.26]
Occ Predictions:
[1, 1, 1, 1, 1, 1, 1, 1, 1, 1, 1, 1, 1, 1, 1, 1, 1]
Setpoints:
[[62, 85], [62, 85], [62, 85], [62, 85], [62, 85], [62, 85], [62, 85], [68, 74], [68, 74], [68, 74], [68, 74], [68, 74], [68, 74], [68, 74], [68, 74], [68, 74], [68, 74]]
Time needed to calculate the shortest path:
66.3376231194


2018-07-10 16:04:19
MPC Actions: ['0', '0', '0', '0', '0', '0', '0', '0', '0', '0', '0', '0', '0', '0', '0', '0']
Temperatures following the MPC path:
[71.3, 71.25, 71.2, 71.15, 71.10000000000001, 71.05, 71.0, 70.95, 70.9, 70.85000000000001, 70.8, 70.75, 70.7, 70.7, 70.7, 70.7, 70.7]
Safety Constraints:
[[54, 86], [54, 86], [54, 86], [54, 86], [54, 86], [54, 86], [54, 86], [54, 86], [54, 86], [54, 86], [54, 86], [54, 86], [54, 86], [54, 86], [54, 86], [54, 86], [54, 86]]
Prices:
[0.24, 0.24, 0.24, 0.24, 0.24, 0.24, 0.24, 0.24, 0.24, 0.24, 0.24, 0.24, 0.26, 0.26, 0.26, 0.26, 0.26]
Occ Predictions:
[1, 1, 1, 1, 1, 1, 1, 1, 1, 1, 1, 1, 1, 1, 1, 1, 1]
Setpoints:
[[62, 85], [62, 85], [62, 85], [62, 85], [62, 85], [62, 85], [68, 74], [68, 74], [68, 74], [68, 74], [68, 74], [68, 74], [68, 74], [68, 74], [68, 74], [68, 74], [68, 74]]
Time needed to calculate the shortest path:
56.5797860622


2018-07-10 16:19:19
MPC Actions: ['0', '0', '0', '0', '0', '0', '0', '0', '0', '0', '0', '0', '0', '0', '0', '0']
Temperatures following the MPC path:
[71.7, 71.60000000000001, 71.5, 71.4, 71.3, 71.2, 71.15, 71.10000000000001, 71.05, 71.0, 70.95, 70.9, 70.85000000000001, 70.8, 70.75, 70.7, 70.65]
Safety Constraints:
[[54, 86], [54, 86], [54, 86], [54, 86], [54, 86], [54, 86], [54, 86], [54, 86], [54, 86], [54, 86], [54, 86], [54, 86], [54, 86], [54, 86], [54, 86], [54, 86], [54, 86]]
Prices:
[0.24, 0.24, 0.24, 0.24, 0.24, 0.24, 0.24, 0.24, 0.24, 0.24, 0.24, 0.26, 0.26, 0.26, 0.26, 0.26, 0.26]
Occ Predictions:
[1, 1, 1, 1, 1, 1, 1, 1, 1, 1, 1, 1, 1, 1, 1, 1, 1]
Setpoints:
[[62, 85], [62, 85], [62, 85], [62, 85], [62, 85], [68, 74], [68, 74], [68, 74], [68, 74], [68, 74], [68, 74], [68, 74], [68, 74], [68, 74], [68, 74], [68, 74], [68, 74]]
Time needed to calculate the shortest path:
54.8754091263


2018-07-10 16:34:19
MPC Actions: ['0', '0', '0', '0', '0', '0', '0', '0', '0', '0', '0', '0', '0', '0', '0', '0']
Temperatures following the MPC path:
[72.1, 72.10000000000001, 72.10000000000001, 72.05, 72.05, 72.05, 72.05, 72.0, 72.0, 72.0, 72.0, 72.0, 72.0, 72.0, 72.0, 71.95, 71.95]
Safety Constraints:
[[54, 86], [54, 86], [54, 86], [54, 86], [54, 86], [54, 86], [54, 86], [54, 86], [54, 86], [54, 86], [54, 86], [54, 86], [54, 86], [54, 86], [54, 86], [54, 86], [54, 86]]
Prices:
[0.24, 0.24, 0.24, 0.24, 0.24, 0.24, 0.24, 0.24, 0.24, 0.24, 0.26, 0.26, 0.26, 0.26, 0.26, 0.26, 0.26]
Occ Predictions:
[1, 1, 1, 1, 1, 1, 1, 1, 1, 1, 1, 1, 1, 1, 1, 1, 1]
Setpoints:
[[62, 85], [62, 85], [62, 85], [62, 85], [68, 74], [68, 74], [68, 74], [68, 74], [68, 74], [68, 74], [68, 74], [68, 74], [68, 74], [68, 74], [68, 74], [68, 74], [68, 74]]
Time needed to calculate the shortest path:
38.1093080044


2018-07-10 16:49:19
MPC Actions: ['0', '0', '0', '0', '0', '0', '0', '0', '0', '0', '0', '0', '0', '0', '0', '0']
Temperatures following the MPC path:
[72.4, 72.3, 72.2, 72.15, 72.10000000000001, 72.05, 72.0, 71.95, 71.9, 71.85000000000001, 71.8, 71.75, 71.7, 71.65, 71.60000000000001, 71.55, 71.5]
Safety Constraints:
[[54, 86], [54, 86], [54, 86], [54, 86], [54, 86], [54, 86], [54, 86], [54, 86], [54, 86], [54, 86], [54, 86], [54, 86], [54, 86], [54, 86], [54, 86], [54, 86], [54, 86]]
Prices:
[0.24, 0.24, 0.24, 0.24, 0.24, 0.24, 0.24, 0.24, 0.24, 0.26, 0.26, 0.26, 0.26, 0.26, 0.26, 0.26, 0.26]
Occ Predictions:
[1, 1, 1, 1, 1, 1, 1, 1, 1, 1, 1, 1, 1, 1, 1, 1, 1]
Setpoints:
[[62, 85], [62, 85], [62, 85], [68, 74], [68, 74], [68, 74], [68, 74], [68, 74], [68, 74], [68, 74], [68, 74], [68, 74], [68, 74], [68, 74], [68, 74], [68, 74], [68, 74]]
Time needed to calculate the shortest path:
39.5941779613


2018-07-10 17:04:19
MPC Actions: ['0', '0', '0', '0', '0', '0', '0', '0', '0', '0', '0', '0', '0', '0', '0', '0']
Temperatures following the MPC path:
[72.7, 72.65, 72.60000000000001, 72.55, 72.5, 72.45, 72.4, 72.35000000000001, 72.3, 72.25, 72.2, 72.2, 72.2, 72.15, 72.15, 72.15, 72.15]
Safety Constraints:
[[54, 86], [54, 86], [54, 86], [54, 86], [54, 86], [54, 86], [54, 86], [54, 86], [54, 86], [54, 86], [54, 86], [54, 86], [54, 86], [54, 86], [54, 86], [54, 86], [54, 86]]
Prices:
[0.24, 0.24, 0.24, 0.24, 0.24, 0.24, 0.24, 0.24, 0.26, 0.26, 0.26, 0.26, 0.26, 0.26, 0.26, 0.26, 0.9, 0.9, 0.9, 0.9, 0.9]
Occ Predictions:
[1, 1, 1, 1, 1, 1, 1, 1, 1, 1, 1, 1, 1, 1, 1, 1, 1]
Setpoints:
[[62, 85], [62, 85], [68, 74], [68, 74], [68, 74], [68, 74], [68, 74], [68, 74], [68, 74], [68, 74], [68, 74], [68, 74], [68, 74], [68, 74], [68, 74], [68, 74], [68, 74]]
Time needed to calculate the shortest path:
32.8809230328


2018-07-10 17:19:19
MPC Actions: ['0', '0', '0', '0', '0', '0', '0', '0', '0', '0', '0', '0', '0', '0', '0', '0']
Temperatures following the MPC path:
[72.8, 72.75, 72.7, 72.65, 72.60000000000001, 72.55, 72.5, 72.45, 72.4, 72.35000000000001, 72.3, 72.25, 72.2, 72.2, 72.2, 72.2, 72.2]
Safety Constraints:
[[54, 86], [54, 86], [54, 86], [54, 86], [54, 86], [54, 86], [54, 86], [54, 86], [54, 86], [54, 86], [54, 86], [54, 86], [54, 86], [54, 86], [54, 86], [54, 86], [54, 86]]
Prices:
[0.24, 0.24, 0.24, 0.24, 0.24, 0.24, 0.24, 0.26, 0.26, 0.26, 0.26, 0.26, 0.26, 0.26, 0.26, 0.9, 0.9, 0.9, 0.9, 0.9, 0.9, 0.9, 0.9, 0.9, 0.9]
Occ Predictions:
[1, 1, 1, 1, 1, 1, 1, 1, 1, 1, 1, 1, 1, 1, 1, 1, 1]
Setpoints:
[[62, 85], [68, 74], [68, 74], [68, 74], [68, 74], [68, 74], [68, 74], [68, 74], [68, 74], [68, 74], [68, 74], [68, 74], [68, 74], [68, 74], [68, 74], [68, 74], [68, 74]]
Time needed to calculate the shortest path:
24.8213541508


2018-07-10 17:34:19
MPC Actions: ['0', '0', '0', '0', '0', '0', '0', '0', '0', '0', '0', '0', '0', '0', '0', '0']
Temperatures following the MPC path:
[73.2, 73.10000000000001, 73.0, 72.95, 72.9, 72.85000000000001, 72.8, 72.75, 72.7, 72.65, 72.60000000000001, 72.55, 72.5, 72.45, 72.4, 72.35000000000001, 72.3]
Safety Constraints:
[[54, 86], [54, 86], [54, 86], [54, 86], [54, 86], [54, 86], [54, 86], [54, 86], [54, 86], [54, 86], [54, 86], [54, 86], [54, 86], [54, 86], [54, 86], [54, 86], [54, 86]]
Prices:
[0.24, 0.24, 0.24, 0.24, 0.24, 0.24, 0.26, 0.26, 0.26, 0.26, 0.26, 0.26, 0.26, 0.26, 0.9, 0.9, 0.9, 0.9, 0.9, 0.9, 0.9, 0.9, 0.9, 0.9, 0.9, 0.9, 0.9, 0.9, 0.9]
Occ Predictions:
[1, 1, 1, 1, 1, 1, 1, 1, 1, 1, 1, 1, 1, 1, 1, 1, 1]
Setpoints:
[[68, 74], [68, 74], [68, 74], [68, 74], [68, 74], [68, 74], [68, 74], [68, 74], [68, 74], [68, 74], [68, 74], [68, 74], [68, 74], [68, 74], [68, 74], [68, 74], [68, 74]]
Time needed to calculate the shortest path:
21.0342230797


2018-07-10 17:49:19
MPC Actions: ['0', '0', '0', '0', '0', '0', '0', '0', '0', '0', '0', '0', '0', '0', '0', '0']
Temperatures following the MPC path:
[73.4, 73.4, 73.4, 73.4, 73.4, 73.4, 73.4, 73.4, 73.4, 73.4, 73.4, 73.4, 73.4, 73.4, 73.4, 73.4, 73.4]
Safety Constraints:
[[54, 86], [54, 86], [54, 86], [54, 86], [54, 86], [54, 86], [54, 86], [54, 86], [54, 86], [54, 86], [54, 86], [54, 86], [54, 86], [54, 86], [54, 86], [54, 86], [54, 86]]
Prices:
[0.24, 0.24, 0.24, 0.24, 0.24, 0.26, 0.26, 0.26, 0.26, 0.26, 0.26, 0.26, 0.26, 0.9, 0.9, 0.9, 0.9, 0.9, 0.9, 0.9, 0.9, 0.9, 0.9, 0.9, 0.9, 0.9, 0.9, 0.9, 0.9, 0.9, 0.9, 0.9, 0.9]
Occ Predictions:
[1, 1, 1, 1, 1, 1, 1, 1, 1, 1, 1, 1, 1, 1, 1, 1, 1]
Setpoints:
[[68, 74], [68, 74], [68, 74], [68, 74], [68, 74], [68, 74], [68, 74], [68, 74], [68, 74], [68, 74], [68, 74], [68, 74], [68, 74], [68, 74], [68, 74], [68, 74], [68, 74]]
Time needed to calculate the shortest path:
23.2883660793


2018-07-10 18:04:19
MPC Actions: ['0', '0', '0', '0', '0', '0', '0', '0', '0', '0', '0', '0', '0', '0', '0', '0']
Temperatures following the MPC path:
[73.7, 73.7, 73.7, 73.7, 73.7, 73.7, 73.7, 73.7, 73.7, 73.65, 73.65, 73.65, 73.65, 73.65, 73.65, 73.65, 73.65]
Safety Constraints:
[[54, 86], [54, 86], [54, 86], [54, 86], [54, 86], [54, 86], [54, 86], [54, 86], [54, 86], [54, 86], [54, 86], [54, 86], [54, 86], [54, 86], [54, 86], [54, 86], [54, 86]]
Prices:
[0.24, 0.24, 0.24, 0.24, 0.26, 0.26, 0.26, 0.26, 0.26, 0.26, 0.26, 0.26, 0.9, 0.9, 0.9, 0.9, 0.9, 0.9, 0.9, 0.9, 0.9, 0.9, 0.9, 0.9, 0.9, 0.9, 0.9, 0.9, 0.9, 0.9, 0.9, 0.9, 0.9, 0.9, 0.9, 0.9, 0.9]
Occ Predictions:
[1, 1, 1, 1, 1, 1, 1, 1, 1, 1, 1, 1, 1, 1, 1, 1, 1]
Setpoints:
[[68, 74], [68, 74], [68, 74], [68, 74], [68, 74], [68, 74], [68, 74], [68, 74], [68, 74], [68, 74], [68, 74], [68, 74], [68, 74], [68, 74], [68, 74], [68, 74], [68, 74]]
Time needed to calculate the shortest path:
20.8822360039


2018-07-10 18:19:19
MPC Actions: ['1', '0', '0', '0', '0', '0', '0', '0', '0', '0', '0', '0', '0', '0', '0', '0']
Temperatures following the MPC path:
[74.1, 74.0, 73.95, 73.95, 73.95, 73.95, 73.95, 73.95, 73.9, 73.9, 73.9, 73.9, 73.9, 73.9, 73.9, 73.9, 73.9]
Safety Constraints:
[[54, 86], [54, 86], [54, 86], [54, 86], [54, 86], [54, 86], [54, 86], [54, 86], [54, 86], [54, 86], [54, 86], [54, 86], [54, 86], [54, 86], [54, 86], [54, 86], [54, 86]]
Prices:
[0.24, 0.24, 0.24, 0.26, 0.26, 0.26, 0.26, 0.26, 0.26, 0.26, 0.26, 0.9, 0.9, 0.9, 0.9, 0.9, 0.9, 0.9, 0.9, 0.9, 0.9, 0.9, 0.9, 0.9, 0.9, 0.9, 0.9, 0.9, 0.9, 0.9, 0.9, 0.9, 0.9, 0.9, 0.9, 0.9, 0.9, 0.9, 0.9, 0.9, 0.9]
Occ Predictions:
[1, 1, 1, 1, 1, 1, 1, 1, 1, 1, 1, 1, 1, 1, 1, 1, 1]
Setpoints:
[[68, 74], [68, 74], [68, 74], [68, 74], [68, 74], [68, 74], [68, 74], [68, 74], [68, 74], [68, 74], [68, 74], [68, 74], [68, 74], [68, 74], [68, 74], [68, 74], [68, 74]]
Time needed to calculate the shortest path:
19.0669710636
THERMOSTAT CHANGED MANUALY AT : 2018-07-10 18:34:18 UTC

2018-07-10 20:46:59
MPC Actions: ['1', '1', '1', '1', '1', '1', '1', '1', '1', '1', '0', '0', '0', '0', '0', '0']
Temperatures following the MPC path:
[74.9, 75.075, 75.25, 75.4, 75.525, 75.65, 75.75, 75.85000000000001, 75.925, 76.0, 76.05, 76.275, 76.47500000000001, 76.675, 76.85000000000001, 77.025, 77.17500000000001]
Safety Constraints:
[[54, 86], [54, 86], [54, 86], [54, 86], [54, 86], [54, 86], [54, 86], [54, 86], [54, 86], [54, 86], [54, 86], [54, 86], [54, 86], [54, 86], [54, 86], [54, 86], [54, 86]]
Prices:
[0.26, 0.9, 0.9, 0.9, 0.9, 0.9, 0.9, 0.9, 0.9, 0.9, 0.9, 0.9, 0.9, 0.9, 0.9, 0.9, 0.9, 0.9, 0.9, 0.9, 0.9, 0.9, 0.9, 0.9, 0.9, 0.9, 0.9, 0.9, 0.9, 0.9, 0.9, 0.9, 0.9, 0.9, 0.9, 0.9, 0.9, 0.9, 0.9, 0.9, 0.9, 0.9, 0.9, 0.9, 0.9, 0.9, 0.9, 0.9, 0.9, 0.9, 0.9, 0.9, 0.9, 0.9, 0.9, 0.9, 0.9, 0.9, 0.9, 0.9, 0.9, 0.9, 0.9, 0.9, 0.9, 0.9, 0.9, 0.9, 0.9, 0.9, 0.9, 0.9, 0.9, 0.9, 0.9, 0.9, 0.9, 0.9, 0.9, 0.9, 0.9]
Occ Predictions:
[1, 1, 1, 1, 1, 1, 1, 1, 1, 1, 1, 1, 1, 1, 1, 1, 1]
Setpoints:
[[68, 74], [68, 74], [68, 74], [68, 74], [68, 74], [68, 74], [68, 74], [68, 74], [68, 74], [68, 74], [68, 74], [62, 85], [62, 85], [62, 85], [62, 85], [62, 85], [62, 85]]
Time needed to calculate the shortest path:
97.5545091629
THERMOSTAT CHANGED MANUALY AT : 2018-07-10 21:01:58 UTC

2018-07-10 22:04:09
MPC Actions: ['2', '2', '2', '2', '0', '0', '0', '0', '0', '0', '0', '0', '0', '0', '0', '0']
Temperatures following the MPC path:
[73.9, 73.875, 73.85, 73.82499999999999, 73.79999999999998, 74.025, 74.22500000000001, 74.425, 74.60000000000001, 74.775, 74.925, 75.075, 75.2, 75.325, 75.45, 75.55, 75.65]
Safety Constraints:
[[54, 86], [54, 86], [54, 86], [54, 86], [54, 86], [54, 86], [54, 86], [54, 86], [54, 86], [54, 86], [54, 86], [54, 86], [54, 86], [54, 86], [54, 86], [54, 86], [54, 86]]
Prices:
[0.9, 0.9, 0.9, 0.9, 0.9, 0.9, 0.9, 0.9, 0.9, 0.9, 0.9, 0.9, 0.9, 0.9, 0.9, 0.9, 0.9, 0.9, 0.9, 0.9, 0.9, 0.9, 0.9, 0.9, 0.9, 0.9, 0.9, 0.9, 0.9, 0.9, 0.9, 0.9, 0.9, 0.9, 0.9, 0.9, 0.9, 0.9, 0.9, 0.9, 0.9, 0.9, 0.9, 0.9, 0.9, 0.9, 0.9, 0.9, 0.9, 0.9, 0.9, 0.9, 0.9, 0.9, 0.9, 0.9, 0.9, 0.9, 0.9, 0.9, 0.24, 0.24, 0.24, 0.24, 0.24]
Occ Predictions:
[1, 1, 1, 1, 1, 1, 1, 1, 1, 1, 1, 1, 1, 1, 1, 1, 1]
Setpoints:
[[68, 74], [68, 74], [68, 74], [68, 74], [68, 74], [68, 74], [62, 85], [62, 85], [62, 85], [62, 85], [62, 85], [62, 85], [62, 85], [62, 85], [62, 85], [62, 85], [62, 85]]
Time needed to calculate the shortest path:
288.143992186


2018-07-10 22:24:44
MPC Actions: ['1', '1', '1', '1', '0', '0', '0', '0', '0', '0', '0', '0', '0', '0', '0', '0']
Temperatures following the MPC path:
[73.9, 73.925, 73.95, 73.97500000000001, 74.00000000000001, 74.075, 74.15, 74.2, 74.25, 74.3, 74.35000000000001, 74.4, 74.45, 74.5, 74.55, 74.575, 74.625]
Safety Constraints:
[[54, 86], [54, 86], [54, 86], [54, 86], [54, 86], [54, 86], [54, 86], [54, 86], [54, 86], [54, 86], [54, 86], [54, 86], [54, 86], [54, 86], [54, 86], [54, 86], [54, 86]]
Prices:
[0.9, 0.9, 0.9, 0.9, 0.9, 0.9, 0.9, 0.9, 0.9, 0.9, 0.9, 0.9, 0.9, 0.9, 0.9, 0.9, 0.9, 0.9, 0.9, 0.9, 0.9, 0.9, 0.9, 0.9, 0.9, 0.9, 0.9, 0.9, 0.9, 0.9, 0.9, 0.9, 0.9, 0.9, 0.9, 0.9, 0.9, 0.9, 0.9, 0.9, 0.9, 0.9, 0.9, 0.9, 0.9, 0.9, 0.9, 0.9, 0.9, 0.9, 0.9, 0.9, 0.9, 0.9, 0.9, 0.24, 0.24, 0.24, 0.24, 0.24, 0.24]
Occ Predictions:
[1, 1, 1, 1, 1, 1, 1, 1, 1, 1, 1, 1, 1, 1, 1, 1, 1]
Setpoints:
[[68, 74], [68, 74], [68, 74], [68, 74], [68, 74], [62, 85], [62, 85], [62, 85], [62, 85], [62, 85], [62, 85], [62, 85], [62, 85], [62, 85], [62, 85], [62, 85], [62, 85]]
Time needed to calculate the shortest path:
213.141850948
THERMOSTAT CHANGED MANUALY AT : 2018-07-10 22:39:43 UTC