

2018-07-10 11:19:19
MPC Actions: ['0', '0', '0', '0', '0', '0', '0', '0', '0', '0', '0', '0', '0', '0', '0', '0']
Temperatures following the MPC path:
[73.5, 73.45, 73.45, 73.45, 73.4, 73.35000000000001, 73.3, 73.25, 73.2, 73.15, 73.10000000000001, 73.10000000000001, 73.10000000000001, 73.10000000000001, 73.10000000000001, 73.10000000000001, 73.10000000000001]
Safety Constraints:
[[54, 86], [54, 86], [54, 86], [54, 86], [54, 86], [54, 86], [54, 86], [54, 86], [54, 86], [54, 86], [54, 86], [54, 86], [54, 86], [54, 86], [54, 86], [54, 86], [54, 86]]
Prices:
[0.21, 0.21, 0.21, 0.21, 0.21, 0.21, 0.21, 0.21, 0.21, 0.21, 0.21, 0.21, 0.21, 0.21, 0.21, 0.21, 0.21]
Occ Predictions:
[1, 1, 1, 1, 1, 1, 1, 1, 1, 1, 1, 1, 1, 1, 1, 1, 1]
Setpoints:
[[62, 85], [62, 85], [62, 85], [62, 85], [62, 85], [62, 85], [62, 85], [62, 85], [62, 85], [62, 85], [62, 85], [62, 85], [62, 85], [62, 85], [62, 85], [62, 85], [62, 85]]
Time needed to calculate the shortest path:
97.3701660633


2018-07-10 11:34:18
MPC Actions: ['0', '0', '0', '0', '0', '0', '0', '0', '0', '0', '0', '0', '0', '0', '0', '0']
Temperatures following the MPC path:
[73.4, 73.4, 73.4, 73.35000000000001, 73.3, 73.25, 73.2, 73.2, 73.2, 73.2, 73.2, 73.2, 73.2, 73.2, 73.2, 73.2, 73.2]
Safety Constraints:
[[54, 86], [54, 86], [54, 86], [54, 86], [54, 86], [54, 86], [54, 86], [54, 86], [54, 86], [54, 86], [54, 86], [54, 86], [54, 86], [54, 86], [54, 86], [54, 86], [54, 86]]
Prices:
[0.21, 0.21, 0.21, 0.21, 0.21, 0.21, 0.21, 0.21, 0.21, 0.21, 0.21, 0.21, 0.21, 0.21, 0.21, 0.21, 0.24]
Occ Predictions:
[1, 1, 1, 1, 1, 1, 1, 1, 1, 1, 1, 1, 1, 1, 1, 1, 1]
Setpoints:
[[62, 85], [62, 85], [62, 85], [62, 85], [62, 85], [62, 85], [62, 85], [62, 85], [62, 85], [62, 85], [62, 85], [62, 85], [62, 85], [62, 85], [62, 85], [62, 85], [62, 85]]
Time needed to calculate the shortest path:
108.198421955


2018-07-10 11:49:19
MPC Actions: ['0', '0', '0', '0', '0', '0', '0', '0', '0', '0', '0', '0', '0', '0', '0', '0']
Temperatures following the MPC path:
[73.4, 73.35000000000001, 73.3, 73.25, 73.2, 73.15, 73.10000000000001, 73.05, 73.0, 73.0, 73.0, 73.0, 73.0, 73.0, 73.0, 73.0, 73.0]
Safety Constraints:
[[54, 86], [54, 86], [54, 86], [54, 86], [54, 86], [54, 86], [54, 86], [54, 86], [54, 86], [54, 86], [54, 86], [54, 86], [54, 86], [54, 86], [54, 86], [54, 86], [54, 86]]
Prices:
[0.21, 0.21, 0.21, 0.21, 0.21, 0.21, 0.21, 0.21, 0.21, 0.21, 0.21, 0.21, 0.21, 0.21, 0.21, 0.24, 0.24]
Occ Predictions:
[1, 1, 1, 1, 1, 1, 1, 1, 1, 1, 1, 1, 1, 1, 1, 1, 1]
Setpoints:
[[62, 85], [62, 85], [62, 85], [62, 85], [62, 85], [62, 85], [62, 85], [62, 85], [62, 85], [62, 85], [62, 85], [62, 85], [62, 85], [62, 85], [62, 85], [62, 85], [62, 85]]
Time needed to calculate the shortest path:
113.84175992


2018-07-10 12:04:19
MPC Actions: ['0', '0', '0', '0', '0', '0', '0', '0', '0', '0', '0', '0', '0', '0', '0', '0']
Temperatures following the MPC path:
[73.3, 73.3, 73.3, 73.3, 73.3, 73.3, 73.3, 73.3, 73.3, 73.3, 73.3, 73.3, 73.3, 73.3, 73.3, 73.3, 73.3]
Safety Constraints:
[[54, 86], [54, 86], [54, 86], [54, 86], [54, 86], [54, 86], [54, 86], [54, 86], [54, 86], [54, 86], [54, 86], [54, 86], [54, 86], [54, 86], [54, 86], [54, 86], [54, 86]]
Prices:
[0.21, 0.21, 0.21, 0.21, 0.21, 0.21, 0.21, 0.21, 0.21, 0.21, 0.21, 0.21, 0.21, 0.21, 0.24, 0.24, 0.24]
Occ Predictions:
[1, 1, 1, 1, 1, 1, 1, 1, 1, 1, 1, 1, 1, 1, 1, 1, 1]
Setpoints:
[[62, 85], [62, 85], [62, 85], [62, 85], [62, 85], [62, 85], [62, 85], [62, 85], [62, 85], [62, 85], [62, 85], [62, 85], [62, 85], [62, 85], [62, 85], [62, 85], [62, 85]]
Time needed to calculate the shortest path:
87.0125300884


2018-07-10 12:19:18
MPC Actions: ['0', '0', '0', '0', '0', '0', '0', '0', '0', '0', '0', '0', '0', '0', '0', '0']
Temperatures following the MPC path:
[73.2, 73.2, 73.2, 73.2, 73.2, 73.2, 73.2, 73.2, 73.2, 73.2, 73.2, 73.2, 73.2, 73.2, 73.2, 73.2, 73.2]
Safety Constraints:
[[54, 86], [54, 86], [54, 86], [54, 86], [54, 86], [54, 86], [54, 86], [54, 86], [54, 86], [54, 86], [54, 86], [54, 86], [54, 86], [54, 86], [54, 86], [54, 86], [54, 86]]
Prices:
[0.21, 0.21, 0.21, 0.21, 0.21, 0.21, 0.21, 0.21, 0.21, 0.21, 0.21, 0.21, 0.21, 0.24, 0.24, 0.24, 0.24]
Occ Predictions:
[1, 1, 1, 1, 1, 1, 1, 1, 1, 1, 1, 1, 1, 1, 1, 1, 1]
Setpoints:
[[62, 85], [62, 85], [62, 85], [62, 85], [62, 85], [62, 85], [62, 85], [62, 85], [62, 85], [62, 85], [62, 85], [62, 85], [62, 85], [62, 85], [62, 85], [62, 85], [62, 85]]
Time needed to calculate the shortest path:
85.1682419777


2018-07-10 12:34:18
MPC Actions: ['0', '0', '0', '0', '0', '0', '0', '0', '0', '0', '0', '0', '0', '0', '0', '0']
Temperatures following the MPC path:
[73.1, 73.10000000000001, 73.10000000000001, 73.10000000000001, 73.10000000000001, 73.10000000000001, 73.10000000000001, 73.10000000000001, 73.10000000000001, 73.10000000000001, 73.10000000000001, 73.10000000000001, 73.10000000000001, 73.10000000000001, 73.10000000000001, 73.15, 73.2]
Safety Constraints:
[[54, 86], [54, 86], [54, 86], [54, 86], [54, 86], [54, 86], [54, 86], [54, 86], [54, 86], [54, 86], [54, 86], [54, 86], [54, 86], [54, 86], [54, 86], [54, 86], [54, 86]]
Prices:
[0.21, 0.21, 0.21, 0.21, 0.21, 0.21, 0.21, 0.21, 0.21, 0.21, 0.21, 0.21, 0.24, 0.24, 0.24, 0.24, 0.24]
Occ Predictions:
[1, 1, 1, 1, 1, 1, 1, 1, 1, 1, 1, 1, 1, 1, 1, 1, 1]
Setpoints:
[[62, 85], [62, 85], [62, 85], [62, 85], [62, 85], [62, 85], [62, 85], [62, 85], [62, 85], [62, 85], [62, 85], [62, 85], [62, 85], [62, 85], [62, 85], [62, 85], [62, 85]]
Time needed to calculate the shortest path:
76.7194490433


2018-07-10 12:49:18
MPC Actions: ['0', '0', '0', '0', '0', '0', '0', '0', '0', '0', '0', '0', '0', '0', '0', '0']
Temperatures following the MPC path:
[73.1, 73.10000000000001, 73.10000000000001, 73.10000000000001, 73.10000000000001, 73.10000000000001, 73.10000000000001, 73.10000000000001, 73.10000000000001, 73.10000000000001, 73.10000000000001, 73.10000000000001, 73.10000000000001, 73.10000000000001, 73.10000000000001, 73.10000000000001, 73.10000000000001]
Safety Constraints:
[[54, 86], [54, 86], [54, 86], [54, 86], [54, 86], [54, 86], [54, 86], [54, 86], [54, 86], [54, 86], [54, 86], [54, 86], [54, 86], [54, 86], [54, 86], [54, 86], [54, 86]]
Prices:
[0.21, 0.21, 0.21, 0.21, 0.21, 0.21, 0.21, 0.21, 0.21, 0.21, 0.21, 0.24, 0.24, 0.24, 0.24, 0.24, 0.24]
Occ Predictions:
[1, 1, 1, 1, 1, 1, 1, 1, 1, 1, 1, 1, 1, 1, 1, 1, 1]
Setpoints:
[[62, 85], [62, 85], [62, 85], [62, 85], [62, 85], [62, 85], [62, 85], [62, 85], [62, 85], [62, 85], [62, 85], [62, 85], [62, 85], [62, 85], [62, 85], [62, 85], [62, 85]]
Time needed to calculate the shortest path:
76.417085886


2018-07-10 13:04:18
MPC Actions: ['0', '0', '0', '0', '0', '0', '0', '0', '0', '0', '0', '0', '0', '0', '0', '0']
Temperatures following the MPC path:
[72.8, 72.8, 72.8, 72.8, 72.8, 72.8, 72.8, 72.8, 72.8, 72.8, 72.8, 72.8, 72.8, 72.8, 72.8, 72.8, 72.8]
Safety Constraints:
[[54, 86], [54, 86], [54, 86], [54, 86], [54, 86], [54, 86], [54, 86], [54, 86], [54, 86], [54, 86], [54, 86], [54, 86], [54, 86], [54, 86], [54, 86], [54, 86], [54, 86]]
Prices:
[0.21, 0.21, 0.21, 0.21, 0.21, 0.21, 0.21, 0.21, 0.21, 0.21, 0.24, 0.24, 0.24, 0.24, 0.24, 0.24, 0.24]
Occ Predictions:
[1, 1, 1, 1, 1, 1, 1, 1, 1, 1, 1, 1, 1, 1, 1, 1, 1]
Setpoints:
[[62, 85], [62, 85], [62, 85], [62, 85], [62, 85], [62, 85], [62, 85], [62, 85], [62, 85], [62, 85], [62, 85], [62, 85], [62, 85], [62, 85], [62, 85], [62, 85], [62, 85]]
Time needed to calculate the shortest path:
77.8625309467


2018-07-10 13:19:18
MPC Actions: ['0', '0', '0', '0', '0', '0', '0', '0', '0', '0', '0', '0', '0', '0', '0', '0']
Temperatures following the MPC path:
[72.8, 72.8, 72.8, 72.8, 72.8, 72.8, 72.8, 72.8, 72.8, 72.8, 72.8, 72.8, 72.8, 72.8, 72.8, 72.8, 72.85000000000001]
Safety Constraints:
[[54, 86], [54, 86], [54, 86], [54, 86], [54, 86], [54, 86], [54, 86], [54, 86], [54, 86], [54, 86], [54, 86], [54, 86], [54, 86], [54, 86], [54, 86], [54, 86], [54, 86]]
Prices:
[0.21, 0.21, 0.21, 0.21, 0.21, 0.21, 0.21, 0.21, 0.21, 0.24, 0.24, 0.24, 0.24, 0.24, 0.24, 0.24, 0.24]
Occ Predictions:
[1, 1, 1, 1, 1, 1, 1, 1, 1, 1, 1, 1, 1, 1, 1, 1, 1]
Setpoints:
[[62, 85], [62, 85], [62, 85], [62, 85], [62, 85], [62, 85], [62, 85], [62, 85], [62, 85], [62, 85], [62, 85], [62, 85], [62, 85], [62, 85], [62, 85], [62, 85], [62, 85]]
Time needed to calculate the shortest path:
77.949614048


2018-07-10 13:34:19
MPC Actions: ['0', '0', '0', '0', '0', '0', '0', '0', '0', '0', '0', '0', '0', '0', '0', '0']
Temperatures following the MPC path:
[72.7, 72.7, 72.7, 72.7, 72.7, 72.7, 72.7, 72.7, 72.7, 72.7, 72.7, 72.7, 72.7, 72.7, 72.7, 72.75, 72.8]
Safety Constraints:
[[54, 86], [54, 86], [54, 86], [54, 86], [54, 86], [54, 86], [54, 86], [54, 86], [54, 86], [54, 86], [54, 86], [54, 86], [54, 86], [54, 86], [54, 86], [54, 86], [54, 86]]
Prices:
[0.21, 0.21, 0.21, 0.21, 0.21, 0.21, 0.21, 0.21, 0.24, 0.24, 0.24, 0.24, 0.24, 0.24, 0.24, 0.24, 0.24]
Occ Predictions:
[1, 1, 1, 1, 1, 1, 1, 1, 1, 1, 1, 1, 1, 1, 1, 1, 1]
Setpoints:
[[62, 85], [62, 85], [62, 85], [62, 85], [62, 85], [62, 85], [62, 85], [62, 85], [62, 85], [62, 85], [62, 85], [62, 85], [62, 85], [62, 85], [62, 85], [62, 85], [68, 74]]
Time needed to calculate the shortest path:
75.3641428947


2018-07-10 13:49:19
MPC Actions: ['0', '0', '0', '0', '0', '0', '0', '0', '0', '0', '0', '0', '0', '0', '0', '0']
Temperatures following the MPC path:
[72.5, 72.5, 72.5, 72.5, 72.5, 72.5, 72.5, 72.5, 72.5, 72.5, 72.5, 72.5, 72.5, 72.5, 72.55, 72.60000000000001, 72.65]
Safety Constraints:
[[54, 86], [54, 86], [54, 86], [54, 86], [54, 86], [54, 86], [54, 86], [54, 86], [54, 86], [54, 86], [54, 86], [54, 86], [54, 86], [54, 86], [54, 86], [54, 86], [54, 86]]
Prices:
[0.21, 0.21, 0.21, 0.21, 0.21, 0.21, 0.21, 0.24, 0.24, 0.24, 0.24, 0.24, 0.24, 0.24, 0.24, 0.24, 0.24]
Occ Predictions:
[1, 1, 1, 1, 1, 1, 1, 1, 1, 1, 1, 1, 1, 1, 1, 1, 1]
Setpoints:
[[62, 85], [62, 85], [62, 85], [62, 85], [62, 85], [62, 85], [62, 85], [62, 85], [62, 85], [62, 85], [62, 85], [62, 85], [62, 85], [62, 85], [62, 85], [68, 74], [68, 74]]
Time needed to calculate the shortest path:
77.3085210323


2018-07-10 14:04:18
MPC Actions: ['0', '0', '0', '0', '0', '0', '0', '0', '0', '0', '0', '0', '0', '0', '0', '0']
Temperatures following the MPC path:
[72.3, 72.3, 72.3, 72.3, 72.3, 72.3, 72.3, 72.3, 72.3, 72.35000000000001, 72.4, 72.45, 72.5, 72.55, 72.60000000000001, 72.65, 72.7]
Safety Constraints:
[[54, 86], [54, 86], [54, 86], [54, 86], [54, 86], [54, 86], [54, 86], [54, 86], [54, 86], [54, 86], [54, 86], [54, 86], [54, 86], [54, 86], [54, 86], [54, 86], [54, 86]]
Prices:
[0.21, 0.21, 0.21, 0.21, 0.21, 0.21, 0.24, 0.24, 0.24, 0.24, 0.24, 0.24, 0.24, 0.24, 0.24, 0.24, 0.24]
Occ Predictions:
[1, 1, 1, 1, 1, 1, 1, 1, 1, 1, 1, 1, 1, 1, 1, 1, 1]
Setpoints:
[[62, 85], [62, 85], [62, 85], [62, 85], [62, 85], [62, 85], [62, 85], [62, 85], [62, 85], [62, 85], [62, 85], [62, 85], [62, 85], [62, 85], [68, 74], [68, 74], [68, 74]]
Time needed to calculate the shortest path:
76.7164111137


2018-07-10 14:19:18
MPC Actions: ['0', '0', '0', '0', '0', '0', '0', '0', '0', '0', '0', '0', '0', '0', '0', '0']
Temperatures following the MPC path:
[72.2, 72.2, 72.2, 72.2, 72.2, 72.2, 72.2, 72.2, 72.25, 72.3, 72.35000000000001, 72.4, 72.45, 72.5, 72.55, 72.60000000000001, 72.65]
Safety Constraints:
[[54, 86], [54, 86], [54, 86], [54, 86], [54, 86], [54, 86], [54, 86], [54, 86], [54, 86], [54, 86], [54, 86], [54, 86], [54, 86], [54, 86], [54, 86], [54, 86], [54, 86]]
Prices:
[0.21, 0.21, 0.21, 0.21, 0.21, 0.24, 0.24, 0.24, 0.24, 0.24, 0.24, 0.24, 0.24, 0.24, 0.24, 0.24, 0.24]
Occ Predictions:
[1, 1, 1, 1, 1, 1, 1, 1, 1, 1, 1, 1, 1, 1, 1, 1, 1]
Setpoints:
[[62, 85], [62, 85], [62, 85], [62, 85], [62, 85], [62, 85], [62, 85], [62, 85], [62, 85], [62, 85], [62, 85], [62, 85], [62, 85], [68, 74], [68, 74], [68, 74], [68, 74]]
Time needed to calculate the shortest path:
75.1694738865


2018-07-10 14:34:18
MPC Actions: ['0', '0', '0', '0', '0', '0', '0', '0', '0', '0', '0', '0', '0', '0', '0', '0']
Temperatures following the MPC path:
[72.1, 72.10000000000001, 72.10000000000001, 72.10000000000001, 72.10000000000001, 72.10000000000001, 72.10000000000001, 72.15, 72.2, 72.25, 72.3, 72.35000000000001, 72.4, 72.45, 72.5, 72.55, 72.60000000000001]
Safety Constraints:
[[54, 86], [54, 86], [54, 86], [54, 86], [54, 86], [54, 86], [54, 86], [54, 86], [54, 86], [54, 86], [54, 86], [54, 86], [54, 86], [54, 86], [54, 86], [54, 86], [54, 86]]
Prices:
[0.21, 0.21, 0.21, 0.21, 0.24, 0.24, 0.24, 0.24, 0.24, 0.24, 0.24, 0.24, 0.24, 0.24, 0.24, 0.24, 0.24]
Occ Predictions:
[1, 1, 1, 1, 1, 1, 1, 1, 1, 1, 1, 1, 1, 1, 1, 1, 1]
Setpoints:
[[62, 85], [62, 85], [62, 85], [62, 85], [62, 85], [62, 85], [62, 85], [62, 85], [62, 85], [62, 85], [62, 85], [62, 85], [68, 74], [68, 74], [68, 74], [68, 74], [68, 74]]
Time needed to calculate the shortest path:
79.5761349201


2018-07-10 14:49:19
MPC Actions: ['0', '0', '0', '0', '0', '0', '0', '0', '0', '0', '0', '0', '0', '0', '0', '0']
Temperatures following the MPC path:
[72.2, 72.2, 72.2, 72.2, 72.2, 72.2, 72.25, 72.3, 72.35000000000001, 72.4, 72.45, 72.5, 72.55, 72.60000000000001, 72.65, 72.7, 72.75]
Safety Constraints:
[[54, 86], [54, 86], [54, 86], [54, 86], [54, 86], [54, 86], [54, 86], [54, 86], [54, 86], [54, 86], [54, 86], [54, 86], [54, 86], [54, 86], [54, 86], [54, 86], [54, 86]]
Prices:
[0.21, 0.21, 0.21, 0.24, 0.24, 0.24, 0.24, 0.24, 0.24, 0.24, 0.24, 0.24, 0.24, 0.24, 0.24, 0.24, 0.24]
Occ Predictions:
[1, 1, 1, 1, 1, 1, 1, 1, 1, 1, 1, 1, 1, 1, 1, 1, 1]
Setpoints:
[[62, 85], [62, 85], [62, 85], [62, 85], [62, 85], [62, 85], [62, 85], [62, 85], [62, 85], [62, 85], [62, 85], [68, 74], [68, 74], [68, 74], [68, 74], [68, 74], [68, 74]]
Time needed to calculate the shortest path:
78.5390110016


2018-07-10 15:04:18
MPC Actions: ['0', '0', '0', '0', '0', '0', '0', '0', '0', '0', '0', '0', '0', '0', '0', '0']
Temperatures following the MPC path:
[72.2, 72.2, 72.2, 72.2, 72.2, 72.25, 72.3, 72.35000000000001, 72.4, 72.45, 72.5, 72.55, 72.60000000000001, 72.65, 72.7, 72.75, 72.8]
Safety Constraints:
[[54, 86], [54, 86], [54, 86], [54, 86], [54, 86], [54, 86], [54, 86], [54, 86], [54, 86], [54, 86], [54, 86], [54, 86], [54, 86], [54, 86], [54, 86], [54, 86], [54, 86]]
Prices:
[0.21, 0.21, 0.24, 0.24, 0.24, 0.24, 0.24, 0.24, 0.24, 0.24, 0.24, 0.24, 0.24, 0.24, 0.24, 0.24, 0.26]
Occ Predictions:
[1, 1, 1, 1, 1, 1, 1, 1, 1, 1, 1, 1, 1, 1, 1, 1, 1]
Setpoints:
[[62, 85], [62, 85], [62, 85], [62, 85], [62, 85], [62, 85], [62, 85], [62, 85], [62, 85], [62, 85], [68, 74], [68, 74], [68, 74], [68, 74], [68, 74], [68, 74], [68, 74]]
Time needed to calculate the shortest path:
73.2355201244


2018-07-10 15:19:19
MPC Actions: ['0', '0', '0', '0', '0', '0', '0', '0', '0', '0', '0', '0', '0', '0', '0', '0']
Temperatures following the MPC path:
[71.6, 71.65, 71.7, 71.7, 71.75, 71.8, 71.85000000000001, 71.9, 71.95, 72.0, 72.05, 72.10000000000001, 72.15, 72.2, 72.25, 72.3, 72.4]
Safety Constraints:
[[54, 86], [54, 86], [54, 86], [54, 86], [54, 86], [54, 86], [54, 86], [54, 86], [54, 86], [54, 86], [54, 86], [54, 86], [54, 86], [54, 86], [54, 86], [54, 86], [54, 86]]
Prices:
[0.21, 0.24, 0.24, 0.24, 0.24, 0.24, 0.24, 0.24, 0.24, 0.24, 0.24, 0.24, 0.24, 0.24, 0.24, 0.26, 0.26]
Occ Predictions:
[1, 1, 1, 1, 1, 1, 1, 1, 1, 1, 1, 1, 1, 1, 1, 1, 1]
Setpoints:
[[62, 85], [62, 85], [62, 85], [62, 85], [62, 85], [62, 85], [62, 85], [62, 85], [62, 85], [68, 74], [68, 74], [68, 74], [68, 74], [68, 74], [68, 74], [68, 74], [68, 74]]
Time needed to calculate the shortest path:
73.7976460457


2018-07-10 15:34:18
MPC Actions: ['0', '0', '0', '0', '0', '0', '0', '0', '0', '0', '0', '0', '0', '0', '0', '0']
Temperatures following the MPC path:
[71.5, 71.5, 71.5, 71.55, 71.60000000000001, 71.65, 71.7, 71.75, 71.8, 71.85000000000001, 71.9, 71.95, 72.0, 72.05, 72.10000000000001, 72.2, 72.3]
Safety Constraints:
[[54, 86], [54, 86], [54, 86], [54, 86], [54, 86], [54, 86], [54, 86], [54, 86], [54, 86], [54, 86], [54, 86], [54, 86], [54, 86], [54, 86], [54, 86], [54, 86], [54, 86]]
Prices:
[0.24, 0.24, 0.24, 0.24, 0.24, 0.24, 0.24, 0.24, 0.24, 0.24, 0.24, 0.24, 0.24, 0.24, 0.26, 0.26, 0.26]
Occ Predictions:
[1, 1, 1, 1, 1, 1, 1, 1, 1, 1, 1, 1, 1, 1, 1, 1, 1]
Setpoints:
[[62, 85], [62, 85], [62, 85], [62, 85], [62, 85], [62, 85], [62, 85], [62, 85], [68, 74], [68, 74], [68, 74], [68, 74], [68, 74], [68, 74], [68, 74], [68, 74], [68, 74]]
Time needed to calculate the shortest path:
71.2533819675


2018-07-10 15:49:19
MPC Actions: ['0', '0', '0', '0', '0', '0', '0', '0', '0', '0', '0', '0', '0', '0', '0', '0']
Temperatures following the MPC path:
[71.4, 71.4, 71.45, 71.5, 71.55, 71.60000000000001, 71.65, 71.7, 71.75, 71.8, 71.85000000000001, 71.9, 71.95, 72.0, 72.10000000000001, 72.2, 72.3]
Safety Constraints:
[[54, 86], [54, 86], [54, 86], [54, 86], [54, 86], [54, 86], [54, 86], [54, 86], [54, 86], [54, 86], [54, 86], [54, 86], [54, 86], [54, 86], [54, 86], [54, 86], [54, 86]]
Prices:
[0.24, 0.24, 0.24, 0.24, 0.24, 0.24, 0.24, 0.24, 0.24, 0.24, 0.24, 0.24, 0.24, 0.26, 0.26, 0.26, 0.26]
Occ Predictions:
[1, 1, 1, 1, 1, 1, 1, 1, 1, 1, 1, 1, 1, 1, 1, 1, 1]
Setpoints:
[[62, 85], [62, 85], [62, 85], [62, 85], [62, 85], [62, 85], [62, 85], [68, 74], [68, 74], [68, 74], [68, 74], [68, 74], [68, 74], [68, 74], [68, 74], [68, 74], [68, 74]]
Time needed to calculate the shortest path:
73.0093541145


2018-07-10 16:04:18
MPC Actions: ['0', '0', '0', '0', '0', '0', '0', '0', '0', '0', '0', '0', '0', '0', '0', '0']
Temperatures following the MPC path:
[71.6, 71.65, 71.7, 71.75, 71.8, 71.85000000000001, 71.9, 71.95, 72.0, 72.05, 72.10000000000001, 72.15, 72.2, 72.3, 72.4, 72.5, 72.60000000000001]
Safety Constraints:
[[54, 86], [54, 86], [54, 86], [54, 86], [54, 86], [54, 86], [54, 86], [54, 86], [54, 86], [54, 86], [54, 86], [54, 86], [54, 86], [54, 86], [54, 86], [54, 86], [54, 86]]
Prices:
[0.24, 0.24, 0.24, 0.24, 0.24, 0.24, 0.24, 0.24, 0.24, 0.24, 0.24, 0.24, 0.26, 0.26, 0.26, 0.26, 0.26]
Occ Predictions:
[1, 1, 1, 1, 1, 1, 1, 1, 1, 1, 1, 1, 1, 1, 1, 1, 1]
Setpoints:
[[62, 85], [62, 85], [62, 85], [62, 85], [62, 85], [62, 85], [68, 74], [68, 74], [68, 74], [68, 74], [68, 74], [68, 74], [68, 74], [68, 74], [68, 74], [68, 74], [68, 74]]
Time needed to calculate the shortest path:
64.9270660877


2018-07-10 16:19:18
MPC Actions: ['0', '0', '0', '0', '0', '0', '0', '0', '0', '0', '0', '0', '0', '0', '0', '0']
Temperatures following the MPC path:
[71.8, 71.85000000000001, 71.9, 71.95, 72.0, 72.05, 72.10000000000001, 72.15, 72.2, 72.25, 72.3, 72.35000000000001, 72.45, 72.55, 72.65, 72.75, 72.85000000000001]
Safety Constraints:
[[54, 86], [54, 86], [54, 86], [54, 86], [54, 86], [54, 86], [54, 86], [54, 86], [54, 86], [54, 86], [54, 86], [54, 86], [54, 86], [54, 86], [54, 86], [54, 86], [54, 86]]
Prices:
[0.24, 0.24, 0.24, 0.24, 0.24, 0.24, 0.24, 0.24, 0.24, 0.24, 0.24, 0.26, 0.26, 0.26, 0.26, 0.26, 0.26]
Occ Predictions:
[1, 1, 1, 1, 1, 1, 1, 1, 1, 1, 1, 1, 1, 1, 1, 1, 1]
Setpoints:
[[62, 85], [62, 85], [62, 85], [62, 85], [62, 85], [68, 74], [68, 74], [68, 74], [68, 74], [68, 74], [68, 74], [68, 74], [68, 74], [68, 74], [68, 74], [68, 74], [68, 74]]
Time needed to calculate the shortest path:
65.6154680252


2018-07-10 16:34:18
MPC Actions: ['0', '0', '0', '0', '0', '0', '0', '0', '0', '0', '0', '0', '0', '0', '0', '0']
Temperatures following the MPC path:
[71.8, 71.85000000000001, 71.9, 71.95, 72.0, 72.05, 72.10000000000001, 72.2, 72.25, 72.3, 72.35000000000001, 72.45, 72.55, 72.65, 72.75, 72.85000000000001, 72.95]
Safety Constraints:
[[54, 86], [54, 86], [54, 86], [54, 86], [54, 86], [54, 86], [54, 86], [54, 86], [54, 86], [54, 86], [54, 86], [54, 86], [54, 86], [54, 86], [54, 86], [54, 86], [54, 86]]
Prices:
[0.24, 0.24, 0.24, 0.24, 0.24, 0.24, 0.24, 0.24, 0.24, 0.24, 0.26, 0.26, 0.26, 0.26, 0.26, 0.26, 0.26]
Occ Predictions:
[1, 1, 1, 1, 1, 1, 1, 1, 1, 1, 1, 1, 1, 1, 1, 1, 1]
Setpoints:
[[62, 85], [62, 85], [62, 85], [62, 85], [68, 74], [68, 74], [68, 74], [68, 74], [68, 74], [68, 74], [68, 74], [68, 74], [68, 74], [68, 74], [68, 74], [68, 74], [68, 74]]
Time needed to calculate the shortest path:
57.919905901


2018-07-10 16:49:18
MPC Actions: ['0', '0', '0', '0', '0', '0', '0', '0', '0', '0', '0', '0', '0', '0', '0', '0']
Temperatures following the MPC path:
[72.6, 72.65, 72.7, 72.75, 72.8, 72.85000000000001, 72.9, 72.95, 73.0, 73.05, 73.15, 73.25, 73.35000000000001, 73.45, 73.55, 73.65, 73.75]
Safety Constraints:
[[54, 86], [54, 86], [54, 86], [54, 86], [54, 86], [54, 86], [54, 86], [54, 86], [54, 86], [54, 86], [54, 86], [54, 86], [54, 86], [54, 86], [54, 86], [54, 86], [54, 86]]
Prices:
[0.24, 0.24, 0.24, 0.24, 0.24, 0.24, 0.24, 0.24, 0.24, 0.26, 0.26, 0.26, 0.26, 0.26, 0.26, 0.26, 0.26]
Occ Predictions:
[1, 1, 1, 1, 1, 1, 1, 1, 1, 1, 1, 1, 1, 1, 1, 1, 1]
Setpoints:
[[62, 85], [62, 85], [62, 85], [68, 74], [68, 74], [68, 74], [68, 74], [68, 74], [68, 74], [68, 74], [68, 74], [68, 74], [68, 74], [68, 74], [68, 74], [68, 74], [68, 74]]
Time needed to calculate the shortest path:
60.4186148643


2018-07-10 17:04:18
MPC Actions: ['1', '0', '0', '0', '0', '0', '0', '0', '0', '0', '0', '0', '0', '0', '0', '0']
Temperatures following the MPC path:
[73.0, 72.9, 72.95, 73.0, 73.05, 73.10000000000001, 73.15, 73.2, 73.25, 73.35000000000001, 73.45, 73.55, 73.65, 73.75, 73.85000000000001, 73.95, 74.05]
Safety Constraints:
[[54, 86], [54, 86], [54, 86], [54, 86], [54, 86], [54, 86], [54, 86], [54, 86], [54, 86], [54, 86], [54, 86], [54, 86], [54, 86], [54, 86], [54, 86], [54, 86], [54, 86]]
Prices:
[0.24, 0.24, 0.24, 0.24, 0.24, 0.24, 0.24, 0.24, 0.26, 0.26, 0.26, 0.26, 0.26, 0.26, 0.26, 0.26, 0.9, 0.9, 0.9, 0.9, 0.9]
Occ Predictions:
[1, 1, 1, 1, 1, 1, 1, 1, 1, 1, 1, 1, 1, 1, 1, 1, 1]
Setpoints:
[[62, 85], [62, 85], [68, 74], [68, 74], [68, 74], [68, 74], [68, 74], [68, 74], [68, 74], [68, 74], [68, 74], [68, 74], [68, 74], [68, 74], [68, 74], [68, 74], [68, 74]]
Time needed to calculate the shortest path:
56.7246809006
THERMOSTAT CHANGED MANUALY AT : 2018-07-10 17:19:18 UTC

2018-07-10 20:46:58
MPC Actions: ['2', '1', '1', '1', '0', '0', '0', '0', '0', '0', '0', '0', '0', '0', '0', '0']
Temperatures following the MPC path:
[74.3, 73.925, 73.8, 73.675, 73.575, 73.65, 73.72500000000001, 73.8, 73.875, 73.95, 74.025, 74.10000000000001, 74.175, 74.25, 74.325, 74.4, 74.47500000000001]
Safety Constraints:
[[54, 86], [54, 86], [54, 86], [54, 86], [54, 86], [54, 86], [54, 86], [54, 86], [54, 86], [54, 86], [54, 86], [54, 86], [54, 86], [54, 86], [54, 86], [54, 86], [54, 86]]
Prices:
[0.26, 0.9, 0.9, 0.9, 0.9, 0.9, 0.9, 0.9, 0.9, 0.9, 0.9, 0.9, 0.9, 0.9, 0.9, 0.9, 0.9, 0.9, 0.9, 0.9, 0.9, 0.9, 0.9, 0.9, 0.9, 0.9, 0.9, 0.9, 0.9, 0.9, 0.9, 0.9, 0.9, 0.9, 0.9, 0.9, 0.9, 0.9, 0.9, 0.9, 0.9, 0.9, 0.9, 0.9, 0.9, 0.9, 0.9, 0.9, 0.9, 0.9, 0.9, 0.9, 0.9, 0.9, 0.9, 0.9, 0.9, 0.9, 0.9, 0.9, 0.9, 0.9, 0.9, 0.9, 0.9, 0.9, 0.9, 0.9, 0.9, 0.9, 0.9, 0.9, 0.9, 0.9, 0.9, 0.9, 0.9, 0.9, 0.9, 0.9, 0.9]
Occ Predictions:
[1, 1, 1, 1, 1, 1, 1, 1, 1, 1, 1, 1, 1, 1, 1, 1, 1]
Setpoints:
[[68, 74], [68, 74], [68, 74], [68, 74], [68, 74], [68, 74], [68, 74], [68, 74], [68, 74], [68, 74], [68, 74], [62, 85], [62, 85], [62, 85], [62, 85], [62, 85], [62, 85]]
Time needed to calculate the shortest path:
188.188423872
THERMOSTAT CHANGED MANUALY AT : 2018-07-10 21:01:58 UTC

2018-07-10 22:04:09
MPC Actions: ['2', '2', '0', '0', '0', '0', '0', '0', '0', '0', '0', '0', '0', '0', '0', '0']
Temperatures following the MPC path:
[74.5, 74.125, 73.775, 73.85000000000001, 73.925, 74.0, 74.075, 74.15, 74.22500000000001, 74.3, 74.375, 74.45, 74.525, 74.575, 74.625, 74.675, 74.72500000000001]
Safety Constraints:
[[54, 86], [54, 86], [54, 86], [54, 86], [54, 86], [54, 86], [54, 86], [54, 86], [54, 86], [54, 86], [54, 86], [54, 86], [54, 86], [54, 86], [54, 86], [54, 86], [54, 86]]
Prices:
[0.9, 0.9, 0.9, 0.9, 0.9, 0.9, 0.9, 0.9, 0.9, 0.9, 0.9, 0.9, 0.9, 0.9, 0.9, 0.9, 0.9, 0.9, 0.9, 0.9, 0.9, 0.9, 0.9, 0.9, 0.9, 0.9, 0.9, 0.9, 0.9, 0.9, 0.9, 0.9, 0.9, 0.9, 0.9, 0.9, 0.9, 0.9, 0.9, 0.9, 0.9, 0.9, 0.9, 0.9, 0.9, 0.9, 0.9, 0.9, 0.9, 0.9, 0.9, 0.9, 0.9, 0.9, 0.9, 0.9, 0.9, 0.9, 0.9, 0.9, 0.24, 0.24, 0.24, 0.24, 0.24]
Occ Predictions:
[1, 1, 1, 1, 1, 1, 1, 1, 1, 1, 1, 1, 1, 1, 1, 1, 1]
Setpoints:
[[68, 74], [68, 74], [68, 74], [68, 74], [68, 74], [68, 74], [62, 85], [62, 85], [62, 85], [62, 85], [62, 85], [62, 85], [62, 85], [62, 85], [62, 85], [62, 85], [62, 85]]
Time needed to calculate the shortest path:
346.81721282
THERMOSTAT CHANGED MANUALY AT : 2018-07-10 22:19:08 UTC

2018-07-10 22:24:44
MPC Actions: ['0', '0', '0', '0', '0', '0', '0', '0', '0', '0', '0', '0', '0', '0', '0', '0']
Temperatures following the MPC path:
[73.3, 73.375, 73.45, 73.525, 73.60000000000001, 73.675, 73.75, 73.825, 73.9, 73.97500000000001, 74.05, 74.125, 74.175, 74.22500000000001, 74.275, 74.325, 74.35000000000001]
Safety Constraints:
[[54, 86], [54, 86], [54, 86], [54, 86], [54, 86], [54, 86], [54, 86], [54, 86], [54, 86], [54, 86], [54, 86], [54, 86], [54, 86], [54, 86], [54, 86], [54, 86], [54, 86]]
Prices:
[0.9, 0.9, 0.9, 0.9, 0.9, 0.9, 0.9, 0.9, 0.9, 0.9, 0.9, 0.9, 0.9, 0.9, 0.9, 0.9, 0.9, 0.9, 0.9, 0.9, 0.9, 0.9, 0.9, 0.9, 0.9, 0.9, 0.9, 0.9, 0.9, 0.9, 0.9, 0.9, 0.9, 0.9, 0.9, 0.9, 0.9, 0.9, 0.9, 0.9, 0.9, 0.9, 0.9, 0.9, 0.9, 0.9, 0.9, 0.9, 0.9, 0.9, 0.9, 0.9, 0.9, 0.9, 0.9, 0.24, 0.24, 0.24, 0.24, 0.24, 0.24]
Occ Predictions:
[1, 1, 1, 1, 1, 1, 1, 1, 1, 1, 1, 1, 1, 1, 1, 1, 1]
Setpoints:
[[68, 74], [68, 74], [68, 74], [68, 74], [68, 74], [62, 85], [62, 85], [62, 85], [62, 85], [62, 85], [62, 85], [62, 85], [62, 85], [62, 85], [62, 85], [62, 85], [62, 85]]
Time needed to calculate the shortest path:
328.222258806


2018-07-10 22:39:43
MPC Actions: ['0', '0', '0', '0', '0', '0', '0', '0', '0', '0', '0', '0', '0', '0', '0', '0']
Temperatures following the MPC path:
[72.8, 72.875, 72.95, 73.025, 73.10000000000001, 73.175, 73.25, 73.325, 73.4, 73.47500000000001, 73.55, 73.60000000000001, 73.65, 73.7, 73.75, 73.775, 73.8]
Safety Constraints:
[[54, 86], [54, 86], [54, 86], [54, 86], [54, 86], [54, 86], [54, 86], [54, 86], [54, 86], [54, 86], [54, 86], [54, 86], [54, 86], [54, 86], [54, 86], [54, 86], [54, 86]]
Prices:
[0.9, 0.9, 0.9, 0.9, 0.9, 0.9, 0.9, 0.9, 0.9, 0.9, 0.9, 0.9, 0.9, 0.9, 0.9, 0.9, 0.9, 0.9, 0.9, 0.9, 0.9, 0.9, 0.9, 0.9, 0.9, 0.9, 0.9, 0.9, 0.9, 0.9, 0.9, 0.9, 0.9, 0.9, 0.9, 0.9, 0.9, 0.9, 0.9, 0.9, 0.9, 0.9, 0.9, 0.9, 0.9, 0.9, 0.9, 0.9, 0.9, 0.9, 0.24, 0.24, 0.24, 0.24, 0.24, 0.24, 0.24]
Occ Predictions:
[1, 1, 1, 1, 1, 1, 1, 1, 1, 1, 1, 1, 1, 1, 1, 1, 1]
Setpoints:
[[68, 74], [68, 74], [68, 74], [68, 74], [62, 85], [62, 85], [62, 85], [62, 85], [62, 85], [62, 85], [62, 85], [62, 85], [62, 85], [62, 85], [62, 85], [62, 85], [62, 85]]
Time needed to calculate the shortest path:
268.638566971


2018-07-10 22:54:43
MPC Actions: ['2', '2', '0', '0', '0', '0', '0', '0', '0', '0', '0', '0', '0', '0', '0', '0']
Temperatures following the MPC path:
[74.5, 74.125, 73.775, 73.85000000000001, 73.925, 74.0, 74.075, 74.15, 74.22500000000001, 74.3, 74.35000000000001, 74.4, 74.45, 74.5, 74.525, 74.55, 74.575]
Safety Constraints:
[[54, 86], [54, 86], [54, 86], [54, 86], [54, 86], [54, 86], [54, 86], [54, 86], [54, 86], [54, 86], [54, 86], [54, 86], [54, 86], [54, 86], [54, 86], [54, 86], [54, 86]]
Prices:
[0.9, 0.9, 0.9, 0.9, 0.9, 0.9, 0.9, 0.9, 0.9, 0.9, 0.9, 0.9, 0.9, 0.9, 0.9, 0.9, 0.9, 0.9, 0.9, 0.9, 0.9, 0.9, 0.9, 0.9, 0.9, 0.9, 0.9, 0.9, 0.9, 0.9, 0.9, 0.9, 0.9, 0.9, 0.9, 0.9, 0.9, 0.9, 0.9, 0.9, 0.9, 0.9, 0.9, 0.9, 0.9, 0.24, 0.24, 0.24, 0.24, 0.24, 0.24, 0.24, 0.24]
Occ Predictions:
[1, 1, 1, 1, 1, 1, 1, 1, 1, 1, 1, 1, 1, 1, 1, 1, 1]
Setpoints:
[[68, 74], [68, 74], [68, 74], [62, 85], [62, 85], [62, 85], [62, 85], [62, 85], [62, 85], [62, 85], [62, 85], [62, 85], [62, 85], [62, 85], [62, 85], [62, 85], [62, 85]]
Time needed to calculate the shortest path:
252.151104927
THERMOSTAT CHANGED MANUALY AT : 2018-07-10 23:09:43 UTC