

2018-06-22 13:50:51
MPC Actions: ['0', '0', '0', '0', '0', '0', '0', '0', '0', '0', '0', '0', '0', '0', '0', '0']
Temperatures following the MPC path:
[69.1, 69.15019555482543, 69.20039110965087, 69.2505866644763, 69.30078221930174, 69.35097777412717, 69.40117332895261, 69.45136888377804, 69.50156443860348, 69.55175999342892, 69.60195554825435, 69.65215110307979, 69.70234665790522, 69.75254221273066, 69.8027377675561, 69.85293332238153, 69.90312887720697]
Safety Constraints:
[[54, 86], [54, 86], [54, 86], [54, 86], [54, 86], [54, 86], [54, 86], [54, 86], [54, 86], [54, 86], [54, 86], [54, 86], [54, 86], [54, 86], [54, 86], [54, 86], [54, 86]]
Prices:
[0.21, 0.21, 0.21, 0.21, 0.21, 0.21, 0.21, 0.24, 0.24, 0.24, 0.24, 0.24, 0.24, 0.24, 0.24, 0.24, 0.24]
Occ Predictions:
[0, 0, 0, 0, 0, 1, 1, 1, 1, 1, 1, 1, 1, 1, 1, 1, 1]
Setpoints:
[[54, 86], [54, 86], [54, 86], [54, 86], [54, 86], [68, 74], [68, 74], [68, 74], [68, 74], [68, 74], [68, 74], [68, 74], [68, 74], [68, 74], [68, 74], [68, 74], [68, 74]]
Time needed to calculate the shortest path:
15.6029839516


2018-06-22 14:05:51
MPC Actions: ['0', '0', '0', '0', '0', '0', '0', '0', '0', '0', '0', '0', '0', '0', '0', '0']
Temperatures following the MPC path:
[69.1, 69.15019555482543, 69.20039110965087, 69.2505866644763, 69.30078221930174, 69.35097777412717, 69.40117332895261, 69.45136888377804, 69.50156443860348, 69.55175999342892, 69.60195554825435, 69.65215110307979, 69.70234665790522, 69.75254221273066, 69.8027377675561, 69.85293332238153, 69.90312887720697]
Safety Constraints:
[[54, 86], [54, 86], [54, 86], [54, 86], [54, 86], [54, 86], [54, 86], [54, 86], [54, 86], [54, 86], [54, 86], [54, 86], [54, 86], [54, 86], [54, 86], [54, 86], [54, 86]]
Prices:
[0.21, 0.21, 0.21, 0.21, 0.21, 0.21, 0.24, 0.24, 0.24, 0.24, 0.24, 0.24, 0.24, 0.24, 0.24, 0.24, 0.24]
Occ Predictions:
[0, 0, 0, 0, 1, 1, 1, 1, 1, 1, 1, 1, 1, 1, 1, 1, 1]
Setpoints:
[[54, 86], [54, 86], [54, 86], [54, 86], [68, 74], [68, 74], [68, 74], [68, 74], [68, 74], [68, 74], [68, 74], [68, 74], [68, 74], [68, 74], [68, 74], [68, 74], [68, 74]]
Time needed to calculate the shortest path:
42.8722391129


2018-06-22 14:20:51
MPC Actions: ['0', '0', '0', '0', '0', '0', '0', '0', '0', '0', '0', '0', '0', '0', '0', '0']
Temperatures following the MPC path:
[69.1, 69.15019555482543, 69.20039110965087, 69.2505866644763, 69.30078221930174, 69.35097777412717, 69.40117332895261, 69.45136888377804, 69.50156443860348, 69.55175999342892, 69.60195554825435, 69.65215110307979, 69.70234665790522, 69.75254221273066, 69.8027377675561, 69.85293332238153, 69.90312887720697]
Safety Constraints:
[[54, 86], [54, 86], [54, 86], [54, 86], [54, 86], [54, 86], [54, 86], [54, 86], [54, 86], [54, 86], [54, 86], [54, 86], [54, 86], [54, 86], [54, 86], [54, 86], [54, 86]]
Prices:
[0.21, 0.21, 0.21, 0.21, 0.21, 0.24, 0.24, 0.24, 0.24, 0.24, 0.24, 0.24, 0.24, 0.24, 0.24, 0.24, 0.24]
Occ Predictions:
[0, 0, 0, 1, 1, 1, 1, 1, 1, 1, 1, 1, 1, 1, 1, 1, 1]
Setpoints:
[[54, 86], [54, 86], [54, 86], [68, 74], [68, 74], [68, 74], [68, 74], [68, 74], [68, 74], [68, 74], [68, 74], [68, 74], [68, 74], [68, 74], [68, 74], [68, 74], [68, 74]]
Time needed to calculate the shortest path:
5.84848093987


2018-06-22 14:35:51
MPC Actions: ['0', '0', '0', '0', '0', '0', '0', '0', '0', '0', '0', '0', '0', '0', '0', '0']
Temperatures following the MPC path:
[69.1, 69.15019555482543, 69.20039110965087, 69.2505866644763, 69.30078221930174, 69.35097777412717, 69.40117332895261, 69.45136888377804, 69.50156443860348, 69.55175999342892, 69.60195554825435, 69.65215110307979, 69.70234665790522, 69.75254221273066, 69.8027377675561, 69.85293332238153, 69.90312887720697]
Safety Constraints:
[[54, 86], [54, 86], [54, 86], [54, 86], [54, 86], [54, 86], [54, 86], [54, 86], [54, 86], [54, 86], [54, 86], [54, 86], [54, 86], [54, 86], [54, 86], [54, 86], [54, 86]]
Prices:
[0.21, 0.21, 0.21, 0.21, 0.24, 0.24, 0.24, 0.24, 0.24, 0.24, 0.24, 0.24, 0.24, 0.24, 0.24, 0.24, 0.24]
Occ Predictions:
[0, 0, 1, 1, 1, 1, 1, 1, 1, 1, 1, 1, 1, 1, 1, 1, 1]
Setpoints:
[[54, 86], [54, 86], [68, 74], [68, 74], [68, 74], [68, 74], [68, 74], [68, 74], [68, 74], [68, 74], [68, 74], [68, 74], [68, 74], [68, 74], [68, 74], [68, 74], [68, 74]]
Time needed to calculate the shortest path:
11.5988149643


2018-06-22 14:50:51
MPC Actions: ['0', '0', '0', '0', '0', '0', '0', '0', '0', '0', '0', '0', '0', '0', '0', '0']
Temperatures following the MPC path:
[69.2, 69.25019555482544, 69.30039110965087, 69.35058666447631, 69.40078221930175, 69.45097777412718, 69.50117332895262, 69.55136888377805, 69.60156443860349, 69.65175999342893, 69.70195554825436, 69.7521511030798, 69.80234665790523, 69.85254221273067, 69.9027377675561, 69.95293332238154, 70.00312887720698]
Safety Constraints:
[[54, 86], [54, 86], [54, 86], [54, 86], [54, 86], [54, 86], [54, 86], [54, 86], [54, 86], [54, 86], [54, 86], [54, 86], [54, 86], [54, 86], [54, 86], [54, 86], [54, 86]]
Prices:
[0.21, 0.21, 0.21, 0.24, 0.24, 0.24, 0.24, 0.24, 0.24, 0.24, 0.24, 0.24, 0.24, 0.24, 0.24, 0.24, 0.24]
Occ Predictions:
[0, 1, 1, 1, 1, 1, 1, 1, 1, 1, 1, 1, 1, 1, 1, 1, 1]
Setpoints:
[[54, 86], [68, 74], [68, 74], [68, 74], [68, 74], [68, 74], [68, 74], [68, 74], [68, 74], [68, 74], [68, 74], [68, 74], [68, 74], [68, 74], [68, 74], [68, 74], [68, 74]]
Time needed to calculate the shortest path:
11.6474921703


2018-06-22 15:05:51
MPC Actions: ['0', '0', '0', '0', '0', '0', '0', '0', '0', '0', '0', '0', '0', '0', '0', '0']
Temperatures following the MPC path:
[69.4, 69.45019555482544, 69.50039110965088, 69.55058666447631, 69.60078221930175, 69.65097777412718, 69.70117332895262, 69.75136888377806, 69.80156443860349, 69.85175999342893, 69.90195554825436, 69.9521511030798, 70.00234665790524, 70.05254221273067, 70.1027377675561, 70.15293332238154, 70.20312887720698]
Safety Constraints:
[[54, 86], [54, 86], [54, 86], [54, 86], [54, 86], [54, 86], [54, 86], [54, 86], [54, 86], [54, 86], [54, 86], [54, 86], [54, 86], [54, 86], [54, 86], [54, 86], [54, 86]]
Prices:
[0.21, 0.21, 0.24, 0.24, 0.24, 0.24, 0.24, 0.24, 0.24, 0.24, 0.24, 0.24, 0.24, 0.24, 0.24, 0.24, 0.26]
Occ Predictions:
[1, 1, 1, 1, 1, 1, 1, 1, 1, 1, 1, 1, 1, 1, 1, 1, 1]
Setpoints:
[[68, 74], [68, 74], [68, 74], [68, 74], [68, 74], [68, 74], [68, 74], [68, 74], [68, 74], [68, 74], [68, 74], [68, 74], [68, 74], [68, 74], [68, 74], [68, 74], [68, 74]]
Time needed to calculate the shortest path:
6.00392580032


2018-06-22 15:20:51
MPC Actions: ['0', '0', '0', '0', '0', '0', '0', '0', '0', '0', '0', '0', '0', '0', '0', '0']
Temperatures following the MPC path:
[69.5, 69.55019555482544, 69.60039110965087, 69.65058666447631, 69.70078221930174, 69.75097777412718, 69.80117332895261, 69.85136888377805, 69.90156443860349, 69.95175999342892, 70.00195554825436, 70.0521511030798, 70.10234665790523, 70.15254221273067, 70.2027377675561, 70.25293332238154, 70.30312887720697]
Safety Constraints:
[[54, 86], [54, 86], [54, 86], [54, 86], [54, 86], [54, 86], [54, 86], [54, 86], [54, 86], [54, 86], [54, 86], [54, 86], [54, 86], [54, 86], [54, 86], [54, 86], [54, 86]]
Prices:
[0.21, 0.24, 0.24, 0.24, 0.24, 0.24, 0.24, 0.24, 0.24, 0.24, 0.24, 0.24, 0.24, 0.24, 0.24, 0.26, 0.26]
Occ Predictions:
[1, 1, 1, 1, 1, 1, 1, 1, 1, 1, 1, 1, 1, 1, 1, 1, 1]
Setpoints:
[[68, 74], [68, 74], [68, 74], [68, 74], [68, 74], [68, 74], [68, 74], [68, 74], [68, 74], [68, 74], [68, 74], [68, 74], [68, 74], [68, 74], [68, 74], [68, 74], [68, 74]]
Time needed to calculate the shortest path:
12.0510640144


2018-06-22 15:35:51
MPC Actions: ['0', '0', '0', '0', '0', '0', '0', '0', '0', '0', '0', '0', '0', '0', '0', '0']
Temperatures following the MPC path:
[69.6, 69.65019555482543, 69.70039110965087, 69.7505866644763, 69.80078221930174, 69.85097777412717, 69.90117332895261, 69.95136888377804, 70.00156443860348, 70.05175999342892, 70.10195554825435, 70.15215110307979, 70.20234665790522, 70.25254221273066, 70.3027377675561, 70.35293332238153, 70.40312887720697]
Safety Constraints:
[[54, 86], [54, 86], [54, 86], [54, 86], [54, 86], [54, 86], [54, 86], [54, 86], [54, 86], [54, 86], [54, 86], [54, 86], [54, 86], [54, 86], [54, 86], [54, 86], [54, 86]]
Prices:
[0.24, 0.24, 0.24, 0.24, 0.24, 0.24, 0.24, 0.24, 0.24, 0.24, 0.24, 0.24, 0.24, 0.24, 0.26, 0.26, 0.26]
Occ Predictions:
[1, 1, 1, 1, 1, 1, 1, 1, 1, 1, 1, 1, 1, 1, 1, 1, 1]
Setpoints:
[[68, 74], [68, 74], [68, 74], [68, 74], [68, 74], [68, 74], [68, 74], [68, 74], [68, 74], [68, 74], [68, 74], [68, 74], [68, 74], [68, 74], [68, 74], [68, 74], [68, 74]]
Time needed to calculate the shortest path:
6.0063560009


2018-06-22 15:50:51
MPC Actions: ['0', '0', '0', '0', '0', '0', '0', '0', '0', '0', '0', '0', '0', '0', '0', '0']
Temperatures following the MPC path:
[70.9, 70.95019555482544, 71.00039110965088, 71.05058666447631, 71.10078221930175, 71.15097777412718, 71.20117332895262, 71.25136888377806, 71.30156443860349, 71.35175999342893, 71.40195554825436, 71.4521511030798, 71.50234665790524, 71.55254221273067, 71.6027377675561, 71.65293332238154, 71.70312887720698]
Safety Constraints:
[[54, 86], [54, 86], [54, 86], [54, 86], [54, 86], [54, 86], [54, 86], [54, 86], [54, 86], [54, 86], [54, 86], [54, 86], [54, 86], [54, 86], [54, 86], [54, 86], [54, 86]]
Prices:
[0.24, 0.24, 0.24, 0.24, 0.24, 0.24, 0.24, 0.24, 0.24, 0.24, 0.24, 0.24, 0.24, 0.26, 0.26, 0.26, 0.26]
Occ Predictions:
[1, 1, 1, 1, 1, 1, 1, 1, 1, 1, 1, 1, 1, 1, 1, 1, 1]
Setpoints:
[[68, 74], [68, 74], [68, 74], [68, 74], [68, 74], [68, 74], [68, 74], [68, 74], [68, 74], [68, 74], [68, 74], [68, 74], [68, 74], [68, 74], [68, 74], [68, 74], [68, 74]]
Time needed to calculate the shortest path:
11.1770119667


2018-06-22 16:05:51
MPC Actions: ['0', '0', '0', '0', '0', '0', '0', '0', '0', '0', '0', '0', '0', '0', '0', '0']
Temperatures following the MPC path:
[71.0, 71.05019555482544, 71.10039110965087, 71.15058666447631, 71.20078221930174, 71.25097777412718, 71.30117332895261, 71.35136888377805, 71.40156443860349, 71.45175999342892, 71.50195554825436, 71.5521511030798, 71.60234665790523, 71.65254221273067, 71.7027377675561, 71.75293332238154, 71.80312887720697]
Safety Constraints:
[[54, 86], [54, 86], [54, 86], [54, 86], [54, 86], [54, 86], [54, 86], [54, 86], [54, 86], [54, 86], [54, 86], [54, 86], [54, 86], [54, 86], [54, 86], [54, 86], [54, 86]]
Prices:
[0.24, 0.24, 0.24, 0.24, 0.24, 0.24, 0.24, 0.24, 0.24, 0.24, 0.24, 0.24, 0.26, 0.26, 0.26, 0.26, 0.26]
Occ Predictions:
[1, 1, 1, 1, 1, 1, 1, 1, 1, 1, 1, 1, 1, 1, 1, 1, 1]
Setpoints:
[[68, 74], [68, 74], [68, 74], [68, 74], [68, 74], [68, 74], [68, 74], [68, 74], [68, 74], [68, 74], [68, 74], [68, 74], [68, 74], [68, 74], [68, 74], [68, 74], [68, 74]]
Time needed to calculate the shortest path:
11.5015149117


2018-06-22 16:20:51
MPC Actions: ['0', '0', '0', '0', '0', '0', '0', '0', '0', '0', '0', '0', '0', '0', '0', '0']
Temperatures following the MPC path:
[70.9, 70.95019555482544, 71.00039110965088, 71.05058666447631, 71.10078221930175, 71.15097777412718, 71.20117332895262, 71.25136888377806, 71.30156443860349, 71.35175999342893, 71.40195554825436, 71.4521511030798, 71.50234665790524, 71.55254221273067, 71.6027377675561, 71.65293332238154, 71.70312887720698]
Safety Constraints:
[[54, 86], [54, 86], [54, 86], [54, 86], [54, 86], [54, 86], [54, 86], [54, 86], [54, 86], [54, 86], [54, 86], [54, 86], [54, 86], [54, 86], [54, 86], [54, 86], [54, 86]]
Prices:
[0.24, 0.24, 0.24, 0.24, 0.24, 0.24, 0.24, 0.24, 0.24, 0.24, 0.24, 0.26, 0.26, 0.26, 0.26, 0.26, 0.26]
Occ Predictions:
[1, 1, 1, 1, 1, 1, 1, 1, 1, 1, 1, 1, 1, 1, 1, 1, 1]
Setpoints:
[[68, 74], [68, 74], [68, 74], [68, 74], [68, 74], [68, 74], [68, 74], [68, 74], [68, 74], [68, 74], [68, 74], [68, 74], [68, 74], [68, 74], [68, 74], [68, 74], [68, 74]]
Time needed to calculate the shortest path:
11.8605728149


2018-06-22 16:35:51
MPC Actions: ['0', '0', '0', '0', '0', '0', '0', '0', '0', '0', '0', '0', '0', '0', '0', '0']
Temperatures following the MPC path:
[70.9, 70.95019555482544, 71.00039110965088, 71.05058666447631, 71.10078221930175, 71.15097777412718, 71.20117332895262, 71.25136888377806, 71.30156443860349, 71.35175999342893, 71.40195554825436, 71.4521511030798, 71.50234665790524, 71.55254221273067, 71.6027377675561, 71.65293332238154, 71.70312887720698]
Safety Constraints:
[[54, 86], [54, 86], [54, 86], [54, 86], [54, 86], [54, 86], [54, 86], [54, 86], [54, 86], [54, 86], [54, 86], [54, 86], [54, 86], [54, 86], [54, 86], [54, 86], [54, 86]]
Prices:
[0.24, 0.24, 0.24, 0.24, 0.24, 0.24, 0.24, 0.24, 0.24, 0.24, 0.26, 0.26, 0.26, 0.26, 0.26, 0.26, 0.26]
Occ Predictions:
[1, 1, 1, 1, 1, 1, 1, 1, 1, 1, 1, 1, 1, 1, 1, 1, 1]
Setpoints:
[[68, 74], [68, 74], [68, 74], [68, 74], [68, 74], [68, 74], [68, 74], [68, 74], [68, 74], [68, 74], [68, 74], [68, 74], [68, 74], [68, 74], [68, 74], [68, 74], [68, 74]]
Time needed to calculate the shortest path:
11.7489929199


2018-06-22 16:50:51
MPC Actions: ['0', '0', '0', '0', '0', '0', '0', '0', '0', '0', '0', '0', '0', '0', '0', '0']
Temperatures following the MPC path:
[70.8, 70.85019555482543, 70.90039110965087, 70.9505866644763, 71.00078221930174, 71.05097777412718, 71.10117332895261, 71.15136888377805, 71.20156443860348, 71.25175999342892, 71.30195554825436, 71.35215110307979, 71.40234665790523, 71.45254221273066, 71.5027377675561, 71.55293332238153, 71.60312887720697]
Safety Constraints:
[[54, 86], [54, 86], [54, 86], [54, 86], [54, 86], [54, 86], [54, 86], [54, 86], [54, 86], [54, 86], [54, 86], [54, 86], [54, 86], [54, 86], [54, 86], [54, 86], [54, 86]]
Prices:
[0.24, 0.24, 0.24, 0.24, 0.24, 0.24, 0.24, 0.24, 0.24, 0.26, 0.26, 0.26, 0.26, 0.26, 0.26, 0.26, 0.26]
Occ Predictions:
[1, 1, 1, 1, 1, 1, 1, 1, 1, 1, 1, 1, 1, 1, 1, 1, 1]
Setpoints:
[[68, 74], [68, 74], [68, 74], [68, 74], [68, 74], [68, 74], [68, 74], [68, 74], [68, 74], [68, 74], [68, 74], [68, 74], [68, 74], [68, 74], [68, 74], [68, 74], [68, 74]]
Time needed to calculate the shortest path:
11.3427960873


2018-06-22 17:44:41
MPC Actions: ['0', '0', '0', '0', '0', '0', '0', '0', '0', '0', '0', '0', '0', '0', '0', '0']
Temperatures following the MPC path:
[70.8, 70.85019555482543, 70.90039110965087, 70.9505866644763, 71.00078221930174, 71.05097777412718, 71.10117332895261, 71.15136888377805, 71.20156443860348, 71.25175999342892, 71.30195554825436, 71.35215110307979, 71.40234665790523, 71.45254221273066, 71.5027377675561, 71.55293332238153, 71.60312887720697]
Safety Constraints:
[[54, 86], [54, 86], [54, 86], [54, 86], [54, 86], [54, 86], [54, 86], [54, 86], [54, 86], [54, 86], [54, 86], [54, 86], [54, 86], [54, 86], [54, 86], [54, 86], [54, 86]]
Prices:
[0.24, 0.24, 0.24, 0.24, 0.24, 0.24, 0.26, 0.26, 0.26, 0.26, 0.26, 0.26, 0.26, 0.26, 0.6, 0.6, 0.6, 0.6, 0.6, 0.6, 0.6, 0.6, 0.6, 0.6, 0.6, 0.6, 0.6, 0.6, 0.6]
Occ Predictions:
[1, 1, 1, 1, 1, 1, 1, 1, 1, 1, 1, 1, 1, 1, 1, 1, 1]
Setpoints:
[[68, 74], [68, 74], [68, 74], [68, 74], [68, 74], [68, 74], [68, 74], [68, 74], [68, 74], [68, 74], [68, 74], [68, 74], [68, 74], [68, 74], [68, 74], [68, 74], [68, 74]]
Time needed to calculate the shortest path:
13.0164320469
