

2018-06-22 13:50:51
MPC Actions: ['0', '0', '0', '0', '0', '0', '0', '0', '0', '0', '0', '0', '0', '0', '0', '0']
Temperatures following the MPC path:
[69.8, 69.85019555482543, 69.90039110965087, 69.9505866644763, 70.00078221930174, 70.05097777412718, 70.10117332895261, 70.15136888377805, 70.20156443860348, 70.25175999342892, 70.30195554825436, 70.35215110307979, 70.40234665790523, 70.45254221273066, 70.5027377675561, 70.55293332238153, 70.60312887720697]
Safety Constraints:
[[54, 86], [54, 86], [54, 86], [54, 86], [54, 86], [54, 86], [54, 86], [54, 86], [54, 86], [54, 86], [54, 86], [54, 86], [54, 86], [54, 86], [54, 86], [54, 86], [54, 86]]
Prices:
[0.21, 0.21, 0.21, 0.21, 0.21, 0.21, 0.21, 0.24, 0.24, 0.24, 0.24, 0.24, 0.24, 0.24, 0.24, 0.24, 0.24]
Occ Predictions:
[0, 0, 0, 0, 0, 1, 1, 1, 1, 1, 1, 1, 1, 1, 1, 1, 1]
Setpoints:
[[54, 86], [54, 86], [54, 86], [54, 86], [54, 86], [68, 74], [68, 74], [68, 74], [68, 74], [68, 74], [68, 74], [68, 74], [68, 74], [68, 74], [68, 74], [68, 74], [68, 74]]
Time needed to calculate the shortest path:
12.7857949734


2018-06-22 14:05:51
MPC Actions: ['0', '0', '0', '0', '0', '0', '0', '0', '0', '0', '0', '0', '0', '0', '0', '0']
Temperatures following the MPC path:
[69.8, 69.85019555482543, 69.90039110965087, 69.9505866644763, 70.00078221930174, 70.05097777412718, 70.10117332895261, 70.15136888377805, 70.20156443860348, 70.25175999342892, 70.30195554825436, 70.35215110307979, 70.40234665790523, 70.45254221273066, 70.5027377675561, 70.55293332238153, 70.60312887720697]
Safety Constraints:
[[54, 86], [54, 86], [54, 86], [54, 86], [54, 86], [54, 86], [54, 86], [54, 86], [54, 86], [54, 86], [54, 86], [54, 86], [54, 86], [54, 86], [54, 86], [54, 86], [54, 86]]
Prices:
[0.21, 0.21, 0.21, 0.21, 0.21, 0.21, 0.24, 0.24, 0.24, 0.24, 0.24, 0.24, 0.24, 0.24, 0.24, 0.24, 0.24]
Occ Predictions:
[0, 0, 0, 0, 1, 1, 1, 1, 1, 1, 1, 1, 1, 1, 1, 1, 1]
Setpoints:
[[54, 86], [54, 86], [54, 86], [54, 86], [68, 74], [68, 74], [68, 74], [68, 74], [68, 74], [68, 74], [68, 74], [68, 74], [68, 74], [68, 74], [68, 74], [68, 74], [68, 74]]
Time needed to calculate the shortest path:
40.1035449505


2018-06-22 14:20:51
MPC Actions: ['0', '0', '0', '0', '0', '0', '0', '0', '0', '0', '0', '0', '0', '0', '0', '0']
Temperatures following the MPC path:
[69.8, 69.85019555482543, 69.90039110965087, 69.9505866644763, 70.00078221930174, 70.05097777412718, 70.10117332895261, 70.15136888377805, 70.20156443860348, 70.25175999342892, 70.30195554825436, 70.35215110307979, 70.40234665790523, 70.45254221273066, 70.5027377675561, 70.55293332238153, 70.60312887720697]
Safety Constraints:
[[54, 86], [54, 86], [54, 86], [54, 86], [54, 86], [54, 86], [54, 86], [54, 86], [54, 86], [54, 86], [54, 86], [54, 86], [54, 86], [54, 86], [54, 86], [54, 86], [54, 86]]
Prices:
[0.21, 0.21, 0.21, 0.21, 0.21, 0.24, 0.24, 0.24, 0.24, 0.24, 0.24, 0.24, 0.24, 0.24, 0.24, 0.24, 0.24]
Occ Predictions:
[0, 0, 0, 1, 1, 1, 1, 1, 1, 1, 1, 1, 1, 1, 1, 1, 1]
Setpoints:
[[54, 86], [54, 86], [54, 86], [68, 74], [68, 74], [68, 74], [68, 74], [68, 74], [68, 74], [68, 74], [68, 74], [68, 74], [68, 74], [68, 74], [68, 74], [68, 74], [68, 74]]
Time needed to calculate the shortest path:
11.6971068382


2018-06-22 14:35:51
MPC Actions: ['0', '0', '0', '0', '0', '0', '0', '0', '0', '0', '0', '0', '0', '0', '0', '0']
Temperatures following the MPC path:
[69.8, 69.85019555482543, 69.90039110965087, 69.9505866644763, 70.00078221930174, 70.05097777412718, 70.10117332895261, 70.15136888377805, 70.20156443860348, 70.25175999342892, 70.30195554825436, 70.35215110307979, 70.40234665790523, 70.45254221273066, 70.5027377675561, 70.55293332238153, 70.60312887720697]
Safety Constraints:
[[54, 86], [54, 86], [54, 86], [54, 86], [54, 86], [54, 86], [54, 86], [54, 86], [54, 86], [54, 86], [54, 86], [54, 86], [54, 86], [54, 86], [54, 86], [54, 86], [54, 86]]
Prices:
[0.21, 0.21, 0.21, 0.21, 0.24, 0.24, 0.24, 0.24, 0.24, 0.24, 0.24, 0.24, 0.24, 0.24, 0.24, 0.24, 0.24]
Occ Predictions:
[0, 0, 1, 1, 1, 1, 1, 1, 1, 1, 1, 1, 1, 1, 1, 1, 1]
Setpoints:
[[54, 86], [54, 86], [68, 74], [68, 74], [68, 74], [68, 74], [68, 74], [68, 74], [68, 74], [68, 74], [68, 74], [68, 74], [68, 74], [68, 74], [68, 74], [68, 74], [68, 74]]
Time needed to calculate the shortest path:
11.2801420689


2018-06-22 14:50:51
MPC Actions: ['0', '0', '0', '0', '0', '0', '0', '0', '0', '0', '0', '0', '0', '0', '0', '0']
Temperatures following the MPC path:
[69.8, 69.85019555482543, 69.90039110965087, 69.9505866644763, 70.00078221930174, 70.05097777412718, 70.10117332895261, 70.15136888377805, 70.20156443860348, 70.25175999342892, 70.30195554825436, 70.35215110307979, 70.40234665790523, 70.45254221273066, 70.5027377675561, 70.55293332238153, 70.60312887720697]
Safety Constraints:
[[54, 86], [54, 86], [54, 86], [54, 86], [54, 86], [54, 86], [54, 86], [54, 86], [54, 86], [54, 86], [54, 86], [54, 86], [54, 86], [54, 86], [54, 86], [54, 86], [54, 86]]
Prices:
[0.21, 0.21, 0.21, 0.24, 0.24, 0.24, 0.24, 0.24, 0.24, 0.24, 0.24, 0.24, 0.24, 0.24, 0.24, 0.24, 0.24]
Occ Predictions:
[0, 1, 1, 1, 1, 1, 1, 1, 1, 1, 1, 1, 1, 1, 1, 1, 1]
Setpoints:
[[54, 86], [68, 74], [68, 74], [68, 74], [68, 74], [68, 74], [68, 74], [68, 74], [68, 74], [68, 74], [68, 74], [68, 74], [68, 74], [68, 74], [68, 74], [68, 74], [68, 74]]
Time needed to calculate the shortest path:
6.85998296738


2018-06-22 15:05:51
MPC Actions: ['0', '0', '0', '0', '0', '0', '0', '0', '0', '0', '0', '0', '0', '0', '0', '0']
Temperatures following the MPC path:
[69.8, 69.85019555482543, 69.90039110965087, 69.9505866644763, 70.00078221930174, 70.05097777412718, 70.10117332895261, 70.15136888377805, 70.20156443860348, 70.25175999342892, 70.30195554825436, 70.35215110307979, 70.40234665790523, 70.45254221273066, 70.5027377675561, 70.55293332238153, 70.60312887720697]
Safety Constraints:
[[54, 86], [54, 86], [54, 86], [54, 86], [54, 86], [54, 86], [54, 86], [54, 86], [54, 86], [54, 86], [54, 86], [54, 86], [54, 86], [54, 86], [54, 86], [54, 86], [54, 86]]
Prices:
[0.21, 0.21, 0.24, 0.24, 0.24, 0.24, 0.24, 0.24, 0.24, 0.24, 0.24, 0.24, 0.24, 0.24, 0.24, 0.24, 0.26]
Occ Predictions:
[1, 1, 1, 1, 1, 1, 1, 1, 1, 1, 1, 1, 1, 1, 1, 1, 1]
Setpoints:
[[68, 74], [68, 74], [68, 74], [68, 74], [68, 74], [68, 74], [68, 74], [68, 74], [68, 74], [68, 74], [68, 74], [68, 74], [68, 74], [68, 74], [68, 74], [68, 74], [68, 74]]
Time needed to calculate the shortest path:
11.0473589897


2018-06-22 15:20:51
MPC Actions: ['0', '0', '0', '0', '0', '0', '0', '0', '0', '0', '0', '0', '0', '0', '0', '0']
Temperatures following the MPC path:
[69.8, 69.85019555482543, 69.90039110965087, 69.9505866644763, 70.00078221930174, 70.05097777412718, 70.10117332895261, 70.15136888377805, 70.20156443860348, 70.25175999342892, 70.30195554825436, 70.35215110307979, 70.40234665790523, 70.45254221273066, 70.5027377675561, 70.55293332238153, 70.60312887720697]
Safety Constraints:
[[54, 86], [54, 86], [54, 86], [54, 86], [54, 86], [54, 86], [54, 86], [54, 86], [54, 86], [54, 86], [54, 86], [54, 86], [54, 86], [54, 86], [54, 86], [54, 86], [54, 86]]
Prices:
[0.21, 0.24, 0.24, 0.24, 0.24, 0.24, 0.24, 0.24, 0.24, 0.24, 0.24, 0.24, 0.24, 0.24, 0.24, 0.26, 0.26]
Occ Predictions:
[1, 1, 1, 1, 1, 1, 1, 1, 1, 1, 1, 1, 1, 1, 1, 1, 1]
Setpoints:
[[68, 74], [68, 74], [68, 74], [68, 74], [68, 74], [68, 74], [68, 74], [68, 74], [68, 74], [68, 74], [68, 74], [68, 74], [68, 74], [68, 74], [68, 74], [68, 74], [68, 74]]
Time needed to calculate the shortest path:
8.20324611664


2018-06-22 15:35:51
MPC Actions: ['0', '0', '0', '0', '0', '0', '0', '0', '0', '0', '0', '0', '0', '0', '0', '0']
Temperatures following the MPC path:
[69.8, 69.85019555482543, 69.90039110965087, 69.9505866644763, 70.00078221930174, 70.05097777412718, 70.10117332895261, 70.15136888377805, 70.20156443860348, 70.25175999342892, 70.30195554825436, 70.35215110307979, 70.40234665790523, 70.45254221273066, 70.5027377675561, 70.55293332238153, 70.60312887720697]
Safety Constraints:
[[54, 86], [54, 86], [54, 86], [54, 86], [54, 86], [54, 86], [54, 86], [54, 86], [54, 86], [54, 86], [54, 86], [54, 86], [54, 86], [54, 86], [54, 86], [54, 86], [54, 86]]
Prices:
[0.24, 0.24, 0.24, 0.24, 0.24, 0.24, 0.24, 0.24, 0.24, 0.24, 0.24, 0.24, 0.24, 0.24, 0.26, 0.26, 0.26]
Occ Predictions:
[1, 1, 1, 1, 1, 1, 1, 1, 1, 1, 1, 1, 1, 1, 1, 1, 1]
Setpoints:
[[68, 74], [68, 74], [68, 74], [68, 74], [68, 74], [68, 74], [68, 74], [68, 74], [68, 74], [68, 74], [68, 74], [68, 74], [68, 74], [68, 74], [68, 74], [68, 74], [68, 74]]
Time needed to calculate the shortest path:
11.4085531235


2018-06-22 15:50:51
MPC Actions: ['0', '0', '0', '0', '0', '0', '0', '0', '0', '0', '0', '0', '0', '0', '0', '0']
Temperatures following the MPC path:
[69.7, 69.75019555482544, 69.80039110965087, 69.85058666447631, 69.90078221930175, 69.95097777412718, 70.00117332895262, 70.05136888377805, 70.10156443860349, 70.15175999342893, 70.20195554825436, 70.2521511030798, 70.30234665790523, 70.35254221273067, 70.4027377675561, 70.45293332238154, 70.50312887720698]
Safety Constraints:
[[54, 86], [54, 86], [54, 86], [54, 86], [54, 86], [54, 86], [54, 86], [54, 86], [54, 86], [54, 86], [54, 86], [54, 86], [54, 86], [54, 86], [54, 86], [54, 86], [54, 86]]
Prices:
[0.24, 0.24, 0.24, 0.24, 0.24, 0.24, 0.24, 0.24, 0.24, 0.24, 0.24, 0.24, 0.24, 0.26, 0.26, 0.26, 0.26]
Occ Predictions:
[1, 1, 1, 1, 1, 1, 1, 1, 1, 1, 1, 1, 1, 1, 1, 1, 1]
Setpoints:
[[68, 74], [68, 74], [68, 74], [68, 74], [68, 74], [68, 74], [68, 74], [68, 74], [68, 74], [68, 74], [68, 74], [68, 74], [68, 74], [68, 74], [68, 74], [68, 74], [68, 74]]
Time needed to calculate the shortest path:
11.0212380886


2018-06-22 16:05:51
MPC Actions: ['0', '0', '0', '0', '0', '0', '0', '0', '0', '0', '0', '0', '0', '0', '0', '0']
Temperatures following the MPC path:
[69.8, 69.85019555482543, 69.90039110965087, 69.9505866644763, 70.00078221930174, 70.05097777412718, 70.10117332895261, 70.15136888377805, 70.20156443860348, 70.25175999342892, 70.30195554825436, 70.35215110307979, 70.40234665790523, 70.45254221273066, 70.5027377675561, 70.55293332238153, 70.60312887720697]
Safety Constraints:
[[54, 86], [54, 86], [54, 86], [54, 86], [54, 86], [54, 86], [54, 86], [54, 86], [54, 86], [54, 86], [54, 86], [54, 86], [54, 86], [54, 86], [54, 86], [54, 86], [54, 86]]
Prices:
[0.24, 0.24, 0.24, 0.24, 0.24, 0.24, 0.24, 0.24, 0.24, 0.24, 0.24, 0.24, 0.26, 0.26, 0.26, 0.26, 0.26]
Occ Predictions:
[1, 1, 1, 1, 1, 1, 1, 1, 1, 1, 1, 1, 1, 1, 1, 1, 1]
Setpoints:
[[68, 74], [68, 74], [68, 74], [68, 74], [68, 74], [68, 74], [68, 74], [68, 74], [68, 74], [68, 74], [68, 74], [68, 74], [68, 74], [68, 74], [68, 74], [68, 74], [68, 74]]
Time needed to calculate the shortest path:
5.84263086319


2018-06-22 16:20:51
MPC Actions: ['0', '0', '0', '0', '0', '0', '0', '0', '0', '0', '0', '0', '0', '0', '0', '0']
Temperatures following the MPC path:
[69.9, 69.95019555482544, 70.00039110965088, 70.05058666447631, 70.10078221930175, 70.15097777412718, 70.20117332895262, 70.25136888377806, 70.30156443860349, 70.35175999342893, 70.40195554825436, 70.4521511030798, 70.50234665790524, 70.55254221273067, 70.6027377675561, 70.65293332238154, 70.70312887720698]
Safety Constraints:
[[54, 86], [54, 86], [54, 86], [54, 86], [54, 86], [54, 86], [54, 86], [54, 86], [54, 86], [54, 86], [54, 86], [54, 86], [54, 86], [54, 86], [54, 86], [54, 86], [54, 86]]
Prices:
[0.24, 0.24, 0.24, 0.24, 0.24, 0.24, 0.24, 0.24, 0.24, 0.24, 0.24, 0.26, 0.26, 0.26, 0.26, 0.26, 0.26]
Occ Predictions:
[1, 1, 1, 1, 1, 1, 1, 1, 1, 1, 1, 1, 1, 1, 1, 1, 1]
Setpoints:
[[68, 74], [68, 74], [68, 74], [68, 74], [68, 74], [68, 74], [68, 74], [68, 74], [68, 74], [68, 74], [68, 74], [68, 74], [68, 74], [68, 74], [68, 74], [68, 74], [68, 74]]
Time needed to calculate the shortest path:
5.81954097748


2018-06-22 16:35:51
MPC Actions: ['0', '0', '0', '0', '0', '0', '0', '0', '0', '0', '0', '0', '0', '0', '0', '0']
Temperatures following the MPC path:
[69.9, 69.95019555482544, 70.00039110965088, 70.05058666447631, 70.10078221930175, 70.15097777412718, 70.20117332895262, 70.25136888377806, 70.30156443860349, 70.35175999342893, 70.40195554825436, 70.4521511030798, 70.50234665790524, 70.55254221273067, 70.6027377675561, 70.65293332238154, 70.70312887720698]
Safety Constraints:
[[54, 86], [54, 86], [54, 86], [54, 86], [54, 86], [54, 86], [54, 86], [54, 86], [54, 86], [54, 86], [54, 86], [54, 86], [54, 86], [54, 86], [54, 86], [54, 86], [54, 86]]
Prices:
[0.24, 0.24, 0.24, 0.24, 0.24, 0.24, 0.24, 0.24, 0.24, 0.24, 0.26, 0.26, 0.26, 0.26, 0.26, 0.26, 0.26]
Occ Predictions:
[1, 1, 1, 1, 1, 1, 1, 1, 1, 1, 1, 1, 1, 1, 1, 1, 1]
Setpoints:
[[68, 74], [68, 74], [68, 74], [68, 74], [68, 74], [68, 74], [68, 74], [68, 74], [68, 74], [68, 74], [68, 74], [68, 74], [68, 74], [68, 74], [68, 74], [68, 74], [68, 74]]
Time needed to calculate the shortest path:
11.5089249611


2018-06-22 16:50:51
MPC Actions: ['0', '0', '0', '0', '0', '0', '0', '0', '0', '0', '0', '0', '0', '0', '0', '0']
Temperatures following the MPC path:
[70.0, 70.05019555482544, 70.10039110965087, 70.15058666447631, 70.20078221930174, 70.25097777412718, 70.30117332895261, 70.35136888377805, 70.40156443860349, 70.45175999342892, 70.50195554825436, 70.5521511030798, 70.60234665790523, 70.65254221273067, 70.7027377675561, 70.75293332238154, 70.80312887720697]
Safety Constraints:
[[54, 86], [54, 86], [54, 86], [54, 86], [54, 86], [54, 86], [54, 86], [54, 86], [54, 86], [54, 86], [54, 86], [54, 86], [54, 86], [54, 86], [54, 86], [54, 86], [54, 86]]
Prices:
[0.24, 0.24, 0.24, 0.24, 0.24, 0.24, 0.24, 0.24, 0.24, 0.26, 0.26, 0.26, 0.26, 0.26, 0.26, 0.26, 0.26]
Occ Predictions:
[1, 1, 1, 1, 1, 1, 1, 1, 1, 1, 1, 1, 1, 1, 1, 1, 1]
Setpoints:
[[68, 74], [68, 74], [68, 74], [68, 74], [68, 74], [68, 74], [68, 74], [68, 74], [68, 74], [68, 74], [68, 74], [68, 74], [68, 74], [68, 74], [68, 74], [68, 74], [68, 74]]
Time needed to calculate the shortest path:
5.91183710098


2018-06-22 17:44:42
MPC Actions: ['0', '0', '0', '0', '0', '0', '0', '0', '0', '0', '0', '0', '0', '0', '0', '0']
Temperatures following the MPC path:
[70.1, 70.15019555482543, 70.20039110965087, 70.2505866644763, 70.30078221930174, 70.35097777412717, 70.40117332895261, 70.45136888377804, 70.50156443860348, 70.55175999342892, 70.60195554825435, 70.65215110307979, 70.70234665790522, 70.75254221273066, 70.8027377675561, 70.85293332238153, 70.90312887720697]
Safety Constraints:
[[54, 86], [54, 86], [54, 86], [54, 86], [54, 86], [54, 86], [54, 86], [54, 86], [54, 86], [54, 86], [54, 86], [54, 86], [54, 86], [54, 86], [54, 86], [54, 86], [54, 86]]
Prices:
[0.24, 0.24, 0.24, 0.24, 0.24, 0.24, 0.26, 0.26, 0.26, 0.26, 0.26, 0.26, 0.26, 0.26, 0.6, 0.6, 0.6, 0.6, 0.6, 0.6, 0.6, 0.6, 0.6, 0.6, 0.6, 0.6, 0.6, 0.6, 0.6]
Occ Predictions:
[1, 1, 1, 1, 1, 1, 1, 1, 1, 1, 1, 1, 1, 1, 1, 1, 1]
Setpoints:
[[68, 74], [68, 74], [68, 74], [68, 74], [68, 74], [68, 74], [68, 74], [68, 74], [68, 74], [68, 74], [68, 74], [68, 74], [68, 74], [68, 74], [68, 74], [68, 74], [68, 74]]
Time needed to calculate the shortest path:
6.33917498589


2018-06-22 17:45:11
MPC Actions: ['0', '0', '0', '0', '0', '0', '0', '0', '0', '0', '0', '0', '0', '0', '0', '0']
Temperatures following the MPC path:
[70.1, 70.15019555482543, 70.20039110965087, 70.2505866644763, 70.30078221930174, 70.35097777412717, 70.40117332895261, 70.45136888377804, 70.50156443860348, 70.55175999342892, 70.60195554825435, 70.65215110307979, 70.70234665790522, 70.75254221273066, 70.8027377675561, 70.85293332238153, 70.90312887720697]
Safety Constraints:
[[54, 86], [54, 86], [54, 86], [54, 86], [54, 86], [54, 86], [54, 86], [54, 86], [54, 86], [54, 86], [54, 86], [54, 86], [54, 86], [54, 86], [54, 86], [54, 86], [54, 86]]
Prices:
[0.24, 0.24, 0.24, 0.24, 0.24, 0.26, 0.26, 0.26, 0.26, 0.26, 0.26, 0.26, 0.26, 0.6, 0.6, 0.6, 0.6, 0.6, 0.6, 0.6, 0.6, 0.6, 0.6, 0.6, 0.6, 0.6, 0.6, 0.6, 0.6, 0.6, 0.6, 0.6, 0.6]
Occ Predictions:
[1, 1, 1, 1, 1, 1, 1, 1, 1, 1, 1, 1, 1, 1, 1, 1, 1]
Setpoints:
[[68, 74], [68, 74], [68, 74], [68, 74], [68, 74], [68, 74], [68, 74], [68, 74], [68, 74], [68, 74], [68, 74], [68, 74], [68, 74], [68, 74], [68, 74], [68, 74], [68, 74]]
Time needed to calculate the shortest path:
4.16747188568


2018-06-22 17:45:26
MPC Actions: ['0', '0', '0', '0', '0', '0', '0', '0', '0', '0', '0', '0', '0', '0', '0', '0']
Temperatures following the MPC path:
[70.1, 70.15019555482543, 70.20039110965087, 70.2505866644763, 70.30078221930174, 70.35097777412717, 70.40117332895261, 70.45136888377804, 70.50156443860348, 70.55175999342892, 70.60195554825435, 70.65215110307979, 70.70234665790522, 70.75254221273066, 70.8027377675561, 70.85293332238153, 70.90312887720697]
Safety Constraints:
[[54, 86], [54, 86], [54, 86], [54, 86], [54, 86], [54, 86], [54, 86], [54, 86], [54, 86], [54, 86], [54, 86], [54, 86], [54, 86], [54, 86], [54, 86], [54, 86], [54, 86]]
Prices:
[0.24, 0.24, 0.24, 0.24, 0.24, 0.26, 0.26, 0.26, 0.26, 0.26, 0.26, 0.26, 0.26, 0.6, 0.6, 0.6, 0.6, 0.6, 0.6, 0.6, 0.6, 0.6, 0.6, 0.6, 0.6, 0.6, 0.6, 0.6, 0.6, 0.6, 0.6, 0.6, 0.6]
Occ Predictions:
[1, 1, 1, 1, 1, 1, 1, 1, 1, 1, 1, 1, 1, 1, 1, 1, 1]
Setpoints:
[[68, 74], [68, 74], [68, 74], [68, 74], [68, 74], [68, 74], [68, 74], [68, 74], [68, 74], [68, 74], [68, 74], [68, 74], [68, 74], [68, 74], [68, 74], [68, 74], [68, 74]]
Time needed to calculate the shortest path:
4.10084915161


2018-06-22 17:45:40
MPC Actions: ['0', '0', '0', '0', '0', '0', '0', '0', '0', '0', '0', '0', '0', '0', '0', '0']
Temperatures following the MPC path:
[70.1, 70.15019555482543, 70.20039110965087, 70.2505866644763, 70.30078221930174, 70.35097777412717, 70.40117332895261, 70.45136888377804, 70.50156443860348, 70.55175999342892, 70.60195554825435, 70.65215110307979, 70.70234665790522, 70.75254221273066, 70.8027377675561, 70.85293332238153, 70.90312887720697]
Safety Constraints:
[[54, 86], [54, 86], [54, 86], [54, 86], [54, 86], [54, 86], [54, 86], [54, 86], [54, 86], [54, 86], [54, 86], [54, 86], [54, 86], [54, 86], [54, 86], [54, 86], [54, 86]]
Prices:
[0.24, 0.24, 0.24, 0.24, 0.24, 0.26, 0.26, 0.26, 0.26, 0.26, 0.26, 0.26, 0.26, 0.6, 0.6, 0.6, 0.6, 0.6, 0.6, 0.6, 0.6, 0.6, 0.6, 0.6, 0.6, 0.6, 0.6, 0.6, 0.6, 0.6, 0.6, 0.6, 0.6]
Occ Predictions:
[1, 1, 1, 1, 1, 1, 1, 1, 1, 1, 1, 1, 1, 1, 1, 1, 1]
Setpoints:
[[68, 74], [68, 74], [68, 74], [68, 74], [68, 74], [68, 74], [68, 74], [68, 74], [68, 74], [68, 74], [68, 74], [68, 74], [68, 74], [68, 74], [68, 74], [68, 74], [68, 74]]
Time needed to calculate the shortest path:
4.15909409523


2018-06-22 17:45:55
MPC Actions: ['0', '0', '0', '0', '0', '0', '0', '0', '0', '0', '0', '0', '0', '0', '0', '0']
Temperatures following the MPC path:
[70.1, 70.15019555482543, 70.20039110965087, 70.2505866644763, 70.30078221930174, 70.35097777412717, 70.40117332895261, 70.45136888377804, 70.50156443860348, 70.55175999342892, 70.60195554825435, 70.65215110307979, 70.70234665790522, 70.75254221273066, 70.8027377675561, 70.85293332238153, 70.90312887720697]
Safety Constraints:
[[54, 86], [54, 86], [54, 86], [54, 86], [54, 86], [54, 86], [54, 86], [54, 86], [54, 86], [54, 86], [54, 86], [54, 86], [54, 86], [54, 86], [54, 86], [54, 86], [54, 86]]
Prices:
[0.24, 0.24, 0.24, 0.24, 0.24, 0.26, 0.26, 0.26, 0.26, 0.26, 0.26, 0.26, 0.26, 0.6, 0.6, 0.6, 0.6, 0.6, 0.6, 0.6, 0.6, 0.6, 0.6, 0.6, 0.6, 0.6, 0.6, 0.6, 0.6, 0.6, 0.6, 0.6, 0.6]
Occ Predictions:
[1, 1, 1, 1, 1, 1, 1, 1, 1, 1, 1, 1, 1, 1, 1, 1, 1]
Setpoints:
[[68, 74], [68, 74], [68, 74], [68, 74], [68, 74], [68, 74], [68, 74], [68, 74], [68, 74], [68, 74], [68, 74], [68, 74], [68, 74], [68, 74], [68, 74], [68, 74], [68, 74]]
Time needed to calculate the shortest path:
4.14473605156


2018-06-22 17:46:10
MPC Actions: ['0', '0', '0', '0', '0', '0', '0', '0', '0', '0', '0', '0', '0', '0', '0', '0']
Temperatures following the MPC path:
[70.1, 70.15019555482543, 70.20039110965087, 70.2505866644763, 70.30078221930174, 70.35097777412717, 70.40117332895261, 70.45136888377804, 70.50156443860348, 70.55175999342892, 70.60195554825435, 70.65215110307979, 70.70234665790522, 70.75254221273066, 70.8027377675561, 70.85293332238153, 70.90312887720697]
Safety Constraints:
[[54, 86], [54, 86], [54, 86], [54, 86], [54, 86], [54, 86], [54, 86], [54, 86], [54, 86], [54, 86], [54, 86], [54, 86], [54, 86], [54, 86], [54, 86], [54, 86], [54, 86]]
Prices:
[0.24, 0.24, 0.24, 0.24, 0.24, 0.26, 0.26, 0.26, 0.26, 0.26, 0.26, 0.26, 0.26, 0.6, 0.6, 0.6, 0.6, 0.6, 0.6, 0.6, 0.6, 0.6, 0.6, 0.6, 0.6, 0.6, 0.6, 0.6, 0.6, 0.6, 0.6, 0.6, 0.6]
Occ Predictions:
[1, 1, 1, 1, 1, 1, 1, 1, 1, 1, 1, 1, 1, 1, 1, 1, 1]
Setpoints:
[[68, 74], [68, 74], [68, 74], [68, 74], [68, 74], [68, 74], [68, 74], [68, 74], [68, 74], [68, 74], [68, 74], [68, 74], [68, 74], [68, 74], [68, 74], [68, 74], [68, 74]]
Time needed to calculate the shortest path:
4.30237412453


2018-06-22 17:46:25
MPC Actions: ['0', '0', '0', '0', '0', '0', '0', '0', '0', '0', '0', '0', '0', '0', '0', '0']
Temperatures following the MPC path:
[70.1, 70.15019555482543, 70.20039110965087, 70.2505866644763, 70.30078221930174, 70.35097777412717, 70.40117332895261, 70.45136888377804, 70.50156443860348, 70.55175999342892, 70.60195554825435, 70.65215110307979, 70.70234665790522, 70.75254221273066, 70.8027377675561, 70.85293332238153, 70.90312887720697]
Safety Constraints:
[[54, 86], [54, 86], [54, 86], [54, 86], [54, 86], [54, 86], [54, 86], [54, 86], [54, 86], [54, 86], [54, 86], [54, 86], [54, 86], [54, 86], [54, 86], [54, 86], [54, 86]]
Prices:
[0.24, 0.24, 0.24, 0.24, 0.24, 0.26, 0.26, 0.26, 0.26, 0.26, 0.26, 0.26, 0.26, 0.6, 0.6, 0.6, 0.6, 0.6, 0.6, 0.6, 0.6, 0.6, 0.6, 0.6, 0.6, 0.6, 0.6, 0.6, 0.6, 0.6, 0.6, 0.6, 0.6]
Occ Predictions:
[1, 1, 1, 1, 1, 1, 1, 1, 1, 1, 1, 1, 1, 1, 1, 1, 1]
Setpoints:
[[68, 74], [68, 74], [68, 74], [68, 74], [68, 74], [68, 74], [68, 74], [68, 74], [68, 74], [68, 74], [68, 74], [68, 74], [68, 74], [68, 74], [68, 74], [68, 74], [68, 74]]
Time needed to calculate the shortest path:
4.11445498466


2018-06-22 17:46:40
MPC Actions: ['0', '0', '0', '0', '0', '0', '0', '0', '0', '0', '0', '0', '0', '0', '0', '0']
Temperatures following the MPC path:
[70.1, 70.15019555482543, 70.20039110965087, 70.2505866644763, 70.30078221930174, 70.35097777412717, 70.40117332895261, 70.45136888377804, 70.50156443860348, 70.55175999342892, 70.60195554825435, 70.65215110307979, 70.70234665790522, 70.75254221273066, 70.8027377675561, 70.85293332238153, 70.90312887720697]
Safety Constraints:
[[54, 86], [54, 86], [54, 86], [54, 86], [54, 86], [54, 86], [54, 86], [54, 86], [54, 86], [54, 86], [54, 86], [54, 86], [54, 86], [54, 86], [54, 86], [54, 86], [54, 86]]
Prices:
[0.24, 0.24, 0.24, 0.24, 0.24, 0.26, 0.26, 0.26, 0.26, 0.26, 0.26, 0.26, 0.26, 0.6, 0.6, 0.6, 0.6, 0.6, 0.6, 0.6, 0.6, 0.6, 0.6, 0.6, 0.6, 0.6, 0.6, 0.6, 0.6, 0.6, 0.6, 0.6, 0.6]
Occ Predictions:
[1, 1, 1, 1, 1, 1, 1, 1, 1, 1, 1, 1, 1, 1, 1, 1, 1]
Setpoints:
[[68, 74], [68, 74], [68, 74], [68, 74], [68, 74], [68, 74], [68, 74], [68, 74], [68, 74], [68, 74], [68, 74], [68, 74], [68, 74], [68, 74], [68, 74], [68, 74], [68, 74]]
Time needed to calculate the shortest path:
4.16540503502


2018-06-22 17:46:54
MPC Actions: ['0', '0', '0', '0', '0', '0', '0', '0', '0', '0', '0', '0', '0', '0', '0', '0']
Temperatures following the MPC path:
[70.1, 70.15019555482543, 70.20039110965087, 70.2505866644763, 70.30078221930174, 70.35097777412717, 70.40117332895261, 70.45136888377804, 70.50156443860348, 70.55175999342892, 70.60195554825435, 70.65215110307979, 70.70234665790522, 70.75254221273066, 70.8027377675561, 70.85293332238153, 70.90312887720697]
Safety Constraints:
[[54, 86], [54, 86], [54, 86], [54, 86], [54, 86], [54, 86], [54, 86], [54, 86], [54, 86], [54, 86], [54, 86], [54, 86], [54, 86], [54, 86], [54, 86], [54, 86], [54, 86]]
Prices:
[0.24, 0.24, 0.24, 0.24, 0.24, 0.26, 0.26, 0.26, 0.26, 0.26, 0.26, 0.26, 0.26, 0.6, 0.6, 0.6, 0.6, 0.6, 0.6, 0.6, 0.6, 0.6, 0.6, 0.6, 0.6, 0.6, 0.6, 0.6, 0.6, 0.6, 0.6, 0.6, 0.6]
Occ Predictions:
[1, 1, 1, 1, 1, 1, 1, 1, 1, 1, 1, 1, 1, 1, 1, 1, 1]
Setpoints:
[[68, 74], [68, 74], [68, 74], [68, 74], [68, 74], [68, 74], [68, 74], [68, 74], [68, 74], [68, 74], [68, 74], [68, 74], [68, 74], [68, 74], [68, 74], [68, 74], [68, 74]]
Time needed to calculate the shortest path:
4.0530769825


2018-06-22 17:47:09
MPC Actions: ['0', '0', '0', '0', '0', '0', '0', '0', '0', '0', '0', '0', '0', '0', '0', '0']
Temperatures following the MPC path:
[70.1, 70.15019555482543, 70.20039110965087, 70.2505866644763, 70.30078221930174, 70.35097777412717, 70.40117332895261, 70.45136888377804, 70.50156443860348, 70.55175999342892, 70.60195554825435, 70.65215110307979, 70.70234665790522, 70.75254221273066, 70.8027377675561, 70.85293332238153, 70.90312887720697]
Safety Constraints:
[[54, 86], [54, 86], [54, 86], [54, 86], [54, 86], [54, 86], [54, 86], [54, 86], [54, 86], [54, 86], [54, 86], [54, 86], [54, 86], [54, 86], [54, 86], [54, 86], [54, 86]]
Prices:
[0.24, 0.24, 0.24, 0.24, 0.24, 0.26, 0.26, 0.26, 0.26, 0.26, 0.26, 0.26, 0.26, 0.6, 0.6, 0.6, 0.6, 0.6, 0.6, 0.6, 0.6, 0.6, 0.6, 0.6, 0.6, 0.6, 0.6, 0.6, 0.6, 0.6, 0.6, 0.6, 0.6]
Occ Predictions:
[1, 1, 1, 1, 1, 1, 1, 1, 1, 1, 1, 1, 1, 1, 1, 1, 1]
Setpoints:
[[68, 74], [68, 74], [68, 74], [68, 74], [68, 74], [68, 74], [68, 74], [68, 74], [68, 74], [68, 74], [68, 74], [68, 74], [68, 74], [68, 74], [68, 74], [68, 74], [68, 74]]
Time needed to calculate the shortest path:
5.15650391579


2018-06-22 17:47:25
MPC Actions: ['0', '0', '0', '0', '0', '0', '0', '0', '0', '0', '0', '0', '0', '0', '0', '0']
Temperatures following the MPC path:
[70.1, 70.15019555482543, 70.20039110965087, 70.2505866644763, 70.30078221930174, 70.35097777412717, 70.40117332895261, 70.45136888377804, 70.50156443860348, 70.55175999342892, 70.60195554825435, 70.65215110307979, 70.70234665790522, 70.75254221273066, 70.8027377675561, 70.85293332238153, 70.90312887720697]
Safety Constraints:
[[54, 86], [54, 86], [54, 86], [54, 86], [54, 86], [54, 86], [54, 86], [54, 86], [54, 86], [54, 86], [54, 86], [54, 86], [54, 86], [54, 86], [54, 86], [54, 86], [54, 86]]
Prices:
[0.24, 0.24, 0.24, 0.24, 0.24, 0.26, 0.26, 0.26, 0.26, 0.26, 0.26, 0.26, 0.26, 0.6, 0.6, 0.6, 0.6, 0.6, 0.6, 0.6, 0.6, 0.6, 0.6, 0.6, 0.6, 0.6, 0.6, 0.6, 0.6, 0.6, 0.6, 0.6, 0.6]
Occ Predictions:
[1, 1, 1, 1, 1, 1, 1, 1, 1, 1, 1, 1, 1, 1, 1, 1, 1]
Setpoints:
[[68, 74], [68, 74], [68, 74], [68, 74], [68, 74], [68, 74], [68, 74], [68, 74], [68, 74], [68, 74], [68, 74], [68, 74], [68, 74], [68, 74], [68, 74], [68, 74], [68, 74]]
Time needed to calculate the shortest path:
4.71032691002


2018-06-22 17:50:50
MPC Actions: ['0', '0', '0', '0', '0', '0', '0', '0', '0', '0', '0', '0', '0', '0', '0', '0']
Temperatures following the MPC path:
[70.1, 70.15019555482543, 70.20039110965087, 70.2505866644763, 70.30078221930174, 70.35097777412717, 70.40117332895261, 70.45136888377804, 70.50156443860348, 70.55175999342892, 70.60195554825435, 70.65215110307979, 70.70234665790522, 70.75254221273066, 70.8027377675561, 70.85293332238153, 70.90312887720697]
Safety Constraints:
[[54, 86], [54, 86], [54, 86], [54, 86], [54, 86], [54, 86], [54, 86], [54, 86], [54, 86], [54, 86], [54, 86], [54, 86], [54, 86], [54, 86], [54, 86], [54, 86], [54, 86]]
Prices:
[0.24, 0.24, 0.24, 0.24, 0.24, 0.26, 0.26, 0.26, 0.26, 0.26, 0.26, 0.26, 0.26, 0.6, 0.6, 0.6, 0.6, 0.6, 0.6, 0.6, 0.6, 0.6, 0.6, 0.6, 0.6, 0.6, 0.6, 0.6, 0.6, 0.6, 0.6, 0.6, 0.6]
Occ Predictions:
[1, 1, 1, 1, 1, 1, 1, 1, 1, 1, 1, 1, 1, 1, 1, 1, 1]
Setpoints:
[[68, 74], [68, 74], [68, 74], [68, 74], [68, 74], [68, 74], [68, 74], [68, 74], [68, 74], [68, 74], [68, 74], [68, 74], [68, 74], [68, 74], [68, 74], [68, 74], [68, 74]]
Time needed to calculate the shortest path:
4.52202701569


2018-06-22 17:51:06
MPC Actions: ['0', '0', '0', '0', '0', '0', '0', '0', '0', '0', '0', '0', '0', '0', '0', '0']
Temperatures following the MPC path:
[70.1, 70.15019555482543, 70.20039110965087, 70.2505866644763, 70.30078221930174, 70.35097777412717, 70.40117332895261, 70.45136888377804, 70.50156443860348, 70.55175999342892, 70.60195554825435, 70.65215110307979, 70.70234665790522, 70.75254221273066, 70.8027377675561, 70.85293332238153, 70.90312887720697]
Safety Constraints:
[[54, 86], [54, 86], [54, 86], [54, 86], [54, 86], [54, 86], [54, 86], [54, 86], [54, 86], [54, 86], [54, 86], [54, 86], [54, 86], [54, 86], [54, 86], [54, 86], [54, 86]]
Prices:
[0.24, 0.24, 0.24, 0.24, 0.24, 0.26, 0.26, 0.26, 0.26, 0.26, 0.26, 0.26, 0.26, 0.6, 0.6, 0.6, 0.6, 0.6, 0.6, 0.6, 0.6, 0.6, 0.6, 0.6, 0.6, 0.6, 0.6, 0.6, 0.6, 0.6, 0.6, 0.6, 0.6]
Occ Predictions:
[1, 1, 1, 1, 1, 1, 1, 1, 1, 1, 1, 1, 1, 1, 1, 1, 1]
Setpoints:
[[68, 74], [68, 74], [68, 74], [68, 74], [68, 74], [68, 74], [68, 74], [68, 74], [68, 74], [68, 74], [68, 74], [68, 74], [68, 74], [68, 74], [68, 74], [68, 74], [68, 74]]
Time needed to calculate the shortest path:
4.96451592445


2018-06-22 17:51:22
MPC Actions: ['0', '0', '0', '0', '0', '0', '0', '0', '0', '0', '0', '0', '0', '0', '0', '0']
Temperatures following the MPC path:
[70.1, 70.15019555482543, 70.20039110965087, 70.2505866644763, 70.30078221930174, 70.35097777412717, 70.40117332895261, 70.45136888377804, 70.50156443860348, 70.55175999342892, 70.60195554825435, 70.65215110307979, 70.70234665790522, 70.75254221273066, 70.8027377675561, 70.85293332238153, 70.90312887720697]
Safety Constraints:
[[54, 86], [54, 86], [54, 86], [54, 86], [54, 86], [54, 86], [54, 86], [54, 86], [54, 86], [54, 86], [54, 86], [54, 86], [54, 86], [54, 86], [54, 86], [54, 86], [54, 86]]
Prices:
[0.24, 0.24, 0.24, 0.24, 0.24, 0.26, 0.26, 0.26, 0.26, 0.26, 0.26, 0.26, 0.26, 0.6, 0.6, 0.6, 0.6, 0.6, 0.6, 0.6, 0.6, 0.6, 0.6, 0.6, 0.6, 0.6, 0.6, 0.6, 0.6, 0.6, 0.6, 0.6, 0.6]
Occ Predictions:
[1, 1, 1, 1, 1, 1, 1, 1, 1, 1, 1, 1, 1, 1, 1, 1, 1]
Setpoints:
[[68, 74], [68, 74], [68, 74], [68, 74], [68, 74], [68, 74], [68, 74], [68, 74], [68, 74], [68, 74], [68, 74], [68, 74], [68, 74], [68, 74], [68, 74], [68, 74], [68, 74]]
Time needed to calculate the shortest path:
4.63046216965
