2018-10-08 16:25:32 UTC , System On

2018-10-08 16:25:32 UTC , MPC started , lambda=0.995000

2018-10-08 16:25:32 UTC , System Off , System did not shut off properly

2018-10-08 16:25:51 UTC , System On

2018-10-08 16:25:51 UTC , MPC started , lambda=0.995000

2018-10-08 16:25:51 UTC , System Off , System did not shut off properly

2018-10-08 16:26:25 UTC , System On

2018-10-08 16:26:25 UTC , MPC started , lambda=0.995000

2018-10-08 16:26:25 UTC , System Off , System did not shut off properly

2018-10-08 16:34:17 UTC , System On

2018-10-08 16:34:17 UTC , MPC started , lambda=0.995000

2018-10-08 16:34:17 UTC , System Off , System did not shut off properly

2018-10-08 16:36:45 UTC , System On

2018-10-08 16:36:45 UTC , MPC started , lambda=0.995000

2018-10-08 16:36:45 UTC , System Off , System did not shut off properly

2018-10-08 17:03:39 UTC , System On

2018-10-08 17:03:39 UTC , MPC started , lambda=0.995000

2018-10-08 17:03:39 UTC , System Off , System did not shut off properly

2018-10-08 17:06:13 UTC , System On

2018-10-08 17:06:13 UTC , MPC started , lambda=0.995000

2018-10-08 17:06:13 UTC , System Off , System did not shut off properly

2018-10-08 17:06:36 UTC , System On

2018-10-08 17:06:36 UTC , MPC started , lambda=0.995000

2018-10-08 17:06:36 UTC , System Off , System did not shut off properly

2018-10-08 17:06:36 UTC , System Off , Manual Setpoint Change

2018-10-08 17:21:36 UTC , System On

2018-10-08 17:21:36 UTC , MPC started , lambda=0.995000

2018-10-08 17:21:36 UTC , System Off , System did not shut off properly

2018-10-08 17:36:36 UTC , System On

2018-10-08 17:36:36 UTC , MPC started , lambda=0.995000

2018-10-08 17:36:36 UTC , System Off , System did not shut off properly

2018-10-08 17:51:36 UTC , System On

2018-10-08 17:51:36 UTC , MPC started , lambda=0.995000

2018-10-08 17:51:36 UTC , System Off , System did not shut off properly

2018-10-08 18:37:56 UTC , System On

2018-10-08 18:37:56 UTC , MPC started , lambda=0.995000

2018-10-08 18:37:56 UTC , System Off , System did not shut off properly

2018-10-08 18:52:56 UTC , System On

2018-10-08 18:52:56 UTC , MPC started , lambda=0.995000

2018-10-08 18:52:56 UTC , System Off , System did not shut off properly

2018-10-08 19:07:56 UTC , System On

2018-10-08 19:07:56 UTC , MPC started , lambda=0.995000

2018-10-08 19:07:56 UTC , System Off , System did not shut off properly

2018-10-08 19:22:56 UTC , System On

2018-10-08 19:22:56 UTC , MPC started , lambda=0.995000

2018-10-08 19:22:56 UTC , System Off , System did not shut off properly

2018-10-08 19:37:56 UTC , System On

2018-10-08 19:37:56 UTC , MPC started , lambda=0.995000

2018-10-08 19:37:56 UTC , System Off , System did not shut off properly

2018-10-08 19:52:56 UTC , System On

2018-10-08 19:52:56 UTC , MPC started , lambda=0.995000

2018-10-08 19:52:56 UTC , System Off , System did not shut off properly

2018-10-08 20:07:56 UTC , System On

2018-10-08 20:07:56 UTC , MPC started , lambda=0.995000

2018-10-08 20:07:56 UTC , System Off , System did not shut off properly

2018-10-08 20:22:56 UTC , System On

2018-10-08 20:22:56 UTC , MPC started , lambda=0.995000

2018-10-08 20:22:56 UTC , System Off , System did not shut off properly

2018-10-08 20:37:56 UTC , System On

2018-10-08 20:37:56 UTC , MPC started , lambda=0.995000

2018-10-08 20:37:56 UTC , System Off , System did not shut off properly

2018-10-08 20:52:56 UTC , System On

2018-10-08 20:52:56 UTC , MPC started , lambda=0.995000

2018-10-08 20:52:56 UTC , System Off , System did not shut off properly

2018-10-08 21:07:56 UTC , System On

2018-10-08 21:07:56 UTC , MPC started , lambda=0.995000

2018-10-08 21:07:56 UTC , System Off , System did not shut off properly

2018-10-08 21:07:56 UTC , System Off , Manual Setpoint Change

2018-10-08 21:22:56 UTC , System On

2018-10-08 21:22:56 UTC , MPC started , lambda=0.995000

2018-10-08 21:22:56 UTC , System Off , System did not shut off properly

2018-10-08 21:37:56 UTC , System On

2018-10-08 21:37:56 UTC , MPC started , lambda=0.995000

2018-10-08 21:37:56 UTC , System Off , System did not shut off properly

2018-10-08 21:52:56 UTC , System On

2018-10-08 21:52:56 UTC , MPC started , lambda=0.995000

2018-10-08 21:52:56 UTC , System Off , System did not shut off properly

2018-10-08 22:07:56 UTC , System On

2018-10-08 22:07:56 UTC , MPC started , lambda=0.995000

2018-10-08 22:07:56 UTC , Placeholder

