

2018-06-22 13:50:44
MPC Actions: ['2', '2', '2', '2', '0', '0', '0', '0', '1', '1', '0', '0', '0', '0', '0', '0']
Temperatures following the MPC path:
[68.8, 68.25101766580252, 67.70203533160505, 67.15305299740757, 66.6040706632101, 66.65591572207596, 66.70776078094183, 66.75960583980769, 66.81145089867356, 69.15058682522643, 71.4897227517793, 71.54156781064516, 71.59341286951103, 71.64525792837689, 71.69710298724276, 71.74894804610862, 71.80079310497449]
Safety Constraints:
[[54.0, 86.0], [54.0, 86.0], [54.0, 86.0], [54.0, 86.0], [54.0, 86.0], [54.0, 86.0], [54.0, 86.0], [54.0, 86.0], [54.0, 86.0], [54.0, 86.0], [54.0, 86.0], [54.0, 86.0], [54.0, 86.0], [54.0, 86.0], [54.0, 86.0], [54.0, 86.0], [54.0, 86.0]]
Prices:
[0.21, 0.21, 0.21, 0.21, 0.21, 0.21, 0.21, 0.24, 0.24, 0.24, 0.24, 0.24, 0.24, 0.24, 0.24, 0.24, 0.24]
Occ Predictions:
[1, 1, 1, 1, 1, 1, 1, 1, 1, 1, 1, 1, 1, 1, 1, 1, 1]
Setpoints:
[[65.0, 68.0], [65.0, 68.0], [65.0, 68.0], [65.0, 68.0], [65.0, 68.0], [65.0, 68.0], [65.0, 68.0], [65.0, 68.0], [65.0, 68.0], [70.0, 73.0], [70.0, 73.0], [70.0, 73.0], [70.0, 73.0], [70.0, 73.0], [70.0, 73.0], [70.0, 73.0], [70.0, 73.0]]
Time needed to calculate the shortest path:
29.7195160389


2018-06-22 14:05:44
MPC Actions: ['2', '2', '2', '0', '0', '0', '0', '1', '1', '0', '0', '0', '0', '0', '0', '0']
Temperatures following the MPC path:
[68.2, 67.65101766580253, 67.10203533160505, 66.55305299740758, 66.60489805627344, 66.6567431151393, 66.70858817400517, 66.76043323287104, 69.09956915942391, 71.43870508597678, 71.49055014484264, 71.54239520370851, 71.59424026257437, 71.64608532144024, 71.6979303803061, 71.74977543917197, 71.80162049803783]
Safety Constraints:
[[54.0, 86.0], [54.0, 86.0], [54.0, 86.0], [54.0, 86.0], [54.0, 86.0], [54.0, 86.0], [54.0, 86.0], [54.0, 86.0], [54.0, 86.0], [54.0, 86.0], [54.0, 86.0], [54.0, 86.0], [54.0, 86.0], [54.0, 86.0], [54.0, 86.0], [54.0, 86.0], [54.0, 86.0]]
Prices:
[0.21, 0.21, 0.21, 0.21, 0.21, 0.21, 0.24, 0.24, 0.24, 0.24, 0.24, 0.24, 0.24, 0.24, 0.24, 0.24, 0.24]
Occ Predictions:
[1, 1, 1, 1, 1, 1, 1, 1, 1, 1, 1, 1, 1, 1, 1, 1, 1]
Setpoints:
[[65.0, 68.0], [65.0, 68.0], [65.0, 68.0], [65.0, 68.0], [65.0, 68.0], [65.0, 68.0], [65.0, 68.0], [65.0, 68.0], [70.0, 73.0], [70.0, 73.0], [70.0, 73.0], [70.0, 73.0], [70.0, 73.0], [70.0, 73.0], [70.0, 73.0], [70.0, 73.0], [70.0, 73.0]]
Time needed to calculate the shortest path:
73.1440851688


2018-06-22 14:20:44
MPC Actions: ['2', '0', '0', '0', '0', '0', '1', '1', '0', '0', '0', '0', '0', '0', '0', '0']
Temperatures following the MPC path:
[66.9, 66.35101766580253, 66.4028627246684, 66.45470778353426, 66.50655284240013, 66.55839790126599, 66.61024296013186, 68.94937888668473, 71.2885148132376, 71.34035987210346, 71.39220493096933, 71.4440499898352, 71.49589504870106, 71.54774010756692, 71.59958516643279, 71.65143022529865, 71.70327528416452]
Safety Constraints:
[[54.0, 86.0], [54.0, 86.0], [54.0, 86.0], [54.0, 86.0], [54.0, 86.0], [54.0, 86.0], [54.0, 86.0], [54.0, 86.0], [54.0, 86.0], [54.0, 86.0], [54.0, 86.0], [54.0, 86.0], [54.0, 86.0], [54.0, 86.0], [54.0, 86.0], [54.0, 86.0], [54.0, 86.0]]
Prices:
[0.21, 0.21, 0.21, 0.21, 0.21, 0.24, 0.24, 0.24, 0.24, 0.24, 0.24, 0.24, 0.24, 0.24, 0.24, 0.24, 0.24]
Occ Predictions:
[1, 1, 1, 1, 1, 1, 1, 1, 1, 1, 1, 1, 1, 1, 1, 1, 1]
Setpoints:
[[65.0, 68.0], [65.0, 68.0], [65.0, 68.0], [65.0, 68.0], [65.0, 68.0], [65.0, 68.0], [65.0, 68.0], [70.0, 73.0], [70.0, 73.0], [70.0, 73.0], [70.0, 73.0], [70.0, 73.0], [70.0, 73.0], [70.0, 73.0], [70.0, 73.0], [70.0, 73.0], [70.0, 73.0]]
Time needed to calculate the shortest path:
36.3358721733


2018-06-22 14:35:45
MPC Actions: ['2', '2', '2', '0', '0', '1', '1', '0', '0', '0', '0', '0', '0', '0', '0', '0']
Temperatures following the MPC path:
[68.0, 67.45101766580252, 66.90203533160505, 66.35305299740757, 66.40489805627344, 66.4567431151393, 68.79587904169217, 71.13501496824504, 71.18686002711091, 71.23870508597678, 71.29055014484264, 71.3423952037085, 71.39424026257437, 71.44608532144024, 71.4979303803061, 71.54977543917197, 71.60162049803783]
Safety Constraints:
[[54.0, 86.0], [54.0, 86.0], [54.0, 86.0], [54.0, 86.0], [54.0, 86.0], [54.0, 86.0], [54.0, 86.0], [54.0, 86.0], [54.0, 86.0], [54.0, 86.0], [54.0, 86.0], [54.0, 86.0], [54.0, 86.0], [54.0, 86.0], [54.0, 86.0], [54.0, 86.0], [54.0, 86.0]]
Prices:
[0.21, 0.21, 0.21, 0.21, 0.24, 0.24, 0.24, 0.24, 0.24, 0.24, 0.24, 0.24, 0.24, 0.24, 0.24, 0.24, 0.24]
Occ Predictions:
[1, 1, 1, 1, 1, 1, 1, 1, 1, 1, 1, 1, 1, 1, 1, 1, 1]
Setpoints:
[[65.0, 68.0], [65.0, 68.0], [65.0, 68.0], [65.0, 68.0], [65.0, 68.0], [65.0, 68.0], [70.0, 73.0], [70.0, 73.0], [70.0, 73.0], [70.0, 73.0], [70.0, 73.0], [70.0, 73.0], [70.0, 73.0], [70.0, 73.0], [70.0, 73.0], [70.0, 73.0], [70.0, 73.0]]
Time needed to calculate the shortest path:
18.4768600464


2018-06-22 14:50:45
MPC Actions: ['2', '2', '0', '0', '1', '1', '0', '0', '0', '0', '0', '0', '0', '0', '0', '0']
Temperatures following the MPC path:
[67.9, 67.35101766580253, 66.80203533160505, 66.85388039047092, 66.90572544933679, 69.24486137588966, 71.58399730244253, 71.63584236130839, 71.68768742017426, 71.73953247904012, 71.79137753790599, 71.84322259677185, 71.89506765563772, 71.94691271450358, 71.99875777336945, 72.05060283223531, 72.10244789110118]
Safety Constraints:
[[54.0, 86.0], [54.0, 86.0], [54.0, 86.0], [54.0, 86.0], [54.0, 86.0], [54.0, 86.0], [54.0, 86.0], [54.0, 86.0], [54.0, 86.0], [54.0, 86.0], [54.0, 86.0], [54.0, 86.0], [54.0, 86.0], [54.0, 86.0], [54.0, 86.0], [54.0, 86.0], [54.0, 86.0]]
Prices:
[0.21, 0.21, 0.21, 0.24, 0.24, 0.24, 0.24, 0.24, 0.24, 0.24, 0.24, 0.24, 0.24, 0.24, 0.24, 0.24, 0.24]
Occ Predictions:
[1, 1, 1, 1, 1, 1, 1, 1, 1, 1, 1, 1, 1, 1, 1, 1, 1]
Setpoints:
[[65.0, 68.0], [65.0, 68.0], [65.0, 68.0], [65.0, 68.0], [65.0, 68.0], [70.0, 73.0], [70.0, 73.0], [70.0, 73.0], [70.0, 73.0], [70.0, 73.0], [70.0, 73.0], [70.0, 73.0], [70.0, 73.0], [70.0, 73.0], [70.0, 73.0], [70.0, 73.0], [70.0, 73.0]]
Time needed to calculate the shortest path:
23.7673351765


2018-06-22 15:05:45
MPC Actions: ['2', '2', '0', '1', '1', '0', '0', '0', '0', '0', '0', '0', '0', '0', '0', '0']
Temperatures following the MPC path:
[68.0, 67.45101766580252, 66.90203533160505, 66.95388039047091, 69.29301631702378, 71.63215224357666, 71.68399730244252, 71.73584236130839, 71.78768742017425, 71.83953247904012, 71.89137753790598, 71.94322259677185, 71.99506765563771, 72.04691271450358, 72.09875777336944, 72.15060283223531, 72.20244789110117]
Safety Constraints:
[[54.0, 86.0], [54.0, 86.0], [54.0, 86.0], [54.0, 86.0], [54.0, 86.0], [54.0, 86.0], [54.0, 86.0], [54.0, 86.0], [54.0, 86.0], [54.0, 86.0], [54.0, 86.0], [54.0, 86.0], [54.0, 86.0], [54.0, 86.0], [54.0, 86.0], [54.0, 86.0], [54.0, 86.0]]
Prices:
[0.21, 0.21, 0.24, 0.24, 0.24, 0.24, 0.24, 0.24, 0.24, 0.24, 0.24, 0.24, 0.24, 0.24, 0.24, 0.24, 0.26]
Occ Predictions:
[1, 1, 1, 1, 1, 1, 1, 1, 1, 1, 1, 1, 1, 1, 1, 1, 1]
Setpoints:
[[65.0, 68.0], [65.0, 68.0], [65.0, 68.0], [65.0, 68.0], [70.0, 73.0], [70.0, 73.0], [70.0, 73.0], [70.0, 73.0], [70.0, 73.0], [70.0, 73.0], [70.0, 73.0], [70.0, 73.0], [70.0, 73.0], [70.0, 73.0], [70.0, 73.0], [70.0, 73.0], [70.0, 73.0]]
Time needed to calculate the shortest path:
26.2453119755


2018-06-22 15:20:44
MPC Actions: ['2', '2', '1', '1', '0', '0', '0', '0', '0', '0', '0', '0', '0', '0', '0', '0']
Temperatures following the MPC path:
[68.2, 67.65101766580253, 67.10203533160505, 69.44117125815792, 71.7803071847108, 71.83215224357666, 71.88399730244252, 71.93584236130839, 71.98768742017425, 72.03953247904012, 72.09137753790598, 72.14322259677185, 72.19506765563771, 72.24691271450358, 72.29875777336945, 72.35060283223531, 72.40244789110118]
Safety Constraints:
[[54.0, 86.0], [54.0, 86.0], [54.0, 86.0], [54.0, 86.0], [54.0, 86.0], [54.0, 86.0], [54.0, 86.0], [54.0, 86.0], [54.0, 86.0], [54.0, 86.0], [54.0, 86.0], [54.0, 86.0], [54.0, 86.0], [54.0, 86.0], [54.0, 86.0], [54.0, 86.0], [54.0, 86.0]]
Prices:
[0.21, 0.24, 0.24, 0.24, 0.24, 0.24, 0.24, 0.24, 0.24, 0.24, 0.24, 0.24, 0.24, 0.24, 0.24, 0.26, 0.26]
Occ Predictions:
[1, 1, 1, 1, 1, 1, 1, 1, 1, 1, 1, 1, 1, 1, 1, 1, 1]
Setpoints:
[[65.0, 68.0], [65.0, 68.0], [65.0, 68.0], [70.0, 73.0], [70.0, 73.0], [70.0, 73.0], [70.0, 73.0], [70.0, 73.0], [70.0, 73.0], [70.0, 73.0], [70.0, 73.0], [70.0, 73.0], [70.0, 73.0], [70.0, 73.0], [70.0, 73.0], [70.0, 73.0], [70.0, 73.0]]
Time needed to calculate the shortest path:
6.61788010597


2018-06-22 15:35:44
MPC Actions: ['2', '0', '1', '0', '0', '0', '0', '0', '0', '0', '0', '0', '0', '0', '0', '0']
Temperatures following the MPC path:
[68.8, 68.25101766580252, 68.30286272466839, 70.64199865122126, 70.69384371008712, 70.74568876895299, 70.79753382781885, 70.84937888668472, 70.90122394555058, 70.95306900441645, 71.00491406328231, 71.05675912214818, 71.10860418101404, 71.16044923987991, 71.21229429874577, 71.26413935761164, 71.3159844164775]
Safety Constraints:
[[54.0, 86.0], [54.0, 86.0], [54.0, 86.0], [54.0, 86.0], [54.0, 86.0], [54.0, 86.0], [54.0, 86.0], [54.0, 86.0], [54.0, 86.0], [54.0, 86.0], [54.0, 86.0], [54.0, 86.0], [54.0, 86.0], [54.0, 86.0], [54.0, 86.0], [54.0, 86.0], [54.0, 86.0]]
Prices:
[0.24, 0.24, 0.24, 0.24, 0.24, 0.24, 0.24, 0.24, 0.24, 0.24, 0.24, 0.24, 0.24, 0.24, 0.26, 0.26, 0.26]
Occ Predictions:
[1, 1, 1, 1, 1, 1, 1, 1, 1, 1, 1, 1, 1, 1, 1, 1, 1]
Setpoints:
[[65.0, 68.0], [65.0, 68.0], [70.0, 73.0], [70.0, 73.0], [70.0, 73.0], [70.0, 73.0], [70.0, 73.0], [70.0, 73.0], [70.0, 73.0], [70.0, 73.0], [70.0, 73.0], [70.0, 73.0], [70.0, 73.0], [70.0, 73.0], [70.0, 73.0], [70.0, 73.0], [70.0, 73.0]]
Time needed to calculate the shortest path:
23.8438169956


2018-06-22 15:50:44
MPC Actions: ['2', '1', '0', '0', '0', '0', '0', '0', '0', '0', '0', '0', '0', '0', '0', '0']
Temperatures following the MPC path:
[69.8, 69.25101766580252, 71.59015359235539, 71.64199865122126, 71.69384371008712, 71.74568876895299, 71.79753382781885, 71.84937888668472, 71.90122394555058, 71.95306900441645, 72.00491406328231, 72.05675912214818, 72.10860418101404, 72.16044923987991, 72.21229429874577, 72.26413935761164, 72.3159844164775]
Safety Constraints:
[[54.0, 86.0], [54.0, 86.0], [54.0, 86.0], [54.0, 86.0], [54.0, 86.0], [54.0, 86.0], [54.0, 86.0], [54.0, 86.0], [54.0, 86.0], [54.0, 86.0], [54.0, 86.0], [54.0, 86.0], [54.0, 86.0], [54.0, 86.0], [54.0, 86.0], [54.0, 86.0], [54.0, 86.0]]
Prices:
[0.24, 0.24, 0.24, 0.24, 0.24, 0.24, 0.24, 0.24, 0.24, 0.24, 0.24, 0.24, 0.24, 0.26, 0.26, 0.26, 0.26]
Occ Predictions:
[1, 1, 1, 1, 1, 1, 1, 1, 1, 1, 1, 1, 1, 1, 1, 1, 1]
Setpoints:
[[65.0, 68.0], [70.0, 73.0], [70.0, 73.0], [70.0, 73.0], [70.0, 73.0], [70.0, 73.0], [70.0, 73.0], [70.0, 73.0], [70.0, 73.0], [70.0, 73.0], [70.0, 73.0], [70.0, 73.0], [70.0, 73.0], [70.0, 73.0], [70.0, 73.0], [70.0, 73.0], [70.0, 73.0]]
Time needed to calculate the shortest path:
19.7031760216


2018-06-22 16:05:44
MPC Actions: ['1', '0', '0', '0', '0', '0', '0', '0', '0', '0', '0', '0', '0', '0', '0', '0']
Temperatures following the MPC path:
[69.8, 72.13913592655287, 72.19098098541873, 72.2428260442846, 72.29467110315046, 72.34651616201633, 72.3983612208822, 72.45020627974806, 72.50205133861392, 72.55389639747979, 72.60574145634565, 72.65758651521152, 72.70943157407739, 72.76127663294325, 72.81312169180912, 72.86496675067498, 72.91681180954085]
Safety Constraints:
[[54.0, 86.0], [54.0, 86.0], [54.0, 86.0], [54.0, 86.0], [54.0, 86.0], [54.0, 86.0], [54.0, 86.0], [54.0, 86.0], [54.0, 86.0], [54.0, 86.0], [54.0, 86.0], [54.0, 86.0], [54.0, 86.0], [54.0, 86.0], [54.0, 86.0], [54.0, 86.0], [54.0, 86.0]]
Prices:
[0.24, 0.24, 0.24, 0.24, 0.24, 0.24, 0.24, 0.24, 0.24, 0.24, 0.24, 0.24, 0.26, 0.26, 0.26, 0.26, 0.26]
Occ Predictions:
[1, 1, 1, 1, 1, 1, 1, 1, 1, 1, 1, 1, 1, 1, 1, 1, 1]
Setpoints:
[[70.0, 73.0], [70.0, 73.0], [70.0, 73.0], [70.0, 73.0], [70.0, 73.0], [70.0, 73.0], [70.0, 73.0], [70.0, 73.0], [70.0, 73.0], [70.0, 73.0], [70.0, 73.0], [70.0, 73.0], [70.0, 73.0], [70.0, 73.0], [70.0, 73.0], [70.0, 73.0], [70.0, 73.0]]
Time needed to calculate the shortest path:
19.9638390541
THERMOSTAT CHANGED MANUALY AT : 2018-06-22 16:20:44 UTC

2018-06-22 17:51:00
MPC Actions: ['2', '0', '0', '0', '0', '0', '0', '0', '0', '0', '0', '0', '0', '0', '0', '0']
Temperatures following the MPC path:
[72.4, 71.85101766580253, 71.9028627246684, 71.95470778353426, 72.00655284240013, 72.05839790126599, 72.11024296013186, 72.16208801899772, 72.21393307786359, 72.26577813672945, 72.31762319559532, 72.36946825446118, 72.42131331332705, 72.47315837219291, 72.52500343105878, 72.57684848992464, 72.62869354879051]
Safety Constraints:
[[54.0, 86.0], [54.0, 86.0], [54.0, 86.0], [54.0, 86.0], [54.0, 86.0], [54.0, 86.0], [54.0, 86.0], [54.0, 86.0], [54.0, 86.0], [54.0, 86.0], [54.0, 86.0], [54.0, 86.0], [54.0, 86.0], [54.0, 86.0], [54.0, 86.0], [54.0, 86.0], [54.0, 86.0]]
Prices:
[0.24, 0.24, 0.24, 0.24, 0.24, 0.26, 0.26, 0.26, 0.26, 0.26, 0.26, 0.26, 0.26, 0.858, 0.858, 0.858, 0.858, 0.858, 0.858, 0.858, 0.858, 0.858, 0.858, 0.858, 0.858, 0.858, 0.858, 0.858, 0.858, 0.858, 0.858, 0.858, 0.858]
Occ Predictions:
[1, 1, 1, 1, 1, 1, 1, 1, 1, 1, 1, 1, 1, 1, 1, 1, 1]
Setpoints:
[[70.0, 73.0], [70.0, 73.0], [70.0, 73.0], [70.0, 73.0], [70.0, 73.0], [70.0, 73.0], [70.0, 73.0], [70.0, 73.0], [70.0, 73.0], [70.0, 73.0], [70.0, 73.0], [70.0, 73.0], [70.0, 73.0], [54.0, 86.0], [54.0, 86.0], [54.0, 86.0], [54.0, 86.0]]
Time needed to calculate the shortest path:
14.894960165


2018-06-22 18:06:06
MPC Actions: ['2', '0', '0', '0', '0', '0', '0', '0', '0', '0', '0', '0', '0', '0', '0', '0']
Temperatures following the MPC path:
[73.0, 72.45101766580252, 72.50286272466839, 72.55470778353425, 72.60655284240012, 72.65839790126599, 72.71024296013185, 72.76208801899772, 72.81393307786358, 72.86577813672945, 72.91762319559531, 72.96946825446118, 73.02131331332704, 73.0731583721929, 73.12500343105877, 73.17684848992464, 73.2286935487905]
Safety Constraints:
[[54.0, 86.0], [54.0, 86.0], [54.0, 86.0], [54.0, 86.0], [54.0, 86.0], [54.0, 86.0], [54.0, 86.0], [54.0, 86.0], [54.0, 86.0], [54.0, 86.0], [54.0, 86.0], [54.0, 86.0], [54.0, 86.0], [54.0, 86.0], [54.0, 86.0], [54.0, 86.0], [54.0, 86.0]]
Prices:
[0.24, 0.24, 0.24, 0.24, 0.26, 0.26, 0.26, 0.26, 0.26, 0.26, 0.26, 0.26, 0.858, 0.858, 0.858, 0.858, 0.858, 0.858, 0.858, 0.858, 0.858, 0.858, 0.858, 0.858, 0.858, 0.858, 0.858, 0.858, 0.858, 0.858, 0.858, 0.858, 0.858, 0.858, 0.858, 0.858, 0.858]
Occ Predictions:
[1, 1, 1, 1, 1, 1, 1, 1, 1, 1, 1, 1, 1, 1, 1, 1, 1]
Setpoints:
[[70.0, 73.0], [70.0, 73.0], [70.0, 73.0], [70.0, 73.0], [70.0, 73.0], [70.0, 73.0], [70.0, 73.0], [70.0, 73.0], [70.0, 73.0], [70.0, 73.0], [70.0, 73.0], [70.0, 73.0], [54.0, 86.0], [54.0, 86.0], [54.0, 86.0], [54.0, 86.0], [54.0, 86.0]]
Time needed to calculate the shortest path:
19.6979751587
