

2018-06-22 13:50:44
MPC Actions: ['2', '2', '2', '2', '0', '0', '0', '0', '1', '1', '0', '0', '0', '0', '0', '0']
Temperatures following the MPC path:
[68.5, 67.95101766580252, 67.40203533160505, 66.85305299740757, 66.3040706632101, 66.35591572207596, 66.40776078094183, 66.4596058398077, 66.51145089867356, 68.85058682522643, 71.1897227517793, 71.24156781064517, 71.29341286951103, 71.3452579283769, 71.39710298724276, 71.44894804610863, 71.50079310497449]
Safety Constraints:
[[54.0, 86.0], [54.0, 86.0], [54.0, 86.0], [54.0, 86.0], [54.0, 86.0], [54.0, 86.0], [54.0, 86.0], [54.0, 86.0], [54.0, 86.0], [54.0, 86.0], [54.0, 86.0], [54.0, 86.0], [54.0, 86.0], [54.0, 86.0], [54.0, 86.0], [54.0, 86.0], [54.0, 86.0]]
Prices:
[0.21, 0.21, 0.21, 0.21, 0.21, 0.21, 0.21, 0.24, 0.24, 0.24, 0.24, 0.24, 0.24, 0.24, 0.24, 0.24, 0.24]
Occ Predictions:
[1, 1, 1, 1, 1, 1, 1, 1, 1, 1, 1, 1, 1, 1, 1, 1, 1]
Setpoints:
[[65.0, 68.0], [65.0, 68.0], [65.0, 68.0], [65.0, 68.0], [65.0, 68.0], [65.0, 68.0], [65.0, 68.0], [65.0, 68.0], [65.0, 68.0], [70.0, 73.0], [70.0, 73.0], [70.0, 73.0], [70.0, 73.0], [70.0, 73.0], [70.0, 73.0], [70.0, 73.0], [70.0, 73.0]]
Time needed to calculate the shortest path:
6.10112690926


2018-06-22 14:05:44
MPC Actions: ['2', '0', '0', '0', '0', '0', '0', '1', '1', '0', '0', '0', '0', '0', '0', '0']
Temperatures following the MPC path:
[66.7, 66.15101766580253, 66.20286272466839, 66.25470778353426, 66.30655284240012, 66.35839790126599, 66.41024296013185, 66.46208801899772, 68.80122394555059, 71.14035987210346, 71.19220493096933, 71.24404998983519, 71.29589504870106, 71.34774010756692, 71.39958516643279, 71.45143022529865, 71.50327528416452]
Safety Constraints:
[[54.0, 86.0], [54.0, 86.0], [54.0, 86.0], [54.0, 86.0], [54.0, 86.0], [54.0, 86.0], [54.0, 86.0], [54.0, 86.0], [54.0, 86.0], [54.0, 86.0], [54.0, 86.0], [54.0, 86.0], [54.0, 86.0], [54.0, 86.0], [54.0, 86.0], [54.0, 86.0], [54.0, 86.0]]
Prices:
[0.21, 0.21, 0.21, 0.21, 0.21, 0.21, 0.24, 0.24, 0.24, 0.24, 0.24, 0.24, 0.24, 0.24, 0.24, 0.24, 0.24]
Occ Predictions:
[1, 1, 1, 1, 1, 1, 1, 1, 1, 1, 1, 1, 1, 1, 1, 1, 1]
Setpoints:
[[65.0, 68.0], [65.0, 68.0], [65.0, 68.0], [65.0, 68.0], [65.0, 68.0], [65.0, 68.0], [65.0, 68.0], [65.0, 68.0], [70.0, 73.0], [70.0, 73.0], [70.0, 73.0], [70.0, 73.0], [70.0, 73.0], [70.0, 73.0], [70.0, 73.0], [70.0, 73.0], [70.0, 73.0]]
Time needed to calculate the shortest path:
71.0190918446


2018-06-22 14:20:44
MPC Actions: ['1', '0', '0', '0', '0', '0', '1', '1', '0', '0', '0', '0', '0', '0', '0', '0']
Temperatures following the MPC path:
[64.1, 66.43913592655286, 66.49098098541873, 66.5428260442846, 66.59467110315046, 66.64651616201633, 66.69836122088219, 69.03749714743506, 71.37663307398793, 71.4284781328538, 71.48032319171966, 71.53216825058553, 71.5840133094514, 71.63585836831726, 71.68770342718312, 71.73954848604899, 71.79139354491485]
Safety Constraints:
[[54.0, 86.0], [54.0, 86.0], [54.0, 86.0], [54.0, 86.0], [54.0, 86.0], [54.0, 86.0], [54.0, 86.0], [54.0, 86.0], [54.0, 86.0], [54.0, 86.0], [54.0, 86.0], [54.0, 86.0], [54.0, 86.0], [54.0, 86.0], [54.0, 86.0], [54.0, 86.0], [54.0, 86.0]]
Prices:
[0.21, 0.21, 0.21, 0.21, 0.21, 0.24, 0.24, 0.24, 0.24, 0.24, 0.24, 0.24, 0.24, 0.24, 0.24, 0.24, 0.24]
Occ Predictions:
[1, 1, 1, 1, 1, 1, 1, 1, 1, 1, 1, 1, 1, 1, 1, 1, 1]
Setpoints:
[[65.0, 68.0], [65.0, 68.0], [65.0, 68.0], [65.0, 68.0], [65.0, 68.0], [65.0, 68.0], [65.0, 68.0], [70.0, 73.0], [70.0, 73.0], [70.0, 73.0], [70.0, 73.0], [70.0, 73.0], [70.0, 73.0], [70.0, 73.0], [70.0, 73.0], [70.0, 73.0], [70.0, 73.0]]
Time needed to calculate the shortest path:
49.2882478237


2018-06-22 14:35:45
MPC Actions: ['2', '2', '0', '0', '0', '1', '1', '0', '0', '0', '0', '0', '0', '0', '0', '0']
Temperatures following the MPC path:
[67.7, 67.15101766580253, 66.60203533160505, 66.65388039047092, 66.70572544933678, 66.75757050820265, 69.09670643475552, 71.43584236130839, 71.48768742017425, 71.53953247904012, 71.59137753790598, 71.64322259677185, 71.69506765563771, 71.74691271450358, 71.79875777336945, 71.85060283223531, 71.90244789110118]
Safety Constraints:
[[54.0, 86.0], [54.0, 86.0], [54.0, 86.0], [54.0, 86.0], [54.0, 86.0], [54.0, 86.0], [54.0, 86.0], [54.0, 86.0], [54.0, 86.0], [54.0, 86.0], [54.0, 86.0], [54.0, 86.0], [54.0, 86.0], [54.0, 86.0], [54.0, 86.0], [54.0, 86.0], [54.0, 86.0]]
Prices:
[0.21, 0.21, 0.21, 0.21, 0.24, 0.24, 0.24, 0.24, 0.24, 0.24, 0.24, 0.24, 0.24, 0.24, 0.24, 0.24, 0.24]
Occ Predictions:
[1, 1, 1, 1, 1, 1, 1, 1, 1, 1, 1, 1, 1, 1, 1, 1, 1]
Setpoints:
[[65.0, 68.0], [65.0, 68.0], [65.0, 68.0], [65.0, 68.0], [65.0, 68.0], [65.0, 68.0], [70.0, 73.0], [70.0, 73.0], [70.0, 73.0], [70.0, 73.0], [70.0, 73.0], [70.0, 73.0], [70.0, 73.0], [70.0, 73.0], [70.0, 73.0], [70.0, 73.0], [70.0, 73.0]]
Time needed to calculate the shortest path:
23.106523037


2018-06-22 14:50:45
MPC Actions: ['1', '2', '2', '0', '1', '1', '0', '0', '0', '0', '0', '0', '0', '0', '0', '0']
Temperatures following the MPC path:
[65.1, 67.43913592655286, 66.89015359235539, 66.34117125815791, 66.39301631702378, 68.73215224357665, 71.07128817012952, 71.12313322899539, 71.17497828786125, 71.22682334672712, 71.27866840559298, 71.33051346445885, 71.38235852332471, 71.43420358219058, 71.48604864105644, 71.53789369992231, 71.58973875878817]
Safety Constraints:
[[54.0, 86.0], [54.0, 86.0], [54.0, 86.0], [54.0, 86.0], [54.0, 86.0], [54.0, 86.0], [54.0, 86.0], [54.0, 86.0], [54.0, 86.0], [54.0, 86.0], [54.0, 86.0], [54.0, 86.0], [54.0, 86.0], [54.0, 86.0], [54.0, 86.0], [54.0, 86.0], [54.0, 86.0]]
Prices:
[0.21, 0.21, 0.21, 0.24, 0.24, 0.24, 0.24, 0.24, 0.24, 0.24, 0.24, 0.24, 0.24, 0.24, 0.24, 0.24, 0.24]
Occ Predictions:
[1, 1, 1, 1, 1, 1, 1, 1, 1, 1, 1, 1, 1, 1, 1, 1, 1]
Setpoints:
[[65.0, 68.0], [65.0, 68.0], [65.0, 68.0], [65.0, 68.0], [65.0, 68.0], [70.0, 73.0], [70.0, 73.0], [70.0, 73.0], [70.0, 73.0], [70.0, 73.0], [70.0, 73.0], [70.0, 73.0], [70.0, 73.0], [70.0, 73.0], [70.0, 73.0], [70.0, 73.0], [70.0, 73.0]]
Time needed to calculate the shortest path:
27.4025020599


2018-06-22 15:05:45
MPC Actions: ['2', '0', '0', '1', '1', '0', '0', '0', '0', '0', '0', '0', '0', '0', '0', '0']
Temperatures following the MPC path:
[67.0, 66.45101766580252, 66.50286272466839, 66.55470778353425, 68.89384371008713, 71.23297963664, 71.28482469550586, 71.33666975437173, 71.38851481323759, 71.44035987210346, 71.49220493096932, 71.54404998983519, 71.59589504870105, 71.64774010756692, 71.69958516643278, 71.75143022529865, 71.80327528416451]
Safety Constraints:
[[54.0, 86.0], [54.0, 86.0], [54.0, 86.0], [54.0, 86.0], [54.0, 86.0], [54.0, 86.0], [54.0, 86.0], [54.0, 86.0], [54.0, 86.0], [54.0, 86.0], [54.0, 86.0], [54.0, 86.0], [54.0, 86.0], [54.0, 86.0], [54.0, 86.0], [54.0, 86.0], [54.0, 86.0]]
Prices:
[0.21, 0.21, 0.24, 0.24, 0.24, 0.24, 0.24, 0.24, 0.24, 0.24, 0.24, 0.24, 0.24, 0.24, 0.24, 0.24, 0.26]
Occ Predictions:
[1, 1, 1, 1, 1, 1, 1, 1, 1, 1, 1, 1, 1, 1, 1, 1, 1]
Setpoints:
[[65.0, 68.0], [65.0, 68.0], [65.0, 68.0], [65.0, 68.0], [70.0, 73.0], [70.0, 73.0], [70.0, 73.0], [70.0, 73.0], [70.0, 73.0], [70.0, 73.0], [70.0, 73.0], [70.0, 73.0], [70.0, 73.0], [70.0, 73.0], [70.0, 73.0], [70.0, 73.0], [70.0, 73.0]]
Time needed to calculate the shortest path:
20.2466049194
THERMOSTAT CHANGED MANUALY AT : 2018-06-22 15:20:44 UTC