

2018-06-22 13:50:44
MPC Actions: ['2', '2', '2', '0', '0', '0', '0', '0', '1', '1', '0', '0', '0', '0', '0', '0']
Temperatures following the MPC path:
[68.1, 67.55101766580252, 67.00203533160504, 66.45305299740757, 66.50489805627343, 66.5567431151393, 66.60858817400516, 66.66043323287103, 66.7122782917369, 69.05141421828976, 71.39055014484263, 71.4423952037085, 71.49424026257437, 71.54608532144023, 71.5979303803061, 71.64977543917196, 71.70162049803783]
Safety Constraints:
[[54.0, 86.0], [54.0, 86.0], [54.0, 86.0], [54.0, 86.0], [54.0, 86.0], [54.0, 86.0], [54.0, 86.0], [54.0, 86.0], [54.0, 86.0], [54.0, 86.0], [54.0, 86.0], [54.0, 86.0], [54.0, 86.0], [54.0, 86.0], [54.0, 86.0], [54.0, 86.0], [54.0, 86.0]]
Prices:
[0.21, 0.21, 0.21, 0.21, 0.21, 0.21, 0.21, 0.24, 0.24, 0.24, 0.24, 0.24, 0.24, 0.24, 0.24, 0.24, 0.24]
Occ Predictions:
[1, 1, 1, 1, 1, 1, 1, 1, 1, 1, 1, 1, 1, 1, 1, 1, 1]
Setpoints:
[[65.0, 68.0], [65.0, 68.0], [65.0, 68.0], [65.0, 68.0], [65.0, 68.0], [65.0, 68.0], [65.0, 68.0], [65.0, 68.0], [65.0, 68.0], [70.0, 73.0], [70.0, 73.0], [70.0, 73.0], [70.0, 73.0], [70.0, 73.0], [70.0, 73.0], [70.0, 73.0], [70.0, 73.0]]
Time needed to calculate the shortest path:
29.8527669907


2018-06-22 14:05:44
MPC Actions: ['2', '2', '2', '2', '2', '1', '2', '1', '1', '0', '0', '0', '0', '0', '0', '0']
Temperatures following the MPC path:
[67.7, 67.15101766580253, 66.60203533160505, 66.05305299740758, 65.5040706632101, 64.95508832901263, 67.2942242555655, 66.74524192136802, 69.08437784792089, 71.42351377447376, 71.47535883333963, 71.52720389220549, 71.57904895107136, 71.63089400993722, 71.68273906880309, 71.73458412766895, 71.78642918653482]
Safety Constraints:
[[54.0, 86.0], [54.0, 86.0], [54.0, 86.0], [54.0, 86.0], [54.0, 86.0], [54.0, 86.0], [54.0, 86.0], [54.0, 86.0], [54.0, 86.0], [54.0, 86.0], [54.0, 86.0], [54.0, 86.0], [54.0, 86.0], [54.0, 86.0], [54.0, 86.0], [54.0, 86.0], [54.0, 86.0]]
Prices:
[0.21, 0.21, 0.21, 0.21, 0.21, 0.21, 0.24, 0.24, 0.24, 0.24, 0.24, 0.24, 0.24, 0.24, 0.24, 0.24, 0.24]
Occ Predictions:
[1, 1, 1, 1, 1, 1, 1, 1, 1, 1, 1, 1, 1, 1, 1, 1, 1]
Setpoints:
[[65.0, 68.0], [65.0, 68.0], [65.0, 68.0], [65.0, 68.0], [65.0, 68.0], [65.0, 68.0], [65.0, 68.0], [65.0, 68.0], [70.0, 73.0], [70.0, 73.0], [70.0, 73.0], [70.0, 73.0], [70.0, 73.0], [70.0, 73.0], [70.0, 73.0], [70.0, 73.0], [70.0, 73.0]]
Time needed to calculate the shortest path:
72.2459990978


2018-06-22 14:20:44
MPC Actions: ['0', '0', '0', '0', '0', '0', '1', '1', '0', '0', '0', '0', '0', '0', '0', '0']
Temperatures following the MPC path:
[66.5, 66.55184505886587, 66.60369011773173, 66.6555351765976, 66.70738023546346, 66.75922529432933, 66.81107035319519, 69.15020627974806, 71.48934220630093, 71.5411872651668, 71.59303232403266, 71.64487738289853, 71.6967224417644, 71.74856750063026, 71.80041255949612, 71.85225761836199, 71.90410267722785]
Safety Constraints:
[[54.0, 86.0], [54.0, 86.0], [54.0, 86.0], [54.0, 86.0], [54.0, 86.0], [54.0, 86.0], [54.0, 86.0], [54.0, 86.0], [54.0, 86.0], [54.0, 86.0], [54.0, 86.0], [54.0, 86.0], [54.0, 86.0], [54.0, 86.0], [54.0, 86.0], [54.0, 86.0], [54.0, 86.0]]
Prices:
[0.21, 0.21, 0.21, 0.21, 0.21, 0.24, 0.24, 0.24, 0.24, 0.24, 0.24, 0.24, 0.24, 0.24, 0.24, 0.24, 0.24]
Occ Predictions:
[1, 1, 1, 1, 1, 1, 1, 1, 1, 1, 1, 1, 1, 1, 1, 1, 1]
Setpoints:
[[65.0, 68.0], [65.0, 68.0], [65.0, 68.0], [65.0, 68.0], [65.0, 68.0], [65.0, 68.0], [65.0, 68.0], [70.0, 73.0], [70.0, 73.0], [70.0, 73.0], [70.0, 73.0], [70.0, 73.0], [70.0, 73.0], [70.0, 73.0], [70.0, 73.0], [70.0, 73.0], [70.0, 73.0]]
Time needed to calculate the shortest path:
37.6013090611


2018-06-22 14:35:45
MPC Actions: ['2', '2', '0', '0', '0', '1', '1', '0', '0', '0', '0', '0', '0', '0', '0', '0']
Temperatures following the MPC path:
[67.9, 67.35101766580253, 66.80203533160505, 66.85388039047092, 66.90572544933679, 66.95757050820265, 69.29670643475552, 71.63584236130839, 71.68768742017426, 71.73953247904012, 71.79137753790599, 71.84322259677185, 71.89506765563772, 71.94691271450358, 71.99875777336945, 72.05060283223531, 72.10244789110118]
Safety Constraints:
[[54.0, 86.0], [54.0, 86.0], [54.0, 86.0], [54.0, 86.0], [54.0, 86.0], [54.0, 86.0], [54.0, 86.0], [54.0, 86.0], [54.0, 86.0], [54.0, 86.0], [54.0, 86.0], [54.0, 86.0], [54.0, 86.0], [54.0, 86.0], [54.0, 86.0], [54.0, 86.0], [54.0, 86.0]]
Prices:
[0.21, 0.21, 0.21, 0.21, 0.24, 0.24, 0.24, 0.24, 0.24, 0.24, 0.24, 0.24, 0.24, 0.24, 0.24, 0.24, 0.24]
Occ Predictions:
[1, 1, 1, 1, 1, 1, 1, 1, 1, 1, 1, 1, 1, 1, 1, 1, 1]
Setpoints:
[[65.0, 68.0], [65.0, 68.0], [65.0, 68.0], [65.0, 68.0], [65.0, 68.0], [65.0, 68.0], [70.0, 73.0], [70.0, 73.0], [70.0, 73.0], [70.0, 73.0], [70.0, 73.0], [70.0, 73.0], [70.0, 73.0], [70.0, 73.0], [70.0, 73.0], [70.0, 73.0], [70.0, 73.0]]
Time needed to calculate the shortest path:
14.5919291973


2018-06-22 14:50:45
MPC Actions: ['2', '2', '0', '0', '1', '1', '0', '0', '0', '0', '0', '0', '0', '0', '0', '0']
Temperatures following the MPC path:
[67.9, 67.35101766580253, 66.80203533160505, 66.85388039047092, 66.90572544933679, 69.24486137588966, 71.58399730244253, 71.63584236130839, 71.68768742017426, 71.73953247904012, 71.79137753790599, 71.84322259677185, 71.89506765563772, 71.94691271450358, 71.99875777336945, 72.05060283223531, 72.10244789110118]
Safety Constraints:
[[54.0, 86.0], [54.0, 86.0], [54.0, 86.0], [54.0, 86.0], [54.0, 86.0], [54.0, 86.0], [54.0, 86.0], [54.0, 86.0], [54.0, 86.0], [54.0, 86.0], [54.0, 86.0], [54.0, 86.0], [54.0, 86.0], [54.0, 86.0], [54.0, 86.0], [54.0, 86.0], [54.0, 86.0]]
Prices:
[0.21, 0.21, 0.21, 0.24, 0.24, 0.24, 0.24, 0.24, 0.24, 0.24, 0.24, 0.24, 0.24, 0.24, 0.24, 0.24, 0.24]
Occ Predictions:
[1, 1, 1, 1, 1, 1, 1, 1, 1, 1, 1, 1, 1, 1, 1, 1, 1]
Setpoints:
[[65.0, 68.0], [65.0, 68.0], [65.0, 68.0], [65.0, 68.0], [65.0, 68.0], [70.0, 73.0], [70.0, 73.0], [70.0, 73.0], [70.0, 73.0], [70.0, 73.0], [70.0, 73.0], [70.0, 73.0], [70.0, 73.0], [70.0, 73.0], [70.0, 73.0], [70.0, 73.0], [70.0, 73.0]]
Time needed to calculate the shortest path:
10.8003499508


aMPC Actions: ['2', '0', '0', '1', '1', '0', '0', '0', '0', '0', '0', '0', '0', '0', '0', '0']
Temperatures following the MPC path:
[67.3, 66.75101766580252, 66.80286272466839, 66.85470778353425, 69.19384371008712, 71.53297963664, 71.58482469550586, 71.63666975437172, 71.68851481323759, 71.74035987210345, 71.79220493096932, 71.84404998983518, 71.89589504870105, 71.94774010756691, 71.99958516643278, 72.05143022529865, 72.10327528416451]
Safety Constraints:
[[54.0, 86.0], [54.0, 86.0], [54.0, 86.0], [54.0, 86.0], [54.0, 86.0], [54.0, 86.0], [54.0, 86.0], [54.0, 86.0], [54.0, 86.0], [54.0, 86.0], [54.0, 86.0], [54.0, 86.0], [54.0, 86.0], [54.0, 86.0], [54.0, 86.0], [54.0, 86.0], [54.0, 86.0]]
Prices:
[0.21, 0.21, 0.24, 0.24, 0.24, 0.24, 0.24, 0.24, 0.24, 0.24, 0.24, 0.24, 0.24, 0.24, 0.24, 0.24, 0.26]
Occ Predictions:
[1, 1, 1, 1, 1, 1, 1, 1, 1, 1, 1, 1, 1, 1, 1, 1, 1]
Setpoints:
[[65.0, 68.0], [65.0, 68.0], [65.0, 68.0], [65.0, 68.0], [70.0, 73.0], [70.0, 73.0], [70.0, 73.0], [70.0, 73.0], [70.0, 73.0], [70.0, 73.0], [70.0, 73.0], [70.0, 73.0], [70.0, 73.0], [70.0, 73.0], [70.0, 73.0], [70.0, 73.0], [70.0, 73.0]]
Time needed to calculate the shortest path:
27.5581729412


2018-06-22 15:20:44
MPC Actions: ['2', '2', '1', '1', '0', '0', '0', '0', '0', '0', '0', '0', '0', '0', '0', '0']
Temperatures following the MPC path:
[67.8, 67.25101766580252, 66.70203533160505, 69.04117125815792, 71.38030718471079, 71.43215224357665, 71.48399730244252, 71.53584236130838, 71.58768742017425, 71.63953247904011, 71.69137753790598, 71.74322259677184, 71.79506765563771, 71.84691271450357, 71.89875777336944, 71.9506028322353, 72.00244789110117]
Safety Constraints:
[[54.0, 86.0], [54.0, 86.0], [54.0, 86.0], [54.0, 86.0], [54.0, 86.0], [54.0, 86.0], [54.0, 86.0], [54.0, 86.0], [54.0, 86.0], [54.0, 86.0], [54.0, 86.0], [54.0, 86.0], [54.0, 86.0], [54.0, 86.0], [54.0, 86.0], [54.0, 86.0], [54.0, 86.0]]
Prices:
[0.21, 0.24, 0.24, 0.24, 0.24, 0.24, 0.24, 0.24, 0.24, 0.24, 0.24, 0.24, 0.24, 0.24, 0.24, 0.26, 0.26]
Occ Predictions:
[1, 1, 1, 1, 1, 1, 1, 1, 1, 1, 1, 1, 1, 1, 1, 1, 1]
Setpoints:
[[65.0, 68.0], [65.0, 68.0], [65.0, 68.0], [70.0, 73.0], [70.0, 73.0], [70.0, 73.0], [70.0, 73.0], [70.0, 73.0], [70.0, 73.0], [70.0, 73.0], [70.0, 73.0], [70.0, 73.0], [70.0, 73.0], [70.0, 73.0], [70.0, 73.0], [70.0, 73.0], [70.0, 73.0]]
Time needed to calculate the shortest path:
23.9110789299


2018-06-22 15:35:44
MPC Actions: ['0', '0', '1', '0', '0', '0', '0', '0', '0', '0', '0', '0', '0', '0', '0', '0']
Temperatures following the MPC path:
[68.2, 68.25184505886587, 68.30369011773173, 70.6428260442846, 70.69467110315047, 70.74651616201633, 70.7983612208822, 70.85020627974806, 70.90205133861393, 70.9538963974798, 71.00574145634566, 71.05758651521153, 71.10943157407739, 71.16127663294326, 71.21312169180912, 71.26496675067499, 71.31681180954085]
Safety Constraints:
[[54.0, 86.0], [54.0, 86.0], [54.0, 86.0], [54.0, 86.0], [54.0, 86.0], [54.0, 86.0], [54.0, 86.0], [54.0, 86.0], [54.0, 86.0], [54.0, 86.0], [54.0, 86.0], [54.0, 86.0], [54.0, 86.0], [54.0, 86.0], [54.0, 86.0], [54.0, 86.0], [54.0, 86.0]]
Prices:
[0.24, 0.24, 0.24, 0.24, 0.24, 0.24, 0.24, 0.24, 0.24, 0.24, 0.24, 0.24, 0.24, 0.24, 0.26, 0.26, 0.26]
Occ Predictions:
[1, 1, 1, 1, 1, 1, 1, 1, 1, 1, 1, 1, 1, 1, 1, 1, 1]
Setpoints:
[[65.0, 68.0], [65.0, 68.0], [70.0, 73.0], [70.0, 73.0], [70.0, 73.0], [70.0, 73.0], [70.0, 73.0], [70.0, 73.0], [70.0, 73.0], [70.0, 73.0], [70.0, 73.0], [70.0, 73.0], [70.0, 73.0], [70.0, 73.0], [70.0, 73.0], [70.0, 73.0], [70.0, 73.0]]
Time needed to calculate the shortest path:
27.115197897


2018-06-22 15:50:44
MPC Actions: ['2', '1', '0', '0', '0', '0', '0', '0', '0', '0', '0', '0', '0', '0', '0', '0']
Temperatures following the MPC path:
[69.0, 68.45101766580252, 70.7901535923554, 70.84199865122126, 70.89384371008713, 70.94568876895299, 70.99753382781886, 71.04937888668472, 71.10122394555059, 71.15306900441645, 71.20491406328232, 71.25675912214818, 71.30860418101405, 71.36044923987991, 71.41229429874578, 71.46413935761164, 71.51598441647751]
Safety Constraints:
[[54.0, 86.0], [54.0, 86.0], [54.0, 86.0], [54.0, 86.0], [54.0, 86.0], [54.0, 86.0], [54.0, 86.0], [54.0, 86.0], [54.0, 86.0], [54.0, 86.0], [54.0, 86.0], [54.0, 86.0], [54.0, 86.0], [54.0, 86.0], [54.0, 86.0], [54.0, 86.0], [54.0, 86.0]]
Prices:
[0.24, 0.24, 0.24, 0.24, 0.24, 0.24, 0.24, 0.24, 0.24, 0.24, 0.24, 0.24, 0.24, 0.26, 0.26, 0.26, 0.26]
Occ Predictions:
[1, 1, 1, 1, 1, 1, 1, 1, 1, 1, 1, 1, 1, 1, 1, 1, 1]
Setpoints:
[[65.0, 68.0], [70.0, 73.0], [70.0, 73.0], [70.0, 73.0], [70.0, 73.0], [70.0, 73.0], [70.0, 73.0], [70.0, 73.0], [70.0, 73.0], [70.0, 73.0], [70.0, 73.0], [70.0, 73.0], [70.0, 73.0], [70.0, 73.0], [70.0, 73.0], [70.0, 73.0], [70.0, 73.0]]
Time needed to calculate the shortest path:
20.3676249981


2018-06-22 16:05:44
MPC Actions: ['1', '0', '0', '0', '0', '0', '0', '0', '0', '0', '0', '0', '0', '0', '0', '0']
Temperatures following the MPC path:
[69.2, 71.53913592655287, 71.59098098541874, 71.6428260442846, 71.69467110315047, 71.74651616201633, 71.7983612208822, 71.85020627974806, 71.90205133861393, 71.9538963974798, 72.00574145634566, 72.05758651521153, 72.10943157407739, 72.16127663294326, 72.21312169180912, 72.26496675067499, 72.31681180954085]
Safety Constraints:
[[54.0, 86.0], [54.0, 86.0], [54.0, 86.0], [54.0, 86.0], [54.0, 86.0], [54.0, 86.0], [54.0, 86.0], [54.0, 86.0], [54.0, 86.0], [54.0, 86.0], [54.0, 86.0], [54.0, 86.0], [54.0, 86.0], [54.0, 86.0], [54.0, 86.0], [54.0, 86.0], [54.0, 86.0]]
Prices:
[0.24, 0.24, 0.24, 0.24, 0.24, 0.24, 0.24, 0.24, 0.24, 0.24, 0.24, 0.24, 0.26, 0.26, 0.26, 0.26, 0.26]
Occ Predictions:
[1, 1, 1, 1, 1, 1, 1, 1, 1, 1, 1, 1, 1, 1, 1, 1, 1]
Setpoints:
[[70.0, 73.0], [70.0, 73.0], [70.0, 73.0], [70.0, 73.0], [70.0, 73.0], [70.0, 73.0], [70.0, 73.0], [70.0, 73.0], [70.0, 73.0], [70.0, 73.0], [70.0, 73.0], [70.0, 73.0], [70.0, 73.0], [70.0, 73.0], [70.0, 73.0], [70.0, 73.0], [70.0, 73.0]]
Time needed to calculate the shortest path:
20.5608100891
THERMOSTAT CHANGED MANUALY AT : 2018-06-22 16:20:44 UTC

2018-06-22 17:51:00
MPC Actions: ['0', '0', '0', '0', '0', '0', '0', '0', '0', '0', '0', '0', '0', '0', '0', '0']
Temperatures following the MPC path:
[71.7, 71.75184505886587, 71.80369011773173, 71.8555351765976, 71.90738023546346, 71.95922529432933, 72.0110703531952, 72.06291541206106, 72.11476047092692, 72.16660552979279, 72.21845058865865, 72.27029564752452, 72.32214070639039, 72.37398576525625, 72.42583082412212, 72.47767588298798, 72.52952094185385]
Safety Constraints:
[[54.0, 86.0], [54.0, 86.0], [54.0, 86.0], [54.0, 86.0], [54.0, 86.0], [54.0, 86.0], [54.0, 86.0], [54.0, 86.0], [54.0, 86.0], [54.0, 86.0], [54.0, 86.0], [54.0, 86.0], [54.0, 86.0], [54.0, 86.0], [54.0, 86.0], [54.0, 86.0], [54.0, 86.0]]
Prices:
[0.24, 0.24, 0.24, 0.24, 0.24, 0.26, 0.26, 0.26, 0.26, 0.26, 0.26, 0.26, 0.26, 0.858, 0.858, 0.858, 0.858, 0.858, 0.858, 0.858, 0.858, 0.858, 0.858, 0.858, 0.858, 0.858, 0.858, 0.858, 0.858, 0.858, 0.858, 0.858, 0.858]
Occ Predictions:
[1, 1, 1, 1, 1, 1, 1, 1, 1, 1, 1, 1, 1, 1, 1, 1, 1]
Setpoints:
[[70.0, 73.0], [70.0, 73.0], [70.0, 73.0], [70.0, 73.0], [70.0, 73.0], [70.0, 73.0], [70.0, 73.0], [70.0, 73.0], [70.0, 73.0], [70.0, 73.0], [70.0, 73.0], [70.0, 73.0], [70.0, 73.0], [54.0, 86.0], [54.0, 86.0], [54.0, 86.0], [54.0, 86.0]]
Time needed to calculate the shortest path:
15.7461578846


2018-06-22 18:06:06
MPC Actions: ['0', '0', '0', '0', '0', '0', '0', '0', '0', '0', '0', '0', '0', '0', '0', '0']
Temperatures following the MPC path:
[72.3, 72.35184505886586, 72.40369011773173, 72.45553517659759, 72.50738023546346, 72.55922529432932, 72.61107035319519, 72.66291541206105, 72.71476047092692, 72.76660552979278, 72.81845058865865, 72.87029564752451, 72.92214070639038, 72.97398576525624, 73.02583082412211, 73.07767588298798, 73.12952094185384]
Safety Constraints:
[[54.0, 86.0], [54.0, 86.0], [54.0, 86.0], [54.0, 86.0], [54.0, 86.0], [54.0, 86.0], [54.0, 86.0], [54.0, 86.0], [54.0, 86.0], [54.0, 86.0], [54.0, 86.0], [54.0, 86.0], [54.0, 86.0], [54.0, 86.0], [54.0, 86.0], [54.0, 86.0], [54.0, 86.0]]
Prices:
[0.24, 0.24, 0.24, 0.24, 0.26, 0.26, 0.26, 0.26, 0.26, 0.26, 0.26, 0.26, 0.858, 0.858, 0.858, 0.858, 0.858, 0.858, 0.858, 0.858, 0.858, 0.858, 0.858, 0.858, 0.858, 0.858, 0.858, 0.858, 0.858, 0.858, 0.858, 0.858, 0.858, 0.858, 0.858, 0.858, 0.858]
Occ Predictions:
[1, 1, 1, 1, 1, 1, 1, 1, 1, 1, 1, 1, 1, 1, 1, 1, 1]
Setpoints:
[[70.0, 73.0], [70.0, 73.0], [70.0, 73.0], [70.0, 73.0], [70.0, 73.0], [70.0, 73.0], [70.0, 73.0], [70.0, 73.0], [70.0, 73.0], [70.0, 73.0], [70.0, 73.0], [70.0, 73.0], [54.0, 86.0], [54.0, 86.0], [54.0, 86.0], [54.0, 86.0], [54.0, 86.0]]
Time needed to calculate the shortest path:
19.9402449131


2018-07-09 11:41:56
MPC Actions: ['2', '2', '2', '2', '2', '2', '2', '2', '2', '2', '2', '2', '2', '2', '2', '2']
Temperatures following the MPC path:
[87.9, 87.80000000000001, 87.7, 87.60000000000001, 87.5, 87.4, 87.30000000000001, 87.2, 87.10000000000001, 87.0, 86.9, 86.80000000000001, 86.7, 86.60000000000001, 86.5, 86.4, 86.30000000000001]
Safety Constraints:
[[54.0, 86.0], [54.0, 86.0], [54.0, 86.0], [54.0, 86.0], [54.0, 86.0], [54.0, 86.0], [54.0, 86.0], [54.0, 86.0], [54.0, 86.0], [54.0, 86.0], [54.0, 86.0], [54.0, 86.0], [54.0, 86.0], [54.0, 86.0], [54.0, 86.0], [54.0, 86.0], [54.0, 86.0]]
Prices:
[0.21, 0.21, 0.21, 0.21, 0.21, 0.21, 0.21, 0.21, 0.21, 0.21, 0.21, 0.21, 0.21, 0.21, 0.21, 0.21, 0.24]
Occ Predictions:
[0, 0, 0, 0, 1, 1, 1, 1, 1, 1, 1, 1, 1, 1, 1, 1, 1]
Setpoints:
[[54.0, 86.0], [54.0, 86.0], [54.0, 86.0], [54.0, 86.0], [65.0, 68.0], [65.0, 68.0], [65.0, 68.0], [65.0, 68.0], [65.0, 68.0], [65.0, 68.0], [65.0, 68.0], [65.0, 68.0], [65.0, 68.0], [65.0, 68.0], [65.0, 68.0], [65.0, 68.0], [65.0, 68.0]]
Time needed to calculate the shortest path:
0.145222902298
