

2018-06-22 13:50:44
MPC Actions: ['0', '0', '0', '0', '0', '0', '0', '0', '0', '0', '0', '0', '0', '0', '0', '0']
Temperatures following the MPC path:
[68.6, 68.65184505886586, 68.70369011773172, 68.75553517659759, 68.80738023546346, 68.85922529432932, 68.91107035319519, 68.96291541206105, 69.01476047092692, 69.06660552979278, 69.11845058865865, 69.17029564752451, 69.22214070639038, 69.27398576525624, 69.32583082412211, 69.37767588298797, 69.42952094185384]
Safety Constraints:
[[54.0, 86.0], [54.0, 86.0], [54.0, 86.0], [54.0, 86.0], [54.0, 86.0], [54.0, 86.0], [54.0, 86.0], [54.0, 86.0], [54.0, 86.0], [54.0, 86.0], [54.0, 86.0], [54.0, 86.0], [54.0, 86.0], [54.0, 86.0], [54.0, 86.0], [54.0, 86.0], [54.0, 86.0]]
Prices:
[0.21, 0.21, 0.21, 0.21, 0.21, 0.21, 0.21, 0.24, 0.24, 0.24, 0.24, 0.24, 0.24, 0.24, 0.24, 0.24, 0.24]
Occ Predictions:
[0, 0, 0, 0, 0, 0, 0, 0, 0, 0, 0, 0, 0, 0, 0, 0, 0]
Setpoints:
[[54.0, 86.0], [54.0, 86.0], [54.0, 86.0], [54.0, 86.0], [54.0, 86.0], [54.0, 86.0], [54.0, 86.0], [54.0, 86.0], [54.0, 86.0], [54.0, 86.0], [54.0, 86.0], [54.0, 86.0], [54.0, 86.0], [54.0, 86.0], [54.0, 86.0], [54.0, 86.0], [54.0, 86.0]]
Time needed to calculate the shortest path:
28.8011608124


2018-06-22 14:05:44
MPC Actions: ['0', '0', '0', '0', '0', '0', '0', '0', '0', '0', '0', '0', '0', '0', '0', '0']
Temperatures following the MPC path:
[69.9, 69.95184505886587, 70.00369011773174, 70.0555351765976, 70.10738023546347, 70.15922529432933, 70.2110703531952, 70.26291541206106, 70.31476047092693, 70.36660552979279, 70.41845058865866, 70.47029564752452, 70.52214070639039, 70.57398576525625, 70.62583082412212, 70.67767588298798, 70.72952094185385]
Safety Constraints:
[[54.0, 86.0], [54.0, 86.0], [54.0, 86.0], [54.0, 86.0], [54.0, 86.0], [54.0, 86.0], [54.0, 86.0], [54.0, 86.0], [54.0, 86.0], [54.0, 86.0], [54.0, 86.0], [54.0, 86.0], [54.0, 86.0], [54.0, 86.0], [54.0, 86.0], [54.0, 86.0], [54.0, 86.0]]
Prices:
[0.21, 0.21, 0.21, 0.21, 0.21, 0.21, 0.24, 0.24, 0.24, 0.24, 0.24, 0.24, 0.24, 0.24, 0.24, 0.24, 0.24]
Occ Predictions:
[0, 0, 0, 0, 0, 0, 0, 0, 0, 0, 0, 0, 0, 0, 0, 0, 0]
Setpoints:
[[54.0, 86.0], [54.0, 86.0], [54.0, 86.0], [54.0, 86.0], [54.0, 86.0], [54.0, 86.0], [54.0, 86.0], [54.0, 86.0], [54.0, 86.0], [54.0, 86.0], [54.0, 86.0], [54.0, 86.0], [54.0, 86.0], [54.0, 86.0], [54.0, 86.0], [54.0, 86.0], [54.0, 86.0]]
Time needed to calculate the shortest path:
19.7437930107


2018-06-22 14:20:44
MPC Actions: ['0', '0', '0', '0', '0', '0', '0', '0', '0', '0', '0', '0', '0', '0', '0', '0']
Temperatures following the MPC path:
[71.0, 71.05184505886587, 71.10369011773173, 71.1555351765976, 71.20738023546346, 71.25922529432933, 71.31107035319519, 71.36291541206106, 71.41476047092692, 71.46660552979279, 71.51845058865865, 71.57029564752452, 71.62214070639038, 71.67398576525625, 71.72583082412211, 71.77767588298798, 71.82952094185384]
Safety Constraints:
[[54.0, 86.0], [54.0, 86.0], [54.0, 86.0], [54.0, 86.0], [54.0, 86.0], [54.0, 86.0], [54.0, 86.0], [54.0, 86.0], [54.0, 86.0], [54.0, 86.0], [54.0, 86.0], [54.0, 86.0], [54.0, 86.0], [54.0, 86.0], [54.0, 86.0], [54.0, 86.0], [54.0, 86.0]]
Prices:
[0.21, 0.21, 0.21, 0.21, 0.21, 0.24, 0.24, 0.24, 0.24, 0.24, 0.24, 0.24, 0.24, 0.24, 0.24, 0.24, 0.24]
Occ Predictions:
[0, 0, 0, 0, 0, 0, 0, 0, 0, 0, 0, 0, 0, 0, 0, 0, 0]
Setpoints:
[[54.0, 86.0], [54.0, 86.0], [54.0, 86.0], [54.0, 86.0], [54.0, 86.0], [54.0, 86.0], [54.0, 86.0], [54.0, 86.0], [54.0, 86.0], [54.0, 86.0], [54.0, 86.0], [54.0, 86.0], [54.0, 86.0], [54.0, 86.0], [54.0, 86.0], [54.0, 86.0], [54.0, 86.0]]
Time needed to calculate the shortest path:
10.3612470627


2018-06-22 14:35:45
MPC Actions: ['0', '0', '0', '0', '0', '0', '0', '0', '0', '0', '0', '0', '0', '0', '0', '0']
Temperatures following the MPC path:
[71.6, 71.65184505886586, 71.70369011773172, 71.75553517659759, 71.80738023546346, 71.85922529432932, 71.91107035319519, 71.96291541206105, 72.01476047092692, 72.06660552979278, 72.11845058865865, 72.17029564752451, 72.22214070639038, 72.27398576525624, 72.32583082412211, 72.37767588298797, 72.42952094185384]
Safety Constraints:
[[54.0, 86.0], [54.0, 86.0], [54.0, 86.0], [54.0, 86.0], [54.0, 86.0], [54.0, 86.0], [54.0, 86.0], [54.0, 86.0], [54.0, 86.0], [54.0, 86.0], [54.0, 86.0], [54.0, 86.0], [54.0, 86.0], [54.0, 86.0], [54.0, 86.0], [54.0, 86.0], [54.0, 86.0]]
Prices:
[0.21, 0.21, 0.21, 0.21, 0.24, 0.24, 0.24, 0.24, 0.24, 0.24, 0.24, 0.24, 0.24, 0.24, 0.24, 0.24, 0.24]
Occ Predictions:
[0, 0, 0, 0, 0, 0, 0, 0, 0, 0, 0, 0, 0, 0, 0, 0, 0]
Setpoints:
[[54.0, 86.0], [54.0, 86.0], [54.0, 86.0], [54.0, 86.0], [54.0, 86.0], [54.0, 86.0], [54.0, 86.0], [54.0, 86.0], [54.0, 86.0], [54.0, 86.0], [54.0, 86.0], [54.0, 86.0], [54.0, 86.0], [54.0, 86.0], [54.0, 86.0], [54.0, 86.0], [54.0, 86.0]]
Time needed to calculate the shortest path:
10.535394907


2018-06-22 14:50:45
MPC Actions: ['0', '0', '0', '0', '0', '0', '0', '0', '0', '0', '0', '0', '0', '0', '0', '0']
Temperatures following the MPC path:
[72.1, 72.15184505886586, 72.20369011773172, 72.25553517659759, 72.30738023546346, 72.35922529432932, 72.41107035319519, 72.46291541206105, 72.51476047092692, 72.56660552979278, 72.61845058865865, 72.67029564752451, 72.72214070639038, 72.77398576525624, 72.82583082412211, 72.87767588298797, 72.92952094185384]
Safety Constraints:
[[54.0, 86.0], [54.0, 86.0], [54.0, 86.0], [54.0, 86.0], [54.0, 86.0], [54.0, 86.0], [54.0, 86.0], [54.0, 86.0], [54.0, 86.0], [54.0, 86.0], [54.0, 86.0], [54.0, 86.0], [54.0, 86.0], [54.0, 86.0], [54.0, 86.0], [54.0, 86.0], [54.0, 86.0]]
Prices:
[0.21, 0.21, 0.21, 0.24, 0.24, 0.24, 0.24, 0.24, 0.24, 0.24, 0.24, 0.24, 0.24, 0.24, 0.24, 0.24, 0.24]
Occ Predictions:
[0, 0, 0, 0, 0, 0, 0, 0, 0, 0, 0, 0, 0, 0, 0, 0, 0]
Setpoints:
[[54.0, 86.0], [54.0, 86.0], [54.0, 86.0], [54.0, 86.0], [54.0, 86.0], [54.0, 86.0], [54.0, 86.0], [54.0, 86.0], [54.0, 86.0], [54.0, 86.0], [54.0, 86.0], [54.0, 86.0], [54.0, 86.0], [54.0, 86.0], [54.0, 86.0], [54.0, 86.0], [54.0, 86.0]]
Time needed to calculate the shortest path:
18.8387041092


2018-06-22 15:05:45
MPC Actions: ['0', '0', '0', '0', '0', '0', '0', '0', '0', '0', '0', '0', '0', '0', '0', '0']
Temperatures following the MPC path:
[72.4, 72.45184505886587, 72.50369011773174, 72.5555351765976, 72.60738023546347, 72.65922529432933, 72.7110703531952, 72.76291541206106, 72.81476047092693, 72.86660552979279, 72.91845058865866, 72.97029564752452, 73.02214070639039, 73.07398576525625, 73.12583082412212, 73.17767588298798, 73.22952094185385]
Safety Constraints:
[[54.0, 86.0], [54.0, 86.0], [54.0, 86.0], [54.0, 86.0], [54.0, 86.0], [54.0, 86.0], [54.0, 86.0], [54.0, 86.0], [54.0, 86.0], [54.0, 86.0], [54.0, 86.0], [54.0, 86.0], [54.0, 86.0], [54.0, 86.0], [54.0, 86.0], [54.0, 86.0], [54.0, 86.0]]
Prices:
[0.21, 0.21, 0.24, 0.24, 0.24, 0.24, 0.24, 0.24, 0.24, 0.24, 0.24, 0.24, 0.24, 0.24, 0.24, 0.24, 0.26]
Occ Predictions:
[0, 0, 0, 0, 0, 0, 0, 0, 0, 0, 0, 0, 0, 0, 0, 0, 0]
Setpoints:
[[54.0, 86.0], [54.0, 86.0], [54.0, 86.0], [54.0, 86.0], [54.0, 86.0], [54.0, 86.0], [54.0, 86.0], [54.0, 86.0], [54.0, 86.0], [54.0, 86.0], [54.0, 86.0], [54.0, 86.0], [54.0, 86.0], [54.0, 86.0], [54.0, 86.0], [54.0, 86.0], [54.0, 86.0]]
Time needed to calculate the shortest path:
19.9518778324


2018-06-22 15:20:44
MPC Actions: ['0', '0', '0', '0', '0', '0', '0', '0', '0', '0', '0', '0', '0', '0', '0', '0']
Temperatures following the MPC path:
[72.6, 72.65184505886586, 72.70369011773172, 72.75553517659759, 72.80738023546346, 72.85922529432932, 72.91107035319519, 72.96291541206105, 73.01476047092692, 73.06660552979278, 73.11845058865865, 73.17029564752451, 73.22214070639038, 73.27398576525624, 73.32583082412211, 73.37767588298797, 73.42952094185384]
Safety Constraints:
[[54.0, 86.0], [54.0, 86.0], [54.0, 86.0], [54.0, 86.0], [54.0, 86.0], [54.0, 86.0], [54.0, 86.0], [54.0, 86.0], [54.0, 86.0], [54.0, 86.0], [54.0, 86.0], [54.0, 86.0], [54.0, 86.0], [54.0, 86.0], [54.0, 86.0], [54.0, 86.0], [54.0, 86.0]]
Prices:
[0.21, 0.24, 0.24, 0.24, 0.24, 0.24, 0.24, 0.24, 0.24, 0.24, 0.24, 0.24, 0.24, 0.24, 0.24, 0.26, 0.26]
Occ Predictions:
[0, 0, 0, 0, 0, 0, 0, 0, 0, 0, 0, 0, 0, 0, 0, 0, 0]
Setpoints:
[[54.0, 86.0], [54.0, 86.0], [54.0, 86.0], [54.0, 86.0], [54.0, 86.0], [54.0, 86.0], [54.0, 86.0], [54.0, 86.0], [54.0, 86.0], [54.0, 86.0], [54.0, 86.0], [54.0, 86.0], [54.0, 86.0], [54.0, 86.0], [54.0, 86.0], [54.0, 86.0], [54.0, 86.0]]
Time needed to calculate the shortest path:
18.4781279564


2018-06-22 15:35:44
MPC Actions: ['0', '0', '0', '0', '0', '0', '0', '0', '0', '0', '0', '0', '0', '0', '0', '0']
Temperatures following the MPC path:
[72.8, 72.85184505886586, 72.90369011773173, 72.95553517659759, 73.00738023546346, 73.05922529432932, 73.11107035319519, 73.16291541206105, 73.21476047092692, 73.26660552979278, 73.31845058865865, 73.37029564752451, 73.42214070639038, 73.47398576525624, 73.52583082412211, 73.57767588298798, 73.62952094185384]
Safety Constraints:
[[54.0, 86.0], [54.0, 86.0], [54.0, 86.0], [54.0, 86.0], [54.0, 86.0], [54.0, 86.0], [54.0, 86.0], [54.0, 86.0], [54.0, 86.0], [54.0, 86.0], [54.0, 86.0], [54.0, 86.0], [54.0, 86.0], [54.0, 86.0], [54.0, 86.0], [54.0, 86.0], [54.0, 86.0]]
Prices:
[0.24, 0.24, 0.24, 0.24, 0.24, 0.24, 0.24, 0.24, 0.24, 0.24, 0.24, 0.24, 0.24, 0.24, 0.26, 0.26, 0.26]
Occ Predictions:
[0, 0, 0, 0, 0, 0, 0, 0, 0, 0, 0, 0, 0, 0, 0, 0, 0]
Setpoints:
[[54.0, 86.0], [54.0, 86.0], [54.0, 86.0], [54.0, 86.0], [54.0, 86.0], [54.0, 86.0], [54.0, 86.0], [54.0, 86.0], [54.0, 86.0], [54.0, 86.0], [54.0, 86.0], [54.0, 86.0], [54.0, 86.0], [54.0, 86.0], [54.0, 86.0], [54.0, 86.0], [54.0, 86.0]]
Time needed to calculate the shortest path:
22.2003619671


2018-06-22 15:50:44
MPC Actions: ['0', '0', '0', '0', '0', '0', '0', '0', '0', '0', '0', '0', '0', '0', '0', '0']
Temperatures following the MPC path:
[73.1, 73.15184505886586, 73.20369011773172, 73.25553517659759, 73.30738023546346, 73.35922529432932, 73.41107035319519, 73.46291541206105, 73.51476047092692, 73.56660552979278, 73.61845058865865, 73.67029564752451, 73.72214070639038, 73.77398576525624, 73.82583082412211, 73.87767588298797, 73.92952094185384]
Safety Constraints:
[[54.0, 86.0], [54.0, 86.0], [54.0, 86.0], [54.0, 86.0], [54.0, 86.0], [54.0, 86.0], [54.0, 86.0], [54.0, 86.0], [54.0, 86.0], [54.0, 86.0], [54.0, 86.0], [54.0, 86.0], [54.0, 86.0], [54.0, 86.0], [54.0, 86.0], [54.0, 86.0], [54.0, 86.0]]
Prices:
[0.24, 0.24, 0.24, 0.24, 0.24, 0.24, 0.24, 0.24, 0.24, 0.24, 0.24, 0.24, 0.24, 0.26, 0.26, 0.26, 0.26]
Occ Predictions:
[0, 0, 0, 0, 0, 0, 0, 0, 0, 0, 0, 0, 0, 0, 0, 0, 0]
Setpoints:
[[54.0, 86.0], [54.0, 86.0], [54.0, 86.0], [54.0, 86.0], [54.0, 86.0], [54.0, 86.0], [54.0, 86.0], [54.0, 86.0], [54.0, 86.0], [54.0, 86.0], [54.0, 86.0], [54.0, 86.0], [54.0, 86.0], [54.0, 86.0], [54.0, 86.0], [54.0, 86.0], [54.0, 86.0]]
Time needed to calculate the shortest path:
4.66578483582


2018-06-22 16:05:44
MPC Actions: ['0', '0', '0', '0', '0', '0', '0', '0', '0', '0', '0', '0', '0', '0', '0', '0']
Temperatures following the MPC path:
[73.3, 73.35184505886586, 73.40369011773173, 73.45553517659759, 73.50738023546346, 73.55922529432932, 73.61107035319519, 73.66291541206105, 73.71476047092692, 73.76660552979278, 73.81845058865865, 73.87029564752451, 73.92214070639038, 73.97398576525624, 74.02583082412211, 74.07767588298798, 74.12952094185384]
Safety Constraints:
[[54.0, 86.0], [54.0, 86.0], [54.0, 86.0], [54.0, 86.0], [54.0, 86.0], [54.0, 86.0], [54.0, 86.0], [54.0, 86.0], [54.0, 86.0], [54.0, 86.0], [54.0, 86.0], [54.0, 86.0], [54.0, 86.0], [54.0, 86.0], [54.0, 86.0], [54.0, 86.0], [54.0, 86.0]]
Prices:
[0.24, 0.24, 0.24, 0.24, 0.24, 0.24, 0.24, 0.24, 0.24, 0.24, 0.24, 0.24, 0.26, 0.26, 0.26, 0.26, 0.26]
Occ Predictions:
[0, 0, 0, 0, 0, 0, 0, 0, 0, 0, 0, 0, 0, 0, 0, 0, 0]
Setpoints:
[[54.0, 86.0], [54.0, 86.0], [54.0, 86.0], [54.0, 86.0], [54.0, 86.0], [54.0, 86.0], [54.0, 86.0], [54.0, 86.0], [54.0, 86.0], [54.0, 86.0], [54.0, 86.0], [54.0, 86.0], [54.0, 86.0], [54.0, 86.0], [54.0, 86.0], [54.0, 86.0], [54.0, 86.0]]
Time needed to calculate the shortest path:
18.3355259895


2018-06-22 16:20:44
MPC Actions: ['0', '0', '0', '0', '0', '0', '0', '0', '0', '0', '0', '0', '0', '0', '0', '0']
Temperatures following the MPC path:
[73.6, 73.65184505886586, 73.70369011773172, 73.75553517659759, 73.80738023546346, 73.85922529432932, 73.91107035319519, 73.96291541206105, 74.01476047092692, 74.06660552979278, 74.11845058865865, 74.17029564752451, 74.22214070639038, 74.27398576525624, 74.32583082412211, 74.37767588298797, 74.42952094185384]
Safety Constraints:
[[54.0, 86.0], [54.0, 86.0], [54.0, 86.0], [54.0, 86.0], [54.0, 86.0], [54.0, 86.0], [54.0, 86.0], [54.0, 86.0], [54.0, 86.0], [54.0, 86.0], [54.0, 86.0], [54.0, 86.0], [54.0, 86.0], [54.0, 86.0], [54.0, 86.0], [54.0, 86.0], [54.0, 86.0]]
Prices:
[0.24, 0.24, 0.24, 0.24, 0.24, 0.24, 0.24, 0.24, 0.24, 0.24, 0.24, 0.26, 0.26, 0.26, 0.26, 0.26, 0.26]
Occ Predictions:
[0, 0, 0, 0, 0, 0, 0, 0, 0, 0, 0, 0, 0, 0, 0, 0, 0]
Setpoints:
[[54.0, 86.0], [54.0, 86.0], [54.0, 86.0], [54.0, 86.0], [54.0, 86.0], [54.0, 86.0], [54.0, 86.0], [54.0, 86.0], [54.0, 86.0], [54.0, 86.0], [54.0, 86.0], [54.0, 86.0], [54.0, 86.0], [54.0, 86.0], [54.0, 86.0], [54.0, 86.0], [54.0, 86.0]]
Time needed to calculate the shortest path:
4.46286702156


2018-06-22 16:35:44
MPC Actions: ['0', '0', '0', '0', '0', '0', '0', '0', '0', '0', '0', '0', '0', '0', '0', '0']
Temperatures following the MPC path:
[74.1, 74.15184505886586, 74.20369011773172, 74.25553517659759, 74.30738023546346, 74.35922529432932, 74.41107035319519, 74.46291541206105, 74.51476047092692, 74.56660552979278, 74.61845058865865, 74.67029564752451, 74.72214070639038, 74.77398576525624, 74.82583082412211, 74.87767588298797, 74.92952094185384]
Safety Constraints:
[[54.0, 86.0], [54.0, 86.0], [54.0, 86.0], [54.0, 86.0], [54.0, 86.0], [54.0, 86.0], [54.0, 86.0], [54.0, 86.0], [54.0, 86.0], [54.0, 86.0], [54.0, 86.0], [54.0, 86.0], [54.0, 86.0], [54.0, 86.0], [54.0, 86.0], [54.0, 86.0], [54.0, 86.0]]
Prices:
[0.24, 0.24, 0.24, 0.24, 0.24, 0.24, 0.24, 0.24, 0.24, 0.24, 0.26, 0.26, 0.26, 0.26, 0.26, 0.26, 0.26]
Occ Predictions:
[0, 0, 0, 0, 0, 0, 0, 0, 0, 0, 0, 0, 0, 0, 0, 0, 0]
Setpoints:
[[54.0, 86.0], [54.0, 86.0], [54.0, 86.0], [54.0, 86.0], [54.0, 86.0], [54.0, 86.0], [54.0, 86.0], [54.0, 86.0], [54.0, 86.0], [54.0, 86.0], [54.0, 86.0], [54.0, 86.0], [54.0, 86.0], [54.0, 86.0], [54.0, 86.0], [54.0, 86.0], [54.0, 86.0]]
Time needed to calculate the shortest path:
8.4077270031


2018-06-22 16:50:44
MPC Actions: ['0', '0', '0', '0', '0', '0', '0', '0', '0', '0', '0', '0', '0', '0', '0', '0']
Temperatures following the MPC path:
[74.5, 74.55184505886587, 74.60369011773173, 74.6555351765976, 74.70738023546346, 74.75922529432933, 74.81107035319519, 74.86291541206106, 74.91476047092692, 74.96660552979279, 75.01845058865865, 75.07029564752452, 75.12214070639038, 75.17398576525625, 75.22583082412211, 75.27767588298798, 75.32952094185384]
Safety Constraints:
[[54.0, 86.0], [54.0, 86.0], [54.0, 86.0], [54.0, 86.0], [54.0, 86.0], [54.0, 86.0], [54.0, 86.0], [54.0, 86.0], [54.0, 86.0], [54.0, 86.0], [54.0, 86.0], [54.0, 86.0], [54.0, 86.0], [54.0, 86.0], [54.0, 86.0], [54.0, 86.0], [54.0, 86.0]]
Prices:
[0.24, 0.24, 0.24, 0.24, 0.24, 0.24, 0.24, 0.24, 0.24, 0.26, 0.26, 0.26, 0.26, 0.26, 0.26, 0.26, 0.26]
Occ Predictions:
[0, 0, 0, 0, 0, 0, 0, 0, 0, 0, 0, 0, 0, 0, 0, 0, 0]
Setpoints:
[[54.0, 86.0], [54.0, 86.0], [54.0, 86.0], [54.0, 86.0], [54.0, 86.0], [54.0, 86.0], [54.0, 86.0], [54.0, 86.0], [54.0, 86.0], [54.0, 86.0], [54.0, 86.0], [54.0, 86.0], [54.0, 86.0], [54.0, 86.0], [54.0, 86.0], [54.0, 86.0], [54.0, 86.0]]
Time needed to calculate the shortest path:
8.25971293449


2018-06-22 17:44:35
MPC Actions: ['0', '0', '0', '0', '0', '0', '0', '0', '0', '0', '0', '0', '0', '0', '0', '0']
Temperatures following the MPC path:
[74.6, 74.65184505886586, 74.70369011773172, 74.75553517659759, 74.80738023546346, 74.85922529432932, 74.91107035319519, 74.96291541206105, 75.01476047092692, 75.06660552979278, 75.11845058865865, 75.17029564752451, 75.22214070639038, 75.27398576525624, 75.32583082412211, 75.37767588298797, 75.42952094185384]
Safety Constraints:
[[54.0, 86.0], [54.0, 86.0], [54.0, 86.0], [54.0, 86.0], [54.0, 86.0], [54.0, 86.0], [54.0, 86.0], [54.0, 86.0], [54.0, 86.0], [54.0, 86.0], [54.0, 86.0], [54.0, 86.0], [54.0, 86.0], [54.0, 86.0], [54.0, 86.0], [54.0, 86.0], [54.0, 86.0]]
Prices:
[0.24, 0.24, 0.24, 0.24, 0.24, 0.24, 0.26, 0.26, 0.26, 0.26, 0.26, 0.26, 0.26, 0.26, 0.858, 0.858, 0.858, 0.858, 0.858, 0.858, 0.858, 0.858, 0.858, 0.858, 0.858, 0.858, 0.858, 0.858, 0.858]
Occ Predictions:
[0, 0, 0, 0, 0, 0, 0, 0, 0, 0, 0, 0, 0, 0, 0, 0, 0]
Setpoints:
[[54.0, 86.0], [54.0, 86.0], [54.0, 86.0], [54.0, 86.0], [54.0, 86.0], [54.0, 86.0], [54.0, 86.0], [54.0, 86.0], [54.0, 86.0], [54.0, 86.0], [54.0, 86.0], [54.0, 86.0], [54.0, 86.0], [54.0, 86.0], [54.0, 86.0], [54.0, 86.0], [54.0, 86.0]]
Time needed to calculate the shortest path:
7.60328507423


2018-07-09 11:41:56
MPC Actions: ['2', '2', '2', '2', '2', '2', '2', '2', '0', '0', '0', '0', '0', '0', '0', '0']
Temperatures following the MPC path:
[87.9, 87.55000000000001, 87.2, 86.85000000000001, 86.55000000000001, 86.25, 85.95, 85.65, 85.35000000000001, 85.4, 85.45, 85.5, 85.55000000000001, 85.60000000000001, 85.65, 85.7, 85.75]
Safety Constraints:
[[54.0, 86.0], [54.0, 86.0], [54.0, 86.0], [54.0, 86.0], [54.0, 86.0], [54.0, 86.0], [54.0, 86.0], [54.0, 86.0], [54.0, 86.0], [54.0, 86.0], [54.0, 86.0], [54.0, 86.0], [54.0, 86.0], [54.0, 86.0], [54.0, 86.0], [54.0, 86.0], [54.0, 86.0]]
Prices:
[0.21, 0.21, 0.21, 0.21, 0.21, 0.21, 0.21, 0.21, 0.21, 0.21, 0.21, 0.21, 0.21, 0.21, 0.21, 0.21, 0.24]
Occ Predictions:
[0, 0, 0, 0, 0, 0, 0, 0, 0, 0, 0, 0, 0, 0, 0, 0, 0]
Setpoints:
[[54.0, 86.0], [54.0, 86.0], [54.0, 86.0], [54.0, 86.0], [54.0, 86.0], [54.0, 86.0], [54.0, 86.0], [54.0, 86.0], [54.0, 86.0], [54.0, 86.0], [54.0, 86.0], [54.0, 86.0], [54.0, 86.0], [54.0, 86.0], [54.0, 86.0], [54.0, 86.0], [54.0, 86.0]]
Time needed to calculate the shortest path:
1.1035130024
