

2018-06-22 13:50:44
MPC Actions: ['2', '2', '2', '2', '2', '0', '0', '0', '1', '1', '0', '0', '0', '0', '0', '0']
Temperatures following the MPC path:
[69.0, 68.45101766580252, 67.90203533160505, 67.35305299740757, 66.8040706632101, 66.25508832901262, 66.30693338787849, 66.35877844674435, 66.41062350561022, 68.74975943216309, 71.08889535871596, 71.14074041758182, 71.19258547644769, 71.24443053531355, 71.29627559417942, 71.34812065304529, 71.39996571191115]
Safety Constraints:
[[54.0, 86.0], [54.0, 86.0], [54.0, 86.0], [54.0, 86.0], [54.0, 86.0], [54.0, 86.0], [54.0, 86.0], [54.0, 86.0], [54.0, 86.0], [54.0, 86.0], [54.0, 86.0], [54.0, 86.0], [54.0, 86.0], [54.0, 86.0], [54.0, 86.0], [54.0, 86.0], [54.0, 86.0]]
Prices:
[0.21, 0.21, 0.21, 0.21, 0.21, 0.21, 0.21, 0.24, 0.24, 0.24, 0.24, 0.24, 0.24, 0.24, 0.24, 0.24, 0.24]
Occ Predictions:
[1, 1, 1, 1, 1, 1, 1, 1, 1, 1, 1, 1, 1, 1, 1, 1, 1]
Setpoints:
[[65.0, 68.0], [65.0, 68.0], [65.0, 68.0], [65.0, 68.0], [65.0, 68.0], [65.0, 68.0], [65.0, 68.0], [65.0, 68.0], [65.0, 68.0], [70.0, 73.0], [70.0, 73.0], [70.0, 73.0], [70.0, 73.0], [70.0, 73.0], [70.0, 73.0], [70.0, 73.0], [70.0, 73.0]]
Time needed to calculate the shortest path:
28.6331338882


2018-06-22 14:05:44
MPC Actions: ['2', '2', '2', '0', '0', '0', '0', '1', '1', '0', '0', '0', '0', '0', '0', '0']
Temperatures following the MPC path:
[67.9, 67.35101766580253, 66.80203533160505, 66.25305299740758, 66.30489805627344, 66.35674311513931, 66.40858817400517, 66.46043323287104, 68.79956915942391, 71.13870508597678, 71.19055014484265, 71.24239520370851, 71.29424026257438, 71.34608532144024, 71.39793038030611, 71.44977543917197, 71.50162049803784]
Safety Constraints:
[[54.0, 86.0], [54.0, 86.0], [54.0, 86.0], [54.0, 86.0], [54.0, 86.0], [54.0, 86.0], [54.0, 86.0], [54.0, 86.0], [54.0, 86.0], [54.0, 86.0], [54.0, 86.0], [54.0, 86.0], [54.0, 86.0], [54.0, 86.0], [54.0, 86.0], [54.0, 86.0], [54.0, 86.0]]
Prices:
[0.21, 0.21, 0.21, 0.21, 0.21, 0.21, 0.24, 0.24, 0.24, 0.24, 0.24, 0.24, 0.24, 0.24, 0.24, 0.24, 0.24]
Occ Predictions:
[1, 1, 1, 1, 1, 1, 1, 1, 1, 1, 1, 1, 1, 1, 1, 1, 1]
Setpoints:
[[65.0, 68.0], [65.0, 68.0], [65.0, 68.0], [65.0, 68.0], [65.0, 68.0], [65.0, 68.0], [65.0, 68.0], [65.0, 68.0], [70.0, 73.0], [70.0, 73.0], [70.0, 73.0], [70.0, 73.0], [70.0, 73.0], [70.0, 73.0], [70.0, 73.0], [70.0, 73.0], [70.0, 73.0]]
Time needed to calculate the shortest path:
71.0948851109


2018-06-22 14:20:45
MPC Actions: ['2', '0', '0', '0', '0', '0', '1', '1', '0', '0', '0', '0', '0', '0', '0', '0']
Temperatures following the MPC path:
[67.0, 66.45101766580252, 66.50286272466839, 66.55470778353425, 66.60655284240012, 66.65839790126599, 66.71024296013185, 69.04937888668472, 71.38851481323759, 71.44035987210346, 71.49220493096932, 71.54404998983519, 71.59589504870105, 71.64774010756692, 71.69958516643278, 71.75143022529865, 71.80327528416451]
Safety Constraints:
[[54.0, 86.0], [54.0, 86.0], [54.0, 86.0], [54.0, 86.0], [54.0, 86.0], [54.0, 86.0], [54.0, 86.0], [54.0, 86.0], [54.0, 86.0], [54.0, 86.0], [54.0, 86.0], [54.0, 86.0], [54.0, 86.0], [54.0, 86.0], [54.0, 86.0], [54.0, 86.0], [54.0, 86.0]]
Prices:
[0.21, 0.21, 0.21, 0.21, 0.21, 0.24, 0.24, 0.24, 0.24, 0.24, 0.24, 0.24, 0.24, 0.24, 0.24, 0.24, 0.24]
Occ Predictions:
[1, 1, 1, 1, 1, 1, 1, 1, 1, 1, 1, 1, 1, 1, 1, 1, 1]
Setpoints:
[[65.0, 68.0], [65.0, 68.0], [65.0, 68.0], [65.0, 68.0], [65.0, 68.0], [65.0, 68.0], [65.0, 68.0], [70.0, 73.0], [70.0, 73.0], [70.0, 73.0], [70.0, 73.0], [70.0, 73.0], [70.0, 73.0], [70.0, 73.0], [70.0, 73.0], [70.0, 73.0], [70.0, 73.0]]
Time needed to calculate the shortest path:
36.4942190647


2018-06-22 14:35:44
MPC Actions: ['2', '2', '2', '0', '0', '1', '1', '0', '0', '0', '0', '0', '0', '0', '0', '0']
Temperatures following the MPC path:
[68.0, 67.45101766580252, 66.90203533160505, 66.35305299740757, 66.40489805627344, 66.4567431151393, 68.79587904169217, 71.13501496824504, 71.18686002711091, 71.23870508597678, 71.29055014484264, 71.3423952037085, 71.39424026257437, 71.44608532144024, 71.4979303803061, 71.54977543917197, 71.60162049803783]
Safety Constraints:
[[54.0, 86.0], [54.0, 86.0], [54.0, 86.0], [54.0, 86.0], [54.0, 86.0], [54.0, 86.0], [54.0, 86.0], [54.0, 86.0], [54.0, 86.0], [54.0, 86.0], [54.0, 86.0], [54.0, 86.0], [54.0, 86.0], [54.0, 86.0], [54.0, 86.0], [54.0, 86.0], [54.0, 86.0]]
Prices:
[0.21, 0.21, 0.21, 0.21, 0.24, 0.24, 0.24, 0.24, 0.24, 0.24, 0.24, 0.24, 0.24, 0.24, 0.24, 0.24, 0.24]
Occ Predictions:
[1, 1, 1, 1, 1, 1, 1, 1, 1, 1, 1, 1, 1, 1, 1, 1, 1]
Setpoints:
[[65.0, 68.0], [65.0, 68.0], [65.0, 68.0], [65.0, 68.0], [65.0, 68.0], [65.0, 68.0], [70.0, 73.0], [70.0, 73.0], [70.0, 73.0], [70.0, 73.0], [70.0, 73.0], [70.0, 73.0], [70.0, 73.0], [70.0, 73.0], [70.0, 73.0], [70.0, 73.0], [70.0, 73.0]]
Time needed to calculate the shortest path:
21.5019729137


2018-06-22 14:50:45
MPC Actions: ['2', '2', '0', '0', '1', '1', '0', '0', '0', '0', '0', '0', '0', '0', '0', '0']
Temperatures following the MPC path:
[67.9, 67.35101766580253, 66.80203533160505, 66.85388039047092, 66.90572544933679, 69.24486137588966, 71.58399730244253, 71.63584236130839, 71.68768742017426, 71.73953247904012, 71.79137753790599, 71.84322259677185, 71.89506765563772, 71.94691271450358, 71.99875777336945, 72.05060283223531, 72.10244789110118]
Safety Constraints:
[[54.0, 86.0], [54.0, 86.0], [54.0, 86.0], [54.0, 86.0], [54.0, 86.0], [54.0, 86.0], [54.0, 86.0], [54.0, 86.0], [54.0, 86.0], [54.0, 86.0], [54.0, 86.0], [54.0, 86.0], [54.0, 86.0], [54.0, 86.0], [54.0, 86.0], [54.0, 86.0], [54.0, 86.0]]
Prices:
[0.21, 0.21, 0.21, 0.24, 0.24, 0.24, 0.24, 0.24, 0.24, 0.24, 0.24, 0.24, 0.24, 0.24, 0.24, 0.24, 0.24]
Occ Predictions:
[1, 1, 1, 1, 1, 1, 1, 1, 1, 1, 1, 1, 1, 1, 1, 1, 1]
Setpoints:
[[65.0, 68.0], [65.0, 68.0], [65.0, 68.0], [65.0, 68.0], [65.0, 68.0], [70.0, 73.0], [70.0, 73.0], [70.0, 73.0], [70.0, 73.0], [70.0, 73.0], [70.0, 73.0], [70.0, 73.0], [70.0, 73.0], [70.0, 73.0], [70.0, 73.0], [70.0, 73.0], [70.0, 73.0]]
Time needed to calculate the shortest path:
23.7959420681


2018-06-22 15:05:45
MPC Actions: ['2', '0', '0', '1', '1', '0', '0', '0', '0', '0', '0', '0', '0', '0', '0', '0']
Temperatures following the MPC path:
[67.4, 66.85101766580253, 66.9028627246684, 66.95470778353426, 69.29384371008713, 71.63297963664, 71.68482469550587, 71.73666975437173, 71.7885148132376, 71.84035987210346, 71.89220493096933, 71.9440499898352, 71.99589504870106, 72.04774010756692, 72.09958516643279, 72.15143022529865, 72.20327528416452]
Safety Constraints:
[[54.0, 86.0], [54.0, 86.0], [54.0, 86.0], [54.0, 86.0], [54.0, 86.0], [54.0, 86.0], [54.0, 86.0], [54.0, 86.0], [54.0, 86.0], [54.0, 86.0], [54.0, 86.0], [54.0, 86.0], [54.0, 86.0], [54.0, 86.0], [54.0, 86.0], [54.0, 86.0], [54.0, 86.0]]
Prices:
[0.21, 0.21, 0.24, 0.24, 0.24, 0.24, 0.24, 0.24, 0.24, 0.24, 0.24, 0.24, 0.24, 0.24, 0.24, 0.24, 0.26]
Occ Predictions:
[1, 1, 1, 1, 1, 1, 1, 1, 1, 1, 1, 1, 1, 1, 1, 1, 1]
Setpoints:
[[65.0, 68.0], [65.0, 68.0], [65.0, 68.0], [65.0, 68.0], [70.0, 73.0], [70.0, 73.0], [70.0, 73.0], [70.0, 73.0], [70.0, 73.0], [70.0, 73.0], [70.0, 73.0], [70.0, 73.0], [70.0, 73.0], [70.0, 73.0], [70.0, 73.0], [70.0, 73.0], [70.0, 73.0]]
Time needed to calculate the shortest path:
11.565942049


2018-06-22 15:20:44
MPC Actions: ['0', '0', '1', '1', '0', '0', '0', '0', '0', '0', '0', '0', '0', '0', '0', '0']
Temperatures following the MPC path:
[66.5, 66.55184505886587, 66.60369011773173, 68.9428260442846, 71.28196197083747, 71.33380702970334, 71.3856520885692, 71.43749714743507, 71.48934220630093, 71.5411872651668, 71.59303232403266, 71.64487738289853, 71.6967224417644, 71.74856750063026, 71.80041255949612, 71.85225761836199, 71.90410267722785]
Safety Constraints:
[[54.0, 86.0], [54.0, 86.0], [54.0, 86.0], [54.0, 86.0], [54.0, 86.0], [54.0, 86.0], [54.0, 86.0], [54.0, 86.0], [54.0, 86.0], [54.0, 86.0], [54.0, 86.0], [54.0, 86.0], [54.0, 86.0], [54.0, 86.0], [54.0, 86.0], [54.0, 86.0], [54.0, 86.0]]
Prices:
[0.21, 0.24, 0.24, 0.24, 0.24, 0.24, 0.24, 0.24, 0.24, 0.24, 0.24, 0.24, 0.24, 0.24, 0.24, 0.26, 0.26]
Occ Predictions:
[1, 1, 1, 1, 1, 1, 1, 1, 1, 1, 1, 1, 1, 1, 1, 1, 1]
Setpoints:
[[65.0, 68.0], [65.0, 68.0], [65.0, 68.0], [70.0, 73.0], [70.0, 73.0], [70.0, 73.0], [70.0, 73.0], [70.0, 73.0], [70.0, 73.0], [70.0, 73.0], [70.0, 73.0], [70.0, 73.0], [70.0, 73.0], [70.0, 73.0], [70.0, 73.0], [70.0, 73.0], [70.0, 73.0]]
Time needed to calculate the shortest path:
25.261439085


2018-06-22 15:35:44
MPC Actions: ['2', '1', '1', '0', '0', '0', '0', '0', '0', '0', '0', '0', '0', '0', '0', '0']
Temperatures following the MPC path:
[67.0, 66.45101766580252, 68.7901535923554, 71.12928951890827, 71.18113457777413, 71.23297963664, 71.28482469550586, 71.33666975437173, 71.38851481323759, 71.44035987210346, 71.49220493096932, 71.54404998983519, 71.59589504870105, 71.64774010756692, 71.69958516643278, 71.75143022529865, 71.80327528416451]
Safety Constraints:
[[54.0, 86.0], [54.0, 86.0], [54.0, 86.0], [54.0, 86.0], [54.0, 86.0], [54.0, 86.0], [54.0, 86.0], [54.0, 86.0], [54.0, 86.0], [54.0, 86.0], [54.0, 86.0], [54.0, 86.0], [54.0, 86.0], [54.0, 86.0], [54.0, 86.0], [54.0, 86.0], [54.0, 86.0]]
Prices:
[0.24, 0.24, 0.24, 0.24, 0.24, 0.24, 0.24, 0.24, 0.24, 0.24, 0.24, 0.24, 0.24, 0.24, 0.26, 0.26, 0.26]
Occ Predictions:
[1, 1, 1, 1, 1, 1, 1, 1, 1, 1, 1, 1, 1, 1, 1, 1, 1]
Setpoints:
[[65.0, 68.0], [65.0, 68.0], [70.0, 73.0], [70.0, 73.0], [70.0, 73.0], [70.0, 73.0], [70.0, 73.0], [70.0, 73.0], [70.0, 73.0], [70.0, 73.0], [70.0, 73.0], [70.0, 73.0], [70.0, 73.0], [70.0, 73.0], [70.0, 73.0], [70.0, 73.0], [70.0, 73.0]]
Time needed to calculate the shortest path:
29.1431849003


2018-06-22 15:50:44
MPC Actions: ['0', '1', '0', '0', '0', '0', '0', '0', '0', '0', '0', '0', '0', '0', '0', '0']
Temperatures following the MPC path:
[67.9, 67.95184505886587, 70.29098098541874, 70.3428260442846, 70.39467110315047, 70.44651616201634, 70.4983612208822, 70.55020627974807, 70.60205133861393, 70.6538963974798, 70.70574145634566, 70.75758651521153, 70.8094315740774, 70.86127663294326, 70.91312169180912, 70.96496675067499, 71.01681180954085]
Safety Constraints:
[[54.0, 86.0], [54.0, 86.0], [54.0, 86.0], [54.0, 86.0], [54.0, 86.0], [54.0, 86.0], [54.0, 86.0], [54.0, 86.0], [54.0, 86.0], [54.0, 86.0], [54.0, 86.0], [54.0, 86.0], [54.0, 86.0], [54.0, 86.0], [54.0, 86.0], [54.0, 86.0], [54.0, 86.0]]
Prices:
[0.24, 0.24, 0.24, 0.24, 0.24, 0.24, 0.24, 0.24, 0.24, 0.24, 0.24, 0.24, 0.24, 0.26, 0.26, 0.26, 0.26]
Occ Predictions:
[1, 1, 1, 1, 1, 1, 1, 1, 1, 1, 1, 1, 1, 1, 1, 1, 1]
Setpoints:
[[65.0, 68.0], [70.0, 73.0], [70.0, 73.0], [70.0, 73.0], [70.0, 73.0], [70.0, 73.0], [70.0, 73.0], [70.0, 73.0], [70.0, 73.0], [70.0, 73.0], [70.0, 73.0], [70.0, 73.0], [70.0, 73.0], [70.0, 73.0], [70.0, 73.0], [70.0, 73.0], [70.0, 73.0]]
Time needed to calculate the shortest path:
20.9378969669


2018-06-22 16:05:44
MPC Actions: ['1', '0', '0', '0', '0', '0', '0', '0', '0', '0', '0', '0', '0', '0', '0', '0']
Temperatures following the MPC path:
[68.3, 70.63913592655287, 70.69098098541873, 70.7428260442846, 70.79467110315046, 70.84651616201633, 70.8983612208822, 70.95020627974806, 71.00205133861392, 71.05389639747979, 71.10574145634565, 71.15758651521152, 71.20943157407739, 71.26127663294325, 71.31312169180912, 71.36496675067498, 71.41681180954085]
Safety Constraints:
[[54.0, 86.0], [54.0, 86.0], [54.0, 86.0], [54.0, 86.0], [54.0, 86.0], [54.0, 86.0], [54.0, 86.0], [54.0, 86.0], [54.0, 86.0], [54.0, 86.0], [54.0, 86.0], [54.0, 86.0], [54.0, 86.0], [54.0, 86.0], [54.0, 86.0], [54.0, 86.0], [54.0, 86.0]]
Prices:
[0.24, 0.24, 0.24, 0.24, 0.24, 0.24, 0.24, 0.24, 0.24, 0.24, 0.24, 0.24, 0.26, 0.26, 0.26, 0.26, 0.26]
Occ Predictions:
[1, 1, 1, 1, 1, 1, 1, 1, 1, 1, 1, 1, 1, 1, 1, 1, 1]
Setpoints:
[[70.0, 73.0], [70.0, 73.0], [70.0, 73.0], [70.0, 73.0], [70.0, 73.0], [70.0, 73.0], [70.0, 73.0], [70.0, 73.0], [70.0, 73.0], [70.0, 73.0], [70.0, 73.0], [70.0, 73.0], [70.0, 73.0], [70.0, 73.0], [70.0, 73.0], [70.0, 73.0], [70.0, 73.0]]
Time needed to calculate the shortest path:
21.3304469585


2018-06-22 16:20:44
MPC Actions: ['0', '0', '0', '0', '0', '0', '0', '0', '0', '0', '0', '0', '0', '0', '0', '0']
Temperatures following the MPC path:
[71.4, 71.45184505886587, 71.50369011773174, 71.5555351765976, 71.60738023546347, 71.65922529432933, 71.7110703531952, 71.76291541206106, 71.81476047092693, 71.86660552979279, 71.91845058865866, 71.97029564752452, 72.02214070639039, 72.07398576525625, 72.12583082412212, 72.17767588298798, 72.22952094185385]
Safety Constraints:
[[54.0, 86.0], [54.0, 86.0], [54.0, 86.0], [54.0, 86.0], [54.0, 86.0], [54.0, 86.0], [54.0, 86.0], [54.0, 86.0], [54.0, 86.0], [54.0, 86.0], [54.0, 86.0], [54.0, 86.0], [54.0, 86.0], [54.0, 86.0], [54.0, 86.0], [54.0, 86.0], [54.0, 86.0]]
Prices:
[0.24, 0.24, 0.24, 0.24, 0.24, 0.24, 0.24, 0.24, 0.24, 0.24, 0.24, 0.26, 0.26, 0.26, 0.26, 0.26, 0.26]
Occ Predictions:
[1, 1, 1, 1, 1, 1, 1, 1, 1, 1, 1, 1, 1, 1, 1, 1, 1]
Setpoints:
[[70.0, 73.0], [70.0, 73.0], [70.0, 73.0], [70.0, 73.0], [70.0, 73.0], [70.0, 73.0], [70.0, 73.0], [70.0, 73.0], [70.0, 73.0], [70.0, 73.0], [70.0, 73.0], [70.0, 73.0], [70.0, 73.0], [70.0, 73.0], [70.0, 73.0], [70.0, 73.0], [70.0, 73.0]]
Time needed to calculate the shortest path:
8.78409314156
THERMOSTAT CHANGED MANUALY AT : 2018-06-22 16:35:44 UTC

2018-06-22 17:51:00
MPC Actions: ['0', '0', '0', '0', '0', '0', '0', '0', '0', '0', '0', '0', '0', '0', '0', '0']
Temperatures following the MPC path:
[70.7, 70.75184505886587, 70.80369011773173, 70.8555351765976, 70.90738023546346, 70.95922529432933, 71.0110703531952, 71.06291541206106, 71.11476047092692, 71.16660552979279, 71.21845058865865, 71.27029564752452, 71.32214070639039, 71.37398576525625, 71.42583082412212, 71.47767588298798, 71.52952094185385]
Safety Constraints:
[[54.0, 86.0], [54.0, 86.0], [54.0, 86.0], [54.0, 86.0], [54.0, 86.0], [54.0, 86.0], [54.0, 86.0], [54.0, 86.0], [54.0, 86.0], [54.0, 86.0], [54.0, 86.0], [54.0, 86.0], [54.0, 86.0], [54.0, 86.0], [54.0, 86.0], [54.0, 86.0], [54.0, 86.0]]
Prices:
[0.24, 0.24, 0.24, 0.24, 0.24, 0.26, 0.26, 0.26, 0.26, 0.26, 0.26, 0.26, 0.26, 0.858, 0.858, 0.858, 0.858, 0.858, 0.858, 0.858, 0.858, 0.858, 0.858, 0.858, 0.858, 0.858, 0.858, 0.858, 0.858, 0.858, 0.858, 0.858, 0.858]
Occ Predictions:
[1, 1, 1, 1, 1, 1, 1, 1, 1, 1, 1, 1, 1, 1, 1, 1, 1]
Setpoints:
[[70.0, 73.0], [70.0, 73.0], [70.0, 73.0], [70.0, 73.0], [70.0, 73.0], [70.0, 73.0], [70.0, 73.0], [70.0, 73.0], [70.0, 73.0], [70.0, 73.0], [70.0, 73.0], [70.0, 73.0], [70.0, 73.0], [54.0, 86.0], [54.0, 86.0], [54.0, 86.0], [54.0, 86.0]]
Time needed to calculate the shortest path:
15.6548490524


2018-06-22 18:06:06
MPC Actions: ['0', '0', '0', '0', '0', '0', '0', '0', '0', '0', '0', '0', '0', '0', '0', '0']
Temperatures following the MPC path:
[71.6, 71.65184505886586, 71.70369011773172, 71.75553517659759, 71.80738023546346, 71.85922529432932, 71.91107035319519, 71.96291541206105, 72.01476047092692, 72.06660552979278, 72.11845058865865, 72.17029564752451, 72.22214070639038, 72.27398576525624, 72.32583082412211, 72.37767588298797, 72.42952094185384]
Safety Constraints:
[[54.0, 86.0], [54.0, 86.0], [54.0, 86.0], [54.0, 86.0], [54.0, 86.0], [54.0, 86.0], [54.0, 86.0], [54.0, 86.0], [54.0, 86.0], [54.0, 86.0], [54.0, 86.0], [54.0, 86.0], [54.0, 86.0], [54.0, 86.0], [54.0, 86.0], [54.0, 86.0], [54.0, 86.0]]
Prices:
[0.24, 0.24, 0.24, 0.24, 0.26, 0.26, 0.26, 0.26, 0.26, 0.26, 0.26, 0.26, 0.858, 0.858, 0.858, 0.858, 0.858, 0.858, 0.858, 0.858, 0.858, 0.858, 0.858, 0.858, 0.858, 0.858, 0.858, 0.858, 0.858, 0.858, 0.858, 0.858, 0.858, 0.858, 0.858, 0.858, 0.858]
Occ Predictions:
[1, 1, 1, 1, 1, 1, 1, 1, 1, 1, 1, 1, 1, 1, 1, 1, 1]
Setpoints:
[[70.0, 73.0], [70.0, 73.0], [70.0, 73.0], [70.0, 73.0], [70.0, 73.0], [70.0, 73.0], [70.0, 73.0], [70.0, 73.0], [70.0, 73.0], [70.0, 73.0], [70.0, 73.0], [70.0, 73.0], [54.0, 86.0], [54.0, 86.0], [54.0, 86.0], [54.0, 86.0], [54.0, 86.0]]
Time needed to calculate the shortest path:
19.8495669365
