

2018-07-10 16:51:03
MPC Actions: ['0', '0', '0', '0', '0', '0', '0', '0', '0', '0', '0', '0', '0', '0', '0', '0']
Temperatures following the MPC path:
[70.7, 70.75, 70.8, 70.85000000000001, 70.9, 70.95, 71.05, 71.15, 71.25, 71.35000000000001, 71.45, 71.55, 71.65, 71.75, 71.85000000000001, 71.95, 72.05]
Safety Constraints:
[[68, 84], [68, 84], [68, 84], [68, 84], [68, 84], [68, 84], [68, 84], [68, 84], [68, 84], [68, 84], [68, 84], [68, 84], [68, 84], [68, 84], [68, 84], [68, 84], [68, 84]]
Prices:
[0.16253, 0.16253, 0.16253, 0.16253, 0.16253, 0.16253, 0.16253, 0.16253, 0.16253, 0.21766, 0.21766, 0.21766, 0.21766, 0.21766, 0.21766, 0.21766, 0.21766]
Occ Predictions:
[1, 1, 1, 1, 1, 1, 1, 1, 1, 1, 1, 1, 1, 1, 1, 1, 1]
Setpoints:
[[68, 78], [68, 78], [68, 78], [68, 78], [68, 78], [68, 78], [68, 78], [68, 78], [68, 78], [68, 78], [68, 78], [68, 78], [68, 78], [68, 78], [68, 78], [68, 78], [68, 78]]
Time needed to calculate the shortest path:
4.73024201393


2018-07-10 21:07:54
MPC Actions: ['0', '0', '0', '0', '0', '0', '0', '0', '0', '0', '0', '0', '0', '0', '0', '0']
Temperatures following the MPC path:
[70.9, 71.0, 71.10000000000001, 71.2, 71.3, 71.425, 71.55, 71.675, 71.8, 71.925, 72.05, 72.175, 72.3, 72.4, 72.5, 72.60000000000001, 72.7]
Safety Constraints:
[[68, 84], [68, 84], [68, 84], [68, 84], [68, 84], [68, 84], [68, 84], [68, 84], [68, 84], [68, 84], [68, 84], [68, 84], [68, 85], [68, 85], [68, 85], [68, 85], [68, 85]]
Prices:
[1.11766, 1.11766, 1.11766, 1.11766, 1.11766, 1.11766, 1.11766, 1.11766, 1.11766, 1.11766, 1.11766, 1.11766, 1.11766, 1.11766, 1.11766, 1.11766, 1.11766, 1.11766, 1.11766, 1.11766, 1.11766, 1.11766, 1.11766, 1.11766, 1.11766, 1.11766, 1.11766, 1.11766, 1.11766, 1.11766, 1.11766, 1.11766, 1.11766, 1.11766, 1.11766, 1.11766, 1.11766, 1.11766, 1.11766, 1.11766, 1.11766, 1.11766, 1.11766, 1.11766, 1.11766, 1.11766, 1.11766, 1.11766, 1.11766, 1.11766, 1.11766, 1.11766, 1.11766, 1.11766, 1.11766, 1.11766, 1.11766, 1.11766, 1.11766, 1.11766, 1.11766, 1.11766, 1.11766, 1.11766, 1.11766, 1.11766, 1.11766, 1.11766, 1.11766, 1.11766, 1.11766, 1.11766, 1.11766, 1.11766, 1.11766, 1.11766, 1.11766, 1.11766, 1.11766, 1.11766, 0.16253]
Occ Predictions:
[1, 1, 1, 1, 1, 1, 1, 1, 1, 1, 1, 1, 0, 0, 0, 0, 0]
Setpoints:
[[68, 78], [68, 78], [68, 78], [68, 78], [68, 78], [68, 78], [68, 78], [68, 78], [68, 78], [68, 78], [68, 78], [68, 78], [68, 80], [68, 80], [68, 80], [68, 80], [68, 80]]
Time needed to calculate the shortest path:
83.4409091473


2018-07-10 21:22:54
MPC Actions: ['0', '0', '0', '0', '0', '0', '0', '0', '0', '0', '0', '0', '0', '0', '0', '0']
Temperatures following the MPC path:
[72.4, 72.5, 72.60000000000001, 72.7, 72.8, 72.9, 73.0, 73.10000000000001, 73.2, 73.3, 73.4, 73.5, 73.60000000000001, 73.7, 73.8, 73.9, 73.97500000000001]
Safety Constraints:
[[68, 84], [68, 84], [68, 84], [68, 84], [68, 84], [68, 84], [68, 84], [68, 84], [68, 84], [68, 84], [68, 84], [68, 85], [68, 85], [68, 85], [68, 85], [68, 85], [68, 85]]
Prices:
[1.11766, 1.11766, 1.11766, 1.11766, 1.11766, 1.11766, 1.11766, 1.11766, 1.11766, 1.11766, 1.11766, 1.11766, 1.11766, 1.11766, 1.11766, 1.11766, 1.11766, 1.11766, 1.11766, 1.11766, 1.11766, 1.11766, 1.11766, 1.11766, 1.11766, 1.11766, 1.11766, 1.11766, 1.11766, 1.11766, 1.11766, 1.11766, 1.11766, 1.11766, 1.11766, 1.11766, 1.11766, 1.11766, 1.11766, 1.11766, 1.11766, 1.11766, 1.11766, 1.11766, 1.11766, 1.11766, 1.11766, 1.11766, 1.11766, 1.11766, 1.11766, 1.11766, 1.11766, 1.11766, 1.11766, 1.11766, 1.11766, 1.11766, 1.11766, 1.11766, 1.11766, 1.11766, 1.11766, 1.11766, 1.11766, 1.11766, 1.11766, 1.11766, 1.11766, 1.11766, 1.11766, 1.11766, 1.11766, 1.11766, 1.11766, 0.16253, 0.16253]
Occ Predictions:
[1, 1, 1, 1, 1, 1, 1, 1, 1, 1, 1, 0, 0, 0, 0, 0, 0]
Setpoints:
[[68, 78], [68, 78], [68, 78], [68, 78], [68, 78], [68, 78], [68, 78], [68, 78], [68, 78], [68, 78], [68, 78], [68, 80], [68, 80], [68, 80], [68, 80], [68, 80], [68, 80]]
Time needed to calculate the shortest path:
88.1923191547


2018-07-10 21:37:54
MPC Actions: ['0', '0', '0', '0', '0', '0', '0', '0', '0', '0', '0', '0', '0', '0', '0', '0']
Temperatures following the MPC path:
[73.2, 73.3, 73.4, 73.5, 73.60000000000001, 73.7, 73.8, 73.9, 74.0, 74.10000000000001, 74.2, 74.3, 74.4, 74.5, 74.60000000000001, 74.675, 74.75]
Safety Constraints:
[[68, 84], [68, 84], [68, 84], [68, 84], [68, 84], [68, 84], [68, 84], [68, 84], [68, 84], [68, 84], [68, 85], [68, 85], [68, 85], [68, 85], [68, 85], [68, 85], [68, 85]]
Prices:
[1.11766, 1.11766, 1.11766, 1.11766, 1.11766, 1.11766, 1.11766, 1.11766, 1.11766, 1.11766, 1.11766, 1.11766, 1.11766, 1.11766, 1.11766, 1.11766, 1.11766, 1.11766, 1.11766, 1.11766, 1.11766, 1.11766, 1.11766, 1.11766, 1.11766, 1.11766, 1.11766, 1.11766, 1.11766, 1.11766, 1.11766, 1.11766, 1.11766, 1.11766, 1.11766, 1.11766, 1.11766, 1.11766, 1.11766, 1.11766, 1.11766, 1.11766, 1.11766, 1.11766, 1.11766, 1.11766, 1.11766, 1.11766, 1.11766, 1.11766, 1.11766, 1.11766, 1.11766, 1.11766, 1.11766, 1.11766, 1.11766, 1.11766, 1.11766, 1.11766, 1.11766, 1.11766, 1.11766, 1.11766, 1.11766, 1.11766, 1.11766, 1.11766, 1.11766, 1.11766, 0.16253, 0.16253, 0.16253]
Occ Predictions:
[1, 1, 1, 1, 1, 1, 1, 1, 1, 1, 0, 0, 0, 0, 0, 0, 0]
Setpoints:
[[68, 78], [68, 78], [68, 78], [68, 78], [68, 78], [68, 78], [68, 78], [68, 78], [68, 78], [68, 78], [68, 80], [68, 80], [68, 80], [68, 80], [68, 80], [68, 80], [68, 80]]
Time needed to calculate the shortest path:
80.5240929127


2018-07-10 21:52:54
MPC Actions: ['0', '0', '0', '0', '0', '0', '0', '0', '0', '0', '0', '0', '0', '0', '0', '0']
Temperatures following the MPC path:
[73.7, 73.8, 73.925, 74.05, 74.175, 74.3, 74.425, 74.55, 74.675, 74.8, 74.9, 75.0, 75.10000000000001, 75.2, 75.3, 75.4, 75.5]
Safety Constraints:
[[68, 84], [68, 84], [68, 84], [68, 84], [68, 84], [68, 84], [68, 84], [68, 84], [68, 84], [68, 85], [68, 85], [68, 85], [68, 85], [68, 85], [68, 85], [68, 85], [68, 85]]
Prices:
[1.11766, 1.11766, 1.11766, 1.11766, 1.11766, 1.11766, 1.11766, 1.11766, 1.11766, 1.11766, 1.11766, 1.11766, 1.11766, 1.11766, 1.11766, 1.11766, 1.11766, 1.11766, 1.11766, 1.11766, 1.11766, 1.11766, 1.11766, 1.11766, 1.11766, 1.11766, 1.11766, 1.11766, 1.11766, 1.11766, 1.11766, 1.11766, 1.11766, 1.11766, 1.11766, 1.11766, 1.11766, 1.11766, 1.11766, 1.11766, 1.11766, 1.11766, 1.11766, 1.11766, 1.11766, 1.11766, 1.11766, 1.11766, 1.11766, 1.11766, 1.11766, 1.11766, 1.11766, 1.11766, 1.11766, 1.11766, 1.11766, 1.11766, 1.11766, 1.11766, 1.11766, 1.11766, 1.11766, 1.11766, 1.11766, 0.16253, 0.16253, 0.16253, 0.16253]
Occ Predictions:
[1, 1, 1, 1, 1, 1, 1, 1, 1, 0, 0, 0, 0, 0, 0, 0, 0]
Setpoints:
[[68, 78], [68, 78], [68, 78], [68, 78], [68, 78], [68, 78], [68, 78], [68, 78], [68, 78], [68, 80], [68, 80], [68, 80], [68, 80], [68, 80], [68, 80], [68, 80], [68, 80]]
Time needed to calculate the shortest path:
59.0647878647


2018-07-10 22:04:16
MPC Actions: ['0', '0', '0', '0', '0', '0', '0', '0', '0', '0', '0', '0', '0', '0', '0', '0']
Temperatures following the MPC path:
[74.0, 74.125, 74.25, 74.375, 74.5, 74.625, 74.75, 74.875, 75.0, 75.125, 75.25, 75.375, 75.5, 75.60000000000001, 75.7, 75.8, 75.9]
Safety Constraints:
[[68, 84], [68, 84], [68, 84], [68, 84], [68, 84], [68, 84], [68, 84], [68, 84], [68, 85], [68, 85], [68, 85], [68, 85], [68, 85], [68, 85], [68, 85], [68, 85], [68, 85]]
Prices:
[1.11766, 1.11766, 1.11766, 1.11766, 1.11766, 1.11766, 1.11766, 1.11766, 1.11766, 1.11766, 1.11766, 1.11766, 1.11766, 1.11766, 1.11766, 1.11766, 1.11766, 1.11766, 1.11766, 1.11766, 1.11766, 1.11766, 1.11766, 1.11766, 1.11766, 1.11766, 1.11766, 1.11766, 1.11766, 1.11766, 1.11766, 1.11766, 1.11766, 1.11766, 1.11766, 1.11766, 1.11766, 1.11766, 1.11766, 1.11766, 1.11766, 1.11766, 1.11766, 1.11766, 1.11766, 1.11766, 1.11766, 1.11766, 1.11766, 1.11766, 1.11766, 1.11766, 1.11766, 1.11766, 1.11766, 1.11766, 1.11766, 1.11766, 1.11766, 1.11766, 0.16253, 0.16253, 0.16253, 0.16253, 0.16253]
Occ Predictions:
[1, 1, 1, 1, 1, 1, 1, 1, 0, 0, 0, 0, 0, 0, 0, 0, 0]
Setpoints:
[[68, 78], [68, 78], [68, 78], [68, 78], [68, 78], [68, 78], [68, 78], [68, 78], [68, 80], [68, 80], [68, 80], [68, 80], [68, 80], [68, 80], [68, 80], [68, 80], [68, 80]]
Time needed to calculate the shortest path:
99.4933421612


2018-07-10 22:19:16
MPC Actions: ['0', '0', '0', '0', '0', '0', '0', '0', '0', '0', '0', '0', '0', '0', '0', '0']
Temperatures following the MPC path:
[74.5, 74.625, 74.75, 74.875, 75.0, 75.125, 75.22500000000001, 75.325, 75.425, 75.525, 75.625, 75.72500000000001, 75.825, 75.925, 76.025, 76.125, 76.2]
Safety Constraints:
[[68, 84], [68, 84], [68, 84], [68, 84], [68, 84], [68, 84], [68, 84], [68, 85], [68, 85], [68, 85], [68, 85], [68, 85], [68, 85], [68, 85], [68, 85], [68, 85], [68, 85]]
Prices:
[1.11766, 1.11766, 1.11766, 1.11766, 1.11766, 1.11766, 1.11766, 1.11766, 1.11766, 1.11766, 1.11766, 1.11766, 1.11766, 1.11766, 1.11766, 1.11766, 1.11766, 1.11766, 1.11766, 1.11766, 1.11766, 1.11766, 1.11766, 1.11766, 1.11766, 1.11766, 1.11766, 1.11766, 1.11766, 1.11766, 1.11766, 1.11766, 1.11766, 1.11766, 1.11766, 1.11766, 1.11766, 1.11766, 1.11766, 1.11766, 1.11766, 1.11766, 1.11766, 1.11766, 1.11766, 1.11766, 1.11766, 1.11766, 1.11766, 1.11766, 1.11766, 1.11766, 1.11766, 1.11766, 1.11766, 0.16253, 0.16253, 0.16253, 0.16253, 0.16253, 0.16253]
Occ Predictions:
[1, 1, 1, 1, 1, 1, 1, 0, 0, 0, 0, 0, 0, 0, 0, 0, 0]
Setpoints:
[[68, 78], [68, 78], [68, 78], [68, 78], [68, 78], [68, 78], [68, 78], [68, 80], [68, 80], [68, 80], [68, 80], [68, 80], [68, 80], [68, 80], [68, 80], [68, 80], [68, 80]]
Time needed to calculate the shortest path:
76.8910088539


2018-07-10 22:34:16
MPC Actions: ['0', '0', '0', '0', '0', '0', '0', '0', '0', '0', '0', '0', '0', '0', '0', '0']
Temperatures following the MPC path:
[74.8, 74.9, 75.0, 75.10000000000001, 75.2, 75.3, 75.4, 75.5, 75.60000000000001, 75.7, 75.8, 75.875, 75.95, 76.025, 76.10000000000001, 76.175, 76.25]
Safety Constraints:
[[68, 84], [68, 84], [68, 84], [68, 84], [68, 84], [68, 84], [68, 85], [68, 85], [68, 85], [68, 85], [68, 85], [68, 85], [68, 85], [68, 85], [68, 85], [68, 85], [68, 85]]
Prices:
[1.11766, 1.11766, 1.11766, 1.11766, 1.11766, 1.11766, 1.11766, 1.11766, 1.11766, 1.11766, 1.11766, 1.11766, 1.11766, 1.11766, 1.11766, 1.11766, 1.11766, 1.11766, 1.11766, 1.11766, 1.11766, 1.11766, 1.11766, 1.11766, 1.11766, 1.11766, 1.11766, 1.11766, 1.11766, 1.11766, 1.11766, 1.11766, 1.11766, 1.11766, 1.11766, 1.11766, 1.11766, 1.11766, 1.11766, 1.11766, 1.11766, 1.11766, 1.11766, 1.11766, 1.11766, 1.11766, 1.11766, 1.11766, 1.11766, 1.11766, 0.16253, 0.16253, 0.16253, 0.16253, 0.16253, 0.16253, 0.16253]
Occ Predictions:
[1, 1, 1, 1, 1, 1, 0, 0, 0, 0, 0, 0, 0, 0, 0, 0, 0]
Setpoints:
[[68, 78], [68, 78], [68, 78], [68, 78], [68, 78], [68, 78], [68, 80], [68, 80], [68, 80], [68, 80], [68, 80], [68, 80], [68, 80], [68, 80], [68, 80], [68, 80], [68, 80]]
Time needed to calculate the shortest path:
78.7466449738


2018-07-10 22:49:16
MPC Actions: ['0', '0', '0', '0', '0', '0', '0', '0', '0', '0', '0', '0', '0', '0', '0', '0']
Temperatures following the MPC path:
[75.1, 75.22500000000001, 75.35000000000001, 75.47500000000001, 75.60000000000001, 75.72500000000001, 75.825, 75.925, 76.025, 76.125, 76.22500000000001, 76.325, 76.425, 76.525, 76.60000000000001, 76.675, 76.75]
Safety Constraints:
[[68, 84], [68, 84], [68, 84], [68, 84], [68, 84], [68, 85], [68, 85], [68, 85], [68, 85], [68, 85], [68, 85], [68, 85], [68, 85], [68, 85], [68, 85], [68, 85], [68, 85]]
Prices:
[1.11766, 1.11766, 1.11766, 1.11766, 1.11766, 1.11766, 1.11766, 1.11766, 1.11766, 1.11766, 1.11766, 1.11766, 1.11766, 1.11766, 1.11766, 1.11766, 1.11766, 1.11766, 1.11766, 1.11766, 1.11766, 1.11766, 1.11766, 1.11766, 1.11766, 1.11766, 1.11766, 1.11766, 1.11766, 1.11766, 1.11766, 1.11766, 1.11766, 1.11766, 1.11766, 1.11766, 1.11766, 1.11766, 1.11766, 1.11766, 1.11766, 1.11766, 1.11766, 1.11766, 1.11766, 0.16253, 0.16253, 0.16253, 0.16253, 0.16253, 0.16253, 0.16253, 0.16253]
Occ Predictions:
[1, 1, 1, 1, 1, 0, 0, 0, 0, 0, 0, 0, 0, 0, 0, 0, 0]
Setpoints:
[[68, 78], [68, 78], [68, 78], [68, 78], [68, 78], [68, 80], [68, 80], [68, 80], [68, 80], [68, 80], [68, 80], [68, 80], [68, 80], [68, 80], [68, 80], [68, 80], [68, 80]]
Time needed to calculate the shortest path:
66.4036648273


2018-07-10 23:04:16
MPC Actions: ['0', '0', '0', '0', '0', '0', '0', '0', '0', '0', '0', '0', '0', '0', '0', '0']
Temperatures following the MPC path:
[75.3, 75.4, 75.5, 75.60000000000001, 75.7, 75.8, 75.875, 75.95, 76.025, 76.10000000000001, 76.175, 76.25, 76.325, 76.4, 76.47500000000001, 76.55, 76.625]
Safety Constraints:
[[68, 84], [68, 84], [68, 84], [68, 84], [68, 85], [68, 85], [68, 85], [68, 85], [68, 85], [68, 85], [68, 85], [68, 85], [68, 85], [68, 85], [68, 85], [68, 85], [68, 85]]
Prices:
[1.11766, 1.11766, 1.11766, 1.11766, 1.11766, 1.11766, 1.11766, 1.11766, 1.11766, 1.11766, 1.11766, 1.11766, 1.11766, 1.11766, 1.11766, 1.11766, 1.11766, 1.11766, 1.11766, 1.11766, 1.11766, 1.11766, 1.11766, 1.11766, 1.11766, 1.11766, 1.11766, 1.11766, 1.11766, 1.11766, 1.11766, 1.11766, 1.11766, 1.11766, 1.11766, 1.11766, 1.11766, 1.11766, 1.11766, 1.11766, 0.16253, 0.16253, 0.16253, 0.16253, 0.16253, 0.16253, 0.16253, 0.16253, 0.16253]
Occ Predictions:
[1, 1, 1, 1, 0, 0, 0, 0, 0, 0, 0, 0, 0, 0, 0, 0, 0]
Setpoints:
[[68, 78], [68, 78], [68, 78], [68, 78], [68, 80], [68, 80], [68, 80], [68, 80], [68, 80], [68, 80], [68, 80], [68, 80], [68, 80], [68, 80], [68, 80], [68, 80], [68, 80]]
Time needed to calculate the shortest path:
69.2086820602


2018-07-10 23:19:16
MPC Actions: ['0', '0', '0', '0', '0', '0', '0', '0', '0', '0', '0', '0', '0', '0', '0', '0']
Temperatures following the MPC path:
[75.4, 75.47500000000001, 75.55, 75.625, 75.675, 75.72500000000001, 75.775, 75.825, 75.875, 75.925, 75.97500000000001, 76.025, 76.05, 76.075, 76.10000000000001, 76.125, 76.15]
Safety Constraints:
[[68, 84], [68, 84], [68, 84], [68, 85], [68, 85], [68, 85], [68, 85], [68, 85], [68, 85], [68, 85], [68, 85], [68, 85], [68, 85], [68, 85], [68, 85], [68, 85], [68, 85]]
Prices:
[1.11766, 1.11766, 1.11766, 1.11766, 1.11766, 1.11766, 1.11766, 1.11766, 1.11766, 1.11766, 1.11766, 1.11766, 1.11766, 1.11766, 1.11766, 1.11766, 1.11766, 1.11766, 1.11766, 1.11766, 1.11766, 1.11766, 1.11766, 1.11766, 1.11766, 1.11766, 1.11766, 1.11766, 1.11766, 1.11766, 1.11766, 1.11766, 1.11766, 1.11766, 1.11766, 0.16253, 0.16253, 0.16253, 0.16253, 0.16253, 0.16253, 0.16253, 0.16253, 0.16253, 0.16253]
Occ Predictions:
[1, 1, 1, 0, 0, 0, 0, 0, 0, 0, 0, 0, 0, 0, 0, 0, 0]
Setpoints:
[[68, 78], [68, 78], [68, 78], [68, 80], [68, 80], [68, 80], [68, 80], [68, 80], [68, 80], [68, 80], [68, 80], [68, 80], [68, 80], [68, 80], [68, 80], [68, 80], [68, 80]]
Time needed to calculate the shortest path:
52.3427889347


2018-07-10 23:34:16
MPC Actions: ['0', '0', '0', '0', '0', '0', '0', '0', '0', '0', '0', '0', '0', '0', '0', '0']
Temperatures following the MPC path:
[75.9, 75.97500000000001, 76.05, 76.10000000000001, 76.15, 76.2, 76.25, 76.3, 76.35000000000001, 76.4, 76.45, 76.5, 76.55, 76.60000000000001, 76.65, 76.675, 76.7]
Safety Constraints:
[[68, 84], [68, 84], [68, 85], [68, 85], [68, 85], [68, 85], [68, 85], [68, 85], [68, 85], [68, 85], [68, 85], [68, 85], [68, 85], [68, 85], [68, 85], [68, 85], [68, 85]]
Prices:
[1.11766, 1.11766, 1.11766, 1.11766, 1.11766, 1.11766, 1.11766, 1.11766, 1.11766, 1.11766, 1.11766, 1.11766, 1.11766, 1.11766, 1.11766, 1.11766, 1.11766, 1.11766, 1.11766, 1.11766, 1.11766, 1.11766, 1.11766, 1.11766, 1.11766, 1.11766, 1.11766, 1.11766, 1.11766, 1.11766, 0.16253, 0.16253, 0.16253, 0.16253, 0.16253, 0.16253, 0.16253, 0.16253, 0.16253, 0.16253, 0.16253]
Occ Predictions:
[1, 1, 0, 0, 0, 0, 0, 0, 0, 0, 0, 0, 0, 0, 0, 0, 0]
Setpoints:
[[68, 78], [68, 78], [68, 80], [68, 80], [68, 80], [68, 80], [68, 80], [68, 80], [68, 80], [68, 80], [68, 80], [68, 80], [68, 80], [68, 80], [68, 80], [68, 80], [68, 80]]
Time needed to calculate the shortest path:
53.5386331081


2018-07-10 23:49:16
MPC Actions: ['0', '0', '0', '0', '0', '0', '0', '0', '0', '0', '0', '0', '0', '0', '0', '0']
Temperatures following the MPC path:
[76.0, 76.075, 76.15, 76.22500000000001, 76.3, 76.35000000000001, 76.4, 76.45, 76.5, 76.55, 76.60000000000001, 76.65, 76.7, 76.75, 76.775, 76.80000000000001, 76.825]
Safety Constraints:
[[68, 84], [68, 85], [68, 85], [68, 85], [68, 85], [68, 85], [68, 85], [68, 85], [68, 85], [68, 85], [68, 85], [68, 85], [68, 85], [68, 85], [68, 85], [68, 85], [68, 85]]
Prices:
[1.11766, 1.11766, 1.11766, 1.11766, 1.11766, 1.11766, 1.11766, 1.11766, 1.11766, 1.11766, 1.11766, 1.11766, 1.11766, 1.11766, 1.11766, 1.11766, 1.11766, 1.11766, 1.11766, 1.11766, 1.11766, 1.11766, 1.11766, 1.11766, 1.11766, 0.16253, 0.16253, 0.16253, 0.16253, 0.16253, 0.16253, 0.16253, 0.16253, 0.16253, 0.16253, 0.16253, 0.16253]
Occ Predictions:
[1, 0, 0, 0, 0, 0, 0, 0, 0, 0, 0, 0, 0, 0, 0, 0, 0]
Setpoints:
[[68, 78], [68, 80], [68, 80], [68, 80], [68, 80], [68, 80], [68, 80], [68, 80], [68, 80], [68, 80], [68, 80], [68, 80], [68, 80], [68, 80], [68, 80], [68, 80], [68, 80]]
Time needed to calculate the shortest path:
48.7140879631


2018-07-11 00:04:16
MPC Actions: ['0', '0', '0', '0', '0', '0', '0', '0', '0', '0', '0', '0', '0', '0', '0', '0']
Temperatures following the MPC path:
[76.2, 76.275, 76.35000000000001, 76.4, 76.45, 76.5, 76.55, 76.60000000000001, 76.65, 76.7, 76.75, 76.80000000000001, 76.85000000000001, 76.875, 76.9, 76.92500000000001, 76.95]
Safety Constraints:
[[68, 85], [68, 85], [68, 85], [68, 85], [68, 85], [68, 85], [68, 85], [68, 85], [68, 85], [68, 85], [68, 85], [68, 85], [68, 85], [68, 85], [68, 85], [68, 85], [68, 85]]
Prices:
[1.11766, 1.11766, 1.11766, 1.11766, 1.11766, 1.11766, 1.11766, 1.11766, 1.11766, 1.11766, 1.11766, 1.11766, 1.11766, 1.11766, 1.11766, 1.11766, 1.11766, 1.11766, 1.11766, 1.11766, 0.16253, 0.16253, 0.16253, 0.16253, 0.16253, 0.16253, 0.16253, 0.16253, 0.16253, 0.16253, 0.16253, 0.16253, 0.16253]
Occ Predictions:
[0, 0, 0, 0, 0, 0, 0, 0, 0, 0, 0, 0, 0, 0, 0, 0, 0]
Setpoints:
[[68, 80], [68, 80], [68, 80], [68, 80], [68, 80], [68, 80], [68, 80], [68, 80], [68, 80], [68, 80], [68, 80], [68, 80], [68, 80], [68, 80], [68, 80], [68, 80], [68, 80]]
Time needed to calculate the shortest path:
48.0357069969


2018-07-11 00:19:16
MPC Actions: ['0', '0', '0', '0', '0', '0', '0', '0', '0', '0', '0', '0', '0', '0', '0', '0']
Temperatures following the MPC path:
[76.6, 76.675, 76.75, 76.825, 76.875, 76.92500000000001, 76.97500000000001, 77.025, 77.075, 77.125, 77.17500000000001, 77.22500000000001, 77.25, 77.275, 77.30000000000001, 77.325, 77.325]
Safety Constraints:
[[68, 85], [68, 85], [68, 85], [68, 85], [68, 85], [68, 85], [68, 85], [68, 85], [68, 85], [68, 85], [68, 85], [68, 85], [68, 85], [68, 85], [68, 85], [68, 85], [68, 85]]
Prices:
[1.11766, 1.11766, 1.11766, 1.11766, 1.11766, 1.11766, 1.11766, 1.11766, 1.11766, 1.11766, 1.11766, 1.11766, 1.11766, 1.11766, 1.11766, 0.16253, 0.16253, 0.16253, 0.16253, 0.16253, 0.16253, 0.16253, 0.16253, 0.16253, 0.16253, 0.16253, 0.16253, 0.16253, 0.16253]
Occ Predictions:
[0, 0, 0, 0, 0, 0, 0, 0, 0, 0, 0, 0, 0, 0, 0, 0, 0]
Setpoints:
[[68, 80], [68, 80], [68, 80], [68, 80], [68, 80], [68, 80], [68, 80], [68, 80], [68, 80], [68, 80], [68, 80], [68, 80], [68, 80], [68, 80], [68, 80], [68, 80], [68, 80]]
Time needed to calculate the shortest path:
50.0788497925


2018-07-11 00:34:16
MPC Actions: ['0', '0', '0', '0', '0', '0', '0', '0', '0', '0', '0', '0', '0', '0', '0', '0']
Temperatures following the MPC path:
[76.8, 76.875, 76.95, 77.0, 77.05000000000001, 77.10000000000001, 77.15, 77.2, 77.25, 77.30000000000001, 77.35000000000001, 77.375, 77.4, 77.42500000000001, 77.45, 77.45, 77.45]
Safety Constraints:
[[68, 85], [68, 85], [68, 85], [68, 85], [68, 85], [68, 85], [68, 85], [68, 85], [68, 85], [68, 85], [68, 85], [68, 85], [68, 85], [68, 85], [68, 85], [68, 85], [68, 85]]
Prices:
[1.11766, 1.11766, 1.11766, 1.11766, 1.11766, 1.11766, 1.11766, 1.11766, 1.11766, 1.11766, 0.16253, 0.16253, 0.16253, 0.16253, 0.16253, 0.16253, 0.16253, 0.16253, 0.16253, 0.16253, 0.16253, 0.16253, 0.16253, 0.16253, 0.13446]
Occ Predictions:
[0, 0, 0, 0, 0, 0, 0, 0, 0, 0, 0, 0, 0, 0, 0, 0, 0]
Setpoints:
[[68, 80], [68, 80], [68, 80], [68, 80], [68, 80], [68, 80], [68, 80], [68, 80], [68, 80], [68, 80], [68, 80], [68, 80], [68, 80], [68, 80], [68, 80], [68, 80], [68, 80]]
Time needed to calculate the shortest path:
49.2469060421


2018-07-11 00:49:16
MPC Actions: ['0', '0', '0', '0', '0', '0', '0', '0', '0', '0', '0', '0', '0', '0', '0', '0']
Temperatures following the MPC path:
[76.9, 76.95, 77.0, 77.05000000000001, 77.10000000000001, 77.15, 77.2, 77.25, 77.30000000000001, 77.35000000000001, 77.375, 77.4, 77.42500000000001, 77.45, 77.45, 77.45, 77.45]
Safety Constraints:
[[68, 85], [68, 85], [68, 85], [68, 85], [68, 85], [68, 85], [68, 85], [68, 85], [68, 85], [68, 85], [68, 85], [68, 85], [68, 85], [68, 85], [68, 85], [68, 85], [68, 85]]
Prices:
[1.11766, 1.11766, 1.11766, 1.11766, 1.11766, 0.16253, 0.16253, 0.16253, 0.16253, 0.16253, 0.16253, 0.16253, 0.16253, 0.16253, 0.16253, 0.16253, 0.16253, 0.16253, 0.16253, 0.13446, 0.13446]
Occ Predictions:
[0, 0, 0, 0, 0, 0, 0, 0, 0, 0, 0, 0, 0, 0, 0, 0, 0]
Setpoints:
[[68, 80], [68, 80], [68, 80], [68, 80], [68, 80], [68, 80], [68, 80], [68, 80], [68, 80], [68, 80], [68, 80], [68, 80], [68, 80], [68, 80], [68, 80], [68, 80], [68, 80]]
Time needed to calculate the shortest path:
40.0357940197


2018-07-11 01:04:16
MPC Actions: ['0', '0', '0', '0', '0', '0', '0', '0', '0', '0', '0', '0', '0', '0', '0', '0']
Temperatures following the MPC path:
[77.1, 77.15, 77.2, 77.25, 77.30000000000001, 77.325, 77.35000000000001, 77.375, 77.4, 77.42500000000001, 77.45, 77.47500000000001, 77.5, 77.5, 77.5, 77.5, 77.5]
Safety Constraints:
[[68, 85], [68, 85], [68, 85], [68, 85], [68, 85], [68, 85], [68, 85], [68, 85], [68, 85], [68, 85], [68, 85], [68, 85], [68, 85], [68, 85], [68, 85], [68, 85], [68, 85]]
Prices:
[0.16253, 0.16253, 0.16253, 0.16253, 0.16253, 0.16253, 0.16253, 0.16253, 0.16253, 0.16253, 0.16253, 0.16253, 0.16253, 0.16253, 0.13446, 0.13446, 0.13446]
Occ Predictions:
[0, 0, 0, 0, 0, 0, 0, 0, 0, 0, 0, 0, 0, 0, 0, 0, 0]
Setpoints:
[[68, 80], [68, 80], [68, 80], [68, 80], [68, 80], [68, 80], [68, 80], [68, 80], [68, 80], [68, 80], [68, 80], [68, 80], [68, 80], [68, 80], [68, 80], [68, 80], [68, 80]]
Time needed to calculate the shortest path:
44.6811258793
THERMOSTAT CHANGED MANUALY AT : 2018-07-11 01:19:15 UTC