

2018-07-10 21:07:54
MPC Actions: ['0', '0', '0', '0', '0', '0', '0', '0', '0', '0', '0', '0', '0', '0', '0', '0']
Temperatures following the MPC path:
[71.8, 71.9, 72.0, 72.10000000000001, 72.2, 72.3, 72.4, 72.5, 72.60000000000001, 72.7, 72.8, 72.9, 73.0, 73.10000000000001, 73.175, 73.25, 73.325]
Safety Constraints:
[[68, 84], [68, 84], [68, 84], [68, 84], [68, 84], [68, 84], [68, 84], [68, 84], [68, 84], [68, 84], [68, 84], [68, 84], [68, 85], [68, 85], [68, 85], [68, 85], [68, 85]]
Prices:
[1.11766, 1.11766, 1.11766, 1.11766, 1.11766, 1.11766, 1.11766, 1.11766, 1.11766, 1.11766, 1.11766, 1.11766, 1.11766, 1.11766, 1.11766, 1.11766, 1.11766, 1.11766, 1.11766, 1.11766, 1.11766, 1.11766, 1.11766, 1.11766, 1.11766, 1.11766, 1.11766, 1.11766, 1.11766, 1.11766, 1.11766, 1.11766, 1.11766, 1.11766, 1.11766, 1.11766, 1.11766, 1.11766, 1.11766, 1.11766, 1.11766, 1.11766, 1.11766, 1.11766, 1.11766, 1.11766, 1.11766, 1.11766, 1.11766, 1.11766, 1.11766, 1.11766, 1.11766, 1.11766, 1.11766, 1.11766, 1.11766, 1.11766, 1.11766, 1.11766, 1.11766, 1.11766, 1.11766, 1.11766, 1.11766, 1.11766, 1.11766, 1.11766, 1.11766, 1.11766, 1.11766, 1.11766, 1.11766, 1.11766, 1.11766, 1.11766, 1.11766, 1.11766, 1.11766, 1.11766, 0.16253]
Occ Predictions:
[1, 1, 1, 1, 1, 1, 1, 1, 1, 1, 1, 1, 0, 0, 0, 0, 0]
Setpoints:
[[68, 78], [68, 78], [68, 78], [68, 78], [68, 78], [68, 78], [68, 78], [68, 78], [68, 78], [68, 78], [68, 78], [68, 78], [68, 80], [68, 80], [68, 80], [68, 80], [68, 80]]
Time needed to calculate the shortest path:
46.2970650196


2018-07-10 21:22:54
MPC Actions: ['0', '0', '0', '0', '0', '0', '0', '0', '0', '0', '0', '0', '0', '0', '0', '0']
Temperatures following the MPC path:
[73.1, 73.2, 73.3, 73.4, 73.5, 73.60000000000001, 73.7, 73.8, 73.9, 74.0, 74.10000000000001, 74.175, 74.25, 74.325, 74.4, 74.47500000000001, 74.55]
Safety Constraints:
[[68, 84], [68, 84], [68, 84], [68, 84], [68, 84], [68, 84], [68, 84], [68, 84], [68, 84], [68, 84], [68, 84], [68, 85], [68, 85], [68, 85], [68, 85], [68, 85], [68, 85]]
Prices:
[1.11766, 1.11766, 1.11766, 1.11766, 1.11766, 1.11766, 1.11766, 1.11766, 1.11766, 1.11766, 1.11766, 1.11766, 1.11766, 1.11766, 1.11766, 1.11766, 1.11766, 1.11766, 1.11766, 1.11766, 1.11766, 1.11766, 1.11766, 1.11766, 1.11766, 1.11766, 1.11766, 1.11766, 1.11766, 1.11766, 1.11766, 1.11766, 1.11766, 1.11766, 1.11766, 1.11766, 1.11766, 1.11766, 1.11766, 1.11766, 1.11766, 1.11766, 1.11766, 1.11766, 1.11766, 1.11766, 1.11766, 1.11766, 1.11766, 1.11766, 1.11766, 1.11766, 1.11766, 1.11766, 1.11766, 1.11766, 1.11766, 1.11766, 1.11766, 1.11766, 1.11766, 1.11766, 1.11766, 1.11766, 1.11766, 1.11766, 1.11766, 1.11766, 1.11766, 1.11766, 1.11766, 1.11766, 1.11766, 1.11766, 1.11766, 0.16253, 0.16253]
Occ Predictions:
[1, 1, 1, 1, 1, 1, 1, 1, 1, 1, 1, 0, 0, 0, 0, 0, 0]
Setpoints:
[[68, 78], [68, 78], [68, 78], [68, 78], [68, 78], [68, 78], [68, 78], [68, 78], [68, 78], [68, 78], [68, 78], [68, 80], [68, 80], [68, 80], [68, 80], [68, 80], [68, 80]]
Time needed to calculate the shortest path:
74.94927001


2018-07-10 21:37:54
MPC Actions: ['0', '0', '0', '0', '0', '0', '0', '0', '0', '0', '0', '0', '0', '0', '0', '0']
Temperatures following the MPC path:
[74.2, 74.275, 74.35000000000001, 74.45, 74.55, 74.625, 74.7, 74.775, 74.85000000000001, 74.925, 75.0, 75.075, 75.15, 75.22500000000001, 75.3, 75.375, 75.45]
Safety Constraints:
[[68, 84], [68, 84], [68, 84], [68, 84], [68, 84], [68, 84], [68, 84], [68, 84], [68, 84], [68, 84], [68, 85], [68, 85], [68, 85], [68, 85], [68, 85], [68, 85], [68, 85]]
Prices:
[1.11766, 1.11766, 1.11766, 1.11766, 1.11766, 1.11766, 1.11766, 1.11766, 1.11766, 1.11766, 1.11766, 1.11766, 1.11766, 1.11766, 1.11766, 1.11766, 1.11766, 1.11766, 1.11766, 1.11766, 1.11766, 1.11766, 1.11766, 1.11766, 1.11766, 1.11766, 1.11766, 1.11766, 1.11766, 1.11766, 1.11766, 1.11766, 1.11766, 1.11766, 1.11766, 1.11766, 1.11766, 1.11766, 1.11766, 1.11766, 1.11766, 1.11766, 1.11766, 1.11766, 1.11766, 1.11766, 1.11766, 1.11766, 1.11766, 1.11766, 1.11766, 1.11766, 1.11766, 1.11766, 1.11766, 1.11766, 1.11766, 1.11766, 1.11766, 1.11766, 1.11766, 1.11766, 1.11766, 1.11766, 1.11766, 1.11766, 1.11766, 1.11766, 1.11766, 1.11766, 0.16253, 0.16253, 0.16253]
Occ Predictions:
[1, 1, 1, 1, 1, 1, 1, 1, 1, 1, 0, 0, 0, 0, 0, 0, 0]
Setpoints:
[[68, 78], [68, 78], [68, 78], [68, 78], [68, 78], [68, 78], [68, 78], [68, 78], [68, 78], [68, 78], [68, 80], [68, 80], [68, 80], [68, 80], [68, 80], [68, 80], [68, 80]]
Time needed to calculate the shortest path:
75.2719159126
THERMOSTAT CHANGED MANUALY AT : 2018-07-10 21:52:53 UTC

2018-07-10 22:04:16
MPC Actions: ['0', '0', '0', '0', '0', '0', '0', '0', '0', '0', '0', '0', '0', '0', '0', '0']
Temperatures following the MPC path:
[70.8, 70.97500000000001, 71.125, 71.275, 71.425, 71.575, 71.72500000000001, 71.875, 72.025, 72.175, 72.3, 72.425, 72.55, 72.675, 72.8, 72.925, 73.05]
Safety Constraints:
[[68, 84], [68, 84], [68, 84], [68, 84], [68, 84], [68, 84], [68, 84], [68, 84], [68, 85], [68, 85], [68, 85], [68, 85], [68, 85], [68, 85], [68, 85], [68, 85], [68, 85]]
Prices:
[1.11766, 1.11766, 1.11766, 1.11766, 1.11766, 1.11766, 1.11766, 1.11766, 1.11766, 1.11766, 1.11766, 1.11766, 1.11766, 1.11766, 1.11766, 1.11766, 1.11766, 1.11766, 1.11766, 1.11766, 1.11766, 1.11766, 1.11766, 1.11766, 1.11766, 1.11766, 1.11766, 1.11766, 1.11766, 1.11766, 1.11766, 1.11766, 1.11766, 1.11766, 1.11766, 1.11766, 1.11766, 1.11766, 1.11766, 1.11766, 1.11766, 1.11766, 1.11766, 1.11766, 1.11766, 1.11766, 1.11766, 1.11766, 1.11766, 1.11766, 1.11766, 1.11766, 1.11766, 1.11766, 1.11766, 1.11766, 1.11766, 1.11766, 1.11766, 1.11766, 0.16253, 0.16253, 0.16253, 0.16253, 0.16253]
Occ Predictions:
[1, 1, 1, 1, 1, 1, 1, 1, 0, 0, 0, 0, 0, 0, 0, 0, 0]
Setpoints:
[[68, 78], [68, 78], [68, 78], [68, 78], [68, 78], [68, 78], [68, 78], [68, 78], [68, 80], [68, 80], [68, 80], [68, 80], [68, 80], [68, 80], [68, 80], [68, 80], [68, 80]]
Time needed to calculate the shortest path:
136.197944164


2018-07-10 22:19:16
MPC Actions: ['0', '0', '0', '0', '0', '0', '0', '0', '0', '0', '0', '0', '0', '0', '0', '0']
Temperatures following the MPC path:
[73.1, 73.22500000000001, 73.35000000000001, 73.47500000000001, 73.60000000000001, 73.72500000000001, 73.85000000000001, 73.97500000000001, 74.10000000000001, 74.2, 74.3, 74.4, 74.5, 74.60000000000001, 74.7, 74.8, 74.875]
Safety Constraints:
[[68, 84], [68, 84], [68, 84], [68, 84], [68, 84], [68, 84], [68, 84], [68, 85], [68, 85], [68, 85], [68, 85], [68, 85], [68, 85], [68, 85], [68, 85], [68, 85], [68, 85]]
Prices:
[1.11766, 1.11766, 1.11766, 1.11766, 1.11766, 1.11766, 1.11766, 1.11766, 1.11766, 1.11766, 1.11766, 1.11766, 1.11766, 1.11766, 1.11766, 1.11766, 1.11766, 1.11766, 1.11766, 1.11766, 1.11766, 1.11766, 1.11766, 1.11766, 1.11766, 1.11766, 1.11766, 1.11766, 1.11766, 1.11766, 1.11766, 1.11766, 1.11766, 1.11766, 1.11766, 1.11766, 1.11766, 1.11766, 1.11766, 1.11766, 1.11766, 1.11766, 1.11766, 1.11766, 1.11766, 1.11766, 1.11766, 1.11766, 1.11766, 1.11766, 1.11766, 1.11766, 1.11766, 1.11766, 1.11766, 0.16253, 0.16253, 0.16253, 0.16253, 0.16253, 0.16253]
Occ Predictions:
[1, 1, 1, 1, 1, 1, 1, 0, 0, 0, 0, 0, 0, 0, 0, 0, 0]
Setpoints:
[[68, 78], [68, 78], [68, 78], [68, 78], [68, 78], [68, 78], [68, 78], [68, 80], [68, 80], [68, 80], [68, 80], [68, 80], [68, 80], [68, 80], [68, 80], [68, 80], [68, 80]]
Time needed to calculate the shortest path:
82.0764551163


2018-07-10 22:34:16
MPC Actions: ['0', '0', '0', '0', '0', '0', '0', '0', '0', '0', '0', '0', '0', '0', '0', '0']
Temperatures following the MPC path:
[74.3, 74.425, 74.55, 74.675, 74.775, 74.875, 74.97500000000001, 75.075, 75.175, 75.275, 75.375, 75.47500000000001, 75.575, 75.65, 75.72500000000001, 75.8, 75.875]
Safety Constraints:
[[68, 84], [68, 84], [68, 84], [68, 84], [68, 84], [68, 84], [68, 85], [68, 85], [68, 85], [68, 85], [68, 85], [68, 85], [68, 85], [68, 85], [68, 85], [68, 85], [68, 85]]
Prices:
[1.11766, 1.11766, 1.11766, 1.11766, 1.11766, 1.11766, 1.11766, 1.11766, 1.11766, 1.11766, 1.11766, 1.11766, 1.11766, 1.11766, 1.11766, 1.11766, 1.11766, 1.11766, 1.11766, 1.11766, 1.11766, 1.11766, 1.11766, 1.11766, 1.11766, 1.11766, 1.11766, 1.11766, 1.11766, 1.11766, 1.11766, 1.11766, 1.11766, 1.11766, 1.11766, 1.11766, 1.11766, 1.11766, 1.11766, 1.11766, 1.11766, 1.11766, 1.11766, 1.11766, 1.11766, 1.11766, 1.11766, 1.11766, 1.11766, 1.11766, 0.16253, 0.16253, 0.16253, 0.16253, 0.16253, 0.16253, 0.16253]
Occ Predictions:
[1, 1, 1, 1, 1, 1, 0, 0, 0, 0, 0, 0, 0, 0, 0, 0, 0]
Setpoints:
[[68, 78], [68, 78], [68, 78], [68, 78], [68, 78], [68, 78], [68, 80], [68, 80], [68, 80], [68, 80], [68, 80], [68, 80], [68, 80], [68, 80], [68, 80], [68, 80], [68, 80]]
Time needed to calculate the shortest path:
89.0290358067


2018-07-10 22:49:16
MPC Actions: ['0', '0', '0', '0', '0', '0', '0', '0', '0', '0', '0', '0', '0', '0', '0', '0']
Temperatures following the MPC path:
[75.0, 75.125, 75.25, 75.375, 75.5, 75.60000000000001, 75.7, 75.8, 75.9, 76.0, 76.10000000000001, 76.2, 76.3, 76.4, 76.47500000000001, 76.55, 76.625]
Safety Constraints:
[[68, 84], [68, 84], [68, 84], [68, 84], [68, 84], [68, 85], [68, 85], [68, 85], [68, 85], [68, 85], [68, 85], [68, 85], [68, 85], [68, 85], [68, 85], [68, 85], [68, 85]]
Prices:
[1.11766, 1.11766, 1.11766, 1.11766, 1.11766, 1.11766, 1.11766, 1.11766, 1.11766, 1.11766, 1.11766, 1.11766, 1.11766, 1.11766, 1.11766, 1.11766, 1.11766, 1.11766, 1.11766, 1.11766, 1.11766, 1.11766, 1.11766, 1.11766, 1.11766, 1.11766, 1.11766, 1.11766, 1.11766, 1.11766, 1.11766, 1.11766, 1.11766, 1.11766, 1.11766, 1.11766, 1.11766, 1.11766, 1.11766, 1.11766, 1.11766, 1.11766, 1.11766, 1.11766, 1.11766, 0.16253, 0.16253, 0.16253, 0.16253, 0.16253, 0.16253, 0.16253, 0.16253]
Occ Predictions:
[1, 1, 1, 1, 1, 0, 0, 0, 0, 0, 0, 0, 0, 0, 0, 0, 0]
Setpoints:
[[68, 78], [68, 78], [68, 78], [68, 78], [68, 78], [68, 80], [68, 80], [68, 80], [68, 80], [68, 80], [68, 80], [68, 80], [68, 80], [68, 80], [68, 80], [68, 80], [68, 80]]
Time needed to calculate the shortest path:
81.2524168491


2018-07-10 23:04:16
MPC Actions: ['0', '0', '0', '0', '0', '0', '0', '0', '0', '0', '0', '0', '0', '0', '0', '0']
Temperatures following the MPC path:
[75.5, 75.60000000000001, 75.7, 75.8, 75.9, 76.0, 76.10000000000001, 76.2, 76.3, 76.375, 76.45, 76.525, 76.60000000000001, 76.675, 76.75, 76.825, 76.9]
Safety Constraints:
[[68, 84], [68, 84], [68, 84], [68, 84], [68, 85], [68, 85], [68, 85], [68, 85], [68, 85], [68, 85], [68, 85], [68, 85], [68, 85], [68, 85], [68, 85], [68, 85], [68, 85]]
Prices:
[1.11766, 1.11766, 1.11766, 1.11766, 1.11766, 1.11766, 1.11766, 1.11766, 1.11766, 1.11766, 1.11766, 1.11766, 1.11766, 1.11766, 1.11766, 1.11766, 1.11766, 1.11766, 1.11766, 1.11766, 1.11766, 1.11766, 1.11766, 1.11766, 1.11766, 1.11766, 1.11766, 1.11766, 1.11766, 1.11766, 1.11766, 1.11766, 1.11766, 1.11766, 1.11766, 1.11766, 1.11766, 1.11766, 1.11766, 1.11766, 0.16253, 0.16253, 0.16253, 0.16253, 0.16253, 0.16253, 0.16253, 0.16253, 0.16253]
Occ Predictions:
[1, 1, 1, 1, 0, 0, 0, 0, 0, 0, 0, 0, 0, 0, 0, 0, 0]
Setpoints:
[[68, 78], [68, 78], [68, 78], [68, 78], [68, 80], [68, 80], [68, 80], [68, 80], [68, 80], [68, 80], [68, 80], [68, 80], [68, 80], [68, 80], [68, 80], [68, 80], [68, 80]]
Time needed to calculate the shortest path:
80.1436300278


2018-07-10 23:19:16
MPC Actions: ['0', '0', '0', '0', '0', '0', '0', '0', '0', '0', '0', '0', '0', '0', '0', '0']
Temperatures following the MPC path:
[76.0, 76.075, 76.15, 76.22500000000001, 76.3, 76.375, 76.45, 76.525, 76.60000000000001, 76.675, 76.72500000000001, 76.775, 76.825, 76.875, 76.92500000000001, 76.97500000000001, 77.0]
Safety Constraints:
[[68, 84], [68, 84], [68, 84], [68, 85], [68, 85], [68, 85], [68, 85], [68, 85], [68, 85], [68, 85], [68, 85], [68, 85], [68, 85], [68, 85], [68, 85], [68, 85], [68, 85]]
Prices:
[1.11766, 1.11766, 1.11766, 1.11766, 1.11766, 1.11766, 1.11766, 1.11766, 1.11766, 1.11766, 1.11766, 1.11766, 1.11766, 1.11766, 1.11766, 1.11766, 1.11766, 1.11766, 1.11766, 1.11766, 1.11766, 1.11766, 1.11766, 1.11766, 1.11766, 1.11766, 1.11766, 1.11766, 1.11766, 1.11766, 1.11766, 1.11766, 1.11766, 1.11766, 1.11766, 0.16253, 0.16253, 0.16253, 0.16253, 0.16253, 0.16253, 0.16253, 0.16253, 0.16253, 0.16253]
Occ Predictions:
[1, 1, 1, 0, 0, 0, 0, 0, 0, 0, 0, 0, 0, 0, 0, 0, 0]
Setpoints:
[[68, 78], [68, 78], [68, 78], [68, 80], [68, 80], [68, 80], [68, 80], [68, 80], [68, 80], [68, 80], [68, 80], [68, 80], [68, 80], [68, 80], [68, 80], [68, 80], [68, 80]]
Time needed to calculate the shortest path:
58.4565420151


2018-07-10 23:34:16
MPC Actions: ['0', '0', '0', '0', '0', '0', '0', '0', '0', '0', '0', '0', '0', '0', '0', '0']
Temperatures following the MPC path:
[76.3, 76.375, 76.45, 76.525, 76.60000000000001, 76.675, 76.72500000000001, 76.775, 76.825, 76.875, 76.92500000000001, 76.97500000000001, 77.025, 77.075, 77.125, 77.15, 77.17500000000001]
Safety Constraints:
[[68, 84], [68, 84], [68, 85], [68, 85], [68, 85], [68, 85], [68, 85], [68, 85], [68, 85], [68, 85], [68, 85], [68, 85], [68, 85], [68, 85], [68, 85], [68, 85], [68, 85]]
Prices:
[1.11766, 1.11766, 1.11766, 1.11766, 1.11766, 1.11766, 1.11766, 1.11766, 1.11766, 1.11766, 1.11766, 1.11766, 1.11766, 1.11766, 1.11766, 1.11766, 1.11766, 1.11766, 1.11766, 1.11766, 1.11766, 1.11766, 1.11766, 1.11766, 1.11766, 1.11766, 1.11766, 1.11766, 1.11766, 1.11766, 0.16253, 0.16253, 0.16253, 0.16253, 0.16253, 0.16253, 0.16253, 0.16253, 0.16253, 0.16253, 0.16253]
Occ Predictions:
[1, 1, 0, 0, 0, 0, 0, 0, 0, 0, 0, 0, 0, 0, 0, 0, 0]
Setpoints:
[[68, 78], [68, 78], [68, 80], [68, 80], [68, 80], [68, 80], [68, 80], [68, 80], [68, 80], [68, 80], [68, 80], [68, 80], [68, 80], [68, 80], [68, 80], [68, 80], [68, 80]]
Time needed to calculate the shortest path:
62.0799119473


2018-07-10 23:49:16
MPC Actions: ['0', '0', '0', '0', '0', '0', '0', '0', '0', '0', '0', '0', '0', '0', '0', '0']
Temperatures following the MPC path:
[76.7, 76.75, 76.80000000000001, 76.85000000000001, 76.9, 76.95, 77.0, 77.05000000000001, 77.10000000000001, 77.15, 77.17500000000001, 77.2, 77.22500000000001, 77.25, 77.275, 77.30000000000001, 77.325]
Safety Constraints:
[[68, 84], [68, 85], [68, 85], [68, 85], [68, 85], [68, 85], [68, 85], [68, 85], [68, 85], [68, 85], [68, 85], [68, 85], [68, 85], [68, 85], [68, 85], [68, 85], [68, 85]]
Prices:
[1.11766, 1.11766, 1.11766, 1.11766, 1.11766, 1.11766, 1.11766, 1.11766, 1.11766, 1.11766, 1.11766, 1.11766, 1.11766, 1.11766, 1.11766, 1.11766, 1.11766, 1.11766, 1.11766, 1.11766, 1.11766, 1.11766, 1.11766, 1.11766, 1.11766, 0.16253, 0.16253, 0.16253, 0.16253, 0.16253, 0.16253, 0.16253, 0.16253, 0.16253, 0.16253, 0.16253, 0.16253]
Occ Predictions:
[1, 0, 0, 0, 0, 0, 0, 0, 0, 0, 0, 0, 0, 0, 0, 0, 0]
Setpoints:
[[68, 78], [68, 80], [68, 80], [68, 80], [68, 80], [68, 80], [68, 80], [68, 80], [68, 80], [68, 80], [68, 80], [68, 80], [68, 80], [68, 80], [68, 80], [68, 80], [68, 80]]
Time needed to calculate the shortest path:
67.7373390198


2018-07-11 00:04:16
MPC Actions: ['0', '0', '0', '0', '0', '0', '0', '0', '0', '0', '0', '0', '0', '0', '0', '0']
Temperatures following the MPC path:
[77.0, 77.05000000000001, 77.10000000000001, 77.15, 77.17500000000001, 77.2, 77.22500000000001, 77.25, 77.275, 77.30000000000001, 77.325, 77.35000000000001, 77.375, 77.375, 77.375, 77.375, 77.375]
Safety Constraints:
[[68, 85], [68, 85], [68, 85], [68, 85], [68, 85], [68, 85], [68, 85], [68, 85], [68, 85], [68, 85], [68, 85], [68, 85], [68, 85], [68, 85], [68, 85], [68, 85], [68, 85]]
Prices:
[1.11766, 1.11766, 1.11766, 1.11766, 1.11766, 1.11766, 1.11766, 1.11766, 1.11766, 1.11766, 1.11766, 1.11766, 1.11766, 1.11766, 1.11766, 1.11766, 1.11766, 1.11766, 1.11766, 1.11766, 0.16253, 0.16253, 0.16253, 0.16253, 0.16253, 0.16253, 0.16253, 0.16253, 0.16253, 0.16253, 0.16253, 0.16253, 0.16253]
Occ Predictions:
[0, 0, 0, 0, 0, 0, 0, 0, 0, 0, 0, 0, 0, 0, 0, 0, 0]
Setpoints:
[[68, 80], [68, 80], [68, 80], [68, 80], [68, 80], [68, 80], [68, 80], [68, 80], [68, 80], [68, 80], [68, 80], [68, 80], [68, 80], [68, 80], [68, 80], [68, 80], [68, 80]]
Time needed to calculate the shortest path:
65.2167789936


2018-07-11 00:19:16
MPC Actions: ['0', '0', '0', '0', '0', '0', '0', '0', '0', '0', '0', '0', '0', '0', '0', '0']
Temperatures following the MPC path:
[77.3, 77.35000000000001, 77.4, 77.45, 77.47500000000001, 77.5, 77.525, 77.55000000000001, 77.575, 77.60000000000001, 77.625, 77.65, 77.65, 77.65, 77.65, 77.65, 77.65]
Safety Constraints:
[[68, 85], [68, 85], [68, 85], [68, 85], [68, 85], [68, 85], [68, 85], [68, 85], [68, 85], [68, 85], [68, 85], [68, 85], [68, 85], [68, 85], [68, 85], [68, 85], [68, 85]]
Prices:
[1.11766, 1.11766, 1.11766, 1.11766, 1.11766, 1.11766, 1.11766, 1.11766, 1.11766, 1.11766, 1.11766, 1.11766, 1.11766, 1.11766, 1.11766, 0.16253, 0.16253, 0.16253, 0.16253, 0.16253, 0.16253, 0.16253, 0.16253, 0.16253, 0.16253, 0.16253, 0.16253, 0.16253, 0.16253]
Occ Predictions:
[0, 0, 0, 0, 0, 0, 0, 0, 0, 0, 0, 0, 0, 0, 0, 0, 0]
Setpoints:
[[68, 80], [68, 80], [68, 80], [68, 80], [68, 80], [68, 80], [68, 80], [68, 80], [68, 80], [68, 80], [68, 80], [68, 80], [68, 80], [68, 80], [68, 80], [68, 80], [68, 80]]
Time needed to calculate the shortest path:
64.5552880764


2018-07-11 00:34:16
MPC Actions: ['0', '0', '0', '0', '0', '0', '0', '0', '0', '0', '0', '0', '0', '0', '0', '0']
Temperatures following the MPC path:
[77.6, 77.625, 77.65, 77.67500000000001, 77.7, 77.72500000000001, 77.75, 77.775, 77.80000000000001, 77.825, 77.825, 77.825, 77.825, 77.825, 77.825, 77.825, 77.825]
Safety Constraints:
[[68, 85], [68, 85], [68, 85], [68, 85], [68, 85], [68, 85], [68, 85], [68, 85], [68, 85], [68, 85], [68, 85], [68, 85], [68, 85], [68, 85], [68, 85], [68, 85], [68, 85]]
Prices:
[1.11766, 1.11766, 1.11766, 1.11766, 1.11766, 1.11766, 1.11766, 1.11766, 1.11766, 1.11766, 0.16253, 0.16253, 0.16253, 0.16253, 0.16253, 0.16253, 0.16253, 0.16253, 0.16253, 0.16253, 0.16253, 0.16253, 0.16253, 0.16253, 0.13446]
Occ Predictions:
[0, 0, 0, 0, 0, 0, 0, 0, 0, 0, 0, 0, 0, 0, 0, 0, 0]
Setpoints:
[[68, 80], [68, 80], [68, 80], [68, 80], [68, 80], [68, 80], [68, 80], [68, 80], [68, 80], [68, 80], [68, 80], [68, 80], [68, 80], [68, 80], [68, 80], [68, 80], [68, 80]]
Time needed to calculate the shortest path:
63.4642419815


2018-07-11 00:49:16
MPC Actions: ['0', '0', '0', '0', '0', '0', '0', '0', '0', '0', '0', '0', '0', '0', '0', '0']
Temperatures following the MPC path:
[77.9, 77.92500000000001, 77.95, 77.97500000000001, 78.0, 78.025, 78.05000000000001, 78.075, 78.10000000000001, 78.125, 78.125, 78.125, 78.125, 78.125, 78.125, 78.125, 78.125]
Safety Constraints:
[[68, 85], [68, 85], [68, 85], [68, 85], [68, 85], [68, 85], [68, 85], [68, 85], [68, 85], [68, 85], [68, 85], [68, 85], [68, 85], [68, 85], [68, 85], [68, 85], [68, 85]]
Prices:
[1.11766, 1.11766, 1.11766, 1.11766, 1.11766, 0.16253, 0.16253, 0.16253, 0.16253, 0.16253, 0.16253, 0.16253, 0.16253, 0.16253, 0.16253, 0.16253, 0.16253, 0.16253, 0.16253, 0.13446, 0.13446]
Occ Predictions:
[0, 0, 0, 0, 0, 0, 0, 0, 0, 0, 0, 0, 0, 0, 0, 0, 0]
Setpoints:
[[68, 80], [68, 80], [68, 80], [68, 80], [68, 80], [68, 80], [68, 80], [68, 80], [68, 80], [68, 80], [68, 80], [68, 80], [68, 80], [68, 80], [68, 80], [68, 80], [68, 80]]
Time needed to calculate the shortest path:
63.5386369228


2018-07-11 01:04:16
MPC Actions: ['0', '0', '0', '0', '0', '0', '0', '0', '0', '0', '0', '0', '0', '0', '0', '0']
Temperatures following the MPC path:
[78.2, 78.22500000000001, 78.25, 78.275, 78.30000000000001, 78.30000000000001, 78.30000000000001, 78.30000000000001, 78.30000000000001, 78.30000000000001, 78.30000000000001, 78.30000000000001, 78.30000000000001, 78.275, 78.25, 78.22500000000001, 78.2]
Safety Constraints:
[[68, 85], [68, 85], [68, 85], [68, 85], [68, 85], [68, 85], [68, 85], [68, 85], [68, 85], [68, 85], [68, 85], [68, 85], [68, 85], [68, 85], [68, 85], [68, 85], [68, 85]]
Prices:
[0.16253, 0.16253, 0.16253, 0.16253, 0.16253, 0.16253, 0.16253, 0.16253, 0.16253, 0.16253, 0.16253, 0.16253, 0.16253, 0.16253, 0.13446, 0.13446, 0.13446]
Occ Predictions:
[0, 0, 0, 0, 0, 0, 0, 0, 0, 0, 0, 0, 0, 0, 0, 0, 0]
Setpoints:
[[68, 80], [68, 80], [68, 80], [68, 80], [68, 80], [68, 80], [68, 80], [68, 80], [68, 80], [68, 80], [68, 80], [68, 80], [68, 80], [68, 80], [68, 80], [68, 80], [68, 80]]
Time needed to calculate the shortest path:
64.8323090076


2018-07-11 01:19:16
MPC Actions: ['0', '0', '0', '0', '0', '0', '0', '0', '0', '0', '0', '0', '0', '0', '0', '0']
Temperatures following the MPC path:
[78.6, 78.60000000000001, 78.60000000000001, 78.60000000000001, 78.60000000000001, 78.60000000000001, 78.60000000000001, 78.60000000000001, 78.575, 78.55000000000001, 78.525, 78.5, 78.47500000000001, 78.45, 78.42500000000001, 78.4, 78.375]
Safety Constraints:
[[68, 85], [68, 85], [68, 85], [68, 85], [68, 85], [68, 85], [68, 85], [68, 85], [68, 85], [68, 85], [68, 85], [68, 85], [68, 85], [68, 85], [68, 85], [68, 85], [68, 85]]
Prices:
[0.16253, 0.16253, 0.16253, 0.16253, 0.16253, 0.16253, 0.16253, 0.16253, 0.16253, 0.16253, 0.16253, 0.16253, 0.16253, 0.13446, 0.13446, 0.13446, 0.13446]
Occ Predictions:
[0, 0, 0, 0, 0, 0, 0, 0, 0, 0, 0, 0, 0, 0, 0, 0, 0]
Setpoints:
[[68, 80], [68, 80], [68, 80], [68, 80], [68, 80], [68, 80], [68, 80], [68, 80], [68, 80], [68, 80], [68, 80], [68, 80], [68, 80], [68, 80], [68, 80], [68, 80], [68, 80]]
Time needed to calculate the shortest path:
58.3426170349


2018-07-11 01:34:15
MPC Actions: ['0', '0', '0', '0', '0', '0', '0', '0', '0', '0', '0', '0', '0', '0', '0', '0']
Temperatures following the MPC path:
[78.8, 78.80000000000001, 78.80000000000001, 78.80000000000001, 78.80000000000001, 78.80000000000001, 78.80000000000001, 78.775, 78.75, 78.72500000000001, 78.7, 78.67500000000001, 78.65, 78.625, 78.60000000000001, 78.575, 78.55000000000001]
Safety Constraints:
[[68, 85], [68, 85], [68, 85], [68, 85], [68, 85], [68, 85], [68, 85], [68, 85], [68, 85], [68, 85], [68, 85], [68, 85], [68, 85], [68, 85], [68, 85], [68, 85], [68, 85]]
Prices:
[0.16253, 0.16253, 0.16253, 0.16253, 0.16253, 0.16253, 0.16253, 0.16253, 0.16253, 0.16253, 0.16253, 0.16253, 0.13446, 0.13446, 0.13446, 0.13446, 0.13446]
Occ Predictions:
[0, 0, 0, 0, 0, 0, 0, 0, 0, 0, 0, 0, 0, 0, 0, 0, 0]
Setpoints:
[[68, 80], [68, 80], [68, 80], [68, 80], [68, 80], [68, 80], [68, 80], [68, 80], [68, 80], [68, 80], [68, 80], [68, 80], [68, 80], [68, 80], [68, 80], [68, 80], [68, 80]]
Time needed to calculate the shortest path:
55.7227349281


2018-07-11 01:49:16
MPC Actions: ['0', '0', '0', '0', '0', '0', '0', '0', '0', '0', '0', '0', '0', '0', '0', '0']
Temperatures following the MPC path:
[79.1, 79.10000000000001, 79.10000000000001, 79.10000000000001, 79.10000000000001, 79.10000000000001, 79.075, 79.05000000000001, 79.025, 79.0, 78.97500000000001, 78.95, 78.92500000000001, 78.9, 78.875, 78.85000000000001, 78.825]
Safety Constraints:
[[68, 85], [68, 85], [68, 85], [68, 85], [68, 85], [68, 85], [68, 85], [68, 85], [68, 85], [68, 85], [68, 85], [68, 85], [68, 85], [68, 85], [68, 85], [68, 85], [68, 85]]
Prices:
[0.16253, 0.16253, 0.16253, 0.16253, 0.16253, 0.16253, 0.16253, 0.16253, 0.16253, 0.16253, 0.16253, 0.13446, 0.13446, 0.13446, 0.13446, 0.13446, 0.13446]
Occ Predictions:
[0, 0, 0, 0, 0, 0, 0, 0, 0, 0, 0, 0, 0, 0, 0, 0, 0]
Setpoints:
[[68, 80], [68, 80], [68, 80], [68, 80], [68, 80], [68, 80], [68, 80], [68, 80], [68, 80], [68, 80], [68, 80], [68, 80], [68, 80], [68, 80], [68, 80], [68, 80], [68, 80]]
Time needed to calculate the shortest path:
59.0063409805


2018-07-11 02:04:16
MPC Actions: ['0', '0', '0', '0', '0', '0', '0', '0', '0', '0', '0', '0', '0', '0', '0', '0']
Temperatures following the MPC path:
[79.4, 79.375, 79.35000000000001, 79.325, 79.30000000000001, 79.275, 79.25, 79.22500000000001, 79.2, 79.15, 79.10000000000001, 79.05000000000001, 79.0, 78.95, 78.9, 78.85000000000001, 78.80000000000001]
Safety Constraints:
[[68, 85], [68, 85], [68, 85], [68, 85], [68, 85], [68, 85], [68, 85], [68, 85], [68, 85], [68, 85], [68, 85], [68, 85], [68, 85], [68, 85], [68, 85], [68, 85], [68, 85]]
Prices:
[0.16253, 0.16253, 0.16253, 0.16253, 0.16253, 0.16253, 0.16253, 0.16253, 0.16253, 0.16253, 0.13446, 0.13446, 0.13446, 0.13446, 0.13446, 0.13446, 0.13446]
Occ Predictions:
[0, 0, 0, 0, 0, 0, 0, 0, 0, 0, 0, 0, 0, 0, 0, 0, 0]
Setpoints:
[[68, 80], [68, 80], [68, 80], [68, 80], [68, 80], [68, 80], [68, 80], [68, 80], [68, 80], [68, 80], [68, 80], [68, 80], [68, 80], [68, 80], [68, 80], [68, 80], [68, 80]]
Time needed to calculate the shortest path:
56.5347340107


2018-07-11 02:19:16
MPC Actions: ['0', '0', '0', '0', '0', '0', '0', '0', '0', '0', '0', '0', '0', '0', '0', '0']
Temperatures following the MPC path:
[79.6, 79.575, 79.55000000000001, 79.525, 79.5, 79.47500000000001, 79.45, 79.42500000000001, 79.375, 79.325, 79.275, 79.22500000000001, 79.17500000000001, 79.125, 79.075, 79.025, 78.97500000000001]
Safety Constraints:
[[68, 85], [68, 85], [68, 85], [68, 85], [68, 85], [68, 85], [68, 85], [68, 85], [68, 85], [68, 85], [68, 85], [68, 85], [68, 85], [68, 85], [68, 85], [68, 85], [68, 85]]
Prices:
[0.16253, 0.16253, 0.16253, 0.16253, 0.16253, 0.16253, 0.16253, 0.16253, 0.16253, 0.13446, 0.13446, 0.13446, 0.13446, 0.13446, 0.13446, 0.13446, 0.13446]
Occ Predictions:
[0, 0, 0, 0, 0, 0, 0, 0, 0, 0, 0, 0, 0, 0, 0, 0, 0]
Setpoints:
[[68, 80], [68, 80], [68, 80], [68, 80], [68, 80], [68, 80], [68, 80], [68, 80], [68, 80], [68, 80], [68, 80], [68, 80], [68, 80], [68, 80], [68, 80], [68, 80], [68, 80]]
Time needed to calculate the shortest path:
61.3395009041


2018-07-11 02:34:15
MPC Actions: ['0', '0', '0', '0', '0', '0', '0', '0', '0', '0', '0', '0', '0', '0', '0', '0']
Temperatures following the MPC path:
[79.8, 79.775, 79.75, 79.7, 79.65, 79.60000000000001, 79.55000000000001, 79.5, 79.45, 79.4, 79.35000000000001, 79.30000000000001, 79.25, 79.2, 79.15, 79.10000000000001, 79.05000000000001]
Safety Constraints:
[[68, 85], [68, 85], [68, 85], [68, 85], [68, 85], [68, 85], [68, 85], [68, 85], [68, 85], [68, 85], [68, 85], [68, 85], [68, 85], [68, 85], [68, 85], [68, 85], [68, 85]]
Prices:
[0.16253, 0.16253, 0.16253, 0.16253, 0.16253, 0.16253, 0.16253, 0.16253, 0.13446, 0.13446, 0.13446, 0.13446, 0.13446, 0.13446, 0.13446, 0.13446, 0.13446]
Occ Predictions:
[0, 0, 0, 0, 0, 0, 0, 0, 0, 0, 0, 0, 0, 0, 0, 0, 0]
Setpoints:
[[68, 80], [68, 80], [68, 80], [68, 80], [68, 80], [68, 80], [68, 80], [68, 80], [68, 80], [68, 80], [68, 80], [68, 80], [68, 80], [68, 80], [68, 80], [68, 80], [68, 80]]
Time needed to calculate the shortest path:
64.6738119125


2018-07-11 02:49:16
MPC Actions: ['0', '0', '0', '0', '0', '0', '0', '0', '0', '0', '0', '0', '0', '0', '0', '0']
Temperatures following the MPC path:
[80.0, 79.95, 79.9, 79.85000000000001, 79.80000000000001, 79.75, 79.7, 79.65, 79.60000000000001, 79.55000000000001, 79.5, 79.45, 79.4, 79.35000000000001, 79.30000000000001, 79.25, 79.2]
Safety Constraints:
[[68, 85], [68, 85], [68, 85], [68, 85], [68, 85], [68, 85], [68, 85], [68, 85], [68, 85], [68, 85], [68, 85], [68, 85], [68, 85], [68, 85], [68, 85], [68, 85], [68, 85]]
Prices:
[0.16253, 0.16253, 0.16253, 0.16253, 0.16253, 0.16253, 0.16253, 0.13446, 0.13446, 0.13446, 0.13446, 0.13446, 0.13446, 0.13446, 0.13446, 0.13446, 0.13446]
Occ Predictions:
[0, 0, 0, 0, 0, 0, 0, 0, 0, 0, 0, 0, 0, 0, 0, 0, 0]
Setpoints:
[[68, 80], [68, 80], [68, 80], [68, 80], [68, 80], [68, 80], [68, 80], [68, 80], [68, 80], [68, 80], [68, 80], [68, 80], [68, 80], [68, 80], [68, 80], [68, 80], [68, 80]]
Time needed to calculate the shortest path:
39.3935410976


2018-07-11 03:04:15
MPC Actions: ['0', '0', '0', '0', '0', '0', '0', '0', '0', '0', '0', '0', '0', '0', '0', '0']
Temperatures following the MPC path:
[80.3, 80.25, 80.2, 80.15, 80.10000000000001, 80.05000000000001, 80.0, 79.95, 79.9, 79.85000000000001, 79.80000000000001, 79.75, 79.7, 79.625, 79.575, 79.525, 79.47500000000001]
Safety Constraints:
[[68, 85], [68, 85], [68, 85], [68, 85], [68, 85], [68, 85], [68, 85], [68, 85], [68, 85], [68, 85], [68, 85], [68, 85], [68, 85], [68, 85], [68, 85], [68, 85], [68, 85]]
Prices:
[0.16253, 0.16253, 0.16253, 0.16253, 0.16253, 0.16253, 0.13446, 0.13446, 0.13446, 0.13446, 0.13446, 0.13446, 0.13446, 0.13446, 0.13446, 0.13446, 0.13446]
Occ Predictions:
[0, 0, 0, 0, 0, 0, 0, 0, 0, 0, 0, 0, 0, 0, 0, 0, 0]
Setpoints:
[[68, 80], [68, 80], [68, 80], [68, 80], [68, 80], [68, 80], [68, 80], [68, 80], [68, 80], [68, 80], [68, 80], [68, 80], [68, 80], [68, 80], [68, 80], [68, 80], [68, 80]]
Time needed to calculate the shortest path:
38.5317459106


2018-07-11 03:19:15
MPC Actions: ['0', '0', '0', '0', '0', '0', '0', '0', '0', '0', '0', '0', '0', '0', '0', '0']
Temperatures following the MPC path:
[80.3, 80.25, 80.2, 80.15, 80.10000000000001, 80.05000000000001, 80.0, 79.95, 79.875, 79.80000000000001, 79.72500000000001, 79.65, 79.575, 79.5, 79.42500000000001, 79.375, 79.30000000000001]
Safety Constraints:
[[68, 85], [68, 85], [68, 85], [68, 85], [68, 85], [68, 85], [68, 85], [68, 85], [68, 85], [68, 85], [68, 85], [68, 85], [68, 85], [68, 85], [68, 85], [68, 85], [68, 85]]
Prices:
[0.16253, 0.16253, 0.16253, 0.16253, 0.16253, 0.13446, 0.13446, 0.13446, 0.13446, 0.13446, 0.13446, 0.13446, 0.13446, 0.13446, 0.13446, 0.13446, 0.13446]
Occ Predictions:
[0, 0, 0, 0, 0, 0, 0, 0, 0, 0, 0, 0, 0, 0, 0, 0, 0]
Setpoints:
[[68, 80], [68, 80], [68, 80], [68, 80], [68, 80], [68, 80], [68, 80], [68, 80], [68, 80], [68, 80], [68, 80], [68, 80], [68, 80], [68, 80], [68, 80], [68, 80], [68, 80]]
Time needed to calculate the shortest path:
42.6790020466


2018-07-11 03:34:15
MPC Actions: ['0', '0', '0', '0', '0', '0', '0', '0', '0', '0', '0', '0', '0', '0', '0', '0']
Temperatures following the MPC path:
[80.3, 80.25, 80.2, 80.125, 80.05000000000001, 80.0, 79.95, 79.875, 79.80000000000001, 79.72500000000001, 79.65, 79.575, 79.5, 79.42500000000001, 79.35000000000001, 79.275, 79.2]
Safety Constraints:
[[68, 85], [68, 85], [68, 85], [68, 85], [68, 85], [68, 85], [68, 85], [68, 85], [68, 85], [68, 85], [68, 85], [68, 85], [68, 85], [68, 85], [68, 85], [68, 85], [68, 85]]
Prices:
[0.16253, 0.16253, 0.16253, 0.16253, 0.13446, 0.13446, 0.13446, 0.13446, 0.13446, 0.13446, 0.13446, 0.13446, 0.13446, 0.13446, 0.13446, 0.13446, 0.13446]
Occ Predictions:
[0, 0, 0, 0, 0, 0, 0, 0, 0, 0, 0, 0, 0, 0, 0, 0, 0]
Setpoints:
[[68, 80], [68, 80], [68, 80], [68, 80], [68, 80], [68, 80], [68, 80], [68, 80], [68, 80], [68, 80], [68, 80], [68, 80], [68, 80], [68, 80], [68, 80], [68, 80], [68, 80]]
Time needed to calculate the shortest path:
45.3372199535


2018-07-11 03:49:15
MPC Actions: ['0', '0', '0', '0', '0', '0', '0', '0', '0', '0', '0', '0', '0', '0', '0', '0']
Temperatures following the MPC path:
[80.2, 80.15, 80.10000000000001, 80.05000000000001, 80.0, 79.95, 79.875, 79.80000000000001, 79.75, 79.7, 79.625, 79.55000000000001, 79.5, 79.45, 79.375, 79.30000000000001, 79.25]
Safety Constraints:
[[68, 85], [68, 85], [68, 85], [68, 85], [68, 85], [68, 85], [68, 85], [68, 85], [68, 85], [68, 85], [68, 85], [68, 85], [68, 85], [68, 85], [68, 85], [68, 85], [68, 85]]
Prices:
[0.16253, 0.16253, 0.16253, 0.13446, 0.13446, 0.13446, 0.13446, 0.13446, 0.13446, 0.13446, 0.13446, 0.13446, 0.13446, 0.13446, 0.13446, 0.13446, 0.13446]
Occ Predictions:
[0, 0, 0, 0, 0, 0, 0, 0, 0, 0, 0, 0, 0, 0, 0, 0, 0]
Setpoints:
[[68, 80], [68, 80], [68, 80], [68, 80], [68, 80], [68, 80], [68, 80], [68, 80], [68, 80], [68, 80], [68, 80], [68, 80], [68, 80], [68, 80], [68, 80], [68, 80], [68, 80]]
Time needed to calculate the shortest path:
40.408246994


2018-07-11 04:04:15
MPC Actions: ['0', '0', '0', '0', '0', '0', '0', '0', '0', '0', '0', '0', '0', '0', '0', '0']
Temperatures following the MPC path:
[80.2, 80.125, 80.05000000000001, 80.0, 79.95, 79.875, 79.80000000000001, 79.72500000000001, 79.65, 79.575, 79.5, 79.42500000000001, 79.35000000000001, 79.275, 79.2, 79.125, 79.075]
Safety Constraints:
[[68, 85], [68, 85], [68, 85], [68, 85], [68, 85], [68, 85], [68, 85], [68, 85], [68, 85], [68, 85], [68, 85], [68, 85], [68, 85], [68, 85], [68, 85], [68, 85], [68, 85]]
Prices:
[0.16253, 0.16253, 0.13446, 0.13446, 0.13446, 0.13446, 0.13446, 0.13446, 0.13446, 0.13446, 0.13446, 0.13446, 0.13446, 0.13446, 0.13446, 0.13446, 0.13446]
Occ Predictions:
[0, 0, 0, 0, 0, 0, 0, 0, 0, 0, 0, 0, 0, 0, 0, 0, 0]
Setpoints:
[[68, 80], [68, 80], [68, 80], [68, 80], [68, 80], [68, 80], [68, 80], [68, 80], [68, 80], [68, 80], [68, 80], [68, 80], [68, 80], [68, 80], [68, 80], [68, 80], [68, 80]]
Time needed to calculate the shortest path:
42.8724429607


2018-07-11 04:19:15
MPC Actions: ['0', '0', '0', '0', '0', '0', '0', '0', '0', '0', '0', '0', '0', '0', '0', '0']
Temperatures following the MPC path:
[80.0, 79.95, 79.9, 79.85000000000001, 79.775, 79.72500000000001, 79.67500000000001, 79.625, 79.55000000000001, 79.47500000000001, 79.42500000000001, 79.375, 79.30000000000001, 79.25, 79.2, 79.15, 79.075]
Safety Constraints:
[[68, 85], [68, 85], [68, 85], [68, 85], [68, 85], [68, 85], [68, 85], [68, 85], [68, 85], [68, 85], [68, 85], [68, 85], [68, 85], [68, 85], [68, 85], [68, 85], [68, 85]]
Prices:
[0.16253, 0.13446, 0.13446, 0.13446, 0.13446, 0.13446, 0.13446, 0.13446, 0.13446, 0.13446, 0.13446, 0.13446, 0.13446, 0.13446, 0.13446, 0.13446, 0.13446]
Occ Predictions:
[0, 0, 0, 0, 0, 0, 0, 0, 0, 0, 0, 0, 0, 0, 0, 0, 0]
Setpoints:
[[68, 80], [68, 80], [68, 80], [68, 80], [68, 80], [68, 80], [68, 80], [68, 80], [68, 80], [68, 80], [68, 80], [68, 80], [68, 80], [68, 80], [68, 80], [68, 80], [68, 80]]
Time needed to calculate the shortest path:
43.7894530296


2018-07-11 04:34:15
MPC Actions: ['0', '0', '0', '0', '0', '0', '0', '0', '0', '0', '0', '0', '0', '0', '0', '0']
Temperatures following the MPC path:
[80.0, 79.95, 79.9, 79.825, 79.775, 79.72500000000001, 79.67500000000001, 79.60000000000001, 79.55000000000001, 79.5, 79.45, 79.375, 79.30000000000001, 79.25, 79.2, 79.125, 79.075]
Safety Constraints:
[[68, 85], [68, 85], [68, 85], [68, 85], [68, 85], [68, 85], [68, 85], [68, 85], [68, 85], [68, 85], [68, 85], [68, 85], [68, 85], [68, 85], [68, 85], [68, 85], [68, 85]]
Prices:
[0.13446, 0.13446, 0.13446, 0.13446, 0.13446, 0.13446, 0.13446, 0.13446, 0.13446, 0.13446, 0.13446, 0.13446, 0.13446, 0.13446, 0.13446, 0.13446, 0.13446]
Occ Predictions:
[0, 0, 0, 0, 0, 0, 0, 0, 0, 0, 0, 0, 0, 0, 0, 0, 0]
Setpoints:
[[68, 80], [68, 80], [68, 80], [68, 80], [68, 80], [68, 80], [68, 80], [68, 80], [68, 80], [68, 80], [68, 80], [68, 80], [68, 80], [68, 80], [68, 80], [68, 80], [68, 80]]
Time needed to calculate the shortest path:
42.7355830669


2018-07-11 04:49:15
MPC Actions: ['0', '0', '0', '0', '0', '0', '0', '0', '0', '0', '0', '0', '0', '0', '0', '0']
Temperatures following the MPC path:
[80.0, 79.95, 79.875, 79.80000000000001, 79.72500000000001, 79.65, 79.575, 79.5, 79.42500000000001, 79.35000000000001, 79.275, 79.2, 79.125, 79.075, 79.0, 78.92500000000001, 78.875]
Safety Constraints:
[[68, 85], [68, 85], [68, 85], [68, 85], [68, 85], [68, 85], [68, 85], [68, 85], [68, 85], [68, 85], [68, 85], [68, 85], [68, 85], [68, 85], [68, 85], [68, 85], [68, 85]]
Prices:
[0.13446, 0.13446, 0.13446, 0.13446, 0.13446, 0.13446, 0.13446, 0.13446, 0.13446, 0.13446, 0.13446, 0.13446, 0.13446, 0.13446, 0.13446, 0.13446, 0.13446]
Occ Predictions:
[0, 0, 0, 0, 0, 0, 0, 0, 0, 0, 0, 0, 0, 0, 0, 0, 0]
Setpoints:
[[68, 80], [68, 80], [68, 80], [68, 80], [68, 80], [68, 80], [68, 80], [68, 80], [68, 80], [68, 80], [68, 80], [68, 80], [68, 80], [68, 80], [68, 80], [68, 80], [68, 80]]
Time needed to calculate the shortest path:
43.7264437675


2018-07-11 05:04:15
MPC Actions: ['0', '0', '0', '0', '0', '0', '0', '0', '0', '0', '0', '0', '0', '0', '0', '0']
Temperatures following the MPC path:
[80.2, 80.125, 80.05000000000001, 79.97500000000001, 79.9, 79.825, 79.75, 79.67500000000001, 79.60000000000001, 79.525, 79.45, 79.375, 79.30000000000001, 79.22500000000001, 79.15, 79.075, 79.0]
Safety Constraints:
[[68, 85], [68, 85], [68, 85], [68, 85], [68, 85], [68, 85], [68, 85], [68, 85], [68, 85], [68, 85], [68, 85], [68, 85], [68, 85], [68, 85], [68, 85], [68, 85], [68, 85]]
Prices:
[0.13446, 0.13446, 0.13446, 0.13446, 0.13446, 0.13446, 0.13446, 0.13446, 0.13446, 0.13446, 0.13446, 0.13446, 0.13446, 0.13446, 0.13446, 0.13446, 0.13446]
Occ Predictions:
[0, 0, 0, 0, 0, 0, 0, 0, 0, 0, 0, 0, 0, 0, 0, 0, 0]
Setpoints:
[[68, 80], [68, 80], [68, 80], [68, 80], [68, 80], [68, 80], [68, 80], [68, 80], [68, 80], [68, 80], [68, 80], [68, 80], [68, 80], [68, 80], [68, 80], [68, 80], [68, 80]]
Time needed to calculate the shortest path:
38.7198011875


2018-07-11 05:19:15
MPC Actions: ['0', '0', '0', '0', '0', '0', '0', '0', '0', '0', '0', '0', '0', '0', '0', '0']
Temperatures following the MPC path:
[80.0, 79.92500000000001, 79.85000000000001, 79.775, 79.7, 79.625, 79.55000000000001, 79.47500000000001, 79.4, 79.325, 79.25, 79.17500000000001, 79.10000000000001, 79.025, 78.95, 78.9, 78.825]
Safety Constraints:
[[68, 85], [68, 85], [68, 85], [68, 85], [68, 85], [68, 85], [68, 85], [68, 85], [68, 85], [68, 85], [68, 85], [68, 85], [68, 85], [68, 85], [68, 85], [68, 85], [68, 85]]
Prices:
[0.13446, 0.13446, 0.13446, 0.13446, 0.13446, 0.13446, 0.13446, 0.13446, 0.13446, 0.13446, 0.13446, 0.13446, 0.13446, 0.13446, 0.13446, 0.13446, 0.13446]
Occ Predictions:
[0, 0, 0, 0, 0, 0, 0, 0, 0, 0, 0, 0, 0, 0, 0, 0, 0]
Setpoints:
[[68, 80], [68, 80], [68, 80], [68, 80], [68, 80], [68, 80], [68, 80], [68, 80], [68, 80], [68, 80], [68, 80], [68, 80], [68, 80], [68, 80], [68, 80], [68, 80], [68, 80]]
Time needed to calculate the shortest path:
39.3320951462


2018-07-11 05:34:15
MPC Actions: ['0', '0', '0', '0', '0', '0', '0', '0', '0', '0', '0', '0', '0', '0', '0', '0']
Temperatures following the MPC path:
[79.9, 79.825, 79.75, 79.67500000000001, 79.60000000000001, 79.525, 79.45, 79.375, 79.30000000000001, 79.22500000000001, 79.15, 79.075, 79.0, 78.92500000000001, 78.875, 78.80000000000001, 78.72500000000001]
Safety Constraints:
[[68, 85], [68, 85], [68, 85], [68, 85], [68, 85], [68, 85], [68, 85], [68, 85], [68, 85], [68, 85], [68, 85], [68, 85], [68, 85], [68, 85], [68, 85], [68, 85], [68, 85]]
Prices:
[0.13446, 0.13446, 0.13446, 0.13446, 0.13446, 0.13446, 0.13446, 0.13446, 0.13446, 0.13446, 0.13446, 0.13446, 0.13446, 0.13446, 0.13446, 0.13446, 0.13446]
Occ Predictions:
[0, 0, 0, 0, 0, 0, 0, 0, 0, 0, 0, 0, 0, 0, 0, 0, 0]
Setpoints:
[[68, 80], [68, 80], [68, 80], [68, 80], [68, 80], [68, 80], [68, 80], [68, 80], [68, 80], [68, 80], [68, 80], [68, 80], [68, 80], [68, 80], [68, 80], [68, 80], [68, 80]]
Time needed to calculate the shortest path:
40.7281961441


2018-07-11 05:49:15
MPC Actions: ['0', '0', '0', '0', '0', '0', '0', '0', '0', '0', '0', '0', '0', '0', '0', '0']
Temperatures following the MPC path:
[79.8, 79.72500000000001, 79.65, 79.575, 79.5, 79.42500000000001, 79.35000000000001, 79.275, 79.2, 79.125, 79.05000000000001, 78.97500000000001, 78.9, 78.85000000000001, 78.775, 78.7, 78.625]
Safety Constraints:
[[68, 85], [68, 85], [68, 85], [68, 85], [68, 85], [68, 85], [68, 85], [68, 85], [68, 85], [68, 85], [68, 85], [68, 85], [68, 85], [68, 85], [68, 85], [68, 85], [68, 85]]
Prices:
[0.13446, 0.13446, 0.13446, 0.13446, 0.13446, 0.13446, 0.13446, 0.13446, 0.13446, 0.13446, 0.13446, 0.13446, 0.13446, 0.13446, 0.13446, 0.13446, 0.13446]
Occ Predictions:
[0, 0, 0, 0, 0, 0, 0, 0, 0, 0, 0, 0, 0, 0, 0, 0, 0]
Setpoints:
[[68, 80], [68, 80], [68, 80], [68, 80], [68, 80], [68, 80], [68, 80], [68, 80], [68, 80], [68, 80], [68, 80], [68, 80], [68, 80], [68, 80], [68, 80], [68, 80], [68, 80]]
Time needed to calculate the shortest path:
38.0752990246


2018-07-11 06:04:15
MPC Actions: ['0', '0', '0', '0', '0', '0', '0', '0', '0', '0', '0', '0', '0', '0', '0', '0']
Temperatures following the MPC path:
[79.7, 79.625, 79.55000000000001, 79.47500000000001, 79.4, 79.325, 79.25, 79.17500000000001, 79.10000000000001, 79.025, 78.95, 78.875, 78.80000000000001, 78.72500000000001, 78.65, 78.575, 78.5]
Safety Constraints:
[[68, 85], [68, 85], [68, 85], [68, 85], [68, 85], [68, 85], [68, 85], [68, 85], [68, 85], [68, 85], [68, 85], [68, 85], [68, 85], [68, 85], [68, 85], [68, 85], [68, 85]]
Prices:
[0.13446, 0.13446, 0.13446, 0.13446, 0.13446, 0.13446, 0.13446, 0.13446, 0.13446, 0.13446, 0.13446, 0.13446, 0.13446, 0.13446, 0.13446, 0.13446, 0.13446]
Occ Predictions:
[0, 0, 0, 0, 0, 0, 0, 0, 0, 0, 0, 0, 0, 0, 0, 0, 0]
Setpoints:
[[68, 80], [68, 80], [68, 80], [68, 80], [68, 80], [68, 80], [68, 80], [68, 80], [68, 80], [68, 80], [68, 80], [68, 80], [68, 80], [68, 80], [68, 80], [68, 80], [68, 80]]
Time needed to calculate the shortest path:
36.5770862103


2018-07-11 06:19:16
MPC Actions: ['0', '0', '0', '0', '0', '0', '0', '0', '0', '0', '0', '0', '0', '0', '0', '0']
Temperatures following the MPC path:
[79.5, 79.42500000000001, 79.35000000000001, 79.275, 79.2, 79.125, 79.05000000000001, 78.97500000000001, 78.9, 78.825, 78.75, 78.67500000000001, 78.60000000000001, 78.525, 78.45, 78.375, 78.30000000000001]
Safety Constraints:
[[68, 85], [68, 85], [68, 85], [68, 85], [68, 85], [68, 85], [68, 85], [68, 85], [68, 85], [68, 85], [68, 85], [68, 85], [68, 85], [68, 85], [68, 85], [68, 85], [68, 85]]
Prices:
[0.13446, 0.13446, 0.13446, 0.13446, 0.13446, 0.13446, 0.13446, 0.13446, 0.13446, 0.13446, 0.13446, 0.13446, 0.13446, 0.13446, 0.13446, 0.13446, 0.13446]
Occ Predictions:
[0, 0, 0, 0, 0, 0, 0, 0, 0, 0, 0, 0, 0, 0, 0, 0, 0]
Setpoints:
[[68, 80], [68, 80], [68, 80], [68, 80], [68, 80], [68, 80], [68, 80], [68, 80], [68, 80], [68, 80], [68, 80], [68, 80], [68, 80], [68, 80], [68, 80], [68, 80], [68, 80]]
Time needed to calculate the shortest path:
44.8063619137
