

2018-06-22 13:45:48
MPC Actions: ['2', '0', '0', '0', '0', '0', '0', '0', '0', '0', '0', '0', '0', '0', '0', '0']
Temperatures following the MPC path:
[73.4, 73.00990866671253, 73.06370994346001, 73.11751122020749, 73.17131249695497, 73.22511377370245, 73.27891505044992, 73.3327163271974, 73.38651760394488, 73.44031888069236, 73.49412015743984, 73.54792143418732, 73.6017227109348, 73.65552398768227, 73.70932526442975, 73.76312654117723, 73.81692781792471]
Safety Constraints:
[[54.0, 86.0], [54.0, 86.0], [54.0, 86.0], [54.0, 86.0], [54.0, 86.0], [54.0, 86.0], [54.0, 86.0], [54.0, 86.0], [54.0, 86.0], [54.0, 86.0], [54.0, 86.0], [54.0, 86.0], [54.0, 86.0], [54.0, 86.0], [54.0, 86.0], [54.0, 86.0], [54.0, 86.0]]
Prices:
[0.21, 0.21, 0.21, 0.21, 0.21, 0.21, 0.21, 0.24, 0.24, 0.24, 0.24, 0.24, 0.24, 0.24, 0.24, 0.24, 0.24]
Occ Predictions:
[0, 0, 0, 0, 0, 1, 1, 1, 1, 1, 1, 1, 1, 1, 1, 1, 1]
Setpoints:
[[62.0, 85.0], [62.0, 85.0], [62.0, 85.0], [62.0, 85.0], [62.0, 85.0], [68.0, 74.0], [68.0, 74.0], [68.0, 74.0], [68.0, 74.0], [68.0, 74.0], [68.0, 74.0], [68.0, 74.0], [68.0, 74.0], [68.0, 74.0], [68.0, 74.0], [68.0, 74.0], [68.0, 74.0]]
Time needed to calculate the shortest path:
4.46127581596


2018-06-22 14:00:48
MPC Actions: ['2', '0', '0', '0', '0', '0', '0', '0', '0', '0', '0', '0', '0', '0', '0', '0']
Temperatures following the MPC path:
[73.4, 73.00990866671253, 73.06370994346001, 73.11751122020749, 73.17131249695497, 73.22511377370245, 73.27891505044992, 73.3327163271974, 73.38651760394488, 73.44031888069236, 73.49412015743984, 73.54792143418732, 73.6017227109348, 73.65552398768227, 73.70932526442975, 73.76312654117723, 73.81692781792471]
Safety Constraints:
[[54.0, 86.0], [54.0, 86.0], [54.0, 86.0], [54.0, 86.0], [54.0, 86.0], [54.0, 86.0], [54.0, 86.0], [54.0, 86.0], [54.0, 86.0], [54.0, 86.0], [54.0, 86.0], [54.0, 86.0], [54.0, 86.0], [54.0, 86.0], [54.0, 86.0], [54.0, 86.0], [54.0, 86.0]]
Prices:
[0.21, 0.21, 0.21, 0.21, 0.21, 0.21, 0.24, 0.24, 0.24, 0.24, 0.24, 0.24, 0.24, 0.24, 0.24, 0.24, 0.24]
Occ Predictions:
[0, 0, 0, 0, 1, 1, 1, 1, 1, 1, 1, 1, 1, 1, 1, 1, 1]
Setpoints:
[[62.0, 85.0], [62.0, 85.0], [62.0, 85.0], [62.0, 85.0], [68.0, 74.0], [68.0, 74.0], [68.0, 74.0], [68.0, 74.0], [68.0, 74.0], [68.0, 74.0], [68.0, 74.0], [68.0, 74.0], [68.0, 74.0], [68.0, 74.0], [68.0, 74.0], [68.0, 74.0], [68.0, 74.0]]
Time needed to calculate the shortest path:
4.45247387886


2018-06-22 14:15:48
MPC Actions: ['2', '0', '0', '0', '0', '0', '0', '0', '0', '0', '0', '0', '0', '0', '0', '0']
Temperatures following the MPC path:
[73.3, 72.90990866671252, 72.96370994346, 73.01751122020748, 73.07131249695496, 73.12511377370244, 73.17891505044992, 73.2327163271974, 73.28651760394487, 73.34031888069235, 73.39412015743983, 73.44792143418731, 73.50172271093479, 73.55552398768226, 73.60932526442974, 73.66312654117722, 73.7169278179247]
Safety Constraints:
[[54.0, 86.0], [54.0, 86.0], [54.0, 86.0], [54.0, 86.0], [54.0, 86.0], [54.0, 86.0], [54.0, 86.0], [54.0, 86.0], [54.0, 86.0], [54.0, 86.0], [54.0, 86.0], [54.0, 86.0], [54.0, 86.0], [54.0, 86.0], [54.0, 86.0], [54.0, 86.0], [54.0, 86.0]]
Prices:
[0.21, 0.21, 0.21, 0.21, 0.21, 0.24, 0.24, 0.24, 0.24, 0.24, 0.24, 0.24, 0.24, 0.24, 0.24, 0.24, 0.24]
Occ Predictions:
[0, 0, 0, 1, 1, 1, 1, 1, 1, 1, 1, 1, 1, 1, 1, 1, 1]
Setpoints:
[[62.0, 85.0], [62.0, 85.0], [62.0, 85.0], [68.0, 74.0], [68.0, 74.0], [68.0, 74.0], [68.0, 74.0], [68.0, 74.0], [68.0, 74.0], [68.0, 74.0], [68.0, 74.0], [68.0, 74.0], [68.0, 74.0], [68.0, 74.0], [68.0, 74.0], [68.0, 74.0], [68.0, 74.0]]
Time needed to calculate the shortest path:
4.54182100296


2018-06-22 14:30:48
MPC Actions: ['0', '0', '0', '0', '0', '0', '0', '0', '0', '0', '0', '0', '0', '0', '0', '0']
Temperatures following the MPC path:
[72.6, 72.65380127674747, 72.70760255349495, 72.76140383024243, 72.81520510698991, 72.86900638373739, 72.92280766048486, 72.97660893723234, 73.03041021397982, 73.0842114907273, 73.13801276747478, 73.19181404422226, 73.24561532096973, 73.29941659771721, 73.35321787446469, 73.40701915121217, 73.46082042795965]
Safety Constraints:
[[54.0, 86.0], [54.0, 86.0], [54.0, 86.0], [54.0, 86.0], [54.0, 86.0], [54.0, 86.0], [54.0, 86.0], [54.0, 86.0], [54.0, 86.0], [54.0, 86.0], [54.0, 86.0], [54.0, 86.0], [54.0, 86.0], [54.0, 86.0], [54.0, 86.0], [54.0, 86.0], [54.0, 86.0]]
Prices:
[0.21, 0.21, 0.21, 0.21, 0.24, 0.24, 0.24, 0.24, 0.24, 0.24, 0.24, 0.24, 0.24, 0.24, 0.24, 0.24, 0.24]
Occ Predictions:
[0, 0, 1, 1, 1, 1, 1, 1, 1, 1, 1, 1, 1, 1, 1, 1, 1]
Setpoints:
[[62.0, 85.0], [62.0, 85.0], [68.0, 74.0], [68.0, 74.0], [68.0, 74.0], [68.0, 74.0], [68.0, 74.0], [68.0, 74.0], [68.0, 74.0], [68.0, 74.0], [68.0, 74.0], [68.0, 74.0], [68.0, 74.0], [68.0, 74.0], [68.0, 74.0], [68.0, 74.0], [68.0, 74.0]]
Time needed to calculate the shortest path:
4.04738998413


2018-06-22 14:45:48
MPC Actions: ['0', '0', '0', '0', '0', '0', '0', '0', '0', '0', '0', '0', '0', '0', '0', '0']
Temperatures following the MPC path:
[72.7, 72.75380127674748, 72.80760255349496, 72.86140383024244, 72.91520510698992, 72.9690063837374, 73.02280766048487, 73.07660893723235, 73.13041021397983, 73.18421149072731, 73.23801276747479, 73.29181404422226, 73.34561532096974, 73.39941659771722, 73.4532178744647, 73.50701915121218, 73.56082042795965]
Safety Constraints:
[[54.0, 86.0], [54.0, 86.0], [54.0, 86.0], [54.0, 86.0], [54.0, 86.0], [54.0, 86.0], [54.0, 86.0], [54.0, 86.0], [54.0, 86.0], [54.0, 86.0], [54.0, 86.0], [54.0, 86.0], [54.0, 86.0], [54.0, 86.0], [54.0, 86.0], [54.0, 86.0], [54.0, 86.0]]
Prices:
[0.21, 0.21, 0.21, 0.24, 0.24, 0.24, 0.24, 0.24, 0.24, 0.24, 0.24, 0.24, 0.24, 0.24, 0.24, 0.24, 0.24]
Occ Predictions:
[0, 1, 1, 1, 1, 1, 1, 1, 1, 1, 1, 1, 1, 1, 1, 1, 1]
Setpoints:
[[62.0, 85.0], [68.0, 74.0], [68.0, 74.0], [68.0, 74.0], [68.0, 74.0], [68.0, 74.0], [68.0, 74.0], [68.0, 74.0], [68.0, 74.0], [68.0, 74.0], [68.0, 74.0], [68.0, 74.0], [68.0, 74.0], [68.0, 74.0], [68.0, 74.0], [68.0, 74.0], [68.0, 74.0]]
Time needed to calculate the shortest path:
4.5069539547


2018-06-22 15:00:48
MPC Actions: ['2', '0', '0', '0', '0', '0', '0', '0', '0', '0', '0', '0', '0', '0', '0', '0']
Temperatures following the MPC path:
[73.5, 73.10990866671253, 73.16370994346, 73.21751122020748, 73.27131249695496, 73.32511377370244, 73.37891505044992, 73.4327163271974, 73.48651760394488, 73.54031888069235, 73.59412015743983, 73.64792143418731, 73.70172271093479, 73.75552398768227, 73.80932526442975, 73.86312654117722, 73.9169278179247]
Safety Constraints:
[[54.0, 86.0], [54.0, 86.0], [54.0, 86.0], [54.0, 86.0], [54.0, 86.0], [54.0, 86.0], [54.0, 86.0], [54.0, 86.0], [54.0, 86.0], [54.0, 86.0], [54.0, 86.0], [54.0, 86.0], [54.0, 86.0], [54.0, 86.0], [54.0, 86.0], [54.0, 86.0], [54.0, 86.0]]
Prices:
[0.21, 0.21, 0.24, 0.24, 0.24, 0.24, 0.24, 0.24, 0.24, 0.24, 0.24, 0.24, 0.24, 0.24, 0.24, 0.24, 0.26]
Occ Predictions:
[1, 1, 1, 1, 1, 1, 1, 1, 1, 1, 1, 1, 1, 1, 1, 1, 1]
Setpoints:
[[68.0, 74.0], [68.0, 74.0], [68.0, 74.0], [68.0, 74.0], [68.0, 74.0], [68.0, 74.0], [68.0, 74.0], [68.0, 74.0], [68.0, 74.0], [68.0, 74.0], [68.0, 74.0], [68.0, 74.0], [68.0, 74.0], [68.0, 74.0], [68.0, 74.0], [68.0, 74.0], [68.0, 74.0]]
Time needed to calculate the shortest path:
4.04824590683


2018-06-22 15:15:48
MPC Actions: ['2', '0', '0', '0', '0', '0', '0', '0', '0', '0', '0', '0', '0', '0', '0', '0']
Temperatures following the MPC path:
[73.5, 73.10990866671253, 73.16370994346, 73.21751122020748, 73.27131249695496, 73.32511377370244, 73.37891505044992, 73.4327163271974, 73.48651760394488, 73.54031888069235, 73.59412015743983, 73.64792143418731, 73.70172271093479, 73.75552398768227, 73.80932526442975, 73.86312654117722, 73.9169278179247]
Safety Constraints:
[[54.0, 86.0], [54.0, 86.0], [54.0, 86.0], [54.0, 86.0], [54.0, 86.0], [54.0, 86.0], [54.0, 86.0], [54.0, 86.0], [54.0, 86.0], [54.0, 86.0], [54.0, 86.0], [54.0, 86.0], [54.0, 86.0], [54.0, 86.0], [54.0, 86.0], [54.0, 86.0], [54.0, 86.0]]
Prices:
[0.21, 0.24, 0.24, 0.24, 0.24, 0.24, 0.24, 0.24, 0.24, 0.24, 0.24, 0.24, 0.24, 0.24, 0.24, 0.26, 0.26]
Occ Predictions:
[1, 1, 1, 1, 1, 1, 1, 1, 1, 1, 1, 1, 1, 1, 1, 1, 1]
Setpoints:
[[68.0, 74.0], [68.0, 74.0], [68.0, 74.0], [68.0, 74.0], [68.0, 74.0], [68.0, 74.0], [68.0, 74.0], [68.0, 74.0], [68.0, 74.0], [68.0, 74.0], [68.0, 74.0], [68.0, 74.0], [68.0, 74.0], [68.0, 74.0], [68.0, 74.0], [68.0, 74.0], [68.0, 74.0]]
Time needed to calculate the shortest path:
4.19050502777


2018-06-22 15:30:48
MPC Actions: ['0', '0', '0', '0', '0', '0', '0', '0', '0', '0', '0', '0', '0', '0', '0', '0']
Temperatures following the MPC path:
[72.5, 72.55380127674748, 72.60760255349496, 72.66140383024243, 72.71520510698991, 72.76900638373739, 72.82280766048487, 72.87660893723235, 72.93041021397983, 72.9842114907273, 73.03801276747478, 73.09181404422226, 73.14561532096974, 73.19941659771722, 73.2532178744647, 73.30701915121217, 73.36082042795965]
Safety Constraints:
[[54.0, 86.0], [54.0, 86.0], [54.0, 86.0], [54.0, 86.0], [54.0, 86.0], [54.0, 86.0], [54.0, 86.0], [54.0, 86.0], [54.0, 86.0], [54.0, 86.0], [54.0, 86.0], [54.0, 86.0], [54.0, 86.0], [54.0, 86.0], [54.0, 86.0], [54.0, 86.0], [54.0, 86.0]]
Prices:
[0.24, 0.24, 0.24, 0.24, 0.24, 0.24, 0.24, 0.24, 0.24, 0.24, 0.24, 0.24, 0.24, 0.24, 0.26, 0.26, 0.26]
Occ Predictions:
[1, 1, 1, 1, 1, 1, 1, 1, 1, 1, 1, 1, 1, 1, 1, 1, 1]
Setpoints:
[[68.0, 74.0], [68.0, 74.0], [68.0, 74.0], [68.0, 74.0], [68.0, 74.0], [68.0, 74.0], [68.0, 74.0], [68.0, 74.0], [68.0, 74.0], [68.0, 74.0], [68.0, 74.0], [68.0, 74.0], [68.0, 74.0], [68.0, 74.0], [68.0, 74.0], [68.0, 74.0], [68.0, 74.0]]
Time needed to calculate the shortest path:
4.2174911499
THERMOSTAT CHANGED MANUALY AT : 2018-06-22 15:45:48 UTC