

2018-07-10 11:19:19
MPC Actions: ['0', '0', '0', '0', '0', '0', '0', '0', '0', '0', '0', '0', '0', '0', '0', '0']
Temperatures following the MPC path:
[67.9, 67.85000000000001, 67.8, 67.75, 67.7, 67.65, 67.60000000000001, 67.55, 67.5, 67.45, 67.4, 67.35000000000001, 67.3, 67.25, 67.2, 67.15, 67.15]
Safety Constraints:
[[54, 86], [54, 86], [54, 86], [54, 86], [54, 86], [54, 86], [54, 86], [54, 86], [54, 86], [54, 86], [54, 86], [54, 86], [54, 86], [54, 86], [54, 86], [54, 86], [54, 86]]
Prices:
[0.21, 0.21, 0.21, 0.21, 0.21, 0.21, 0.21, 0.21, 0.21, 0.21, 0.21, 0.21, 0.21, 0.21, 0.21, 0.21, 0.21]
Occ Predictions:
[1, 1, 1, 1, 1, 1, 1, 1, 1, 1, 1, 1, 1, 1, 1, 1, 1]
Setpoints:
[[62, 85], [62, 85], [62, 85], [62, 85], [62, 85], [62, 85], [62, 85], [62, 85], [62, 85], [62, 85], [62, 85], [62, 85], [62, 85], [62, 85], [62, 85], [62, 85], [62, 85]]
Time needed to calculate the shortest path:
101.715722084


2018-07-10 11:34:19
MPC Actions: ['0', '0', '0', '0', '0', '0', '0', '0', '0', '0', '0', '0', '0', '0', '0', '0']
Temperatures following the MPC path:
[68.0, 67.95, 67.9, 67.85000000000001, 67.8, 67.75, 67.7, 67.65, 67.60000000000001, 67.55, 67.5, 67.45, 67.4, 67.35000000000001, 67.3, 67.3, 67.3]
Safety Constraints:
[[54, 86], [54, 86], [54, 86], [54, 86], [54, 86], [54, 86], [54, 86], [54, 86], [54, 86], [54, 86], [54, 86], [54, 86], [54, 86], [54, 86], [54, 86], [54, 86], [54, 86]]
Prices:
[0.21, 0.21, 0.21, 0.21, 0.21, 0.21, 0.21, 0.21, 0.21, 0.21, 0.21, 0.21, 0.21, 0.21, 0.21, 0.21, 0.24]
Occ Predictions:
[1, 1, 1, 1, 1, 1, 1, 1, 1, 1, 1, 1, 1, 1, 1, 1, 1]
Setpoints:
[[62, 85], [62, 85], [62, 85], [62, 85], [62, 85], [62, 85], [62, 85], [62, 85], [62, 85], [62, 85], [62, 85], [62, 85], [62, 85], [62, 85], [62, 85], [62, 85], [68, 74]]
Time needed to calculate the shortest path:
108.550932169


2018-07-10 11:49:20
MPC Actions: ['1', '0', '0', '0', '0', '0', '0', '0', '0', '0', '0', '0', '0', '0', '0', '0']
Temperatures following the MPC path:
[68.1, 69.10000000000001, 69.05, 69.0, 68.95, 68.9, 68.85000000000001, 68.8, 68.75, 68.7, 68.65, 68.60000000000001, 68.55, 68.5, 68.5, 68.5, 68.5]
Safety Constraints:
[[54, 86], [54, 86], [54, 86], [54, 86], [54, 86], [54, 86], [54, 86], [54, 86], [54, 86], [54, 86], [54, 86], [54, 86], [54, 86], [54, 86], [54, 86], [54, 86], [54, 86]]
Prices:
[0.21, 0.21, 0.21, 0.21, 0.21, 0.21, 0.21, 0.21, 0.21, 0.21, 0.21, 0.21, 0.21, 0.21, 0.21, 0.24, 0.24]
Occ Predictions:
[1, 1, 1, 1, 1, 1, 1, 1, 1, 1, 1, 1, 1, 1, 1, 1, 1]
Setpoints:
[[62, 85], [62, 85], [62, 85], [62, 85], [62, 85], [62, 85], [62, 85], [62, 85], [62, 85], [62, 85], [62, 85], [62, 85], [62, 85], [62, 85], [62, 85], [68, 74], [68, 74]]
Time needed to calculate the shortest path:
115.666050911


2018-07-10 12:04:19
MPC Actions: ['0', '0', '0', '0', '0', '0', '0', '0', '0', '0', '0', '0', '0', '0', '0', '0']
Temperatures following the MPC path:
[74.0, 73.85000000000001, 73.75, 73.65, 73.55, 73.45, 73.35000000000001, 73.25, 73.15, 73.05, 72.95, 72.85000000000001, 72.75, 72.7, 72.65, 72.60000000000001, 72.55]
Safety Constraints:
[[54, 86], [54, 86], [54, 86], [54, 86], [54, 86], [54, 86], [54, 86], [54, 86], [54, 86], [54, 86], [54, 86], [54, 86], [54, 86], [54, 86], [54, 86], [54, 86], [54, 86]]
Prices:
[0.21, 0.21, 0.21, 0.21, 0.21, 0.21, 0.21, 0.21, 0.21, 0.21, 0.21, 0.21, 0.21, 0.21, 0.24, 0.24, 0.24]
Occ Predictions:
[1, 1, 1, 1, 1, 1, 1, 1, 1, 1, 1, 1, 1, 1, 1, 1, 1]
Setpoints:
[[62, 85], [62, 85], [62, 85], [62, 85], [62, 85], [62, 85], [62, 85], [62, 85], [62, 85], [62, 85], [62, 85], [62, 85], [62, 85], [62, 85], [68, 74], [68, 74], [68, 74]]
Time needed to calculate the shortest path:
90.934702158


2018-07-10 12:19:19
MPC Actions: ['0', '0', '0', '0', '0', '0', '0', '0', '0', '0', '0', '0', '0', '0', '0', '0']
Temperatures following the MPC path:
[73.8, 73.65, 73.5, 73.35000000000001, 73.2, 73.10000000000001, 73.0, 72.9, 72.8, 72.7, 72.60000000000001, 72.5, 72.45, 72.4, 72.35000000000001, 72.3, 72.3]
Safety Constraints:
[[54, 86], [54, 86], [54, 86], [54, 86], [54, 86], [54, 86], [54, 86], [54, 86], [54, 86], [54, 86], [54, 86], [54, 86], [54, 86], [54, 86], [54, 86], [54, 86], [54, 86]]
Prices:
[0.21, 0.21, 0.21, 0.21, 0.21, 0.21, 0.21, 0.21, 0.21, 0.21, 0.21, 0.21, 0.21, 0.24, 0.24, 0.24, 0.24]
Occ Predictions:
[1, 1, 1, 1, 1, 1, 1, 1, 1, 1, 1, 1, 1, 1, 1, 1, 1]
Setpoints:
[[62, 85], [62, 85], [62, 85], [62, 85], [62, 85], [62, 85], [62, 85], [62, 85], [62, 85], [62, 85], [62, 85], [62, 85], [62, 85], [68, 74], [68, 74], [68, 74], [68, 74]]
Time needed to calculate the shortest path:
86.1260781288


2018-07-10 12:34:19
MPC Actions: ['0', '0', '0', '0', '0', '0', '0', '0', '0', '0', '0', '0', '0', '0', '0', '0']
Temperatures following the MPC path:
[73.8, 73.7, 73.60000000000001, 73.5, 73.4, 73.3, 73.2, 73.10000000000001, 73.0, 72.9, 72.8, 72.75, 72.7, 72.65, 72.60000000000001, 72.60000000000001, 72.60000000000001]
Safety Constraints:
[[54, 86], [54, 86], [54, 86], [54, 86], [54, 86], [54, 86], [54, 86], [54, 86], [54, 86], [54, 86], [54, 86], [54, 86], [54, 86], [54, 86], [54, 86], [54, 86], [54, 86]]
Prices:
[0.21, 0.21, 0.21, 0.21, 0.21, 0.21, 0.21, 0.21, 0.21, 0.21, 0.21, 0.21, 0.24, 0.24, 0.24, 0.24, 0.24]
Occ Predictions:
[1, 1, 1, 1, 1, 1, 1, 1, 1, 1, 1, 1, 1, 1, 1, 1, 1]
Setpoints:
[[62, 85], [62, 85], [62, 85], [62, 85], [62, 85], [62, 85], [62, 85], [62, 85], [62, 85], [62, 85], [62, 85], [62, 85], [68, 74], [68, 74], [68, 74], [68, 74], [68, 74]]
Time needed to calculate the shortest path:
79.5118639469


2018-07-10 12:49:19
MPC Actions: ['0', '0', '0', '0', '0', '0', '0', '0', '0', '0', '0', '0', '0', '0', '0', '0']
Temperatures following the MPC path:
[72.9, 72.8, 72.7, 72.60000000000001, 72.5, 72.4, 72.3, 72.2, 72.10000000000001, 72.0, 71.95, 71.9, 71.85000000000001, 71.8, 71.8, 71.8, 71.8]
Safety Constraints:
[[54, 86], [54, 86], [54, 86], [54, 86], [54, 86], [54, 86], [54, 86], [54, 86], [54, 86], [54, 86], [54, 86], [54, 86], [54, 86], [54, 86], [54, 86], [54, 86], [54, 86]]
Prices:
[0.21, 0.21, 0.21, 0.21, 0.21, 0.21, 0.21, 0.21, 0.21, 0.21, 0.21, 0.24, 0.24, 0.24, 0.24, 0.24, 0.24]
Occ Predictions:
[1, 1, 1, 1, 1, 1, 1, 1, 1, 1, 1, 1, 1, 1, 1, 1, 1]
Setpoints:
[[62, 85], [62, 85], [62, 85], [62, 85], [62, 85], [62, 85], [62, 85], [62, 85], [62, 85], [62, 85], [62, 85], [68, 74], [68, 74], [68, 74], [68, 74], [68, 74], [68, 74]]
Time needed to calculate the shortest path:
73.1017110348


2018-07-10 13:04:19
MPC Actions: ['0', '0', '0', '0', '0', '0', '0', '0', '0', '0', '0', '0', '0', '0', '0', '0']
Temperatures following the MPC path:
[71.9, 71.8, 71.7, 71.60000000000001, 71.5, 71.45, 71.4, 71.35000000000001, 71.3, 71.3, 71.3, 71.3, 71.3, 71.35000000000001, 71.4, 71.45, 71.5]
Safety Constraints:
[[54, 86], [54, 86], [54, 86], [54, 86], [54, 86], [54, 86], [54, 86], [54, 86], [54, 86], [54, 86], [54, 86], [54, 86], [54, 86], [54, 86], [54, 86], [54, 86], [54, 86]]
Prices:
[0.21, 0.21, 0.21, 0.21, 0.21, 0.21, 0.21, 0.21, 0.21, 0.21, 0.24, 0.24, 0.24, 0.24, 0.24, 0.24, 0.24]
Occ Predictions:
[1, 1, 1, 1, 1, 1, 1, 1, 1, 1, 1, 1, 1, 1, 1, 1, 1]
Setpoints:
[[62, 85], [62, 85], [62, 85], [62, 85], [62, 85], [62, 85], [62, 85], [62, 85], [62, 85], [62, 85], [68, 74], [68, 74], [68, 74], [68, 74], [68, 74], [68, 74], [68, 74]]
Time needed to calculate the shortest path:
71.7843708992


2018-07-10 13:19:19
MPC Actions: ['0', '0', '0', '0', '0', '0', '0', '0', '0', '0', '0', '0', '0', '0', '0', '0']
Temperatures following the MPC path:
[70.9, 70.8, 70.7, 70.60000000000001, 70.55, 70.5, 70.45, 70.4, 70.4, 70.4, 70.4, 70.4, 70.45, 70.5, 70.55, 70.60000000000001, 70.7]
Safety Constraints:
[[54, 86], [54, 86], [54, 86], [54, 86], [54, 86], [54, 86], [54, 86], [54, 86], [54, 86], [54, 86], [54, 86], [54, 86], [54, 86], [54, 86], [54, 86], [54, 86], [54, 86]]
Prices:
[0.21, 0.21, 0.21, 0.21, 0.21, 0.21, 0.21, 0.21, 0.21, 0.24, 0.24, 0.24, 0.24, 0.24, 0.24, 0.24, 0.24]
Occ Predictions:
[1, 1, 1, 1, 1, 1, 1, 1, 1, 1, 1, 1, 1, 1, 1, 1, 1]
Setpoints:
[[62, 85], [62, 85], [62, 85], [62, 85], [62, 85], [62, 85], [62, 85], [62, 85], [62, 85], [68, 74], [68, 74], [68, 74], [68, 74], [68, 74], [68, 74], [68, 74], [68, 74]]
Time needed to calculate the shortest path:
70.7769188881


2018-07-10 13:34:19
MPC Actions: ['0', '0', '0', '0', '0', '0', '0', '0', '0', '0', '0', '0', '0', '0', '0', '0']
Temperatures following the MPC path:
[70.0, 69.9, 69.8, 69.75, 69.7, 69.65, 69.60000000000001, 69.60000000000001, 69.60000000000001, 69.60000000000001, 69.60000000000001, 69.65, 69.7, 69.75, 69.8, 69.9, 70.0]
Safety Constraints:
[[54, 86], [54, 86], [54, 86], [54, 86], [54, 86], [54, 86], [54, 86], [54, 86], [54, 86], [54, 86], [54, 86], [54, 86], [54, 86], [54, 86], [54, 86], [54, 86], [54, 86]]
Prices:
[0.21, 0.21, 0.21, 0.21, 0.21, 0.21, 0.21, 0.21, 0.24, 0.24, 0.24, 0.24, 0.24, 0.24, 0.24, 0.24, 0.24]
Occ Predictions:
[1, 1, 1, 1, 1, 1, 1, 1, 1, 1, 1, 1, 1, 1, 1, 1, 1]
Setpoints:
[[62, 85], [62, 85], [62, 85], [62, 85], [62, 85], [62, 85], [62, 85], [62, 85], [68, 74], [68, 74], [68, 74], [68, 74], [68, 74], [68, 74], [68, 74], [68, 74], [68, 74]]
Time needed to calculate the shortest path:
68.6289839745


2018-07-10 13:49:19
MPC Actions: ['0', '0', '0', '0', '0', '0', '0', '0', '0', '0', '0', '0', '0', '0', '0', '0']
Temperatures following the MPC path:
[69.4, 69.3, 69.25, 69.2, 69.15, 69.10000000000001, 69.10000000000001, 69.10000000000001, 69.10000000000001, 69.10000000000001, 69.15, 69.2, 69.25, 69.3, 69.4, 69.5, 69.60000000000001]
Safety Constraints:
[[54, 86], [54, 86], [54, 86], [54, 86], [54, 86], [54, 86], [54, 86], [54, 86], [54, 86], [54, 86], [54, 86], [54, 86], [54, 86], [54, 86], [54, 86], [54, 86], [54, 86]]
Prices:
[0.21, 0.21, 0.21, 0.21, 0.21, 0.21, 0.21, 0.24, 0.24, 0.24, 0.24, 0.24, 0.24, 0.24, 0.24, 0.24, 0.24]
Occ Predictions:
[1, 1, 1, 1, 1, 1, 1, 1, 1, 1, 1, 1, 1, 1, 1, 1, 1]
Setpoints:
[[62, 85], [62, 85], [62, 85], [62, 85], [62, 85], [62, 85], [62, 85], [68, 74], [68, 74], [68, 74], [68, 74], [68, 74], [68, 74], [68, 74], [68, 74], [68, 74], [68, 74]]
Time needed to calculate the shortest path:
74.7486019135


2018-07-10 14:04:19
MPC Actions: ['0', '0', '0', '0', '0', '0', '0', '0', '0', '0', '0', '0', '0', '0', '0', '0']
Temperatures following the MPC path:
[68.8, 68.7, 68.60000000000001, 68.55, 68.5, 68.45, 68.4, 68.35000000000001, 68.3, 68.35000000000001, 68.4, 68.45, 68.5, 68.60000000000001, 68.7, 68.8, 68.9]
Safety Constraints:
[[54, 86], [54, 86], [54, 86], [54, 86], [54, 86], [54, 86], [54, 86], [54, 86], [54, 86], [54, 86], [54, 86], [54, 86], [54, 86], [54, 86], [54, 86], [54, 86], [54, 86]]
Prices:
[0.21, 0.21, 0.21, 0.21, 0.21, 0.21, 0.24, 0.24, 0.24, 0.24, 0.24, 0.24, 0.24, 0.24, 0.24, 0.24, 0.24]
Occ Predictions:
[1, 1, 1, 1, 1, 1, 1, 1, 1, 1, 1, 1, 1, 1, 1, 1, 1]
Setpoints:
[[62, 85], [62, 85], [62, 85], [62, 85], [62, 85], [62, 85], [68, 74], [68, 74], [68, 74], [68, 74], [68, 74], [68, 74], [68, 74], [68, 74], [68, 74], [68, 74], [68, 74]]
Time needed to calculate the shortest path:
78.4561240673


2018-07-10 14:19:19
MPC Actions: ['0', '0', '0', '0', '0', '0', '0', '0', '0', '0', '0', '0', '0', '0', '0', '0']
Temperatures following the MPC path:
[69.0, 68.9, 68.8, 68.7, 68.65, 68.60000000000001, 68.55, 68.5, 68.5, 68.5, 68.5, 68.5, 68.55, 68.60000000000001, 68.65, 68.7, 68.8]
Safety Constraints:
[[54, 86], [54, 86], [54, 86], [54, 86], [54, 86], [54, 86], [54, 86], [54, 86], [54, 86], [54, 86], [54, 86], [54, 86], [54, 86], [54, 86], [54, 86], [54, 86], [54, 86]]
Prices:
[0.21, 0.21, 0.21, 0.21, 0.21, 0.24, 0.24, 0.24, 0.24, 0.24, 0.24, 0.24, 0.24, 0.24, 0.24, 0.24, 0.24]
Occ Predictions:
[1, 1, 1, 1, 1, 1, 1, 1, 1, 1, 1, 1, 1, 1, 1, 1, 1]
Setpoints:
[[62, 85], [62, 85], [62, 85], [62, 85], [62, 85], [68, 74], [68, 74], [68, 74], [68, 74], [68, 74], [68, 74], [68, 74], [68, 74], [68, 74], [68, 74], [68, 74], [68, 74]]
Time needed to calculate the shortest path:
77.3052608967


2018-07-10 14:34:19
MPC Actions: ['0', '0', '0', '0', '0', '0', '0', '0', '0', '0', '0', '0', '0', '0', '0', '0']
Temperatures following the MPC path:
[68.9, 68.75, 68.60000000000001, 68.5, 68.4, 68.3, 68.2, 68.15, 68.10000000000001, 68.05, 68.0, 68.05, 68.10000000000001, 68.15, 68.2, 68.25, 68.3]
Safety Constraints:
[[54, 86], [54, 86], [54, 86], [54, 86], [54, 86], [54, 86], [54, 86], [54, 86], [54, 86], [54, 86], [54, 86], [54, 86], [54, 86], [54, 86], [54, 86], [54, 86], [54, 86]]
Prices:
[0.21, 0.21, 0.21, 0.21, 0.24, 0.24, 0.24, 0.24, 0.24, 0.24, 0.24, 0.24, 0.24, 0.24, 0.24, 0.24, 0.24]
Occ Predictions:
[1, 1, 1, 1, 1, 1, 1, 1, 1, 1, 1, 1, 1, 1, 1, 1, 1]
Setpoints:
[[62, 85], [62, 85], [62, 85], [62, 85], [68, 74], [68, 74], [68, 74], [68, 74], [68, 74], [68, 74], [68, 74], [68, 74], [68, 74], [68, 74], [68, 74], [68, 74], [68, 74]]
Time needed to calculate the shortest path:
83.4180810452


2018-07-10 14:49:19
MPC Actions: ['0', '0', '0', '0', '0', '0', '0', '0', '0', '0', '0', '0', '0', '0', '0', '0']
Temperatures following the MPC path:
[69.0, 68.85000000000001, 68.75, 68.65, 68.55, 68.45, 68.45, 68.45, 68.45, 68.45, 68.5, 68.55, 68.60000000000001, 68.65, 68.75, 68.85000000000001, 68.95]
Safety Constraints:
[[54, 86], [54, 86], [54, 86], [54, 86], [54, 86], [54, 86], [54, 86], [54, 86], [54, 86], [54, 86], [54, 86], [54, 86], [54, 86], [54, 86], [54, 86], [54, 86], [54, 86]]
Prices:
[0.21, 0.21, 0.21, 0.24, 0.24, 0.24, 0.24, 0.24, 0.24, 0.24, 0.24, 0.24, 0.24, 0.24, 0.24, 0.24, 0.24]
Occ Predictions:
[1, 1, 1, 1, 1, 1, 1, 1, 1, 1, 1, 1, 1, 1, 1, 1, 1]
Setpoints:
[[62, 85], [62, 85], [62, 85], [68, 74], [68, 74], [68, 74], [68, 74], [68, 74], [68, 74], [68, 74], [68, 74], [68, 74], [68, 74], [68, 74], [68, 74], [68, 74], [68, 74]]
Time needed to calculate the shortest path:
80.7662289143


2018-07-10 15:04:19
MPC Actions: ['0', '0', '0', '0', '0', '0', '0', '0', '0', '0', '0', '0', '0', '0', '0', '0']
Temperatures following the MPC path:
[69.7, 69.60000000000001, 69.55, 69.5, 69.45, 69.45, 69.45, 69.45, 69.45, 69.5, 69.55, 69.60000000000001, 69.65, 69.75, 69.85000000000001, 69.95, 70.05]
Safety Constraints:
[[54, 86], [54, 86], [54, 86], [54, 86], [54, 86], [54, 86], [54, 86], [54, 86], [54, 86], [54, 86], [54, 86], [54, 86], [54, 86], [54, 86], [54, 86], [54, 86], [54, 86]]
Prices:
[0.21, 0.21, 0.24, 0.24, 0.24, 0.24, 0.24, 0.24, 0.24, 0.24, 0.24, 0.24, 0.24, 0.24, 0.24, 0.24, 0.26]
Occ Predictions:
[1, 1, 1, 1, 1, 1, 1, 1, 1, 1, 1, 1, 1, 1, 1, 1, 1]
Setpoints:
[[62, 85], [62, 85], [68, 74], [68, 74], [68, 74], [68, 74], [68, 74], [68, 74], [68, 74], [68, 74], [68, 74], [68, 74], [68, 74], [68, 74], [68, 74], [68, 74], [68, 74]]
Time needed to calculate the shortest path:
70.1723999977


2018-07-10 15:19:19
MPC Actions: ['0', '0', '0', '0', '0', '0', '0', '0', '0', '0', '0', '0', '0', '0', '0', '0']
Temperatures following the MPC path:
[72.2, 72.15, 72.10000000000001, 72.05, 72.05, 72.05, 72.05, 72.05, 72.10000000000001, 72.15, 72.2, 72.25, 72.35000000000001, 72.45, 72.55, 72.65, 72.75]
Safety Constraints:
[[54, 86], [54, 86], [54, 86], [54, 86], [54, 86], [54, 86], [54, 86], [54, 86], [54, 86], [54, 86], [54, 86], [54, 86], [54, 86], [54, 86], [54, 86], [54, 86], [54, 86]]
Prices:
[0.21, 0.24, 0.24, 0.24, 0.24, 0.24, 0.24, 0.24, 0.24, 0.24, 0.24, 0.24, 0.24, 0.24, 0.24, 0.26, 0.26]
Occ Predictions:
[1, 1, 1, 1, 1, 1, 1, 1, 1, 1, 1, 1, 1, 1, 1, 1, 1]
Setpoints:
[[62, 85], [68, 74], [68, 74], [68, 74], [68, 74], [68, 74], [68, 74], [68, 74], [68, 74], [68, 74], [68, 74], [68, 74], [68, 74], [68, 74], [68, 74], [68, 74], [68, 74]]
Time needed to calculate the shortest path:
68.0340108871


2018-07-10 15:34:19
MPC Actions: ['1', '1', '0', '0', '0', '0', '0', '0', '0', '0', '0', '0', '0', '0', '0', '0']
Temperatures following the MPC path:
[74.3, 73.65, 73.2, 73.2, 73.2, 73.2, 73.2, 73.25, 73.3, 73.35000000000001, 73.4, 73.5, 73.60000000000001, 73.7, 73.8, 73.9, 74.0]
Safety Constraints:
[[54, 86], [54, 86], [54, 86], [54, 86], [54, 86], [54, 86], [54, 86], [54, 86], [54, 86], [54, 86], [54, 86], [54, 86], [54, 86], [54, 86], [54, 86], [54, 86], [54, 86]]
Prices:
[0.24, 0.24, 0.24, 0.24, 0.24, 0.24, 0.24, 0.24, 0.24, 0.24, 0.24, 0.24, 0.24, 0.24, 0.26, 0.26, 0.26]
Occ Predictions:
[1, 1, 1, 1, 1, 1, 1, 1, 1, 1, 1, 1, 1, 1, 1, 1, 1]
Setpoints:
[[68, 74], [68, 74], [68, 74], [68, 74], [68, 74], [68, 74], [68, 74], [68, 74], [68, 74], [68, 74], [68, 74], [68, 74], [68, 74], [68, 74], [68, 74], [68, 74], [68, 74]]
Time needed to calculate the shortest path:
78.8527171612


2018-07-10 15:49:19
MPC Actions: ['2', '2', '0', '0', '0', '0', '0', '0', '0', '0', '0', '0', '0', '0', '0', '0']
Temperatures following the MPC path:
[80.0, 75.0, 72.5, 72.5, 72.5, 72.5, 72.55, 72.60000000000001, 72.65, 72.7, 72.8, 72.9, 73.0, 73.10000000000001, 73.25, 73.4, 73.55]
Safety Constraints:
[[54, 86], [54, 86], [54, 86], [54, 86], [54, 86], [54, 86], [54, 86], [54, 86], [54, 86], [54, 86], [54, 86], [54, 86], [54, 86], [54, 86], [54, 86], [54, 86], [54, 86]]
Prices:
[0.24, 0.24, 0.24, 0.24, 0.24, 0.24, 0.24, 0.24, 0.24, 0.24, 0.24, 0.24, 0.24, 0.26, 0.26, 0.26, 0.26]
Occ Predictions:
[1, 1, 1, 1, 1, 1, 1, 1, 1, 1, 1, 1, 1, 1, 1, 1, 1]
Setpoints:
[[68, 74], [68, 74], [68, 74], [68, 74], [68, 74], [68, 74], [68, 74], [68, 74], [68, 74], [68, 74], [68, 74], [68, 74], [68, 74], [68, 74], [68, 74], [68, 74], [68, 74]]
Time needed to calculate the shortest path:
99.6518268585


2018-07-10 16:04:19
MPC Actions: ['2', '0', '0', '0', '0', '0', '0', '0', '0', '1', '0', '0', '0', '0', '0', '0']
Temperatures following the MPC path:
[77.0, 73.5, 73.5, 73.5, 73.5, 73.55, 73.60000000000001, 73.65, 73.7, 73.8, 73.45, 73.55, 73.65, 73.75, 73.85000000000001, 73.95, 74.05]
Safety Constraints:
[[54, 86], [54, 86], [54, 86], [54, 86], [54, 86], [54, 86], [54, 86], [54, 86], [54, 86], [54, 86], [54, 86], [54, 86], [54, 86], [54, 86], [54, 86], [54, 86], [54, 86]]
Prices:
[0.24, 0.24, 0.24, 0.24, 0.24, 0.24, 0.24, 0.24, 0.24, 0.24, 0.24, 0.24, 0.26, 0.26, 0.26, 0.26, 0.26]
Occ Predictions:
[1, 1, 1, 1, 1, 1, 1, 1, 1, 1, 1, 1, 1, 1, 1, 1, 1]
Setpoints:
[[68, 74], [68, 74], [68, 74], [68, 74], [68, 74], [68, 74], [68, 74], [68, 74], [68, 74], [68, 74], [68, 74], [68, 74], [68, 74], [68, 74], [68, 74], [68, 74], [68, 74]]
Time needed to calculate the shortest path:
82.6339850426


2018-07-10 16:19:19
MPC Actions: ['2', '0', '0', '0', '0', '0', '0', '0', '0', '0', '0', '0', '0', '0', '0', '0']
Temperatures following the MPC path:
[74.6, 72.25, 72.25, 72.25, 72.3, 72.35000000000001, 72.4, 72.45, 72.55, 72.65, 72.75, 72.85000000000001, 73.0, 73.15, 73.3, 73.4, 73.55]
Safety Constraints:
[[54, 86], [54, 86], [54, 86], [54, 86], [54, 86], [54, 86], [54, 86], [54, 86], [54, 86], [54, 86], [54, 86], [54, 86], [54, 86], [54, 86], [54, 86], [54, 86], [54, 86]]
Prices:
[0.24, 0.24, 0.24, 0.24, 0.24, 0.24, 0.24, 0.24, 0.24, 0.24, 0.24, 0.26, 0.26, 0.26, 0.26, 0.26, 0.26]
Occ Predictions:
[1, 1, 1, 1, 1, 1, 1, 1, 1, 1, 1, 1, 1, 1, 1, 1, 1]
Setpoints:
[[68, 74], [68, 74], [68, 74], [68, 74], [68, 74], [68, 74], [68, 74], [68, 74], [68, 74], [68, 74], [68, 74], [68, 74], [68, 74], [68, 74], [68, 74], [68, 74], [68, 74]]
Time needed to calculate the shortest path:
76.6313111782


2018-07-10 16:34:19
MPC Actions: ['0', '0', '0', '0', '0', '0', '0', '0', '0', '0', '0', '0', '0', '0', '0', '0']
Temperatures following the MPC path:
[71.8, 71.8, 71.8, 71.85000000000001, 71.9, 71.95, 72.0, 72.10000000000001, 72.2, 72.3, 72.4, 72.5, 72.60000000000001, 72.7, 72.8, 72.95, 73.10000000000001]
Safety Constraints:
[[54, 86], [54, 86], [54, 86], [54, 86], [54, 86], [54, 86], [54, 86], [54, 86], [54, 86], [54, 86], [54, 86], [54, 86], [54, 86], [54, 86], [54, 86], [54, 86], [54, 86]]
Prices:
[0.24, 0.24, 0.24, 0.24, 0.24, 0.24, 0.24, 0.24, 0.24, 0.24, 0.26, 0.26, 0.26, 0.26, 0.26, 0.26, 0.26]
Occ Predictions:
[1, 1, 1, 1, 1, 1, 1, 1, 1, 1, 1, 1, 1, 1, 1, 1, 1]
Setpoints:
[[68, 74], [68, 74], [68, 74], [68, 74], [68, 74], [68, 74], [68, 74], [68, 74], [68, 74], [68, 74], [68, 74], [68, 74], [68, 74], [68, 74], [68, 74], [68, 74], [68, 74]]
Time needed to calculate the shortest path:
54.3200349808


2018-07-10 16:49:19
MPC Actions: ['1', '0', '0', '0', '0', '0', '0', '0', '0', '0', '0', '0', '0', '0', '0', '0']
Temperatures following the MPC path:
[73.7, 73.25, 73.25, 73.25, 73.25, 73.25, 73.3, 73.35000000000001, 73.4, 73.45, 73.55, 73.65, 73.7, 73.75, 73.85000000000001, 73.95, 74.05]
Safety Constraints:
[[54, 86], [54, 86], [54, 86], [54, 86], [54, 86], [54, 86], [54, 86], [54, 86], [54, 86], [54, 86], [54, 86], [54, 86], [54, 86], [54, 86], [54, 86], [54, 86], [54, 86]]
Prices:
[0.24, 0.24, 0.24, 0.24, 0.24, 0.24, 0.24, 0.24, 0.24, 0.26, 0.26, 0.26, 0.26, 0.26, 0.26, 0.26, 0.26]
Occ Predictions:
[1, 1, 1, 1, 1, 1, 1, 1, 1, 1, 1, 1, 1, 1, 1, 1, 1]
Setpoints:
[[68, 74], [68, 74], [68, 74], [68, 74], [68, 74], [68, 74], [68, 74], [68, 74], [68, 74], [68, 74], [68, 74], [68, 74], [68, 74], [68, 74], [68, 74], [68, 74], [68, 74]]
Time needed to calculate the shortest path:
63.3603041172


2018-07-10 17:04:19
MPC Actions: ['2', '2', '0', '0', '0', '0', '0', '0', '0', '0', '0', '0', '0', '0', '0', '0']
Temperatures following the MPC path:
[79.5, 74.75, 72.35000000000001, 72.35000000000001, 72.35000000000001, 72.4, 72.45, 72.5, 72.55, 72.60000000000001, 72.65, 72.7, 72.75, 72.85000000000001, 72.95, 73.05, 73.15]
Safety Constraints:
[[54, 86], [54, 86], [54, 86], [54, 86], [54, 86], [54, 86], [54, 86], [54, 86], [54, 86], [54, 86], [54, 86], [54, 86], [54, 86], [54, 86], [54, 86], [54, 86], [54, 86]]
Prices:
[0.24, 0.24, 0.24, 0.24, 0.24, 0.24, 0.24, 0.24, 0.26, 0.26, 0.26, 0.26, 0.26, 0.26, 0.26, 0.26, 0.9, 0.9, 0.9, 0.9, 0.9]
Occ Predictions:
[1, 1, 1, 1, 1, 1, 1, 1, 1, 1, 1, 1, 1, 1, 1, 1, 1]
Setpoints:
[[68, 74], [68, 74], [68, 74], [68, 74], [68, 74], [68, 74], [68, 74], [68, 74], [68, 74], [68, 74], [68, 74], [68, 74], [68, 74], [68, 74], [68, 74], [68, 74], [68, 74]]
Time needed to calculate the shortest path:
77.3279819489


2018-07-10 17:19:19
MPC Actions: ['2', '0', '0', '0', '0', '0', '0', '0', '0', '0', '1', '0', '0', '0', '0', '0']
Temperatures following the MPC path:
[77.1, 73.55, 73.55, 73.55, 73.60000000000001, 73.65, 73.7, 73.75, 73.8, 73.85000000000001, 73.9, 73.5, 73.60000000000001, 73.7, 73.8, 73.9, 74.0]
Safety Constraints:
[[54, 86], [54, 86], [54, 86], [54, 86], [54, 86], [54, 86], [54, 86], [54, 86], [54, 86], [54, 86], [54, 86], [54, 86], [54, 86], [54, 86], [54, 86], [54, 86], [54, 86]]
Prices:
[0.24, 0.24, 0.24, 0.24, 0.24, 0.24, 0.24, 0.26, 0.26, 0.26, 0.26, 0.26, 0.26, 0.26, 0.26, 0.9, 0.9, 0.9, 0.9, 0.9, 0.9, 0.9, 0.9, 0.9, 0.9]
Occ Predictions:
[1, 1, 1, 1, 1, 1, 1, 1, 1, 1, 1, 1, 1, 1, 1, 1, 1]
Setpoints:
[[68, 74], [68, 74], [68, 74], [68, 74], [68, 74], [68, 74], [68, 74], [68, 74], [68, 74], [68, 74], [68, 74], [68, 74], [68, 74], [68, 74], [68, 74], [68, 74], [68, 74]]
Time needed to calculate the shortest path:
66.6803028584


2018-07-10 17:34:19
MPC Actions: ['2', '1', '0', '0', '0', '0', '0', '0', '0', '0', '0', '0', '0', '0', '0', '0']
Temperatures following the MPC path:
[76.0, 73.0, 72.8, 72.85000000000001, 72.9, 72.95, 73.0, 73.10000000000001, 73.2, 73.3, 73.4, 73.5, 73.60000000000001, 73.7, 73.8, 73.9, 74.0]
Safety Constraints:
[[54, 86], [54, 86], [54, 86], [54, 86], [54, 86], [54, 86], [54, 86], [54, 86], [54, 86], [54, 86], [54, 86], [54, 86], [54, 86], [54, 86], [54, 86], [54, 86], [54, 86]]
Prices:
[0.24, 0.24, 0.24, 0.24, 0.24, 0.24, 0.26, 0.26, 0.26, 0.26, 0.26, 0.26, 0.26, 0.26, 0.9, 0.9, 0.9, 0.9, 0.9, 0.9, 0.9, 0.9, 0.9, 0.9, 0.9, 0.9, 0.9, 0.9, 0.9]
Occ Predictions:
[1, 1, 1, 1, 1, 1, 1, 1, 1, 1, 1, 1, 1, 1, 1, 1, 1]
Setpoints:
[[68, 74], [68, 74], [68, 74], [68, 74], [68, 74], [68, 74], [68, 74], [68, 74], [68, 74], [68, 74], [68, 74], [68, 74], [68, 74], [68, 74], [68, 74], [68, 74], [68, 74]]
Time needed to calculate the shortest path:
65.9817290306


2018-07-10 17:49:19
MPC Actions: ['2', '0', '0', '0', '0', '0', '0', '0', '0', '1', '0', '0', '0', '0', '0', '0']
Temperatures following the MPC path:
[75.0, 72.5, 72.60000000000001, 72.7, 72.8, 72.9, 73.0, 73.10000000000001, 73.2, 73.3, 73.15, 73.3, 73.45, 73.60000000000001, 73.75, 73.9, 74.05]
Safety Constraints:
[[54, 86], [54, 86], [54, 86], [54, 86], [54, 86], [54, 86], [54, 86], [54, 86], [54, 86], [54, 86], [54, 86], [54, 86], [54, 86], [54, 86], [54, 86], [54, 86], [54, 86]]
Prices:
[0.24, 0.24, 0.24, 0.24, 0.24, 0.26, 0.26, 0.26, 0.26, 0.26, 0.26, 0.26, 0.26, 0.9, 0.9, 0.9, 0.9, 0.9, 0.9, 0.9, 0.9, 0.9, 0.9, 0.9, 0.9, 0.9, 0.9, 0.9, 0.9, 0.9, 0.9, 0.9, 0.9]
Occ Predictions:
[1, 1, 1, 1, 1, 1, 1, 1, 1, 1, 1, 1, 1, 1, 1, 1, 1]
Setpoints:
[[68, 74], [68, 74], [68, 74], [68, 74], [68, 74], [68, 74], [68, 74], [68, 74], [68, 74], [68, 74], [68, 74], [68, 74], [68, 74], [68, 74], [68, 74], [68, 74], [68, 74]]
Time needed to calculate the shortest path:
64.9725689888


2018-07-10 18:04:19
MPC Actions: ['1', '0', '0', '1', '0', '0', '0', '0', '0', '0', '0', '0', '0', '0', '0', '0']
Temperatures following the MPC path:
[73.7, 73.3, 73.35000000000001, 73.35000000000001, 73.05, 73.10000000000001, 73.15, 73.2, 73.25, 73.35000000000001, 73.45, 73.55, 73.65, 73.75, 73.85000000000001, 73.95, 74.05]
Safety Constraints:
[[54, 86], [54, 86], [54, 86], [54, 86], [54, 86], [54, 86], [54, 86], [54, 86], [54, 86], [54, 86], [54, 86], [54, 86], [54, 86], [54, 86], [54, 86], [54, 86], [54, 86]]
Prices:
[0.24, 0.24, 0.24, 0.24, 0.26, 0.26, 0.26, 0.26, 0.26, 0.26, 0.26, 0.26, 0.9, 0.9, 0.9, 0.9, 0.9, 0.9, 0.9, 0.9, 0.9, 0.9, 0.9, 0.9, 0.9, 0.9, 0.9, 0.9, 0.9, 0.9, 0.9, 0.9, 0.9, 0.9, 0.9, 0.9, 0.9]
Occ Predictions:
[1, 1, 1, 1, 1, 1, 1, 1, 1, 1, 1, 1, 1, 1, 1, 1, 1]
Setpoints:
[[68, 74], [68, 74], [68, 74], [68, 74], [68, 74], [68, 74], [68, 74], [68, 74], [68, 74], [68, 74], [68, 74], [68, 74], [68, 74], [68, 74], [68, 74], [68, 74], [68, 74]]
Time needed to calculate the shortest path:
56.2515678406


2018-07-10 18:19:19
MPC Actions: ['2', '2', '1', '0', '0', '0', '0', '0', '0', '0', '0', '0', '0', '0', '0', '0']
Temperatures following the MPC path:
[80.7, 75.45, 72.75, 72.65, 72.75, 72.85000000000001, 72.95, 73.05, 73.15, 73.25, 73.35000000000001, 73.45, 73.55, 73.65, 73.75, 73.85000000000001, 73.95]
Safety Constraints:
[[54, 86], [54, 86], [54, 86], [54, 86], [54, 86], [54, 86], [54, 86], [54, 86], [54, 86], [54, 86], [54, 86], [54, 86], [54, 86], [54, 86], [54, 86], [54, 86], [54, 86]]
Prices:
[0.24, 0.24, 0.24, 0.26, 0.26, 0.26, 0.26, 0.26, 0.26, 0.26, 0.26, 0.9, 0.9, 0.9, 0.9, 0.9, 0.9, 0.9, 0.9, 0.9, 0.9, 0.9, 0.9, 0.9, 0.9, 0.9, 0.9, 0.9, 0.9, 0.9, 0.9, 0.9, 0.9, 0.9, 0.9, 0.9, 0.9, 0.9, 0.9, 0.9, 0.9]
Occ Predictions:
[1, 1, 1, 1, 1, 1, 1, 1, 1, 1, 1, 1, 1, 1, 1, 1, 1]
Setpoints:
[[68, 74], [68, 74], [68, 74], [68, 74], [68, 74], [68, 74], [68, 74], [68, 74], [68, 74], [68, 74], [68, 74], [68, 74], [68, 74], [68, 74], [68, 74], [68, 74], [68, 74]]
Time needed to calculate the shortest path:
74.8710610867


2018-07-10 18:34:19
MPC Actions: ['2', '1', '1', '1', '0', '0', '1', '0', '0', '0', '0', '0', '0', '0', '0', '0']
Temperatures following the MPC path:
[78.1, 74.15, 73.65, 73.35000000000001, 73.10000000000001, 73.2, 73.3, 73.10000000000001, 73.25, 73.35000000000001, 73.45, 73.55, 73.65, 73.75, 73.85000000000001, 73.95, 74.05]
Safety Constraints:
[[54, 86], [54, 86], [54, 86], [54, 86], [54, 86], [54, 86], [54, 86], [54, 86], [54, 86], [54, 86], [54, 86], [54, 86], [54, 86], [54, 86], [54, 86], [54, 86], [54, 86]]
Prices:
[0.24, 0.24, 0.26, 0.26, 0.26, 0.26, 0.26, 0.26, 0.26, 0.26, 0.9, 0.9, 0.9, 0.9, 0.9, 0.9, 0.9, 0.9, 0.9, 0.9, 0.9, 0.9, 0.9, 0.9, 0.9, 0.9, 0.9, 0.9, 0.9, 0.9, 0.9, 0.9, 0.9, 0.9, 0.9, 0.9, 0.9, 0.9, 0.9, 0.9, 0.9, 0.9, 0.9, 0.9, 0.9]
Occ Predictions:
[1, 1, 1, 1, 1, 1, 1, 1, 1, 1, 1, 1, 1, 1, 1, 1, 1]
Setpoints:
[[68, 74], [68, 74], [68, 74], [68, 74], [68, 74], [68, 74], [68, 74], [68, 74], [68, 74], [68, 74], [68, 74], [68, 74], [68, 74], [68, 74], [68, 74], [68, 74], [68, 74]]
Time needed to calculate the shortest path:
67.0969150066


2018-07-10 18:49:19
MPC Actions: ['2', '1', '1', '0', '1', '0', '0', '1', '1', '0', '0', '0', '0', '0', '0', '0']
Temperatures following the MPC path:
[75.8, 73.0, 72.9, 72.85000000000001, 73.0, 72.9, 73.05, 73.2, 73.10000000000001, 73.0, 73.15, 73.3, 73.45, 73.60000000000001, 73.75, 73.9, 74.05]
Safety Constraints:
[[54, 86], [54, 86], [54, 86], [54, 86], [54, 86], [54, 86], [54, 86], [54, 86], [54, 86], [54, 86], [54, 86], [54, 86], [54, 86], [54, 86], [54, 86], [54, 86], [54, 86]]
Prices:
[0.24, 0.26, 0.26, 0.26, 0.26, 0.26, 0.26, 0.26, 0.26, 0.9, 0.9, 0.9, 0.9, 0.9, 0.9, 0.9, 0.9, 0.9, 0.9, 0.9, 0.9, 0.9, 0.9, 0.9, 0.9, 0.9, 0.9, 0.9, 0.9, 0.9, 0.9, 0.9, 0.9, 0.9, 0.9, 0.9, 0.9, 0.9, 0.9, 0.9, 0.9, 0.9, 0.9, 0.9, 0.9, 0.9, 0.9, 0.9, 0.9]
Occ Predictions:
[1, 1, 1, 1, 1, 1, 1, 1, 1, 1, 1, 1, 1, 1, 1, 1, 1]
Setpoints:
[[68, 74], [68, 74], [68, 74], [68, 74], [68, 74], [68, 74], [68, 74], [68, 74], [68, 74], [68, 74], [68, 74], [68, 74], [68, 74], [68, 74], [68, 74], [68, 74], [68, 74]]
Time needed to calculate the shortest path:
66.0765340328


2018-07-10 19:04:19
MPC Actions: ['1', '0', '0', '0', '0', '0', '1', '1', '0', '0', '0', '0', '0', '0', '0', '0']
Temperatures following the MPC path:
[73.9, 73.5, 73.55, 73.60000000000001, 73.65, 73.75, 73.85000000000001, 73.5, 73.25, 73.35000000000001, 73.45, 73.55, 73.65, 73.75, 73.85000000000001, 73.95, 74.05]
Safety Constraints:
[[54, 86], [54, 86], [54, 86], [54, 86], [54, 86], [54, 86], [54, 86], [54, 86], [54, 86], [54, 86], [54, 86], [54, 86], [54, 86], [54, 86], [54, 86], [54, 86], [54, 86]]
Prices:
[0.26, 0.26, 0.26, 0.26, 0.26, 0.26, 0.26, 0.26, 0.9, 0.9, 0.9, 0.9, 0.9, 0.9, 0.9, 0.9, 0.9, 0.9, 0.9, 0.9, 0.9, 0.9, 0.9, 0.9, 0.9, 0.9, 0.9, 0.9, 0.9, 0.9, 0.9, 0.9, 0.9, 0.9, 0.9, 0.9, 0.9, 0.9, 0.9, 0.9, 0.9, 0.9, 0.9, 0.9, 0.9, 0.9, 0.9, 0.9, 0.9, 0.9, 0.9, 0.9, 0.9]
Occ Predictions:
[1, 1, 1, 1, 1, 1, 1, 1, 1, 1, 1, 1, 1, 1, 1, 1, 1]
Setpoints:
[[68, 74], [68, 74], [68, 74], [68, 74], [68, 74], [68, 74], [68, 74], [68, 74], [68, 74], [68, 74], [68, 74], [68, 74], [68, 74], [68, 74], [68, 74], [68, 74], [68, 74]]
Time needed to calculate the shortest path:
43.2850990295
THERMOSTAT CHANGED MANUALY AT : 2018-07-10 19:19:19 UTC

2018-07-10 20:46:59
MPC Actions: ['2', '0', '0', '1', '0', '0', '1', '1', '1', '0', '1', '0', '0', '0', '0', '0']
Temperatures following the MPC path:
[74.8, 72.72500000000001, 73.05, 73.375, 73.375, 73.7, 74.025, 73.85000000000001, 73.72500000000001, 73.65, 73.97500000000001, 73.825, 74.15, 74.47500000000001, 74.775, 75.075, 75.375]
Safety Constraints:
[[54, 86], [54, 86], [54, 86], [54, 86], [54, 86], [54, 86], [54, 86], [54, 86], [54, 86], [54, 86], [54, 86], [54, 86], [54, 86], [54, 86], [54, 86], [54, 86], [54, 86]]
Prices:
[0.26, 0.9, 0.9, 0.9, 0.9, 0.9, 0.9, 0.9, 0.9, 0.9, 0.9, 0.9, 0.9, 0.9, 0.9, 0.9, 0.9, 0.9, 0.9, 0.9, 0.9, 0.9, 0.9, 0.9, 0.9, 0.9, 0.9, 0.9, 0.9, 0.9, 0.9, 0.9, 0.9, 0.9, 0.9, 0.9, 0.9, 0.9, 0.9, 0.9, 0.9, 0.9, 0.9, 0.9, 0.9, 0.9, 0.9, 0.9, 0.9, 0.9, 0.9, 0.9, 0.9, 0.9, 0.9, 0.9, 0.9, 0.9, 0.9, 0.9, 0.9, 0.9, 0.9, 0.9, 0.9, 0.9, 0.9, 0.9, 0.9, 0.9, 0.9, 0.9, 0.9, 0.9, 0.9, 0.9, 0.9, 0.9, 0.9, 0.9, 0.9]
Occ Predictions:
[1, 1, 1, 1, 1, 1, 1, 1, 1, 1, 1, 1, 1, 1, 1, 1, 1]
Setpoints:
[[68, 74], [68, 74], [68, 74], [68, 74], [68, 74], [68, 74], [68, 74], [68, 74], [68, 74], [68, 74], [68, 74], [68, 74], [68, 74], [62, 85], [62, 85], [62, 85], [62, 85]]
Time needed to calculate the shortest path:
237.153373957


2018-07-10 21:01:58
MPC Actions: ['2', '0', '0', '0', '0', '0', '1', '0', '0', '1', '0', '0', '0', '0', '0', '0']
Temperatures following the MPC path:
[74.7, 72.575, 72.825, 73.075, 73.325, 73.575, 73.825, 73.625, 73.875, 74.125, 73.85000000000001, 74.10000000000001, 74.35000000000001, 74.575, 74.8, 75.025, 75.25]
Safety Constraints:
[[54, 86], [54, 86], [54, 86], [54, 86], [54, 86], [54, 86], [54, 86], [54, 86], [54, 86], [54, 86], [54, 86], [54, 86], [54, 86], [54, 86], [54, 86], [54, 86], [54, 86]]
Prices:
[0.9, 0.9, 0.9, 0.9, 0.9, 0.9, 0.9, 0.9, 0.9, 0.9, 0.9, 0.9, 0.9, 0.9, 0.9, 0.9, 0.9, 0.9, 0.9, 0.9, 0.9, 0.9, 0.9, 0.9, 0.9, 0.9, 0.9, 0.9, 0.9, 0.9, 0.9, 0.9, 0.9, 0.9, 0.9, 0.9, 0.9, 0.9, 0.9, 0.9, 0.9, 0.9, 0.9, 0.9, 0.9, 0.9, 0.9, 0.9, 0.9, 0.9, 0.9, 0.9, 0.9, 0.9, 0.9, 0.9, 0.9, 0.9, 0.9, 0.9, 0.9, 0.9, 0.9, 0.9, 0.9, 0.9, 0.9, 0.9, 0.9, 0.9, 0.9, 0.9, 0.9, 0.9, 0.9, 0.9, 0.9, 0.9, 0.9, 0.9, 0.24]
Occ Predictions:
[1, 1, 1, 1, 1, 1, 1, 1, 1, 1, 1, 1, 1, 1, 1, 1, 1]
Setpoints:
[[68, 74], [68, 74], [68, 74], [68, 74], [68, 74], [68, 74], [68, 74], [68, 74], [68, 74], [68, 74], [68, 74], [68, 74], [62, 85], [62, 85], [62, 85], [62, 85], [62, 85]]
Time needed to calculate the shortest path:
154.658926964


2018-07-10 21:16:58
MPC Actions: ['1', '1', '0', '0', '1', '0', '1', '0', '1', '0', '0', '0', '0', '0', '0', '0']
Temperatures following the MPC path:
[73.6, 73.47500000000001, 73.4, 73.675, 73.95, 73.75, 74.025, 73.8, 74.075, 73.85000000000001, 74.125, 74.4, 74.65, 74.9, 75.15, 75.4, 75.60000000000001]
Safety Constraints:
[[54, 86], [54, 86], [54, 86], [54, 86], [54, 86], [54, 86], [54, 86], [54, 86], [54, 86], [54, 86], [54, 86], [54, 86], [54, 86], [54, 86], [54, 86], [54, 86], [54, 86]]
Prices:
[0.9, 0.9, 0.9, 0.9, 0.9, 0.9, 0.9, 0.9, 0.9, 0.9, 0.9, 0.9, 0.9, 0.9, 0.9, 0.9, 0.9, 0.9, 0.9, 0.9, 0.9, 0.9, 0.9, 0.9, 0.9, 0.9, 0.9, 0.9, 0.9, 0.9, 0.9, 0.9, 0.9, 0.9, 0.9, 0.9, 0.9, 0.9, 0.9, 0.9, 0.9, 0.9, 0.9, 0.9, 0.9, 0.9, 0.9, 0.9, 0.9, 0.9, 0.9, 0.9, 0.9, 0.9, 0.9, 0.9, 0.9, 0.9, 0.9, 0.9, 0.9, 0.9, 0.9, 0.9, 0.9, 0.9, 0.9, 0.9, 0.9, 0.9, 0.9, 0.9, 0.9, 0.9, 0.9, 0.24, 0.24]
Occ Predictions:
[1, 1, 1, 1, 1, 1, 1, 1, 1, 1, 1, 1, 1, 1, 1, 1, 1]
Setpoints:
[[68, 74], [68, 74], [68, 74], [68, 74], [68, 74], [68, 74], [68, 74], [68, 74], [68, 74], [68, 74], [68, 74], [62, 85], [62, 85], [62, 85], [62, 85], [62, 85], [62, 85]]
Time needed to calculate the shortest path:
149.49749589
THERMOSTAT CHANGED MANUALY AT : 2018-07-10 21:31:58 UTC

2018-07-10 22:04:09
MPC Actions: ['2', '1', '1', '1', '1', '1', '0', '0', '0', '0', '0', '0', '0', '0', '0', '0']
Temperatures following the MPC path:
[76.5, 73.60000000000001, 73.62500000000001, 73.65000000000002, 73.67500000000003, 73.70000000000003, 73.72500000000004, 74.05, 74.375, 74.7, 75.0, 75.3, 75.60000000000001, 75.875, 76.15, 76.425, 76.675]
Safety Constraints:
[[54, 86], [54, 86], [54, 86], [54, 86], [54, 86], [54, 86], [54, 86], [54, 86], [54, 86], [54, 86], [54, 86], [54, 86], [54, 86], [54, 86], [54, 86], [54, 86], [54, 86]]
Prices:
[0.9, 0.9, 0.9, 0.9, 0.9, 0.9, 0.9, 0.9, 0.9, 0.9, 0.9, 0.9, 0.9, 0.9, 0.9, 0.9, 0.9, 0.9, 0.9, 0.9, 0.9, 0.9, 0.9, 0.9, 0.9, 0.9, 0.9, 0.9, 0.9, 0.9, 0.9, 0.9, 0.9, 0.9, 0.9, 0.9, 0.9, 0.9, 0.9, 0.9, 0.9, 0.9, 0.9, 0.9, 0.9, 0.9, 0.9, 0.9, 0.9, 0.9, 0.9, 0.9, 0.9, 0.9, 0.9, 0.9, 0.9, 0.9, 0.9, 0.9, 0.24, 0.24, 0.24, 0.24, 0.24]
Occ Predictions:
[1, 1, 1, 1, 1, 1, 1, 1, 1, 1, 1, 1, 1, 1, 1, 1, 1]
Setpoints:
[[68, 74], [68, 74], [68, 74], [68, 74], [68, 74], [68, 74], [68, 74], [68, 74], [62, 85], [62, 85], [62, 85], [62, 85], [62, 85], [62, 85], [62, 85], [62, 85], [62, 85]]
Time needed to calculate the shortest path:
357.796061993


2018-07-10 22:24:44
MPC Actions: ['2', '1', '0', '0', '0', '0', '0', '0', '0', '0', '0', '0', '0', '0', '0', '0']
Temperatures following the MPC path:
[75.0, 72.775, 72.9, 73.2, 73.5, 73.8, 74.075, 74.35000000000001, 74.625, 74.9, 75.15, 75.4, 75.625, 75.85000000000001, 76.075, 76.3, 76.45]
Safety Constraints:
[[54, 86], [54, 86], [54, 86], [54, 86], [54, 86], [54, 86], [54, 86], [54, 86], [54, 86], [54, 86], [54, 86], [54, 86], [54, 86], [54, 86], [54, 86], [54, 86], [54, 86]]
Prices:
[0.9, 0.9, 0.9, 0.9, 0.9, 0.9, 0.9, 0.9, 0.9, 0.9, 0.9, 0.9, 0.9, 0.9, 0.9, 0.9, 0.9, 0.9, 0.9, 0.9, 0.9, 0.9, 0.9, 0.9, 0.9, 0.9, 0.9, 0.9, 0.9, 0.9, 0.9, 0.9, 0.9, 0.9, 0.9, 0.9, 0.9, 0.9, 0.9, 0.9, 0.9, 0.9, 0.9, 0.9, 0.9, 0.9, 0.9, 0.9, 0.9, 0.9, 0.9, 0.9, 0.9, 0.9, 0.9, 0.24, 0.24, 0.24, 0.24, 0.24, 0.24]
Occ Predictions:
[1, 1, 1, 1, 1, 1, 1, 1, 1, 1, 1, 1, 1, 1, 1, 1, 1]
Setpoints:
[[68, 74], [68, 74], [68, 74], [68, 74], [68, 74], [68, 74], [68, 74], [62, 85], [62, 85], [62, 85], [62, 85], [62, 85], [62, 85], [62, 85], [62, 85], [62, 85], [62, 85]]
Time needed to calculate the shortest path:
335.63924408


2018-07-10 22:39:44
MPC Actions: ['2', '0', '0', '0', '0', '0', '0', '0', '0', '0', '0', '0', '0', '0', '0', '0']
Temperatures following the MPC path:
[74.0, 72.25, 72.55, 72.85000000000001, 73.125, 73.4, 73.675, 73.95, 74.22500000000001, 74.47500000000001, 74.72500000000001, 74.95, 75.175, 75.4, 75.625, 75.775, 75.925]
Safety Constraints:
[[54, 86], [54, 86], [54, 86], [54, 86], [54, 86], [54, 86], [54, 86], [54, 86], [54, 86], [54, 86], [54, 86], [54, 86], [54, 86], [54, 86], [54, 86], [54, 86], [54, 86]]
Prices:
[0.9, 0.9, 0.9, 0.9, 0.9, 0.9, 0.9, 0.9, 0.9, 0.9, 0.9, 0.9, 0.9, 0.9, 0.9, 0.9, 0.9, 0.9, 0.9, 0.9, 0.9, 0.9, 0.9, 0.9, 0.9, 0.9, 0.9, 0.9, 0.9, 0.9, 0.9, 0.9, 0.9, 0.9, 0.9, 0.9, 0.9, 0.9, 0.9, 0.9, 0.9, 0.9, 0.9, 0.9, 0.9, 0.9, 0.9, 0.9, 0.9, 0.9, 0.24, 0.24, 0.24, 0.24, 0.24, 0.24, 0.24]
Occ Predictions:
[1, 1, 1, 1, 1, 1, 1, 1, 1, 1, 1, 1, 1, 1, 1, 1, 1]
Setpoints:
[[68, 74], [68, 74], [68, 74], [68, 74], [68, 74], [68, 74], [62, 85], [62, 85], [62, 85], [62, 85], [62, 85], [62, 85], [62, 85], [62, 85], [62, 85], [62, 85], [62, 85]]
Time needed to calculate the shortest path:
280.444421053


2018-07-10 22:54:43
MPC Actions: ['0', '0', '0', '0', '0', '0', '0', '0', '0', '0', '0', '0', '0', '0', '0', '0']
Temperatures following the MPC path:
[72.9, 73.175, 73.45, 73.72500000000001, 74.0, 74.275, 74.525, 74.775, 75.025, 75.275, 75.47500000000001, 75.675, 75.875, 76.075, 76.2, 76.325, 76.45]
Safety Constraints:
[[54, 86], [54, 86], [54, 86], [54, 86], [54, 86], [54, 86], [54, 86], [54, 86], [54, 86], [54, 86], [54, 86], [54, 86], [54, 86], [54, 86], [54, 86], [54, 86], [54, 86]]
Prices:
[0.9, 0.9, 0.9, 0.9, 0.9, 0.9, 0.9, 0.9, 0.9, 0.9, 0.9, 0.9, 0.9, 0.9, 0.9, 0.9, 0.9, 0.9, 0.9, 0.9, 0.9, 0.9, 0.9, 0.9, 0.9, 0.9, 0.9, 0.9, 0.9, 0.9, 0.9, 0.9, 0.9, 0.9, 0.9, 0.9, 0.9, 0.9, 0.9, 0.9, 0.9, 0.9, 0.9, 0.9, 0.9, 0.24, 0.24, 0.24, 0.24, 0.24, 0.24, 0.24, 0.24]
Occ Predictions:
[1, 1, 1, 1, 1, 1, 1, 1, 1, 1, 1, 1, 1, 1, 1, 1, 1]
Setpoints:
[[68, 74], [68, 74], [68, 74], [68, 74], [68, 74], [62, 85], [62, 85], [62, 85], [62, 85], [62, 85], [62, 85], [62, 85], [62, 85], [62, 85], [62, 85], [62, 85], [62, 85]]
Time needed to calculate the shortest path:
249.004079819


2018-07-10 23:09:43
MPC Actions: ['2', '0', '0', '0', '0', '0', '0', '0', '0', '0', '0', '0', '0', '0', '0', '0']
Temperatures following the MPC path:
[75.1, 72.8, 73.075, 73.35000000000001, 73.625, 73.875, 74.125, 74.375, 74.625, 74.825, 75.025, 75.22500000000001, 75.425, 75.55, 75.675, 75.8, 75.925]
Safety Constraints:
[[54, 86], [54, 86], [54, 86], [54, 86], [54, 86], [54, 86], [54, 86], [54, 86], [54, 86], [54, 86], [54, 86], [54, 86], [54, 86], [54, 86], [54, 86], [54, 86], [54, 86]]
Prices:
[0.9, 0.9, 0.9, 0.9, 0.9, 0.9, 0.9, 0.9, 0.9, 0.9, 0.9, 0.9, 0.9, 0.9, 0.9, 0.9, 0.9, 0.9, 0.9, 0.9, 0.9, 0.9, 0.9, 0.9, 0.9, 0.9, 0.9, 0.9, 0.9, 0.9, 0.9, 0.9, 0.9, 0.9, 0.9, 0.9, 0.9, 0.9, 0.9, 0.9, 0.24, 0.24, 0.24, 0.24, 0.24, 0.24, 0.24, 0.24, 0.24]
Occ Predictions:
[1, 1, 1, 1, 1, 1, 1, 1, 1, 1, 1, 1, 1, 1, 1, 1, 1]
Setpoints:
[[68, 74], [68, 74], [68, 74], [68, 74], [62, 85], [62, 85], [62, 85], [62, 85], [62, 85], [62, 85], [62, 85], [62, 85], [62, 85], [62, 85], [62, 85], [62, 85], [62, 85]]
Time needed to calculate the shortest path:
210.401927948


2018-07-10 23:24:43
MPC Actions: ['1', '0', '0', '0', '0', '0', '0', '0', '0', '0', '0', '0', '0', '0', '0', '0']
Temperatures following the MPC path:
[73.6, 73.625, 73.9, 74.175, 74.425, 74.675, 74.925, 75.175, 75.4, 75.60000000000001, 75.8, 76.0, 76.125, 76.25, 76.375, 76.5, 76.575]
Safety Constraints:
[[54, 86], [54, 86], [54, 86], [54, 86], [54, 86], [54, 86], [54, 86], [54, 86], [54, 86], [54, 86], [54, 86], [54, 86], [54, 86], [54, 86], [54, 86], [54, 86], [54, 86]]
Prices:
[0.9, 0.9, 0.9, 0.9, 0.9, 0.9, 0.9, 0.9, 0.9, 0.9, 0.9, 0.9, 0.9, 0.9, 0.9, 0.9, 0.9, 0.9, 0.9, 0.9, 0.9, 0.9, 0.9, 0.9, 0.9, 0.9, 0.9, 0.9, 0.9, 0.9, 0.9, 0.9, 0.9, 0.9, 0.9, 0.24, 0.24, 0.24, 0.24, 0.24, 0.24, 0.24, 0.24, 0.24, 0.24]
Occ Predictions:
[1, 1, 1, 1, 1, 1, 1, 1, 1, 1, 1, 1, 1, 1, 1, 1, 1]
Setpoints:
[[68, 74], [68, 74], [68, 74], [62, 85], [62, 85], [62, 85], [62, 85], [62, 85], [62, 85], [62, 85], [62, 85], [62, 85], [62, 85], [62, 85], [62, 85], [62, 85], [62, 85]]
Time needed to calculate the shortest path:
158.85394311
THERMOSTAT CHANGED MANUALY AT : 2018-07-10 23:39:43 UTC