

2018-07-10 11:19:19
MPC Actions: ['0', '0', '0', '0', '0', '0', '0', '0', '0', '0', '0', '0', '0', '0', '0', '0']
Temperatures following the MPC path:
[73.9, 73.85000000000001, 73.85000000000001, 73.85000000000001, 73.8, 73.75, 73.7, 73.65, 73.60000000000001, 73.55, 73.5, 73.45, 73.45, 73.45, 73.45, 73.45, 73.45]
Safety Constraints:
[[54, 86], [54, 86], [54, 86], [54, 86], [54, 86], [54, 86], [54, 86], [54, 86], [54, 86], [54, 86], [54, 86], [54, 86], [54, 86], [54, 86], [54, 86], [54, 86], [54, 86]]
Prices:
[0.21, 0.21, 0.21, 0.21, 0.21, 0.21, 0.21, 0.21, 0.21, 0.21, 0.21, 0.21, 0.21, 0.21, 0.21, 0.21, 0.21]
Occ Predictions:
[0, 0, 0, 0, 0, 0, 0, 0, 0, 0, 0, 0, 0, 0, 0, 0, 0]
Setpoints:
[[54, 86], [54, 86], [54, 86], [54, 86], [54, 86], [54, 86], [54, 86], [54, 86], [54, 86], [54, 86], [54, 86], [54, 86], [54, 86], [54, 86], [54, 86], [54, 86], [54, 86]]
Time needed to calculate the shortest path:
80.6711411476


2018-07-10 11:34:19
MPC Actions: ['0', '0', '0', '0', '0', '0', '0', '0', '0', '0', '0', '0', '0', '0', '0', '0']
Temperatures following the MPC path:
[73.7, 73.7, 73.7, 73.65, 73.60000000000001, 73.55, 73.5, 73.5, 73.5, 73.5, 73.5, 73.5, 73.5, 73.5, 73.5, 73.5, 73.5]
Safety Constraints:
[[54, 86], [54, 86], [54, 86], [54, 86], [54, 86], [54, 86], [54, 86], [54, 86], [54, 86], [54, 86], [54, 86], [54, 86], [54, 86], [54, 86], [54, 86], [54, 86], [54, 86]]
Prices:
[0.21, 0.21, 0.21, 0.21, 0.21, 0.21, 0.21, 0.21, 0.21, 0.21, 0.21, 0.21, 0.21, 0.21, 0.21, 0.21, 0.24]
Occ Predictions:
[0, 0, 0, 0, 0, 0, 0, 0, 0, 0, 0, 0, 0, 0, 0, 0, 1]
Setpoints:
[[54, 86], [54, 86], [54, 86], [54, 86], [54, 86], [54, 86], [54, 86], [54, 86], [54, 86], [54, 86], [54, 86], [54, 86], [54, 86], [54, 86], [54, 86], [54, 86], [66, 69]]
Time needed to calculate the shortest path:
87.9672789574


2018-07-10 11:49:19
MPC Actions: ['2', '2', '2', '2', '2', '2', '2', '2', '2', '2', '2', '2', '2', '2', '2', '2']
Temperatures following the MPC path:
[73.7, 73.45, 73.2, 72.95, 72.7, 72.45, 72.2, 71.95, 71.7, 71.5, 71.3, 71.10000000000001, 70.9, 70.7, 70.55, 70.4, 70.25]
Safety Constraints:
[[54, 86], [54, 86], [54, 86], [54, 86], [54, 86], [54, 86], [54, 86], [54, 86], [54, 86], [54, 86], [54, 86], [54, 86], [54, 86], [54, 86], [54, 86], [54, 86], [54, 86]]
Prices:
[0.21, 0.21, 0.21, 0.21, 0.21, 0.21, 0.21, 0.21, 0.21, 0.21, 0.21, 0.21, 0.21, 0.21, 0.21, 0.24, 0.24]
Occ Predictions:
[0, 0, 0, 0, 0, 0, 0, 0, 0, 0, 0, 0, 0, 0, 0, 1, 1]
Setpoints:
[[54, 86], [54, 86], [54, 86], [54, 86], [54, 86], [54, 86], [54, 86], [54, 86], [54, 86], [54, 86], [54, 86], [54, 86], [54, 86], [54, 86], [54, 86], [66, 69], [66, 69]]
Time needed to calculate the shortest path:
93.0265579224
THERMOSTAT CHANGED MANUALY AT : 2018-07-10 12:04:18 UTC

2018-07-10 20:46:58
MPC Actions: ['2', '2', '2', '2', '2', '2', '2', '2', '2', '2', '2', '2', '0', '0', '0', '0']
Temperatures following the MPC path:
[71.0, 70.95, 70.9, 70.85000000000001, 70.8, 70.775, 70.75, 70.72500000000001, 70.7, 70.675, 70.65, 70.625, 70.60000000000001, 70.775, 70.925, 71.075, 71.22500000000001]
Safety Constraints:
[[54, 86], [54, 86], [54, 86], [54, 86], [54, 86], [54, 86], [54, 86], [54, 86], [54, 86], [54, 86], [54, 86], [54, 86], [54, 86], [54, 86], [54, 86], [54, 86], [54, 86]]
Prices:
[0.26, 0.9, 0.9, 0.9, 0.9, 0.9, 0.9, 0.9, 0.9, 0.9, 0.9, 0.9, 0.9, 0.9, 0.9, 0.9, 0.9, 0.9, 0.9, 0.9, 0.9, 0.9, 0.9, 0.9, 0.9, 0.9, 0.9, 0.9, 0.9, 0.9, 0.9, 0.9, 0.9, 0.9, 0.9, 0.9, 0.9, 0.9, 0.9, 0.9, 0.9, 0.9, 0.9, 0.9, 0.9, 0.9, 0.9, 0.9, 0.9, 0.9, 0.9, 0.9, 0.9, 0.9, 0.9, 0.9, 0.9, 0.9, 0.9, 0.9, 0.9, 0.9, 0.9, 0.9, 0.9, 0.9, 0.9, 0.9, 0.9, 0.9, 0.9, 0.9, 0.9, 0.9, 0.9, 0.9, 0.9, 0.9, 0.9, 0.9, 0.9]
Occ Predictions:
[1, 1, 1, 1, 1, 1, 1, 1, 1, 1, 1, 1, 1, 1, 1, 1, 1]
Setpoints:
[[66, 69], [66, 69], [66, 69], [66, 69], [66, 69], [66, 69], [66, 69], [66, 69], [66, 69], [66, 69], [66, 69], [66, 69], [66, 69], [62, 85], [62, 85], [62, 85], [62, 85]]
Time needed to calculate the shortest path:
133.90961504
THERMOSTAT CHANGED MANUALY AT : 2018-07-10 21:01:58 UTC

2018-07-10 22:04:09
MPC Actions: ['2', '2', '2', '2', '2', '2', '2', '0', '0', '0', '0', '0', '0', '0', '0', '0']
Temperatures following the MPC path:
[69.8, 69.775, 69.75, 69.72500000000001, 69.7, 69.675, 69.64999999999999, 69.62499999999999, 69.8, 69.95, 70.10000000000001, 70.25, 70.4, 70.55, 70.7, 70.825, 70.95]
Safety Constraints:
[[54, 86], [54, 86], [54, 86], [54, 86], [54, 86], [54, 86], [54, 86], [54, 86], [54, 86], [54, 86], [54, 86], [54, 86], [54, 86], [54, 86], [54, 86], [54, 86], [54, 86]]
Prices:
[0.9, 0.9, 0.9, 0.9, 0.9, 0.9, 0.9, 0.9, 0.9, 0.9, 0.9, 0.9, 0.9, 0.9, 0.9, 0.9, 0.9, 0.9, 0.9, 0.9, 0.9, 0.9, 0.9, 0.9, 0.9, 0.9, 0.9, 0.9, 0.9, 0.9, 0.9, 0.9, 0.9, 0.9, 0.9, 0.9, 0.9, 0.9, 0.9, 0.9, 0.9, 0.9, 0.9, 0.9, 0.9, 0.9, 0.9, 0.9, 0.9, 0.9, 0.9, 0.9, 0.9, 0.9, 0.9, 0.9, 0.9, 0.9, 0.9, 0.9, 0.24, 0.24, 0.24, 0.24, 0.24]
Occ Predictions:
[1, 1, 1, 1, 1, 1, 1, 1, 1, 1, 1, 1, 1, 1, 1, 1, 1]
Setpoints:
[[66, 69], [66, 69], [66, 69], [66, 69], [66, 69], [66, 69], [66, 69], [66, 69], [62, 85], [62, 85], [62, 85], [62, 85], [62, 85], [62, 85], [62, 85], [62, 85], [62, 85]]
Time needed to calculate the shortest path:
148.35743618
THERMOSTAT CHANGED MANUALY AT : 2018-07-10 22:19:08 UTC

2018-07-10 22:24:43
MPC Actions: ['2', '2', '2', '2', '2', '2', '0', '0', '0', '0', '0', '0', '0', '0', '0', '0']
Temperatures following the MPC path:
[69.5, 69.475, 69.44999999999999, 69.42499999999998, 69.39999999999998, 69.37499999999997, 69.34999999999997, 69.525, 69.7, 69.875, 70.05, 70.22500000000001, 70.375, 70.525, 70.675, 70.825, 70.95]
Safety Constraints:
[[54, 86], [54, 86], [54, 86], [54, 86], [54, 86], [54, 86], [54, 86], [54, 86], [54, 86], [54, 86], [54, 86], [54, 86], [54, 86], [54, 86], [54, 86], [54, 86], [54, 86]]
Prices:
[0.9, 0.9, 0.9, 0.9, 0.9, 0.9, 0.9, 0.9, 0.9, 0.9, 0.9, 0.9, 0.9, 0.9, 0.9, 0.9, 0.9, 0.9, 0.9, 0.9, 0.9, 0.9, 0.9, 0.9, 0.9, 0.9, 0.9, 0.9, 0.9, 0.9, 0.9, 0.9, 0.9, 0.9, 0.9, 0.9, 0.9, 0.9, 0.9, 0.9, 0.9, 0.9, 0.9, 0.9, 0.9, 0.9, 0.9, 0.9, 0.9, 0.9, 0.9, 0.9, 0.9, 0.9, 0.9, 0.24, 0.24, 0.24, 0.24, 0.24, 0.24]
Occ Predictions:
[1, 1, 1, 1, 1, 1, 1, 1, 1, 1, 1, 1, 1, 1, 1, 1, 1]
Setpoints:
[[66, 69], [66, 69], [66, 69], [66, 69], [66, 69], [66, 69], [66, 69], [62, 85], [62, 85], [62, 85], [62, 85], [62, 85], [62, 85], [62, 85], [62, 85], [62, 85], [62, 85]]
Time needed to calculate the shortest path:
173.714339972
THERMOSTAT CHANGED MANUALY AT : 2018-07-10 22:39:43 UTC