2018-07-17 15:11:30 UTC , System On

2018-07-17 15:11:30 UTC , MPC started , lambda=0.950000

2018-07-17 15:11:30 UTC , MPC updated , lambda=0.700000

2018-07-17 15:11:30 UTC , Expansion started , Expansion=10.000000

2018-07-17 15:11:30 UTC , System Off , Manual Setpoint Change

2018-07-17 15:11:30 UTC , System On

2018-07-17 15:11:30 UTC , Expansion started , Expansion=10.000000

2018-07-17 15:11:30 UTC , System Off , System did not shut off properly

2018-07-17 15:12:00 UTC , System On

2018-07-17 15:12:00 UTC , MPC started , lambda=0.700000

2018-07-17 15:12:00 UTC , System Off , System did not shut off properly

2018-07-26 16:01:58 UTC , System On

2018-07-26 16:01:58 UTC , MPC started , lambda=0.995000

2018-07-26 16:16:43 UTC , System Off , System did not shut off properly

2018-07-26 21:38:48 UTC , System On

2018-07-26 21:38:48 UTC , MPC started , lambda=0.995000

2018-07-26 22:14:15 UTC , System Off , System did not shut off properly

2018-07-27 08:33:06 UTC , System On

2018-07-27 08:33:06 UTC , MPC started , lambda=0.995000

2018-04-03 00:30:00 UTC , System Off , System did not shut off properly

2018-07-27 15:22:50 UTC , System On

2018-07-27 15:22:50 UTC , MPC started , lambda=0.995000

2018-07-27 15:22:50 UTC , System Off , System did not shut off properly

2018-07-27 15:40:16 UTC , System On

2018-07-27 15:40:16 UTC , MPC started , lambda=0.995000

2018-07-27 15:40:16 UTC , System Off , System did not shut off properly

2018-07-27 15:55:16 UTC , System On

2018-07-27 15:55:16 UTC , MPC started , lambda=0.995000

2018-07-27 15:55:16 UTC , System Off , System did not shut off properly

2018-07-27 16:10:16 UTC , System On

2018-07-27 16:10:16 UTC , MPC started , lambda=0.995000

2018-07-27 15:41:20 UTC , System Off , System did not shut off properly

2018-07-27 15:56:20 UTC , System On

2018-07-27 15:56:20 UTC , MPC started , lambda=0.995000

2018-07-27 15:56:20 UTC , System Off , System did not shut off properly

2018-07-27 16:11:20 UTC , System On

2018-07-27 16:11:20 UTC , MPC started , lambda=0.995000

2018-07-27 16:11:20 UTC , System Off , System did not shut off properly

2018-07-27 16:26:20 UTC , System On

2018-07-27 16:26:20 UTC , MPC started , lambda=0.995000

2018-07-27 16:26:20 UTC , System Off , System did not shut off properly

2018-07-27 16:41:20 UTC , System On

2018-07-27 16:41:20 UTC , MPC started , lambda=0.995000

2018-07-27 16:41:20 UTC , System Off , System did not shut off properly

2018-07-27 20:56:24 UTC , System On

2018-07-27 20:56:24 UTC , MPC started , lambda=0.995000

2018-07-27 20:56:24 UTC , System Off , System did not shut off properly

2018-07-27 21:11:24 UTC , System On

2018-07-27 21:11:24 UTC , MPC started , lambda=0.995000

2018-07-27 21:11:24 UTC , System Off , System did not shut off properly

2018-07-27 21:26:24 UTC , System On

2018-07-27 21:26:24 UTC , MPC started , lambda=0.995000

2018-07-27 21:26:24 UTC , System Off , System did not shut off properly

2018-07-27 21:41:24 UTC , System On

2018-07-27 21:41:24 UTC , MPC started , lambda=0.995000

2018-07-27 21:41:24 UTC , System Off , System did not shut off properly

2018-07-27 21:56:24 UTC , System On

2018-07-27 21:56:24 UTC , MPC started , lambda=0.995000

2018-07-27 21:14:09 UTC , System Off , System did not shut off properly

2018-07-27 21:29:09 UTC , System On

2018-07-27 21:29:09 UTC , MPC started , lambda=0.995000

2018-07-27 21:29:09 UTC , System Off , System did not shut off properly

2018-07-27 21:44:09 UTC , System On

2018-07-27 21:44:09 UTC , MPC started , lambda=0.995000

2018-07-27 21:44:09 UTC , System Off , System did not shut off properly

2018-07-27 21:59:09 UTC , System On

2018-07-27 21:59:09 UTC , MPC started , lambda=0.995000

2018-07-27 21:59:09 UTC , System Off , System did not shut off properly

2018-07-27 22:14:09 UTC , System On

2018-07-27 22:14:09 UTC , MPC started , lambda=0.995000

2018-07-27 21:15:54 UTC , System Off , System did not shut off properly

2018-07-27 21:30:54 UTC , System On

2018-07-27 21:30:54 UTC , MPC started , lambda=0.995000

2018-07-27 21:30:54 UTC , System Off , System did not shut off properly

2018-07-27 21:45:54 UTC , System On

2018-07-27 21:45:54 UTC , MPC started , lambda=0.995000

2018-07-27 21:45:54 UTC , System Off , System did not shut off properly

2018-07-27 22:00:54 UTC , System On

2018-07-27 22:00:54 UTC , MPC started , lambda=0.995000

2018-07-27 22:00:54 UTC , System Off , System did not shut off properly

2018-07-27 22:15:54 UTC , System On

2018-07-27 22:15:54 UTC , MPC started , lambda=0.995000

2018-07-27 22:15:54 UTC , System Off , System did not shut off properly

2018-08-08 16:01:38 UTC , System On

2018-08-08 16:01:38 UTC , MPC started , lambda=0.995000

2018-08-08 16:01:38 UTC , System Off , System did not shut off properly

2018-08-08 16:16:38 UTC , System On

2018-08-08 16:16:38 UTC , MPC started , lambda=0.995000

2018-08-08 16:16:38 UTC , System Off , System did not shut off properly

2018-08-08 16:31:38 UTC , System On

2018-08-08 16:31:38 UTC , MPC started , lambda=0.995000

2018-08-08 16:31:38 UTC , System Off , System did not shut off properly

2018-08-08 16:46:38 UTC , System On

2018-08-08 16:46:38 UTC , MPC started , lambda=0.995000

2018-08-08 16:46:38 UTC , System Off , System did not shut off properly

2018-08-08 17:01:38 UTC , System On

2018-08-08 17:01:38 UTC , MPC started , lambda=0.995000

2018-08-08 16:37:18 UTC , System Off , System did not shut off properly

2018-08-09 13:45:34 UTC , System On

2018-08-09 13:45:34 UTC , MPC started , lambda=0.995000

2018-08-09 14:27:13 UTC , System Off , System did not shut off properly

2018-08-09 14:42:13 UTC , System On

2018-08-09 14:42:13 UTC , MPC started , lambda=0.995000

2018-08-09 14:42:13 UTC , System Off , System did not shut off properly

2018-08-09 14:57:13 UTC , System On

2018-08-09 14:57:13 UTC , MPC started , lambda=0.995000

2018-08-09 14:57:13 UTC , System Off , System did not shut off properly

2018-08-09 15:12:13 UTC , System On

2018-08-09 15:12:13 UTC , MPC started , lambda=0.995000

2018-08-09 15:12:13 UTC , System Off , System did not shut off properly

2018-08-09 15:27:13 UTC , System On

2018-08-09 15:27:13 UTC , MPC started , lambda=0.995000

2018-08-09 15:27:13 UTC , System Off , System did not shut off properly

2018-08-20 19:55:23 UTC , System On

2018-08-20 19:55:23 UTC , MPC started , lambda=0.995000

2018-08-20 19:55:23 UTC , System Off , System did not shut off properly

2018-08-20 22:42:00 UTC , System On

2018-08-20 22:42:00 UTC , MPC started , lambda=0.995000

2018-08-20 22:54:05 UTC , System Off , System did not shut off properly

2018-08-20 23:09:05 UTC , System On

2018-08-20 23:09:05 UTC , MPC started , lambda=0.995000

2018-08-20 23:09:05 UTC , System Off , System did not shut off properly

2018-08-20 23:24:05 UTC , System On

2018-08-20 23:24:05 UTC , MPC started , lambda=0.995000

2018-08-20 23:24:05 UTC , System Off , System did not shut off properly

2018-08-20 23:39:05 UTC , System On

2018-08-20 23:39:05 UTC , MPC started , lambda=0.995000

2018-08-20 23:39:05 UTC , System Off , System did not shut off properly

2018-08-20 23:54:05 UTC , System On

2018-08-20 23:54:05 UTC , MPC started , lambda=0.995000

2018-08-20 22:54:57 UTC , System Off , System did not shut off properly

2018-08-20 23:09:57 UTC , System On

2018-08-20 23:09:57 UTC , MPC started , lambda=0.995000

2018-08-20 23:09:57 UTC , System Off , System did not shut off properly

2018-08-20 23:24:57 UTC , System On

2018-08-20 23:24:57 UTC , MPC started , lambda=0.995000

2018-08-20 23:24:57 UTC , System Off , System did not shut off properly

2018-08-20 23:39:57 UTC , System On

2018-08-20 23:39:57 UTC , MPC started , lambda=0.995000

2018-08-20 23:39:57 UTC , System Off , System did not shut off properly

2018-08-20 23:54:57 UTC , System On

2018-08-20 23:54:57 UTC , MPC started , lambda=0.995000

2018-08-20 23:54:57 UTC , System Off , System did not shut off properly

2018-08-21 00:09:57 UTC , System On

2018-08-21 00:09:57 UTC , MPC started , lambda=0.995000

2018-08-21 00:09:57 UTC , System Off , System did not shut off properly

2018-08-21 00:24:57 UTC , System On

2018-08-21 00:24:57 UTC , MPC started , lambda=0.995000

2018-08-21 00:24:57 UTC , System Off , System did not shut off properly

2018-08-21 00:39:57 UTC , System On

2018-08-21 00:39:57 UTC , MPC started , lambda=0.995000

2018-08-21 00:39:57 UTC , System Off , System did not shut off properly

2018-08-21 00:54:57 UTC , System On

2018-08-21 00:54:57 UTC , MPC started , lambda=0.995000

2018-08-21 00:54:57 UTC , System Off , System did not shut off properly

2018-08-21 01:09:57 UTC , System On

2018-08-21 01:09:57 UTC , MPC started , lambda=0.995000

2018-08-21 01:09:57 UTC , System Off , System did not shut off properly

2018-08-21 01:24:57 UTC , System On

2018-08-21 01:24:57 UTC , MPC started , lambda=0.995000

2018-08-21 01:24:57 UTC , System Off , System did not shut off properly

2018-08-21 01:39:57 UTC , System On

2018-08-21 01:39:57 UTC , MPC started , lambda=0.995000

2018-08-21 01:39:57 UTC , System Off , System did not shut off properly

2018-08-21 01:54:57 UTC , System On

2018-08-21 01:54:57 UTC , MPC started , lambda=0.995000

2018-08-21 01:54:57 UTC , System Off , System did not shut off properly

2018-08-21 02:09:57 UTC , System On

2018-08-21 02:09:57 UTC , MPC started , lambda=0.995000

2018-08-21 02:09:57 UTC , System Off , System did not shut off properly

2018-08-21 02:24:57 UTC , System On

2018-08-21 02:24:57 UTC , MPC started , lambda=0.995000

2018-08-21 02:24:57 UTC , System Off , System did not shut off properly

2018-08-21 02:39:57 UTC , System On

2018-08-21 02:39:57 UTC , MPC started , lambda=0.995000

2018-08-21 02:39:57 UTC , System Off , System did not shut off properly

2018-08-21 02:54:57 UTC , System On

2018-08-21 02:54:57 UTC , MPC started , lambda=0.995000

2018-08-18 14:00:00 UTC , System Off , System did not shut off properly

2018-08-21 01:37:38 UTC , System On

2018-08-21 01:37:38 UTC , MPC started , lambda=0.995000

2018-08-21 01:37:38 UTC , System Off , System did not shut off properly

2018-08-21 04:49:26 UTC , System On

2018-08-21 04:49:26 UTC , MPC started , lambda=0.995000

2018-08-18 14:00:00 UTC , System Off , System did not shut off properly

2018-08-21 17:00:00 UTC , System On

2018-08-21 17:00:00 UTC , MPC started , lambda=0.995000

2018-08-21 21:00:00 UTC , Placeholder

