

2018-07-10 22:02:05
MPC Actions: ['2', '2', '2', '2', '2', '2', '2', '2', '2', '2', '2', '0', '0', '0', '0', '0']
Temperatures following the MPC path:
[75.3, 75.4, 75.5, 75.60000000000001, 75.7, 75.8, 75.9, 76.0, 76.10000000000001, 76.175, 76.25, 76.325, 76.675, 77.0, 77.325, 77.65, 77.97500000000001]
Safety Constraints:
[[54.0, 86.0], [54.0, 86.0], [54.0, 86.0], [54.0, 86.0], [54.0, 86.0], [54.0, 86.0], [54.0, 86.0], [54.0, 86.0], [54.0, 86.0], [54.0, 86.0], [54.0, 86.0], [54.0, 86.0], [54.0, 86.0], [54.0, 86.0], [54.0, 86.0], [54.0, 86.0], [54.0, 86.0]]
Prices:
[0.858, 0.858, 0.858, 0.858, 0.858, 0.858, 0.858, 0.858, 0.858, 0.858, 0.858, 0.858, 0.858, 0.858, 0.858, 0.858, 0.858, 0.858, 0.858, 0.858, 0.858, 0.858, 0.858, 0.858, 0.858, 0.858, 0.858, 0.858, 0.858, 0.858, 0.858, 0.858, 0.858, 0.858, 0.858, 0.858, 0.858, 0.858, 0.858, 0.858, 0.858, 0.858, 0.858, 0.858, 0.858, 0.858, 0.858, 0.858, 0.858, 0.858, 0.858, 0.858, 0.858, 0.858, 0.858, 0.858, 0.858, 0.858, 0.858, 0.858, 0.24, 0.24, 0.24, 0.24, 0.24]
Occ Predictions:
[1, 1, 1, 1, 1, 1, 1, 1, 1, 1, 1, 1, 0, 0, 0, 0, 0]
Setpoints:
[[71.0, 74.0], [71.0, 74.0], [71.0, 74.0], [71.0, 74.0], [71.0, 74.0], [71.0, 74.0], [71.0, 74.0], [71.0, 74.0], [71.0, 74.0], [71.0, 74.0], [71.0, 74.0], [71.0, 74.0], [54.0, 86.0], [54.0, 86.0], [54.0, 86.0], [54.0, 86.0], [54.0, 86.0]]
Time needed to calculate the shortest path:
25.7032141685


2018-07-10 22:05:54
MPC Actions: ['2', '2', '2', '2', '2', '2', '2', '2', '2', '2', '2', '0', '0', '0', '0', '0']
Temperatures following the MPC path:
[75.4, 75.375, 75.35, 75.32499999999999, 75.29999999999998, 75.27499999999998, 75.24999999999997, 75.22499999999997, 75.19999999999996, 75.17499999999995, 75.14999999999995, 75.12499999999994, 75.5, 75.85000000000001, 76.2, 76.55, 76.9]
Safety Constraints:
[[54.0, 86.0], [54.0, 86.0], [54.0, 86.0], [54.0, 86.0], [54.0, 86.0], [54.0, 86.0], [54.0, 86.0], [54.0, 86.0], [54.0, 86.0], [54.0, 86.0], [54.0, 86.0], [54.0, 86.0], [54.0, 86.0], [54.0, 86.0], [54.0, 86.0], [54.0, 86.0], [54.0, 86.0]]
Prices:
[0.858, 0.858, 0.858, 0.858, 0.858, 0.858, 0.858, 0.858, 0.858, 0.858, 0.858, 0.858, 0.858, 0.858, 0.858, 0.858, 0.858, 0.858, 0.858, 0.858, 0.858, 0.858, 0.858, 0.858, 0.858, 0.858, 0.858, 0.858, 0.858, 0.858, 0.858, 0.858, 0.858, 0.858, 0.858, 0.858, 0.858, 0.858, 0.858, 0.858, 0.858, 0.858, 0.858, 0.858, 0.858, 0.858, 0.858, 0.858, 0.858, 0.858, 0.858, 0.858, 0.858, 0.858, 0.858, 0.858, 0.858, 0.858, 0.858, 0.858, 0.24, 0.24, 0.24, 0.24, 0.24]
Occ Predictions:
[1, 1, 1, 1, 1, 1, 1, 1, 1, 1, 1, 1, 0, 0, 0, 0, 0]
Setpoints:
[[71.0, 74.0], [71.0, 74.0], [71.0, 74.0], [71.0, 74.0], [71.0, 74.0], [71.0, 74.0], [71.0, 74.0], [71.0, 74.0], [71.0, 74.0], [71.0, 74.0], [71.0, 74.0], [71.0, 74.0], [54.0, 86.0], [54.0, 86.0], [54.0, 86.0], [54.0, 86.0], [54.0, 86.0]]
Time needed to calculate the shortest path:
58.5184869766
THERMOSTAT CHANGED MANUALY AT : 2018-07-10 22:20:54 UTC