

2018-07-10 15:08:21
MPC Actions: ['1', '0', '0', '0', '0', '0', '0', '0', '0', '0', '0', '0', '0', '0', '0', '0']
Temperatures following the MPC path:
[71.9, 72.05, 72.05, 72.05, 72.05, 72.10000000000001, 72.15, 72.2, 72.25, 72.3, 72.35000000000001, 72.4, 72.45, 72.55, 72.65, 72.75, 72.85000000000001]
Safety Constraints:
[[54, 86], [54, 86], [54, 86], [54, 86], [54, 86], [54, 86], [54, 86], [54, 86], [54, 86], [54, 86], [54, 86], [54, 86], [54, 86], [54, 86], [54, 86], [54, 86], [54, 86]]
Prices:
[0.21197, 0.21197, 0.23933, 0.23933, 0.23933, 0.23933, 0.23933, 0.23933, 0.23933, 0.23933, 0.23933, 0.23933, 0.23933, 0.23933, 0.23933, 0.23933, 0.26298]
Occ Predictions:
[1, 1, 1, 1, 1, 1, 1, 1, 1, 1, 1, 1, 1, 1, 1, 1, 1]
Setpoints:
[[72, 74], [72, 74], [72, 74], [72, 74], [72, 74], [72, 74], [72, 74], [72, 74], [72, 74], [72, 74], [72, 74], [72, 74], [72, 74], [72, 74], [72, 74], [72, 74], [72, 74]]
Time needed to calculate the shortest path:
22.6215410233


2018-07-10 15:23:21
MPC Actions: ['0', '0', '0', '0', '0', '0', '0', '0', '0', '0', '0', '0', '0', '0', '0', '0']
Temperatures following the MPC path:
[72.3, 72.3, 72.3, 72.3, 72.35000000000001, 72.4, 72.45, 72.5, 72.55, 72.60000000000001, 72.65, 72.7, 72.8, 72.9, 73.0, 73.10000000000001, 73.2]
Safety Constraints:
[[54, 86], [54, 86], [54, 86], [54, 86], [54, 86], [54, 86], [54, 86], [54, 86], [54, 86], [54, 86], [54, 86], [54, 86], [54, 86], [54, 86], [54, 86], [54, 86], [54, 86]]
Prices:
[0.21197, 0.23933, 0.23933, 0.23933, 0.23933, 0.23933, 0.23933, 0.23933, 0.23933, 0.23933, 0.23933, 0.23933, 0.23933, 0.23933, 0.23933, 0.26298, 0.26298]
Occ Predictions:
[1, 1, 1, 1, 1, 1, 1, 1, 1, 1, 1, 1, 1, 1, 1, 1, 1]
Setpoints:
[[72, 74], [72, 74], [72, 74], [72, 74], [72, 74], [72, 74], [72, 74], [72, 74], [72, 74], [72, 74], [72, 74], [72, 74], [72, 74], [72, 74], [72, 74], [72, 74], [72, 74]]
Time needed to calculate the shortest path:
21.6400442123


2018-07-10 15:38:21
MPC Actions: ['0', '0', '0', '0', '0', '0', '0', '0', '0', '0', '0', '0', '0', '0', '0', '0']
Temperatures following the MPC path:
[72.6, 72.60000000000001, 72.60000000000001, 72.65, 72.7, 72.75, 72.8, 72.85000000000001, 72.9, 72.95, 73.0, 73.10000000000001, 73.2, 73.3, 73.4, 73.5, 73.60000000000001]
Safety Constraints:
[[54, 86], [54, 86], [54, 86], [54, 86], [54, 86], [54, 86], [54, 86], [54, 86], [54, 86], [54, 86], [54, 86], [54, 86], [54, 86], [54, 86], [54, 86], [54, 86], [54, 86]]
Prices:
[0.23933, 0.23933, 0.23933, 0.23933, 0.23933, 0.23933, 0.23933, 0.23933, 0.23933, 0.23933, 0.23933, 0.23933, 0.23933, 0.23933, 0.26298, 0.26298, 0.26298]
Occ Predictions:
[1, 1, 1, 1, 1, 1, 1, 1, 1, 1, 1, 1, 1, 1, 1, 1, 1]
Setpoints:
[[72, 74], [72, 74], [72, 74], [72, 74], [72, 74], [72, 74], [72, 74], [72, 74], [72, 74], [72, 74], [72, 74], [72, 74], [72, 74], [72, 74], [72, 74], [72, 74], [72, 74]]
Time needed to calculate the shortest path:
20.302793026


2018-07-10 15:53:21
MPC Actions: ['2', '0', '0', '0', '0', '0', '0', '0', '0', '0', '0', '0', '0', '0', '0', '0']
Temperatures following the MPC path:
[73.0, 72.9, 72.95, 73.0, 73.05, 73.10000000000001, 73.15, 73.2, 73.25, 73.3, 73.4, 73.5, 73.60000000000001, 73.7, 73.8, 73.9, 74.0]
Safety Constraints:
[[54, 86], [54, 86], [54, 86], [54, 86], [54, 86], [54, 86], [54, 86], [54, 86], [54, 86], [54, 86], [54, 86], [54, 86], [54, 86], [54, 86], [54, 86], [54, 86], [54, 86]]
Prices:
[0.23933, 0.23933, 0.23933, 0.23933, 0.23933, 0.23933, 0.23933, 0.23933, 0.23933, 0.23933, 0.23933, 0.23933, 0.23933, 0.26298, 0.26298, 0.26298, 0.26298]
Occ Predictions:
[1, 1, 1, 1, 1, 1, 1, 1, 1, 1, 1, 1, 1, 1, 1, 1, 1]
Setpoints:
[[72, 74], [72, 74], [72, 74], [72, 74], [72, 74], [72, 74], [72, 74], [72, 74], [72, 74], [72, 74], [72, 74], [72, 74], [72, 74], [72, 74], [72, 74], [72, 74], [72, 74]]
Time needed to calculate the shortest path:
22.4771139622


2018-07-10 16:08:21
MPC Actions: ['0', '0', '0', '0', '0', '0', '0', '0', '0', '0', '0', '0', '0', '0', '0', '0']
Temperatures following the MPC path:
[72.8, 72.85000000000001, 72.9, 72.95, 73.0, 73.05, 73.10000000000001, 73.15, 73.2, 73.3, 73.4, 73.5, 73.60000000000001, 73.7, 73.8, 73.9, 74.0]
Safety Constraints:
[[54, 86], [54, 86], [54, 86], [54, 86], [54, 86], [54, 86], [54, 86], [54, 86], [54, 86], [54, 86], [54, 86], [54, 86], [54, 86], [54, 86], [54, 86], [54, 86], [54, 86]]
Prices:
[0.23933, 0.23933, 0.23933, 0.23933, 0.23933, 0.23933, 0.23933, 0.23933, 0.23933, 0.23933, 0.23933, 0.23933, 0.26298, 0.26298, 0.26298, 0.26298, 0.26298]
Occ Predictions:
[1, 1, 1, 1, 1, 1, 1, 1, 1, 1, 1, 1, 1, 1, 1, 1, 1]
Setpoints:
[[72, 74], [72, 74], [72, 74], [72, 74], [72, 74], [72, 74], [72, 74], [72, 74], [72, 74], [72, 74], [72, 74], [72, 74], [72, 74], [72, 74], [72, 74], [72, 74], [72, 74]]
Time needed to calculate the shortest path:
23.235833168


2018-07-10 16:23:21
MPC Actions: ['0', '0', '0', '0', '0', '0', '0', '0', '0', '0', '0', '0', '0', '0', '0', '0']
Temperatures following the MPC path:
[72.3, 72.35000000000001, 72.4, 72.45, 72.55, 72.65, 72.75, 72.8, 72.9, 73.0, 73.10000000000001, 73.2, 73.35000000000001, 73.5, 73.60000000000001, 73.7, 73.85000000000001]
Safety Constraints:
[[54, 86], [54, 86], [54, 86], [54, 86], [54, 86], [54, 86], [54, 86], [54, 86], [54, 86], [54, 86], [54, 86], [54, 86], [54, 86], [54, 86], [54, 86], [54, 86], [54, 86]]
Prices:
[0.23933, 0.23933, 0.23933, 0.23933, 0.23933, 0.23933, 0.23933, 0.23933, 0.23933, 0.23933, 0.23933, 0.26298, 0.26298, 0.26298, 0.26298, 0.26298, 0.26298]
Occ Predictions:
[1, 1, 1, 1, 1, 1, 1, 1, 1, 1, 1, 1, 1, 1, 1, 1, 1]
Setpoints:
[[72, 74], [72, 74], [72, 74], [72, 74], [72, 74], [72, 74], [72, 74], [72, 74], [72, 74], [72, 74], [72, 74], [72, 74], [72, 74], [72, 74], [72, 74], [72, 74], [72, 74]]
Time needed to calculate the shortest path:
20.6640119553


2018-07-10 16:38:21
MPC Actions: ['0', '0', '0', '0', '0', '0', '0', '0', '0', '0', '0', '0', '0', '0', '0', '0']
Temperatures following the MPC path:
[72.6, 72.65, 72.7, 72.75, 72.8, 72.85000000000001, 72.9, 73.0, 73.10000000000001, 73.2, 73.3, 73.4, 73.5, 73.60000000000001, 73.7, 73.85000000000001, 74.0]
Safety Constraints:
[[54, 86], [54, 86], [54, 86], [54, 86], [54, 86], [54, 86], [54, 86], [54, 86], [54, 86], [54, 86], [54, 86], [54, 86], [54, 86], [54, 86], [54, 86], [54, 86], [54, 86]]
Prices:
[0.23933, 0.23933, 0.23933, 0.23933, 0.23933, 0.23933, 0.23933, 0.23933, 0.23933, 0.23933, 0.26298, 0.26298, 0.26298, 0.26298, 0.26298, 0.26298, 0.26298]
Occ Predictions:
[1, 1, 1, 1, 1, 1, 1, 1, 1, 1, 1, 1, 1, 1, 1, 1, 1]
Setpoints:
[[72, 74], [72, 74], [72, 74], [72, 74], [72, 74], [72, 74], [72, 74], [72, 74], [72, 74], [72, 74], [72, 74], [72, 74], [72, 74], [72, 74], [72, 74], [72, 74], [72, 74]]
Time needed to calculate the shortest path:
23.2363870144


2018-07-10 16:53:21
MPC Actions: ['0', '0', '0', '0', '0', '2', '2', '2', '2', '0', '0', '0', '0', '2', '2', '0']
Temperatures following the MPC path:
[73.0, 73.05, 73.10000000000001, 73.15, 73.2, 73.25, 73.25, 73.25, 73.25, 73.25, 73.4, 73.55, 73.7, 73.8, 73.85000000000001, 73.9, 74.05]
Safety Constraints:
[[54, 86], [54, 86], [54, 86], [54, 86], [54, 86], [54, 86], [54, 86], [54, 86], [54, 86], [54, 86], [54, 86], [54, 86], [54, 86], [54, 86], [54, 86], [54, 86], [54, 86]]
Prices:
[0.23933, 0.23933, 0.23933, 0.23933, 0.23933, 0.23933, 0.23933, 0.23933, 0.23933, 0.26298, 0.26298, 0.26298, 0.26298, 0.26298, 0.26298, 0.26298, 0.26298]
Occ Predictions:
[1, 1, 1, 1, 1, 1, 1, 1, 1, 1, 1, 1, 1, 1, 1, 1, 1]
Setpoints:
[[72, 74], [72, 74], [72, 74], [72, 74], [72, 74], [72, 74], [72, 74], [72, 74], [72, 74], [72, 74], [72, 74], [72, 74], [72, 74], [72, 74], [72, 74], [72, 74], [72, 74]]
Time needed to calculate the shortest path:
24.0856769085


2018-07-10 17:08:21
MPC Actions: ['2', '0', '0', '0', '2', '2', '2', '2', '2', '2', '2', '2', '2', '2', '0', '0']
Temperatures following the MPC path:
[73.3, 73.3, 73.35000000000001, 73.4, 73.45, 73.45, 73.45, 73.45, 73.45, 73.5, 73.55, 73.60000000000001, 73.65, 73.7, 73.75, 73.9, 74.05]
Safety Constraints:
[[54, 86], [54, 86], [54, 86], [54, 86], [54, 86], [54, 86], [54, 86], [54, 86], [54, 86], [54, 86], [54, 86], [54, 86], [54, 86], [54, 86], [54, 86], [54, 86], [54, 86]]
Prices:
[0.23933, 0.23933, 0.23933, 0.23933, 0.23933, 0.23933, 0.23933, 0.23933, 0.26298, 0.26298, 0.26298, 0.26298, 0.26298, 0.26298, 0.26298, 0.26298, 0.86298, 0.86298, 0.86298, 0.86298, 0.86298]
Occ Predictions:
[1, 1, 1, 1, 1, 1, 1, 1, 1, 1, 1, 1, 1, 1, 1, 1, 1]
Setpoints:
[[72, 74], [72, 74], [72, 74], [72, 74], [72, 74], [72, 74], [72, 74], [72, 74], [72, 74], [72, 74], [72, 74], [72, 74], [72, 74], [72, 74], [72, 74], [72, 74], [72, 74]]
Time needed to calculate the shortest path:
23.4794590473


2018-07-10 17:23:21
MPC Actions: ['0', '0', '0', '2', '2', '2', '2', '2', '2', '2', '2', '2', '2', '2', '2', '0']
Temperatures following the MPC path:
[73.3, 73.4, 73.45, 73.5, 73.5, 73.5, 73.5, 73.5, 73.55, 73.60000000000001, 73.65, 73.7, 73.75, 73.8, 73.85000000000001, 73.9, 74.05]
Safety Constraints:
[[54, 86], [54, 86], [54, 86], [54, 86], [54, 86], [54, 86], [54, 86], [54, 86], [54, 86], [54, 86], [54, 86], [54, 86], [54, 86], [54, 86], [54, 86], [54, 86], [54, 86]]
Prices:
[0.23933, 0.23933, 0.23933, 0.23933, 0.23933, 0.23933, 0.23933, 0.26298, 0.26298, 0.26298, 0.26298, 0.26298, 0.26298, 0.26298, 0.26298, 0.86298, 0.86298, 0.86298, 0.86298, 0.86298, 0.86298, 0.86298, 0.86298, 0.86298, 0.86298]
Occ Predictions:
[1, 1, 1, 1, 1, 1, 1, 1, 1, 1, 1, 1, 1, 1, 1, 1, 1]
Setpoints:
[[72, 74], [72, 74], [72, 74], [72, 74], [72, 74], [72, 74], [72, 74], [72, 74], [72, 74], [72, 74], [72, 74], [72, 74], [72, 74], [72, 74], [72, 74], [72, 74], [72, 74]]
Time needed to calculate the shortest path:
22.1705958843


2018-07-10 17:38:21
MPC Actions: ['2', '2', '2', '2', '2', '2', '2', '2', '2', '0', '0', '0', '0', '0', '0', '0']
Temperatures following the MPC path:
[72.8, 72.8, 72.8, 72.8, 72.8, 72.8, 72.8, 72.85000000000001, 72.9, 72.95, 73.10000000000001, 73.25, 73.4, 73.55, 73.7, 73.85000000000001, 74.0]
Safety Constraints:
[[54, 86], [54, 86], [54, 86], [54, 86], [54, 86], [54, 86], [54, 86], [54, 86], [54, 86], [54, 86], [54, 86], [54, 86], [54, 86], [54, 86], [54, 86], [54, 86], [54, 86]]
Prices:
[0.23933, 0.23933, 0.23933, 0.23933, 0.23933, 0.23933, 0.26298, 0.26298, 0.26298, 0.26298, 0.26298, 0.26298, 0.26298, 0.26298, 0.86298, 0.86298, 0.86298, 0.86298, 0.86298, 0.86298, 0.86298, 0.86298, 0.86298, 0.86298, 0.86298, 0.86298, 0.86298, 0.86298, 0.86298]
Occ Predictions:
[1, 1, 1, 1, 1, 1, 1, 1, 1, 1, 1, 1, 1, 1, 1, 1, 1]
Setpoints:
[[72, 74], [72, 74], [72, 74], [72, 74], [72, 74], [72, 74], [72, 74], [72, 74], [72, 74], [72, 74], [72, 74], [72, 74], [72, 74], [72, 74], [72, 74], [72, 74], [72, 74]]
Time needed to calculate the shortest path:
25.3041238785


2018-07-10 17:53:21
MPC Actions: ['2', '2', '2', '2', '2', '2', '2', '2', '2', '2', '2', '2', '2', '2', '0', '0']
Temperatures following the MPC path:
[73.2, 73.2, 73.2, 73.2, 73.2, 73.2, 73.25, 73.3, 73.35000000000001, 73.4, 73.45, 73.5, 73.55, 73.60000000000001, 73.7, 73.85000000000001, 74.0]
Safety Constraints:
[[54, 86], [54, 86], [54, 86], [54, 86], [54, 86], [54, 86], [54, 86], [54, 86], [54, 86], [54, 86], [54, 86], [54, 86], [54, 86], [54, 86], [54, 86], [54, 86], [54, 86]]
Prices:
[0.23933, 0.23933, 0.23933, 0.23933, 0.23933, 0.26298, 0.26298, 0.26298, 0.26298, 0.26298, 0.26298, 0.26298, 0.26298, 0.86298, 0.86298, 0.86298, 0.86298, 0.86298, 0.86298, 0.86298, 0.86298, 0.86298, 0.86298, 0.86298, 0.86298, 0.86298, 0.86298, 0.86298, 0.86298, 0.86298, 0.86298, 0.86298, 0.86298]
Occ Predictions:
[1, 1, 1, 1, 1, 1, 1, 1, 1, 1, 1, 1, 1, 1, 1, 1, 1]
Setpoints:
[[72, 74], [72, 74], [72, 74], [72, 74], [72, 74], [72, 74], [72, 74], [72, 74], [72, 74], [72, 74], [72, 74], [72, 74], [72, 74], [72, 74], [72, 74], [72, 74], [72, 74]]
Time needed to calculate the shortest path:
25.3134968281


2018-07-10 18:08:21
MPC Actions: ['2', '0', '0', '0', '2', '2', '2', '2', '2', '2', '2', '2', '0', '0', '0', '0']
Temperatures following the MPC path:
[72.5, 72.55, 72.7, 72.8, 72.9, 72.95, 73.0, 73.05, 73.10000000000001, 73.15, 73.2, 73.25, 73.3, 73.5, 73.7, 73.9, 74.05]
Safety Constraints:
[[54, 86], [54, 86], [54, 86], [54, 86], [54, 86], [54, 86], [54, 86], [54, 86], [54, 86], [54, 86], [54, 86], [54, 86], [54, 86], [54, 86], [54, 86], [54, 86], [54, 86]]
Prices:
[0.23933, 0.23933, 0.23933, 0.23933, 0.26298, 0.26298, 0.26298, 0.26298, 0.26298, 0.26298, 0.26298, 0.26298, 0.86298, 0.86298, 0.86298, 0.86298, 0.86298, 0.86298, 0.86298, 0.86298, 0.86298, 0.86298, 0.86298, 0.86298, 0.86298, 0.86298, 0.86298, 0.86298, 0.86298, 0.86298, 0.86298, 0.86298, 0.86298, 0.86298, 0.86298, 0.86298, 0.86298]
Occ Predictions:
[1, 1, 1, 1, 1, 1, 1, 1, 1, 1, 1, 1, 1, 1, 1, 1, 1]
Setpoints:
[[72, 74], [72, 74], [72, 74], [72, 74], [72, 74], [72, 74], [72, 74], [72, 74], [72, 74], [72, 74], [72, 74], [72, 74], [72, 74], [72, 74], [72, 74], [72, 74], [72, 74]]
Time needed to calculate the shortest path:
25.2769420147


2018-07-10 18:23:21
MPC Actions: ['2', '0', '0', '2', '2', '2', '2', '0', '2', '0', '0', '0', '0', '0', '0', '0']
Temperatures following the MPC path:
[72.2, 72.25, 72.4, 72.5, 72.55, 72.60000000000001, 72.65, 72.7, 72.85000000000001, 72.9, 73.05, 73.2, 73.4, 73.60000000000001, 73.75, 73.9, 74.10000000000001]
Safety Constraints:
[[54, 86], [54, 86], [54, 86], [54, 86], [54, 86], [54, 86], [54, 86], [54, 86], [54, 86], [54, 86], [54, 86], [54, 86], [54, 86], [54, 86], [54, 86], [54, 86], [54, 86]]
Prices:
[0.23933, 0.23933, 0.23933, 0.26298, 0.26298, 0.26298, 0.26298, 0.26298, 0.26298, 0.26298, 0.26298, 0.86298, 0.86298, 0.86298, 0.86298, 0.86298, 0.86298, 0.86298, 0.86298, 0.86298, 0.86298, 0.86298, 0.86298, 0.86298, 0.86298, 0.86298, 0.86298, 0.86298, 0.86298, 0.86298, 0.86298, 0.86298, 0.86298, 0.86298, 0.86298, 0.86298, 0.86298, 0.86298, 0.86298, 0.86298, 0.86298]
Occ Predictions:
[1, 1, 1, 1, 1, 1, 1, 1, 1, 1, 1, 1, 1, 1, 1, 1, 1]
Setpoints:
[[72, 74], [72, 74], [72, 74], [72, 74], [72, 74], [72, 74], [72, 74], [72, 74], [72, 74], [72, 74], [72, 74], [72, 74], [72, 74], [72, 74], [72, 74], [72, 74], [72, 74]]
Time needed to calculate the shortest path:
25.4578409195


2018-07-10 18:38:21
MPC Actions: ['2', '2', '2', '2', '2', '2', '0', '0', '0', '0', '0', '0', '0', '0', '0', '0']
Temperatures following the MPC path:
[72.1, 72.15, 72.2, 72.25, 72.3, 72.35000000000001, 72.4, 72.55, 72.7, 72.85000000000001, 73.0, 73.2, 73.4, 73.55, 73.7, 73.9, 74.05]
Safety Constraints:
[[54, 86], [54, 86], [54, 86], [54, 86], [54, 86], [54, 86], [54, 86], [54, 86], [54, 86], [54, 86], [54, 86], [54, 86], [54, 86], [54, 86], [54, 86], [54, 86], [54, 86]]
Prices:
[0.23933, 0.23933, 0.26298, 0.26298, 0.26298, 0.26298, 0.26298, 0.26298, 0.26298, 0.26298, 0.86298, 0.86298, 0.86298, 0.86298, 0.86298, 0.86298, 0.86298, 0.86298, 0.86298, 0.86298, 0.86298, 0.86298, 0.86298, 0.86298, 0.86298, 0.86298, 0.86298, 0.86298, 0.86298, 0.86298, 0.86298, 0.86298, 0.86298, 0.86298, 0.86298, 0.86298, 0.86298, 0.86298, 0.86298, 0.86298, 0.86298, 0.86298, 0.86298, 0.86298, 0.86298]
Occ Predictions:
[1, 1, 1, 1, 1, 1, 1, 1, 1, 1, 1, 1, 1, 1, 1, 1, 1]
Setpoints:
[[72, 74], [72, 74], [72, 74], [72, 74], [72, 74], [72, 74], [72, 74], [72, 74], [72, 74], [72, 74], [72, 74], [72, 74], [72, 74], [72, 74], [72, 74], [72, 74], [72, 74]]
Time needed to calculate the shortest path:
19.5538449287
THERMOSTAT CHANGED MANUALY AT : 2018-07-10 18:53:21 UTC

2018-07-10 20:47:35
MPC Actions: ['2', '2', '2', '2', '2', '2', '2', '2', '2', '2', '2', '2', '2', '2', '2', '2']
Temperatures following the MPC path:
[75.3, 75.325, 75.375, 75.425, 75.47500000000001, 75.525, 75.575, 75.625, 75.675, 75.72500000000001, 75.775, 75.825, 75.875, 75.925, 75.97500000000001, 76.025, 76.075]
Safety Constraints:
[[54, 86], [54, 86], [54, 86], [54, 86], [54, 86], [54, 86], [54, 86], [54, 86], [54, 86], [54, 86], [54, 86], [54, 86], [54, 86], [54, 86], [54, 86], [54, 86], [54, 86]]
Prices:
[0.26298, 0.86298, 0.86298, 0.86298, 0.86298, 0.86298, 0.86298, 0.86298, 0.86298, 0.86298, 0.86298, 0.86298, 0.86298, 0.86298, 0.86298, 0.86298, 0.86298, 0.86298, 0.86298, 0.86298, 0.86298, 0.86298, 0.86298, 0.86298, 0.86298, 0.86298, 0.86298, 0.86298, 0.86298, 0.86298, 0.86298, 0.86298, 0.86298, 0.86298, 0.86298, 0.86298, 0.86298, 0.86298, 0.86298, 0.86298, 0.86298, 0.86298, 0.86298, 0.86298, 0.86298, 0.86298, 0.86298, 0.86298, 0.86298, 0.86298, 0.86298, 0.86298, 0.86298, 0.86298, 0.86298, 0.86298, 0.86298, 0.86298, 0.86298, 0.86298, 0.86298, 0.86298, 0.86298, 0.86298, 0.86298, 0.86298, 0.86298, 0.86298, 0.86298, 0.86298, 0.86298, 0.86298, 0.86298, 0.86298, 0.86298, 0.86298, 0.86298, 0.86298, 0.86298, 0.86298, 0.86298]
Occ Predictions:
[1, 1, 1, 1, 1, 1, 1, 1, 1, 1, 1, 1, 1, 1, 1, 1, 1]
Setpoints:
[[72, 74], [72, 74], [72, 74], [72, 74], [72, 74], [72, 74], [72, 74], [72, 74], [72, 74], [72, 74], [72, 74], [72, 74], [72, 74], [72, 74], [72, 74], [72, 74], [72, 74]]
Time needed to calculate the shortest path:
36.3451650143


2018-07-10 21:02:35
MPC Actions: ['2', '2', '2', '2', '2', '2', '2', '2', '2', '2', '2', '2', '2', '2', '2', '2']
Temperatures following the MPC path:
[75.3, 75.35000000000001, 75.4, 75.45, 75.5, 75.55, 75.60000000000001, 75.65, 75.7, 75.75, 75.8, 75.85000000000001, 75.9, 75.95, 76.0, 76.05, 76.10000000000001]
Safety Constraints:
[[54, 86], [54, 86], [54, 86], [54, 86], [54, 86], [54, 86], [54, 86], [54, 86], [54, 86], [54, 86], [54, 86], [54, 86], [54, 86], [54, 86], [54, 86], [54, 86], [54, 86]]
Prices:
[0.86298, 0.86298, 0.86298, 0.86298, 0.86298, 0.86298, 0.86298, 0.86298, 0.86298, 0.86298, 0.86298, 0.86298, 0.86298, 0.86298, 0.86298, 0.86298, 0.86298, 0.86298, 0.86298, 0.86298, 0.86298, 0.86298, 0.86298, 0.86298, 0.86298, 0.86298, 0.86298, 0.86298, 0.86298, 0.86298, 0.86298, 0.86298, 0.86298, 0.86298, 0.86298, 0.86298, 0.86298, 0.86298, 0.86298, 0.86298, 0.86298, 0.86298, 0.86298, 0.86298, 0.86298, 0.86298, 0.86298, 0.86298, 0.86298, 0.86298, 0.86298, 0.86298, 0.86298, 0.86298, 0.86298, 0.86298, 0.86298, 0.86298, 0.86298, 0.86298, 0.86298, 0.86298, 0.86298, 0.86298, 0.86298, 0.86298, 0.86298, 0.86298, 0.86298, 0.86298, 0.86298, 0.86298, 0.86298, 0.86298, 0.86298, 0.86298, 0.86298, 0.86298, 0.86298, 0.86298, 0.23933]
Occ Predictions:
[1, 1, 1, 1, 1, 1, 1, 1, 1, 1, 1, 1, 1, 1, 1, 1, 1]
Setpoints:
[[72, 74], [72, 74], [72, 74], [72, 74], [72, 74], [72, 74], [72, 74], [72, 74], [72, 74], [72, 74], [72, 74], [72, 74], [72, 74], [72, 74], [72, 74], [72, 74], [72, 74]]
Time needed to calculate the shortest path:
33.3736429214


2018-07-10 21:17:35
MPC Actions: ['2', '2', '2', '2', '2', '2', '2', '2', '2', '2', '2', '2', '2', '2', '2', '2']
Temperatures following the MPC path:
[75.3, 75.375, 75.45, 75.525, 75.60000000000001, 75.675, 75.75, 75.825, 75.9, 75.97500000000001, 76.05, 76.125, 76.175, 76.22500000000001, 76.275, 76.325, 76.35000000000001]
Safety Constraints:
[[54, 86], [54, 86], [54, 86], [54, 86], [54, 86], [54, 86], [54, 86], [54, 86], [54, 86], [54, 86], [54, 86], [54, 86], [54, 86], [54, 86], [54, 86], [54, 86], [54, 86]]
Prices:
[0.86298, 0.86298, 0.86298, 0.86298, 0.86298, 0.86298, 0.86298, 0.86298, 0.86298, 0.86298, 0.86298, 0.86298, 0.86298, 0.86298, 0.86298, 0.86298, 0.86298, 0.86298, 0.86298, 0.86298, 0.86298, 0.86298, 0.86298, 0.86298, 0.86298, 0.86298, 0.86298, 0.86298, 0.86298, 0.86298, 0.86298, 0.86298, 0.86298, 0.86298, 0.86298, 0.86298, 0.86298, 0.86298, 0.86298, 0.86298, 0.86298, 0.86298, 0.86298, 0.86298, 0.86298, 0.86298, 0.86298, 0.86298, 0.86298, 0.86298, 0.86298, 0.86298, 0.86298, 0.86298, 0.86298, 0.86298, 0.86298, 0.86298, 0.86298, 0.86298, 0.86298, 0.86298, 0.86298, 0.86298, 0.86298, 0.86298, 0.86298, 0.86298, 0.86298, 0.86298, 0.86298, 0.86298, 0.86298, 0.86298, 0.86298, 0.23933, 0.23933]
Occ Predictions:
[1, 1, 1, 1, 1, 1, 1, 1, 1, 1, 1, 1, 1, 1, 1, 1, 1]
Setpoints:
[[72, 74], [72, 74], [72, 74], [72, 74], [72, 74], [72, 74], [72, 74], [72, 74], [72, 74], [72, 74], [72, 74], [72, 74], [72, 74], [72, 74], [72, 74], [72, 74], [72, 74]]
Time needed to calculate the shortest path:
36.3392860889


2018-07-10 21:32:35
MPC Actions: ['2', '2', '2', '2', '2', '2', '2', '2', '2', '2', '2', '2', '2', '2', '2', '0']
Temperatures following the MPC path:
[75.3, 75.375, 75.45, 75.525, 75.60000000000001, 75.675, 75.75, 75.825, 75.9, 75.97500000000001, 76.05, 76.10000000000001, 76.15, 76.2, 76.25, 76.275, 76.4]
Safety Constraints:
[[54, 86], [54, 86], [54, 86], [54, 86], [54, 86], [54, 86], [54, 86], [54, 86], [54, 86], [54, 86], [54, 86], [54, 86], [54, 86], [54, 86], [54, 86], [54, 86], [54, 86]]
Prices:
[0.86298, 0.86298, 0.86298, 0.86298, 0.86298, 0.86298, 0.86298, 0.86298, 0.86298, 0.86298, 0.86298, 0.86298, 0.86298, 0.86298, 0.86298, 0.86298, 0.86298, 0.86298, 0.86298, 0.86298, 0.86298, 0.86298, 0.86298, 0.86298, 0.86298, 0.86298, 0.86298, 0.86298, 0.86298, 0.86298, 0.86298, 0.86298, 0.86298, 0.86298, 0.86298, 0.86298, 0.86298, 0.86298, 0.86298, 0.86298, 0.86298, 0.86298, 0.86298, 0.86298, 0.86298, 0.86298, 0.86298, 0.86298, 0.86298, 0.86298, 0.86298, 0.86298, 0.86298, 0.86298, 0.86298, 0.86298, 0.86298, 0.86298, 0.86298, 0.86298, 0.86298, 0.86298, 0.86298, 0.86298, 0.86298, 0.86298, 0.86298, 0.86298, 0.86298, 0.86298, 0.23933, 0.23933, 0.23933]
Occ Predictions:
[1, 1, 1, 1, 1, 1, 1, 1, 1, 1, 1, 1, 1, 1, 1, 1, 0]
Setpoints:
[[72, 74], [72, 74], [72, 74], [72, 74], [72, 74], [72, 74], [72, 74], [72, 74], [72, 74], [72, 74], [72, 74], [72, 74], [72, 74], [72, 74], [72, 74], [72, 74], [54, 86]]
Time needed to calculate the shortest path:
33.6561729908


2018-07-10 21:47:35
MPC Actions: ['2', '2', '2', '2', '2', '2', '2', '2', '2', '2', '2', '2', '2', '2', '0', '0']
Temperatures following the MPC path:
[75.3, 75.375, 75.45, 75.525, 75.60000000000001, 75.675, 75.75, 75.825, 75.9, 75.97500000000001, 76.025, 76.075, 76.125, 76.175, 76.2, 76.325, 76.45]
Safety Constraints:
[[54, 86], [54, 86], [54, 86], [54, 86], [54, 86], [54, 86], [54, 86], [54, 86], [54, 86], [54, 86], [54, 86], [54, 86], [54, 86], [54, 86], [54, 86], [54, 86], [54, 86]]
Prices:
[0.86298, 0.86298, 0.86298, 0.86298, 0.86298, 0.86298, 0.86298, 0.86298, 0.86298, 0.86298, 0.86298, 0.86298, 0.86298, 0.86298, 0.86298, 0.86298, 0.86298, 0.86298, 0.86298, 0.86298, 0.86298, 0.86298, 0.86298, 0.86298, 0.86298, 0.86298, 0.86298, 0.86298, 0.86298, 0.86298, 0.86298, 0.86298, 0.86298, 0.86298, 0.86298, 0.86298, 0.86298, 0.86298, 0.86298, 0.86298, 0.86298, 0.86298, 0.86298, 0.86298, 0.86298, 0.86298, 0.86298, 0.86298, 0.86298, 0.86298, 0.86298, 0.86298, 0.86298, 0.86298, 0.86298, 0.86298, 0.86298, 0.86298, 0.86298, 0.86298, 0.86298, 0.86298, 0.86298, 0.86298, 0.86298, 0.23933, 0.23933, 0.23933, 0.23933]
Occ Predictions:
[1, 1, 1, 1, 1, 1, 1, 1, 1, 1, 1, 1, 1, 1, 1, 0, 0]
Setpoints:
[[72, 74], [72, 74], [72, 74], [72, 74], [72, 74], [72, 74], [72, 74], [72, 74], [72, 74], [72, 74], [72, 74], [72, 74], [72, 74], [72, 74], [72, 74], [54, 86], [54, 86]]
Time needed to calculate the shortest path:
32.965129137


2018-07-10 22:02:35
MPC Actions: ['2', '2', '2', '2', '2', '2', '2', '2', '2', '2', '2', '2', '2', '0', '0', '0']
Temperatures following the MPC path:
[75.4, 75.47500000000001, 75.55, 75.625, 75.7, 75.775, 75.85000000000001, 75.925, 76.0, 76.075, 76.15, 76.2, 76.25, 76.275, 76.4, 76.525, 76.65]
Safety Constraints:
[[54, 86], [54, 86], [54, 86], [54, 86], [54, 86], [54, 86], [54, 86], [54, 86], [54, 86], [54, 86], [54, 86], [54, 86], [54, 86], [54, 86], [54, 86], [54, 86], [54, 86]]
Prices:
[0.86298, 0.86298, 0.86298, 0.86298, 0.86298, 0.86298, 0.86298, 0.86298, 0.86298, 0.86298, 0.86298, 0.86298, 0.86298, 0.86298, 0.86298, 0.86298, 0.86298, 0.86298, 0.86298, 0.86298, 0.86298, 0.86298, 0.86298, 0.86298, 0.86298, 0.86298, 0.86298, 0.86298, 0.86298, 0.86298, 0.86298, 0.86298, 0.86298, 0.86298, 0.86298, 0.86298, 0.86298, 0.86298, 0.86298, 0.86298, 0.86298, 0.86298, 0.86298, 0.86298, 0.86298, 0.86298, 0.86298, 0.86298, 0.86298, 0.86298, 0.86298, 0.86298, 0.86298, 0.86298, 0.86298, 0.86298, 0.86298, 0.86298, 0.86298, 0.86298, 0.23933, 0.23933, 0.23933, 0.23933, 0.23933]
Occ Predictions:
[1, 1, 1, 1, 1, 1, 1, 1, 1, 1, 1, 1, 1, 1, 0, 0, 0]
Setpoints:
[[72, 74], [72, 74], [72, 74], [72, 74], [72, 74], [72, 74], [72, 74], [72, 74], [72, 74], [72, 74], [72, 74], [72, 74], [72, 74], [72, 74], [54, 86], [54, 86], [54, 86]]
Time needed to calculate the shortest path:
36.2324280739


2018-07-10 22:04:09
MPC Actions: ['2', '2', '2', '2', '2', '2', '2', '2', '2', '2', '2', '2', '2', '0', '0', '0']
Temperatures following the MPC path:
[75.5, 75.475, 75.44999999999999, 75.42499999999998, 75.39999999999998, 75.37499999999997, 75.34999999999997, 75.32499999999996, 75.29999999999995, 75.27499999999995, 75.24999999999994, 75.22499999999994, 75.19999999999993, 75.17499999999993, 75.325, 75.47500000000001, 75.625]
Safety Constraints:
[[54, 86], [54, 86], [54, 86], [54, 86], [54, 86], [54, 86], [54, 86], [54, 86], [54, 86], [54, 86], [54, 86], [54, 86], [54, 86], [54, 86], [54, 86], [54, 86], [54, 86]]
Prices:
[0.86298, 0.86298, 0.86298, 0.86298, 0.86298, 0.86298, 0.86298, 0.86298, 0.86298, 0.86298, 0.86298, 0.86298, 0.86298, 0.86298, 0.86298, 0.86298, 0.86298, 0.86298, 0.86298, 0.86298, 0.86298, 0.86298, 0.86298, 0.86298, 0.86298, 0.86298, 0.86298, 0.86298, 0.86298, 0.86298, 0.86298, 0.86298, 0.86298, 0.86298, 0.86298, 0.86298, 0.86298, 0.86298, 0.86298, 0.86298, 0.86298, 0.86298, 0.86298, 0.86298, 0.86298, 0.86298, 0.86298, 0.86298, 0.86298, 0.86298, 0.86298, 0.86298, 0.86298, 0.86298, 0.86298, 0.86298, 0.86298, 0.86298, 0.86298, 0.86298, 0.23933, 0.23933, 0.23933, 0.23933, 0.23933]
Occ Predictions:
[1, 1, 1, 1, 1, 1, 1, 1, 1, 1, 1, 1, 1, 1, 0, 0, 0]
Setpoints:
[[72, 74], [72, 74], [72, 74], [72, 74], [72, 74], [72, 74], [72, 74], [72, 74], [72, 74], [72, 74], [72, 74], [72, 74], [72, 74], [72, 74], [54, 86], [54, 86], [54, 86]]
Time needed to calculate the shortest path:
130.264531851


2018-07-10 22:19:09
MPC Actions: ['2', '2', '2', '2', '2', '2', '2', '2', '2', '2', '2', '2', '0', '0', '0', '0']
Temperatures following the MPC path:
[75.7, 75.675, 75.64999999999999, 75.62499999999999, 75.59999999999998, 75.57499999999997, 75.54999999999997, 75.52499999999996, 75.49999999999996, 75.47499999999995, 75.44999999999995, 75.42499999999994, 75.39999999999993, 75.55, 75.7, 75.85000000000001, 75.97500000000001]
Safety Constraints:
[[54, 86], [54, 86], [54, 86], [54, 86], [54, 86], [54, 86], [54, 86], [54, 86], [54, 86], [54, 86], [54, 86], [54, 86], [54, 86], [54, 86], [54, 86], [54, 86], [54, 86]]
Prices:
[0.86298, 0.86298, 0.86298, 0.86298, 0.86298, 0.86298, 0.86298, 0.86298, 0.86298, 0.86298, 0.86298, 0.86298, 0.86298, 0.86298, 0.86298, 0.86298, 0.86298, 0.86298, 0.86298, 0.86298, 0.86298, 0.86298, 0.86298, 0.86298, 0.86298, 0.86298, 0.86298, 0.86298, 0.86298, 0.86298, 0.86298, 0.86298, 0.86298, 0.86298, 0.86298, 0.86298, 0.86298, 0.86298, 0.86298, 0.86298, 0.86298, 0.86298, 0.86298, 0.86298, 0.86298, 0.86298, 0.86298, 0.86298, 0.86298, 0.86298, 0.86298, 0.86298, 0.86298, 0.86298, 0.86298, 0.23933, 0.23933, 0.23933, 0.23933, 0.23933, 0.23933]
Occ Predictions:
[1, 1, 1, 1, 1, 1, 1, 1, 1, 1, 1, 1, 1, 0, 0, 0, 0]
Setpoints:
[[72, 74], [72, 74], [72, 74], [72, 74], [72, 74], [72, 74], [72, 74], [72, 74], [72, 74], [72, 74], [72, 74], [72, 74], [72, 74], [54, 86], [54, 86], [54, 86], [54, 86]]
Time needed to calculate the shortest path:
122.264935017


2018-07-10 22:34:09
MPC Actions: ['2', '2', '2', '2', '2', '2', '2', '2', '2', '2', '2', '0', '0', '0', '0', '0']
Temperatures following the MPC path:
[75.7, 75.675, 75.64999999999999, 75.62499999999999, 75.59999999999998, 75.57499999999997, 75.54999999999997, 75.52499999999996, 75.49999999999996, 75.47499999999995, 75.44999999999995, 75.42499999999994, 75.575, 75.72500000000001, 75.875, 76.0, 76.10000000000001]
Safety Constraints:
[[54, 86], [54, 86], [54, 86], [54, 86], [54, 86], [54, 86], [54, 86], [54, 86], [54, 86], [54, 86], [54, 86], [54, 86], [54, 86], [54, 86], [54, 86], [54, 86], [54, 86]]
Prices:
[0.86298, 0.86298, 0.86298, 0.86298, 0.86298, 0.86298, 0.86298, 0.86298, 0.86298, 0.86298, 0.86298, 0.86298, 0.86298, 0.86298, 0.86298, 0.86298, 0.86298, 0.86298, 0.86298, 0.86298, 0.86298, 0.86298, 0.86298, 0.86298, 0.86298, 0.86298, 0.86298, 0.86298, 0.86298, 0.86298, 0.86298, 0.86298, 0.86298, 0.86298, 0.86298, 0.86298, 0.86298, 0.86298, 0.86298, 0.86298, 0.86298, 0.86298, 0.86298, 0.86298, 0.86298, 0.86298, 0.86298, 0.86298, 0.86298, 0.86298, 0.23933, 0.23933, 0.23933, 0.23933, 0.23933, 0.23933, 0.23933]
Occ Predictions:
[1, 1, 1, 1, 1, 1, 1, 1, 1, 1, 1, 1, 0, 0, 0, 0, 0]
Setpoints:
[[72, 74], [72, 74], [72, 74], [72, 74], [72, 74], [72, 74], [72, 74], [72, 74], [72, 74], [72, 74], [72, 74], [72, 74], [54, 86], [54, 86], [54, 86], [54, 86], [54, 86]]
Time needed to calculate the shortest path:
113.118810892


2018-07-10 22:49:09
MPC Actions: ['2', '2', '2', '2', '2', '2', '2', '2', '2', '2', '0', '0', '0', '0', '0', '0']
Temperatures following the MPC path:
[75.8, 75.77499999999999, 75.74999999999999, 75.72499999999998, 75.69999999999997, 75.67499999999997, 75.64999999999996, 75.62499999999996, 75.59999999999995, 75.57499999999995, 75.54999999999994, 75.7, 75.85000000000001, 76.0, 76.125, 76.25, 76.375]
Safety Constraints:
[[54, 86], [54, 86], [54, 86], [54, 86], [54, 86], [54, 86], [54, 86], [54, 86], [54, 86], [54, 86], [54, 86], [54, 86], [54, 86], [54, 86], [54, 86], [54, 86], [54, 86]]
Prices:
[0.86298, 0.86298, 0.86298, 0.86298, 0.86298, 0.86298, 0.86298, 0.86298, 0.86298, 0.86298, 0.86298, 0.86298, 0.86298, 0.86298, 0.86298, 0.86298, 0.86298, 0.86298, 0.86298, 0.86298, 0.86298, 0.86298, 0.86298, 0.86298, 0.86298, 0.86298, 0.86298, 0.86298, 0.86298, 0.86298, 0.86298, 0.86298, 0.86298, 0.86298, 0.86298, 0.86298, 0.86298, 0.86298, 0.86298, 0.86298, 0.86298, 0.86298, 0.86298, 0.86298, 0.86298, 0.23933, 0.23933, 0.23933, 0.23933, 0.23933, 0.23933, 0.23933, 0.23933]
Occ Predictions:
[1, 1, 1, 1, 1, 1, 1, 1, 1, 1, 1, 0, 0, 0, 0, 0, 0]
Setpoints:
[[72, 74], [72, 74], [72, 74], [72, 74], [72, 74], [72, 74], [72, 74], [72, 74], [72, 74], [72, 74], [72, 74], [54, 86], [54, 86], [54, 86], [54, 86], [54, 86], [54, 86]]
Time needed to calculate the shortest path:
115.412579775


2018-07-10 23:04:09
MPC Actions: ['2', '2', '2', '2', '2', '2', '2', '2', '2', '0', '0', '0', '0', '0', '0', '0']
Temperatures following the MPC path:
[75.8, 75.77499999999999, 75.74999999999999, 75.72499999999998, 75.69999999999997, 75.67499999999997, 75.64999999999996, 75.62499999999996, 75.59999999999995, 75.57499999999995, 75.72500000000001, 75.875, 76.025, 76.15, 76.25, 76.35000000000001, 76.45]
Safety Constraints:
[[54, 86], [54, 86], [54, 86], [54, 86], [54, 86], [54, 86], [54, 86], [54, 86], [54, 86], [54, 86], [54, 86], [54, 86], [54, 86], [54, 86], [54, 86], [54, 86], [54, 86]]
Prices:
[0.86298, 0.86298, 0.86298, 0.86298, 0.86298, 0.86298, 0.86298, 0.86298, 0.86298, 0.86298, 0.86298, 0.86298, 0.86298, 0.86298, 0.86298, 0.86298, 0.86298, 0.86298, 0.86298, 0.86298, 0.86298, 0.86298, 0.86298, 0.86298, 0.86298, 0.86298, 0.86298, 0.86298, 0.86298, 0.86298, 0.86298, 0.86298, 0.86298, 0.86298, 0.86298, 0.86298, 0.86298, 0.86298, 0.86298, 0.86298, 0.23933, 0.23933, 0.23933, 0.23933, 0.23933, 0.23933, 0.23933, 0.23933, 0.23933]
Occ Predictions:
[1, 1, 1, 1, 1, 1, 1, 1, 1, 1, 0, 0, 0, 0, 0, 0, 0]
Setpoints:
[[72, 74], [72, 74], [72, 74], [72, 74], [72, 74], [72, 74], [72, 74], [72, 74], [72, 74], [72, 74], [54, 86], [54, 86], [54, 86], [54, 86], [54, 86], [54, 86], [54, 86]]
Time needed to calculate the shortest path:
117.462167978


2018-07-10 23:19:09
MPC Actions: ['2', '2', '2', '2', '2', '2', '2', '2', '0', '0', '0', '0', '0', '0', '0', '0']
Temperatures following the MPC path:
[76.1, 76.07499999999999, 76.04999999999998, 76.02499999999998, 75.99999999999997, 75.97499999999997, 75.94999999999996, 75.92499999999995, 75.89999999999995, 76.05, 76.2, 76.325, 76.425, 76.525, 76.625, 76.72500000000001, 76.80000000000001]
Safety Constraints:
[[54, 86], [54, 86], [54, 86], [54, 86], [54, 86], [54, 86], [54, 86], [54, 86], [54, 86], [54, 86], [54, 86], [54, 86], [54, 86], [54, 86], [54, 86], [54, 86], [54, 86]]
Prices:
[0.86298, 0.86298, 0.86298, 0.86298, 0.86298, 0.86298, 0.86298, 0.86298, 0.86298, 0.86298, 0.86298, 0.86298, 0.86298, 0.86298, 0.86298, 0.86298, 0.86298, 0.86298, 0.86298, 0.86298, 0.86298, 0.86298, 0.86298, 0.86298, 0.86298, 0.86298, 0.86298, 0.86298, 0.86298, 0.86298, 0.86298, 0.86298, 0.86298, 0.86298, 0.86298, 0.23933, 0.23933, 0.23933, 0.23933, 0.23933, 0.23933, 0.23933, 0.23933, 0.23933, 0.23933]
Occ Predictions:
[1, 1, 1, 1, 1, 1, 1, 1, 1, 0, 0, 0, 0, 0, 0, 0, 0]
Setpoints:
[[72, 74], [72, 74], [72, 74], [72, 74], [72, 74], [72, 74], [72, 74], [72, 74], [72, 74], [54, 86], [54, 86], [54, 86], [54, 86], [54, 86], [54, 86], [54, 86], [54, 86]]
Time needed to calculate the shortest path:
118.658270121


2018-07-10 23:34:09
MPC Actions: ['2', '2', '2', '2', '2', '2', '2', '0', '0', '0', '0', '0', '0', '0', '0', '0']
Temperatures following the MPC path:
[76.3, 76.27499999999999, 76.24999999999999, 76.22499999999998, 76.19999999999997, 76.17499999999997, 76.14999999999996, 76.12499999999996, 76.275, 76.425, 76.55, 76.65, 76.75, 76.85000000000001, 76.95, 77.025, 77.10000000000001]
Safety Constraints:
[[54, 86], [54, 86], [54, 86], [54, 86], [54, 86], [54, 86], [54, 86], [54, 86], [54, 86], [54, 86], [54, 86], [54, 86], [54, 86], [54, 86], [54, 86], [54, 86], [54, 86]]
Prices:
[0.86298, 0.86298, 0.86298, 0.86298, 0.86298, 0.86298, 0.86298, 0.86298, 0.86298, 0.86298, 0.86298, 0.86298, 0.86298, 0.86298, 0.86298, 0.86298, 0.86298, 0.86298, 0.86298, 0.86298, 0.86298, 0.86298, 0.86298, 0.86298, 0.86298, 0.86298, 0.86298, 0.86298, 0.86298, 0.86298, 0.23933, 0.23933, 0.23933, 0.23933, 0.23933, 0.23933, 0.23933, 0.23933, 0.23933, 0.23933, 0.23933]
Occ Predictions:
[1, 1, 1, 1, 1, 1, 1, 1, 0, 0, 0, 0, 0, 0, 0, 0, 0]
Setpoints:
[[72, 74], [72, 74], [72, 74], [72, 74], [72, 74], [72, 74], [72, 74], [72, 74], [54, 86], [54, 86], [54, 86], [54, 86], [54, 86], [54, 86], [54, 86], [54, 86], [54, 86]]
Time needed to calculate the shortest path:
104.087692976


2018-07-10 23:49:09
MPC Actions: ['2', '2', '2', '2', '2', '2', '0', '0', '0', '0', '0', '0', '0', '0', '0', '0']
Temperatures following the MPC path:
[76.4, 76.375, 76.35, 76.32499999999999, 76.29999999999998, 76.27499999999998, 76.24999999999997, 76.375, 76.5, 76.625, 76.72500000000001, 76.825, 76.92500000000001, 77.025, 77.10000000000001, 77.17500000000001, 77.22500000000001]
Safety Constraints:
[[54, 86], [54, 86], [54, 86], [54, 86], [54, 86], [54, 86], [54, 86], [54, 86], [54, 86], [54, 86], [54, 86], [54, 86], [54, 86], [54, 86], [54, 86], [54, 86], [54, 86]]
Prices:
[0.86298, 0.86298, 0.86298, 0.86298, 0.86298, 0.86298, 0.86298, 0.86298, 0.86298, 0.86298, 0.86298, 0.86298, 0.86298, 0.86298, 0.86298, 0.86298, 0.86298, 0.86298, 0.86298, 0.86298, 0.86298, 0.86298, 0.86298, 0.86298, 0.86298, 0.23933, 0.23933, 0.23933, 0.23933, 0.23933, 0.23933, 0.23933, 0.23933, 0.23933, 0.23933, 0.23933, 0.23933]
Occ Predictions:
[1, 1, 1, 1, 1, 1, 1, 0, 0, 0, 0, 0, 0, 0, 0, 0, 0]
Setpoints:
[[72, 74], [72, 74], [72, 74], [72, 74], [72, 74], [72, 74], [72, 74], [54, 86], [54, 86], [54, 86], [54, 86], [54, 86], [54, 86], [54, 86], [54, 86], [54, 86], [54, 86]]
Time needed to calculate the shortest path:
97.5636730194


2018-07-11 00:04:09
MPC Actions: ['2', '2', '2', '2', '2', '0', '0', '0', '0', '0', '0', '0', '0', '0', '0', '0']
Temperatures following the MPC path:
[76.6, 76.57499999999999, 76.54999999999998, 76.52499999999998, 76.49999999999997, 76.47499999999997, 76.60000000000001, 76.72500000000001, 76.85000000000001, 76.95, 77.05000000000001, 77.15, 77.25, 77.325, 77.4, 77.45, 77.5]
Safety Constraints:
[[54, 86], [54, 86], [54, 86], [54, 86], [54, 86], [54, 86], [54, 86], [54, 86], [54, 86], [54, 86], [54, 86], [54, 86], [54, 86], [54, 86], [54, 86], [54, 86], [54, 86]]
Prices:
[0.86298, 0.86298, 0.86298, 0.86298, 0.86298, 0.86298, 0.86298, 0.86298, 0.86298, 0.86298, 0.86298, 0.86298, 0.86298, 0.86298, 0.86298, 0.86298, 0.86298, 0.86298, 0.86298, 0.86298, 0.23933, 0.23933, 0.23933, 0.23933, 0.23933, 0.23933, 0.23933, 0.23933, 0.23933, 0.23933, 0.23933, 0.23933, 0.23933]
Occ Predictions:
[1, 1, 1, 1, 1, 1, 0, 0, 0, 0, 0, 0, 0, 0, 0, 0, 0]
Setpoints:
[[72, 74], [72, 74], [72, 74], [72, 74], [72, 74], [72, 74], [54, 86], [54, 86], [54, 86], [54, 86], [54, 86], [54, 86], [54, 86], [54, 86], [54, 86], [54, 86], [54, 86]]
Time needed to calculate the shortest path:
97.5388569832


2018-07-11 00:19:09
MPC Actions: ['2', '2', '2', '2', '0', '0', '0', '0', '0', '0', '0', '0', '0', '0', '0', '0']
Temperatures following the MPC path:
[76.7, 76.675, 76.64999999999999, 76.62499999999999, 76.59999999999998, 76.72500000000001, 76.85000000000001, 76.97500000000001, 77.075, 77.17500000000001, 77.275, 77.375, 77.42500000000001, 77.47500000000001, 77.525, 77.575, 77.60000000000001]
Safety Constraints:
[[54, 86], [54, 86], [54, 86], [54, 86], [54, 86], [54, 86], [54, 86], [54, 86], [54, 86], [54, 86], [54, 86], [54, 86], [54, 86], [54, 86], [54, 86], [54, 86], [54, 86]]
Prices:
[0.86298, 0.86298, 0.86298, 0.86298, 0.86298, 0.86298, 0.86298, 0.86298, 0.86298, 0.86298, 0.86298, 0.86298, 0.86298, 0.86298, 0.86298, 0.23933, 0.23933, 0.23933, 0.23933, 0.23933, 0.23933, 0.23933, 0.23933, 0.23933, 0.23933, 0.23933, 0.23933, 0.23933, 0.23933]
Occ Predictions:
[1, 1, 1, 1, 1, 0, 0, 0, 0, 0, 0, 0, 0, 0, 0, 0, 0]
Setpoints:
[[72, 74], [72, 74], [72, 74], [72, 74], [72, 74], [54, 86], [54, 86], [54, 86], [54, 86], [54, 86], [54, 86], [54, 86], [54, 86], [54, 86], [54, 86], [54, 86], [54, 86]]
Time needed to calculate the shortest path:
91.7727928162


2018-07-11 00:34:10
MPC Actions: ['2', '2', '2', '0', '0', '0', '0', '0', '0', '0', '0', '0', '0', '0', '0', '0']
Temperatures following the MPC path:
[76.7, 76.675, 76.64999999999999, 76.62499999999999, 76.75, 76.875, 77.0, 77.10000000000001, 77.2, 77.30000000000001, 77.4, 77.45, 77.5, 77.55000000000001, 77.60000000000001, 77.625, 77.65]
Safety Constraints:
[[54, 86], [54, 86], [54, 86], [54, 86], [54, 86], [54, 86], [54, 86], [54, 86], [54, 86], [54, 86], [54, 86], [54, 86], [54, 86], [54, 86], [54, 86], [54, 86], [54, 86]]
Prices:
[0.86298, 0.86298, 0.86298, 0.86298, 0.86298, 0.86298, 0.86298, 0.86298, 0.86298, 0.86298, 0.23933, 0.23933, 0.23933, 0.23933, 0.23933, 0.23933, 0.23933, 0.23933, 0.23933, 0.23933, 0.23933, 0.23933, 0.23933, 0.23933, 0.21197]
Occ Predictions:
[1, 1, 1, 1, 0, 0, 0, 0, 0, 0, 0, 0, 0, 0, 0, 0, 0]
Setpoints:
[[72, 74], [72, 74], [72, 74], [72, 74], [54, 86], [54, 86], [54, 86], [54, 86], [54, 86], [54, 86], [54, 86], [54, 86], [54, 86], [54, 86], [54, 86], [54, 86], [54, 86]]
Time needed to calculate the shortest path:
84.5802898407


2018-07-11 00:49:09
MPC Actions: ['2', '2', '0', '0', '0', '0', '0', '0', '0', '0', '0', '0', '0', '0', '0', '0']
Temperatures following the MPC path:
[76.6, 76.57499999999999, 76.54999999999998, 76.675, 76.80000000000001, 76.92500000000001, 77.025, 77.125, 77.22500000000001, 77.325, 77.4, 77.45, 77.5, 77.55000000000001, 77.575, 77.60000000000001, 77.625]
Safety Constraints:
[[54, 86], [54, 86], [54, 86], [54, 86], [54, 86], [54, 86], [54, 86], [54, 86], [54, 86], [54, 86], [54, 86], [54, 86], [54, 86], [54, 86], [54, 86], [54, 86], [54, 86]]
Prices:
[0.86298, 0.86298, 0.86298, 0.86298, 0.86298, 0.23933, 0.23933, 0.23933, 0.23933, 0.23933, 0.23933, 0.23933, 0.23933, 0.23933, 0.23933, 0.23933, 0.23933, 0.23933, 0.23933, 0.21197, 0.21197]
Occ Predictions:
[1, 1, 1, 0, 0, 0, 0, 0, 0, 0, 0, 0, 0, 0, 0, 0, 0]
Setpoints:
[[72, 74], [72, 74], [72, 74], [54, 86], [54, 86], [54, 86], [54, 86], [54, 86], [54, 86], [54, 86], [54, 86], [54, 86], [54, 86], [54, 86], [54, 86], [54, 86], [54, 86]]
Time needed to calculate the shortest path:
79.8738861084


2018-07-11 01:04:09
MPC Actions: ['2', '0', '0', '0', '0', '0', '0', '0', '0', '0', '0', '0', '0', '0', '0', '0']
Temperatures following the MPC path:
[76.4, 76.375, 76.5, 76.625, 76.75, 76.85000000000001, 76.95, 77.05000000000001, 77.15, 77.2, 77.25, 77.30000000000001, 77.35000000000001, 77.375, 77.4, 77.42500000000001, 77.45]
Safety Constraints:
[[54, 86], [54, 86], [54, 86], [54, 86], [54, 86], [54, 86], [54, 86], [54, 86], [54, 86], [54, 86], [54, 86], [54, 86], [54, 86], [54, 86], [54, 86], [54, 86], [54, 86]]
Prices:
[0.23933, 0.23933, 0.23933, 0.23933, 0.23933, 0.23933, 0.23933, 0.23933, 0.23933, 0.23933, 0.23933, 0.23933, 0.23933, 0.23933, 0.21197, 0.21197, 0.21197]
Occ Predictions:
[1, 1, 0, 0, 0, 0, 0, 0, 0, 0, 0, 0, 0, 0, 0, 0, 0]
Setpoints:
[[72, 74], [72, 74], [54, 86], [54, 86], [54, 86], [54, 86], [54, 86], [54, 86], [54, 86], [54, 86], [54, 86], [54, 86], [54, 86], [54, 86], [54, 86], [54, 86], [54, 86]]
Time needed to calculate the shortest path:
68.7021141052


2018-07-11 01:19:09
MPC Actions: ['0', '0', '0', '0', '0', '0', '0', '0', '0', '0', '0', '0', '0', '0', '0', '0']
Temperatures following the MPC path:
[76.4, 76.525, 76.65, 76.775, 76.875, 76.97500000000001, 77.075, 77.17500000000001, 77.22500000000001, 77.275, 77.325, 77.375, 77.4, 77.42500000000001, 77.45, 77.47500000000001, 77.45]
Safety Constraints:
[[54, 86], [54, 86], [54, 86], [54, 86], [54, 86], [54, 86], [54, 86], [54, 86], [54, 86], [54, 86], [54, 86], [54, 86], [54, 86], [54, 86], [54, 86], [54, 86], [54, 86]]
Prices:
[0.23933, 0.23933, 0.23933, 0.23933, 0.23933, 0.23933, 0.23933, 0.23933, 0.23933, 0.23933, 0.23933, 0.23933, 0.23933, 0.21197, 0.21197, 0.21197, 0.21197]
Occ Predictions:
[1, 0, 0, 0, 0, 0, 0, 0, 0, 0, 0, 0, 0, 0, 0, 0, 0]
Setpoints:
[[72, 74], [54, 86], [54, 86], [54, 86], [54, 86], [54, 86], [54, 86], [54, 86], [54, 86], [54, 86], [54, 86], [54, 86], [54, 86], [54, 86], [54, 86], [54, 86], [54, 86]]
Time needed to calculate the shortest path:
65.2599902153


2018-07-11 01:34:09
MPC Actions: ['0', '0', '0', '0', '0', '0', '0', '0', '0', '0', '0', '0', '0', '0', '0', '0']
Temperatures following the MPC path:
[77.0, 77.125, 77.25, 77.35000000000001, 77.42500000000001, 77.5, 77.575, 77.625, 77.67500000000001, 77.72500000000001, 77.775, 77.80000000000001, 77.825, 77.85000000000001, 77.875, 77.85000000000001, 77.825]
Safety Constraints:
[[54, 86], [54, 86], [54, 86], [54, 86], [54, 86], [54, 86], [54, 86], [54, 86], [54, 86], [54, 86], [54, 86], [54, 86], [54, 86], [54, 86], [54, 86], [54, 86], [54, 86]]
Prices:
[0.23933, 0.23933, 0.23933, 0.23933, 0.23933, 0.23933, 0.23933, 0.23933, 0.23933, 0.23933, 0.23933, 0.23933, 0.21197, 0.21197, 0.21197, 0.21197, 0.21197]
Occ Predictions:
[0, 0, 0, 0, 0, 0, 0, 0, 0, 0, 0, 0, 0, 0, 0, 0, 0]
Setpoints:
[[54, 86], [54, 86], [54, 86], [54, 86], [54, 86], [54, 86], [54, 86], [54, 86], [54, 86], [54, 86], [54, 86], [54, 86], [54, 86], [54, 86], [54, 86], [54, 86], [54, 86]]
Time needed to calculate the shortest path:
61.2002899647


2018-07-11 01:49:09
MPC Actions: ['0', '0', '0', '0', '0', '0', '0', '0', '0', '0', '0', '0', '0', '0', '0', '0']
Temperatures following the MPC path:
[78.0, 78.125, 78.2, 78.275, 78.35000000000001, 78.42500000000001, 78.47500000000001, 78.525, 78.575, 78.625, 78.625, 78.625, 78.625, 78.625, 78.60000000000001, 78.575, 78.55000000000001]
Safety Constraints:
[[54, 86], [54, 86], [54, 86], [54, 86], [54, 86], [54, 86], [54, 86], [54, 86], [54, 86], [54, 86], [54, 86], [54, 86], [54, 86], [54, 86], [54, 86], [54, 86], [54, 86]]
Prices:
[0.23933, 0.23933, 0.23933, 0.23933, 0.23933, 0.23933, 0.23933, 0.23933, 0.23933, 0.23933, 0.23933, 0.21197, 0.21197, 0.21197, 0.21197, 0.21197, 0.21197]
Occ Predictions:
[0, 0, 0, 0, 0, 0, 0, 0, 0, 0, 0, 0, 0, 0, 0, 0, 0]
Setpoints:
[[54, 86], [54, 86], [54, 86], [54, 86], [54, 86], [54, 86], [54, 86], [54, 86], [54, 86], [54, 86], [54, 86], [54, 86], [54, 86], [54, 86], [54, 86], [54, 86], [54, 86]]
Time needed to calculate the shortest path:
60.8348379135


2018-07-11 02:04:09
MPC Actions: ['0', '0', '0', '0', '0', '0', '0', '0', '0', '0', '0', '0', '0', '0', '0', '0']
Temperatures following the MPC path:
[78.6, 78.67500000000001, 78.75, 78.825, 78.9, 78.95, 79.0, 79.05000000000001, 79.10000000000001, 79.10000000000001, 79.10000000000001, 79.10000000000001, 79.10000000000001, 79.075, 79.05000000000001, 79.025, 79.0]
Safety Constraints:
[[54, 86], [54, 86], [54, 86], [54, 86], [54, 86], [54, 86], [54, 86], [54, 86], [54, 86], [54, 86], [54, 86], [54, 86], [54, 86], [54, 86], [54, 86], [54, 86], [54, 86]]
Prices:
[0.23933, 0.23933, 0.23933, 0.23933, 0.23933, 0.23933, 0.23933, 0.23933, 0.23933, 0.23933, 0.21197, 0.21197, 0.21197, 0.21197, 0.21197, 0.21197, 0.21197]
Occ Predictions:
[0, 0, 0, 0, 0, 0, 0, 0, 0, 0, 0, 0, 0, 0, 0, 0, 0]
Setpoints:
[[54, 86], [54, 86], [54, 86], [54, 86], [54, 86], [54, 86], [54, 86], [54, 86], [54, 86], [54, 86], [54, 86], [54, 86], [54, 86], [54, 86], [54, 86], [54, 86], [54, 86]]
Time needed to calculate the shortest path:
52.2281200886


2018-07-11 02:19:10
MPC Actions: ['0', '0', '0', '0', '0', '0', '0', '0', '0', '0', '0', '0', '0', '0', '0', '0']
Temperatures following the MPC path:
[79.1, 79.17500000000001, 79.25, 79.325, 79.375, 79.42500000000001, 79.47500000000001, 79.525, 79.525, 79.525, 79.525, 79.525, 79.5, 79.47500000000001, 79.45, 79.42500000000001, 79.375]
Safety Constraints:
[[54, 86], [54, 86], [54, 86], [54, 86], [54, 86], [54, 86], [54, 86], [54, 86], [54, 86], [54, 86], [54, 86], [54, 86], [54, 86], [54, 86], [54, 86], [54, 86], [54, 86]]
Prices:
[0.23933, 0.23933, 0.23933, 0.23933, 0.23933, 0.23933, 0.23933, 0.23933, 0.23933, 0.21197, 0.21197, 0.21197, 0.21197, 0.21197, 0.21197, 0.21197, 0.21197]
Occ Predictions:
[0, 0, 0, 0, 0, 0, 0, 0, 0, 0, 0, 0, 0, 0, 0, 0, 0]
Setpoints:
[[54, 86], [54, 86], [54, 86], [54, 86], [54, 86], [54, 86], [54, 86], [54, 86], [54, 86], [54, 86], [54, 86], [54, 86], [54, 86], [54, 86], [54, 86], [54, 86], [54, 86]]
Time needed to calculate the shortest path:
56.3938670158


2018-07-11 02:34:10
MPC Actions: ['0', '0', '0', '0', '0', '0', '0', '0', '0', '0', '0', '0', '0', '0', '0', '0']
Temperatures following the MPC path:
[79.9, 79.97500000000001, 80.05000000000001, 80.075, 80.10000000000001, 80.125, 80.15, 80.15, 80.15, 80.15, 80.15, 80.125, 80.10000000000001, 80.075, 80.05000000000001, 80.0, 79.95]
Safety Constraints:
[[54, 86], [54, 86], [54, 86], [54, 86], [54, 86], [54, 86], [54, 86], [54, 86], [54, 86], [54, 86], [54, 86], [54, 86], [54, 86], [54, 86], [54, 86], [54, 86], [54, 86]]
Prices:
[0.23933, 0.23933, 0.23933, 0.23933, 0.23933, 0.23933, 0.23933, 0.23933, 0.21197, 0.21197, 0.21197, 0.21197, 0.21197, 0.21197, 0.21197, 0.21197, 0.21197]
Occ Predictions:
[0, 0, 0, 0, 0, 0, 0, 0, 0, 0, 0, 0, 0, 0, 0, 0, 0]
Setpoints:
[[54, 86], [54, 86], [54, 86], [54, 86], [54, 86], [54, 86], [54, 86], [54, 86], [54, 86], [54, 86], [54, 86], [54, 86], [54, 86], [54, 86], [54, 86], [54, 86], [54, 86]]
Time needed to calculate the shortest path:
53.8653008938


2018-07-11 02:49:09
MPC Actions: ['0', '0', '0', '0', '0', '0', '0', '0', '0', '0', '0', '0', '0', '0', '0', '0']
Temperatures following the MPC path:
[79.9, 79.97500000000001, 80.0, 80.025, 80.05000000000001, 80.075, 80.075, 80.075, 80.075, 80.075, 80.05000000000001, 80.025, 80.0, 79.97500000000001, 79.92500000000001, 79.875, 79.825]
Safety Constraints:
[[54, 86], [54, 86], [54, 86], [54, 86], [54, 86], [54, 86], [54, 86], [54, 86], [54, 86], [54, 86], [54, 86], [54, 86], [54, 86], [54, 86], [54, 86], [54, 86], [54, 86]]
Prices:
[0.23933, 0.23933, 0.23933, 0.23933, 0.23933, 0.23933, 0.23933, 0.21197, 0.21197, 0.21197, 0.21197, 0.21197, 0.21197, 0.21197, 0.21197, 0.21197, 0.21197]
Occ Predictions:
[0, 0, 0, 0, 0, 0, 0, 0, 0, 0, 0, 0, 0, 0, 0, 0, 0]
Setpoints:
[[54, 86], [54, 86], [54, 86], [54, 86], [54, 86], [54, 86], [54, 86], [54, 86], [54, 86], [54, 86], [54, 86], [54, 86], [54, 86], [54, 86], [54, 86], [54, 86], [54, 86]]
Time needed to calculate the shortest path:
57.2144229412


2018-07-11 03:04:10
MPC Actions: ['0', '0', '0', '0', '0', '0', '0', '0', '0', '0', '0', '0', '0', '0', '0', '0']
Temperatures following the MPC path:
[79.9, 79.92500000000001, 79.95, 79.97500000000001, 80.0, 80.0, 80.0, 80.0, 80.0, 79.97500000000001, 79.95, 79.92500000000001, 79.9, 79.85000000000001, 79.80000000000001, 79.75, 79.7]
Safety Constraints:
[[54, 86], [54, 86], [54, 86], [54, 86], [54, 86], [54, 86], [54, 86], [54, 86], [54, 86], [54, 86], [54, 86], [54, 86], [54, 86], [54, 86], [54, 86], [54, 86], [54, 86]]
Prices:
[0.23933, 0.23933, 0.23933, 0.23933, 0.23933, 0.23933, 0.21197, 0.21197, 0.21197, 0.21197, 0.21197, 0.21197, 0.21197, 0.21197, 0.21197, 0.21197, 0.21197]
Occ Predictions:
[0, 0, 0, 0, 0, 0, 0, 0, 0, 0, 0, 0, 0, 0, 0, 0, 0]
Setpoints:
[[54, 86], [54, 86], [54, 86], [54, 86], [54, 86], [54, 86], [54, 86], [54, 86], [54, 86], [54, 86], [54, 86], [54, 86], [54, 86], [54, 86], [54, 86], [54, 86], [54, 86]]
Time needed to calculate the shortest path:
54.90279603


2018-07-11 03:19:09
MPC Actions: ['0', '0', '0', '0', '0', '0', '0', '0', '0', '0', '0', '0', '0', '0', '0', '0']
Temperatures following the MPC path:
[79.9, 79.92500000000001, 79.95, 79.97500000000001, 79.97500000000001, 79.97500000000001, 79.97500000000001, 79.97500000000001, 79.95, 79.92500000000001, 79.9, 79.875, 79.825, 79.775, 79.72500000000001, 79.67500000000001, 79.60000000000001]
Safety Constraints:
[[54, 86], [54, 86], [54, 86], [54, 86], [54, 86], [54, 86], [54, 86], [54, 86], [54, 86], [54, 86], [54, 86], [54, 86], [54, 86], [54, 86], [54, 86], [54, 86], [54, 86]]
Prices:
[0.23933, 0.23933, 0.23933, 0.23933, 0.23933, 0.21197, 0.21197, 0.21197, 0.21197, 0.21197, 0.21197, 0.21197, 0.21197, 0.21197, 0.21197, 0.21197, 0.21197]
Occ Predictions:
[0, 0, 0, 0, 0, 0, 0, 0, 0, 0, 0, 0, 0, 0, 0, 0, 0]
Setpoints:
[[54, 86], [54, 86], [54, 86], [54, 86], [54, 86], [54, 86], [54, 86], [54, 86], [54, 86], [54, 86], [54, 86], [54, 86], [54, 86], [54, 86], [54, 86], [54, 86], [54, 86]]
Time needed to calculate the shortest path:
55.2494370937


2018-07-11 03:34:09
MPC Actions: ['0', '0', '0', '0', '0', '0', '0', '0', '0', '0', '0', '0', '0', '0', '0', '0']
Temperatures following the MPC path:
[79.9, 79.92500000000001, 79.95, 79.95, 79.95, 79.95, 79.95, 79.9, 79.85000000000001, 79.80000000000001, 79.75, 79.67500000000001, 79.60000000000001, 79.525, 79.45, 79.375, 79.30000000000001]
Safety Constraints:
[[54, 86], [54, 86], [54, 86], [54, 86], [54, 86], [54, 86], [54, 86], [54, 86], [54, 86], [54, 86], [54, 86], [54, 86], [54, 86], [54, 86], [54, 86], [54, 86], [54, 86]]
Prices:
[0.23933, 0.23933, 0.23933, 0.23933, 0.21197, 0.21197, 0.21197, 0.21197, 0.21197, 0.21197, 0.21197, 0.21197, 0.21197, 0.21197, 0.21197, 0.21197, 0.21197]
Occ Predictions:
[0, 0, 0, 0, 0, 0, 0, 0, 0, 0, 0, 0, 0, 0, 0, 0, 0]
Setpoints:
[[54, 86], [54, 86], [54, 86], [54, 86], [54, 86], [54, 86], [54, 86], [54, 86], [54, 86], [54, 86], [54, 86], [54, 86], [54, 86], [54, 86], [54, 86], [54, 86], [54, 86]]
Time needed to calculate the shortest path:
65.7006840706


2018-07-11 03:49:09
MPC Actions: ['0', '0', '0', '0', '0', '0', '0', '0', '0', '0', '0', '0', '0', '0', '0', '0']
Temperatures following the MPC path:
[79.9, 79.9, 79.875, 79.85000000000001, 79.825, 79.80000000000001, 79.72500000000001, 79.65, 79.575, 79.5, 79.4, 79.30000000000001, 79.22500000000001, 79.15, 79.05000000000001, 78.95, 78.85000000000001]
Safety Constraints:
[[54, 86], [54, 86], [54, 86], [54, 86], [54, 86], [54, 86], [54, 86], [54, 86], [54, 86], [54, 86], [54, 86], [54, 86], [54, 86], [54, 86], [54, 86], [54, 86], [54, 86]]
Prices:
[0.23933, 0.23933, 0.23933, 0.21197, 0.21197, 0.21197, 0.21197, 0.21197, 0.21197, 0.21197, 0.21197, 0.21197, 0.21197, 0.21197, 0.21197, 0.21197, 0.21197]
Occ Predictions:
[0, 0, 0, 0, 0, 0, 0, 0, 0, 0, 0, 0, 0, 0, 0, 0, 0]
Setpoints:
[[54, 86], [54, 86], [54, 86], [54, 86], [54, 86], [54, 86], [54, 86], [54, 86], [54, 86], [54, 86], [54, 86], [54, 86], [54, 86], [54, 86], [54, 86], [54, 86], [54, 86]]
Time needed to calculate the shortest path:
66.5105929375


2018-07-11 04:04:09
MPC Actions: ['0', '0', '0', '0', '0', '0', '0', '0', '0', '0', '0', '0', '0', '0', '0', '0']
Temperatures following the MPC path:
[79.9, 79.85000000000001, 79.80000000000001, 79.75, 79.7, 79.625, 79.55000000000001, 79.47500000000001, 79.4, 79.30000000000001, 79.2, 79.10000000000001, 79.0, 78.875, 78.75, 78.625, 78.525]
Safety Constraints:
[[54, 86], [54, 86], [54, 86], [54, 86], [54, 86], [54, 86], [54, 86], [54, 86], [54, 86], [54, 86], [54, 86], [54, 86], [54, 86], [54, 86], [54, 86], [54, 86], [54, 86]]
Prices:
[0.23933, 0.23933, 0.21197, 0.21197, 0.21197, 0.21197, 0.21197, 0.21197, 0.21197, 0.21197, 0.21197, 0.21197, 0.21197, 0.21197, 0.21197, 0.21197, 0.21197]
Occ Predictions:
[0, 0, 0, 0, 0, 0, 0, 0, 0, 0, 0, 0, 0, 0, 0, 0, 0]
Setpoints:
[[54, 86], [54, 86], [54, 86], [54, 86], [54, 86], [54, 86], [54, 86], [54, 86], [54, 86], [54, 86], [54, 86], [54, 86], [54, 86], [54, 86], [54, 86], [54, 86], [54, 86]]
Time needed to calculate the shortest path:
76.3867259026


2018-07-11 04:19:10
MPC Actions: ['0', '0', '0', '0', '0', '0', '0', '0', '0', '0', '0', '0', '0', '0', '0', '0']
Temperatures following the MPC path:
[79.9, 79.85000000000001, 79.80000000000001, 79.75, 79.65, 79.55000000000001, 79.45, 79.375, 79.25, 79.15, 79.05000000000001, 78.95, 78.825, 78.7, 78.575, 78.45, 78.325]
Safety Constraints:
[[54, 86], [54, 86], [54, 86], [54, 86], [54, 86], [54, 86], [54, 86], [54, 86], [54, 86], [54, 86], [54, 86], [54, 86], [54, 86], [54, 86], [54, 86], [54, 86], [54, 86]]
Prices:
[0.23933, 0.21197, 0.21197, 0.21197, 0.21197, 0.21197, 0.21197, 0.21197, 0.21197, 0.21197, 0.21197, 0.21197, 0.21197, 0.21197, 0.21197, 0.21197, 0.21197]
Occ Predictions:
[0, 0, 0, 0, 0, 0, 0, 0, 0, 0, 0, 0, 0, 0, 0, 0, 0]
Setpoints:
[[54, 86], [54, 86], [54, 86], [54, 86], [54, 86], [54, 86], [54, 86], [54, 86], [54, 86], [54, 86], [54, 86], [54, 86], [54, 86], [54, 86], [54, 86], [54, 86], [54, 86]]
Time needed to calculate the shortest path:
98.7550508976


2018-07-11 04:34:09
MPC Actions: ['0', '0', '0', '0', '0', '0', '0', '0', '0', '0', '0', '0', '0', '0', '0', '0']
Temperatures following the MPC path:
[79.9, 79.85000000000001, 79.80000000000001, 79.7, 79.60000000000001, 79.5, 79.4, 79.275, 79.15, 79.05000000000001, 78.95, 78.825, 78.7, 78.575, 78.45, 78.325, 78.2]
Safety Constraints:
[[54, 86], [54, 86], [54, 86], [54, 86], [54, 86], [54, 86], [54, 86], [54, 86], [54, 86], [54, 86], [54, 86], [54, 86], [54, 86], [54, 86], [54, 86], [54, 86], [54, 86]]
Prices:
[0.21197, 0.21197, 0.21197, 0.21197, 0.21197, 0.21197, 0.21197, 0.21197, 0.21197, 0.21197, 0.21197, 0.21197, 0.21197, 0.21197, 0.21197, 0.21197, 0.21197]
Occ Predictions:
[0, 0, 0, 0, 0, 0, 0, 0, 0, 0, 0, 0, 0, 0, 0, 0, 0]
Setpoints:
[[54, 86], [54, 86], [54, 86], [54, 86], [54, 86], [54, 86], [54, 86], [54, 86], [54, 86], [54, 86], [54, 86], [54, 86], [54, 86], [54, 86], [54, 86], [54, 86], [54, 86]]
Time needed to calculate the shortest path:
110.838982105


2018-07-11 04:49:10
MPC Actions: ['0', '0', '0', '0', '0', '0', '0', '0', '0', '0', '0', '0', '0', '0', '0', '0']
Temperatures following the MPC path:
[79.3, 79.25, 79.17500000000001, 79.10000000000001, 79.025, 78.95, 78.85000000000001, 78.75, 78.65, 78.55000000000001, 78.42500000000001, 78.30000000000001, 78.17500000000001, 78.05000000000001, 77.92500000000001, 77.80000000000001, 77.67500000000001]
Safety Constraints:
[[54, 86], [54, 86], [54, 86], [54, 86], [54, 86], [54, 86], [54, 86], [54, 86], [54, 86], [54, 86], [54, 86], [54, 86], [54, 86], [54, 86], [54, 86], [54, 86], [54, 86]]
Prices:
[0.21197, 0.21197, 0.21197, 0.21197, 0.21197, 0.21197, 0.21197, 0.21197, 0.21197, 0.21197, 0.21197, 0.21197, 0.21197, 0.21197, 0.21197, 0.21197, 0.21197]
Occ Predictions:
[0, 0, 0, 0, 0, 0, 0, 0, 0, 0, 0, 0, 0, 0, 0, 0, 0]
Setpoints:
[[54, 86], [54, 86], [54, 86], [54, 86], [54, 86], [54, 86], [54, 86], [54, 86], [54, 86], [54, 86], [54, 86], [54, 86], [54, 86], [54, 86], [54, 86], [54, 86], [54, 86]]
Time needed to calculate the shortest path:
102.685003996
THERMOSTAT CHANGED MANUALY AT : 2018-07-11 05:04:09 UTC