

2018-07-10 15:08:21
MPC Actions: ['1', '1', '0', '0', '0', '0', '0', '0', '0', '0', '0', '0', '0', '0', '0', '0']
Temperatures following the MPC path:
[71.6, 71.8, 72.0, 72.05, 72.10000000000001, 72.15, 72.2, 72.25, 72.3, 72.35000000000001, 72.4, 72.45, 72.5, 72.60000000000001, 72.7, 72.8, 72.9]
Safety Constraints:
[[54, 86], [54, 86], [54, 86], [54, 86], [54, 86], [54, 86], [54, 86], [54, 86], [54, 86], [54, 86], [54, 86], [54, 86], [54, 86], [54, 86], [54, 86], [54, 86], [54, 86]]
Prices:
[0.21197, 0.21197, 0.23933, 0.23933, 0.23933, 0.23933, 0.23933, 0.23933, 0.23933, 0.23933, 0.23933, 0.23933, 0.23933, 0.23933, 0.23933, 0.23933, 0.26298]
Occ Predictions:
[1, 1, 1, 1, 1, 1, 1, 1, 1, 1, 1, 1, 1, 1, 1, 1, 1]
Setpoints:
[[72, 74], [72, 74], [72, 74], [72, 74], [72, 74], [72, 74], [72, 74], [72, 74], [72, 74], [72, 74], [72, 74], [72, 74], [72, 74], [72, 74], [72, 74], [72, 74], [72, 74]]
Time needed to calculate the shortest path:
23.764770031


2018-07-10 15:23:21
MPC Actions: ['2', '2', '2', '2', '2', '2', '2', '2', '0', '0', '0', '2', '0', '0', '0', '0']
Temperatures following the MPC path:
[75.1, 74.85000000000001, 74.60000000000001, 74.35000000000001, 74.15, 74.0, 73.85000000000001, 73.7, 73.60000000000001, 73.65, 73.7, 73.75, 73.65, 73.75, 73.85000000000001, 73.95, 74.05]
Safety Constraints:
[[54, 86], [54, 86], [54, 86], [54, 86], [54, 86], [54, 86], [54, 86], [54, 86], [54, 86], [54, 86], [54, 86], [54, 86], [54, 86], [54, 86], [54, 86], [54, 86], [54, 86]]
Prices:
[0.21197, 0.23933, 0.23933, 0.23933, 0.23933, 0.23933, 0.23933, 0.23933, 0.23933, 0.23933, 0.23933, 0.23933, 0.23933, 0.23933, 0.23933, 0.26298, 0.26298]
Occ Predictions:
[1, 1, 1, 1, 1, 1, 1, 1, 1, 1, 1, 1, 1, 1, 1, 1, 1]
Setpoints:
[[72, 74], [72, 74], [72, 74], [72, 74], [72, 74], [72, 74], [72, 74], [72, 74], [72, 74], [72, 74], [72, 74], [72, 74], [72, 74], [72, 74], [72, 74], [72, 74], [72, 74]]
Time needed to calculate the shortest path:
30.3826520443


2018-07-10 15:38:21
MPC Actions: ['0', '0', '0', '0', '0', '0', '0', '0', '0', '0', '0', '0', '0', '0', '0', '0']
Temperatures following the MPC path:
[72.6, 72.60000000000001, 72.60000000000001, 72.65, 72.7, 72.75, 72.8, 72.85000000000001, 72.9, 72.95, 73.0, 73.10000000000001, 73.2, 73.3, 73.4, 73.5, 73.60000000000001]
Safety Constraints:
[[54, 86], [54, 86], [54, 86], [54, 86], [54, 86], [54, 86], [54, 86], [54, 86], [54, 86], [54, 86], [54, 86], [54, 86], [54, 86], [54, 86], [54, 86], [54, 86], [54, 86]]
Prices:
[0.23933, 0.23933, 0.23933, 0.23933, 0.23933, 0.23933, 0.23933, 0.23933, 0.23933, 0.23933, 0.23933, 0.23933, 0.23933, 0.23933, 0.26298, 0.26298, 0.26298]
Occ Predictions:
[1, 1, 1, 1, 1, 1, 1, 1, 1, 1, 1, 1, 1, 1, 1, 1, 1]
Setpoints:
[[72, 74], [72, 74], [72, 74], [72, 74], [72, 74], [72, 74], [72, 74], [72, 74], [72, 74], [72, 74], [72, 74], [72, 74], [72, 74], [72, 74], [72, 74], [72, 74], [72, 74]]
Time needed to calculate the shortest path:
22.7452981472


2018-07-10 15:53:21
MPC Actions: ['0', '0', '0', '0', '0', '0', '0', '0', '0', '0', '0', '0', '0', '0', '0', '0']
Temperatures following the MPC path:
[72.1, 72.15, 72.2, 72.25, 72.3, 72.35000000000001, 72.45, 72.5, 72.55, 72.60000000000001, 72.7, 72.8, 72.9, 73.0, 73.10000000000001, 73.2, 73.3]
Safety Constraints:
[[54, 86], [54, 86], [54, 86], [54, 86], [54, 86], [54, 86], [54, 86], [54, 86], [54, 86], [54, 86], [54, 86], [54, 86], [54, 86], [54, 86], [54, 86], [54, 86], [54, 86]]
Prices:
[0.23933, 0.23933, 0.23933, 0.23933, 0.23933, 0.23933, 0.23933, 0.23933, 0.23933, 0.23933, 0.23933, 0.23933, 0.23933, 0.26298, 0.26298, 0.26298, 0.26298]
Occ Predictions:
[1, 1, 1, 1, 1, 1, 1, 1, 1, 1, 1, 1, 1, 1, 1, 1, 1]
Setpoints:
[[72, 74], [72, 74], [72, 74], [72, 74], [72, 74], [72, 74], [72, 74], [72, 74], [72, 74], [72, 74], [72, 74], [72, 74], [72, 74], [72, 74], [72, 74], [72, 74], [72, 74]]
Time needed to calculate the shortest path:
24.5028958321


2018-07-10 16:08:21
MPC Actions: ['0', '0', '0', '0', '0', '0', '0', '0', '0', '0', '0', '0', '0', '0', '0', '0']
Temperatures following the MPC path:
[72.5, 72.55, 72.60000000000001, 72.65, 72.7, 72.75, 72.8, 72.85000000000001, 72.9, 73.0, 73.10000000000001, 73.2, 73.3, 73.4, 73.5, 73.60000000000001, 73.7]
Safety Constraints:
[[54, 86], [54, 86], [54, 86], [54, 86], [54, 86], [54, 86], [54, 86], [54, 86], [54, 86], [54, 86], [54, 86], [54, 86], [54, 86], [54, 86], [54, 86], [54, 86], [54, 86]]
Prices:
[0.23933, 0.23933, 0.23933, 0.23933, 0.23933, 0.23933, 0.23933, 0.23933, 0.23933, 0.23933, 0.23933, 0.23933, 0.26298, 0.26298, 0.26298, 0.26298, 0.26298]
Occ Predictions:
[1, 1, 1, 1, 1, 1, 1, 1, 1, 1, 1, 1, 1, 1, 1, 1, 1]
Setpoints:
[[72, 74], [72, 74], [72, 74], [72, 74], [72, 74], [72, 74], [72, 74], [72, 74], [72, 74], [72, 74], [72, 74], [72, 74], [72, 74], [72, 74], [72, 74], [72, 74], [72, 74]]
Time needed to calculate the shortest path:
25.3965568542


2018-07-10 16:23:21
MPC Actions: ['0', '2', '0', '0', '0', '0', '0', '0', '0', '0', '0', '0', '0', '0', '0', '0']
Temperatures following the MPC path:
[72.7, 72.75, 72.65, 72.7, 72.8, 72.9, 73.0, 73.10000000000001, 73.2, 73.3, 73.4, 73.5, 73.60000000000001, 73.7, 73.8, 73.9, 74.05]
Safety Constraints:
[[54, 86], [54, 86], [54, 86], [54, 86], [54, 86], [54, 86], [54, 86], [54, 86], [54, 86], [54, 86], [54, 86], [54, 86], [54, 86], [54, 86], [54, 86], [54, 86], [54, 86]]
Prices:
[0.23933, 0.23933, 0.23933, 0.23933, 0.23933, 0.23933, 0.23933, 0.23933, 0.23933, 0.23933, 0.23933, 0.26298, 0.26298, 0.26298, 0.26298, 0.26298, 0.26298]
Occ Predictions:
[1, 1, 1, 1, 1, 1, 1, 1, 1, 1, 1, 1, 1, 1, 1, 1, 1]
Setpoints:
[[72, 74], [72, 74], [72, 74], [72, 74], [72, 74], [72, 74], [72, 74], [72, 74], [72, 74], [72, 74], [72, 74], [72, 74], [72, 74], [72, 74], [72, 74], [72, 74], [72, 74]]
Time needed to calculate the shortest path:
25.845307827


2018-07-10 16:38:21
MPC Actions: ['2', '2', '0', '0', '0', '0', '0', '0', '0', '0', '0', '0', '0', '0', '0', '0']
Temperatures following the MPC path:
[73.0, 72.9, 72.8, 72.85000000000001, 72.9, 72.95, 73.0, 73.10000000000001, 73.2, 73.3, 73.4, 73.5, 73.60000000000001, 73.7, 73.8, 73.9, 74.0]
Safety Constraints:
[[54, 86], [54, 86], [54, 86], [54, 86], [54, 86], [54, 86], [54, 86], [54, 86], [54, 86], [54, 86], [54, 86], [54, 86], [54, 86], [54, 86], [54, 86], [54, 86], [54, 86]]
Prices:
[0.23933, 0.23933, 0.23933, 0.23933, 0.23933, 0.23933, 0.23933, 0.23933, 0.23933, 0.23933, 0.26298, 0.26298, 0.26298, 0.26298, 0.26298, 0.26298, 0.26298]
Occ Predictions:
[1, 1, 1, 1, 1, 1, 1, 1, 1, 1, 1, 1, 1, 1, 1, 1, 1]
Setpoints:
[[72, 74], [72, 74], [72, 74], [72, 74], [72, 74], [72, 74], [72, 74], [72, 74], [72, 74], [72, 74], [72, 74], [72, 74], [72, 74], [72, 74], [72, 74], [72, 74], [72, 74]]
Time needed to calculate the shortest path:
25.9600729942


2018-07-10 16:53:21
MPC Actions: ['1', '1', '1', '1', '1', '0', '0', '0', '0', '0', '0', '0', '0', '0', '0', '0']
Temperatures following the MPC path:
[70.8, 71.0, 71.25, 71.5, 71.75, 72.0, 72.10000000000001, 72.2, 72.3, 72.4, 72.5, 72.60000000000001, 72.7, 72.8, 72.95, 73.10000000000001, 73.25]
Safety Constraints:
[[54, 86], [54, 86], [54, 86], [54, 86], [54, 86], [54, 86], [54, 86], [54, 86], [54, 86], [54, 86], [54, 86], [54, 86], [54, 86], [54, 86], [54, 86], [54, 86], [54, 86]]
Prices:
[0.23933, 0.23933, 0.23933, 0.23933, 0.23933, 0.23933, 0.23933, 0.23933, 0.23933, 0.26298, 0.26298, 0.26298, 0.26298, 0.26298, 0.26298, 0.26298, 0.26298]
Occ Predictions:
[1, 1, 1, 1, 1, 1, 1, 1, 1, 1, 1, 1, 1, 1, 1, 1, 1]
Setpoints:
[[72, 74], [72, 74], [72, 74], [72, 74], [72, 74], [72, 74], [72, 74], [72, 74], [72, 74], [72, 74], [72, 74], [72, 74], [72, 74], [72, 74], [72, 74], [72, 74], [72, 74]]
Time needed to calculate the shortest path:
23.6036720276


2018-07-10 17:08:21
MPC Actions: ['2', '2', '2', '2', '2', '2', '2', '2', '0', '0', '0', '0', '0', '0', '0', '0']
Temperatures following the MPC path:
[74.2, 74.05, 73.9, 73.75, 73.60000000000001, 73.5, 73.4, 73.3, 73.2, 73.3, 73.4, 73.5, 73.60000000000001, 73.7, 73.8, 73.9, 74.0]
Safety Constraints:
[[54, 86], [54, 86], [54, 86], [54, 86], [54, 86], [54, 86], [54, 86], [54, 86], [54, 86], [54, 86], [54, 86], [54, 86], [54, 86], [54, 86], [54, 86], [54, 86], [54, 86]]
Prices:
[0.23933, 0.23933, 0.23933, 0.23933, 0.23933, 0.23933, 0.23933, 0.23933, 0.26298, 0.26298, 0.26298, 0.26298, 0.26298, 0.26298, 0.26298, 0.26298, 0.86298, 0.86298, 0.86298, 0.86298, 0.86298]
Occ Predictions:
[1, 1, 1, 1, 1, 1, 1, 1, 1, 1, 1, 1, 1, 1, 1, 1, 1]
Setpoints:
[[72, 74], [72, 74], [72, 74], [72, 74], [72, 74], [72, 74], [72, 74], [72, 74], [72, 74], [72, 74], [72, 74], [72, 74], [72, 74], [72, 74], [72, 74], [72, 74], [72, 74]]
Time needed to calculate the shortest path:
28.7097821236


2018-07-10 17:23:21
MPC Actions: ['2', '2', '2', '2', '0', '2', '0', '0', '0', '0', '2', '0', '0', '0', '0', '0']
Temperatures following the MPC path:
[73.6, 73.5, 73.4, 73.3, 73.2, 73.3, 73.2, 73.3, 73.4, 73.5, 73.60000000000001, 73.5, 73.60000000000001, 73.7, 73.8, 73.9, 74.05]
Safety Constraints:
[[54, 86], [54, 86], [54, 86], [54, 86], [54, 86], [54, 86], [54, 86], [54, 86], [54, 86], [54, 86], [54, 86], [54, 86], [54, 86], [54, 86], [54, 86], [54, 86], [54, 86]]
Prices:
[0.23933, 0.23933, 0.23933, 0.23933, 0.23933, 0.23933, 0.23933, 0.26298, 0.26298, 0.26298, 0.26298, 0.26298, 0.26298, 0.26298, 0.26298, 0.86298, 0.86298, 0.86298, 0.86298, 0.86298, 0.86298, 0.86298, 0.86298, 0.86298, 0.86298]
Occ Predictions:
[1, 1, 1, 1, 1, 1, 1, 1, 1, 1, 1, 1, 1, 1, 1, 1, 1]
Setpoints:
[[72, 74], [72, 74], [72, 74], [72, 74], [72, 74], [72, 74], [72, 74], [72, 74], [72, 74], [72, 74], [72, 74], [72, 74], [72, 74], [72, 74], [72, 74], [72, 74], [72, 74]]
Time needed to calculate the shortest path:
27.4643390179


2018-07-10 17:38:21
MPC Actions: ['1', '1', '1', '1', '1', '0', '0', '0', '0', '0', '0', '0', '0', '0', '0', '0']
Temperatures following the MPC path:
[70.9, 71.15, 71.4, 71.65, 71.9, 72.15, 72.25, 72.35000000000001, 72.45, 72.55, 72.65, 72.75, 72.85000000000001, 72.95, 73.05, 73.2, 73.35000000000001]
Safety Constraints:
[[54, 86], [54, 86], [54, 86], [54, 86], [54, 86], [54, 86], [54, 86], [54, 86], [54, 86], [54, 86], [54, 86], [54, 86], [54, 86], [54, 86], [54, 86], [54, 86], [54, 86]]
Prices:
[0.23933, 0.23933, 0.23933, 0.23933, 0.23933, 0.23933, 0.26298, 0.26298, 0.26298, 0.26298, 0.26298, 0.26298, 0.26298, 0.26298, 0.86298, 0.86298, 0.86298, 0.86298, 0.86298, 0.86298, 0.86298, 0.86298, 0.86298, 0.86298, 0.86298, 0.86298, 0.86298, 0.86298, 0.86298]
Occ Predictions:
[1, 1, 1, 1, 1, 1, 1, 1, 1, 1, 1, 1, 1, 1, 1, 1, 1]
Setpoints:
[[72, 74], [72, 74], [72, 74], [72, 74], [72, 74], [72, 74], [72, 74], [72, 74], [72, 74], [72, 74], [72, 74], [72, 74], [72, 74], [72, 74], [72, 74], [72, 74], [72, 74]]
Time needed to calculate the shortest path:
25.6305148602


2018-07-10 17:53:21
MPC Actions: ['2', '2', '2', '2', '2', '2', '2', '2', '2', '2', '2', '2', '2', '0', '0', '0']
Temperatures following the MPC path:
[75.0, 74.8, 74.65, 74.5, 74.35000000000001, 74.2, 74.10000000000001, 74.0, 73.9, 73.8, 73.7, 73.65, 73.60000000000001, 73.55, 73.7, 73.85000000000001, 74.0]
Safety Constraints:
[[54, 86], [54, 86], [54, 86], [54, 86], [54, 86], [54, 86], [54, 86], [54, 86], [54, 86], [54, 86], [54, 86], [54, 86], [54, 86], [54, 86], [54, 86], [54, 86], [54, 86]]
Prices:
[0.23933, 0.23933, 0.23933, 0.23933, 0.23933, 0.26298, 0.26298, 0.26298, 0.26298, 0.26298, 0.26298, 0.26298, 0.26298, 0.86298, 0.86298, 0.86298, 0.86298, 0.86298, 0.86298, 0.86298, 0.86298, 0.86298, 0.86298, 0.86298, 0.86298, 0.86298, 0.86298, 0.86298, 0.86298, 0.86298, 0.86298, 0.86298, 0.86298]
Occ Predictions:
[1, 1, 1, 1, 1, 1, 1, 1, 1, 1, 1, 1, 1, 1, 1, 1, 1]
Setpoints:
[[72, 74], [72, 74], [72, 74], [72, 74], [72, 74], [72, 74], [72, 74], [72, 74], [72, 74], [72, 74], [72, 74], [72, 74], [72, 74], [72, 74], [72, 74], [72, 74], [72, 74]]
Time needed to calculate the shortest path:
31.4828710556


2018-07-10 18:08:21
MPC Actions: ['2', '2', '2', '2', '2', '2', '2', '2', '0', '0', '0', '0', '0', '0', '0', '0']
Temperatures following the MPC path:
[73.6, 73.5, 73.4, 73.3, 73.2, 73.15, 73.10000000000001, 73.05, 73.0, 73.10000000000001, 73.2, 73.3, 73.4, 73.55, 73.7, 73.85000000000001, 74.0]
Safety Constraints:
[[54, 86], [54, 86], [54, 86], [54, 86], [54, 86], [54, 86], [54, 86], [54, 86], [54, 86], [54, 86], [54, 86], [54, 86], [54, 86], [54, 86], [54, 86], [54, 86], [54, 86]]
Prices:
[0.23933, 0.23933, 0.23933, 0.23933, 0.26298, 0.26298, 0.26298, 0.26298, 0.26298, 0.26298, 0.26298, 0.26298, 0.86298, 0.86298, 0.86298, 0.86298, 0.86298, 0.86298, 0.86298, 0.86298, 0.86298, 0.86298, 0.86298, 0.86298, 0.86298, 0.86298, 0.86298, 0.86298, 0.86298, 0.86298, 0.86298, 0.86298, 0.86298, 0.86298, 0.86298, 0.86298, 0.86298]
Occ Predictions:
[1, 1, 1, 1, 1, 1, 1, 1, 1, 1, 1, 1, 1, 1, 1, 1, 1]
Setpoints:
[[72, 74], [72, 74], [72, 74], [72, 74], [72, 74], [72, 74], [72, 74], [72, 74], [72, 74], [72, 74], [72, 74], [72, 74], [72, 74], [72, 74], [72, 74], [72, 74], [72, 74]]
Time needed to calculate the shortest path:
27.7031359673


2018-07-10 18:23:21
MPC Actions: ['1', '0', '0', '0', '0', '0', '0', '0', '0', '0', '0', '0', '0', '0', '0', '0']
Temperatures following the MPC path:
[71.8, 72.05, 72.15, 72.25, 72.35000000000001, 72.45, 72.55, 72.65, 72.75, 72.85000000000001, 72.95, 73.05, 73.15, 73.25, 73.35000000000001, 73.45, 73.55]
Safety Constraints:
[[54, 86], [54, 86], [54, 86], [54, 86], [54, 86], [54, 86], [54, 86], [54, 86], [54, 86], [54, 86], [54, 86], [54, 86], [54, 86], [54, 86], [54, 86], [54, 86], [54, 86]]
Prices:
[0.23933, 0.23933, 0.23933, 0.26298, 0.26298, 0.26298, 0.26298, 0.26298, 0.26298, 0.26298, 0.26298, 0.86298, 0.86298, 0.86298, 0.86298, 0.86298, 0.86298, 0.86298, 0.86298, 0.86298, 0.86298, 0.86298, 0.86298, 0.86298, 0.86298, 0.86298, 0.86298, 0.86298, 0.86298, 0.86298, 0.86298, 0.86298, 0.86298, 0.86298, 0.86298, 0.86298, 0.86298, 0.86298, 0.86298, 0.86298, 0.86298]
Occ Predictions:
[1, 1, 1, 1, 1, 1, 1, 1, 1, 1, 1, 1, 1, 1, 1, 1, 1]
Setpoints:
[[72, 74], [72, 74], [72, 74], [72, 74], [72, 74], [72, 74], [72, 74], [72, 74], [72, 74], [72, 74], [72, 74], [72, 74], [72, 74], [72, 74], [72, 74], [72, 74], [72, 74]]
Time needed to calculate the shortest path:
26.736577034
THERMOSTAT CHANGED MANUALY AT : 2018-07-10 18:38:21 UTC

2018-07-10 20:47:35
MPC Actions: ['2', '2', '2', '2', '2', '2', '2', '2', '2', '2', '2', '2', '2', '2', '0', '0']
Temperatures following the MPC path:
[77.1, 76.72500000000001, 76.4, 76.10000000000001, 75.825, 75.55, 75.3, 75.075, 74.85000000000001, 74.65, 74.47500000000001, 74.3, 74.15, 74.0, 73.85000000000001, 73.9, 73.95]
Safety Constraints:
[[54, 86], [54, 86], [54, 86], [54, 86], [54, 86], [54, 86], [54, 86], [54, 86], [54, 86], [54, 86], [54, 86], [54, 86], [54, 86], [54, 86], [54, 86], [54, 86], [54, 86]]
Prices:
[0.26298, 0.86298, 0.86298, 0.86298, 0.86298, 0.86298, 0.86298, 0.86298, 0.86298, 0.86298, 0.86298, 0.86298, 0.86298, 0.86298, 0.86298, 0.86298, 0.86298, 0.86298, 0.86298, 0.86298, 0.86298, 0.86298, 0.86298, 0.86298, 0.86298, 0.86298, 0.86298, 0.86298, 0.86298, 0.86298, 0.86298, 0.86298, 0.86298, 0.86298, 0.86298, 0.86298, 0.86298, 0.86298, 0.86298, 0.86298, 0.86298, 0.86298, 0.86298, 0.86298, 0.86298, 0.86298, 0.86298, 0.86298, 0.86298, 0.86298, 0.86298, 0.86298, 0.86298, 0.86298, 0.86298, 0.86298, 0.86298, 0.86298, 0.86298, 0.86298, 0.86298, 0.86298, 0.86298, 0.86298, 0.86298, 0.86298, 0.86298, 0.86298, 0.86298, 0.86298, 0.86298, 0.86298, 0.86298, 0.86298, 0.86298, 0.86298, 0.86298, 0.86298, 0.86298, 0.86298, 0.86298]
Occ Predictions:
[1, 1, 1, 1, 1, 1, 1, 1, 1, 1, 1, 1, 1, 1, 1, 1, 1]
Setpoints:
[[72, 74], [72, 74], [72, 74], [72, 74], [72, 74], [72, 74], [72, 74], [72, 74], [72, 74], [72, 74], [72, 74], [72, 74], [72, 74], [72, 74], [72, 74], [72, 74], [72, 74]]
Time needed to calculate the shortest path:
53.5577809811


2018-07-10 21:02:35
MPC Actions: ['2', '2', '2', '2', '2', '2', '2', '2', '2', '2', '2', '0', '0', '0', '0', '0']
Temperatures following the MPC path:
[75.8, 75.55, 75.3, 75.075, 74.85000000000001, 74.65, 74.47500000000001, 74.3, 74.15, 74.0, 73.85000000000001, 73.72500000000001, 73.8, 73.85000000000001, 73.9, 73.95, 74.0]
Safety Constraints:
[[54, 86], [54, 86], [54, 86], [54, 86], [54, 86], [54, 86], [54, 86], [54, 86], [54, 86], [54, 86], [54, 86], [54, 86], [54, 86], [54, 86], [54, 86], [54, 86], [54, 86]]
Prices:
[0.86298, 0.86298, 0.86298, 0.86298, 0.86298, 0.86298, 0.86298, 0.86298, 0.86298, 0.86298, 0.86298, 0.86298, 0.86298, 0.86298, 0.86298, 0.86298, 0.86298, 0.86298, 0.86298, 0.86298, 0.86298, 0.86298, 0.86298, 0.86298, 0.86298, 0.86298, 0.86298, 0.86298, 0.86298, 0.86298, 0.86298, 0.86298, 0.86298, 0.86298, 0.86298, 0.86298, 0.86298, 0.86298, 0.86298, 0.86298, 0.86298, 0.86298, 0.86298, 0.86298, 0.86298, 0.86298, 0.86298, 0.86298, 0.86298, 0.86298, 0.86298, 0.86298, 0.86298, 0.86298, 0.86298, 0.86298, 0.86298, 0.86298, 0.86298, 0.86298, 0.86298, 0.86298, 0.86298, 0.86298, 0.86298, 0.86298, 0.86298, 0.86298, 0.86298, 0.86298, 0.86298, 0.86298, 0.86298, 0.86298, 0.86298, 0.86298, 0.86298, 0.86298, 0.86298, 0.86298, 0.23933]
Occ Predictions:
[1, 1, 1, 1, 1, 1, 1, 1, 1, 1, 1, 1, 1, 1, 1, 1, 1]
Setpoints:
[[72, 74], [72, 74], [72, 74], [72, 74], [72, 74], [72, 74], [72, 74], [72, 74], [72, 74], [72, 74], [72, 74], [72, 74], [72, 74], [72, 74], [72, 74], [72, 74], [72, 74]]
Time needed to calculate the shortest path:
48.2545540333


2018-07-10 21:17:35
MPC Actions: ['2', '2', '2', '2', '2', '2', '2', '2', '2', '2', '0', '0', '0', '0', '0', '0']
Temperatures following the MPC path:
[74.9, 74.7, 74.525, 74.35000000000001, 74.2, 74.05, 73.925, 73.8, 73.675, 73.575, 73.47500000000001, 73.55, 73.625, 73.7, 73.775, 73.85000000000001, 73.9]
Safety Constraints:
[[54, 86], [54, 86], [54, 86], [54, 86], [54, 86], [54, 86], [54, 86], [54, 86], [54, 86], [54, 86], [54, 86], [54, 86], [54, 86], [54, 86], [54, 86], [54, 86], [54, 86]]
Prices:
[0.86298, 0.86298, 0.86298, 0.86298, 0.86298, 0.86298, 0.86298, 0.86298, 0.86298, 0.86298, 0.86298, 0.86298, 0.86298, 0.86298, 0.86298, 0.86298, 0.86298, 0.86298, 0.86298, 0.86298, 0.86298, 0.86298, 0.86298, 0.86298, 0.86298, 0.86298, 0.86298, 0.86298, 0.86298, 0.86298, 0.86298, 0.86298, 0.86298, 0.86298, 0.86298, 0.86298, 0.86298, 0.86298, 0.86298, 0.86298, 0.86298, 0.86298, 0.86298, 0.86298, 0.86298, 0.86298, 0.86298, 0.86298, 0.86298, 0.86298, 0.86298, 0.86298, 0.86298, 0.86298, 0.86298, 0.86298, 0.86298, 0.86298, 0.86298, 0.86298, 0.86298, 0.86298, 0.86298, 0.86298, 0.86298, 0.86298, 0.86298, 0.86298, 0.86298, 0.86298, 0.86298, 0.86298, 0.86298, 0.86298, 0.86298, 0.23933, 0.23933]
Occ Predictions:
[1, 1, 1, 1, 1, 1, 1, 1, 1, 1, 1, 1, 1, 1, 1, 1, 1]
Setpoints:
[[72, 74], [72, 74], [72, 74], [72, 74], [72, 74], [72, 74], [72, 74], [72, 74], [72, 74], [72, 74], [72, 74], [72, 74], [72, 74], [72, 74], [72, 74], [72, 74], [72, 74]]
Time needed to calculate the shortest path:
45.9823489189


2018-07-10 21:32:35
MPC Actions: ['0', '0', '0', '0', '0', '0', '0', '0', '0', '0', '0', '0', '0', '0', '0', '0']
Temperatures following the MPC path:
[72.8, 72.875, 72.95, 73.025, 73.10000000000001, 73.175, 73.25, 73.325, 73.4, 73.47500000000001, 73.55, 73.625, 73.7, 73.775, 73.85000000000001, 73.9, 73.95]
Safety Constraints:
[[54, 86], [54, 86], [54, 86], [54, 86], [54, 86], [54, 86], [54, 86], [54, 86], [54, 86], [54, 86], [54, 86], [54, 86], [54, 86], [54, 86], [54, 86], [54, 86], [54, 86]]
Prices:
[0.86298, 0.86298, 0.86298, 0.86298, 0.86298, 0.86298, 0.86298, 0.86298, 0.86298, 0.86298, 0.86298, 0.86298, 0.86298, 0.86298, 0.86298, 0.86298, 0.86298, 0.86298, 0.86298, 0.86298, 0.86298, 0.86298, 0.86298, 0.86298, 0.86298, 0.86298, 0.86298, 0.86298, 0.86298, 0.86298, 0.86298, 0.86298, 0.86298, 0.86298, 0.86298, 0.86298, 0.86298, 0.86298, 0.86298, 0.86298, 0.86298, 0.86298, 0.86298, 0.86298, 0.86298, 0.86298, 0.86298, 0.86298, 0.86298, 0.86298, 0.86298, 0.86298, 0.86298, 0.86298, 0.86298, 0.86298, 0.86298, 0.86298, 0.86298, 0.86298, 0.86298, 0.86298, 0.86298, 0.86298, 0.86298, 0.86298, 0.86298, 0.86298, 0.86298, 0.86298, 0.23933, 0.23933, 0.23933]
Occ Predictions:
[1, 1, 1, 1, 1, 1, 1, 1, 1, 1, 1, 1, 1, 1, 1, 1, 0]
Setpoints:
[[72, 74], [72, 74], [72, 74], [72, 74], [72, 74], [72, 74], [72, 74], [72, 74], [72, 74], [72, 74], [72, 74], [72, 74], [72, 74], [72, 74], [72, 74], [72, 74], [54, 86]]
Time needed to calculate the shortest path:
39.21950984


2018-07-10 21:47:35
MPC Actions: ['0', '0', '0', '0', '0', '0', '0', '0', '0', '0', '0', '0', '0', '0', '0', '0']
Temperatures following the MPC path:
[73.0, 73.075, 73.15, 73.22500000000001, 73.3, 73.375, 73.45, 73.525, 73.60000000000001, 73.675, 73.75, 73.825, 73.9, 73.97500000000001, 74.025, 74.075, 74.125]
Safety Constraints:
[[54, 86], [54, 86], [54, 86], [54, 86], [54, 86], [54, 86], [54, 86], [54, 86], [54, 86], [54, 86], [54, 86], [54, 86], [54, 86], [54, 86], [54, 86], [54, 86], [54, 86]]
Prices:
[0.86298, 0.86298, 0.86298, 0.86298, 0.86298, 0.86298, 0.86298, 0.86298, 0.86298, 0.86298, 0.86298, 0.86298, 0.86298, 0.86298, 0.86298, 0.86298, 0.86298, 0.86298, 0.86298, 0.86298, 0.86298, 0.86298, 0.86298, 0.86298, 0.86298, 0.86298, 0.86298, 0.86298, 0.86298, 0.86298, 0.86298, 0.86298, 0.86298, 0.86298, 0.86298, 0.86298, 0.86298, 0.86298, 0.86298, 0.86298, 0.86298, 0.86298, 0.86298, 0.86298, 0.86298, 0.86298, 0.86298, 0.86298, 0.86298, 0.86298, 0.86298, 0.86298, 0.86298, 0.86298, 0.86298, 0.86298, 0.86298, 0.86298, 0.86298, 0.86298, 0.86298, 0.86298, 0.86298, 0.86298, 0.86298, 0.23933, 0.23933, 0.23933, 0.23933]
Occ Predictions:
[1, 1, 1, 1, 1, 1, 1, 1, 1, 1, 1, 1, 1, 1, 1, 0, 0]
Setpoints:
[[72, 74], [72, 74], [72, 74], [72, 74], [72, 74], [72, 74], [72, 74], [72, 74], [72, 74], [72, 74], [72, 74], [72, 74], [72, 74], [72, 74], [72, 74], [54, 86], [54, 86]]
Time needed to calculate the shortest path:
39.1039910316


2018-07-10 22:02:34
MPC Actions: ['2', '2', '2', '2', '2', '2', '2', '2', '0', '0', '0', '0', '0', '0', '0', '0']
Temperatures following the MPC path:
[74.8, 74.625, 74.45, 74.3, 74.15, 74.025, 73.9, 73.775, 73.675, 73.75, 73.825, 73.9, 73.97500000000001, 74.025, 74.075, 74.125, 74.175]
Safety Constraints:
[[54, 86], [54, 86], [54, 86], [54, 86], [54, 86], [54, 86], [54, 86], [54, 86], [54, 86], [54, 86], [54, 86], [54, 86], [54, 86], [54, 86], [54, 86], [54, 86], [54, 86]]
Prices:
[0.86298, 0.86298, 0.86298, 0.86298, 0.86298, 0.86298, 0.86298, 0.86298, 0.86298, 0.86298, 0.86298, 0.86298, 0.86298, 0.86298, 0.86298, 0.86298, 0.86298, 0.86298, 0.86298, 0.86298, 0.86298, 0.86298, 0.86298, 0.86298, 0.86298, 0.86298, 0.86298, 0.86298, 0.86298, 0.86298, 0.86298, 0.86298, 0.86298, 0.86298, 0.86298, 0.86298, 0.86298, 0.86298, 0.86298, 0.86298, 0.86298, 0.86298, 0.86298, 0.86298, 0.86298, 0.86298, 0.86298, 0.86298, 0.86298, 0.86298, 0.86298, 0.86298, 0.86298, 0.86298, 0.86298, 0.86298, 0.86298, 0.86298, 0.86298, 0.86298, 0.23933, 0.23933, 0.23933, 0.23933, 0.23933]
Occ Predictions:
[1, 1, 1, 1, 1, 1, 1, 1, 1, 1, 1, 1, 1, 1, 0, 0, 0]
Setpoints:
[[72, 74], [72, 74], [72, 74], [72, 74], [72, 74], [72, 74], [72, 74], [72, 74], [72, 74], [72, 74], [72, 74], [72, 74], [72, 74], [72, 74], [54, 86], [54, 86], [54, 86]]
Time needed to calculate the shortest path:
46.4523301125


2018-07-10 22:04:09
MPC Actions: ['2', '2', '2', '2', '2', '2', '2', '2', '2', '0', '0', '0', '0', '0', '0', '0']
Temperatures following the MPC path:
[75.0, 74.8, 74.625, 74.45, 74.3, 74.15, 74.025, 73.9, 73.775, 73.65, 73.72500000000001, 73.8, 73.875, 73.925, 73.97500000000001, 74.025, 74.075]
Safety Constraints:
[[54, 86], [54, 86], [54, 86], [54, 86], [54, 86], [54, 86], [54, 86], [54, 86], [54, 86], [54, 86], [54, 86], [54, 86], [54, 86], [54, 86], [54, 86], [54, 86], [54, 86]]
Prices:
[0.86298, 0.86298, 0.86298, 0.86298, 0.86298, 0.86298, 0.86298, 0.86298, 0.86298, 0.86298, 0.86298, 0.86298, 0.86298, 0.86298, 0.86298, 0.86298, 0.86298, 0.86298, 0.86298, 0.86298, 0.86298, 0.86298, 0.86298, 0.86298, 0.86298, 0.86298, 0.86298, 0.86298, 0.86298, 0.86298, 0.86298, 0.86298, 0.86298, 0.86298, 0.86298, 0.86298, 0.86298, 0.86298, 0.86298, 0.86298, 0.86298, 0.86298, 0.86298, 0.86298, 0.86298, 0.86298, 0.86298, 0.86298, 0.86298, 0.86298, 0.86298, 0.86298, 0.86298, 0.86298, 0.86298, 0.86298, 0.86298, 0.86298, 0.86298, 0.86298, 0.23933, 0.23933, 0.23933, 0.23933, 0.23933]
Occ Predictions:
[1, 1, 1, 1, 1, 1, 1, 1, 1, 1, 1, 1, 1, 1, 0, 0, 0]
Setpoints:
[[72, 74], [72, 74], [72, 74], [72, 74], [72, 74], [72, 74], [72, 74], [72, 74], [72, 74], [72, 74], [72, 74], [72, 74], [72, 74], [72, 74], [54, 86], [54, 86], [54, 86]]
Time needed to calculate the shortest path:
91.8386359215


2018-07-10 22:19:09
MPC Actions: ['2', '2', '2', '2', '2', '0', '0', '0', '0', '0', '0', '0', '0', '0', '0', '0']
Temperatures following the MPC path:
[74.0, 73.875, 73.75, 73.65, 73.55, 73.45, 73.525, 73.60000000000001, 73.675, 73.75, 73.825, 73.9, 73.95, 74.0, 74.05, 74.10000000000001, 74.15]
Safety Constraints:
[[54, 86], [54, 86], [54, 86], [54, 86], [54, 86], [54, 86], [54, 86], [54, 86], [54, 86], [54, 86], [54, 86], [54, 86], [54, 86], [54, 86], [54, 86], [54, 86], [54, 86]]
Prices:
[0.86298, 0.86298, 0.86298, 0.86298, 0.86298, 0.86298, 0.86298, 0.86298, 0.86298, 0.86298, 0.86298, 0.86298, 0.86298, 0.86298, 0.86298, 0.86298, 0.86298, 0.86298, 0.86298, 0.86298, 0.86298, 0.86298, 0.86298, 0.86298, 0.86298, 0.86298, 0.86298, 0.86298, 0.86298, 0.86298, 0.86298, 0.86298, 0.86298, 0.86298, 0.86298, 0.86298, 0.86298, 0.86298, 0.86298, 0.86298, 0.86298, 0.86298, 0.86298, 0.86298, 0.86298, 0.86298, 0.86298, 0.86298, 0.86298, 0.86298, 0.86298, 0.86298, 0.86298, 0.86298, 0.86298, 0.23933, 0.23933, 0.23933, 0.23933, 0.23933, 0.23933]
Occ Predictions:
[1, 1, 1, 1, 1, 1, 1, 1, 1, 1, 1, 1, 1, 0, 0, 0, 0]
Setpoints:
[[72, 74], [72, 74], [72, 74], [72, 74], [72, 74], [72, 74], [72, 74], [72, 74], [72, 74], [72, 74], [72, 74], [72, 74], [72, 74], [54, 86], [54, 86], [54, 86], [54, 86]]
Time needed to calculate the shortest path:
85.4382350445


2018-07-10 22:34:09
MPC Actions: ['0', '0', '0', '0', '0', '0', '0', '0', '0', '0', '0', '0', '0', '0', '0', '0']
Temperatures following the MPC path:
[72.6, 72.7, 72.8, 72.9, 73.0, 73.10000000000001, 73.2, 73.275, 73.35000000000001, 73.425, 73.5, 73.575, 73.625, 73.675, 73.72500000000001, 73.775, 73.825]
Safety Constraints:
[[54, 86], [54, 86], [54, 86], [54, 86], [54, 86], [54, 86], [54, 86], [54, 86], [54, 86], [54, 86], [54, 86], [54, 86], [54, 86], [54, 86], [54, 86], [54, 86], [54, 86]]
Prices:
[0.86298, 0.86298, 0.86298, 0.86298, 0.86298, 0.86298, 0.86298, 0.86298, 0.86298, 0.86298, 0.86298, 0.86298, 0.86298, 0.86298, 0.86298, 0.86298, 0.86298, 0.86298, 0.86298, 0.86298, 0.86298, 0.86298, 0.86298, 0.86298, 0.86298, 0.86298, 0.86298, 0.86298, 0.86298, 0.86298, 0.86298, 0.86298, 0.86298, 0.86298, 0.86298, 0.86298, 0.86298, 0.86298, 0.86298, 0.86298, 0.86298, 0.86298, 0.86298, 0.86298, 0.86298, 0.86298, 0.86298, 0.86298, 0.86298, 0.86298, 0.23933, 0.23933, 0.23933, 0.23933, 0.23933, 0.23933, 0.23933]
Occ Predictions:
[1, 1, 1, 1, 1, 1, 1, 1, 1, 1, 1, 1, 0, 0, 0, 0, 0]
Setpoints:
[[72, 74], [72, 74], [72, 74], [72, 74], [72, 74], [72, 74], [72, 74], [72, 74], [72, 74], [72, 74], [72, 74], [72, 74], [54, 86], [54, 86], [54, 86], [54, 86], [54, 86]]
Time needed to calculate the shortest path:
70.6391329765


2018-07-10 22:49:09
MPC Actions: ['0', '0', '0', '0', '0', '0', '0', '0', '0', '0', '0', '0', '0', '0', '0', '0']
Temperatures following the MPC path:
[73.1, 73.2, 73.3, 73.4, 73.5, 73.60000000000001, 73.675, 73.75, 73.825, 73.9, 73.97500000000001, 74.05, 74.125, 74.2, 74.25, 74.3, 74.35000000000001]
Safety Constraints:
[[54, 86], [54, 86], [54, 86], [54, 86], [54, 86], [54, 86], [54, 86], [54, 86], [54, 86], [54, 86], [54, 86], [54, 86], [54, 86], [54, 86], [54, 86], [54, 86], [54, 86]]
Prices:
[0.86298, 0.86298, 0.86298, 0.86298, 0.86298, 0.86298, 0.86298, 0.86298, 0.86298, 0.86298, 0.86298, 0.86298, 0.86298, 0.86298, 0.86298, 0.86298, 0.86298, 0.86298, 0.86298, 0.86298, 0.86298, 0.86298, 0.86298, 0.86298, 0.86298, 0.86298, 0.86298, 0.86298, 0.86298, 0.86298, 0.86298, 0.86298, 0.86298, 0.86298, 0.86298, 0.86298, 0.86298, 0.86298, 0.86298, 0.86298, 0.86298, 0.86298, 0.86298, 0.86298, 0.86298, 0.23933, 0.23933, 0.23933, 0.23933, 0.23933, 0.23933, 0.23933, 0.23933]
Occ Predictions:
[1, 1, 1, 1, 1, 1, 1, 1, 1, 1, 1, 0, 0, 0, 0, 0, 0]
Setpoints:
[[72, 74], [72, 74], [72, 74], [72, 74], [72, 74], [72, 74], [72, 74], [72, 74], [72, 74], [72, 74], [72, 74], [54, 86], [54, 86], [54, 86], [54, 86], [54, 86], [54, 86]]
Time needed to calculate the shortest path:
81.7499408722


2018-07-10 23:04:09
MPC Actions: ['2', '2', '2', '2', '2', '2', '2', '2', '2', '0', '0', '0', '0', '0', '0', '0']
Temperatures following the MPC path:
[75.4, 75.2, 75.0, 74.825, 74.65, 74.47500000000001, 74.325, 74.175, 74.05, 73.9, 73.95, 74.0, 74.05, 74.10000000000001, 74.15, 74.2, 74.25]
Safety Constraints:
[[54, 86], [54, 86], [54, 86], [54, 86], [54, 86], [54, 86], [54, 86], [54, 86], [54, 86], [54, 86], [54, 86], [54, 86], [54, 86], [54, 86], [54, 86], [54, 86], [54, 86]]
Prices:
[0.86298, 0.86298, 0.86298, 0.86298, 0.86298, 0.86298, 0.86298, 0.86298, 0.86298, 0.86298, 0.86298, 0.86298, 0.86298, 0.86298, 0.86298, 0.86298, 0.86298, 0.86298, 0.86298, 0.86298, 0.86298, 0.86298, 0.86298, 0.86298, 0.86298, 0.86298, 0.86298, 0.86298, 0.86298, 0.86298, 0.86298, 0.86298, 0.86298, 0.86298, 0.86298, 0.86298, 0.86298, 0.86298, 0.86298, 0.86298, 0.23933, 0.23933, 0.23933, 0.23933, 0.23933, 0.23933, 0.23933, 0.23933, 0.23933]
Occ Predictions:
[1, 1, 1, 1, 1, 1, 1, 1, 1, 1, 0, 0, 0, 0, 0, 0, 0]
Setpoints:
[[72, 74], [72, 74], [72, 74], [72, 74], [72, 74], [72, 74], [72, 74], [72, 74], [72, 74], [72, 74], [54, 86], [54, 86], [54, 86], [54, 86], [54, 86], [54, 86], [54, 86]]
Time needed to calculate the shortest path:
97.0328450203


2018-07-10 23:19:09
MPC Actions: ['2', '2', '2', '2', '2', '2', '0', '0', '0', '0', '0', '0', '0', '0', '0', '0']
Temperatures following the MPC path:
[74.8, 74.625, 74.45, 74.3, 74.15, 74.0, 73.875, 73.95, 74.0, 74.05, 74.10000000000001, 74.15, 74.2, 74.25, 74.3, 74.35000000000001, 74.375]
Safety Constraints:
[[54, 86], [54, 86], [54, 86], [54, 86], [54, 86], [54, 86], [54, 86], [54, 86], [54, 86], [54, 86], [54, 86], [54, 86], [54, 86], [54, 86], [54, 86], [54, 86], [54, 86]]
Prices:
[0.86298, 0.86298, 0.86298, 0.86298, 0.86298, 0.86298, 0.86298, 0.86298, 0.86298, 0.86298, 0.86298, 0.86298, 0.86298, 0.86298, 0.86298, 0.86298, 0.86298, 0.86298, 0.86298, 0.86298, 0.86298, 0.86298, 0.86298, 0.86298, 0.86298, 0.86298, 0.86298, 0.86298, 0.86298, 0.86298, 0.86298, 0.86298, 0.86298, 0.86298, 0.86298, 0.23933, 0.23933, 0.23933, 0.23933, 0.23933, 0.23933, 0.23933, 0.23933, 0.23933, 0.23933]
Occ Predictions:
[1, 1, 1, 1, 1, 1, 1, 1, 1, 0, 0, 0, 0, 0, 0, 0, 0]
Setpoints:
[[72, 74], [72, 74], [72, 74], [72, 74], [72, 74], [72, 74], [72, 74], [72, 74], [72, 74], [54, 86], [54, 86], [54, 86], [54, 86], [54, 86], [54, 86], [54, 86], [54, 86]]
Time needed to calculate the shortest path:
93.1856839657


2018-07-10 23:34:09
MPC Actions: ['0', '0', '0', '0', '0', '0', '0', '0', '0', '0', '0', '0', '0', '0', '0', '0']
Temperatures following the MPC path:
[72.8, 72.9, 73.0, 73.075, 73.15, 73.22500000000001, 73.3, 73.375, 73.45, 73.525, 73.60000000000001, 73.65, 73.7, 73.75, 73.8, 73.825, 73.85000000000001]
Safety Constraints:
[[54, 86], [54, 86], [54, 86], [54, 86], [54, 86], [54, 86], [54, 86], [54, 86], [54, 86], [54, 86], [54, 86], [54, 86], [54, 86], [54, 86], [54, 86], [54, 86], [54, 86]]
Prices:
[0.86298, 0.86298, 0.86298, 0.86298, 0.86298, 0.86298, 0.86298, 0.86298, 0.86298, 0.86298, 0.86298, 0.86298, 0.86298, 0.86298, 0.86298, 0.86298, 0.86298, 0.86298, 0.86298, 0.86298, 0.86298, 0.86298, 0.86298, 0.86298, 0.86298, 0.86298, 0.86298, 0.86298, 0.86298, 0.86298, 0.23933, 0.23933, 0.23933, 0.23933, 0.23933, 0.23933, 0.23933, 0.23933, 0.23933, 0.23933, 0.23933]
Occ Predictions:
[1, 1, 1, 1, 1, 1, 1, 1, 0, 0, 0, 0, 0, 0, 0, 0, 0]
Setpoints:
[[72, 74], [72, 74], [72, 74], [72, 74], [72, 74], [72, 74], [72, 74], [72, 74], [54, 86], [54, 86], [54, 86], [54, 86], [54, 86], [54, 86], [54, 86], [54, 86], [54, 86]]
Time needed to calculate the shortest path:
75.9814240932


2018-07-10 23:49:09
MPC Actions: ['0', '0', '0', '0', '0', '0', '0', '0', '0', '0', '0', '0', '0', '0', '0', '0']
Temperatures following the MPC path:
[73.0, 73.10000000000001, 73.175, 73.25, 73.325, 73.4, 73.45, 73.5, 73.55, 73.60000000000001, 73.65, 73.7, 73.75, 73.8, 73.825, 73.85000000000001, 73.875]
Safety Constraints:
[[54, 86], [54, 86], [54, 86], [54, 86], [54, 86], [54, 86], [54, 86], [54, 86], [54, 86], [54, 86], [54, 86], [54, 86], [54, 86], [54, 86], [54, 86], [54, 86], [54, 86]]
Prices:
[0.86298, 0.86298, 0.86298, 0.86298, 0.86298, 0.86298, 0.86298, 0.86298, 0.86298, 0.86298, 0.86298, 0.86298, 0.86298, 0.86298, 0.86298, 0.86298, 0.86298, 0.86298, 0.86298, 0.86298, 0.86298, 0.86298, 0.86298, 0.86298, 0.86298, 0.23933, 0.23933, 0.23933, 0.23933, 0.23933, 0.23933, 0.23933, 0.23933, 0.23933, 0.23933, 0.23933, 0.23933]
Occ Predictions:
[1, 1, 1, 1, 1, 1, 1, 0, 0, 0, 0, 0, 0, 0, 0, 0, 0]
Setpoints:
[[72, 74], [72, 74], [72, 74], [72, 74], [72, 74], [72, 74], [72, 74], [54, 86], [54, 86], [54, 86], [54, 86], [54, 86], [54, 86], [54, 86], [54, 86], [54, 86], [54, 86]]
Time needed to calculate the shortest path:
79.7793550491


2018-07-11 00:04:09
MPC Actions: ['2', '2', '2', '2', '2', '0', '0', '0', '0', '0', '0', '0', '0', '0', '0', '0']
Temperatures following the MPC path:
[74.9, 74.72500000000001, 74.55, 74.4, 74.25, 74.10000000000001, 74.15, 74.2, 74.25, 74.3, 74.35000000000001, 74.4, 74.45, 74.47500000000001, 74.5, 74.525, 74.55]
Safety Constraints:
[[54, 86], [54, 86], [54, 86], [54, 86], [54, 86], [54, 86], [54, 86], [54, 86], [54, 86], [54, 86], [54, 86], [54, 86], [54, 86], [54, 86], [54, 86], [54, 86], [54, 86]]
Prices:
[0.86298, 0.86298, 0.86298, 0.86298, 0.86298, 0.86298, 0.86298, 0.86298, 0.86298, 0.86298, 0.86298, 0.86298, 0.86298, 0.86298, 0.86298, 0.86298, 0.86298, 0.86298, 0.86298, 0.86298, 0.23933, 0.23933, 0.23933, 0.23933, 0.23933, 0.23933, 0.23933, 0.23933, 0.23933, 0.23933, 0.23933, 0.23933, 0.23933]
Occ Predictions:
[1, 1, 1, 1, 1, 1, 0, 0, 0, 0, 0, 0, 0, 0, 0, 0, 0]
Setpoints:
[[72, 74], [72, 74], [72, 74], [72, 74], [72, 74], [72, 74], [54, 86], [54, 86], [54, 86], [54, 86], [54, 86], [54, 86], [54, 86], [54, 86], [54, 86], [54, 86], [54, 86]]
Time needed to calculate the shortest path:
95.6442849636


2018-07-11 00:19:09
MPC Actions: ['2', '2', '2', '2', '0', '0', '0', '0', '0', '0', '0', '0', '0', '0', '0', '0']
Temperatures following the MPC path:
[74.6, 74.425, 74.275, 74.125, 73.97500000000001, 74.025, 74.075, 74.125, 74.175, 74.22500000000001, 74.275, 74.325, 74.35000000000001, 74.375, 74.4, 74.425, 74.425]
Safety Constraints:
[[54, 86], [54, 86], [54, 86], [54, 86], [54, 86], [54, 86], [54, 86], [54, 86], [54, 86], [54, 86], [54, 86], [54, 86], [54, 86], [54, 86], [54, 86], [54, 86], [54, 86]]
Prices:
[0.86298, 0.86298, 0.86298, 0.86298, 0.86298, 0.86298, 0.86298, 0.86298, 0.86298, 0.86298, 0.86298, 0.86298, 0.86298, 0.86298, 0.86298, 0.23933, 0.23933, 0.23933, 0.23933, 0.23933, 0.23933, 0.23933, 0.23933, 0.23933, 0.23933, 0.23933, 0.23933, 0.23933, 0.23933]
Occ Predictions:
[1, 1, 1, 1, 1, 0, 0, 0, 0, 0, 0, 0, 0, 0, 0, 0, 0]
Setpoints:
[[72, 74], [72, 74], [72, 74], [72, 74], [72, 74], [54, 86], [54, 86], [54, 86], [54, 86], [54, 86], [54, 86], [54, 86], [54, 86], [54, 86], [54, 86], [54, 86], [54, 86]]
Time needed to calculate the shortest path:
91.9302709103


2018-07-11 00:34:10
MPC Actions: ['1', '0', '0', '0', '0', '0', '0', '0', '0', '0', '0', '0', '0', '0', '0', '0']
Temperatures following the MPC path:
[71.9, 72.15, 72.25, 72.325, 72.4, 72.47500000000001, 72.55, 72.60000000000001, 72.65, 72.7, 72.75, 72.775, 72.8, 72.825, 72.85000000000001, 72.85000000000001, 72.85000000000001]
Safety Constraints:
[[54, 86], [54, 86], [54, 86], [54, 86], [54, 86], [54, 86], [54, 86], [54, 86], [54, 86], [54, 86], [54, 86], [54, 86], [54, 86], [54, 86], [54, 86], [54, 86], [54, 86]]
Prices:
[0.86298, 0.86298, 0.86298, 0.86298, 0.86298, 0.86298, 0.86298, 0.86298, 0.86298, 0.86298, 0.23933, 0.23933, 0.23933, 0.23933, 0.23933, 0.23933, 0.23933, 0.23933, 0.23933, 0.23933, 0.23933, 0.23933, 0.23933, 0.23933, 0.21197]
Occ Predictions:
[1, 1, 1, 1, 0, 0, 0, 0, 0, 0, 0, 0, 0, 0, 0, 0, 0]
Setpoints:
[[72, 74], [72, 74], [72, 74], [72, 74], [54, 86], [54, 86], [54, 86], [54, 86], [54, 86], [54, 86], [54, 86], [54, 86], [54, 86], [54, 86], [54, 86], [54, 86], [54, 86]]
Time needed to calculate the shortest path:
70.7475419044


2018-07-11 00:49:09
MPC Actions: ['2', '2', '0', '0', '0', '0', '0', '0', '0', '0', '0', '0', '0', '0', '0', '0']
Temperatures following the MPC path:
[76.0, 75.75, 75.5, 75.55, 75.60000000000001, 75.65, 75.675, 75.7, 75.72500000000001, 75.75, 75.75, 75.75, 75.75, 75.75, 75.75, 75.75, 75.75]
Safety Constraints:
[[54, 86], [54, 86], [54, 86], [54, 86], [54, 86], [54, 86], [54, 86], [54, 86], [54, 86], [54, 86], [54, 86], [54, 86], [54, 86], [54, 86], [54, 86], [54, 86], [54, 86]]
Prices:
[0.86298, 0.86298, 0.86298, 0.86298, 0.86298, 0.23933, 0.23933, 0.23933, 0.23933, 0.23933, 0.23933, 0.23933, 0.23933, 0.23933, 0.23933, 0.23933, 0.23933, 0.23933, 0.23933, 0.21197, 0.21197]
Occ Predictions:
[1, 1, 1, 0, 0, 0, 0, 0, 0, 0, 0, 0, 0, 0, 0, 0, 0]
Setpoints:
[[72, 74], [72, 74], [72, 74], [54, 86], [54, 86], [54, 86], [54, 86], [54, 86], [54, 86], [54, 86], [54, 86], [54, 86], [54, 86], [54, 86], [54, 86], [54, 86], [54, 86]]
Time needed to calculate the shortest path:
92.7701368332


2018-07-11 01:04:09
MPC Actions: ['2', '0', '0', '0', '0', '0', '0', '0', '0', '0', '0', '0', '0', '0', '0', '0']
Temperatures following the MPC path:
[75.8, 75.525, 75.575, 75.625, 75.675, 75.7, 75.72500000000001, 75.75, 75.775, 75.775, 75.775, 75.775, 75.775, 75.75, 75.72500000000001, 75.7, 75.675]
Safety Constraints:
[[54, 86], [54, 86], [54, 86], [54, 86], [54, 86], [54, 86], [54, 86], [54, 86], [54, 86], [54, 86], [54, 86], [54, 86], [54, 86], [54, 86], [54, 86], [54, 86], [54, 86]]
Prices:
[0.23933, 0.23933, 0.23933, 0.23933, 0.23933, 0.23933, 0.23933, 0.23933, 0.23933, 0.23933, 0.23933, 0.23933, 0.23933, 0.23933, 0.21197, 0.21197, 0.21197]
Occ Predictions:
[1, 1, 0, 0, 0, 0, 0, 0, 0, 0, 0, 0, 0, 0, 0, 0, 0]
Setpoints:
[[72, 74], [72, 74], [54, 86], [54, 86], [54, 86], [54, 86], [54, 86], [54, 86], [54, 86], [54, 86], [54, 86], [54, 86], [54, 86], [54, 86], [54, 86], [54, 86], [54, 86]]
Time needed to calculate the shortest path:
85.8363761902


2018-07-11 01:19:09
MPC Actions: ['0', '0', '0', '0', '0', '0', '0', '0', '0', '0', '0', '0', '0', '0', '0', '0']
Temperatures following the MPC path:
[73.0, 73.075, 73.15, 73.22500000000001, 73.275, 73.325, 73.375, 73.425, 73.45, 73.47500000000001, 73.5, 73.525, 73.525, 73.525, 73.525, 73.525, 73.5]
Safety Constraints:
[[54, 86], [54, 86], [54, 86], [54, 86], [54, 86], [54, 86], [54, 86], [54, 86], [54, 86], [54, 86], [54, 86], [54, 86], [54, 86], [54, 86], [54, 86], [54, 86], [54, 86]]
Prices:
[0.23933, 0.23933, 0.23933, 0.23933, 0.23933, 0.23933, 0.23933, 0.23933, 0.23933, 0.23933, 0.23933, 0.23933, 0.23933, 0.21197, 0.21197, 0.21197, 0.21197]
Occ Predictions:
[1, 0, 0, 0, 0, 0, 0, 0, 0, 0, 0, 0, 0, 0, 0, 0, 0]
Setpoints:
[[72, 74], [54, 86], [54, 86], [54, 86], [54, 86], [54, 86], [54, 86], [54, 86], [54, 86], [54, 86], [54, 86], [54, 86], [54, 86], [54, 86], [54, 86], [54, 86], [54, 86]]
Time needed to calculate the shortest path:
70.0440871716


2018-07-11 01:34:09
MPC Actions: ['0', '0', '0', '0', '0', '0', '0', '0', '0', '0', '0', '0', '0', '0', '0', '0']
Temperatures following the MPC path:
[74.1, 74.15, 74.2, 74.22500000000001, 74.25, 74.275, 74.3, 74.325, 74.35000000000001, 74.375, 74.4, 74.4, 74.4, 74.4, 74.4, 74.375, 74.35000000000001]
Safety Constraints:
[[54, 86], [54, 86], [54, 86], [54, 86], [54, 86], [54, 86], [54, 86], [54, 86], [54, 86], [54, 86], [54, 86], [54, 86], [54, 86], [54, 86], [54, 86], [54, 86], [54, 86]]
Prices:
[0.23933, 0.23933, 0.23933, 0.23933, 0.23933, 0.23933, 0.23933, 0.23933, 0.23933, 0.23933, 0.23933, 0.23933, 0.21197, 0.21197, 0.21197, 0.21197, 0.21197]
Occ Predictions:
[0, 0, 0, 0, 0, 0, 0, 0, 0, 0, 0, 0, 0, 0, 0, 0, 0]
Setpoints:
[[54, 86], [54, 86], [54, 86], [54, 86], [54, 86], [54, 86], [54, 86], [54, 86], [54, 86], [54, 86], [54, 86], [54, 86], [54, 86], [54, 86], [54, 86], [54, 86], [54, 86]]
Time needed to calculate the shortest path:
78.6351611614


2018-07-11 01:49:09
MPC Actions: ['0', '0', '0', '0', '0', '0', '0', '0', '0', '0', '0', '0', '0', '0', '0', '0']
Temperatures following the MPC path:
[75.2, 75.25, 75.3, 75.35000000000001, 75.4, 75.45, 75.47500000000001, 75.5, 75.525, 75.55, 75.55, 75.55, 75.55, 75.55, 75.525, 75.5, 75.47500000000001]
Safety Constraints:
[[54, 86], [54, 86], [54, 86], [54, 86], [54, 86], [54, 86], [54, 86], [54, 86], [54, 86], [54, 86], [54, 86], [54, 86], [54, 86], [54, 86], [54, 86], [54, 86], [54, 86]]
Prices:
[0.23933, 0.23933, 0.23933, 0.23933, 0.23933, 0.23933, 0.23933, 0.23933, 0.23933, 0.23933, 0.23933, 0.21197, 0.21197, 0.21197, 0.21197, 0.21197, 0.21197]
Occ Predictions:
[0, 0, 0, 0, 0, 0, 0, 0, 0, 0, 0, 0, 0, 0, 0, 0, 0]
Setpoints:
[[54, 86], [54, 86], [54, 86], [54, 86], [54, 86], [54, 86], [54, 86], [54, 86], [54, 86], [54, 86], [54, 86], [54, 86], [54, 86], [54, 86], [54, 86], [54, 86], [54, 86]]
Time needed to calculate the shortest path:
82.0199460983


2018-07-11 02:04:09
MPC Actions: ['0', '0', '0', '0', '0', '0', '0', '0', '0', '0', '0', '0', '0', '0', '0', '0']
Temperatures following the MPC path:
[75.9, 75.95, 76.0, 76.05, 76.10000000000001, 76.125, 76.15, 76.175, 76.2, 76.2, 76.2, 76.2, 76.2, 76.175, 76.15, 76.125, 76.10000000000001]
Safety Constraints:
[[54, 86], [54, 86], [54, 86], [54, 86], [54, 86], [54, 86], [54, 86], [54, 86], [54, 86], [54, 86], [54, 86], [54, 86], [54, 86], [54, 86], [54, 86], [54, 86], [54, 86]]
Prices:
[0.23933, 0.23933, 0.23933, 0.23933, 0.23933, 0.23933, 0.23933, 0.23933, 0.23933, 0.23933, 0.21197, 0.21197, 0.21197, 0.21197, 0.21197, 0.21197, 0.21197]
Occ Predictions:
[0, 0, 0, 0, 0, 0, 0, 0, 0, 0, 0, 0, 0, 0, 0, 0, 0]
Setpoints:
[[54, 86], [54, 86], [54, 86], [54, 86], [54, 86], [54, 86], [54, 86], [54, 86], [54, 86], [54, 86], [54, 86], [54, 86], [54, 86], [54, 86], [54, 86], [54, 86], [54, 86]]
Time needed to calculate the shortest path:
78.3091068268


2018-07-11 02:19:09
MPC Actions: ['0', '0', '0', '0', '0', '0', '0', '0', '0', '0', '0', '0', '0', '0', '0', '0']
Temperatures following the MPC path:
[76.2, 76.25, 76.3, 76.35000000000001, 76.375, 76.4, 76.425, 76.45, 76.45, 76.45, 76.45, 76.45, 76.425, 76.4, 76.375, 76.35000000000001, 76.3]
Safety Constraints:
[[54, 86], [54, 86], [54, 86], [54, 86], [54, 86], [54, 86], [54, 86], [54, 86], [54, 86], [54, 86], [54, 86], [54, 86], [54, 86], [54, 86], [54, 86], [54, 86], [54, 86]]
Prices:
[0.23933, 0.23933, 0.23933, 0.23933, 0.23933, 0.23933, 0.23933, 0.23933, 0.23933, 0.21197, 0.21197, 0.21197, 0.21197, 0.21197, 0.21197, 0.21197, 0.21197]
Occ Predictions:
[0, 0, 0, 0, 0, 0, 0, 0, 0, 0, 0, 0, 0, 0, 0, 0, 0]
Setpoints:
[[54, 86], [54, 86], [54, 86], [54, 86], [54, 86], [54, 86], [54, 86], [54, 86], [54, 86], [54, 86], [54, 86], [54, 86], [54, 86], [54, 86], [54, 86], [54, 86], [54, 86]]
Time needed to calculate the shortest path:
78.1123719215


2018-07-11 02:34:09
MPC Actions: ['0', '0', '0', '0', '0', '0', '0', '0', '0', '0', '0', '0', '0', '0', '0', '0']
Temperatures following the MPC path:
[76.4, 76.45, 76.5, 76.525, 76.55, 76.575, 76.60000000000001, 76.60000000000001, 76.60000000000001, 76.60000000000001, 76.60000000000001, 76.575, 76.55, 76.525, 76.5, 76.45, 76.4]
Safety Constraints:
[[54, 86], [54, 86], [54, 86], [54, 86], [54, 86], [54, 86], [54, 86], [54, 86], [54, 86], [54, 86], [54, 86], [54, 86], [54, 86], [54, 86], [54, 86], [54, 86], [54, 86]]
Prices:
[0.23933, 0.23933, 0.23933, 0.23933, 0.23933, 0.23933, 0.23933, 0.23933, 0.21197, 0.21197, 0.21197, 0.21197, 0.21197, 0.21197, 0.21197, 0.21197, 0.21197]
Occ Predictions:
[0, 0, 0, 0, 0, 0, 0, 0, 0, 0, 0, 0, 0, 0, 0, 0, 0]
Setpoints:
[[54, 86], [54, 86], [54, 86], [54, 86], [54, 86], [54, 86], [54, 86], [54, 86], [54, 86], [54, 86], [54, 86], [54, 86], [54, 86], [54, 86], [54, 86], [54, 86], [54, 86]]
Time needed to calculate the shortest path:
82.2720420361


2018-07-11 02:49:09
MPC Actions: ['0', '0', '0', '0', '0', '0', '0', '0', '0', '0', '0', '0', '0', '0', '0', '0']
Temperatures following the MPC path:
[76.7, 76.75, 76.775, 76.80000000000001, 76.825, 76.85000000000001, 76.85000000000001, 76.85000000000001, 76.85000000000001, 76.85000000000001, 76.825, 76.80000000000001, 76.775, 76.75, 76.7, 76.65, 76.60000000000001]
Safety Constraints:
[[54, 86], [54, 86], [54, 86], [54, 86], [54, 86], [54, 86], [54, 86], [54, 86], [54, 86], [54, 86], [54, 86], [54, 86], [54, 86], [54, 86], [54, 86], [54, 86], [54, 86]]
Prices:
[0.23933, 0.23933, 0.23933, 0.23933, 0.23933, 0.23933, 0.23933, 0.21197, 0.21197, 0.21197, 0.21197, 0.21197, 0.21197, 0.21197, 0.21197, 0.21197, 0.21197]
Occ Predictions:
[0, 0, 0, 0, 0, 0, 0, 0, 0, 0, 0, 0, 0, 0, 0, 0, 0]
Setpoints:
[[54, 86], [54, 86], [54, 86], [54, 86], [54, 86], [54, 86], [54, 86], [54, 86], [54, 86], [54, 86], [54, 86], [54, 86], [54, 86], [54, 86], [54, 86], [54, 86], [54, 86]]
Time needed to calculate the shortest path:
81.2497959137


2018-07-11 03:04:10
MPC Actions: ['0', '0', '0', '0', '0', '0', '0', '0', '0', '0', '0', '0', '0', '0', '0', '0']
Temperatures following the MPC path:
[76.7, 76.72500000000001, 76.75, 76.775, 76.80000000000001, 76.80000000000001, 76.80000000000001, 76.80000000000001, 76.80000000000001, 76.775, 76.75, 76.72500000000001, 76.7, 76.65, 76.60000000000001, 76.55, 76.5]
Safety Constraints:
[[54, 86], [54, 86], [54, 86], [54, 86], [54, 86], [54, 86], [54, 86], [54, 86], [54, 86], [54, 86], [54, 86], [54, 86], [54, 86], [54, 86], [54, 86], [54, 86], [54, 86]]
Prices:
[0.23933, 0.23933, 0.23933, 0.23933, 0.23933, 0.23933, 0.21197, 0.21197, 0.21197, 0.21197, 0.21197, 0.21197, 0.21197, 0.21197, 0.21197, 0.21197, 0.21197]
Occ Predictions:
[0, 0, 0, 0, 0, 0, 0, 0, 0, 0, 0, 0, 0, 0, 0, 0, 0]
Setpoints:
[[54, 86], [54, 86], [54, 86], [54, 86], [54, 86], [54, 86], [54, 86], [54, 86], [54, 86], [54, 86], [54, 86], [54, 86], [54, 86], [54, 86], [54, 86], [54, 86], [54, 86]]
Time needed to calculate the shortest path:
82.1112830639


2018-07-11 03:19:09
MPC Actions: ['0', '0', '0', '0', '0', '0', '0', '0', '0', '0', '0', '0', '0', '0', '0', '0']
Temperatures following the MPC path:
[76.8, 76.825, 76.85000000000001, 76.875, 76.875, 76.875, 76.875, 76.875, 76.85000000000001, 76.825, 76.80000000000001, 76.775, 76.72500000000001, 76.675, 76.625, 76.575, 76.525]
Safety Constraints:
[[54, 86], [54, 86], [54, 86], [54, 86], [54, 86], [54, 86], [54, 86], [54, 86], [54, 86], [54, 86], [54, 86], [54, 86], [54, 86], [54, 86], [54, 86], [54, 86], [54, 86]]
Prices:
[0.23933, 0.23933, 0.23933, 0.23933, 0.23933, 0.21197, 0.21197, 0.21197, 0.21197, 0.21197, 0.21197, 0.21197, 0.21197, 0.21197, 0.21197, 0.21197, 0.21197]
Occ Predictions:
[0, 0, 0, 0, 0, 0, 0, 0, 0, 0, 0, 0, 0, 0, 0, 0, 0]
Setpoints:
[[54, 86], [54, 86], [54, 86], [54, 86], [54, 86], [54, 86], [54, 86], [54, 86], [54, 86], [54, 86], [54, 86], [54, 86], [54, 86], [54, 86], [54, 86], [54, 86], [54, 86]]
Time needed to calculate the shortest path:
83.3435938358


2018-07-11 03:34:09
MPC Actions: ['0', '0', '0', '0', '0', '0', '0', '0', '0', '0', '0', '0', '0', '0', '0', '0']
Temperatures following the MPC path:
[76.7, 76.72500000000001, 76.75, 76.75, 76.75, 76.75, 76.75, 76.72500000000001, 76.7, 76.675, 76.65, 76.60000000000001, 76.55, 76.5, 76.45, 76.4, 76.35000000000001]
Safety Constraints:
[[54, 86], [54, 86], [54, 86], [54, 86], [54, 86], [54, 86], [54, 86], [54, 86], [54, 86], [54, 86], [54, 86], [54, 86], [54, 86], [54, 86], [54, 86], [54, 86], [54, 86]]
Prices:
[0.23933, 0.23933, 0.23933, 0.23933, 0.21197, 0.21197, 0.21197, 0.21197, 0.21197, 0.21197, 0.21197, 0.21197, 0.21197, 0.21197, 0.21197, 0.21197, 0.21197]
Occ Predictions:
[0, 0, 0, 0, 0, 0, 0, 0, 0, 0, 0, 0, 0, 0, 0, 0, 0]
Setpoints:
[[54, 86], [54, 86], [54, 86], [54, 86], [54, 86], [54, 86], [54, 86], [54, 86], [54, 86], [54, 86], [54, 86], [54, 86], [54, 86], [54, 86], [54, 86], [54, 86], [54, 86]]
Time needed to calculate the shortest path:
85.0255019665


2018-07-11 03:49:09
MPC Actions: ['0', '0', '0', '0', '0', '0', '0', '0', '0', '0', '0', '0', '0', '0', '0', '0']
Temperatures following the MPC path:
[76.6, 76.60000000000001, 76.60000000000001, 76.60000000000001, 76.60000000000001, 76.60000000000001, 76.575, 76.55, 76.525, 76.5, 76.45, 76.4, 76.35000000000001, 76.3, 76.22500000000001, 76.15, 76.075]
Safety Constraints:
[[54, 86], [54, 86], [54, 86], [54, 86], [54, 86], [54, 86], [54, 86], [54, 86], [54, 86], [54, 86], [54, 86], [54, 86], [54, 86], [54, 86], [54, 86], [54, 86], [54, 86]]
Prices:
[0.23933, 0.23933, 0.23933, 0.21197, 0.21197, 0.21197, 0.21197, 0.21197, 0.21197, 0.21197, 0.21197, 0.21197, 0.21197, 0.21197, 0.21197, 0.21197, 0.21197]
Occ Predictions:
[0, 0, 0, 0, 0, 0, 0, 0, 0, 0, 0, 0, 0, 0, 0, 0, 0]
Setpoints:
[[54, 86], [54, 86], [54, 86], [54, 86], [54, 86], [54, 86], [54, 86], [54, 86], [54, 86], [54, 86], [54, 86], [54, 86], [54, 86], [54, 86], [54, 86], [54, 86], [54, 86]]
Time needed to calculate the shortest path:
103.4120121


2018-07-11 04:04:10
MPC Actions: ['0', '0', '0', '0', '0', '0', '0', '0', '0', '0', '0', '0', '0', '0', '0', '0']
Temperatures following the MPC path:
[76.6, 76.575, 76.55, 76.525, 76.5, 76.47500000000001, 76.45, 76.425, 76.4, 76.35000000000001, 76.3, 76.25, 76.2, 76.125, 76.05, 75.97500000000001, 75.9]
Safety Constraints:
[[54, 86], [54, 86], [54, 86], [54, 86], [54, 86], [54, 86], [54, 86], [54, 86], [54, 86], [54, 86], [54, 86], [54, 86], [54, 86], [54, 86], [54, 86], [54, 86], [54, 86]]
Prices:
[0.23933, 0.23933, 0.21197, 0.21197, 0.21197, 0.21197, 0.21197, 0.21197, 0.21197, 0.21197, 0.21197, 0.21197, 0.21197, 0.21197, 0.21197, 0.21197, 0.21197]
Occ Predictions:
[0, 0, 0, 0, 0, 0, 0, 0, 0, 0, 0, 0, 0, 0, 0, 0, 0]
Setpoints:
[[54, 86], [54, 86], [54, 86], [54, 86], [54, 86], [54, 86], [54, 86], [54, 86], [54, 86], [54, 86], [54, 86], [54, 86], [54, 86], [54, 86], [54, 86], [54, 86], [54, 86]]
Time needed to calculate the shortest path:
108.56552887


2018-07-11 04:19:09
MPC Actions: ['0', '0', '0', '0', '0', '0', '0', '0', '0', '0', '0', '0', '0', '0', '0', '0']
Temperatures following the MPC path:
[76.3, 76.3, 76.3, 76.3, 76.275, 76.25, 76.22500000000001, 76.2, 76.15, 76.10000000000001, 76.05, 76.0, 75.95, 75.9, 75.85000000000001, 75.8, 75.72500000000001]
Safety Constraints:
[[54, 86], [54, 86], [54, 86], [54, 86], [54, 86], [54, 86], [54, 86], [54, 86], [54, 86], [54, 86], [54, 86], [54, 86], [54, 86], [54, 86], [54, 86], [54, 86], [54, 86]]
Prices:
[0.23933, 0.21197, 0.21197, 0.21197, 0.21197, 0.21197, 0.21197, 0.21197, 0.21197, 0.21197, 0.21197, 0.21197, 0.21197, 0.21197, 0.21197, 0.21197, 0.21197]
Occ Predictions:
[0, 0, 0, 0, 0, 0, 0, 0, 0, 0, 0, 0, 0, 0, 0, 0, 0]
Setpoints:
[[54, 86], [54, 86], [54, 86], [54, 86], [54, 86], [54, 86], [54, 86], [54, 86], [54, 86], [54, 86], [54, 86], [54, 86], [54, 86], [54, 86], [54, 86], [54, 86], [54, 86]]
Time needed to calculate the shortest path:
107.729058027


2018-07-11 04:34:09
MPC Actions: ['0', '0', '0', '0', '0', '0', '0', '0', '0', '0', '0', '0', '0', '0', '0', '0']
Temperatures following the MPC path:
[76.2, 76.2, 76.2, 76.175, 76.15, 76.125, 76.10000000000001, 76.05, 76.0, 75.95, 75.9, 75.85000000000001, 75.8, 75.75, 75.7, 75.65, 75.60000000000001]
Safety Constraints:
[[54, 86], [54, 86], [54, 86], [54, 86], [54, 86], [54, 86], [54, 86], [54, 86], [54, 86], [54, 86], [54, 86], [54, 86], [54, 86], [54, 86], [54, 86], [54, 86], [54, 86]]
Prices:
[0.21197, 0.21197, 0.21197, 0.21197, 0.21197, 0.21197, 0.21197, 0.21197, 0.21197, 0.21197, 0.21197, 0.21197, 0.21197, 0.21197, 0.21197, 0.21197, 0.21197]
Occ Predictions:
[0, 0, 0, 0, 0, 0, 0, 0, 0, 0, 0, 0, 0, 0, 0, 0, 0]
Setpoints:
[[54, 86], [54, 86], [54, 86], [54, 86], [54, 86], [54, 86], [54, 86], [54, 86], [54, 86], [54, 86], [54, 86], [54, 86], [54, 86], [54, 86], [54, 86], [54, 86], [54, 86]]
Time needed to calculate the shortest path:
103.103013039


2018-07-11 04:49:09
MPC Actions: ['0', '0', '0', '0', '0', '0', '0', '0', '0', '0', '0', '0', '0', '0', '0', '0']
Temperatures following the MPC path:
[76.1, 76.10000000000001, 76.075, 76.05, 76.025, 76.0, 75.95, 75.9, 75.85000000000001, 75.8, 75.75, 75.7, 75.65, 75.60000000000001, 75.55, 75.5, 75.45]
Safety Constraints:
[[54, 86], [54, 86], [54, 86], [54, 86], [54, 86], [54, 86], [54, 86], [54, 86], [54, 86], [54, 86], [54, 86], [54, 86], [54, 86], [54, 86], [54, 86], [54, 86], [54, 86]]
Prices:
[0.21197, 0.21197, 0.21197, 0.21197, 0.21197, 0.21197, 0.21197, 0.21197, 0.21197, 0.21197, 0.21197, 0.21197, 0.21197, 0.21197, 0.21197, 0.21197, 0.21197]
Occ Predictions:
[0, 0, 0, 0, 0, 0, 0, 0, 0, 0, 0, 0, 0, 0, 0, 0, 0]
Setpoints:
[[54, 86], [54, 86], [54, 86], [54, 86], [54, 86], [54, 86], [54, 86], [54, 86], [54, 86], [54, 86], [54, 86], [54, 86], [54, 86], [54, 86], [54, 86], [54, 86], [54, 86]]
Time needed to calculate the shortest path:
111.302290916
THERMOSTAT CHANGED MANUALY AT : 2018-07-11 05:04:09 UTC