

2018-07-10 15:08:21
MPC Actions: ['0', '0', '0', '0', '0', '0', '0', '0', '0', '0', '0', '0', '0', '0', '0', '0']
Temperatures following the MPC path:
[73.2, 73.2, 73.2, 73.2, 73.2, 73.2, 73.2, 73.2, 73.2, 73.25, 73.3, 73.35000000000001, 73.4, 73.45, 73.5, 73.55, 73.60000000000001]
Safety Constraints:
[[54, 86], [54, 86], [54, 86], [54, 86], [54, 86], [54, 86], [54, 86], [54, 86], [54, 86], [54, 86], [54, 86], [54, 86], [54, 86], [54, 86], [54, 86], [54, 86], [54, 86]]
Prices:
[0.21197, 0.21197, 0.23933, 0.23933, 0.23933, 0.23933, 0.23933, 0.23933, 0.23933, 0.23933, 0.23933, 0.23933, 0.23933, 0.23933, 0.23933, 0.23933, 0.26298]
Occ Predictions:
[0, 0, 0, 0, 0, 0, 0, 0, 0, 0, 0, 0, 0, 0, 0, 0, 0]
Setpoints:
[[54, 86], [54, 86], [54, 86], [54, 86], [54, 86], [54, 86], [54, 86], [54, 86], [54, 86], [54, 86], [54, 86], [54, 86], [54, 86], [54, 86], [54, 86], [54, 86], [54, 86]]
Time needed to calculate the shortest path:
8.12994790077


2018-07-10 15:23:21
MPC Actions: ['0', '0', '0', '0', '0', '0', '0', '0', '0', '0', '0', '0', '0', '0', '0', '0']
Temperatures following the MPC path:
[73.4, 73.4, 73.4, 73.4, 73.4, 73.4, 73.4, 73.4, 73.45, 73.5, 73.55, 73.60000000000001, 73.65, 73.7, 73.75, 73.8, 73.9]
Safety Constraints:
[[54, 86], [54, 86], [54, 86], [54, 86], [54, 86], [54, 86], [54, 86], [54, 86], [54, 86], [54, 86], [54, 86], [54, 86], [54, 86], [54, 86], [54, 86], [54, 86], [54, 86]]
Prices:
[0.21197, 0.23933, 0.23933, 0.23933, 0.23933, 0.23933, 0.23933, 0.23933, 0.23933, 0.23933, 0.23933, 0.23933, 0.23933, 0.23933, 0.23933, 0.26298, 0.26298]
Occ Predictions:
[0, 0, 0, 0, 0, 0, 0, 0, 0, 0, 0, 0, 0, 0, 0, 0, 0]
Setpoints:
[[54, 86], [54, 86], [54, 86], [54, 86], [54, 86], [54, 86], [54, 86], [54, 86], [54, 86], [54, 86], [54, 86], [54, 86], [54, 86], [54, 86], [54, 86], [54, 86], [54, 86]]
Time needed to calculate the shortest path:
7.80763483047


2018-07-10 15:38:21
MPC Actions: ['0', '0', '0', '0', '0', '0', '0', '0', '0', '0', '0', '0', '0', '0', '0', '0']
Temperatures following the MPC path:
[73.6, 73.60000000000001, 73.60000000000001, 73.60000000000001, 73.60000000000001, 73.60000000000001, 73.60000000000001, 73.65, 73.7, 73.75, 73.8, 73.85000000000001, 73.9, 73.95, 74.0, 74.10000000000001, 74.2]
Safety Constraints:
[[54, 86], [54, 86], [54, 86], [54, 86], [54, 86], [54, 86], [54, 86], [54, 86], [54, 86], [54, 86], [54, 86], [54, 86], [54, 86], [54, 86], [54, 86], [54, 86], [54, 86]]
Prices:
[0.23933, 0.23933, 0.23933, 0.23933, 0.23933, 0.23933, 0.23933, 0.23933, 0.23933, 0.23933, 0.23933, 0.23933, 0.23933, 0.23933, 0.26298, 0.26298, 0.26298]
Occ Predictions:
[0, 0, 0, 0, 0, 0, 0, 0, 0, 0, 0, 0, 0, 0, 0, 0, 0]
Setpoints:
[[54, 86], [54, 86], [54, 86], [54, 86], [54, 86], [54, 86], [54, 86], [54, 86], [54, 86], [54, 86], [54, 86], [54, 86], [54, 86], [54, 86], [54, 86], [54, 86], [54, 86]]
Time needed to calculate the shortest path:
5.07534098625


2018-07-10 15:53:21
MPC Actions: ['0', '0', '0', '0', '0', '0', '0', '0', '0', '0', '0', '0', '0', '0', '0', '0']
Temperatures following the MPC path:
[73.9, 73.9, 73.9, 73.9, 73.9, 73.9, 73.95, 74.0, 74.05, 74.10000000000001, 74.15, 74.2, 74.25, 74.3, 74.4, 74.5, 74.60000000000001]
Safety Constraints:
[[54, 86], [54, 86], [54, 86], [54, 86], [54, 86], [54, 86], [54, 86], [54, 86], [54, 86], [54, 86], [54, 86], [54, 86], [54, 86], [54, 86], [54, 86], [54, 86], [54, 86]]
Prices:
[0.23933, 0.23933, 0.23933, 0.23933, 0.23933, 0.23933, 0.23933, 0.23933, 0.23933, 0.23933, 0.23933, 0.23933, 0.23933, 0.26298, 0.26298, 0.26298, 0.26298]
Occ Predictions:
[0, 0, 0, 0, 0, 0, 0, 0, 0, 0, 0, 0, 0, 0, 0, 0, 0]
Setpoints:
[[54, 86], [54, 86], [54, 86], [54, 86], [54, 86], [54, 86], [54, 86], [54, 86], [54, 86], [54, 86], [54, 86], [54, 86], [54, 86], [54, 86], [54, 86], [54, 86], [54, 86]]
Time needed to calculate the shortest path:
8.63452100754


2018-07-10 16:08:21
MPC Actions: ['0', '0', '0', '0', '0', '0', '0', '0', '0', '0', '0', '0', '0', '0', '0', '0']
Temperatures following the MPC path:
[74.1, 74.10000000000001, 74.10000000000001, 74.10000000000001, 74.10000000000001, 74.15, 74.2, 74.25, 74.3, 74.35000000000001, 74.4, 74.45, 74.5, 74.60000000000001, 74.7, 74.8, 74.9]
Safety Constraints:
[[54, 86], [54, 86], [54, 86], [54, 86], [54, 86], [54, 86], [54, 86], [54, 86], [54, 86], [54, 86], [54, 86], [54, 86], [54, 86], [54, 86], [54, 86], [54, 86], [54, 86]]
Prices:
[0.23933, 0.23933, 0.23933, 0.23933, 0.23933, 0.23933, 0.23933, 0.23933, 0.23933, 0.23933, 0.23933, 0.23933, 0.26298, 0.26298, 0.26298, 0.26298, 0.26298]
Occ Predictions:
[0, 0, 0, 0, 0, 0, 0, 0, 0, 0, 0, 0, 0, 0, 0, 0, 0]
Setpoints:
[[54, 86], [54, 86], [54, 86], [54, 86], [54, 86], [54, 86], [54, 86], [54, 86], [54, 86], [54, 86], [54, 86], [54, 86], [54, 86], [54, 86], [54, 86], [54, 86], [54, 86]]
Time needed to calculate the shortest path:
8.8626229763


2018-07-10 16:23:21
MPC Actions: ['0', '0', '0', '0', '0', '0', '0', '0', '0', '0', '0', '0', '0', '0', '0', '0']
Temperatures following the MPC path:
[74.3, 74.3, 74.3, 74.3, 74.35000000000001, 74.4, 74.45, 74.5, 74.55, 74.60000000000001, 74.65, 74.7, 74.8, 74.9, 75.0, 75.10000000000001, 75.2]
Safety Constraints:
[[54, 86], [54, 86], [54, 86], [54, 86], [54, 86], [54, 86], [54, 86], [54, 86], [54, 86], [54, 86], [54, 86], [54, 86], [54, 86], [54, 86], [54, 86], [54, 86], [54, 86]]
Prices:
[0.23933, 0.23933, 0.23933, 0.23933, 0.23933, 0.23933, 0.23933, 0.23933, 0.23933, 0.23933, 0.23933, 0.26298, 0.26298, 0.26298, 0.26298, 0.26298, 0.26298]
Occ Predictions:
[0, 0, 0, 0, 0, 0, 0, 0, 0, 0, 0, 0, 0, 0, 0, 0, 0]
Setpoints:
[[54, 86], [54, 86], [54, 86], [54, 86], [54, 86], [54, 86], [54, 86], [54, 86], [54, 86], [54, 86], [54, 86], [54, 86], [54, 86], [54, 86], [54, 86], [54, 86], [54, 86]]
Time needed to calculate the shortest path:
9.48055505753


2018-07-10 16:38:21
MPC Actions: ['0', '0', '0', '0', '0', '0', '0', '0', '0', '0', '0', '0', '0', '0', '0', '0']
Temperatures following the MPC path:
[74.4, 74.4, 74.4, 74.45, 74.5, 74.55, 74.60000000000001, 74.65, 74.7, 74.75, 74.8, 74.9, 75.0, 75.10000000000001, 75.2, 75.3, 75.4]
Safety Constraints:
[[54, 86], [54, 86], [54, 86], [54, 86], [54, 86], [54, 86], [54, 86], [54, 86], [54, 86], [54, 86], [54, 86], [54, 86], [54, 86], [54, 86], [54, 86], [54, 86], [54, 86]]
Prices:
[0.23933, 0.23933, 0.23933, 0.23933, 0.23933, 0.23933, 0.23933, 0.23933, 0.23933, 0.23933, 0.26298, 0.26298, 0.26298, 0.26298, 0.26298, 0.26298, 0.26298]
Occ Predictions:
[0, 0, 0, 0, 0, 0, 0, 0, 0, 0, 0, 0, 0, 0, 0, 0, 0]
Setpoints:
[[54, 86], [54, 86], [54, 86], [54, 86], [54, 86], [54, 86], [54, 86], [54, 86], [54, 86], [54, 86], [54, 86], [54, 86], [54, 86], [54, 86], [54, 86], [54, 86], [54, 86]]
Time needed to calculate the shortest path:
8.62848591805


2018-07-10 16:53:21
MPC Actions: ['0', '0', '0', '0', '0', '0', '0', '0', '0', '0', '0', '0', '0', '0', '0', '0']
Temperatures following the MPC path:
[74.8, 74.8, 74.85000000000001, 74.9, 74.95, 75.0, 75.05, 75.10000000000001, 75.15, 75.2, 75.3, 75.4, 75.5, 75.60000000000001, 75.7, 75.8, 75.9]
Safety Constraints:
[[54, 86], [54, 86], [54, 86], [54, 86], [54, 86], [54, 86], [54, 86], [54, 86], [54, 86], [54, 86], [54, 86], [54, 86], [54, 86], [54, 86], [54, 86], [54, 86], [54, 86]]
Prices:
[0.23933, 0.23933, 0.23933, 0.23933, 0.23933, 0.23933, 0.23933, 0.23933, 0.23933, 0.26298, 0.26298, 0.26298, 0.26298, 0.26298, 0.26298, 0.26298, 0.26298]
Occ Predictions:
[0, 0, 0, 0, 0, 0, 0, 0, 0, 0, 0, 0, 0, 0, 0, 0, 0]
Setpoints:
[[54, 86], [54, 86], [54, 86], [54, 86], [54, 86], [54, 86], [54, 86], [54, 86], [54, 86], [54, 86], [54, 86], [54, 86], [54, 86], [54, 86], [54, 86], [54, 86], [54, 86]]
Time needed to calculate the shortest path:
9.86725306511


2018-07-10 17:08:21
MPC Actions: ['0', '0', '0', '0', '0', '0', '0', '0', '0', '0', '0', '0', '0', '0', '0', '0']
Temperatures following the MPC path:
[74.9, 74.95, 75.0, 75.05, 75.10000000000001, 75.15, 75.2, 75.25, 75.3, 75.4, 75.5, 75.60000000000001, 75.7, 75.8, 75.9, 76.0, 76.10000000000001]
Safety Constraints:
[[54, 86], [54, 86], [54, 86], [54, 86], [54, 86], [54, 86], [54, 86], [54, 86], [54, 86], [54, 86], [54, 86], [54, 86], [54, 86], [54, 86], [54, 86], [54, 86], [54, 86]]
Prices:
[0.23933, 0.23933, 0.23933, 0.23933, 0.23933, 0.23933, 0.23933, 0.23933, 0.26298, 0.26298, 0.26298, 0.26298, 0.26298, 0.26298, 0.26298, 0.26298, 0.86298, 0.86298, 0.86298, 0.86298, 0.86298]
Occ Predictions:
[0, 0, 0, 0, 0, 0, 0, 0, 0, 0, 0, 0, 0, 0, 0, 0, 0]
Setpoints:
[[54, 86], [54, 86], [54, 86], [54, 86], [54, 86], [54, 86], [54, 86], [54, 86], [54, 86], [54, 86], [54, 86], [54, 86], [54, 86], [54, 86], [54, 86], [54, 86], [54, 86]]
Time needed to calculate the shortest path:
3.26206898689


2018-07-10 17:23:21
MPC Actions: ['0', '0', '0', '0', '0', '0', '0', '0', '0', '0', '0', '0', '0', '0', '0', '0']
Temperatures following the MPC path:
[75.2, 75.25, 75.3, 75.35000000000001, 75.4, 75.45, 75.5, 75.55, 75.65, 75.75, 75.85000000000001, 75.95, 76.05, 76.15, 76.25, 76.35000000000001, 76.5]
Safety Constraints:
[[54, 86], [54, 86], [54, 86], [54, 86], [54, 86], [54, 86], [54, 86], [54, 86], [54, 86], [54, 86], [54, 86], [54, 86], [54, 86], [54, 86], [54, 86], [54, 86], [54, 86]]
Prices:
[0.23933, 0.23933, 0.23933, 0.23933, 0.23933, 0.23933, 0.23933, 0.26298, 0.26298, 0.26298, 0.26298, 0.26298, 0.26298, 0.26298, 0.26298, 0.86298, 0.86298, 0.86298, 0.86298, 0.86298, 0.86298, 0.86298, 0.86298, 0.86298, 0.86298]
Occ Predictions:
[0, 0, 0, 0, 0, 0, 0, 0, 0, 0, 0, 0, 0, 0, 0, 0, 0]
Setpoints:
[[54, 86], [54, 86], [54, 86], [54, 86], [54, 86], [54, 86], [54, 86], [54, 86], [54, 86], [54, 86], [54, 86], [54, 86], [54, 86], [54, 86], [54, 86], [54, 86], [54, 86]]
Time needed to calculate the shortest path:
10.2749180794


2018-07-10 17:38:21
MPC Actions: ['0', '0', '0', '0', '0', '0', '0', '0', '0', '0', '0', '0', '0', '0', '0', '0']
Temperatures following the MPC path:
[75.5, 75.55, 75.60000000000001, 75.65, 75.7, 75.75, 75.8, 75.9, 76.0, 76.10000000000001, 76.2, 76.3, 76.4, 76.5, 76.60000000000001, 76.75, 76.9]
Safety Constraints:
[[54, 86], [54, 86], [54, 86], [54, 86], [54, 86], [54, 86], [54, 86], [54, 86], [54, 86], [54, 86], [54, 86], [54, 86], [54, 86], [54, 86], [54, 86], [54, 86], [54, 86]]
Prices:
[0.23933, 0.23933, 0.23933, 0.23933, 0.23933, 0.23933, 0.26298, 0.26298, 0.26298, 0.26298, 0.26298, 0.26298, 0.26298, 0.26298, 0.86298, 0.86298, 0.86298, 0.86298, 0.86298, 0.86298, 0.86298, 0.86298, 0.86298, 0.86298, 0.86298, 0.86298, 0.86298, 0.86298, 0.86298]
Occ Predictions:
[0, 0, 0, 0, 0, 0, 0, 0, 0, 0, 0, 0, 0, 0, 0, 0, 0]
Setpoints:
[[54, 86], [54, 86], [54, 86], [54, 86], [54, 86], [54, 86], [54, 86], [54, 86], [54, 86], [54, 86], [54, 86], [54, 86], [54, 86], [54, 86], [54, 86], [54, 86], [54, 86]]
Time needed to calculate the shortest path:
10.5029840469


2018-07-10 17:53:21
MPC Actions: ['0', '0', '0', '0', '0', '0', '0', '0', '0', '0', '0', '0', '0', '0', '0', '0']
Temperatures following the MPC path:
[75.9, 75.95, 76.0, 76.05, 76.10000000000001, 76.15, 76.25, 76.35000000000001, 76.45, 76.55, 76.65, 76.75, 76.85000000000001, 76.95, 77.10000000000001, 77.25, 77.4]
Safety Constraints:
[[54, 86], [54, 86], [54, 86], [54, 86], [54, 86], [54, 86], [54, 86], [54, 86], [54, 86], [54, 86], [54, 86], [54, 86], [54, 86], [54, 86], [54, 86], [54, 86], [54, 86]]
Prices:
[0.23933, 0.23933, 0.23933, 0.23933, 0.23933, 0.26298, 0.26298, 0.26298, 0.26298, 0.26298, 0.26298, 0.26298, 0.26298, 0.86298, 0.86298, 0.86298, 0.86298, 0.86298, 0.86298, 0.86298, 0.86298, 0.86298, 0.86298, 0.86298, 0.86298, 0.86298, 0.86298, 0.86298, 0.86298, 0.86298, 0.86298, 0.86298, 0.86298]
Occ Predictions:
[0, 0, 0, 0, 0, 0, 0, 0, 0, 0, 0, 0, 0, 0, 0, 0, 0]
Setpoints:
[[54, 86], [54, 86], [54, 86], [54, 86], [54, 86], [54, 86], [54, 86], [54, 86], [54, 86], [54, 86], [54, 86], [54, 86], [54, 86], [54, 86], [54, 86], [54, 86], [54, 86]]
Time needed to calculate the shortest path:
10.1773700714


2018-07-10 18:08:21
MPC Actions: ['0', '0', '0', '0', '0', '0', '0', '0', '0', '0', '0', '0', '0', '0', '0', '0']
Temperatures following the MPC path:
[76.2, 76.3, 76.4, 76.5, 76.60000000000001, 76.7, 76.80000000000001, 76.9, 77.0, 77.10000000000001, 77.2, 77.35000000000001, 77.5, 77.65, 77.80000000000001, 77.95, 78.10000000000001]
Safety Constraints:
[[54, 86], [54, 86], [54, 86], [54, 86], [54, 86], [54, 86], [54, 86], [54, 86], [54, 86], [54, 86], [54, 86], [54, 86], [54, 86], [54, 86], [54, 86], [54, 86], [54, 86]]
Prices:
[0.23933, 0.23933, 0.23933, 0.23933, 0.26298, 0.26298, 0.26298, 0.26298, 0.26298, 0.26298, 0.26298, 0.26298, 0.86298, 0.86298, 0.86298, 0.86298, 0.86298, 0.86298, 0.86298, 0.86298, 0.86298, 0.86298, 0.86298, 0.86298, 0.86298, 0.86298, 0.86298, 0.86298, 0.86298, 0.86298, 0.86298, 0.86298, 0.86298, 0.86298, 0.86298, 0.86298, 0.86298]
Occ Predictions:
[0, 0, 0, 0, 0, 0, 0, 0, 0, 0, 0, 0, 0, 0, 0, 0, 0]
Setpoints:
[[54, 86], [54, 86], [54, 86], [54, 86], [54, 86], [54, 86], [54, 86], [54, 86], [54, 86], [54, 86], [54, 86], [54, 86], [54, 86], [54, 86], [54, 86], [54, 86], [54, 86]]
Time needed to calculate the shortest path:
8.04600405693


2018-07-10 18:23:21
MPC Actions: ['0', '0', '0', '0', '0', '0', '0', '0', '0', '0', '0', '0', '0', '0', '0', '0']
Temperatures following the MPC path:
[76.6, 76.65, 76.7, 76.75, 76.85000000000001, 76.95, 77.05000000000001, 77.15, 77.25, 77.35000000000001, 77.45, 77.55000000000001, 77.7, 77.85000000000001, 78.0, 78.15, 78.30000000000001]
Safety Constraints:
[[54, 86], [54, 86], [54, 86], [54, 86], [54, 86], [54, 86], [54, 86], [54, 86], [54, 86], [54, 86], [54, 86], [54, 86], [54, 86], [54, 86], [54, 86], [54, 86], [54, 86]]
Prices:
[0.23933, 0.23933, 0.23933, 0.26298, 0.26298, 0.26298, 0.26298, 0.26298, 0.26298, 0.26298, 0.26298, 0.86298, 0.86298, 0.86298, 0.86298, 0.86298, 0.86298, 0.86298, 0.86298, 0.86298, 0.86298, 0.86298, 0.86298, 0.86298, 0.86298, 0.86298, 0.86298, 0.86298, 0.86298, 0.86298, 0.86298, 0.86298, 0.86298, 0.86298, 0.86298, 0.86298, 0.86298, 0.86298, 0.86298, 0.86298, 0.86298]
Occ Predictions:
[0, 0, 0, 0, 0, 0, 0, 0, 0, 0, 0, 0, 0, 0, 0, 0, 0]
Setpoints:
[[54, 86], [54, 86], [54, 86], [54, 86], [54, 86], [54, 86], [54, 86], [54, 86], [54, 86], [54, 86], [54, 86], [54, 86], [54, 86], [54, 86], [54, 86], [54, 86], [54, 86]]
Time needed to calculate the shortest path:
10.8282859325


2018-07-10 18:38:21
MPC Actions: ['0', '0', '0', '0', '0', '0', '0', '0', '0', '0', '0', '0', '0', '0', '0', '0']
Temperatures following the MPC path:
[77.0, 77.05000000000001, 77.10000000000001, 77.2, 77.30000000000001, 77.4, 77.5, 77.60000000000001, 77.7, 77.80000000000001, 77.9, 78.0, 78.10000000000001, 78.2, 78.30000000000001, 78.45, 78.60000000000001]
Safety Constraints:
[[54, 86], [54, 86], [54, 86], [54, 86], [54, 86], [54, 86], [54, 86], [54, 86], [54, 86], [54, 86], [54, 86], [54, 86], [54, 86], [54, 86], [54, 86], [54, 86], [54, 86]]
Prices:
[0.23933, 0.23933, 0.26298, 0.26298, 0.26298, 0.26298, 0.26298, 0.26298, 0.26298, 0.26298, 0.86298, 0.86298, 0.86298, 0.86298, 0.86298, 0.86298, 0.86298, 0.86298, 0.86298, 0.86298, 0.86298, 0.86298, 0.86298, 0.86298, 0.86298, 0.86298, 0.86298, 0.86298, 0.86298, 0.86298, 0.86298, 0.86298, 0.86298, 0.86298, 0.86298, 0.86298, 0.86298, 0.86298, 0.86298, 0.86298, 0.86298, 0.86298, 0.86298, 0.86298, 0.86298]
Occ Predictions:
[0, 0, 0, 0, 0, 0, 0, 0, 0, 0, 0, 0, 0, 0, 0, 0, 0]
Setpoints:
[[54, 86], [54, 86], [54, 86], [54, 86], [54, 86], [54, 86], [54, 86], [54, 86], [54, 86], [54, 86], [54, 86], [54, 86], [54, 86], [54, 86], [54, 86], [54, 86], [54, 86]]
Time needed to calculate the shortest path:
8.36258506775


2018-07-10 18:53:21
MPC Actions: ['0', '0', '0', '0', '0', '0', '0', '0', '0', '0', '0', '0', '0', '0', '0', '0']
Temperatures following the MPC path:
[77.2, 77.25, 77.35000000000001, 77.45, 77.55000000000001, 77.65, 77.75, 77.85000000000001, 77.95, 78.05000000000001, 78.15, 78.25, 78.35000000000001, 78.45, 78.55000000000001, 78.65, 78.75]
Safety Constraints:
[[54, 86], [54, 86], [54, 86], [54, 86], [54, 86], [54, 86], [54, 86], [54, 86], [54, 86], [54, 86], [54, 86], [54, 86], [54, 86], [54, 86], [54, 86], [54, 86], [54, 86]]
Prices:
[0.23933, 0.26298, 0.26298, 0.26298, 0.26298, 0.26298, 0.26298, 0.26298, 0.26298, 0.86298, 0.86298, 0.86298, 0.86298, 0.86298, 0.86298, 0.86298, 0.86298, 0.86298, 0.86298, 0.86298, 0.86298, 0.86298, 0.86298, 0.86298, 0.86298, 0.86298, 0.86298, 0.86298, 0.86298, 0.86298, 0.86298, 0.86298, 0.86298, 0.86298, 0.86298, 0.86298, 0.86298, 0.86298, 0.86298, 0.86298, 0.86298, 0.86298, 0.86298, 0.86298, 0.86298, 0.86298, 0.86298, 0.86298, 0.86298]
Occ Predictions:
[0, 0, 0, 0, 0, 0, 0, 0, 0, 0, 0, 0, 0, 0, 0, 0, 0]
Setpoints:
[[54, 86], [54, 86], [54, 86], [54, 86], [54, 86], [54, 86], [54, 86], [54, 86], [54, 86], [54, 86], [54, 86], [54, 86], [54, 86], [54, 86], [54, 86], [54, 86], [54, 86]]
Time needed to calculate the shortest path:
8.71978211403


2018-07-10 19:08:21
MPC Actions: ['0', '0', '0', '0', '0', '0', '0', '0', '0', '0', '0', '0', '0', '0', '0', '0']
Temperatures following the MPC path:
[77.6, 77.65, 77.7, 77.75, 77.80000000000001, 77.9, 78.0, 78.10000000000001, 78.2, 78.30000000000001, 78.4, 78.5, 78.60000000000001, 78.7, 78.80000000000001, 78.9, 79.0]
Safety Constraints:
[[54, 86], [54, 86], [54, 86], [54, 86], [54, 86], [54, 86], [54, 86], [54, 86], [54, 86], [54, 86], [54, 86], [54, 86], [54, 86], [54, 86], [54, 86], [54, 86], [54, 86]]
Prices:
[0.26298, 0.26298, 0.26298, 0.26298, 0.26298, 0.26298, 0.26298, 0.26298, 0.86298, 0.86298, 0.86298, 0.86298, 0.86298, 0.86298, 0.86298, 0.86298, 0.86298, 0.86298, 0.86298, 0.86298, 0.86298, 0.86298, 0.86298, 0.86298, 0.86298, 0.86298, 0.86298, 0.86298, 0.86298, 0.86298, 0.86298, 0.86298, 0.86298, 0.86298, 0.86298, 0.86298, 0.86298, 0.86298, 0.86298, 0.86298, 0.86298, 0.86298, 0.86298, 0.86298, 0.86298, 0.86298, 0.86298, 0.86298, 0.86298, 0.86298, 0.86298, 0.86298, 0.86298]
Occ Predictions:
[0, 0, 0, 0, 0, 0, 0, 0, 0, 0, 0, 0, 0, 0, 0, 0, 0]
Setpoints:
[[54, 86], [54, 86], [54, 86], [54, 86], [54, 86], [54, 86], [54, 86], [54, 86], [54, 86], [54, 86], [54, 86], [54, 86], [54, 86], [54, 86], [54, 86], [54, 86], [54, 86]]
Time needed to calculate the shortest path:
6.78069114685


2018-07-10 19:23:21
MPC Actions: ['0', '0', '0', '0', '0', '0', '0', '0', '0', '0', '0', '0', '0', '0', '0', '0']
Temperatures following the MPC path:
[78.0, 78.05000000000001, 78.10000000000001, 78.15, 78.25, 78.35000000000001, 78.45, 78.55000000000001, 78.65, 78.75, 78.85000000000001, 78.95, 79.05000000000001, 79.15, 79.25, 79.35000000000001, 79.45]
Safety Constraints:
[[54, 86], [54, 86], [54, 86], [54, 86], [54, 86], [54, 86], [54, 86], [54, 86], [54, 86], [54, 86], [54, 86], [54, 86], [54, 86], [54, 86], [54, 86], [54, 86], [54, 86]]
Prices:
[0.26298, 0.26298, 0.26298, 0.26298, 0.26298, 0.26298, 0.26298, 0.86298, 0.86298, 0.86298, 0.86298, 0.86298, 0.86298, 0.86298, 0.86298, 0.86298, 0.86298, 0.86298, 0.86298, 0.86298, 0.86298, 0.86298, 0.86298, 0.86298, 0.86298, 0.86298, 0.86298, 0.86298, 0.86298, 0.86298, 0.86298, 0.86298, 0.86298, 0.86298, 0.86298, 0.86298, 0.86298, 0.86298, 0.86298, 0.86298, 0.86298, 0.86298, 0.86298, 0.86298, 0.86298, 0.86298, 0.86298, 0.86298, 0.86298, 0.86298, 0.86298, 0.86298, 0.86298, 0.86298, 0.86298, 0.86298, 0.86298]
Occ Predictions:
[0, 0, 0, 0, 0, 0, 0, 0, 0, 0, 0, 0, 0, 0, 0, 0, 0]
Setpoints:
[[54, 86], [54, 86], [54, 86], [54, 86], [54, 86], [54, 86], [54, 86], [54, 86], [54, 86], [54, 86], [54, 86], [54, 86], [54, 86], [54, 86], [54, 86], [54, 86], [54, 86]]
Time needed to calculate the shortest path:
8.83453607559


2018-07-10 19:38:21
MPC Actions: ['0', '0', '0', '0', '0', '0', '0', '0', '0', '0', '0', '0', '0', '0', '0', '0']
Temperatures following the MPC path:
[78.4, 78.45, 78.5, 78.55000000000001, 78.60000000000001, 78.65, 78.7, 78.80000000000001, 78.9, 79.0, 79.10000000000001, 79.2, 79.30000000000001, 79.4, 79.5, 79.60000000000001, 79.7]
Safety Constraints:
[[54, 86], [54, 86], [54, 86], [54, 86], [54, 86], [54, 86], [54, 86], [54, 86], [54, 86], [54, 86], [54, 86], [54, 86], [54, 86], [54, 86], [54, 86], [54, 86], [54, 86]]
Prices:
[0.26298, 0.26298, 0.26298, 0.26298, 0.26298, 0.26298, 0.86298, 0.86298, 0.86298, 0.86298, 0.86298, 0.86298, 0.86298, 0.86298, 0.86298, 0.86298, 0.86298, 0.86298, 0.86298, 0.86298, 0.86298, 0.86298, 0.86298, 0.86298, 0.86298, 0.86298, 0.86298, 0.86298, 0.86298, 0.86298, 0.86298, 0.86298, 0.86298, 0.86298, 0.86298, 0.86298, 0.86298, 0.86298, 0.86298, 0.86298, 0.86298, 0.86298, 0.86298, 0.86298, 0.86298, 0.86298, 0.86298, 0.86298, 0.86298, 0.86298, 0.86298, 0.86298, 0.86298, 0.86298, 0.86298, 0.86298, 0.86298, 0.86298, 0.86298, 0.86298, 0.86298]
Occ Predictions:
[0, 0, 0, 0, 0, 0, 0, 0, 0, 0, 0, 0, 0, 0, 0, 0, 0]
Setpoints:
[[54, 86], [54, 86], [54, 86], [54, 86], [54, 86], [54, 86], [54, 86], [54, 86], [54, 86], [54, 86], [54, 86], [54, 86], [54, 86], [54, 86], [54, 86], [54, 86], [54, 86]]
Time needed to calculate the shortest path:
8.06963801384


2018-07-10 19:53:21
MPC Actions: ['0', '0', '0', '0', '0', '0', '0', '0', '0', '0', '0', '0', '0', '0', '0', '0']
Temperatures following the MPC path:
[78.7, 78.75, 78.80000000000001, 78.85000000000001, 78.9, 78.95, 79.05000000000001, 79.15, 79.25, 79.35000000000001, 79.45, 79.55000000000001, 79.65, 79.75, 79.85000000000001, 79.95, 80.05000000000001]
Safety Constraints:
[[54, 86], [54, 86], [54, 86], [54, 86], [54, 86], [54, 86], [54, 86], [54, 86], [54, 86], [54, 86], [54, 86], [54, 86], [54, 86], [54, 86], [54, 86], [54, 86], [54, 86]]
Prices:
[0.26298, 0.26298, 0.26298, 0.26298, 0.26298, 0.86298, 0.86298, 0.86298, 0.86298, 0.86298, 0.86298, 0.86298, 0.86298, 0.86298, 0.86298, 0.86298, 0.86298, 0.86298, 0.86298, 0.86298, 0.86298, 0.86298, 0.86298, 0.86298, 0.86298, 0.86298, 0.86298, 0.86298, 0.86298, 0.86298, 0.86298, 0.86298, 0.86298, 0.86298, 0.86298, 0.86298, 0.86298, 0.86298, 0.86298, 0.86298, 0.86298, 0.86298, 0.86298, 0.86298, 0.86298, 0.86298, 0.86298, 0.86298, 0.86298, 0.86298, 0.86298, 0.86298, 0.86298, 0.86298, 0.86298, 0.86298, 0.86298, 0.86298, 0.86298, 0.86298, 0.86298, 0.86298, 0.86298, 0.86298, 0.86298]
Occ Predictions:
[0, 0, 0, 0, 0, 0, 0, 0, 0, 0, 0, 0, 0, 0, 0, 0, 0]
Setpoints:
[[54, 86], [54, 86], [54, 86], [54, 86], [54, 86], [54, 86], [54, 86], [54, 86], [54, 86], [54, 86], [54, 86], [54, 86], [54, 86], [54, 86], [54, 86], [54, 86], [54, 86]]
Time needed to calculate the shortest path:
9.68697690964


2018-07-10 20:08:21
MPC Actions: ['0', '0', '0', '0', '0', '0', '0', '0', '0', '0', '0', '0', '0', '0', '0', '0']
Temperatures following the MPC path:
[79.1, 79.15, 79.2, 79.25, 79.30000000000001, 79.35000000000001, 79.4, 79.45, 79.5, 79.60000000000001, 79.7, 79.80000000000001, 79.9, 80.0, 80.10000000000001, 80.2, 80.30000000000001]
Safety Constraints:
[[54, 86], [54, 86], [54, 86], [54, 86], [54, 86], [54, 86], [54, 86], [54, 86], [54, 86], [54, 86], [54, 86], [54, 86], [54, 86], [54, 86], [54, 86], [54, 86], [54, 86]]
Prices:
[0.26298, 0.26298, 0.26298, 0.26298, 0.86298, 0.86298, 0.86298, 0.86298, 0.86298, 0.86298, 0.86298, 0.86298, 0.86298, 0.86298, 0.86298, 0.86298, 0.86298, 0.86298, 0.86298, 0.86298, 0.86298, 0.86298, 0.86298, 0.86298, 0.86298, 0.86298, 0.86298, 0.86298, 0.86298, 0.86298, 0.86298, 0.86298, 0.86298, 0.86298, 0.86298, 0.86298, 0.86298, 0.86298, 0.86298, 0.86298, 0.86298, 0.86298, 0.86298, 0.86298, 0.86298, 0.86298, 0.86298, 0.86298, 0.86298, 0.86298, 0.86298, 0.86298, 0.86298, 0.86298, 0.86298, 0.86298, 0.86298, 0.86298, 0.86298, 0.86298, 0.86298, 0.86298, 0.86298, 0.86298, 0.86298, 0.86298, 0.86298, 0.86298, 0.86298]
Occ Predictions:
[0, 0, 0, 0, 0, 0, 0, 0, 0, 0, 0, 0, 0, 0, 0, 0, 0]
Setpoints:
[[54, 86], [54, 86], [54, 86], [54, 86], [54, 86], [54, 86], [54, 86], [54, 86], [54, 86], [54, 86], [54, 86], [54, 86], [54, 86], [54, 86], [54, 86], [54, 86], [54, 86]]
Time needed to calculate the shortest path:
6.56207895279


2018-07-10 20:23:21
MPC Actions: ['0', '0', '0', '0', '0', '0', '0', '0', '0', '0', '0', '0', '0', '0', '0', '0']
Temperatures following the MPC path:
[79.5, 79.55000000000001, 79.60000000000001, 79.65, 79.7, 79.75, 79.80000000000001, 79.85000000000001, 79.95, 80.05000000000001, 80.15, 80.25, 80.35000000000001, 80.45, 80.55000000000001, 80.65, 80.75]
Safety Constraints:
[[54, 86], [54, 86], [54, 86], [54, 86], [54, 86], [54, 86], [54, 86], [54, 86], [54, 86], [54, 86], [54, 86], [54, 86], [54, 86], [54, 86], [54, 86], [54, 86], [54, 86]]
Prices:
[0.26298, 0.26298, 0.26298, 0.86298, 0.86298, 0.86298, 0.86298, 0.86298, 0.86298, 0.86298, 0.86298, 0.86298, 0.86298, 0.86298, 0.86298, 0.86298, 0.86298, 0.86298, 0.86298, 0.86298, 0.86298, 0.86298, 0.86298, 0.86298, 0.86298, 0.86298, 0.86298, 0.86298, 0.86298, 0.86298, 0.86298, 0.86298, 0.86298, 0.86298, 0.86298, 0.86298, 0.86298, 0.86298, 0.86298, 0.86298, 0.86298, 0.86298, 0.86298, 0.86298, 0.86298, 0.86298, 0.86298, 0.86298, 0.86298, 0.86298, 0.86298, 0.86298, 0.86298, 0.86298, 0.86298, 0.86298, 0.86298, 0.86298, 0.86298, 0.86298, 0.86298, 0.86298, 0.86298, 0.86298, 0.86298, 0.86298, 0.86298, 0.86298, 0.86298, 0.86298, 0.86298, 0.86298, 0.86298]
Occ Predictions:
[0, 0, 0, 0, 0, 0, 0, 0, 0, 0, 0, 0, 0, 0, 0, 0, 0]
Setpoints:
[[54, 86], [54, 86], [54, 86], [54, 86], [54, 86], [54, 86], [54, 86], [54, 86], [54, 86], [54, 86], [54, 86], [54, 86], [54, 86], [54, 86], [54, 86], [54, 86], [54, 86]]
Time needed to calculate the shortest path:
6.8690199852


2018-07-10 20:38:21
MPC Actions: ['0', '0', '0', '0', '0', '0', '0', '0', '0', '0', '0', '0', '0', '0', '0', '0']
Temperatures following the MPC path:
[79.8, 79.85000000000001, 79.9, 79.95, 80.0, 80.05000000000001, 80.10000000000001, 80.15, 80.2, 80.25, 80.30000000000001, 80.4, 80.5, 80.60000000000001, 80.7, 80.75, 80.80000000000001]
Safety Constraints:
[[54, 86], [54, 86], [54, 86], [54, 86], [54, 86], [54, 86], [54, 86], [54, 86], [54, 86], [54, 86], [54, 86], [54, 86], [54, 86], [54, 86], [54, 86], [54, 86], [54, 86]]
Prices:
[0.26298, 0.26298, 0.86298, 0.86298, 0.86298, 0.86298, 0.86298, 0.86298, 0.86298, 0.86298, 0.86298, 0.86298, 0.86298, 0.86298, 0.86298, 0.86298, 0.86298, 0.86298, 0.86298, 0.86298, 0.86298, 0.86298, 0.86298, 0.86298, 0.86298, 0.86298, 0.86298, 0.86298, 0.86298, 0.86298, 0.86298, 0.86298, 0.86298, 0.86298, 0.86298, 0.86298, 0.86298, 0.86298, 0.86298, 0.86298, 0.86298, 0.86298, 0.86298, 0.86298, 0.86298, 0.86298, 0.86298, 0.86298, 0.86298, 0.86298, 0.86298, 0.86298, 0.86298, 0.86298, 0.86298, 0.86298, 0.86298, 0.86298, 0.86298, 0.86298, 0.86298, 0.86298, 0.86298, 0.86298, 0.86298, 0.86298, 0.86298, 0.86298, 0.86298, 0.86298, 0.86298, 0.86298, 0.86298, 0.86298, 0.86298, 0.86298, 0.86298]
Occ Predictions:
[0, 0, 0, 0, 0, 0, 0, 0, 0, 0, 0, 0, 0, 0, 0, 0, 0]
Setpoints:
[[54, 86], [54, 86], [54, 86], [54, 86], [54, 86], [54, 86], [54, 86], [54, 86], [54, 86], [54, 86], [54, 86], [54, 86], [54, 86], [54, 86], [54, 86], [54, 86], [54, 86]]
Time needed to calculate the shortest path:
6.87762212753


2018-07-10 20:47:35
MPC Actions: ['0', '0', '0', '0', '0', '0', '0', '0', '0', '0', '0', '0', '0', '0', '0', '0']
Temperatures following the MPC path:
[80.0, 80.05000000000001, 80.125, 80.2, 80.275, 80.35000000000001, 80.42500000000001, 80.5, 80.575, 80.65, 80.72500000000001, 80.80000000000001, 80.875, 80.95, 81.025, 81.10000000000001, 81.17500000000001]
Safety Constraints:
[[54, 86], [54, 86], [54, 86], [54, 86], [54, 86], [54, 86], [54, 86], [54, 86], [54, 86], [54, 86], [54, 86], [54, 86], [54, 86], [54, 86], [54, 86], [54, 86], [54, 86]]
Prices:
[0.26298, 0.86298, 0.86298, 0.86298, 0.86298, 0.86298, 0.86298, 0.86298, 0.86298, 0.86298, 0.86298, 0.86298, 0.86298, 0.86298, 0.86298, 0.86298, 0.86298, 0.86298, 0.86298, 0.86298, 0.86298, 0.86298, 0.86298, 0.86298, 0.86298, 0.86298, 0.86298, 0.86298, 0.86298, 0.86298, 0.86298, 0.86298, 0.86298, 0.86298, 0.86298, 0.86298, 0.86298, 0.86298, 0.86298, 0.86298, 0.86298, 0.86298, 0.86298, 0.86298, 0.86298, 0.86298, 0.86298, 0.86298, 0.86298, 0.86298, 0.86298, 0.86298, 0.86298, 0.86298, 0.86298, 0.86298, 0.86298, 0.86298, 0.86298, 0.86298, 0.86298, 0.86298, 0.86298, 0.86298, 0.86298, 0.86298, 0.86298, 0.86298, 0.86298, 0.86298, 0.86298, 0.86298, 0.86298, 0.86298, 0.86298, 0.86298, 0.86298, 0.86298, 0.86298, 0.86298, 0.86298]
Occ Predictions:
[0, 0, 0, 0, 0, 0, 0, 0, 0, 0, 0, 0, 0, 0, 0, 0, 0]
Setpoints:
[[54, 86], [54, 86], [54, 86], [54, 86], [54, 86], [54, 86], [54, 86], [54, 86], [54, 86], [54, 86], [54, 86], [54, 86], [54, 86], [54, 86], [54, 86], [54, 86], [54, 86]]
Time needed to calculate the shortest path:
16.7884290218


2018-07-10 21:02:35
MPC Actions: ['0', '0', '0', '0', '0', '0', '0', '0', '0', '0', '0', '0', '0', '0', '0', '0']
Temperatures following the MPC path:
[80.5, 80.575, 80.65, 80.72500000000001, 80.80000000000001, 80.875, 80.95, 81.025, 81.10000000000001, 81.17500000000001, 81.25, 81.325, 81.4, 81.47500000000001, 81.55000000000001, 81.625, 81.7]
Safety Constraints:
[[54, 86], [54, 86], [54, 86], [54, 86], [54, 86], [54, 86], [54, 86], [54, 86], [54, 86], [54, 86], [54, 86], [54, 86], [54, 86], [54, 86], [54, 86], [54, 86], [54, 86]]
Prices:
[0.86298, 0.86298, 0.86298, 0.86298, 0.86298, 0.86298, 0.86298, 0.86298, 0.86298, 0.86298, 0.86298, 0.86298, 0.86298, 0.86298, 0.86298, 0.86298, 0.86298, 0.86298, 0.86298, 0.86298, 0.86298, 0.86298, 0.86298, 0.86298, 0.86298, 0.86298, 0.86298, 0.86298, 0.86298, 0.86298, 0.86298, 0.86298, 0.86298, 0.86298, 0.86298, 0.86298, 0.86298, 0.86298, 0.86298, 0.86298, 0.86298, 0.86298, 0.86298, 0.86298, 0.86298, 0.86298, 0.86298, 0.86298, 0.86298, 0.86298, 0.86298, 0.86298, 0.86298, 0.86298, 0.86298, 0.86298, 0.86298, 0.86298, 0.86298, 0.86298, 0.86298, 0.86298, 0.86298, 0.86298, 0.86298, 0.86298, 0.86298, 0.86298, 0.86298, 0.86298, 0.86298, 0.86298, 0.86298, 0.86298, 0.86298, 0.86298, 0.86298, 0.86298, 0.86298, 0.86298, 0.23933]
Occ Predictions:
[0, 0, 0, 0, 0, 0, 0, 0, 0, 0, 0, 0, 0, 0, 0, 0, 0]
Setpoints:
[[54, 86], [54, 86], [54, 86], [54, 86], [54, 86], [54, 86], [54, 86], [54, 86], [54, 86], [54, 86], [54, 86], [54, 86], [54, 86], [54, 86], [54, 86], [54, 86], [54, 86]]
Time needed to calculate the shortest path:
7.99197006226


2018-07-10 21:17:35
MPC Actions: ['0', '0', '0', '0', '0', '0', '0', '0', '0', '0', '0', '0', '0', '0', '0', '0']
Temperatures following the MPC path:
[81.1, 81.17500000000001, 81.25, 81.325, 81.4, 81.47500000000001, 81.55000000000001, 81.625, 81.7, 81.775, 81.85000000000001, 81.92500000000001, 82.0, 82.075, 82.15, 82.22500000000001, 82.275]
Safety Constraints:
[[54, 86], [54, 86], [54, 86], [54, 86], [54, 86], [54, 86], [54, 86], [54, 86], [54, 86], [54, 86], [54, 86], [54, 86], [54, 86], [54, 86], [54, 86], [54, 86], [54, 86]]
Prices:
[0.86298, 0.86298, 0.86298, 0.86298, 0.86298, 0.86298, 0.86298, 0.86298, 0.86298, 0.86298, 0.86298, 0.86298, 0.86298, 0.86298, 0.86298, 0.86298, 0.86298, 0.86298, 0.86298, 0.86298, 0.86298, 0.86298, 0.86298, 0.86298, 0.86298, 0.86298, 0.86298, 0.86298, 0.86298, 0.86298, 0.86298, 0.86298, 0.86298, 0.86298, 0.86298, 0.86298, 0.86298, 0.86298, 0.86298, 0.86298, 0.86298, 0.86298, 0.86298, 0.86298, 0.86298, 0.86298, 0.86298, 0.86298, 0.86298, 0.86298, 0.86298, 0.86298, 0.86298, 0.86298, 0.86298, 0.86298, 0.86298, 0.86298, 0.86298, 0.86298, 0.86298, 0.86298, 0.86298, 0.86298, 0.86298, 0.86298, 0.86298, 0.86298, 0.86298, 0.86298, 0.86298, 0.86298, 0.86298, 0.86298, 0.86298, 0.23933, 0.23933]
Occ Predictions:
[0, 0, 0, 0, 0, 0, 0, 0, 0, 0, 0, 0, 0, 0, 0, 0, 0]
Setpoints:
[[54, 86], [54, 86], [54, 86], [54, 86], [54, 86], [54, 86], [54, 86], [54, 86], [54, 86], [54, 86], [54, 86], [54, 86], [54, 86], [54, 86], [54, 86], [54, 86], [54, 86]]
Time needed to calculate the shortest path:
6.61163306236
THERMOSTAT CHANGED MANUALY AT : 2018-07-10 21:32:35 UTC

2018-07-10 22:04:09
MPC Actions: ['0', '0', '0', '0', '0', '0', '0', '0', '0', '0', '0', '0', '0', '0', '0', '0']
Temperatures following the MPC path:
[82.0, 82.075, 82.15, 82.22500000000001, 82.30000000000001, 82.375, 82.45, 82.525, 82.60000000000001, 82.67500000000001, 82.75, 82.825, 82.9, 82.95, 83.0, 83.05000000000001, 83.10000000000001]
Safety Constraints:
[[54, 86], [54, 86], [54, 86], [54, 86], [54, 86], [54, 86], [54, 86], [54, 86], [54, 86], [54, 86], [54, 86], [54, 86], [54, 86], [54, 86], [54, 86], [54, 86], [54, 86]]
Prices:
[0.86298, 0.86298, 0.86298, 0.86298, 0.86298, 0.86298, 0.86298, 0.86298, 0.86298, 0.86298, 0.86298, 0.86298, 0.86298, 0.86298, 0.86298, 0.86298, 0.86298, 0.86298, 0.86298, 0.86298, 0.86298, 0.86298, 0.86298, 0.86298, 0.86298, 0.86298, 0.86298, 0.86298, 0.86298, 0.86298, 0.86298, 0.86298, 0.86298, 0.86298, 0.86298, 0.86298, 0.86298, 0.86298, 0.86298, 0.86298, 0.86298, 0.86298, 0.86298, 0.86298, 0.86298, 0.86298, 0.86298, 0.86298, 0.86298, 0.86298, 0.86298, 0.86298, 0.86298, 0.86298, 0.86298, 0.86298, 0.86298, 0.86298, 0.86298, 0.86298, 0.23933, 0.23933, 0.23933, 0.23933, 0.23933]
Occ Predictions:
[0, 0, 0, 0, 0, 0, 0, 0, 0, 0, 0, 0, 0, 0, 0, 0, 0]
Setpoints:
[[54, 86], [54, 86], [54, 86], [54, 86], [54, 86], [54, 86], [54, 86], [54, 86], [54, 86], [54, 86], [54, 86], [54, 86], [54, 86], [54, 86], [54, 86], [54, 86], [54, 86]]
Time needed to calculate the shortest path:
112.912969828


2018-07-10 22:19:09
MPC Actions: ['0', '0', '0', '0', '0', '0', '0', '0', '0', '0', '0', '0', '0', '0', '0', '0']
Temperatures following the MPC path:
[82.2, 82.275, 82.35000000000001, 82.42500000000001, 82.5, 82.575, 82.65, 82.72500000000001, 82.80000000000001, 82.875, 82.95, 83.025, 83.075, 83.125, 83.17500000000001, 83.22500000000001, 83.25]
Safety Constraints:
[[54, 86], [54, 86], [54, 86], [54, 86], [54, 86], [54, 86], [54, 86], [54, 86], [54, 86], [54, 86], [54, 86], [54, 86], [54, 86], [54, 86], [54, 86], [54, 86], [54, 86]]
Prices:
[0.86298, 0.86298, 0.86298, 0.86298, 0.86298, 0.86298, 0.86298, 0.86298, 0.86298, 0.86298, 0.86298, 0.86298, 0.86298, 0.86298, 0.86298, 0.86298, 0.86298, 0.86298, 0.86298, 0.86298, 0.86298, 0.86298, 0.86298, 0.86298, 0.86298, 0.86298, 0.86298, 0.86298, 0.86298, 0.86298, 0.86298, 0.86298, 0.86298, 0.86298, 0.86298, 0.86298, 0.86298, 0.86298, 0.86298, 0.86298, 0.86298, 0.86298, 0.86298, 0.86298, 0.86298, 0.86298, 0.86298, 0.86298, 0.86298, 0.86298, 0.86298, 0.86298, 0.86298, 0.86298, 0.86298, 0.23933, 0.23933, 0.23933, 0.23933, 0.23933, 0.23933]
Occ Predictions:
[0, 0, 0, 0, 0, 0, 0, 0, 0, 0, 0, 0, 0, 0, 0, 0, 0]
Setpoints:
[[54, 86], [54, 86], [54, 86], [54, 86], [54, 86], [54, 86], [54, 86], [54, 86], [54, 86], [54, 86], [54, 86], [54, 86], [54, 86], [54, 86], [54, 86], [54, 86], [54, 86]]
Time needed to calculate the shortest path:
98.5225231647


2018-07-10 22:34:09
MPC Actions: ['0', '0', '0', '0', '0', '0', '0', '0', '0', '0', '0', '0', '0', '0', '0', '0']
Temperatures following the MPC path:
[82.3, 82.375, 82.45, 82.525, 82.60000000000001, 82.67500000000001, 82.75, 82.825, 82.9, 82.97500000000001, 83.05000000000001, 83.10000000000001, 83.15, 83.2, 83.25, 83.275, 83.30000000000001]
Safety Constraints:
[[54, 86], [54, 86], [54, 86], [54, 86], [54, 86], [54, 86], [54, 86], [54, 86], [54, 86], [54, 86], [54, 86], [54, 86], [54, 86], [54, 86], [54, 86], [54, 86], [54, 86]]
Prices:
[0.86298, 0.86298, 0.86298, 0.86298, 0.86298, 0.86298, 0.86298, 0.86298, 0.86298, 0.86298, 0.86298, 0.86298, 0.86298, 0.86298, 0.86298, 0.86298, 0.86298, 0.86298, 0.86298, 0.86298, 0.86298, 0.86298, 0.86298, 0.86298, 0.86298, 0.86298, 0.86298, 0.86298, 0.86298, 0.86298, 0.86298, 0.86298, 0.86298, 0.86298, 0.86298, 0.86298, 0.86298, 0.86298, 0.86298, 0.86298, 0.86298, 0.86298, 0.86298, 0.86298, 0.86298, 0.86298, 0.86298, 0.86298, 0.86298, 0.86298, 0.23933, 0.23933, 0.23933, 0.23933, 0.23933, 0.23933, 0.23933]
Occ Predictions:
[0, 0, 0, 0, 0, 0, 0, 0, 0, 0, 0, 0, 0, 0, 0, 0, 0]
Setpoints:
[[54, 86], [54, 86], [54, 86], [54, 86], [54, 86], [54, 86], [54, 86], [54, 86], [54, 86], [54, 86], [54, 86], [54, 86], [54, 86], [54, 86], [54, 86], [54, 86], [54, 86]]
Time needed to calculate the shortest path:
81.8194959164


2018-07-10 22:49:09
MPC Actions: ['0', '0', '0', '0', '0', '0', '0', '0', '0', '0', '0', '0', '0', '0', '0', '0']
Temperatures following the MPC path:
[82.5, 82.575, 82.65, 82.72500000000001, 82.80000000000001, 82.875, 82.95, 83.025, 83.10000000000001, 83.17500000000001, 83.22500000000001, 83.275, 83.325, 83.375, 83.4, 83.42500000000001, 83.45]
Safety Constraints:
[[54, 86], [54, 86], [54, 86], [54, 86], [54, 86], [54, 86], [54, 86], [54, 86], [54, 86], [54, 86], [54, 86], [54, 86], [54, 86], [54, 86], [54, 86], [54, 86], [54, 86]]
Prices:
[0.86298, 0.86298, 0.86298, 0.86298, 0.86298, 0.86298, 0.86298, 0.86298, 0.86298, 0.86298, 0.86298, 0.86298, 0.86298, 0.86298, 0.86298, 0.86298, 0.86298, 0.86298, 0.86298, 0.86298, 0.86298, 0.86298, 0.86298, 0.86298, 0.86298, 0.86298, 0.86298, 0.86298, 0.86298, 0.86298, 0.86298, 0.86298, 0.86298, 0.86298, 0.86298, 0.86298, 0.86298, 0.86298, 0.86298, 0.86298, 0.86298, 0.86298, 0.86298, 0.86298, 0.86298, 0.23933, 0.23933, 0.23933, 0.23933, 0.23933, 0.23933, 0.23933, 0.23933]
Occ Predictions:
[0, 0, 0, 0, 0, 0, 0, 0, 0, 0, 0, 0, 0, 0, 0, 0, 0]
Setpoints:
[[54, 86], [54, 86], [54, 86], [54, 86], [54, 86], [54, 86], [54, 86], [54, 86], [54, 86], [54, 86], [54, 86], [54, 86], [54, 86], [54, 86], [54, 86], [54, 86], [54, 86]]
Time needed to calculate the shortest path:
84.7728939056


2018-07-10 23:04:09
MPC Actions: ['0', '0', '0', '0', '0', '0', '0', '0', '0', '0', '0', '0', '0', '0', '0', '0']
Temperatures following the MPC path:
[82.5, 82.575, 82.65, 82.72500000000001, 82.80000000000001, 82.875, 82.95, 83.025, 83.10000000000001, 83.15, 83.2, 83.25, 83.30000000000001, 83.325, 83.35000000000001, 83.375, 83.4]
Safety Constraints:
[[54, 86], [54, 86], [54, 86], [54, 86], [54, 86], [54, 86], [54, 86], [54, 86], [54, 86], [54, 86], [54, 86], [54, 86], [54, 86], [54, 86], [54, 86], [54, 86], [54, 86]]
Prices:
[0.86298, 0.86298, 0.86298, 0.86298, 0.86298, 0.86298, 0.86298, 0.86298, 0.86298, 0.86298, 0.86298, 0.86298, 0.86298, 0.86298, 0.86298, 0.86298, 0.86298, 0.86298, 0.86298, 0.86298, 0.86298, 0.86298, 0.86298, 0.86298, 0.86298, 0.86298, 0.86298, 0.86298, 0.86298, 0.86298, 0.86298, 0.86298, 0.86298, 0.86298, 0.86298, 0.86298, 0.86298, 0.86298, 0.86298, 0.86298, 0.23933, 0.23933, 0.23933, 0.23933, 0.23933, 0.23933, 0.23933, 0.23933, 0.23933]
Occ Predictions:
[0, 0, 0, 0, 0, 0, 0, 0, 0, 0, 0, 0, 0, 0, 0, 0, 0]
Setpoints:
[[54, 86], [54, 86], [54, 86], [54, 86], [54, 86], [54, 86], [54, 86], [54, 86], [54, 86], [54, 86], [54, 86], [54, 86], [54, 86], [54, 86], [54, 86], [54, 86], [54, 86]]
Time needed to calculate the shortest path:
76.0355269909


2018-07-10 23:19:09
MPC Actions: ['0', '0', '0', '0', '0', '0', '0', '0', '0', '0', '0', '0', '0', '0', '0', '0']
Temperatures following the MPC path:
[82.5, 82.575, 82.65, 82.72500000000001, 82.80000000000001, 82.875, 82.95, 83.025, 83.075, 83.125, 83.17500000000001, 83.22500000000001, 83.25, 83.275, 83.30000000000001, 83.325, 83.325]
Safety Constraints:
[[54, 86], [54, 86], [54, 86], [54, 86], [54, 86], [54, 86], [54, 86], [54, 86], [54, 86], [54, 86], [54, 86], [54, 86], [54, 86], [54, 86], [54, 86], [54, 86], [54, 86]]
Prices:
[0.86298, 0.86298, 0.86298, 0.86298, 0.86298, 0.86298, 0.86298, 0.86298, 0.86298, 0.86298, 0.86298, 0.86298, 0.86298, 0.86298, 0.86298, 0.86298, 0.86298, 0.86298, 0.86298, 0.86298, 0.86298, 0.86298, 0.86298, 0.86298, 0.86298, 0.86298, 0.86298, 0.86298, 0.86298, 0.86298, 0.86298, 0.86298, 0.86298, 0.86298, 0.86298, 0.23933, 0.23933, 0.23933, 0.23933, 0.23933, 0.23933, 0.23933, 0.23933, 0.23933, 0.23933]
Occ Predictions:
[0, 0, 0, 0, 0, 0, 0, 0, 0, 0, 0, 0, 0, 0, 0, 0, 0]
Setpoints:
[[54, 86], [54, 86], [54, 86], [54, 86], [54, 86], [54, 86], [54, 86], [54, 86], [54, 86], [54, 86], [54, 86], [54, 86], [54, 86], [54, 86], [54, 86], [54, 86], [54, 86]]
Time needed to calculate the shortest path:
79.9986870289


2018-07-10 23:34:09
MPC Actions: ['0', '0', '0', '0', '0', '0', '0', '0', '0', '0', '0', '0', '0', '0', '0', '0']
Temperatures following the MPC path:
[82.6, 82.67500000000001, 82.75, 82.80000000000001, 82.85000000000001, 82.9, 82.95, 83.0, 83.05000000000001, 83.10000000000001, 83.15, 83.17500000000001, 83.2, 83.22500000000001, 83.25, 83.25, 83.25]
Safety Constraints:
[[54, 86], [54, 86], [54, 86], [54, 86], [54, 86], [54, 86], [54, 86], [54, 86], [54, 86], [54, 86], [54, 86], [54, 86], [54, 86], [54, 86], [54, 86], [54, 86], [54, 86]]
Prices:
[0.86298, 0.86298, 0.86298, 0.86298, 0.86298, 0.86298, 0.86298, 0.86298, 0.86298, 0.86298, 0.86298, 0.86298, 0.86298, 0.86298, 0.86298, 0.86298, 0.86298, 0.86298, 0.86298, 0.86298, 0.86298, 0.86298, 0.86298, 0.86298, 0.86298, 0.86298, 0.86298, 0.86298, 0.86298, 0.86298, 0.23933, 0.23933, 0.23933, 0.23933, 0.23933, 0.23933, 0.23933, 0.23933, 0.23933, 0.23933, 0.23933]
Occ Predictions:
[0, 0, 0, 0, 0, 0, 0, 0, 0, 0, 0, 0, 0, 0, 0, 0, 0]
Setpoints:
[[54, 86], [54, 86], [54, 86], [54, 86], [54, 86], [54, 86], [54, 86], [54, 86], [54, 86], [54, 86], [54, 86], [54, 86], [54, 86], [54, 86], [54, 86], [54, 86], [54, 86]]
Time needed to calculate the shortest path:
71.8635120392


2018-07-10 23:49:09
MPC Actions: ['0', '0', '0', '0', '0', '0', '0', '0', '0', '0', '0', '0', '0', '0', '0', '0']
Temperatures following the MPC path:
[82.7, 82.75, 82.80000000000001, 82.85000000000001, 82.9, 82.95, 82.97500000000001, 83.0, 83.025, 83.05000000000001, 83.075, 83.10000000000001, 83.125, 83.15, 83.15, 83.15, 83.15]
Safety Constraints:
[[54, 86], [54, 86], [54, 86], [54, 86], [54, 86], [54, 86], [54, 86], [54, 86], [54, 86], [54, 86], [54, 86], [54, 86], [54, 86], [54, 86], [54, 86], [54, 86], [54, 86]]
Prices:
[0.86298, 0.86298, 0.86298, 0.86298, 0.86298, 0.86298, 0.86298, 0.86298, 0.86298, 0.86298, 0.86298, 0.86298, 0.86298, 0.86298, 0.86298, 0.86298, 0.86298, 0.86298, 0.86298, 0.86298, 0.86298, 0.86298, 0.86298, 0.86298, 0.86298, 0.23933, 0.23933, 0.23933, 0.23933, 0.23933, 0.23933, 0.23933, 0.23933, 0.23933, 0.23933, 0.23933, 0.23933]
Occ Predictions:
[0, 0, 0, 0, 0, 0, 0, 0, 0, 0, 0, 0, 0, 0, 0, 0, 0]
Setpoints:
[[54, 86], [54, 86], [54, 86], [54, 86], [54, 86], [54, 86], [54, 86], [54, 86], [54, 86], [54, 86], [54, 86], [54, 86], [54, 86], [54, 86], [54, 86], [54, 86], [54, 86]]
Time needed to calculate the shortest path:
71.0393841267


2018-07-11 00:04:09
MPC Actions: ['0', '0', '0', '0', '0', '0', '0', '0', '0', '0', '0', '0', '0', '0', '0', '0']
Temperatures following the MPC path:
[82.9, 82.95, 83.0, 83.05000000000001, 83.10000000000001, 83.125, 83.15, 83.17500000000001, 83.2, 83.22500000000001, 83.25, 83.275, 83.30000000000001, 83.275, 83.25, 83.22500000000001, 83.2]
Safety Constraints:
[[54, 86], [54, 86], [54, 86], [54, 86], [54, 86], [54, 86], [54, 86], [54, 86], [54, 86], [54, 86], [54, 86], [54, 86], [54, 86], [54, 86], [54, 86], [54, 86], [54, 86]]
Prices:
[0.86298, 0.86298, 0.86298, 0.86298, 0.86298, 0.86298, 0.86298, 0.86298, 0.86298, 0.86298, 0.86298, 0.86298, 0.86298, 0.86298, 0.86298, 0.86298, 0.86298, 0.86298, 0.86298, 0.86298, 0.23933, 0.23933, 0.23933, 0.23933, 0.23933, 0.23933, 0.23933, 0.23933, 0.23933, 0.23933, 0.23933, 0.23933, 0.23933]
Occ Predictions:
[0, 0, 0, 0, 0, 0, 0, 0, 0, 0, 0, 0, 0, 0, 0, 0, 0]
Setpoints:
[[54, 86], [54, 86], [54, 86], [54, 86], [54, 86], [54, 86], [54, 86], [54, 86], [54, 86], [54, 86], [54, 86], [54, 86], [54, 86], [54, 86], [54, 86], [54, 86], [54, 86]]
Time needed to calculate the shortest path:
74.4215610027


2018-07-11 00:19:09
MPC Actions: ['0', '0', '0', '0', '0', '0', '0', '0', '0', '0', '0', '0', '0', '0', '0', '0']
Temperatures following the MPC path:
[82.9, 82.95, 83.0, 83.05000000000001, 83.075, 83.10000000000001, 83.125, 83.15, 83.15, 83.15, 83.15, 83.15, 83.125, 83.10000000000001, 83.075, 83.05000000000001, 83.0]
Safety Constraints:
[[54, 86], [54, 86], [54, 86], [54, 86], [54, 86], [54, 86], [54, 86], [54, 86], [54, 86], [54, 86], [54, 86], [54, 86], [54, 86], [54, 86], [54, 86], [54, 86], [54, 86]]
Prices:
[0.86298, 0.86298, 0.86298, 0.86298, 0.86298, 0.86298, 0.86298, 0.86298, 0.86298, 0.86298, 0.86298, 0.86298, 0.86298, 0.86298, 0.86298, 0.23933, 0.23933, 0.23933, 0.23933, 0.23933, 0.23933, 0.23933, 0.23933, 0.23933, 0.23933, 0.23933, 0.23933, 0.23933, 0.23933]
Occ Predictions:
[0, 0, 0, 0, 0, 0, 0, 0, 0, 0, 0, 0, 0, 0, 0, 0, 0]
Setpoints:
[[54, 86], [54, 86], [54, 86], [54, 86], [54, 86], [54, 86], [54, 86], [54, 86], [54, 86], [54, 86], [54, 86], [54, 86], [54, 86], [54, 86], [54, 86], [54, 86], [54, 86]]
Time needed to calculate the shortest path:
76.8625659943


2018-07-11 00:34:10
MPC Actions: ['0', '0', '0', '0', '0', '0', '0', '0', '0', '0', '0', '0', '0', '0', '0', '0']
Temperatures following the MPC path:
[82.9, 82.95, 83.0, 83.025, 83.05000000000001, 83.075, 83.10000000000001, 83.10000000000001, 83.10000000000001, 83.10000000000001, 83.10000000000001, 83.075, 83.05000000000001, 83.025, 83.0, 82.95, 82.9]
Safety Constraints:
[[54, 86], [54, 86], [54, 86], [54, 86], [54, 86], [54, 86], [54, 86], [54, 86], [54, 86], [54, 86], [54, 86], [54, 86], [54, 86], [54, 86], [54, 86], [54, 86], [54, 86]]
Prices:
[0.86298, 0.86298, 0.86298, 0.86298, 0.86298, 0.86298, 0.86298, 0.86298, 0.86298, 0.86298, 0.23933, 0.23933, 0.23933, 0.23933, 0.23933, 0.23933, 0.23933, 0.23933, 0.23933, 0.23933, 0.23933, 0.23933, 0.23933, 0.23933, 0.21197]
Occ Predictions:
[0, 0, 0, 0, 0, 0, 0, 0, 0, 0, 0, 0, 0, 0, 0, 0, 0]
Setpoints:
[[54, 86], [54, 86], [54, 86], [54, 86], [54, 86], [54, 86], [54, 86], [54, 86], [54, 86], [54, 86], [54, 86], [54, 86], [54, 86], [54, 86], [54, 86], [54, 86], [54, 86]]
Time needed to calculate the shortest path:
76.4843108654


2018-07-11 00:49:09
MPC Actions: ['0', '0', '0', '0', '0', '0', '0', '0', '0', '0', '0', '0', '0', '0', '0', '0']
Temperatures following the MPC path:
[82.9, 82.95, 82.97500000000001, 83.0, 83.025, 83.05000000000001, 83.05000000000001, 83.05000000000001, 83.05000000000001, 83.05000000000001, 83.025, 83.0, 82.97500000000001, 82.95, 82.9, 82.85000000000001, 82.80000000000001]
Safety Constraints:
[[54, 86], [54, 86], [54, 86], [54, 86], [54, 86], [54, 86], [54, 86], [54, 86], [54, 86], [54, 86], [54, 86], [54, 86], [54, 86], [54, 86], [54, 86], [54, 86], [54, 86]]
Prices:
[0.86298, 0.86298, 0.86298, 0.86298, 0.86298, 0.23933, 0.23933, 0.23933, 0.23933, 0.23933, 0.23933, 0.23933, 0.23933, 0.23933, 0.23933, 0.23933, 0.23933, 0.23933, 0.23933, 0.21197, 0.21197]
Occ Predictions:
[0, 0, 0, 0, 0, 0, 0, 0, 0, 0, 0, 0, 0, 0, 0, 0, 0]
Setpoints:
[[54, 86], [54, 86], [54, 86], [54, 86], [54, 86], [54, 86], [54, 86], [54, 86], [54, 86], [54, 86], [54, 86], [54, 86], [54, 86], [54, 86], [54, 86], [54, 86], [54, 86]]
Time needed to calculate the shortest path:
72.6041488647


2018-07-11 01:04:09
MPC Actions: ['0', '0', '0', '0', '0', '0', '0', '0', '0', '0', '0', '0', '0', '0', '0', '0']
Temperatures following the MPC path:
[82.7, 82.72500000000001, 82.75, 82.775, 82.80000000000001, 82.80000000000001, 82.80000000000001, 82.80000000000001, 82.80000000000001, 82.775, 82.75, 82.72500000000001, 82.7, 82.65, 82.60000000000001, 82.55000000000001, 82.5]
Safety Constraints:
[[54, 86], [54, 86], [54, 86], [54, 86], [54, 86], [54, 86], [54, 86], [54, 86], [54, 86], [54, 86], [54, 86], [54, 86], [54, 86], [54, 86], [54, 86], [54, 86], [54, 86]]
Prices:
[0.23933, 0.23933, 0.23933, 0.23933, 0.23933, 0.23933, 0.23933, 0.23933, 0.23933, 0.23933, 0.23933, 0.23933, 0.23933, 0.23933, 0.21197, 0.21197, 0.21197]
Occ Predictions:
[0, 0, 0, 0, 0, 0, 0, 0, 0, 0, 0, 0, 0, 0, 0, 0, 0]
Setpoints:
[[54, 86], [54, 86], [54, 86], [54, 86], [54, 86], [54, 86], [54, 86], [54, 86], [54, 86], [54, 86], [54, 86], [54, 86], [54, 86], [54, 86], [54, 86], [54, 86], [54, 86]]
Time needed to calculate the shortest path:
71.0263280869


2018-07-11 01:19:09
MPC Actions: ['0', '0', '0', '0', '0', '0', '0', '0', '0', '0', '0', '0', '0', '0', '0', '0']
Temperatures following the MPC path:
[82.6, 82.625, 82.65, 82.67500000000001, 82.67500000000001, 82.67500000000001, 82.67500000000001, 82.67500000000001, 82.65, 82.625, 82.60000000000001, 82.575, 82.525, 82.47500000000001, 82.42500000000001, 82.375, 82.30000000000001]
Safety Constraints:
[[54, 86], [54, 86], [54, 86], [54, 86], [54, 86], [54, 86], [54, 86], [54, 86], [54, 86], [54, 86], [54, 86], [54, 86], [54, 86], [54, 86], [54, 86], [54, 86], [54, 86]]
Prices:
[0.23933, 0.23933, 0.23933, 0.23933, 0.23933, 0.23933, 0.23933, 0.23933, 0.23933, 0.23933, 0.23933, 0.23933, 0.23933, 0.21197, 0.21197, 0.21197, 0.21197]
Occ Predictions:
[0, 0, 0, 0, 0, 0, 0, 0, 0, 0, 0, 0, 0, 0, 0, 0, 0]
Setpoints:
[[54, 86], [54, 86], [54, 86], [54, 86], [54, 86], [54, 86], [54, 86], [54, 86], [54, 86], [54, 86], [54, 86], [54, 86], [54, 86], [54, 86], [54, 86], [54, 86], [54, 86]]
Time needed to calculate the shortest path:
72.898512125


2018-07-11 01:34:09
MPC Actions: ['0', '0', '0', '0', '0', '0', '0', '0', '0', '0', '0', '0', '0', '0', '0', '0']
Temperatures following the MPC path:
[82.4, 82.42500000000001, 82.45, 82.45, 82.45, 82.45, 82.45, 82.42500000000001, 82.4, 82.375, 82.35000000000001, 82.30000000000001, 82.25, 82.2, 82.15, 82.075, 82.0]
Safety Constraints:
[[54, 86], [54, 86], [54, 86], [54, 86], [54, 86], [54, 86], [54, 86], [54, 86], [54, 86], [54, 86], [54, 86], [54, 86], [54, 86], [54, 86], [54, 86], [54, 86], [54, 86]]
Prices:
[0.23933, 0.23933, 0.23933, 0.23933, 0.23933, 0.23933, 0.23933, 0.23933, 0.23933, 0.23933, 0.23933, 0.23933, 0.21197, 0.21197, 0.21197, 0.21197, 0.21197]
Occ Predictions:
[0, 0, 0, 0, 0, 0, 0, 0, 0, 0, 0, 0, 0, 0, 0, 0, 0]
Setpoints:
[[54, 86], [54, 86], [54, 86], [54, 86], [54, 86], [54, 86], [54, 86], [54, 86], [54, 86], [54, 86], [54, 86], [54, 86], [54, 86], [54, 86], [54, 86], [54, 86], [54, 86]]
Time needed to calculate the shortest path:
74.3500971794


2018-07-11 01:49:09
MPC Actions: ['0', '0', '0', '0', '0', '0', '0', '0', '0', '0', '0', '0', '0', '0', '0', '0']
Temperatures following the MPC path:
[82.3, 82.325, 82.325, 82.325, 82.325, 82.325, 82.30000000000001, 82.275, 82.25, 82.22500000000001, 82.17500000000001, 82.125, 82.075, 82.025, 81.95, 81.875, 81.80000000000001]
Safety Constraints:
[[54, 86], [54, 86], [54, 86], [54, 86], [54, 86], [54, 86], [54, 86], [54, 86], [54, 86], [54, 86], [54, 86], [54, 86], [54, 86], [54, 86], [54, 86], [54, 86], [54, 86]]
Prices:
[0.23933, 0.23933, 0.23933, 0.23933, 0.23933, 0.23933, 0.23933, 0.23933, 0.23933, 0.23933, 0.23933, 0.21197, 0.21197, 0.21197, 0.21197, 0.21197, 0.21197]
Occ Predictions:
[0, 0, 0, 0, 0, 0, 0, 0, 0, 0, 0, 0, 0, 0, 0, 0, 0]
Setpoints:
[[54, 86], [54, 86], [54, 86], [54, 86], [54, 86], [54, 86], [54, 86], [54, 86], [54, 86], [54, 86], [54, 86], [54, 86], [54, 86], [54, 86], [54, 86], [54, 86], [54, 86]]
Time needed to calculate the shortest path:
77.3025979996


2018-07-11 02:04:09
MPC Actions: ['0', '0', '0', '0', '0', '0', '0', '0', '0', '0', '0', '0', '0', '0', '0', '0']
Temperatures following the MPC path:
[82.2, 82.2, 82.2, 82.2, 82.2, 82.17500000000001, 82.15, 82.125, 82.10000000000001, 82.05000000000001, 82.0, 81.95, 81.9, 81.825, 81.75, 81.67500000000001, 81.60000000000001]
Safety Constraints:
[[54, 86], [54, 86], [54, 86], [54, 86], [54, 86], [54, 86], [54, 86], [54, 86], [54, 86], [54, 86], [54, 86], [54, 86], [54, 86], [54, 86], [54, 86], [54, 86], [54, 86]]
Prices:
[0.23933, 0.23933, 0.23933, 0.23933, 0.23933, 0.23933, 0.23933, 0.23933, 0.23933, 0.23933, 0.21197, 0.21197, 0.21197, 0.21197, 0.21197, 0.21197, 0.21197]
Occ Predictions:
[0, 0, 0, 0, 0, 0, 0, 0, 0, 0, 0, 0, 0, 0, 0, 0, 0]
Setpoints:
[[54, 86], [54, 86], [54, 86], [54, 86], [54, 86], [54, 86], [54, 86], [54, 86], [54, 86], [54, 86], [54, 86], [54, 86], [54, 86], [54, 86], [54, 86], [54, 86], [54, 86]]
Time needed to calculate the shortest path:
72.2906939983


2018-07-11 02:19:10
MPC Actions: ['0', '0', '0', '0', '0', '0', '0', '0', '0', '0', '0', '0', '0', '0', '0', '0']
Temperatures following the MPC path:
[82.1, 82.125, 82.15, 82.17500000000001, 82.15, 82.125, 82.10000000000001, 82.075, 82.025, 81.97500000000001, 81.92500000000001, 81.875, 81.80000000000001, 81.72500000000001, 81.65, 81.575, 81.47500000000001]
Safety Constraints:
[[54, 86], [54, 86], [54, 86], [54, 86], [54, 86], [54, 86], [54, 86], [54, 86], [54, 86], [54, 86], [54, 86], [54, 86], [54, 86], [54, 86], [54, 86], [54, 86], [54, 86]]
Prices:
[0.23933, 0.23933, 0.23933, 0.23933, 0.23933, 0.23933, 0.23933, 0.23933, 0.23933, 0.21197, 0.21197, 0.21197, 0.21197, 0.21197, 0.21197, 0.21197, 0.21197]
Occ Predictions:
[0, 0, 0, 0, 0, 0, 0, 0, 0, 0, 0, 0, 0, 0, 0, 0, 0]
Setpoints:
[[54, 86], [54, 86], [54, 86], [54, 86], [54, 86], [54, 86], [54, 86], [54, 86], [54, 86], [54, 86], [54, 86], [54, 86], [54, 86], [54, 86], [54, 86], [54, 86], [54, 86]]
Time needed to calculate the shortest path:
65.5705399513


2018-07-11 02:34:10
MPC Actions: ['0', '0', '0', '0', '0', '0', '0', '0', '0', '0', '0', '0', '0', '0', '0', '0']
Temperatures following the MPC path:
[82.0, 82.025, 82.05000000000001, 82.025, 82.0, 81.97500000000001, 81.95, 81.9, 81.85000000000001, 81.80000000000001, 81.75, 81.67500000000001, 81.60000000000001, 81.525, 81.45, 81.35000000000001, 81.25]
Safety Constraints:
[[54, 86], [54, 86], [54, 86], [54, 86], [54, 86], [54, 86], [54, 86], [54, 86], [54, 86], [54, 86], [54, 86], [54, 86], [54, 86], [54, 86], [54, 86], [54, 86], [54, 86]]
Prices:
[0.23933, 0.23933, 0.23933, 0.23933, 0.23933, 0.23933, 0.23933, 0.23933, 0.21197, 0.21197, 0.21197, 0.21197, 0.21197, 0.21197, 0.21197, 0.21197, 0.21197]
Occ Predictions:
[0, 0, 0, 0, 0, 0, 0, 0, 0, 0, 0, 0, 0, 0, 0, 0, 0]
Setpoints:
[[54, 86], [54, 86], [54, 86], [54, 86], [54, 86], [54, 86], [54, 86], [54, 86], [54, 86], [54, 86], [54, 86], [54, 86], [54, 86], [54, 86], [54, 86], [54, 86], [54, 86]]
Time needed to calculate the shortest path:
73.2546219826


2018-07-11 02:49:09
MPC Actions: ['0', '0', '0', '0', '0', '0', '0', '0', '0', '0', '0', '0', '0', '0', '0', '0']
Temperatures following the MPC path:
[81.7, 81.72500000000001, 81.72500000000001, 81.72500000000001, 81.72500000000001, 81.72500000000001, 81.7, 81.67500000000001, 81.65, 81.625, 81.55000000000001, 81.47500000000001, 81.4, 81.325, 81.25, 81.15, 81.05000000000001]
Safety Constraints:
[[54, 86], [54, 86], [54, 86], [54, 86], [54, 86], [54, 86], [54, 86], [54, 86], [54, 86], [54, 86], [54, 86], [54, 86], [54, 86], [54, 86], [54, 86], [54, 86], [54, 86]]
Prices:
[0.23933, 0.23933, 0.23933, 0.23933, 0.23933, 0.23933, 0.23933, 0.21197, 0.21197, 0.21197, 0.21197, 0.21197, 0.21197, 0.21197, 0.21197, 0.21197, 0.21197]
Occ Predictions:
[0, 0, 0, 0, 0, 0, 0, 0, 0, 0, 0, 0, 0, 0, 0, 0, 0]
Setpoints:
[[54, 86], [54, 86], [54, 86], [54, 86], [54, 86], [54, 86], [54, 86], [54, 86], [54, 86], [54, 86], [54, 86], [54, 86], [54, 86], [54, 86], [54, 86], [54, 86], [54, 86]]
Time needed to calculate the shortest path:
75.2942461967


2018-07-11 03:04:09
MPC Actions: ['0', '0', '0', '0', '0', '0', '0', '0', '0', '0', '0', '0', '0', '0', '0', '0']
Temperatures following the MPC path:
[81.5, 81.5, 81.5, 81.5, 81.5, 81.47500000000001, 81.45, 81.42500000000001, 81.4, 81.35000000000001, 81.30000000000001, 81.25, 81.17500000000001, 81.10000000000001, 81.025, 80.95, 80.875]
Safety Constraints:
[[54, 86], [54, 86], [54, 86], [54, 86], [54, 86], [54, 86], [54, 86], [54, 86], [54, 86], [54, 86], [54, 86], [54, 86], [54, 86], [54, 86], [54, 86], [54, 86], [54, 86]]
Prices:
[0.23933, 0.23933, 0.23933, 0.23933, 0.23933, 0.23933, 0.21197, 0.21197, 0.21197, 0.21197, 0.21197, 0.21197, 0.21197, 0.21197, 0.21197, 0.21197, 0.21197]
Occ Predictions:
[0, 0, 0, 0, 0, 0, 0, 0, 0, 0, 0, 0, 0, 0, 0, 0, 1]
Setpoints:
[[54, 86], [54, 86], [54, 86], [54, 86], [54, 86], [54, 86], [54, 86], [54, 86], [54, 86], [54, 86], [54, 86], [54, 86], [54, 86], [54, 86], [54, 86], [54, 86], [72, 74]]
Time needed to calculate the shortest path:
79.5162279606


2018-07-11 03:19:09
MPC Actions: ['2', '2', '2', '2', '2', '2', '2', '2', '2', '2', '2', '2', '2', '2', '2', '2']
Temperatures following the MPC path:
[81.3, 81.22500000000001, 81.15, 81.075, 80.97500000000001, 80.875, 80.775, 80.67500000000001, 80.55000000000001, 80.42500000000001, 80.30000000000001, 80.17500000000001, 80.025, 79.875, 79.72500000000001, 79.575, 79.4]
Safety Constraints:
[[54, 86], [54, 86], [54, 86], [54, 86], [54, 86], [54, 86], [54, 86], [54, 86], [54, 86], [54, 86], [54, 86], [54, 86], [54, 86], [54, 86], [54, 86], [54, 86], [54, 86]]
Prices:
[0.23933, 0.23933, 0.23933, 0.23933, 0.23933, 0.21197, 0.21197, 0.21197, 0.21197, 0.21197, 0.21197, 0.21197, 0.21197, 0.21197, 0.21197, 0.21197, 0.21197]
Occ Predictions:
[0, 0, 0, 0, 0, 0, 0, 0, 0, 0, 0, 0, 0, 0, 0, 1, 1]
Setpoints:
[[54, 86], [54, 86], [54, 86], [54, 86], [54, 86], [54, 86], [54, 86], [54, 86], [54, 86], [54, 86], [54, 86], [54, 86], [54, 86], [54, 86], [54, 86], [72, 74], [72, 74]]
Time needed to calculate the shortest path:
83.0066709518


2018-07-11 03:34:09
MPC Actions: ['2', '2', '2', '2', '2', '2', '2', '2', '2', '2', '2', '2', '2', '2', '2', '2']
Temperatures following the MPC path:
[80.4, 80.325, 80.25, 80.15, 80.05000000000001, 79.95, 79.85000000000001, 79.72500000000001, 79.60000000000001, 79.47500000000001, 79.35000000000001, 79.2, 79.05000000000001, 78.9, 78.75, 78.575, 78.4]
Safety Constraints:
[[54, 86], [54, 86], [54, 86], [54, 86], [54, 86], [54, 86], [54, 86], [54, 86], [54, 86], [54, 86], [54, 86], [54, 86], [54, 86], [54, 86], [54, 86], [54, 86], [54, 86]]
Prices:
[0.23933, 0.23933, 0.23933, 0.23933, 0.21197, 0.21197, 0.21197, 0.21197, 0.21197, 0.21197, 0.21197, 0.21197, 0.21197, 0.21197, 0.21197, 0.21197, 0.21197]
Occ Predictions:
[0, 0, 0, 0, 0, 0, 0, 0, 0, 0, 0, 0, 0, 0, 1, 1, 1]
Setpoints:
[[54, 86], [54, 86], [54, 86], [54, 86], [54, 86], [54, 86], [54, 86], [54, 86], [54, 86], [54, 86], [54, 86], [54, 86], [54, 86], [54, 86], [72, 74], [72, 74], [72, 74]]
Time needed to calculate the shortest path:
86.3344039917


2018-07-11 03:49:09
MPC Actions: ['2', '2', '2', '2', '2', '2', '2', '2', '2', '2', '2', '2', '2', '2', '2', '2']
Temperatures following the MPC path:
[78.2, 78.125, 78.025, 77.92500000000001, 77.825, 77.72500000000001, 77.60000000000001, 77.47500000000001, 77.35000000000001, 77.22500000000001, 77.075, 76.92500000000001, 76.775, 76.625, 76.45, 76.275, 76.10000000000001]
Safety Constraints:
[[54, 86], [54, 86], [54, 86], [54, 86], [54, 86], [54, 86], [54, 86], [54, 86], [54, 86], [54, 86], [54, 86], [54, 86], [54, 86], [54, 86], [54, 86], [54, 86], [54, 86]]
Prices:
[0.23933, 0.23933, 0.23933, 0.21197, 0.21197, 0.21197, 0.21197, 0.21197, 0.21197, 0.21197, 0.21197, 0.21197, 0.21197, 0.21197, 0.21197, 0.21197, 0.21197]
Occ Predictions:
[0, 0, 0, 0, 0, 0, 0, 0, 0, 0, 0, 0, 0, 1, 1, 1, 1]
Setpoints:
[[54, 86], [54, 86], [54, 86], [54, 86], [54, 86], [54, 86], [54, 86], [54, 86], [54, 86], [54, 86], [54, 86], [54, 86], [54, 86], [72, 74], [72, 74], [72, 74], [72, 74]]
Time needed to calculate the shortest path:
105.721139193


2018-07-11 04:04:10
MPC Actions: ['2', '2', '2', '2', '2', '2', '2', '2', '2', '2', '2', '2', '2', '2', '2', '2']
Temperatures following the MPC path:
[76.8, 76.7, 76.60000000000001, 76.5, 76.4, 76.275, 76.15, 76.025, 75.9, 75.75, 75.60000000000001, 75.45, 75.3, 75.15, 75.0, 74.85000000000001, 74.7]
Safety Constraints:
[[54, 86], [54, 86], [54, 86], [54, 86], [54, 86], [54, 86], [54, 86], [54, 86], [54, 86], [54, 86], [54, 86], [54, 86], [54, 86], [54, 86], [54, 86], [54, 86], [54, 86]]
Prices:
[0.23933, 0.23933, 0.21197, 0.21197, 0.21197, 0.21197, 0.21197, 0.21197, 0.21197, 0.21197, 0.21197, 0.21197, 0.21197, 0.21197, 0.21197, 0.21197, 0.21197]
Occ Predictions:
[0, 0, 0, 0, 0, 0, 0, 0, 0, 0, 0, 0, 1, 1, 1, 1, 1]
Setpoints:
[[54, 86], [54, 86], [54, 86], [54, 86], [54, 86], [54, 86], [54, 86], [54, 86], [54, 86], [54, 86], [54, 86], [54, 86], [72, 74], [72, 74], [72, 74], [72, 74], [72, 74]]
Time needed to calculate the shortest path:
109.581252098


2018-07-11 04:19:10
MPC Actions: ['0', '2', '2', '2', '2', '2', '2', '2', '2', '2', '2', '0', '0', '0', '0', '0']
Temperatures following the MPC path:
[75.4, 75.35000000000001, 75.25, 75.15, 75.025, 74.9, 74.775, 74.65, 74.5, 74.35000000000001, 74.2, 74.05, 73.95, 73.85000000000001, 73.75, 73.65, 73.525]
Safety Constraints:
[[54, 86], [54, 86], [54, 86], [54, 86], [54, 86], [54, 86], [54, 86], [54, 86], [54, 86], [54, 86], [54, 86], [54, 86], [54, 86], [54, 86], [54, 86], [54, 86], [54, 86]]
Prices:
[0.23933, 0.21197, 0.21197, 0.21197, 0.21197, 0.21197, 0.21197, 0.21197, 0.21197, 0.21197, 0.21197, 0.21197, 0.21197, 0.21197, 0.21197, 0.21197, 0.21197]
Occ Predictions:
[0, 0, 0, 0, 0, 0, 0, 0, 0, 0, 0, 1, 1, 1, 1, 1, 1]
Setpoints:
[[54, 86], [54, 86], [54, 86], [54, 86], [54, 86], [54, 86], [54, 86], [54, 86], [54, 86], [54, 86], [54, 86], [72, 74], [72, 74], [72, 74], [72, 74], [72, 74], [72, 74]]
Time needed to calculate the shortest path:
116.687401056


2018-07-11 04:34:09
MPC Actions: ['2', '2', '2', '0', '0', '0', '0', '0', '0', '0', '0', '0', '0', '0', '0', '0']
Temperatures following the MPC path:
[75.0, 74.9, 74.8, 74.675, 74.60000000000001, 74.525, 74.45, 74.35000000000001, 74.25, 74.15, 74.05, 73.95, 73.85000000000001, 73.75, 73.65, 73.525, 73.4]
Safety Constraints:
[[54, 86], [54, 86], [54, 86], [54, 86], [54, 86], [54, 86], [54, 86], [54, 86], [54, 86], [54, 86], [54, 86], [54, 86], [54, 86], [54, 86], [54, 86], [54, 86], [54, 86]]
Prices:
[0.21197, 0.21197, 0.21197, 0.21197, 0.21197, 0.21197, 0.21197, 0.21197, 0.21197, 0.21197, 0.21197, 0.21197, 0.21197, 0.21197, 0.21197, 0.21197, 0.21197]
Occ Predictions:
[0, 0, 0, 0, 0, 0, 0, 0, 0, 0, 1, 1, 1, 1, 1, 1, 1]
Setpoints:
[[54, 86], [54, 86], [54, 86], [54, 86], [54, 86], [54, 86], [54, 86], [54, 86], [54, 86], [54, 86], [72, 74], [72, 74], [72, 74], [72, 74], [72, 74], [72, 74], [72, 74]]
Time needed to calculate the shortest path:
120.274530888


2018-07-11 04:49:09
MPC Actions: ['2', '2', '2', '2', '2', '0', '0', '0', '0', '0', '0', '0', '0', '0', '0', '0']
Temperatures following the MPC path:
[75.0, 74.925, 74.8, 74.675, 74.55, 74.425, 74.35000000000001, 74.25, 74.15, 74.05, 73.95, 73.85000000000001, 73.75, 73.65, 73.55, 73.425, 73.3]
Safety Constraints:
[[54, 86], [54, 86], [54, 86], [54, 86], [54, 86], [54, 86], [54, 86], [54, 86], [54, 86], [54, 86], [54, 86], [54, 86], [54, 86], [54, 86], [54, 86], [54, 86], [54, 86]]
Prices:
[0.21197, 0.21197, 0.21197, 0.21197, 0.21197, 0.21197, 0.21197, 0.21197, 0.21197, 0.21197, 0.21197, 0.21197, 0.21197, 0.21197, 0.21197, 0.21197, 0.21197]
Occ Predictions:
[0, 0, 0, 0, 0, 0, 0, 0, 0, 1, 1, 1, 1, 1, 1, 1, 1]
Setpoints:
[[54, 86], [54, 86], [54, 86], [54, 86], [54, 86], [54, 86], [54, 86], [54, 86], [54, 86], [72, 74], [72, 74], [72, 74], [72, 74], [72, 74], [72, 74], [72, 74], [72, 74]]
Time needed to calculate the shortest path:
104.099895


2018-07-11 05:04:09
MPC Actions: ['0', '0', '0', '0', '0', '0', '0', '0', '0', '0', '0', '0', '0', '0', '0', '0']
Temperatures following the MPC path:
[73.9, 73.85000000000001, 73.8, 73.75, 73.7, 73.625, 73.55, 73.47500000000001, 73.4, 73.3, 73.2, 73.10000000000001, 73.0, 72.9, 72.8, 72.7, 72.60000000000001]
Safety Constraints:
[[54, 86], [54, 86], [54, 86], [54, 86], [54, 86], [54, 86], [54, 86], [54, 86], [54, 86], [54, 86], [54, 86], [54, 86], [54, 86], [54, 86], [54, 86], [54, 86], [54, 86]]
Prices:
[0.21197, 0.21197, 0.21197, 0.21197, 0.21197, 0.21197, 0.21197, 0.21197, 0.21197, 0.21197, 0.21197, 0.21197, 0.21197, 0.21197, 0.21197, 0.21197, 0.21197]
Occ Predictions:
[0, 0, 0, 0, 0, 0, 0, 0, 1, 1, 1, 1, 1, 1, 1, 1, 1]
Setpoints:
[[54, 86], [54, 86], [54, 86], [54, 86], [54, 86], [54, 86], [54, 86], [54, 86], [72, 74], [72, 74], [72, 74], [72, 74], [72, 74], [72, 74], [72, 74], [72, 74], [72, 74]]
Time needed to calculate the shortest path:
67.5413050652


2018-07-11 05:19:09
MPC Actions: ['0', '0', '0', '0', '0', '0', '0', '0', '0', '0', '0', '0', '0', '0', '0', '0']
Temperatures following the MPC path:
[73.9, 73.85000000000001, 73.8, 73.75, 73.675, 73.60000000000001, 73.525, 73.45, 73.35000000000001, 73.25, 73.15, 73.05, 72.95, 72.85000000000001, 72.75, 72.65, 72.525]
Safety Constraints:
[[54, 86], [54, 86], [54, 86], [54, 86], [54, 86], [54, 86], [54, 86], [54, 86], [54, 86], [54, 86], [54, 86], [54, 86], [54, 86], [54, 86], [54, 86], [54, 86], [54, 86]]
Prices:
[0.21197, 0.21197, 0.21197, 0.21197, 0.21197, 0.21197, 0.21197, 0.21197, 0.21197, 0.21197, 0.21197, 0.21197, 0.21197, 0.21197, 0.21197, 0.21197, 0.21197]
Occ Predictions:
[0, 0, 0, 0, 0, 0, 0, 1, 1, 1, 1, 1, 1, 1, 1, 1, 1]
Setpoints:
[[54, 86], [54, 86], [54, 86], [54, 86], [54, 86], [54, 86], [54, 86], [72, 74], [72, 74], [72, 74], [72, 74], [72, 74], [72, 74], [72, 74], [72, 74], [72, 74], [72, 74]]
Time needed to calculate the shortest path:
68.6213929653


2018-07-11 05:34:09
MPC Actions: ['0', '0', '0', '0', '0', '0', '0', '0', '0', '0', '0', '0', '0', '0', '0', '0']
Temperatures following the MPC path:
[74.0, 73.95, 73.9, 73.825, 73.75, 73.675, 73.60000000000001, 73.5, 73.4, 73.3, 73.2, 73.10000000000001, 73.0, 72.9, 72.8, 72.7, 72.60000000000001]
Safety Constraints:
[[54, 86], [54, 86], [54, 86], [54, 86], [54, 86], [54, 86], [54, 86], [54, 86], [54, 86], [54, 86], [54, 86], [54, 86], [54, 86], [54, 86], [54, 86], [54, 86], [54, 86]]
Prices:
[0.21197, 0.21197, 0.21197, 0.21197, 0.21197, 0.21197, 0.21197, 0.21197, 0.21197, 0.21197, 0.21197, 0.21197, 0.21197, 0.21197, 0.21197, 0.21197, 0.21197]
Occ Predictions:
[0, 0, 0, 0, 0, 0, 1, 1, 1, 1, 1, 1, 1, 1, 1, 1, 1]
Setpoints:
[[54, 86], [54, 86], [54, 86], [54, 86], [54, 86], [54, 86], [72, 74], [72, 74], [72, 74], [72, 74], [72, 74], [72, 74], [72, 74], [72, 74], [72, 74], [72, 74], [72, 74]]
Time needed to calculate the shortest path:
68.7005298138


2018-07-11 05:49:09
MPC Actions: ['2', '0', '0', '0', '0', '0', '0', '0', '0', '0', '0', '0', '0', '0', '0', '0']
Temperatures following the MPC path:
[74.4, 74.3, 74.22500000000001, 74.15, 74.075, 74.0, 73.925, 73.85000000000001, 73.75, 73.65, 73.55, 73.45, 73.35000000000001, 73.25, 73.15, 73.05, 72.95]
Safety Constraints:
[[54, 86], [54, 86], [54, 86], [54, 86], [54, 86], [54, 86], [54, 86], [54, 86], [54, 86], [54, 86], [54, 86], [54, 86], [54, 86], [54, 86], [54, 86], [54, 86], [54, 86]]
Prices:
[0.21197, 0.21197, 0.21197, 0.21197, 0.21197, 0.21197, 0.21197, 0.21197, 0.21197, 0.21197, 0.21197, 0.21197, 0.21197, 0.21197, 0.21197, 0.21197, 0.21197]
Occ Predictions:
[0, 0, 0, 0, 0, 1, 1, 1, 1, 1, 1, 1, 1, 1, 1, 1, 1]
Setpoints:
[[54, 86], [54, 86], [54, 86], [54, 86], [54, 86], [72, 74], [72, 74], [72, 74], [72, 74], [72, 74], [72, 74], [72, 74], [72, 74], [72, 74], [72, 74], [72, 74], [72, 74]]
Time needed to calculate the shortest path:
70.6175570488


2018-07-11 06:04:09
MPC Actions: ['2', '2', '0', '0', '0', '0', '0', '0', '0', '0', '0', '0', '0', '0', '0', '0']
Temperatures following the MPC path:
[74.4, 74.275, 74.15, 74.075, 74.0, 73.925, 73.85000000000001, 73.775, 73.7, 73.60000000000001, 73.5, 73.4, 73.3, 73.2, 73.10000000000001, 73.0, 72.9]
Safety Constraints:
[[54, 86], [54, 86], [54, 86], [54, 86], [54, 86], [54, 86], [54, 86], [54, 86], [54, 86], [54, 86], [54, 86], [54, 86], [54, 86], [54, 86], [54, 86], [54, 86], [54, 86]]
Prices:
[0.21197, 0.21197, 0.21197, 0.21197, 0.21197, 0.21197, 0.21197, 0.21197, 0.21197, 0.21197, 0.21197, 0.21197, 0.21197, 0.21197, 0.21197, 0.21197, 0.21197]
Occ Predictions:
[0, 0, 0, 0, 1, 1, 1, 1, 1, 1, 1, 1, 1, 1, 1, 1, 1]
Setpoints:
[[54, 86], [54, 86], [54, 86], [54, 86], [72, 74], [72, 74], [72, 74], [72, 74], [72, 74], [72, 74], [72, 74], [72, 74], [72, 74], [72, 74], [72, 74], [72, 74], [72, 74]]
Time needed to calculate the shortest path:
58.5688300133


2018-07-11 06:19:09
MPC Actions: ['1', '1', '1', '1', '1', '1', '1', '1', '1', '1', '0', '1', '1', '1', '0', '0']
Temperatures following the MPC path:
[71.9, 71.92500000000001, 71.95000000000002, 71.97500000000002, 72.00000000000003, 72.02500000000003, 72.05000000000004, 72.07500000000005, 72.10000000000005, 72.12500000000006, 72.15000000000006, 72.075, 72.10000000000001, 72.12500000000001, 72.15000000000002, 72.05, 71.95]
Safety Constraints:
[[54, 86], [54, 86], [54, 86], [54, 86], [54, 86], [54, 86], [54, 86], [54, 86], [54, 86], [54, 86], [54, 86], [54, 86], [54, 86], [54, 86], [54, 86], [54, 86], [54, 86]]
Prices:
[0.21197, 0.21197, 0.21197, 0.21197, 0.21197, 0.21197, 0.21197, 0.21197, 0.21197, 0.21197, 0.21197, 0.21197, 0.21197, 0.21197, 0.21197, 0.21197, 0.21197]
Occ Predictions:
[0, 0, 0, 1, 1, 1, 1, 1, 1, 1, 1, 1, 1, 1, 1, 1, 1]
Setpoints:
[[54, 86], [54, 86], [54, 86], [72, 74], [72, 74], [72, 74], [72, 74], [72, 74], [72, 74], [72, 74], [72, 74], [72, 74], [72, 74], [72, 74], [72, 74], [72, 74], [72, 74]]
Time needed to calculate the shortest path:
67.7732820511
