

2018-07-10 15:08:21
MPC Actions: ['0', '0', '0', '0', '0', '0', '0', '0', '0', '0', '0', '0', '0', '0', '0', '0']
Temperatures following the MPC path:
[71.7, 72.35000000000001, 72.7, 72.9, 73.05, 73.2, 73.3, 73.35000000000001, 73.35000000000001, 73.45, 73.5, 73.55, 73.55, 73.65, 73.7, 73.75, 73.75]
Safety Constraints:
[[54, 86], [54, 86], [54, 86], [54, 86], [54, 86], [54, 86], [54, 86], [54, 86], [54, 86], [54, 86], [54, 86], [54, 86], [54, 86], [54, 86], [54, 86], [54, 86], [54, 86]]
Prices:
[0.21197, 0.21197, 0.23933, 0.23933, 0.23933, 0.23933, 0.23933, 0.23933, 0.23933, 0.23933, 0.23933, 0.23933, 0.23933, 0.23933, 0.23933, 0.23933, 0.26298]
Occ Predictions:
[0, 0, 0, 0, 0, 0, 0, 0, 0, 0, 0, 0, 0, 0, 0, 0, 0]
Setpoints:
[[54, 86], [54, 86], [54, 86], [54, 86], [54, 86], [54, 86], [54, 86], [54, 86], [54, 86], [54, 86], [54, 86], [54, 86], [54, 86], [54, 86], [54, 86], [54, 86], [54, 86]]
Time needed to calculate the shortest path:
36.9156360626


2018-07-10 15:23:21
MPC Actions: ['0', '0', '0', '0', '0', '0', '0', '0', '0', '0', '0', '0', '0', '0', '0', '0']
Temperatures following the MPC path:
[71.8, 72.5, 72.9, 73.10000000000001, 73.3, 73.4, 73.45, 73.5, 73.60000000000001, 73.65, 73.7, 73.7, 73.8, 73.85000000000001, 73.9, 73.9, 74.0]
Safety Constraints:
[[54, 86], [54, 86], [54, 86], [54, 86], [54, 86], [54, 86], [54, 86], [54, 86], [54, 86], [54, 86], [54, 86], [54, 86], [54, 86], [54, 86], [54, 86], [54, 86], [54, 86]]
Prices:
[0.21197, 0.23933, 0.23933, 0.23933, 0.23933, 0.23933, 0.23933, 0.23933, 0.23933, 0.23933, 0.23933, 0.23933, 0.23933, 0.23933, 0.23933, 0.26298, 0.26298]
Occ Predictions:
[0, 0, 0, 0, 0, 0, 0, 0, 0, 0, 0, 0, 0, 0, 0, 0, 0]
Setpoints:
[[54, 86], [54, 86], [54, 86], [54, 86], [54, 86], [54, 86], [54, 86], [54, 86], [54, 86], [54, 86], [54, 86], [54, 86], [54, 86], [54, 86], [54, 86], [54, 86], [54, 86]]
Time needed to calculate the shortest path:
42.9098899364


2018-07-10 15:38:21
MPC Actions: ['0', '0', '0', '0', '0', '0', '0', '0', '0', '0', '0', '0', '0', '0', '0', '0']
Temperatures following the MPC path:
[72.1, 72.75, 73.10000000000001, 73.4, 73.55, 73.65, 73.7, 73.8, 73.9, 73.95, 73.95, 74.05, 74.10000000000001, 74.15, 74.15, 74.2, 74.25]
Safety Constraints:
[[54, 86], [54, 86], [54, 86], [54, 86], [54, 86], [54, 86], [54, 86], [54, 86], [54, 86], [54, 86], [54, 86], [54, 86], [54, 86], [54, 86], [54, 86], [54, 86], [54, 86]]
Prices:
[0.23933, 0.23933, 0.23933, 0.23933, 0.23933, 0.23933, 0.23933, 0.23933, 0.23933, 0.23933, 0.23933, 0.23933, 0.23933, 0.23933, 0.26298, 0.26298, 0.26298]
Occ Predictions:
[0, 0, 0, 0, 0, 0, 0, 0, 0, 0, 0, 0, 0, 0, 0, 0, 0]
Setpoints:
[[54, 86], [54, 86], [54, 86], [54, 86], [54, 86], [54, 86], [54, 86], [54, 86], [54, 86], [54, 86], [54, 86], [54, 86], [54, 86], [54, 86], [54, 86], [54, 86], [54, 86]]
Time needed to calculate the shortest path:
34.1502161026


2018-07-10 15:53:21
MPC Actions: ['0', '0', '0', '0', '0', '0', '0', '0', '0', '0', '0', '0', '0', '0', '0', '0']
Temperatures following the MPC path:
[72.3, 73.0, 73.45, 73.75, 73.9, 74.0, 74.10000000000001, 74.2, 74.25, 74.25, 74.35000000000001, 74.4, 74.45, 74.45, 74.55, 74.60000000000001, 74.60000000000001]
Safety Constraints:
[[54, 86], [54, 86], [54, 86], [54, 86], [54, 86], [54, 86], [54, 86], [54, 86], [54, 86], [54, 86], [54, 86], [54, 86], [54, 86], [54, 86], [54, 86], [54, 86], [54, 86]]
Prices:
[0.23933, 0.23933, 0.23933, 0.23933, 0.23933, 0.23933, 0.23933, 0.23933, 0.23933, 0.23933, 0.23933, 0.23933, 0.23933, 0.26298, 0.26298, 0.26298, 0.26298]
Occ Predictions:
[0, 0, 0, 0, 0, 0, 0, 0, 0, 0, 0, 0, 0, 0, 0, 0, 0]
Setpoints:
[[54, 86], [54, 86], [54, 86], [54, 86], [54, 86], [54, 86], [54, 86], [54, 86], [54, 86], [54, 86], [54, 86], [54, 86], [54, 86], [54, 86], [54, 86], [54, 86], [54, 86]]
Time needed to calculate the shortest path:
35.9467790127


2018-07-10 16:08:21
MPC Actions: ['0', '0', '0', '0', '0', '0', '0', '0', '0', '0', '0', '0', '0', '0', '0', '0']
Temperatures following the MPC path:
[72.6, 73.3, 73.7, 73.95, 74.10000000000001, 74.25, 74.35000000000001, 74.4, 74.4, 74.5, 74.55, 74.60000000000001, 74.60000000000001, 74.7, 74.75, 74.75, 74.75]
Safety Constraints:
[[54, 86], [54, 86], [54, 86], [54, 86], [54, 86], [54, 86], [54, 86], [54, 86], [54, 86], [54, 86], [54, 86], [54, 86], [54, 86], [54, 86], [54, 86], [54, 86], [54, 86]]
Prices:
[0.23933, 0.23933, 0.23933, 0.23933, 0.23933, 0.23933, 0.23933, 0.23933, 0.23933, 0.23933, 0.23933, 0.23933, 0.26298, 0.26298, 0.26298, 0.26298, 0.26298]
Occ Predictions:
[0, 0, 0, 0, 0, 0, 0, 0, 0, 0, 0, 0, 0, 0, 0, 0, 0]
Setpoints:
[[54, 86], [54, 86], [54, 86], [54, 86], [54, 86], [54, 86], [54, 86], [54, 86], [54, 86], [54, 86], [54, 86], [54, 86], [54, 86], [54, 86], [54, 86], [54, 86], [54, 86]]
Time needed to calculate the shortest path:
37.9473278522


2018-07-10 16:23:21
MPC Actions: ['0', '0', '0', '0', '0', '0', '0', '0', '0', '0', '0', '0', '0', '0', '0', '0']
Temperatures following the MPC path:
[72.8, 73.5, 73.9, 74.10000000000001, 74.3, 74.4, 74.45, 74.5, 74.60000000000001, 74.65, 74.7, 74.7, 74.8, 74.85000000000001, 74.85000000000001, 74.85000000000001, 74.9]
Safety Constraints:
[[54, 86], [54, 86], [54, 86], [54, 86], [54, 86], [54, 86], [54, 86], [54, 86], [54, 86], [54, 86], [54, 86], [54, 86], [54, 86], [54, 86], [54, 86], [54, 86], [54, 86]]
Prices:
[0.23933, 0.23933, 0.23933, 0.23933, 0.23933, 0.23933, 0.23933, 0.23933, 0.23933, 0.23933, 0.23933, 0.26298, 0.26298, 0.26298, 0.26298, 0.26298, 0.26298]
Occ Predictions:
[0, 0, 0, 0, 0, 0, 0, 0, 0, 0, 0, 0, 0, 0, 0, 0, 0]
Setpoints:
[[54, 86], [54, 86], [54, 86], [54, 86], [54, 86], [54, 86], [54, 86], [54, 86], [54, 86], [54, 86], [54, 86], [54, 86], [54, 86], [54, 86], [54, 86], [54, 86], [54, 86]]
Time needed to calculate the shortest path:
38.5805130005


2018-07-10 16:38:21
MPC Actions: ['0', '0', '0', '0', '0', '0', '0', '0', '0', '0', '0', '0', '0', '0', '0', '0']
Temperatures following the MPC path:
[73.2, 73.75, 74.05, 74.3, 74.45, 74.55, 74.60000000000001, 74.7, 74.75, 74.8, 74.8, 74.9, 74.95, 74.95, 74.95, 75.0, 75.05]
Safety Constraints:
[[54, 86], [54, 86], [54, 86], [54, 86], [54, 86], [54, 86], [54, 86], [54, 86], [54, 86], [54, 86], [54, 86], [54, 86], [54, 86], [54, 86], [54, 86], [54, 86], [54, 86]]
Prices:
[0.23933, 0.23933, 0.23933, 0.23933, 0.23933, 0.23933, 0.23933, 0.23933, 0.23933, 0.23933, 0.26298, 0.26298, 0.26298, 0.26298, 0.26298, 0.26298, 0.26298]
Occ Predictions:
[0, 0, 0, 0, 0, 0, 0, 0, 0, 0, 0, 0, 0, 0, 0, 0, 0]
Setpoints:
[[54, 86], [54, 86], [54, 86], [54, 86], [54, 86], [54, 86], [54, 86], [54, 86], [54, 86], [54, 86], [54, 86], [54, 86], [54, 86], [54, 86], [54, 86], [54, 86], [54, 86]]
Time needed to calculate the shortest path:
38.1851699352


2018-07-10 16:53:21
MPC Actions: ['0', '0', '0', '0', '0', '0', '0', '0', '0', '0', '0', '0', '0', '0', '0', '0']
Temperatures following the MPC path:
[73.5, 74.10000000000001, 74.5, 74.75, 74.9, 75.0, 75.10000000000001, 75.15, 75.2, 75.25, 75.3, 75.35000000000001, 75.4, 75.4, 75.45, 75.5, 75.5]
Safety Constraints:
[[54, 86], [54, 86], [54, 86], [54, 86], [54, 86], [54, 86], [54, 86], [54, 86], [54, 86], [54, 86], [54, 86], [54, 86], [54, 86], [54, 86], [54, 86], [54, 86], [54, 86]]
Prices:
[0.23933, 0.23933, 0.23933, 0.23933, 0.23933, 0.23933, 0.23933, 0.23933, 0.23933, 0.26298, 0.26298, 0.26298, 0.26298, 0.26298, 0.26298, 0.26298, 0.26298]
Occ Predictions:
[0, 0, 0, 0, 0, 0, 0, 0, 0, 0, 0, 0, 0, 0, 0, 0, 0]
Setpoints:
[[54, 86], [54, 86], [54, 86], [54, 86], [54, 86], [54, 86], [54, 86], [54, 86], [54, 86], [54, 86], [54, 86], [54, 86], [54, 86], [54, 86], [54, 86], [54, 86], [54, 86]]
Time needed to calculate the shortest path:
36.0900888443


2018-07-10 17:08:21
MPC Actions: ['0', '0', '0', '0', '0', '0', '0', '0', '0', '0', '0', '0', '0', '0', '0', '0']
Temperatures following the MPC path:
[74.0, 74.5, 74.8, 74.95, 75.05, 75.15, 75.25, 75.3, 75.3, 75.4, 75.45, 75.45, 75.45, 75.5, 75.55, 75.55, 75.55]
Safety Constraints:
[[54, 86], [54, 86], [54, 86], [54, 86], [54, 86], [54, 86], [54, 86], [54, 86], [54, 86], [54, 86], [54, 86], [54, 86], [54, 86], [54, 86], [54, 86], [54, 86], [54, 86]]
Prices:
[0.23933, 0.23933, 0.23933, 0.23933, 0.23933, 0.23933, 0.23933, 0.23933, 0.26298, 0.26298, 0.26298, 0.26298, 0.26298, 0.26298, 0.26298, 0.26298, 0.86298, 0.86298, 0.86298, 0.86298, 0.86298]
Occ Predictions:
[0, 0, 0, 0, 0, 0, 0, 0, 0, 0, 0, 0, 0, 0, 0, 0, 0]
Setpoints:
[[54, 86], [54, 86], [54, 86], [54, 86], [54, 86], [54, 86], [54, 86], [54, 86], [54, 86], [54, 86], [54, 86], [54, 86], [54, 86], [54, 86], [54, 86], [54, 86], [54, 86]]
Time needed to calculate the shortest path:
34.7932589054


2018-07-10 17:23:21
MPC Actions: ['0', '0', '0', '0', '0', '0', '0', '0', '0', '0', '0', '0', '0', '0', '0', '0']
Temperatures following the MPC path:
[74.4, 74.85000000000001, 75.10000000000001, 75.25, 75.4, 75.5, 75.55, 75.55, 75.65, 75.7, 75.7, 75.7, 75.75, 75.8, 75.85000000000001, 75.85000000000001, 75.9]
Safety Constraints:
[[54, 86], [54, 86], [54, 86], [54, 86], [54, 86], [54, 86], [54, 86], [54, 86], [54, 86], [54, 86], [54, 86], [54, 86], [54, 86], [54, 86], [54, 86], [54, 86], [54, 86]]
Prices:
[0.23933, 0.23933, 0.23933, 0.23933, 0.23933, 0.23933, 0.23933, 0.26298, 0.26298, 0.26298, 0.26298, 0.26298, 0.26298, 0.26298, 0.26298, 0.86298, 0.86298, 0.86298, 0.86298, 0.86298, 0.86298, 0.86298, 0.86298, 0.86298, 0.86298]
Occ Predictions:
[0, 0, 0, 0, 0, 0, 0, 0, 0, 0, 0, 0, 0, 0, 0, 0, 0]
Setpoints:
[[54, 86], [54, 86], [54, 86], [54, 86], [54, 86], [54, 86], [54, 86], [54, 86], [54, 86], [54, 86], [54, 86], [54, 86], [54, 86], [54, 86], [54, 86], [54, 86], [54, 86]]
Time needed to calculate the shortest path:
34.490623951


2018-07-10 17:38:21
MPC Actions: ['0', '0', '0', '0', '0', '0', '0', '0', '0', '0', '0', '0', '0', '0', '0', '0']
Temperatures following the MPC path:
[74.9, 75.2, 75.4, 75.60000000000001, 75.7, 75.75, 75.8, 75.9, 75.95, 75.95, 75.95, 76.0, 76.05, 76.05, 76.05, 76.10000000000001, 76.15]
Safety Constraints:
[[54, 86], [54, 86], [54, 86], [54, 86], [54, 86], [54, 86], [54, 86], [54, 86], [54, 86], [54, 86], [54, 86], [54, 86], [54, 86], [54, 86], [54, 86], [54, 86], [54, 86]]
Prices:
[0.23933, 0.23933, 0.23933, 0.23933, 0.23933, 0.23933, 0.26298, 0.26298, 0.26298, 0.26298, 0.26298, 0.26298, 0.26298, 0.26298, 0.86298, 0.86298, 0.86298, 0.86298, 0.86298, 0.86298, 0.86298, 0.86298, 0.86298, 0.86298, 0.86298, 0.86298, 0.86298, 0.86298, 0.86298]
Occ Predictions:
[0, 0, 0, 0, 0, 0, 0, 0, 0, 0, 0, 0, 0, 0, 0, 0, 0]
Setpoints:
[[54, 86], [54, 86], [54, 86], [54, 86], [54, 86], [54, 86], [54, 86], [54, 86], [54, 86], [54, 86], [54, 86], [54, 86], [54, 86], [54, 86], [54, 86], [54, 86], [54, 86]]
Time needed to calculate the shortest path:
36.1520228386


2018-07-10 17:53:21
MPC Actions: ['0', '0', '0', '0', '0', '0', '0', '0', '0', '0', '0', '0', '0', '0', '0', '0']
Temperatures following the MPC path:
[75.3, 75.60000000000001, 75.85000000000001, 76.0, 76.10000000000001, 76.15, 76.25, 76.3, 76.3, 76.3, 76.35000000000001, 76.4, 76.4, 76.4, 76.45, 76.5, 76.55]
Safety Constraints:
[[54, 86], [54, 86], [54, 86], [54, 86], [54, 86], [54, 86], [54, 86], [54, 86], [54, 86], [54, 86], [54, 86], [54, 86], [54, 86], [54, 86], [54, 86], [54, 86], [54, 86]]
Prices:
[0.23933, 0.23933, 0.23933, 0.23933, 0.23933, 0.26298, 0.26298, 0.26298, 0.26298, 0.26298, 0.26298, 0.26298, 0.26298, 0.86298, 0.86298, 0.86298, 0.86298, 0.86298, 0.86298, 0.86298, 0.86298, 0.86298, 0.86298, 0.86298, 0.86298, 0.86298, 0.86298, 0.86298, 0.86298, 0.86298, 0.86298, 0.86298, 0.86298]
Occ Predictions:
[0, 0, 0, 0, 0, 0, 0, 0, 0, 0, 0, 0, 0, 0, 0, 0, 0]
Setpoints:
[[54, 86], [54, 86], [54, 86], [54, 86], [54, 86], [54, 86], [54, 86], [54, 86], [54, 86], [54, 86], [54, 86], [54, 86], [54, 86], [54, 86], [54, 86], [54, 86], [54, 86]]
Time needed to calculate the shortest path:
39.4483590126


2018-07-10 18:08:21
MPC Actions: ['0', '0', '0', '0', '0', '0', '0', '0', '0', '0', '0', '0', '0', '0', '0', '0']
Temperatures following the MPC path:
[76.0, 76.15, 76.25, 76.3, 76.35000000000001, 76.45, 76.5, 76.5, 76.5, 76.55, 76.60000000000001, 76.60000000000001, 76.60000000000001, 76.65, 76.7, 76.7, 76.7]
Safety Constraints:
[[54, 86], [54, 86], [54, 86], [54, 86], [54, 86], [54, 86], [54, 86], [54, 86], [54, 86], [54, 86], [54, 86], [54, 86], [54, 86], [54, 86], [54, 86], [54, 86], [54, 86]]
Prices:
[0.23933, 0.23933, 0.23933, 0.23933, 0.26298, 0.26298, 0.26298, 0.26298, 0.26298, 0.26298, 0.26298, 0.26298, 0.86298, 0.86298, 0.86298, 0.86298, 0.86298, 0.86298, 0.86298, 0.86298, 0.86298, 0.86298, 0.86298, 0.86298, 0.86298, 0.86298, 0.86298, 0.86298, 0.86298, 0.86298, 0.86298, 0.86298, 0.86298, 0.86298, 0.86298, 0.86298, 0.86298]
Occ Predictions:
[0, 0, 0, 0, 0, 0, 0, 0, 0, 0, 0, 0, 0, 0, 0, 0, 0]
Setpoints:
[[54, 86], [54, 86], [54, 86], [54, 86], [54, 86], [54, 86], [54, 86], [54, 86], [54, 86], [54, 86], [54, 86], [54, 86], [54, 86], [54, 86], [54, 86], [54, 86], [54, 86]]
Time needed to calculate the shortest path:
39.5397250652


2018-07-10 18:23:21
MPC Actions: ['0', '0', '0', '0', '0', '0', '0', '0', '0', '0', '0', '0', '0', '0', '0', '0']
Temperatures following the MPC path:
[76.6, 76.7, 76.75, 76.75, 76.85000000000001, 76.9, 76.9, 76.9, 76.95, 77.0, 77.05000000000001, 77.05000000000001, 77.10000000000001, 77.15, 77.15, 77.15, 77.2]
Safety Constraints:
[[54, 86], [54, 86], [54, 86], [54, 86], [54, 86], [54, 86], [54, 86], [54, 86], [54, 86], [54, 86], [54, 86], [54, 86], [54, 86], [54, 86], [54, 86], [54, 86], [54, 86]]
Prices:
[0.23933, 0.23933, 0.23933, 0.26298, 0.26298, 0.26298, 0.26298, 0.26298, 0.26298, 0.26298, 0.26298, 0.86298, 0.86298, 0.86298, 0.86298, 0.86298, 0.86298, 0.86298, 0.86298, 0.86298, 0.86298, 0.86298, 0.86298, 0.86298, 0.86298, 0.86298, 0.86298, 0.86298, 0.86298, 0.86298, 0.86298, 0.86298, 0.86298, 0.86298, 0.86298, 0.86298, 0.86298, 0.86298, 0.86298, 0.86298, 0.86298]
Occ Predictions:
[0, 0, 0, 0, 0, 0, 0, 0, 0, 0, 0, 0, 0, 0, 0, 0, 0]
Setpoints:
[[54, 86], [54, 86], [54, 86], [54, 86], [54, 86], [54, 86], [54, 86], [54, 86], [54, 86], [54, 86], [54, 86], [54, 86], [54, 86], [54, 86], [54, 86], [54, 86], [54, 86]]
Time needed to calculate the shortest path:
34.5139920712


2018-07-10 18:38:21
MPC Actions: ['0', '0', '0', '0', '0', '0', '0', '0', '0', '0', '0', '0', '0', '0', '0', '0']
Temperatures following the MPC path:
[77.0, 77.05000000000001, 77.10000000000001, 77.2, 77.25, 77.25, 77.25, 77.30000000000001, 77.35000000000001, 77.4, 77.4, 77.45, 77.5, 77.5, 77.5, 77.55000000000001, 77.55000000000001]
Safety Constraints:
[[54, 86], [54, 86], [54, 86], [54, 86], [54, 86], [54, 86], [54, 86], [54, 86], [54, 86], [54, 86], [54, 86], [54, 86], [54, 86], [54, 86], [54, 86], [54, 86], [54, 86]]
Prices:
[0.23933, 0.23933, 0.26298, 0.26298, 0.26298, 0.26298, 0.26298, 0.26298, 0.26298, 0.26298, 0.86298, 0.86298, 0.86298, 0.86298, 0.86298, 0.86298, 0.86298, 0.86298, 0.86298, 0.86298, 0.86298, 0.86298, 0.86298, 0.86298, 0.86298, 0.86298, 0.86298, 0.86298, 0.86298, 0.86298, 0.86298, 0.86298, 0.86298, 0.86298, 0.86298, 0.86298, 0.86298, 0.86298, 0.86298, 0.86298, 0.86298, 0.86298, 0.86298, 0.86298, 0.86298]
Occ Predictions:
[0, 0, 0, 0, 0, 0, 0, 0, 0, 0, 0, 0, 0, 0, 0, 0, 0]
Setpoints:
[[54, 86], [54, 86], [54, 86], [54, 86], [54, 86], [54, 86], [54, 86], [54, 86], [54, 86], [54, 86], [54, 86], [54, 86], [54, 86], [54, 86], [54, 86], [54, 86], [54, 86]]
Time needed to calculate the shortest path:
27.6270430088


2018-07-10 18:53:21
MPC Actions: ['0', '0', '0', '0', '0', '0', '0', '0', '0', '0', '0', '0', '0', '0', '0', '0']
Temperatures following the MPC path:
[77.5, 77.45, 77.45, 77.45, 77.45, 77.45, 77.5, 77.55000000000001, 77.60000000000001, 77.60000000000001, 77.65, 77.7, 77.7, 77.7, 77.75, 77.75, 77.75]
Safety Constraints:
[[54, 86], [54, 86], [54, 86], [54, 86], [54, 86], [54, 86], [54, 86], [54, 86], [54, 86], [54, 86], [54, 86], [54, 86], [54, 86], [54, 86], [54, 86], [54, 86], [54, 86]]
Prices:
[0.23933, 0.26298, 0.26298, 0.26298, 0.26298, 0.26298, 0.26298, 0.26298, 0.26298, 0.86298, 0.86298, 0.86298, 0.86298, 0.86298, 0.86298, 0.86298, 0.86298, 0.86298, 0.86298, 0.86298, 0.86298, 0.86298, 0.86298, 0.86298, 0.86298, 0.86298, 0.86298, 0.86298, 0.86298, 0.86298, 0.86298, 0.86298, 0.86298, 0.86298, 0.86298, 0.86298, 0.86298, 0.86298, 0.86298, 0.86298, 0.86298, 0.86298, 0.86298, 0.86298, 0.86298, 0.86298, 0.86298, 0.86298, 0.86298]
Occ Predictions:
[0, 0, 0, 0, 0, 0, 0, 0, 0, 0, 0, 0, 0, 0, 0, 0, 0]
Setpoints:
[[54, 86], [54, 86], [54, 86], [54, 86], [54, 86], [54, 86], [54, 86], [54, 86], [54, 86], [54, 86], [54, 86], [54, 86], [54, 86], [54, 86], [54, 86], [54, 86], [54, 86]]
Time needed to calculate the shortest path:
20.1911509037


2018-07-10 19:08:21
MPC Actions: ['0', '0', '0', '0', '0', '0', '0', '0', '0', '0', '0', '0', '0', '0', '0', '0']
Temperatures following the MPC path:
[78.0, 78.0, 78.0, 78.0, 78.0, 78.0, 78.0, 78.0, 78.0, 78.05000000000001, 78.10000000000001, 78.15, 78.15, 78.15, 78.15, 78.15, 78.15]
Safety Constraints:
[[54, 86], [54, 86], [54, 86], [54, 86], [54, 86], [54, 86], [54, 86], [54, 86], [54, 86], [54, 86], [54, 86], [54, 86], [54, 86], [54, 86], [54, 86], [54, 86], [54, 86]]
Prices:
[0.26298, 0.26298, 0.26298, 0.26298, 0.26298, 0.26298, 0.26298, 0.26298, 0.86298, 0.86298, 0.86298, 0.86298, 0.86298, 0.86298, 0.86298, 0.86298, 0.86298, 0.86298, 0.86298, 0.86298, 0.86298, 0.86298, 0.86298, 0.86298, 0.86298, 0.86298, 0.86298, 0.86298, 0.86298, 0.86298, 0.86298, 0.86298, 0.86298, 0.86298, 0.86298, 0.86298, 0.86298, 0.86298, 0.86298, 0.86298, 0.86298, 0.86298, 0.86298, 0.86298, 0.86298, 0.86298, 0.86298, 0.86298, 0.86298, 0.86298, 0.86298, 0.86298, 0.86298]
Occ Predictions:
[0, 0, 0, 0, 0, 0, 0, 0, 0, 0, 0, 0, 0, 0, 0, 0, 0]
Setpoints:
[[54, 86], [54, 86], [54, 86], [54, 86], [54, 86], [54, 86], [54, 86], [54, 86], [54, 86], [54, 86], [54, 86], [54, 86], [54, 86], [54, 86], [54, 86], [54, 86], [54, 86]]
Time needed to calculate the shortest path:
19.7177929878


2018-07-10 19:23:21
MPC Actions: ['0', '0', '0', '0', '0', '0', '0', '0', '0', '0', '0', '0', '0', '0', '0', '0']
Temperatures following the MPC path:
[78.5, 78.45, 78.4, 78.4, 78.45, 78.45, 78.45, 78.45, 78.5, 78.55000000000001, 78.55000000000001, 78.55000000000001, 78.60000000000001, 78.60000000000001, 78.60000000000001, 78.60000000000001, 78.60000000000001]
Safety Constraints:
[[54, 86], [54, 86], [54, 86], [54, 86], [54, 86], [54, 86], [54, 86], [54, 86], [54, 86], [54, 86], [54, 86], [54, 86], [54, 86], [54, 86], [54, 86], [54, 86], [54, 86]]
Prices:
[0.26298, 0.26298, 0.26298, 0.26298, 0.26298, 0.26298, 0.26298, 0.86298, 0.86298, 0.86298, 0.86298, 0.86298, 0.86298, 0.86298, 0.86298, 0.86298, 0.86298, 0.86298, 0.86298, 0.86298, 0.86298, 0.86298, 0.86298, 0.86298, 0.86298, 0.86298, 0.86298, 0.86298, 0.86298, 0.86298, 0.86298, 0.86298, 0.86298, 0.86298, 0.86298, 0.86298, 0.86298, 0.86298, 0.86298, 0.86298, 0.86298, 0.86298, 0.86298, 0.86298, 0.86298, 0.86298, 0.86298, 0.86298, 0.86298, 0.86298, 0.86298, 0.86298, 0.86298, 0.86298, 0.86298, 0.86298, 0.86298]
Occ Predictions:
[0, 0, 0, 0, 0, 0, 0, 0, 0, 0, 0, 0, 0, 0, 0, 0, 0]
Setpoints:
[[54, 86], [54, 86], [54, 86], [54, 86], [54, 86], [54, 86], [54, 86], [54, 86], [54, 86], [54, 86], [54, 86], [54, 86], [54, 86], [54, 86], [54, 86], [54, 86], [54, 86]]
Time needed to calculate the shortest path:
19.6610219479


2018-07-10 19:38:21
MPC Actions: ['0', '0', '0', '0', '0', '0', '0', '0', '0', '0', '0', '0', '0', '0', '0', '0']
Temperatures following the MPC path:
[79.0, 78.95, 78.9, 78.95, 78.95, 78.95, 78.95, 79.0, 79.05000000000001, 79.05000000000001, 79.05000000000001, 79.10000000000001, 79.10000000000001, 79.10000000000001, 79.10000000000001, 79.10000000000001, 79.10000000000001]
Safety Constraints:
[[54, 86], [54, 86], [54, 86], [54, 86], [54, 86], [54, 86], [54, 86], [54, 86], [54, 86], [54, 86], [54, 86], [54, 86], [54, 86], [54, 86], [54, 86], [54, 86], [54, 86]]
Prices:
[0.26298, 0.26298, 0.26298, 0.26298, 0.26298, 0.26298, 0.86298, 0.86298, 0.86298, 0.86298, 0.86298, 0.86298, 0.86298, 0.86298, 0.86298, 0.86298, 0.86298, 0.86298, 0.86298, 0.86298, 0.86298, 0.86298, 0.86298, 0.86298, 0.86298, 0.86298, 0.86298, 0.86298, 0.86298, 0.86298, 0.86298, 0.86298, 0.86298, 0.86298, 0.86298, 0.86298, 0.86298, 0.86298, 0.86298, 0.86298, 0.86298, 0.86298, 0.86298, 0.86298, 0.86298, 0.86298, 0.86298, 0.86298, 0.86298, 0.86298, 0.86298, 0.86298, 0.86298, 0.86298, 0.86298, 0.86298, 0.86298, 0.86298, 0.86298, 0.86298, 0.86298]
Occ Predictions:
[0, 0, 0, 0, 0, 0, 0, 0, 0, 0, 0, 0, 0, 0, 0, 0, 0]
Setpoints:
[[54, 86], [54, 86], [54, 86], [54, 86], [54, 86], [54, 86], [54, 86], [54, 86], [54, 86], [54, 86], [54, 86], [54, 86], [54, 86], [54, 86], [54, 86], [54, 86], [54, 86]]
Time needed to calculate the shortest path:
17.9907369614


2018-07-10 19:53:21
MPC Actions: ['0', '0', '0', '0', '0', '0', '0', '0', '0', '0', '0', '0', '0', '0', '0', '0']
Temperatures following the MPC path:
[79.5, 79.4, 79.4, 79.4, 79.4, 79.4, 79.45, 79.45, 79.45, 79.45, 79.5, 79.5, 79.5, 79.5, 79.5, 79.5, 79.5]
Safety Constraints:
[[54, 86], [54, 86], [54, 86], [54, 86], [54, 86], [54, 86], [54, 86], [54, 86], [54, 86], [54, 86], [54, 86], [54, 86], [54, 86], [54, 86], [54, 86], [54, 86], [54, 86]]
Prices:
[0.26298, 0.26298, 0.26298, 0.26298, 0.26298, 0.86298, 0.86298, 0.86298, 0.86298, 0.86298, 0.86298, 0.86298, 0.86298, 0.86298, 0.86298, 0.86298, 0.86298, 0.86298, 0.86298, 0.86298, 0.86298, 0.86298, 0.86298, 0.86298, 0.86298, 0.86298, 0.86298, 0.86298, 0.86298, 0.86298, 0.86298, 0.86298, 0.86298, 0.86298, 0.86298, 0.86298, 0.86298, 0.86298, 0.86298, 0.86298, 0.86298, 0.86298, 0.86298, 0.86298, 0.86298, 0.86298, 0.86298, 0.86298, 0.86298, 0.86298, 0.86298, 0.86298, 0.86298, 0.86298, 0.86298, 0.86298, 0.86298, 0.86298, 0.86298, 0.86298, 0.86298, 0.86298, 0.86298, 0.86298, 0.86298]
Occ Predictions:
[0, 0, 0, 0, 0, 0, 0, 0, 0, 0, 0, 0, 0, 0, 0, 0, 0]
Setpoints:
[[54, 86], [54, 86], [54, 86], [54, 86], [54, 86], [54, 86], [54, 86], [54, 86], [54, 86], [54, 86], [54, 86], [54, 86], [54, 86], [54, 86], [54, 86], [54, 86], [54, 86]]
Time needed to calculate the shortest path:
17.0185191631


2018-07-10 20:08:21
MPC Actions: ['0', '0', '0', '0', '0', '0', '0', '0', '0', '0', '0', '0', '0', '0', '0', '0']
Temperatures following the MPC path:
[80.0, 79.9, 79.85000000000001, 79.80000000000001, 79.80000000000001, 79.80000000000001, 79.80000000000001, 79.80000000000001, 79.80000000000001, 79.85000000000001, 79.85000000000001, 79.85000000000001, 79.85000000000001, 79.85000000000001, 79.85000000000001, 79.85000000000001, 79.85000000000001]
Safety Constraints:
[[54, 86], [54, 86], [54, 86], [54, 86], [54, 86], [54, 86], [54, 86], [54, 86], [54, 86], [54, 86], [54, 86], [54, 86], [54, 86], [54, 86], [54, 86], [54, 86], [54, 86]]
Prices:
[0.26298, 0.26298, 0.26298, 0.26298, 0.86298, 0.86298, 0.86298, 0.86298, 0.86298, 0.86298, 0.86298, 0.86298, 0.86298, 0.86298, 0.86298, 0.86298, 0.86298, 0.86298, 0.86298, 0.86298, 0.86298, 0.86298, 0.86298, 0.86298, 0.86298, 0.86298, 0.86298, 0.86298, 0.86298, 0.86298, 0.86298, 0.86298, 0.86298, 0.86298, 0.86298, 0.86298, 0.86298, 0.86298, 0.86298, 0.86298, 0.86298, 0.86298, 0.86298, 0.86298, 0.86298, 0.86298, 0.86298, 0.86298, 0.86298, 0.86298, 0.86298, 0.86298, 0.86298, 0.86298, 0.86298, 0.86298, 0.86298, 0.86298, 0.86298, 0.86298, 0.86298, 0.86298, 0.86298, 0.86298, 0.86298, 0.86298, 0.86298, 0.86298, 0.86298]
Occ Predictions:
[0, 0, 0, 0, 0, 0, 0, 0, 0, 0, 0, 0, 0, 0, 0, 0, 0]
Setpoints:
[[54, 86], [54, 86], [54, 86], [54, 86], [54, 86], [54, 86], [54, 86], [54, 86], [54, 86], [54, 86], [54, 86], [54, 86], [54, 86], [54, 86], [54, 86], [54, 86], [54, 86]]
Time needed to calculate the shortest path:
1.69089603424


2018-07-10 20:23:21
MPC Actions: ['0', '0', '0', '0', '0', '0', '0', '0', '0', '0', '0', '0', '0', '0', '0', '0']
Temperatures following the MPC path:
[80.4, 80.25, 80.15, 80.10000000000001, 80.15, 80.15, 80.15, 80.15, 80.2, 80.2, 80.2, 80.2, 80.2, 80.2, 80.2, 80.2, 80.2]
Safety Constraints:
[[54, 86], [54, 86], [54, 86], [54, 86], [54, 86], [54, 86], [54, 86], [54, 86], [54, 86], [54, 86], [54, 86], [54, 86], [54, 86], [54, 86], [54, 86], [54, 86], [54, 86]]
Prices:
[0.26298, 0.26298, 0.26298, 0.86298, 0.86298, 0.86298, 0.86298, 0.86298, 0.86298, 0.86298, 0.86298, 0.86298, 0.86298, 0.86298, 0.86298, 0.86298, 0.86298, 0.86298, 0.86298, 0.86298, 0.86298, 0.86298, 0.86298, 0.86298, 0.86298, 0.86298, 0.86298, 0.86298, 0.86298, 0.86298, 0.86298, 0.86298, 0.86298, 0.86298, 0.86298, 0.86298, 0.86298, 0.86298, 0.86298, 0.86298, 0.86298, 0.86298, 0.86298, 0.86298, 0.86298, 0.86298, 0.86298, 0.86298, 0.86298, 0.86298, 0.86298, 0.86298, 0.86298, 0.86298, 0.86298, 0.86298, 0.86298, 0.86298, 0.86298, 0.86298, 0.86298, 0.86298, 0.86298, 0.86298, 0.86298, 0.86298, 0.86298, 0.86298, 0.86298, 0.86298, 0.86298, 0.86298, 0.86298]
Occ Predictions:
[0, 0, 0, 0, 0, 0, 0, 0, 0, 0, 0, 0, 0, 0, 0, 0, 0]
Setpoints:
[[54, 86], [54, 86], [54, 86], [54, 86], [54, 86], [54, 86], [54, 86], [54, 86], [54, 86], [54, 86], [54, 86], [54, 86], [54, 86], [54, 86], [54, 86], [54, 86], [54, 86]]
Time needed to calculate the shortest path:
5.06032395363


2018-07-10 20:38:21
MPC Actions: ['0', '0', '0', '0', '0', '0', '0', '0', '0', '0', '0', '0', '0', '0', '0', '0']
Temperatures following the MPC path:
[80.7, 80.55000000000001, 80.45, 80.45, 80.45, 80.45, 80.45, 80.45, 80.45, 80.45, 80.45, 80.45, 80.45, 80.45, 80.45, 80.45, 80.45]
Safety Constraints:
[[54, 86], [54, 86], [54, 86], [54, 86], [54, 86], [54, 86], [54, 86], [54, 86], [54, 86], [54, 86], [54, 86], [54, 86], [54, 86], [54, 86], [54, 86], [54, 86], [54, 86]]
Prices:
[0.26298, 0.26298, 0.86298, 0.86298, 0.86298, 0.86298, 0.86298, 0.86298, 0.86298, 0.86298, 0.86298, 0.86298, 0.86298, 0.86298, 0.86298, 0.86298, 0.86298, 0.86298, 0.86298, 0.86298, 0.86298, 0.86298, 0.86298, 0.86298, 0.86298, 0.86298, 0.86298, 0.86298, 0.86298, 0.86298, 0.86298, 0.86298, 0.86298, 0.86298, 0.86298, 0.86298, 0.86298, 0.86298, 0.86298, 0.86298, 0.86298, 0.86298, 0.86298, 0.86298, 0.86298, 0.86298, 0.86298, 0.86298, 0.86298, 0.86298, 0.86298, 0.86298, 0.86298, 0.86298, 0.86298, 0.86298, 0.86298, 0.86298, 0.86298, 0.86298, 0.86298, 0.86298, 0.86298, 0.86298, 0.86298, 0.86298, 0.86298, 0.86298, 0.86298, 0.86298, 0.86298, 0.86298, 0.86298, 0.86298, 0.86298, 0.86298, 0.86298]
Occ Predictions:
[0, 0, 0, 0, 0, 0, 0, 0, 0, 0, 0, 0, 0, 0, 0, 0, 0]
Setpoints:
[[54, 86], [54, 86], [54, 86], [54, 86], [54, 86], [54, 86], [54, 86], [54, 86], [54, 86], [54, 86], [54, 86], [54, 86], [54, 86], [54, 86], [54, 86], [54, 86], [54, 86]]
Time needed to calculate the shortest path:
5.61031603813


2018-07-10 20:47:35
MPC Actions: ['0', '0', '0', '0', '0', '0', '0', '0', '0', '0', '0', '0', '0', '0', '0', '0']
Temperatures following the MPC path:
[80.9, 80.72500000000001, 80.67500000000001, 80.65, 80.65, 80.65, 80.65, 80.65, 80.65, 80.65, 80.65, 80.65, 80.65, 80.65, 80.65, 80.65, 80.65]
Safety Constraints:
[[54, 86], [54, 86], [54, 86], [54, 86], [54, 86], [54, 86], [54, 86], [54, 86], [54, 86], [54, 86], [54, 86], [54, 86], [54, 86], [54, 86], [54, 86], [54, 86], [54, 86]]
Prices:
[0.26298, 0.86298, 0.86298, 0.86298, 0.86298, 0.86298, 0.86298, 0.86298, 0.86298, 0.86298, 0.86298, 0.86298, 0.86298, 0.86298, 0.86298, 0.86298, 0.86298, 0.86298, 0.86298, 0.86298, 0.86298, 0.86298, 0.86298, 0.86298, 0.86298, 0.86298, 0.86298, 0.86298, 0.86298, 0.86298, 0.86298, 0.86298, 0.86298, 0.86298, 0.86298, 0.86298, 0.86298, 0.86298, 0.86298, 0.86298, 0.86298, 0.86298, 0.86298, 0.86298, 0.86298, 0.86298, 0.86298, 0.86298, 0.86298, 0.86298, 0.86298, 0.86298, 0.86298, 0.86298, 0.86298, 0.86298, 0.86298, 0.86298, 0.86298, 0.86298, 0.86298, 0.86298, 0.86298, 0.86298, 0.86298, 0.86298, 0.86298, 0.86298, 0.86298, 0.86298, 0.86298, 0.86298, 0.86298, 0.86298, 0.86298, 0.86298, 0.86298, 0.86298, 0.86298, 0.86298, 0.86298]
Occ Predictions:
[0, 0, 0, 0, 0, 0, 0, 0, 0, 0, 0, 0, 0, 0, 0, 0, 0]
Setpoints:
[[54, 86], [54, 86], [54, 86], [54, 86], [54, 86], [54, 86], [54, 86], [54, 86], [54, 86], [54, 86], [54, 86], [54, 86], [54, 86], [54, 86], [54, 86], [54, 86], [54, 86]]
Time needed to calculate the shortest path:
11.9240329266


2018-07-10 21:02:35
MPC Actions: ['0', '0', '0', '0', '0', '0', '0', '0', '0', '0', '0', '0', '0', '0', '0', '0']
Temperatures following the MPC path:
[81.3, 81.22500000000001, 81.17500000000001, 81.15, 81.125, 81.125, 81.125, 81.125, 81.125, 81.125, 81.125, 81.125, 81.125, 81.125, 81.125, 81.125, 81.125]
Safety Constraints:
[[54, 86], [54, 86], [54, 86], [54, 86], [54, 86], [54, 86], [54, 86], [54, 86], [54, 86], [54, 86], [54, 86], [54, 86], [54, 86], [54, 86], [54, 86], [54, 86], [54, 86]]
Prices:
[0.86298, 0.86298, 0.86298, 0.86298, 0.86298, 0.86298, 0.86298, 0.86298, 0.86298, 0.86298, 0.86298, 0.86298, 0.86298, 0.86298, 0.86298, 0.86298, 0.86298, 0.86298, 0.86298, 0.86298, 0.86298, 0.86298, 0.86298, 0.86298, 0.86298, 0.86298, 0.86298, 0.86298, 0.86298, 0.86298, 0.86298, 0.86298, 0.86298, 0.86298, 0.86298, 0.86298, 0.86298, 0.86298, 0.86298, 0.86298, 0.86298, 0.86298, 0.86298, 0.86298, 0.86298, 0.86298, 0.86298, 0.86298, 0.86298, 0.86298, 0.86298, 0.86298, 0.86298, 0.86298, 0.86298, 0.86298, 0.86298, 0.86298, 0.86298, 0.86298, 0.86298, 0.86298, 0.86298, 0.86298, 0.86298, 0.86298, 0.86298, 0.86298, 0.86298, 0.86298, 0.86298, 0.86298, 0.86298, 0.86298, 0.86298, 0.86298, 0.86298, 0.86298, 0.86298, 0.86298, 0.23933]
Occ Predictions:
[0, 0, 0, 0, 0, 0, 0, 0, 0, 0, 0, 0, 0, 0, 0, 0, 0]
Setpoints:
[[54, 86], [54, 86], [54, 86], [54, 86], [54, 86], [54, 86], [54, 86], [54, 86], [54, 86], [54, 86], [54, 86], [54, 86], [54, 86], [54, 86], [54, 86], [54, 86], [54, 86]]
Time needed to calculate the shortest path:
3.74273204803


2018-07-10 21:17:35
MPC Actions: ['0', '0', '0', '0', '0', '0', '0', '0', '0', '0', '0', '0', '0', '0', '0', '0']
Temperatures following the MPC path:
[81.7, 81.72500000000001, 81.72500000000001, 81.72500000000001, 81.75, 81.75, 81.75, 81.75, 81.75, 81.75, 81.75, 81.75, 81.75, 81.75, 81.75, 81.75, 81.67500000000001]
Safety Constraints:
[[54, 86], [54, 86], [54, 86], [54, 86], [54, 86], [54, 86], [54, 86], [54, 86], [54, 86], [54, 86], [54, 86], [54, 86], [54, 86], [54, 86], [54, 86], [54, 86], [54, 86]]
Prices:
[0.86298, 0.86298, 0.86298, 0.86298, 0.86298, 0.86298, 0.86298, 0.86298, 0.86298, 0.86298, 0.86298, 0.86298, 0.86298, 0.86298, 0.86298, 0.86298, 0.86298, 0.86298, 0.86298, 0.86298, 0.86298, 0.86298, 0.86298, 0.86298, 0.86298, 0.86298, 0.86298, 0.86298, 0.86298, 0.86298, 0.86298, 0.86298, 0.86298, 0.86298, 0.86298, 0.86298, 0.86298, 0.86298, 0.86298, 0.86298, 0.86298, 0.86298, 0.86298, 0.86298, 0.86298, 0.86298, 0.86298, 0.86298, 0.86298, 0.86298, 0.86298, 0.86298, 0.86298, 0.86298, 0.86298, 0.86298, 0.86298, 0.86298, 0.86298, 0.86298, 0.86298, 0.86298, 0.86298, 0.86298, 0.86298, 0.86298, 0.86298, 0.86298, 0.86298, 0.86298, 0.86298, 0.86298, 0.86298, 0.86298, 0.86298, 0.23933, 0.23933]
Occ Predictions:
[0, 0, 0, 0, 0, 0, 0, 0, 0, 0, 0, 0, 0, 0, 0, 0, 0]
Setpoints:
[[54, 86], [54, 86], [54, 86], [54, 86], [54, 86], [54, 86], [54, 86], [54, 86], [54, 86], [54, 86], [54, 86], [54, 86], [54, 86], [54, 86], [54, 86], [54, 86], [54, 86]]
Time needed to calculate the shortest path:
8.90823483467


2018-07-10 21:32:35
MPC Actions: ['0', '0', '0', '0', '0', '0', '0', '0', '0', '0', '0', '0', '0', '0', '0', '0']
Temperatures following the MPC path:
[82.1, 82.075, 82.05000000000001, 82.075, 82.075, 82.075, 82.075, 82.075, 82.075, 82.075, 82.075, 82.05000000000001, 82.05000000000001, 82.05000000000001, 82.05000000000001, 81.97500000000001, 81.95]
Safety Constraints:
[[54, 86], [54, 86], [54, 86], [54, 86], [54, 86], [54, 86], [54, 86], [54, 86], [54, 86], [54, 86], [54, 86], [54, 86], [54, 86], [54, 86], [54, 86], [54, 86], [54, 86]]
Prices:
[0.86298, 0.86298, 0.86298, 0.86298, 0.86298, 0.86298, 0.86298, 0.86298, 0.86298, 0.86298, 0.86298, 0.86298, 0.86298, 0.86298, 0.86298, 0.86298, 0.86298, 0.86298, 0.86298, 0.86298, 0.86298, 0.86298, 0.86298, 0.86298, 0.86298, 0.86298, 0.86298, 0.86298, 0.86298, 0.86298, 0.86298, 0.86298, 0.86298, 0.86298, 0.86298, 0.86298, 0.86298, 0.86298, 0.86298, 0.86298, 0.86298, 0.86298, 0.86298, 0.86298, 0.86298, 0.86298, 0.86298, 0.86298, 0.86298, 0.86298, 0.86298, 0.86298, 0.86298, 0.86298, 0.86298, 0.86298, 0.86298, 0.86298, 0.86298, 0.86298, 0.86298, 0.86298, 0.86298, 0.86298, 0.86298, 0.86298, 0.86298, 0.86298, 0.86298, 0.86298, 0.23933, 0.23933, 0.23933]
Occ Predictions:
[0, 0, 0, 0, 0, 0, 0, 0, 0, 0, 0, 0, 0, 0, 0, 0, 0]
Setpoints:
[[54, 86], [54, 86], [54, 86], [54, 86], [54, 86], [54, 86], [54, 86], [54, 86], [54, 86], [54, 86], [54, 86], [54, 86], [54, 86], [54, 86], [54, 86], [54, 86], [54, 86]]
Time needed to calculate the shortest path:
4.74514102936


2018-07-10 21:47:35
MPC Actions: ['0', '0', '0', '0', '0', '0', '0', '0', '0', '0', '0', '0', '0', '0', '0', '0']
Temperatures following the MPC path:
[82.2, 82.2, 82.22500000000001, 82.25, 82.25, 82.25, 82.25, 82.25, 82.25, 82.25, 82.25, 82.25, 82.25, 82.25, 82.17500000000001, 82.125, 82.10000000000001]
Safety Constraints:
[[54, 86], [54, 86], [54, 86], [54, 86], [54, 86], [54, 86], [54, 86], [54, 86], [54, 86], [54, 86], [54, 86], [54, 86], [54, 86], [54, 86], [54, 86], [54, 86], [54, 86]]
Prices:
[0.86298, 0.86298, 0.86298, 0.86298, 0.86298, 0.86298, 0.86298, 0.86298, 0.86298, 0.86298, 0.86298, 0.86298, 0.86298, 0.86298, 0.86298, 0.86298, 0.86298, 0.86298, 0.86298, 0.86298, 0.86298, 0.86298, 0.86298, 0.86298, 0.86298, 0.86298, 0.86298, 0.86298, 0.86298, 0.86298, 0.86298, 0.86298, 0.86298, 0.86298, 0.86298, 0.86298, 0.86298, 0.86298, 0.86298, 0.86298, 0.86298, 0.86298, 0.86298, 0.86298, 0.86298, 0.86298, 0.86298, 0.86298, 0.86298, 0.86298, 0.86298, 0.86298, 0.86298, 0.86298, 0.86298, 0.86298, 0.86298, 0.86298, 0.86298, 0.86298, 0.86298, 0.86298, 0.86298, 0.86298, 0.86298, 0.23933, 0.23933, 0.23933, 0.23933]
Occ Predictions:
[0, 0, 0, 0, 0, 0, 0, 0, 0, 0, 0, 0, 0, 0, 0, 0, 0]
Setpoints:
[[54, 86], [54, 86], [54, 86], [54, 86], [54, 86], [54, 86], [54, 86], [54, 86], [54, 86], [54, 86], [54, 86], [54, 86], [54, 86], [54, 86], [54, 86], [54, 86], [54, 86]]
Time needed to calculate the shortest path:
9.8200480938


2018-07-10 22:02:35
MPC Actions: ['0', '0', '0', '0', '0', '0', '0', '0', '0', '0', '0', '0', '0', '0', '0', '0']
Temperatures following the MPC path:
[82.3, 82.45, 82.525, 82.575, 82.60000000000001, 82.60000000000001, 82.60000000000001, 82.60000000000001, 82.60000000000001, 82.60000000000001, 82.60000000000001, 82.60000000000001, 82.60000000000001, 82.525, 82.47500000000001, 82.45, 82.45]
Safety Constraints:
[[54, 86], [54, 86], [54, 86], [54, 86], [54, 86], [54, 86], [54, 86], [54, 86], [54, 86], [54, 86], [54, 86], [54, 86], [54, 86], [54, 86], [54, 86], [54, 86], [54, 86]]
Prices:
[0.86298, 0.86298, 0.86298, 0.86298, 0.86298, 0.86298, 0.86298, 0.86298, 0.86298, 0.86298, 0.86298, 0.86298, 0.86298, 0.86298, 0.86298, 0.86298, 0.86298, 0.86298, 0.86298, 0.86298, 0.86298, 0.86298, 0.86298, 0.86298, 0.86298, 0.86298, 0.86298, 0.86298, 0.86298, 0.86298, 0.86298, 0.86298, 0.86298, 0.86298, 0.86298, 0.86298, 0.86298, 0.86298, 0.86298, 0.86298, 0.86298, 0.86298, 0.86298, 0.86298, 0.86298, 0.86298, 0.86298, 0.86298, 0.86298, 0.86298, 0.86298, 0.86298, 0.86298, 0.86298, 0.86298, 0.86298, 0.86298, 0.86298, 0.86298, 0.86298, 0.23933, 0.23933, 0.23933, 0.23933, 0.23933]
Occ Predictions:
[0, 0, 0, 0, 0, 0, 0, 0, 0, 0, 0, 0, 0, 0, 0, 0, 0]
Setpoints:
[[54, 86], [54, 86], [54, 86], [54, 86], [54, 86], [54, 86], [54, 86], [54, 86], [54, 86], [54, 86], [54, 86], [54, 86], [54, 86], [54, 86], [54, 86], [54, 86], [54, 86]]
Time needed to calculate the shortest path:
10.0481288433


2018-07-10 22:04:09
MPC Actions: ['0', '0', '0', '0', '0', '0', '0', '0', '0', '0', '0', '0', '0', '0', '0', '0']
Temperatures following the MPC path:
[82.4, 82.5, 82.55000000000001, 82.575, 82.60000000000001, 82.625, 82.625, 82.625, 82.625, 82.60000000000001, 82.60000000000001, 82.60000000000001, 82.60000000000001, 82.525, 82.5, 82.47500000000001, 82.45]
Safety Constraints:
[[54, 86], [54, 86], [54, 86], [54, 86], [54, 86], [54, 86], [54, 86], [54, 86], [54, 86], [54, 86], [54, 86], [54, 86], [54, 86], [54, 86], [54, 86], [54, 86], [54, 86]]
Prices:
[0.86298, 0.86298, 0.86298, 0.86298, 0.86298, 0.86298, 0.86298, 0.86298, 0.86298, 0.86298, 0.86298, 0.86298, 0.86298, 0.86298, 0.86298, 0.86298, 0.86298, 0.86298, 0.86298, 0.86298, 0.86298, 0.86298, 0.86298, 0.86298, 0.86298, 0.86298, 0.86298, 0.86298, 0.86298, 0.86298, 0.86298, 0.86298, 0.86298, 0.86298, 0.86298, 0.86298, 0.86298, 0.86298, 0.86298, 0.86298, 0.86298, 0.86298, 0.86298, 0.86298, 0.86298, 0.86298, 0.86298, 0.86298, 0.86298, 0.86298, 0.86298, 0.86298, 0.86298, 0.86298, 0.86298, 0.86298, 0.86298, 0.86298, 0.86298, 0.86298, 0.23933, 0.23933, 0.23933, 0.23933, 0.23933]
Occ Predictions:
[0, 0, 0, 0, 0, 0, 0, 0, 0, 0, 0, 0, 0, 0, 0, 0, 0]
Setpoints:
[[54, 86], [54, 86], [54, 86], [54, 86], [54, 86], [54, 86], [54, 86], [54, 86], [54, 86], [54, 86], [54, 86], [54, 86], [54, 86], [54, 86], [54, 86], [54, 86], [54, 86]]
Time needed to calculate the shortest path:
15.2085280418


2018-07-10 22:19:09
MPC Actions: ['0', '0', '0', '0', '0', '0', '0', '0', '0', '0', '0', '0', '0', '0', '0', '0']
Temperatures following the MPC path:
[82.5, 82.65, 82.72500000000001, 82.775, 82.80000000000001, 82.825, 82.825, 82.825, 82.825, 82.825, 82.825, 82.825, 82.75, 82.7, 82.67500000000001, 82.67500000000001, 82.60000000000001]
Safety Constraints:
[[54, 86], [54, 86], [54, 86], [54, 86], [54, 86], [54, 86], [54, 86], [54, 86], [54, 86], [54, 86], [54, 86], [54, 86], [54, 86], [54, 86], [54, 86], [54, 86], [54, 86]]
Prices:
[0.86298, 0.86298, 0.86298, 0.86298, 0.86298, 0.86298, 0.86298, 0.86298, 0.86298, 0.86298, 0.86298, 0.86298, 0.86298, 0.86298, 0.86298, 0.86298, 0.86298, 0.86298, 0.86298, 0.86298, 0.86298, 0.86298, 0.86298, 0.86298, 0.86298, 0.86298, 0.86298, 0.86298, 0.86298, 0.86298, 0.86298, 0.86298, 0.86298, 0.86298, 0.86298, 0.86298, 0.86298, 0.86298, 0.86298, 0.86298, 0.86298, 0.86298, 0.86298, 0.86298, 0.86298, 0.86298, 0.86298, 0.86298, 0.86298, 0.86298, 0.86298, 0.86298, 0.86298, 0.86298, 0.86298, 0.23933, 0.23933, 0.23933, 0.23933, 0.23933, 0.23933]
Occ Predictions:
[0, 0, 0, 0, 0, 0, 0, 0, 0, 0, 0, 0, 0, 0, 0, 0, 0]
Setpoints:
[[54, 86], [54, 86], [54, 86], [54, 86], [54, 86], [54, 86], [54, 86], [54, 86], [54, 86], [54, 86], [54, 86], [54, 86], [54, 86], [54, 86], [54, 86], [54, 86], [54, 86]]
Time needed to calculate the shortest path:
8.89637207985


2018-07-10 22:34:09
MPC Actions: ['0', '0', '0', '0', '0', '0', '0', '0', '0', '0', '0', '0', '0', '0', '0', '0']
Temperatures following the MPC path:
[82.6, 82.75, 82.85000000000001, 82.9, 82.92500000000001, 82.92500000000001, 82.92500000000001, 82.92500000000001, 82.92500000000001, 82.92500000000001, 82.92500000000001, 82.85000000000001, 82.825, 82.80000000000001, 82.775, 82.7, 82.67500000000001]
Safety Constraints:
[[54, 86], [54, 86], [54, 86], [54, 86], [54, 86], [54, 86], [54, 86], [54, 86], [54, 86], [54, 86], [54, 86], [54, 86], [54, 86], [54, 86], [54, 86], [54, 86], [54, 86]]
Prices:
[0.86298, 0.86298, 0.86298, 0.86298, 0.86298, 0.86298, 0.86298, 0.86298, 0.86298, 0.86298, 0.86298, 0.86298, 0.86298, 0.86298, 0.86298, 0.86298, 0.86298, 0.86298, 0.86298, 0.86298, 0.86298, 0.86298, 0.86298, 0.86298, 0.86298, 0.86298, 0.86298, 0.86298, 0.86298, 0.86298, 0.86298, 0.86298, 0.86298, 0.86298, 0.86298, 0.86298, 0.86298, 0.86298, 0.86298, 0.86298, 0.86298, 0.86298, 0.86298, 0.86298, 0.86298, 0.86298, 0.86298, 0.86298, 0.86298, 0.86298, 0.23933, 0.23933, 0.23933, 0.23933, 0.23933, 0.23933, 0.23933]
Occ Predictions:
[0, 0, 0, 0, 0, 0, 0, 0, 0, 0, 0, 0, 0, 0, 0, 0, 0]
Setpoints:
[[54, 86], [54, 86], [54, 86], [54, 86], [54, 86], [54, 86], [54, 86], [54, 86], [54, 86], [54, 86], [54, 86], [54, 86], [54, 86], [54, 86], [54, 86], [54, 86], [54, 86]]
Time needed to calculate the shortest path:
7.32064604759


2018-07-10 22:49:09
MPC Actions: ['0', '0', '0', '0', '0', '0', '0', '0', '0', '0', '0', '0', '0', '0', '0', '0']
Temperatures following the MPC path:
[82.7, 82.875, 82.97500000000001, 83.05000000000001, 83.075, 83.10000000000001, 83.10000000000001, 83.10000000000001, 83.10000000000001, 83.10000000000001, 83.025, 83.0, 82.97500000000001, 82.95, 82.875, 82.85000000000001, 82.825]
Safety Constraints:
[[54, 86], [54, 86], [54, 86], [54, 86], [54, 86], [54, 86], [54, 86], [54, 86], [54, 86], [54, 86], [54, 86], [54, 86], [54, 86], [54, 86], [54, 86], [54, 86], [54, 86]]
Prices:
[0.86298, 0.86298, 0.86298, 0.86298, 0.86298, 0.86298, 0.86298, 0.86298, 0.86298, 0.86298, 0.86298, 0.86298, 0.86298, 0.86298, 0.86298, 0.86298, 0.86298, 0.86298, 0.86298, 0.86298, 0.86298, 0.86298, 0.86298, 0.86298, 0.86298, 0.86298, 0.86298, 0.86298, 0.86298, 0.86298, 0.86298, 0.86298, 0.86298, 0.86298, 0.86298, 0.86298, 0.86298, 0.86298, 0.86298, 0.86298, 0.86298, 0.86298, 0.86298, 0.86298, 0.86298, 0.23933, 0.23933, 0.23933, 0.23933, 0.23933, 0.23933, 0.23933, 0.23933]
Occ Predictions:
[0, 0, 0, 0, 0, 0, 0, 0, 0, 0, 0, 0, 0, 0, 0, 0, 0]
Setpoints:
[[54, 86], [54, 86], [54, 86], [54, 86], [54, 86], [54, 86], [54, 86], [54, 86], [54, 86], [54, 86], [54, 86], [54, 86], [54, 86], [54, 86], [54, 86], [54, 86], [54, 86]]
Time needed to calculate the shortest path:
15.4523880482


2018-07-10 23:04:09
MPC Actions: ['0', '0', '0', '0', '0', '0', '0', '0', '0', '0', '0', '0', '0', '0', '0', '0']
Temperatures following the MPC path:
[82.7, 82.875, 82.97500000000001, 83.025, 83.05000000000001, 83.05000000000001, 83.05000000000001, 83.05000000000001, 83.05000000000001, 83.0, 82.97500000000001, 82.95, 82.92500000000001, 82.85000000000001, 82.825, 82.80000000000001, 82.775]
Safety Constraints:
[[54, 86], [54, 86], [54, 86], [54, 86], [54, 86], [54, 86], [54, 86], [54, 86], [54, 86], [54, 86], [54, 86], [54, 86], [54, 86], [54, 86], [54, 86], [54, 86], [54, 86]]
Prices:
[0.86298, 0.86298, 0.86298, 0.86298, 0.86298, 0.86298, 0.86298, 0.86298, 0.86298, 0.86298, 0.86298, 0.86298, 0.86298, 0.86298, 0.86298, 0.86298, 0.86298, 0.86298, 0.86298, 0.86298, 0.86298, 0.86298, 0.86298, 0.86298, 0.86298, 0.86298, 0.86298, 0.86298, 0.86298, 0.86298, 0.86298, 0.86298, 0.86298, 0.86298, 0.86298, 0.86298, 0.86298, 0.86298, 0.86298, 0.86298, 0.23933, 0.23933, 0.23933, 0.23933, 0.23933, 0.23933, 0.23933, 0.23933, 0.23933]
Occ Predictions:
[0, 0, 0, 0, 0, 0, 0, 0, 0, 0, 0, 0, 0, 0, 0, 0, 0]
Setpoints:
[[54, 86], [54, 86], [54, 86], [54, 86], [54, 86], [54, 86], [54, 86], [54, 86], [54, 86], [54, 86], [54, 86], [54, 86], [54, 86], [54, 86], [54, 86], [54, 86], [54, 86]]
Time needed to calculate the shortest path:
10.6566638947


2018-07-10 23:19:09
MPC Actions: ['0', '0', '0', '0', '0', '0', '0', '0', '0', '0', '0', '0', '0', '0', '0', '0']
Temperatures following the MPC path:
[82.9, 83.0, 83.05000000000001, 83.10000000000001, 83.10000000000001, 83.10000000000001, 83.10000000000001, 83.10000000000001, 83.025, 83.0, 82.97500000000001, 82.97500000000001, 82.9, 82.85000000000001, 82.825, 82.825, 82.72500000000001]
Safety Constraints:
[[54, 86], [54, 86], [54, 86], [54, 86], [54, 86], [54, 86], [54, 86], [54, 86], [54, 86], [54, 86], [54, 86], [54, 86], [54, 86], [54, 86], [54, 86], [54, 86], [54, 86]]
Prices:
[0.86298, 0.86298, 0.86298, 0.86298, 0.86298, 0.86298, 0.86298, 0.86298, 0.86298, 0.86298, 0.86298, 0.86298, 0.86298, 0.86298, 0.86298, 0.86298, 0.86298, 0.86298, 0.86298, 0.86298, 0.86298, 0.86298, 0.86298, 0.86298, 0.86298, 0.86298, 0.86298, 0.86298, 0.86298, 0.86298, 0.86298, 0.86298, 0.86298, 0.86298, 0.86298, 0.23933, 0.23933, 0.23933, 0.23933, 0.23933, 0.23933, 0.23933, 0.23933, 0.23933, 0.23933]
Occ Predictions:
[0, 0, 0, 0, 0, 0, 0, 0, 0, 0, 0, 0, 0, 0, 0, 0, 0]
Setpoints:
[[54, 86], [54, 86], [54, 86], [54, 86], [54, 86], [54, 86], [54, 86], [54, 86], [54, 86], [54, 86], [54, 86], [54, 86], [54, 86], [54, 86], [54, 86], [54, 86], [54, 86]]
Time needed to calculate the shortest path:
11.6858229637


2018-07-10 23:34:09
MPC Actions: ['0', '0', '0', '0', '0', '0', '0', '0', '0', '0', '0', '0', '0', '0', '0', '0']
Temperatures following the MPC path:
[82.9, 83.05000000000001, 83.15, 83.17500000000001, 83.2, 83.22500000000001, 83.22500000000001, 83.17500000000001, 83.125, 83.10000000000001, 83.10000000000001, 83.025, 82.97500000000001, 82.95, 82.95, 82.875, 82.825]
Safety Constraints:
[[54, 86], [54, 86], [54, 86], [54, 86], [54, 86], [54, 86], [54, 86], [54, 86], [54, 86], [54, 86], [54, 86], [54, 86], [54, 86], [54, 86], [54, 86], [54, 86], [54, 86]]
Prices:
[0.86298, 0.86298, 0.86298, 0.86298, 0.86298, 0.86298, 0.86298, 0.86298, 0.86298, 0.86298, 0.86298, 0.86298, 0.86298, 0.86298, 0.86298, 0.86298, 0.86298, 0.86298, 0.86298, 0.86298, 0.86298, 0.86298, 0.86298, 0.86298, 0.86298, 0.86298, 0.86298, 0.86298, 0.86298, 0.86298, 0.23933, 0.23933, 0.23933, 0.23933, 0.23933, 0.23933, 0.23933, 0.23933, 0.23933, 0.23933, 0.23933]
Occ Predictions:
[0, 0, 0, 0, 0, 0, 0, 0, 0, 0, 0, 0, 0, 0, 0, 0, 0]
Setpoints:
[[54, 86], [54, 86], [54, 86], [54, 86], [54, 86], [54, 86], [54, 86], [54, 86], [54, 86], [54, 86], [54, 86], [54, 86], [54, 86], [54, 86], [54, 86], [54, 86], [54, 86]]
Time needed to calculate the shortest path:
11.2556359768


2018-07-10 23:49:09
MPC Actions: ['0', '0', '0', '0', '0', '0', '0', '0', '0', '0', '0', '0', '0', '0', '0', '0']
Temperatures following the MPC path:
[83.0, 83.15, 83.22500000000001, 83.275, 83.30000000000001, 83.325, 83.275, 83.22500000000001, 83.2, 83.2, 83.125, 83.075, 83.05000000000001, 83.05000000000001, 82.97500000000001, 82.92500000000001, 82.9]
Safety Constraints:
[[54, 86], [54, 86], [54, 86], [54, 86], [54, 86], [54, 86], [54, 86], [54, 86], [54, 86], [54, 86], [54, 86], [54, 86], [54, 86], [54, 86], [54, 86], [54, 86], [54, 86]]
Prices:
[0.86298, 0.86298, 0.86298, 0.86298, 0.86298, 0.86298, 0.86298, 0.86298, 0.86298, 0.86298, 0.86298, 0.86298, 0.86298, 0.86298, 0.86298, 0.86298, 0.86298, 0.86298, 0.86298, 0.86298, 0.86298, 0.86298, 0.86298, 0.86298, 0.86298, 0.23933, 0.23933, 0.23933, 0.23933, 0.23933, 0.23933, 0.23933, 0.23933, 0.23933, 0.23933, 0.23933, 0.23933]
Occ Predictions:
[0, 0, 0, 0, 0, 0, 0, 0, 0, 0, 0, 0, 0, 0, 0, 0, 0]
Setpoints:
[[54, 86], [54, 86], [54, 86], [54, 86], [54, 86], [54, 86], [54, 86], [54, 86], [54, 86], [54, 86], [54, 86], [54, 86], [54, 86], [54, 86], [54, 86], [54, 86], [54, 86]]
Time needed to calculate the shortest path:
8.86483192444


2018-07-11 00:04:09
MPC Actions: ['0', '0', '0', '0', '0', '0', '0', '0', '0', '0', '0', '0', '0', '0', '0', '0']
Temperatures following the MPC path:
[83.0, 83.22500000000001, 83.35000000000001, 83.42500000000001, 83.47500000000001, 83.42500000000001, 83.4, 83.4, 83.4, 83.325, 83.275, 83.25, 83.25, 83.15, 83.10000000000001, 83.075, 83.05000000000001]
Safety Constraints:
[[54, 86], [54, 86], [54, 86], [54, 86], [54, 86], [54, 86], [54, 86], [54, 86], [54, 86], [54, 86], [54, 86], [54, 86], [54, 86], [54, 86], [54, 86], [54, 86], [54, 86]]
Prices:
[0.86298, 0.86298, 0.86298, 0.86298, 0.86298, 0.86298, 0.86298, 0.86298, 0.86298, 0.86298, 0.86298, 0.86298, 0.86298, 0.86298, 0.86298, 0.86298, 0.86298, 0.86298, 0.86298, 0.86298, 0.23933, 0.23933, 0.23933, 0.23933, 0.23933, 0.23933, 0.23933, 0.23933, 0.23933, 0.23933, 0.23933, 0.23933, 0.23933]
Occ Predictions:
[0, 0, 0, 0, 0, 0, 0, 0, 0, 0, 0, 0, 0, 0, 0, 0, 0]
Setpoints:
[[54, 86], [54, 86], [54, 86], [54, 86], [54, 86], [54, 86], [54, 86], [54, 86], [54, 86], [54, 86], [54, 86], [54, 86], [54, 86], [54, 86], [54, 86], [54, 86], [54, 86]]
Time needed to calculate the shortest path:
14.3196280003


2018-07-11 00:19:09
MPC Actions: ['0', '0', '0', '0', '0', '0', '0', '0', '0', '0', '0', '0', '0', '0', '0', '0']
Temperatures following the MPC path:
[83.0, 83.22500000000001, 83.35000000000001, 83.42500000000001, 83.4, 83.4, 83.4, 83.4, 83.325, 83.30000000000001, 83.275, 83.25, 83.17500000000001, 83.125, 83.10000000000001, 83.075, 82.97500000000001]
Safety Constraints:
[[54, 86], [54, 86], [54, 86], [54, 86], [54, 86], [54, 86], [54, 86], [54, 86], [54, 86], [54, 86], [54, 86], [54, 86], [54, 86], [54, 86], [54, 86], [54, 86], [54, 86]]
Prices:
[0.86298, 0.86298, 0.86298, 0.86298, 0.86298, 0.86298, 0.86298, 0.86298, 0.86298, 0.86298, 0.86298, 0.86298, 0.86298, 0.86298, 0.86298, 0.23933, 0.23933, 0.23933, 0.23933, 0.23933, 0.23933, 0.23933, 0.23933, 0.23933, 0.23933, 0.23933, 0.23933, 0.23933, 0.23933]
Occ Predictions:
[0, 0, 0, 0, 0, 0, 0, 0, 0, 0, 0, 0, 0, 0, 0, 0, 0]
Setpoints:
[[54, 86], [54, 86], [54, 86], [54, 86], [54, 86], [54, 86], [54, 86], [54, 86], [54, 86], [54, 86], [54, 86], [54, 86], [54, 86], [54, 86], [54, 86], [54, 86], [54, 86]]
Time needed to calculate the shortest path:
15.3313269615


2018-07-11 00:34:10
MPC Actions: ['0', '0', '0', '0', '0', '0', '0', '0', '0', '0', '0', '0', '0', '0', '0', '0']
Temperatures following the MPC path:
[83.0, 83.25, 83.4, 83.42500000000001, 83.42500000000001, 83.42500000000001, 83.42500000000001, 83.375, 83.325, 83.30000000000001, 83.30000000000001, 83.2, 83.15, 83.125, 83.10000000000001, 83.025, 82.97500000000001]
Safety Constraints:
[[54, 86], [54, 86], [54, 86], [54, 86], [54, 86], [54, 86], [54, 86], [54, 86], [54, 86], [54, 86], [54, 86], [54, 86], [54, 86], [54, 86], [54, 86], [54, 86], [54, 86]]
Prices:
[0.86298, 0.86298, 0.86298, 0.86298, 0.86298, 0.86298, 0.86298, 0.86298, 0.86298, 0.86298, 0.23933, 0.23933, 0.23933, 0.23933, 0.23933, 0.23933, 0.23933, 0.23933, 0.23933, 0.23933, 0.23933, 0.23933, 0.23933, 0.23933, 0.21197]
Occ Predictions:
[0, 0, 0, 0, 0, 0, 0, 0, 0, 0, 0, 0, 0, 0, 0, 0, 0]
Setpoints:
[[54, 86], [54, 86], [54, 86], [54, 86], [54, 86], [54, 86], [54, 86], [54, 86], [54, 86], [54, 86], [54, 86], [54, 86], [54, 86], [54, 86], [54, 86], [54, 86], [54, 86]]
Time needed to calculate the shortest path:
14.5193707943


2018-07-11 00:49:09
MPC Actions: ['0', '0', '0', '0', '0', '0', '0', '0', '0', '0', '0', '0', '0', '0', '0', '0']
Temperatures following the MPC path:
[82.9, 83.17500000000001, 83.25, 83.30000000000001, 83.325, 83.35000000000001, 83.30000000000001, 83.275, 83.25, 83.25, 83.15, 83.10000000000001, 83.075, 83.05000000000001, 82.97500000000001, 82.92500000000001, 82.9]
Safety Constraints:
[[54, 86], [54, 86], [54, 86], [54, 86], [54, 86], [54, 86], [54, 86], [54, 86], [54, 86], [54, 86], [54, 86], [54, 86], [54, 86], [54, 86], [54, 86], [54, 86], [54, 86]]
Prices:
[0.86298, 0.86298, 0.86298, 0.86298, 0.86298, 0.23933, 0.23933, 0.23933, 0.23933, 0.23933, 0.23933, 0.23933, 0.23933, 0.23933, 0.23933, 0.23933, 0.23933, 0.23933, 0.23933, 0.21197, 0.21197]
Occ Predictions:
[0, 0, 0, 0, 0, 0, 0, 0, 0, 0, 0, 0, 0, 0, 0, 0, 0]
Setpoints:
[[54, 86], [54, 86], [54, 86], [54, 86], [54, 86], [54, 86], [54, 86], [54, 86], [54, 86], [54, 86], [54, 86], [54, 86], [54, 86], [54, 86], [54, 86], [54, 86], [54, 86]]
Time needed to calculate the shortest path:
8.71564102173


2018-07-11 01:04:09
MPC Actions: ['0', '0', '0', '0', '0', '0', '0', '0', '0', '0', '0', '0', '0', '0', '0', '0']
Temperatures following the MPC path:
[82.9, 83.025, 83.10000000000001, 83.125, 83.15, 83.10000000000001, 83.075, 83.05000000000001, 83.05000000000001, 82.95, 82.9, 82.875, 82.85000000000001, 82.775, 82.72500000000001, 82.7, 82.67500000000001]
Safety Constraints:
[[54, 86], [54, 86], [54, 86], [54, 86], [54, 86], [54, 86], [54, 86], [54, 86], [54, 86], [54, 86], [54, 86], [54, 86], [54, 86], [54, 86], [54, 86], [54, 86], [54, 86]]
Prices:
[0.23933, 0.23933, 0.23933, 0.23933, 0.23933, 0.23933, 0.23933, 0.23933, 0.23933, 0.23933, 0.23933, 0.23933, 0.23933, 0.23933, 0.21197, 0.21197, 0.21197]
Occ Predictions:
[0, 0, 0, 0, 0, 0, 0, 0, 0, 0, 0, 0, 0, 0, 0, 0, 0]
Setpoints:
[[54, 86], [54, 86], [54, 86], [54, 86], [54, 86], [54, 86], [54, 86], [54, 86], [54, 86], [54, 86], [54, 86], [54, 86], [54, 86], [54, 86], [54, 86], [54, 86], [54, 86]]
Time needed to calculate the shortest path:
12.3371031284


2018-07-11 01:19:09
MPC Actions: ['0', '0', '0', '0', '0', '0', '0', '0', '0', '0', '0', '0', '0', '0', '0', '0']
Temperatures following the MPC path:
[82.6, 82.825, 82.95, 83.025, 83.0, 83.0, 83.0, 83.0, 82.9, 82.85000000000001, 82.825, 82.80000000000001, 82.72500000000001, 82.67500000000001, 82.65, 82.625, 82.525]
Safety Constraints:
[[54, 86], [54, 86], [54, 86], [54, 86], [54, 86], [54, 86], [54, 86], [54, 86], [54, 86], [54, 86], [54, 86], [54, 86], [54, 86], [54, 86], [54, 86], [54, 86], [54, 86]]
Prices:
[0.23933, 0.23933, 0.23933, 0.23933, 0.23933, 0.23933, 0.23933, 0.23933, 0.23933, 0.23933, 0.23933, 0.23933, 0.23933, 0.21197, 0.21197, 0.21197, 0.21197]
Occ Predictions:
[0, 0, 0, 0, 0, 0, 0, 0, 0, 0, 0, 0, 0, 0, 0, 0, 0]
Setpoints:
[[54, 86], [54, 86], [54, 86], [54, 86], [54, 86], [54, 86], [54, 86], [54, 86], [54, 86], [54, 86], [54, 86], [54, 86], [54, 86], [54, 86], [54, 86], [54, 86], [54, 86]]
Time needed to calculate the shortest path:
13.9865281582


2018-07-11 01:34:09
MPC Actions: ['0', '0', '0', '0', '0', '0', '0', '0', '0', '0', '0', '0', '0', '0', '0', '0']
Temperatures following the MPC path:
[82.5, 82.72500000000001, 82.85000000000001, 82.85000000000001, 82.85000000000001, 82.85000000000001, 82.85000000000001, 82.775, 82.72500000000001, 82.7, 82.67500000000001, 82.60000000000001, 82.55000000000001, 82.525, 82.5, 82.4, 82.35000000000001]
Safety Constraints:
[[54, 86], [54, 86], [54, 86], [54, 86], [54, 86], [54, 86], [54, 86], [54, 86], [54, 86], [54, 86], [54, 86], [54, 86], [54, 86], [54, 86], [54, 86], [54, 86], [54, 86]]
Prices:
[0.23933, 0.23933, 0.23933, 0.23933, 0.23933, 0.23933, 0.23933, 0.23933, 0.23933, 0.23933, 0.23933, 0.23933, 0.21197, 0.21197, 0.21197, 0.21197, 0.21197]
Occ Predictions:
[0, 0, 0, 0, 0, 0, 0, 0, 0, 0, 0, 0, 0, 0, 0, 0, 0]
Setpoints:
[[54, 86], [54, 86], [54, 86], [54, 86], [54, 86], [54, 86], [54, 86], [54, 86], [54, 86], [54, 86], [54, 86], [54, 86], [54, 86], [54, 86], [54, 86], [54, 86], [54, 86]]
Time needed to calculate the shortest path:
13.4726788998


2018-07-11 01:49:09
MPC Actions: ['0', '0', '0', '0', '0', '0', '0', '0', '0', '0', '0', '0', '0', '0', '0', '0']
Temperatures following the MPC path:
[82.3, 82.575, 82.67500000000001, 82.72500000000001, 82.75, 82.775, 82.7, 82.65, 82.625, 82.60000000000001, 82.525, 82.47500000000001, 82.45, 82.42500000000001, 82.325, 82.275, 82.25]
Safety Constraints:
[[54, 86], [54, 86], [54, 86], [54, 86], [54, 86], [54, 86], [54, 86], [54, 86], [54, 86], [54, 86], [54, 86], [54, 86], [54, 86], [54, 86], [54, 86], [54, 86], [54, 86]]
Prices:
[0.23933, 0.23933, 0.23933, 0.23933, 0.23933, 0.23933, 0.23933, 0.23933, 0.23933, 0.23933, 0.23933, 0.21197, 0.21197, 0.21197, 0.21197, 0.21197, 0.21197]
Occ Predictions:
[0, 0, 0, 0, 0, 0, 0, 0, 0, 0, 0, 0, 0, 0, 0, 0, 0]
Setpoints:
[[54, 86], [54, 86], [54, 86], [54, 86], [54, 86], [54, 86], [54, 86], [54, 86], [54, 86], [54, 86], [54, 86], [54, 86], [54, 86], [54, 86], [54, 86], [54, 86], [54, 86]]
Time needed to calculate the shortest path:
14.755920887


2018-07-11 02:04:09
MPC Actions: ['0', '0', '0', '0', '0', '0', '0', '0', '0', '0', '0', '0', '0', '0', '0', '0']
Temperatures following the MPC path:
[82.2, 82.4, 82.525, 82.60000000000001, 82.65, 82.575, 82.55000000000001, 82.525, 82.525, 82.42500000000001, 82.375, 82.35000000000001, 82.325, 82.25, 82.2, 82.17500000000001, 82.15]
Safety Constraints:
[[54, 86], [54, 86], [54, 86], [54, 86], [54, 86], [54, 86], [54, 86], [54, 86], [54, 86], [54, 86], [54, 86], [54, 86], [54, 86], [54, 86], [54, 86], [54, 86], [54, 86]]
Prices:
[0.23933, 0.23933, 0.23933, 0.23933, 0.23933, 0.23933, 0.23933, 0.23933, 0.23933, 0.23933, 0.21197, 0.21197, 0.21197, 0.21197, 0.21197, 0.21197, 0.21197]
Occ Predictions:
[0, 0, 0, 0, 0, 0, 0, 0, 0, 0, 0, 0, 0, 0, 0, 0, 0]
Setpoints:
[[54, 86], [54, 86], [54, 86], [54, 86], [54, 86], [54, 86], [54, 86], [54, 86], [54, 86], [54, 86], [54, 86], [54, 86], [54, 86], [54, 86], [54, 86], [54, 86], [54, 86]]
Time needed to calculate the shortest path:
13.8270468712


2018-07-11 02:19:10
MPC Actions: ['0', '0', '0', '0', '0', '0', '0', '0', '0', '0', '0', '0', '0', '0', '0', '0']
Temperatures following the MPC path:
[82.1, 82.325, 82.45, 82.525, 82.47500000000001, 82.45, 82.45, 82.45, 82.35000000000001, 82.30000000000001, 82.275, 82.25, 82.17500000000001, 82.125, 82.10000000000001, 82.075, 82.0]
Safety Constraints:
[[54, 86], [54, 86], [54, 86], [54, 86], [54, 86], [54, 86], [54, 86], [54, 86], [54, 86], [54, 86], [54, 86], [54, 86], [54, 86], [54, 86], [54, 86], [54, 86], [54, 86]]
Prices:
[0.23933, 0.23933, 0.23933, 0.23933, 0.23933, 0.23933, 0.23933, 0.23933, 0.23933, 0.21197, 0.21197, 0.21197, 0.21197, 0.21197, 0.21197, 0.21197, 0.21197]
Occ Predictions:
[0, 0, 0, 0, 0, 0, 0, 0, 0, 0, 0, 0, 0, 0, 0, 0, 0]
Setpoints:
[[54, 86], [54, 86], [54, 86], [54, 86], [54, 86], [54, 86], [54, 86], [54, 86], [54, 86], [54, 86], [54, 86], [54, 86], [54, 86], [54, 86], [54, 86], [54, 86], [54, 86]]
Time needed to calculate the shortest path:
14.74295187


2018-07-11 02:34:09
MPC Actions: ['0', '0', '0', '0', '0', '0', '0', '0', '0', '0', '0', '0', '0', '0', '0', '0']
Temperatures following the MPC path:
[82.0, 82.25, 82.375, 82.375, 82.375, 82.375, 82.375, 82.30000000000001, 82.25, 82.22500000000001, 82.2, 82.125, 82.075, 82.05000000000001, 82.025, 81.95, 81.9]
Safety Constraints:
[[54, 86], [54, 86], [54, 86], [54, 86], [54, 86], [54, 86], [54, 86], [54, 86], [54, 86], [54, 86], [54, 86], [54, 86], [54, 86], [54, 86], [54, 86], [54, 86], [54, 86]]
Prices:
[0.23933, 0.23933, 0.23933, 0.23933, 0.23933, 0.23933, 0.23933, 0.23933, 0.21197, 0.21197, 0.21197, 0.21197, 0.21197, 0.21197, 0.21197, 0.21197, 0.21197]
Occ Predictions:
[0, 0, 0, 0, 0, 0, 0, 0, 0, 0, 0, 0, 0, 0, 0, 0, 0]
Setpoints:
[[54, 86], [54, 86], [54, 86], [54, 86], [54, 86], [54, 86], [54, 86], [54, 86], [54, 86], [54, 86], [54, 86], [54, 86], [54, 86], [54, 86], [54, 86], [54, 86], [54, 86]]
Time needed to calculate the shortest path:
6.11974787712


2018-07-11 02:49:09
MPC Actions: ['0', '0', '0', '0', '0', '0', '0', '0', '0', '0', '0', '0', '0', '0', '0', '0']
Temperatures following the MPC path:
[81.7, 81.95, 82.0, 82.025, 82.05000000000001, 82.05000000000001, 81.97500000000001, 81.92500000000001, 81.9, 81.9, 81.825, 81.775, 81.75, 81.72500000000001, 81.65, 81.60000000000001, 81.575]
Safety Constraints:
[[54, 86], [54, 86], [54, 86], [54, 86], [54, 86], [54, 86], [54, 86], [54, 86], [54, 86], [54, 86], [54, 86], [54, 86], [54, 86], [54, 86], [54, 86], [54, 86], [54, 86]]
Prices:
[0.23933, 0.23933, 0.23933, 0.23933, 0.23933, 0.23933, 0.23933, 0.21197, 0.21197, 0.21197, 0.21197, 0.21197, 0.21197, 0.21197, 0.21197, 0.21197, 0.21197]
Occ Predictions:
[0, 0, 0, 0, 0, 0, 0, 0, 0, 0, 0, 0, 0, 0, 0, 0, 0]
Setpoints:
[[54, 86], [54, 86], [54, 86], [54, 86], [54, 86], [54, 86], [54, 86], [54, 86], [54, 86], [54, 86], [54, 86], [54, 86], [54, 86], [54, 86], [54, 86], [54, 86], [54, 86]]
Time needed to calculate the shortest path:
13.7607648373


2018-07-11 03:04:09
MPC Actions: ['0', '0', '0', '0', '0', '0', '0', '0', '0', '0', '0', '0', '0', '0', '0', '0']
Temperatures following the MPC path:
[81.6, 81.72500000000001, 81.80000000000001, 81.825, 81.85000000000001, 81.775, 81.75, 81.72500000000001, 81.7, 81.625, 81.575, 81.55000000000001, 81.525, 81.45, 81.4, 81.375, 81.375]
Safety Constraints:
[[54, 86], [54, 86], [54, 86], [54, 86], [54, 86], [54, 86], [54, 86], [54, 86], [54, 86], [54, 86], [54, 86], [54, 86], [54, 86], [54, 86], [54, 86], [54, 86], [54, 86]]
Prices:
[0.23933, 0.23933, 0.23933, 0.23933, 0.23933, 0.23933, 0.21197, 0.21197, 0.21197, 0.21197, 0.21197, 0.21197, 0.21197, 0.21197, 0.21197, 0.21197, 0.21197]
Occ Predictions:
[0, 0, 0, 0, 0, 0, 0, 0, 0, 0, 0, 0, 0, 0, 0, 0, 1]
Setpoints:
[[54, 86], [54, 86], [54, 86], [54, 86], [54, 86], [54, 86], [54, 86], [54, 86], [54, 86], [54, 86], [54, 86], [54, 86], [54, 86], [54, 86], [54, 86], [54, 86], [72, 74]]
Time needed to calculate the shortest path:
13.7109251022


2018-07-11 03:19:09
MPC Actions: ['0', '0', '0', '2', '0', '2', '2', '2', '2', '2', '2', '2', '2', '2', '2', '2']
Temperatures following the MPC path:
[81.5, 81.575, 81.625, 81.65, 81.45, 81.47500000000001, 81.35000000000001, 81.275, 81.15, 81.075, 81.025, 81.0, 80.92500000000001, 80.875, 80.85000000000001, 80.825, 80.775]
Safety Constraints:
[[54, 86], [54, 86], [54, 86], [54, 86], [54, 86], [54, 86], [54, 86], [54, 86], [54, 86], [54, 86], [54, 86], [54, 86], [54, 86], [54, 86], [54, 86], [54, 86], [54, 86]]
Prices:
[0.23933, 0.23933, 0.23933, 0.23933, 0.23933, 0.21197, 0.21197, 0.21197, 0.21197, 0.21197, 0.21197, 0.21197, 0.21197, 0.21197, 0.21197, 0.21197, 0.21197]
Occ Predictions:
[0, 0, 0, 0, 0, 0, 0, 0, 0, 0, 0, 0, 0, 0, 0, 1, 1]
Setpoints:
[[54, 86], [54, 86], [54, 86], [54, 86], [54, 86], [54, 86], [54, 86], [54, 86], [54, 86], [54, 86], [54, 86], [54, 86], [54, 86], [54, 86], [54, 86], [72, 74], [72, 74]]
Time needed to calculate the shortest path:
14.3877859116


2018-07-11 03:34:09
MPC Actions: ['0', '0', '0', '0', '0', '0', '2', '2', '2', '2', '2', '2', '2', '2', '2', '2']
Temperatures following the MPC path:
[80.9, 80.875, 80.875, 80.80000000000001, 80.75, 80.72500000000001, 80.7, 80.45, 80.30000000000001, 80.22500000000001, 80.17500000000001, 80.075, 80.025, 80.0, 79.97500000000001, 79.92500000000001, 79.9]
Safety Constraints:
[[54, 86], [54, 86], [54, 86], [54, 86], [54, 86], [54, 86], [54, 86], [54, 86], [54, 86], [54, 86], [54, 86], [54, 86], [54, 86], [54, 86], [54, 86], [54, 86], [54, 86]]
Prices:
[0.23933, 0.23933, 0.23933, 0.23933, 0.21197, 0.21197, 0.21197, 0.21197, 0.21197, 0.21197, 0.21197, 0.21197, 0.21197, 0.21197, 0.21197, 0.21197, 0.21197]
Occ Predictions:
[0, 0, 0, 0, 0, 0, 0, 0, 0, 0, 0, 0, 0, 0, 1, 1, 1]
Setpoints:
[[54, 86], [54, 86], [54, 86], [54, 86], [54, 86], [54, 86], [54, 86], [54, 86], [54, 86], [54, 86], [54, 86], [54, 86], [54, 86], [54, 86], [72, 74], [72, 74], [72, 74]]
Time needed to calculate the shortest path:
15.4670851231


2018-07-11 03:49:09
MPC Actions: ['2', '2', '2', '2', '2', '2', '2', '2', '2', '2', '2', '2', '2', '2', '2', '2']
Temperatures following the MPC path:
[79.5, 79.05000000000001, 78.7, 78.5, 78.375, 78.30000000000001, 78.17500000000001, 78.125, 78.075, 78.05000000000001, 77.97500000000001, 77.92500000000001, 77.9, 77.875, 77.825, 77.80000000000001, 77.775]
Safety Constraints:
[[54, 86], [54, 86], [54, 86], [54, 86], [54, 86], [54, 86], [54, 86], [54, 86], [54, 86], [54, 86], [54, 86], [54, 86], [54, 86], [54, 86], [54, 86], [54, 86], [54, 86]]
Prices:
[0.23933, 0.23933, 0.23933, 0.21197, 0.21197, 0.21197, 0.21197, 0.21197, 0.21197, 0.21197, 0.21197, 0.21197, 0.21197, 0.21197, 0.21197, 0.21197, 0.21197]
Occ Predictions:
[0, 0, 0, 0, 0, 0, 0, 0, 0, 0, 0, 0, 0, 1, 1, 1, 1]
Setpoints:
[[54, 86], [54, 86], [54, 86], [54, 86], [54, 86], [54, 86], [54, 86], [54, 86], [54, 86], [54, 86], [54, 86], [54, 86], [54, 86], [72, 74], [72, 74], [72, 74], [72, 74]]
Time needed to calculate the shortest path:
115.213171005


2018-07-11 04:04:09
MPC Actions: ['0', '0', '0', '2', '2', '2', '2', '2', '2', '2', '2', '2', '2', '2', '2', '2']
Temperatures following the MPC path:
[78.2, 77.85000000000001, 77.65, 77.525, 77.25, 77.025, 76.875, 76.80000000000001, 76.75, 76.65, 76.60000000000001, 76.575, 76.55, 76.5, 76.47500000000001, 76.45, 76.425]
Safety Constraints:
[[54, 86], [54, 86], [54, 86], [54, 86], [54, 86], [54, 86], [54, 86], [54, 86], [54, 86], [54, 86], [54, 86], [54, 86], [54, 86], [54, 86], [54, 86], [54, 86], [54, 86]]
Prices:
[0.23933, 0.23933, 0.21197, 0.21197, 0.21197, 0.21197, 0.21197, 0.21197, 0.21197, 0.21197, 0.21197, 0.21197, 0.21197, 0.21197, 0.21197, 0.21197, 0.21197]
Occ Predictions:
[0, 0, 0, 0, 0, 0, 0, 0, 0, 0, 0, 0, 1, 1, 1, 1, 1]
Setpoints:
[[54, 86], [54, 86], [54, 86], [54, 86], [54, 86], [54, 86], [54, 86], [54, 86], [54, 86], [54, 86], [54, 86], [54, 86], [72, 74], [72, 74], [72, 74], [72, 74], [72, 74]]
Time needed to calculate the shortest path:
142.439028025


2018-07-11 04:19:10
MPC Actions: ['0', '2', '2', '2', '2', '2', '2', '2', '2', '2', '2', '2', '2', '2', '2', '2']
Temperatures following the MPC path:
[76.7, 76.45, 76.10000000000001, 75.875, 75.675, 75.55, 75.47500000000001, 75.45, 75.35000000000001, 75.3, 75.275, 75.25, 75.2, 75.175, 75.15, 75.125, 75.10000000000001]
Safety Constraints:
[[54, 86], [54, 86], [54, 86], [54, 86], [54, 86], [54, 86], [54, 86], [54, 86], [54, 86], [54, 86], [54, 86], [54, 86], [54, 86], [54, 86], [54, 86], [54, 86], [54, 86]]
Prices:
[0.23933, 0.21197, 0.21197, 0.21197, 0.21197, 0.21197, 0.21197, 0.21197, 0.21197, 0.21197, 0.21197, 0.21197, 0.21197, 0.21197, 0.21197, 0.21197, 0.21197]
Occ Predictions:
[0, 0, 0, 0, 0, 0, 0, 0, 0, 0, 0, 1, 1, 1, 1, 1, 1]
Setpoints:
[[54, 86], [54, 86], [54, 86], [54, 86], [54, 86], [54, 86], [54, 86], [54, 86], [54, 86], [54, 86], [54, 86], [72, 74], [72, 74], [72, 74], [72, 74], [72, 74], [72, 74]]
Time needed to calculate the shortest path:
169.387881041


2018-07-11 04:34:09
MPC Actions: ['0', '0', '0', '2', '2', '2', '2', '2', '2', '2', '2', '2', '2', '2', '2', '2']
Temperatures following the MPC path:
[76.2, 76.0, 75.9, 75.75, 75.45, 75.275, 75.175, 75.05, 74.97500000000001, 74.925, 74.9, 74.85000000000001, 74.8, 74.775, 74.75, 74.72500000000001, 74.7]
Safety Constraints:
[[54, 86], [54, 86], [54, 86], [54, 86], [54, 86], [54, 86], [54, 86], [54, 86], [54, 86], [54, 86], [54, 86], [54, 86], [54, 86], [54, 86], [54, 86], [54, 86], [54, 86]]
Prices:
[0.21197, 0.21197, 0.21197, 0.21197, 0.21197, 0.21197, 0.21197, 0.21197, 0.21197, 0.21197, 0.21197, 0.21197, 0.21197, 0.21197, 0.21197, 0.21197, 0.21197]
Occ Predictions:
[0, 0, 0, 0, 0, 0, 0, 0, 0, 0, 1, 1, 1, 1, 1, 1, 1]
Setpoints:
[[54, 86], [54, 86], [54, 86], [54, 86], [54, 86], [54, 86], [54, 86], [54, 86], [54, 86], [54, 86], [72, 74], [72, 74], [72, 74], [72, 74], [72, 74], [72, 74], [72, 74]]
Time needed to calculate the shortest path:
169.871310949


2018-07-11 04:49:10
MPC Actions: ['2', '0', '2', '2', '2', '2', '2', '2', '2', '2', '2', '2', '2', '2', '2', '2']
Temperatures following the MPC path:
[76.1, 75.72500000000001, 75.625, 75.35000000000001, 75.2, 75.10000000000001, 74.97500000000001, 74.925, 74.875, 74.85000000000001, 74.8, 74.775, 74.75, 74.72500000000001, 74.7, 74.675, 74.64999999999999]
Safety Constraints:
[[54, 86], [54, 86], [54, 86], [54, 86], [54, 86], [54, 86], [54, 86], [54, 86], [54, 86], [54, 86], [54, 86], [54, 86], [54, 86], [54, 86], [54, 86], [54, 86], [54, 86]]
Prices:
[0.21197, 0.21197, 0.21197, 0.21197, 0.21197, 0.21197, 0.21197, 0.21197, 0.21197, 0.21197, 0.21197, 0.21197, 0.21197, 0.21197, 0.21197, 0.21197, 0.21197]
Occ Predictions:
[0, 0, 0, 0, 0, 0, 0, 0, 0, 1, 1, 1, 1, 1, 1, 1, 1]
Setpoints:
[[54, 86], [54, 86], [54, 86], [54, 86], [54, 86], [54, 86], [54, 86], [54, 86], [54, 86], [72, 74], [72, 74], [72, 74], [72, 74], [72, 74], [72, 74], [72, 74], [72, 74]]
Time needed to calculate the shortest path:
170.755837917


2018-07-11 05:04:09
MPC Actions: ['2', '0', '0', '0', '0', '0', '0', '2', '2', '0', '2', '2', '0', '2', '0', '0']
Temperatures following the MPC path:
[75.1, 74.60000000000001, 74.55, 74.525, 74.5, 74.425, 74.375, 74.35000000000001, 74.10000000000001, 73.9, 74.025, 73.875, 73.775, 73.95, 73.8, 73.95, 74.05]
Safety Constraints:
[[54, 86], [54, 86], [54, 86], [54, 86], [54, 86], [54, 86], [54, 86], [54, 86], [54, 86], [54, 86], [54, 86], [54, 86], [54, 86], [54, 86], [54, 86], [54, 86], [54, 86]]
Prices:
[0.21197, 0.21197, 0.21197, 0.21197, 0.21197, 0.21197, 0.21197, 0.21197, 0.21197, 0.21197, 0.21197, 0.21197, 0.21197, 0.21197, 0.21197, 0.21197, 0.21197]
Occ Predictions:
[0, 0, 0, 0, 0, 0, 0, 0, 1, 1, 1, 1, 1, 1, 1, 1, 1]
Setpoints:
[[54, 86], [54, 86], [54, 86], [54, 86], [54, 86], [54, 86], [54, 86], [54, 86], [72, 74], [72, 74], [72, 74], [72, 74], [72, 74], [72, 74], [72, 74], [72, 74], [72, 74]]
Time needed to calculate the shortest path:
94.6462140083


2018-07-11 05:19:09
MPC Actions: ['0', '0', '0', '0', '0', '0', '2', '2', '0', '2', '2', '0', '0', '2', '0', '0']
Temperatures following the MPC path:
[74.5, 74.47500000000001, 74.47500000000001, 74.47500000000001, 74.4, 74.375, 74.35000000000001, 74.10000000000001, 73.9, 74.025, 73.85000000000001, 73.75, 73.925, 74.025, 73.85000000000001, 73.97500000000001, 74.025]
Safety Constraints:
[[54, 86], [54, 86], [54, 86], [54, 86], [54, 86], [54, 86], [54, 86], [54, 86], [54, 86], [54, 86], [54, 86], [54, 86], [54, 86], [54, 86], [54, 86], [54, 86], [54, 86]]
Prices:
[0.21197, 0.21197, 0.21197, 0.21197, 0.21197, 0.21197, 0.21197, 0.21197, 0.21197, 0.21197, 0.21197, 0.21197, 0.21197, 0.21197, 0.21197, 0.21197, 0.21197]
Occ Predictions:
[0, 0, 0, 0, 0, 0, 0, 1, 1, 1, 1, 1, 1, 1, 1, 1, 1]
Setpoints:
[[54, 86], [54, 86], [54, 86], [54, 86], [54, 86], [54, 86], [54, 86], [72, 74], [72, 74], [72, 74], [72, 74], [72, 74], [72, 74], [72, 74], [72, 74], [72, 74], [72, 74]]
Time needed to calculate the shortest path:
91.4699177742


2018-07-11 05:34:09
MPC Actions: ['0', '0', '0', '0', '2', '2', '2', '2', '2', '0', '2', '0', '2', '0', '2', '0']
Temperatures following the MPC path:
[74.2, 74.35000000000001, 74.45, 74.425, 74.425, 74.175, 74.05, 73.925, 73.85000000000001, 73.8, 74.025, 73.9, 74.05, 73.9, 74.05, 73.875, 74.0]
Safety Constraints:
[[54, 86], [54, 86], [54, 86], [54, 86], [54, 86], [54, 86], [54, 86], [54, 86], [54, 86], [54, 86], [54, 86], [54, 86], [54, 86], [54, 86], [54, 86], [54, 86], [54, 86]]
Prices:
[0.21197, 0.21197, 0.21197, 0.21197, 0.21197, 0.21197, 0.21197, 0.21197, 0.21197, 0.21197, 0.21197, 0.21197, 0.21197, 0.21197, 0.21197, 0.21197, 0.21197]
Occ Predictions:
[0, 0, 0, 0, 0, 0, 1, 1, 1, 1, 1, 1, 1, 1, 1, 1, 1]
Setpoints:
[[54, 86], [54, 86], [54, 86], [54, 86], [54, 86], [54, 86], [72, 74], [72, 74], [72, 74], [72, 74], [72, 74], [72, 74], [72, 74], [72, 74], [72, 74], [72, 74], [72, 74]]
Time needed to calculate the shortest path:
89.5138809681


2018-07-11 05:49:09
MPC Actions: ['2', '2', '2', '2', '2', '2', '2', '2', '2', '2', '2', '2', '2', '2', '2', '2']
Temperatures following the MPC path:
[74.5, 74.425, 74.325, 74.275, 74.22500000000001, 74.2, 74.15, 74.125, 74.10000000000001, 74.075, 74.05, 74.02499999999999, 73.99999999999999, 73.97499999999998, 73.94999999999997, 73.92499999999997, 73.89999999999996]
Safety Constraints:
[[54, 86], [54, 86], [54, 86], [54, 86], [54, 86], [54, 86], [54, 86], [54, 86], [54, 86], [54, 86], [54, 86], [54, 86], [54, 86], [54, 86], [54, 86], [54, 86], [54, 86]]
Prices:
[0.21197, 0.21197, 0.21197, 0.21197, 0.21197, 0.21197, 0.21197, 0.21197, 0.21197, 0.21197, 0.21197, 0.21197, 0.21197, 0.21197, 0.21197, 0.21197, 0.21197]
Occ Predictions:
[0, 0, 0, 0, 0, 1, 1, 1, 1, 1, 1, 1, 1, 1, 1, 1, 1]
Setpoints:
[[54, 86], [54, 86], [54, 86], [54, 86], [54, 86], [72, 74], [72, 74], [72, 74], [72, 74], [72, 74], [72, 74], [72, 74], [72, 74], [72, 74], [72, 74], [72, 74], [72, 74]]
Time needed to calculate the shortest path:
92.649228096


2018-07-11 06:04:09
MPC Actions: ['2', '2', '2', '2', '2', '2', '2', '2', '2', '2', '2', '2', '2', '2', '2', '0']
Temperatures following the MPC path:
[74.2, 74.175, 74.14999999999999, 74.12499999999999, 74.09999999999998, 74.075, 74.05, 74.02499999999999, 73.99999999999999, 73.97499999999998, 73.94999999999997, 73.92499999999997, 73.89999999999996, 73.87499999999996, 73.84999999999995, 73.82499999999995, 74.125]
Safety Constraints:
[[54, 86], [54, 86], [54, 86], [54, 86], [54, 86], [54, 86], [54, 86], [54, 86], [54, 86], [54, 86], [54, 86], [54, 86], [54, 86], [54, 86], [54, 86], [54, 86], [54, 86]]
Prices:
[0.21197, 0.21197, 0.21197, 0.21197, 0.21197, 0.21197, 0.21197, 0.21197, 0.21197, 0.21197, 0.21197, 0.21197, 0.21197, 0.21197, 0.21197, 0.21197, 0.21197]
Occ Predictions:
[0, 0, 0, 0, 1, 1, 1, 1, 1, 1, 1, 1, 1, 1, 1, 1, 1]
Setpoints:
[[54, 86], [54, 86], [54, 86], [54, 86], [72, 74], [72, 74], [72, 74], [72, 74], [72, 74], [72, 74], [72, 74], [72, 74], [72, 74], [72, 74], [72, 74], [72, 74], [72, 74]]
Time needed to calculate the shortest path:
81.5482969284


2018-07-11 06:19:09
MPC Actions: ['0', '0', '0', '0', '0', '0', '0', '0', '0', '0', '0', '0', '0', '0', '0', '0']
Temperatures following the MPC path:
[72.3, 72.325, 72.35000000000001, 72.35000000000001, 72.3, 72.275, 72.275, 72.275, 72.25, 72.22500000000001, 72.22500000000001, 72.22500000000001, 72.2, 72.175, 72.15, 72.15, 72.125]
Safety Constraints:
[[54, 86], [54, 86], [54, 86], [54, 86], [54, 86], [54, 86], [54, 86], [54, 86], [54, 86], [54, 86], [54, 86], [54, 86], [54, 86], [54, 86], [54, 86], [54, 86], [54, 86]]
Prices:
[0.21197, 0.21197, 0.21197, 0.21197, 0.21197, 0.21197, 0.21197, 0.21197, 0.21197, 0.21197, 0.21197, 0.21197, 0.21197, 0.21197, 0.21197, 0.21197, 0.21197]
Occ Predictions:
[0, 0, 0, 1, 1, 1, 1, 1, 1, 1, 1, 1, 1, 1, 1, 1, 1]
Setpoints:
[[54, 86], [54, 86], [54, 86], [72, 74], [72, 74], [72, 74], [72, 74], [72, 74], [72, 74], [72, 74], [72, 74], [72, 74], [72, 74], [72, 74], [72, 74], [72, 74], [72, 74]]
Time needed to calculate the shortest path:
95.4330430031
