

2018-07-10 15:08:21
MPC Actions: ['0', '0', '0', '0', '0', '0', '0', '0', '0', '0', '0', '0', '0', '0', '0', '0']
Temperatures following the MPC path:
[73.4, 73.35000000000001, 73.3, 73.25, 73.25, 73.25, 73.25, 73.25, 73.25, 73.25, 73.25, 73.25, 73.25, 73.3, 73.35000000000001, 73.4, 73.45]
Safety Constraints:
[[54, 86], [54, 86], [54, 86], [54, 86], [54, 86], [54, 86], [54, 86], [54, 86], [54, 86], [54, 86], [54, 86], [54, 86], [54, 86], [54, 86], [54, 86], [54, 86], [54, 86]]
Prices:
[0.21197, 0.21197, 0.23933, 0.23933, 0.23933, 0.23933, 0.23933, 0.23933, 0.23933, 0.23933, 0.23933, 0.23933, 0.23933, 0.23933, 0.23933, 0.23933, 0.26298]
Occ Predictions:
[0, 0, 0, 0, 0, 0, 0, 0, 0, 0, 0, 0, 0, 0, 0, 0, 0]
Setpoints:
[[54, 86], [54, 86], [54, 86], [54, 86], [54, 86], [54, 86], [54, 86], [54, 86], [54, 86], [54, 86], [54, 86], [54, 86], [54, 86], [54, 86], [54, 86], [54, 86], [54, 86]]
Time needed to calculate the shortest path:
2.92706418037


2018-07-10 15:23:21
MPC Actions: ['0', '0', '0', '0', '0', '0', '0', '0', '0', '0', '0', '0', '0', '0', '0', '0']
Temperatures following the MPC path:
[73.4, 73.35000000000001, 73.35000000000001, 73.35000000000001, 73.35000000000001, 73.35000000000001, 73.35000000000001, 73.35000000000001, 73.35000000000001, 73.35000000000001, 73.35000000000001, 73.35000000000001, 73.4, 73.45, 73.5, 73.55, 73.60000000000001]
Safety Constraints:
[[54, 86], [54, 86], [54, 86], [54, 86], [54, 86], [54, 86], [54, 86], [54, 86], [54, 86], [54, 86], [54, 86], [54, 86], [54, 86], [54, 86], [54, 86], [54, 86], [54, 86]]
Prices:
[0.21197, 0.23933, 0.23933, 0.23933, 0.23933, 0.23933, 0.23933, 0.23933, 0.23933, 0.23933, 0.23933, 0.23933, 0.23933, 0.23933, 0.23933, 0.26298, 0.26298]
Occ Predictions:
[0, 0, 0, 0, 0, 0, 0, 0, 0, 0, 0, 0, 0, 0, 0, 0, 0]
Setpoints:
[[54, 86], [54, 86], [54, 86], [54, 86], [54, 86], [54, 86], [54, 86], [54, 86], [54, 86], [54, 86], [54, 86], [54, 86], [54, 86], [54, 86], [54, 86], [54, 86], [54, 86]]
Time needed to calculate the shortest path:
10.6922869682


2018-07-10 15:38:21
MPC Actions: ['0', '0', '0', '0', '0', '0', '0', '0', '0', '0', '0', '0', '0', '0', '0', '0']
Temperatures following the MPC path:
[73.5, 73.45, 73.45, 73.45, 73.45, 73.45, 73.45, 73.45, 73.45, 73.45, 73.45, 73.5, 73.55, 73.60000000000001, 73.65, 73.7, 73.75]
Safety Constraints:
[[54, 86], [54, 86], [54, 86], [54, 86], [54, 86], [54, 86], [54, 86], [54, 86], [54, 86], [54, 86], [54, 86], [54, 86], [54, 86], [54, 86], [54, 86], [54, 86], [54, 86]]
Prices:
[0.23933, 0.23933, 0.23933, 0.23933, 0.23933, 0.23933, 0.23933, 0.23933, 0.23933, 0.23933, 0.23933, 0.23933, 0.23933, 0.23933, 0.26298, 0.26298, 0.26298]
Occ Predictions:
[0, 0, 0, 0, 0, 0, 0, 0, 0, 0, 0, 0, 0, 0, 0, 0, 0]
Setpoints:
[[54, 86], [54, 86], [54, 86], [54, 86], [54, 86], [54, 86], [54, 86], [54, 86], [54, 86], [54, 86], [54, 86], [54, 86], [54, 86], [54, 86], [54, 86], [54, 86], [54, 86]]
Time needed to calculate the shortest path:
5.93577003479


2018-07-10 15:53:21
MPC Actions: ['0', '0', '0', '0', '0', '0', '0', '0', '0', '0', '0', '0', '0', '0', '0', '0']
Temperatures following the MPC path:
[73.5, 73.5, 73.5, 73.5, 73.5, 73.5, 73.5, 73.5, 73.5, 73.5, 73.55, 73.60000000000001, 73.65, 73.7, 73.75, 73.8, 73.85000000000001]
Safety Constraints:
[[54, 86], [54, 86], [54, 86], [54, 86], [54, 86], [54, 86], [54, 86], [54, 86], [54, 86], [54, 86], [54, 86], [54, 86], [54, 86], [54, 86], [54, 86], [54, 86], [54, 86]]
Prices:
[0.23933, 0.23933, 0.23933, 0.23933, 0.23933, 0.23933, 0.23933, 0.23933, 0.23933, 0.23933, 0.23933, 0.23933, 0.23933, 0.26298, 0.26298, 0.26298, 0.26298]
Occ Predictions:
[0, 0, 0, 0, 0, 0, 0, 0, 0, 0, 0, 0, 0, 0, 0, 0, 0]
Setpoints:
[[54, 86], [54, 86], [54, 86], [54, 86], [54, 86], [54, 86], [54, 86], [54, 86], [54, 86], [54, 86], [54, 86], [54, 86], [54, 86], [54, 86], [54, 86], [54, 86], [54, 86]]
Time needed to calculate the shortest path:
6.90605902672


2018-07-10 16:08:21
MPC Actions: ['0', '0', '0', '0', '0', '0', '0', '0', '0', '0', '0', '0', '0', '0', '0', '0']
Temperatures following the MPC path:
[73.7, 73.7, 73.7, 73.7, 73.7, 73.75, 73.8, 73.85000000000001, 73.85000000000001, 73.9, 73.95, 74.0, 74.05, 74.10000000000001, 74.15, 74.2, 74.25]
Safety Constraints:
[[54, 86], [54, 86], [54, 86], [54, 86], [54, 86], [54, 86], [54, 86], [54, 86], [54, 86], [54, 86], [54, 86], [54, 86], [54, 86], [54, 86], [54, 86], [54, 86], [54, 86]]
Prices:
[0.23933, 0.23933, 0.23933, 0.23933, 0.23933, 0.23933, 0.23933, 0.23933, 0.23933, 0.23933, 0.23933, 0.23933, 0.26298, 0.26298, 0.26298, 0.26298, 0.26298]
Occ Predictions:
[0, 0, 0, 0, 0, 0, 0, 0, 0, 0, 0, 0, 0, 0, 0, 0, 0]
Setpoints:
[[54, 86], [54, 86], [54, 86], [54, 86], [54, 86], [54, 86], [54, 86], [54, 86], [54, 86], [54, 86], [54, 86], [54, 86], [54, 86], [54, 86], [54, 86], [54, 86], [54, 86]]
Time needed to calculate the shortest path:
7.60975503922


2018-07-10 16:23:21
MPC Actions: ['0', '0', '0', '0', '0', '0', '0', '0', '0', '0', '0', '0', '0', '0', '0', '0']
Temperatures following the MPC path:
[73.7, 73.7, 73.7, 73.7, 73.75, 73.8, 73.85000000000001, 73.9, 73.95, 74.0, 74.05, 74.10000000000001, 74.15, 74.2, 74.25, 74.3, 74.4]
Safety Constraints:
[[54, 86], [54, 86], [54, 86], [54, 86], [54, 86], [54, 86], [54, 86], [54, 86], [54, 86], [54, 86], [54, 86], [54, 86], [54, 86], [54, 86], [54, 86], [54, 86], [54, 86]]
Prices:
[0.23933, 0.23933, 0.23933, 0.23933, 0.23933, 0.23933, 0.23933, 0.23933, 0.23933, 0.23933, 0.23933, 0.26298, 0.26298, 0.26298, 0.26298, 0.26298, 0.26298]
Occ Predictions:
[0, 0, 0, 0, 0, 0, 0, 0, 0, 0, 0, 0, 0, 0, 0, 0, 0]
Setpoints:
[[54, 86], [54, 86], [54, 86], [54, 86], [54, 86], [54, 86], [54, 86], [54, 86], [54, 86], [54, 86], [54, 86], [54, 86], [54, 86], [54, 86], [54, 86], [54, 86], [54, 86]]
Time needed to calculate the shortest path:
12.5266098976


2018-07-10 16:38:21
MPC Actions: ['0', '0', '0', '0', '0', '0', '0', '0', '0', '0', '0', '0', '0', '0', '0', '0']
Temperatures following the MPC path:
[74.0, 74.0, 74.0, 74.05, 74.10000000000001, 74.15, 74.2, 74.25, 74.3, 74.35000000000001, 74.4, 74.45, 74.5, 74.55, 74.60000000000001, 74.65, 74.7]
Safety Constraints:
[[54, 86], [54, 86], [54, 86], [54, 86], [54, 86], [54, 86], [54, 86], [54, 86], [54, 86], [54, 86], [54, 86], [54, 86], [54, 86], [54, 86], [54, 86], [54, 86], [54, 86]]
Prices:
[0.23933, 0.23933, 0.23933, 0.23933, 0.23933, 0.23933, 0.23933, 0.23933, 0.23933, 0.23933, 0.26298, 0.26298, 0.26298, 0.26298, 0.26298, 0.26298, 0.26298]
Occ Predictions:
[0, 0, 0, 0, 0, 0, 0, 0, 0, 0, 0, 0, 0, 0, 0, 0, 0]
Setpoints:
[[54, 86], [54, 86], [54, 86], [54, 86], [54, 86], [54, 86], [54, 86], [54, 86], [54, 86], [54, 86], [54, 86], [54, 86], [54, 86], [54, 86], [54, 86], [54, 86], [54, 86]]
Time needed to calculate the shortest path:
4.12862992287


2018-07-10 16:53:21
MPC Actions: ['0', '0', '0', '0', '0', '0', '0', '0', '0', '0', '0', '0', '0', '0', '0', '0']
Temperatures following the MPC path:
[74.1, 74.10000000000001, 74.15, 74.2, 74.25, 74.3, 74.35000000000001, 74.4, 74.45, 74.5, 74.55, 74.60000000000001, 74.65, 74.7, 74.8, 74.85000000000001, 74.9]
Safety Constraints:
[[54, 86], [54, 86], [54, 86], [54, 86], [54, 86], [54, 86], [54, 86], [54, 86], [54, 86], [54, 86], [54, 86], [54, 86], [54, 86], [54, 86], [54, 86], [54, 86], [54, 86]]
Prices:
[0.23933, 0.23933, 0.23933, 0.23933, 0.23933, 0.23933, 0.23933, 0.23933, 0.23933, 0.26298, 0.26298, 0.26298, 0.26298, 0.26298, 0.26298, 0.26298, 0.26298]
Occ Predictions:
[0, 0, 0, 0, 0, 0, 0, 0, 0, 0, 0, 0, 0, 0, 0, 0, 0]
Setpoints:
[[54, 86], [54, 86], [54, 86], [54, 86], [54, 86], [54, 86], [54, 86], [54, 86], [54, 86], [54, 86], [54, 86], [54, 86], [54, 86], [54, 86], [54, 86], [54, 86], [54, 86]]
Time needed to calculate the shortest path:
13.5323979855


2018-07-10 17:08:21
MPC Actions: ['0', '0', '0', '0', '0', '0', '0', '0', '0', '0', '0', '0', '0', '0', '0', '0']
Temperatures following the MPC path:
[74.3, 74.35000000000001, 74.4, 74.45, 74.5, 74.55, 74.60000000000001, 74.65, 74.7, 74.75, 74.8, 74.85000000000001, 74.9, 75.0, 75.05, 75.10000000000001, 75.15]
Safety Constraints:
[[54, 86], [54, 86], [54, 86], [54, 86], [54, 86], [54, 86], [54, 86], [54, 86], [54, 86], [54, 86], [54, 86], [54, 86], [54, 86], [54, 86], [54, 86], [54, 86], [54, 86]]
Prices:
[0.23933, 0.23933, 0.23933, 0.23933, 0.23933, 0.23933, 0.23933, 0.23933, 0.26298, 0.26298, 0.26298, 0.26298, 0.26298, 0.26298, 0.26298, 0.26298, 0.86298, 0.86298, 0.86298, 0.86298, 0.86298]
Occ Predictions:
[0, 0, 0, 0, 0, 0, 0, 0, 0, 0, 0, 0, 0, 0, 0, 0, 0]
Setpoints:
[[54, 86], [54, 86], [54, 86], [54, 86], [54, 86], [54, 86], [54, 86], [54, 86], [54, 86], [54, 86], [54, 86], [54, 86], [54, 86], [54, 86], [54, 86], [54, 86], [54, 86]]
Time needed to calculate the shortest path:
11.7024838924


2018-07-10 17:23:21
MPC Actions: ['0', '0', '0', '0', '0', '0', '0', '0', '0', '0', '0', '0', '0', '0', '0', '0']
Temperatures following the MPC path:
[74.4, 74.45, 74.5, 74.55, 74.60000000000001, 74.65, 74.7, 74.75, 74.8, 74.85000000000001, 74.9, 74.95, 75.05, 75.15, 75.25, 75.35000000000001, 75.45]
Safety Constraints:
[[54, 86], [54, 86], [54, 86], [54, 86], [54, 86], [54, 86], [54, 86], [54, 86], [54, 86], [54, 86], [54, 86], [54, 86], [54, 86], [54, 86], [54, 86], [54, 86], [54, 86]]
Prices:
[0.23933, 0.23933, 0.23933, 0.23933, 0.23933, 0.23933, 0.23933, 0.26298, 0.26298, 0.26298, 0.26298, 0.26298, 0.26298, 0.26298, 0.26298, 0.86298, 0.86298, 0.86298, 0.86298, 0.86298, 0.86298, 0.86298, 0.86298, 0.86298, 0.86298]
Occ Predictions:
[0, 0, 0, 0, 0, 0, 0, 0, 0, 0, 0, 0, 0, 0, 0, 0, 0]
Setpoints:
[[54, 86], [54, 86], [54, 86], [54, 86], [54, 86], [54, 86], [54, 86], [54, 86], [54, 86], [54, 86], [54, 86], [54, 86], [54, 86], [54, 86], [54, 86], [54, 86], [54, 86]]
Time needed to calculate the shortest path:
13.7847268581


2018-07-10 17:38:21
MPC Actions: ['0', '0', '0', '0', '0', '0', '0', '0', '0', '0', '0', '0', '0', '0', '0', '0']
Temperatures following the MPC path:
[74.8, 74.85000000000001, 74.9, 74.95, 75.0, 75.05, 75.10000000000001, 75.2, 75.3, 75.35000000000001, 75.4, 75.5, 75.60000000000001, 75.7, 75.8, 75.9, 76.0]
Safety Constraints:
[[54, 86], [54, 86], [54, 86], [54, 86], [54, 86], [54, 86], [54, 86], [54, 86], [54, 86], [54, 86], [54, 86], [54, 86], [54, 86], [54, 86], [54, 86], [54, 86], [54, 86]]
Prices:
[0.23933, 0.23933, 0.23933, 0.23933, 0.23933, 0.23933, 0.26298, 0.26298, 0.26298, 0.26298, 0.26298, 0.26298, 0.26298, 0.26298, 0.86298, 0.86298, 0.86298, 0.86298, 0.86298, 0.86298, 0.86298, 0.86298, 0.86298, 0.86298, 0.86298, 0.86298, 0.86298, 0.86298, 0.86298]
Occ Predictions:
[0, 0, 0, 0, 0, 0, 0, 0, 0, 0, 0, 0, 0, 0, 0, 0, 0]
Setpoints:
[[54, 86], [54, 86], [54, 86], [54, 86], [54, 86], [54, 86], [54, 86], [54, 86], [54, 86], [54, 86], [54, 86], [54, 86], [54, 86], [54, 86], [54, 86], [54, 86], [54, 86]]
Time needed to calculate the shortest path:
15.8588371277


2018-07-10 17:53:21
MPC Actions: ['0', '0', '0', '0', '0', '0', '0', '0', '0', '0', '0', '0', '0', '0', '0', '0']
Temperatures following the MPC path:
[75.0, 75.05, 75.10000000000001, 75.15, 75.2, 75.25, 75.35000000000001, 75.45, 75.55, 75.65, 75.75, 75.85000000000001, 75.95, 76.05, 76.15, 76.25, 76.35000000000001]
Safety Constraints:
[[54, 86], [54, 86], [54, 86], [54, 86], [54, 86], [54, 86], [54, 86], [54, 86], [54, 86], [54, 86], [54, 86], [54, 86], [54, 86], [54, 86], [54, 86], [54, 86], [54, 86]]
Prices:
[0.23933, 0.23933, 0.23933, 0.23933, 0.23933, 0.26298, 0.26298, 0.26298, 0.26298, 0.26298, 0.26298, 0.26298, 0.26298, 0.86298, 0.86298, 0.86298, 0.86298, 0.86298, 0.86298, 0.86298, 0.86298, 0.86298, 0.86298, 0.86298, 0.86298, 0.86298, 0.86298, 0.86298, 0.86298, 0.86298, 0.86298, 0.86298, 0.86298]
Occ Predictions:
[0, 0, 0, 0, 0, 0, 0, 0, 0, 0, 0, 0, 0, 0, 0, 0, 0]
Setpoints:
[[54, 86], [54, 86], [54, 86], [54, 86], [54, 86], [54, 86], [54, 86], [54, 86], [54, 86], [54, 86], [54, 86], [54, 86], [54, 86], [54, 86], [54, 86], [54, 86], [54, 86]]
Time needed to calculate the shortest path:
14.0334439278


2018-07-10 18:08:21
MPC Actions: ['0', '0', '0', '0', '0', '0', '0', '0', '0', '0', '0', '0', '0', '0', '0', '0']
Temperatures following the MPC path:
[75.3, 75.4, 75.5, 75.60000000000001, 75.65, 75.75, 75.85000000000001, 75.95, 76.05, 76.15, 76.25, 76.35000000000001, 76.45, 76.55, 76.65, 76.75, 76.85000000000001]
Safety Constraints:
[[54, 86], [54, 86], [54, 86], [54, 86], [54, 86], [54, 86], [54, 86], [54, 86], [54, 86], [54, 86], [54, 86], [54, 86], [54, 86], [54, 86], [54, 86], [54, 86], [54, 86]]
Prices:
[0.23933, 0.23933, 0.23933, 0.23933, 0.26298, 0.26298, 0.26298, 0.26298, 0.26298, 0.26298, 0.26298, 0.26298, 0.86298, 0.86298, 0.86298, 0.86298, 0.86298, 0.86298, 0.86298, 0.86298, 0.86298, 0.86298, 0.86298, 0.86298, 0.86298, 0.86298, 0.86298, 0.86298, 0.86298, 0.86298, 0.86298, 0.86298, 0.86298, 0.86298, 0.86298, 0.86298, 0.86298]
Occ Predictions:
[0, 0, 0, 0, 0, 0, 0, 0, 0, 0, 0, 0, 0, 0, 0, 0, 0]
Setpoints:
[[54, 86], [54, 86], [54, 86], [54, 86], [54, 86], [54, 86], [54, 86], [54, 86], [54, 86], [54, 86], [54, 86], [54, 86], [54, 86], [54, 86], [54, 86], [54, 86], [54, 86]]
Time needed to calculate the shortest path:
11.8124608994


2018-07-10 18:23:21
MPC Actions: ['0', '0', '0', '0', '0', '0', '0', '0', '0', '0', '0', '0', '0', '0', '0', '0']
Temperatures following the MPC path:
[75.5, 75.60000000000001, 75.65, 75.7, 75.8, 75.9, 76.0, 76.10000000000001, 76.2, 76.3, 76.4, 76.5, 76.60000000000001, 76.7, 76.80000000000001, 76.9, 77.0]
Safety Constraints:
[[54, 86], [54, 86], [54, 86], [54, 86], [54, 86], [54, 86], [54, 86], [54, 86], [54, 86], [54, 86], [54, 86], [54, 86], [54, 86], [54, 86], [54, 86], [54, 86], [54, 86]]
Prices:
[0.23933, 0.23933, 0.23933, 0.26298, 0.26298, 0.26298, 0.26298, 0.26298, 0.26298, 0.26298, 0.26298, 0.86298, 0.86298, 0.86298, 0.86298, 0.86298, 0.86298, 0.86298, 0.86298, 0.86298, 0.86298, 0.86298, 0.86298, 0.86298, 0.86298, 0.86298, 0.86298, 0.86298, 0.86298, 0.86298, 0.86298, 0.86298, 0.86298, 0.86298, 0.86298, 0.86298, 0.86298, 0.86298, 0.86298, 0.86298, 0.86298]
Occ Predictions:
[0, 0, 0, 0, 0, 0, 0, 0, 0, 0, 0, 0, 0, 0, 0, 0, 0]
Setpoints:
[[54, 86], [54, 86], [54, 86], [54, 86], [54, 86], [54, 86], [54, 86], [54, 86], [54, 86], [54, 86], [54, 86], [54, 86], [54, 86], [54, 86], [54, 86], [54, 86], [54, 86]]
Time needed to calculate the shortest path:
13.8758709431


2018-07-10 18:38:21
MPC Actions: ['0', '0', '0', '0', '0', '0', '0', '0', '0', '0', '0', '0', '0', '0', '0', '0']
Temperatures following the MPC path:
[75.9, 75.95, 76.0, 76.10000000000001, 76.2, 76.3, 76.4, 76.5, 76.60000000000001, 76.7, 76.80000000000001, 76.9, 77.0, 77.10000000000001, 77.2, 77.30000000000001, 77.4]
Safety Constraints:
[[54, 86], [54, 86], [54, 86], [54, 86], [54, 86], [54, 86], [54, 86], [54, 86], [54, 86], [54, 86], [54, 86], [54, 86], [54, 86], [54, 86], [54, 86], [54, 86], [54, 86]]
Prices:
[0.23933, 0.23933, 0.26298, 0.26298, 0.26298, 0.26298, 0.26298, 0.26298, 0.26298, 0.26298, 0.86298, 0.86298, 0.86298, 0.86298, 0.86298, 0.86298, 0.86298, 0.86298, 0.86298, 0.86298, 0.86298, 0.86298, 0.86298, 0.86298, 0.86298, 0.86298, 0.86298, 0.86298, 0.86298, 0.86298, 0.86298, 0.86298, 0.86298, 0.86298, 0.86298, 0.86298, 0.86298, 0.86298, 0.86298, 0.86298, 0.86298, 0.86298, 0.86298, 0.86298, 0.86298]
Occ Predictions:
[0, 0, 0, 0, 0, 0, 0, 0, 0, 0, 0, 0, 0, 0, 0, 0, 0]
Setpoints:
[[54, 86], [54, 86], [54, 86], [54, 86], [54, 86], [54, 86], [54, 86], [54, 86], [54, 86], [54, 86], [54, 86], [54, 86], [54, 86], [54, 86], [54, 86], [54, 86], [54, 86]]
Time needed to calculate the shortest path:
10.9505279064


2018-07-10 18:53:21
MPC Actions: ['0', '0', '0', '0', '0', '0', '0', '0', '0', '0', '0', '0', '0', '0', '0', '0']
Temperatures following the MPC path:
[76.1, 76.15, 76.25, 76.35000000000001, 76.45, 76.5, 76.60000000000001, 76.7, 76.80000000000001, 76.9, 77.0, 77.10000000000001, 77.2, 77.30000000000001, 77.4, 77.5, 77.60000000000001]
Safety Constraints:
[[54, 86], [54, 86], [54, 86], [54, 86], [54, 86], [54, 86], [54, 86], [54, 86], [54, 86], [54, 86], [54, 86], [54, 86], [54, 86], [54, 86], [54, 86], [54, 86], [54, 86]]
Prices:
[0.23933, 0.26298, 0.26298, 0.26298, 0.26298, 0.26298, 0.26298, 0.26298, 0.26298, 0.86298, 0.86298, 0.86298, 0.86298, 0.86298, 0.86298, 0.86298, 0.86298, 0.86298, 0.86298, 0.86298, 0.86298, 0.86298, 0.86298, 0.86298, 0.86298, 0.86298, 0.86298, 0.86298, 0.86298, 0.86298, 0.86298, 0.86298, 0.86298, 0.86298, 0.86298, 0.86298, 0.86298, 0.86298, 0.86298, 0.86298, 0.86298, 0.86298, 0.86298, 0.86298, 0.86298, 0.86298, 0.86298, 0.86298, 0.86298]
Occ Predictions:
[0, 0, 0, 0, 0, 0, 0, 0, 0, 0, 0, 0, 0, 0, 0, 0, 0]
Setpoints:
[[54, 86], [54, 86], [54, 86], [54, 86], [54, 86], [54, 86], [54, 86], [54, 86], [54, 86], [54, 86], [54, 86], [54, 86], [54, 86], [54, 86], [54, 86], [54, 86], [54, 86]]
Time needed to calculate the shortest path:
8.67039704323


2018-07-10 19:08:21
MPC Actions: ['0', '0', '0', '0', '0', '0', '0', '0', '0', '0', '0', '0', '0', '0', '0', '0']
Temperatures following the MPC path:
[76.3, 76.4, 76.5, 76.60000000000001, 76.65, 76.75, 76.85000000000001, 76.95, 77.05000000000001, 77.15, 77.25, 77.35000000000001, 77.45, 77.55000000000001, 77.65, 77.75, 77.85000000000001]
Safety Constraints:
[[54, 86], [54, 86], [54, 86], [54, 86], [54, 86], [54, 86], [54, 86], [54, 86], [54, 86], [54, 86], [54, 86], [54, 86], [54, 86], [54, 86], [54, 86], [54, 86], [54, 86]]
Prices:
[0.26298, 0.26298, 0.26298, 0.26298, 0.26298, 0.26298, 0.26298, 0.26298, 0.86298, 0.86298, 0.86298, 0.86298, 0.86298, 0.86298, 0.86298, 0.86298, 0.86298, 0.86298, 0.86298, 0.86298, 0.86298, 0.86298, 0.86298, 0.86298, 0.86298, 0.86298, 0.86298, 0.86298, 0.86298, 0.86298, 0.86298, 0.86298, 0.86298, 0.86298, 0.86298, 0.86298, 0.86298, 0.86298, 0.86298, 0.86298, 0.86298, 0.86298, 0.86298, 0.86298, 0.86298, 0.86298, 0.86298, 0.86298, 0.86298, 0.86298, 0.86298, 0.86298, 0.86298]
Occ Predictions:
[0, 0, 0, 0, 0, 0, 0, 0, 0, 0, 0, 0, 0, 0, 0, 0, 0]
Setpoints:
[[54, 86], [54, 86], [54, 86], [54, 86], [54, 86], [54, 86], [54, 86], [54, 86], [54, 86], [54, 86], [54, 86], [54, 86], [54, 86], [54, 86], [54, 86], [54, 86], [54, 86]]
Time needed to calculate the shortest path:
8.38893294334


2018-07-10 19:23:21
MPC Actions: ['0', '0', '0', '0', '0', '0', '0', '0', '0', '0', '0', '0', '0', '0', '0', '0']
Temperatures following the MPC path:
[76.7, 76.80000000000001, 76.85000000000001, 76.9, 77.0, 77.10000000000001, 77.2, 77.30000000000001, 77.4, 77.5, 77.60000000000001, 77.7, 77.80000000000001, 77.9, 78.0, 78.10000000000001, 78.2]
Safety Constraints:
[[54, 86], [54, 86], [54, 86], [54, 86], [54, 86], [54, 86], [54, 86], [54, 86], [54, 86], [54, 86], [54, 86], [54, 86], [54, 86], [54, 86], [54, 86], [54, 86], [54, 86]]
Prices:
[0.26298, 0.26298, 0.26298, 0.26298, 0.26298, 0.26298, 0.26298, 0.86298, 0.86298, 0.86298, 0.86298, 0.86298, 0.86298, 0.86298, 0.86298, 0.86298, 0.86298, 0.86298, 0.86298, 0.86298, 0.86298, 0.86298, 0.86298, 0.86298, 0.86298, 0.86298, 0.86298, 0.86298, 0.86298, 0.86298, 0.86298, 0.86298, 0.86298, 0.86298, 0.86298, 0.86298, 0.86298, 0.86298, 0.86298, 0.86298, 0.86298, 0.86298, 0.86298, 0.86298, 0.86298, 0.86298, 0.86298, 0.86298, 0.86298, 0.86298, 0.86298, 0.86298, 0.86298, 0.86298, 0.86298, 0.86298, 0.86298]
Occ Predictions:
[0, 0, 0, 0, 0, 0, 0, 0, 0, 0, 0, 0, 0, 0, 0, 0, 0]
Setpoints:
[[54, 86], [54, 86], [54, 86], [54, 86], [54, 86], [54, 86], [54, 86], [54, 86], [54, 86], [54, 86], [54, 86], [54, 86], [54, 86], [54, 86], [54, 86], [54, 86], [54, 86]]
Time needed to calculate the shortest path:
9.12633299828


2018-07-10 19:38:21
MPC Actions: ['0', '0', '0', '0', '0', '0', '0', '0', '0', '0', '0', '0', '0', '0', '0', '0']
Temperatures following the MPC path:
[77.0, 77.05000000000001, 77.10000000000001, 77.2, 77.25, 77.30000000000001, 77.35000000000001, 77.45, 77.55000000000001, 77.65, 77.75, 77.85000000000001, 77.95, 78.0, 78.05000000000001, 78.10000000000001, 78.15]
Safety Constraints:
[[54, 86], [54, 86], [54, 86], [54, 86], [54, 86], [54, 86], [54, 86], [54, 86], [54, 86], [54, 86], [54, 86], [54, 86], [54, 86], [54, 86], [54, 86], [54, 86], [54, 86]]
Prices:
[0.26298, 0.26298, 0.26298, 0.26298, 0.26298, 0.26298, 0.86298, 0.86298, 0.86298, 0.86298, 0.86298, 0.86298, 0.86298, 0.86298, 0.86298, 0.86298, 0.86298, 0.86298, 0.86298, 0.86298, 0.86298, 0.86298, 0.86298, 0.86298, 0.86298, 0.86298, 0.86298, 0.86298, 0.86298, 0.86298, 0.86298, 0.86298, 0.86298, 0.86298, 0.86298, 0.86298, 0.86298, 0.86298, 0.86298, 0.86298, 0.86298, 0.86298, 0.86298, 0.86298, 0.86298, 0.86298, 0.86298, 0.86298, 0.86298, 0.86298, 0.86298, 0.86298, 0.86298, 0.86298, 0.86298, 0.86298, 0.86298, 0.86298, 0.86298, 0.86298, 0.86298]
Occ Predictions:
[0, 0, 0, 0, 0, 0, 0, 0, 0, 0, 0, 0, 0, 0, 0, 0, 0]
Setpoints:
[[54, 86], [54, 86], [54, 86], [54, 86], [54, 86], [54, 86], [54, 86], [54, 86], [54, 86], [54, 86], [54, 86], [54, 86], [54, 86], [54, 86], [54, 86], [54, 86], [54, 86]]
Time needed to calculate the shortest path:
9.31448721886


2018-07-10 19:53:21
MPC Actions: ['0', '0', '0', '0', '0', '0', '0', '0', '0', '0', '0', '0', '0', '0', '0', '0']
Temperatures following the MPC path:
[77.3, 77.35000000000001, 77.4, 77.45, 77.5, 77.55000000000001, 77.65, 77.7, 77.75, 77.80000000000001, 77.85000000000001, 77.9, 77.95, 78.0, 78.05000000000001, 78.10000000000001, 78.15]
Safety Constraints:
[[54, 86], [54, 86], [54, 86], [54, 86], [54, 86], [54, 86], [54, 86], [54, 86], [54, 86], [54, 86], [54, 86], [54, 86], [54, 86], [54, 86], [54, 86], [54, 86], [54, 86]]
Prices:
[0.26298, 0.26298, 0.26298, 0.26298, 0.26298, 0.86298, 0.86298, 0.86298, 0.86298, 0.86298, 0.86298, 0.86298, 0.86298, 0.86298, 0.86298, 0.86298, 0.86298, 0.86298, 0.86298, 0.86298, 0.86298, 0.86298, 0.86298, 0.86298, 0.86298, 0.86298, 0.86298, 0.86298, 0.86298, 0.86298, 0.86298, 0.86298, 0.86298, 0.86298, 0.86298, 0.86298, 0.86298, 0.86298, 0.86298, 0.86298, 0.86298, 0.86298, 0.86298, 0.86298, 0.86298, 0.86298, 0.86298, 0.86298, 0.86298, 0.86298, 0.86298, 0.86298, 0.86298, 0.86298, 0.86298, 0.86298, 0.86298, 0.86298, 0.86298, 0.86298, 0.86298, 0.86298, 0.86298, 0.86298, 0.86298]
Occ Predictions:
[0, 0, 0, 0, 0, 0, 0, 0, 0, 0, 0, 0, 0, 0, 0, 0, 0]
Setpoints:
[[54, 86], [54, 86], [54, 86], [54, 86], [54, 86], [54, 86], [54, 86], [54, 86], [54, 86], [54, 86], [54, 86], [54, 86], [54, 86], [54, 86], [54, 86], [54, 86], [54, 86]]
Time needed to calculate the shortest path:
11.4463341236


2018-07-10 20:08:21
MPC Actions: ['0', '0', '0', '0', '0', '0', '0', '0', '0', '0', '0', '0', '0', '0', '0', '0']
Temperatures following the MPC path:
[77.7, 77.75, 77.80000000000001, 77.85000000000001, 77.9, 77.95, 78.0, 78.05000000000001, 78.10000000000001, 78.15, 78.2, 78.25, 78.30000000000001, 78.35000000000001, 78.4, 78.45, 78.5]
Safety Constraints:
[[54, 86], [54, 86], [54, 86], [54, 86], [54, 86], [54, 86], [54, 86], [54, 86], [54, 86], [54, 86], [54, 86], [54, 86], [54, 86], [54, 86], [54, 86], [54, 86], [54, 86]]
Prices:
[0.26298, 0.26298, 0.26298, 0.26298, 0.86298, 0.86298, 0.86298, 0.86298, 0.86298, 0.86298, 0.86298, 0.86298, 0.86298, 0.86298, 0.86298, 0.86298, 0.86298, 0.86298, 0.86298, 0.86298, 0.86298, 0.86298, 0.86298, 0.86298, 0.86298, 0.86298, 0.86298, 0.86298, 0.86298, 0.86298, 0.86298, 0.86298, 0.86298, 0.86298, 0.86298, 0.86298, 0.86298, 0.86298, 0.86298, 0.86298, 0.86298, 0.86298, 0.86298, 0.86298, 0.86298, 0.86298, 0.86298, 0.86298, 0.86298, 0.86298, 0.86298, 0.86298, 0.86298, 0.86298, 0.86298, 0.86298, 0.86298, 0.86298, 0.86298, 0.86298, 0.86298, 0.86298, 0.86298, 0.86298, 0.86298, 0.86298, 0.86298, 0.86298, 0.86298]
Occ Predictions:
[0, 0, 0, 0, 0, 0, 0, 0, 0, 0, 0, 0, 0, 0, 0, 0, 0]
Setpoints:
[[54, 86], [54, 86], [54, 86], [54, 86], [54, 86], [54, 86], [54, 86], [54, 86], [54, 86], [54, 86], [54, 86], [54, 86], [54, 86], [54, 86], [54, 86], [54, 86], [54, 86]]
Time needed to calculate the shortest path:
9.18444299698


2018-07-10 20:23:21
MPC Actions: ['0', '0', '0', '0', '0', '0', '0', '0', '0', '0', '0', '0', '0', '0', '0', '0']
Temperatures following the MPC path:
[78.0, 78.05000000000001, 78.10000000000001, 78.15, 78.25, 78.30000000000001, 78.35000000000001, 78.4, 78.5, 78.55000000000001, 78.60000000000001, 78.65, 78.7, 78.75, 78.80000000000001, 78.85000000000001, 78.9]
Safety Constraints:
[[54, 86], [54, 86], [54, 86], [54, 86], [54, 86], [54, 86], [54, 86], [54, 86], [54, 86], [54, 86], [54, 86], [54, 86], [54, 86], [54, 86], [54, 86], [54, 86], [54, 86]]
Prices:
[0.26298, 0.26298, 0.26298, 0.86298, 0.86298, 0.86298, 0.86298, 0.86298, 0.86298, 0.86298, 0.86298, 0.86298, 0.86298, 0.86298, 0.86298, 0.86298, 0.86298, 0.86298, 0.86298, 0.86298, 0.86298, 0.86298, 0.86298, 0.86298, 0.86298, 0.86298, 0.86298, 0.86298, 0.86298, 0.86298, 0.86298, 0.86298, 0.86298, 0.86298, 0.86298, 0.86298, 0.86298, 0.86298, 0.86298, 0.86298, 0.86298, 0.86298, 0.86298, 0.86298, 0.86298, 0.86298, 0.86298, 0.86298, 0.86298, 0.86298, 0.86298, 0.86298, 0.86298, 0.86298, 0.86298, 0.86298, 0.86298, 0.86298, 0.86298, 0.86298, 0.86298, 0.86298, 0.86298, 0.86298, 0.86298, 0.86298, 0.86298, 0.86298, 0.86298, 0.86298, 0.86298, 0.86298, 0.86298]
Occ Predictions:
[0, 0, 0, 0, 0, 0, 0, 0, 0, 0, 0, 0, 0, 0, 0, 0, 0]
Setpoints:
[[54, 86], [54, 86], [54, 86], [54, 86], [54, 86], [54, 86], [54, 86], [54, 86], [54, 86], [54, 86], [54, 86], [54, 86], [54, 86], [54, 86], [54, 86], [54, 86], [54, 86]]
Time needed to calculate the shortest path:
7.12648916245


2018-07-10 20:38:21
MPC Actions: ['0', '0', '0', '0', '0', '0', '0', '0', '0', '0', '0', '0', '0', '0', '0', '0']
Temperatures following the MPC path:
[78.4, 78.45, 78.5, 78.60000000000001, 78.65, 78.7, 78.75, 78.80000000000001, 78.85000000000001, 78.9, 78.95, 79.0, 79.05000000000001, 79.10000000000001, 79.15, 79.2, 79.25]
Safety Constraints:
[[54, 86], [54, 86], [54, 86], [54, 86], [54, 86], [54, 86], [54, 86], [54, 86], [54, 86], [54, 86], [54, 86], [54, 86], [54, 86], [54, 86], [54, 86], [54, 86], [54, 86]]
Prices:
[0.26298, 0.26298, 0.86298, 0.86298, 0.86298, 0.86298, 0.86298, 0.86298, 0.86298, 0.86298, 0.86298, 0.86298, 0.86298, 0.86298, 0.86298, 0.86298, 0.86298, 0.86298, 0.86298, 0.86298, 0.86298, 0.86298, 0.86298, 0.86298, 0.86298, 0.86298, 0.86298, 0.86298, 0.86298, 0.86298, 0.86298, 0.86298, 0.86298, 0.86298, 0.86298, 0.86298, 0.86298, 0.86298, 0.86298, 0.86298, 0.86298, 0.86298, 0.86298, 0.86298, 0.86298, 0.86298, 0.86298, 0.86298, 0.86298, 0.86298, 0.86298, 0.86298, 0.86298, 0.86298, 0.86298, 0.86298, 0.86298, 0.86298, 0.86298, 0.86298, 0.86298, 0.86298, 0.86298, 0.86298, 0.86298, 0.86298, 0.86298, 0.86298, 0.86298, 0.86298, 0.86298, 0.86298, 0.86298, 0.86298, 0.86298, 0.86298, 0.86298]
Occ Predictions:
[0, 0, 0, 0, 0, 0, 0, 0, 0, 0, 0, 0, 0, 0, 0, 0, 0]
Setpoints:
[[54, 86], [54, 86], [54, 86], [54, 86], [54, 86], [54, 86], [54, 86], [54, 86], [54, 86], [54, 86], [54, 86], [54, 86], [54, 86], [54, 86], [54, 86], [54, 86], [54, 86]]
Time needed to calculate the shortest path:
8.11651206017


2018-07-10 20:47:35
MPC Actions: ['0', '0', '0', '0', '0', '0', '0', '0', '0', '0', '0', '0', '0', '0', '0', '0']
Temperatures following the MPC path:
[78.6, 78.67500000000001, 78.75, 78.825, 78.9, 78.97500000000001, 79.05000000000001, 79.125, 79.2, 79.275, 79.35000000000001, 79.42500000000001, 79.5, 79.55000000000001, 79.60000000000001, 79.65, 79.7]
Safety Constraints:
[[54, 86], [54, 86], [54, 86], [54, 86], [54, 86], [54, 86], [54, 86], [54, 86], [54, 86], [54, 86], [54, 86], [54, 86], [54, 86], [54, 86], [54, 86], [54, 86], [54, 86]]
Prices:
[0.26298, 0.86298, 0.86298, 0.86298, 0.86298, 0.86298, 0.86298, 0.86298, 0.86298, 0.86298, 0.86298, 0.86298, 0.86298, 0.86298, 0.86298, 0.86298, 0.86298, 0.86298, 0.86298, 0.86298, 0.86298, 0.86298, 0.86298, 0.86298, 0.86298, 0.86298, 0.86298, 0.86298, 0.86298, 0.86298, 0.86298, 0.86298, 0.86298, 0.86298, 0.86298, 0.86298, 0.86298, 0.86298, 0.86298, 0.86298, 0.86298, 0.86298, 0.86298, 0.86298, 0.86298, 0.86298, 0.86298, 0.86298, 0.86298, 0.86298, 0.86298, 0.86298, 0.86298, 0.86298, 0.86298, 0.86298, 0.86298, 0.86298, 0.86298, 0.86298, 0.86298, 0.86298, 0.86298, 0.86298, 0.86298, 0.86298, 0.86298, 0.86298, 0.86298, 0.86298, 0.86298, 0.86298, 0.86298, 0.86298, 0.86298, 0.86298, 0.86298, 0.86298, 0.86298, 0.86298, 0.86298]
Occ Predictions:
[0, 0, 0, 0, 0, 0, 0, 0, 0, 0, 0, 0, 0, 0, 0, 0, 0]
Setpoints:
[[54, 86], [54, 86], [54, 86], [54, 86], [54, 86], [54, 86], [54, 86], [54, 86], [54, 86], [54, 86], [54, 86], [54, 86], [54, 86], [54, 86], [54, 86], [54, 86], [54, 86]]
Time needed to calculate the shortest path:
24.0860319138


2018-07-10 21:02:35
MPC Actions: ['0', '0', '0', '0', '0', '0', '0', '0', '0', '0', '0', '0', '0', '0', '0', '0']
Temperatures following the MPC path:
[79.0, 79.075, 79.15, 79.22500000000001, 79.30000000000001, 79.375, 79.45, 79.525, 79.60000000000001, 79.67500000000001, 79.75, 79.825, 79.875, 79.92500000000001, 79.97500000000001, 80.025, 80.075]
Safety Constraints:
[[54, 86], [54, 86], [54, 86], [54, 86], [54, 86], [54, 86], [54, 86], [54, 86], [54, 86], [54, 86], [54, 86], [54, 86], [54, 86], [54, 86], [54, 86], [54, 86], [54, 86]]
Prices:
[0.86298, 0.86298, 0.86298, 0.86298, 0.86298, 0.86298, 0.86298, 0.86298, 0.86298, 0.86298, 0.86298, 0.86298, 0.86298, 0.86298, 0.86298, 0.86298, 0.86298, 0.86298, 0.86298, 0.86298, 0.86298, 0.86298, 0.86298, 0.86298, 0.86298, 0.86298, 0.86298, 0.86298, 0.86298, 0.86298, 0.86298, 0.86298, 0.86298, 0.86298, 0.86298, 0.86298, 0.86298, 0.86298, 0.86298, 0.86298, 0.86298, 0.86298, 0.86298, 0.86298, 0.86298, 0.86298, 0.86298, 0.86298, 0.86298, 0.86298, 0.86298, 0.86298, 0.86298, 0.86298, 0.86298, 0.86298, 0.86298, 0.86298, 0.86298, 0.86298, 0.86298, 0.86298, 0.86298, 0.86298, 0.86298, 0.86298, 0.86298, 0.86298, 0.86298, 0.86298, 0.86298, 0.86298, 0.86298, 0.86298, 0.86298, 0.86298, 0.86298, 0.86298, 0.86298, 0.86298, 0.23933]
Occ Predictions:
[0, 0, 0, 0, 0, 0, 0, 0, 0, 0, 0, 0, 0, 0, 0, 0, 0]
Setpoints:
[[54, 86], [54, 86], [54, 86], [54, 86], [54, 86], [54, 86], [54, 86], [54, 86], [54, 86], [54, 86], [54, 86], [54, 86], [54, 86], [54, 86], [54, 86], [54, 86], [54, 86]]
Time needed to calculate the shortest path:
22.2990448475


2018-07-10 21:17:34
MPC Actions: ['0', '0', '0', '0', '0', '0', '0', '0', '0', '0', '0', '0', '0', '0', '0', '0']
Temperatures following the MPC path:
[79.4, 79.47500000000001, 79.55000000000001, 79.625, 79.7, 79.775, 79.85000000000001, 79.92500000000001, 80.0, 80.075, 80.15, 80.22500000000001, 80.30000000000001, 80.375, 80.45, 80.5, 80.55000000000001]
Safety Constraints:
[[54, 86], [54, 86], [54, 86], [54, 86], [54, 86], [54, 86], [54, 86], [54, 86], [54, 86], [54, 86], [54, 86], [54, 86], [54, 86], [54, 86], [54, 86], [54, 86], [54, 86]]
Prices:
[0.86298, 0.86298, 0.86298, 0.86298, 0.86298, 0.86298, 0.86298, 0.86298, 0.86298, 0.86298, 0.86298, 0.86298, 0.86298, 0.86298, 0.86298, 0.86298, 0.86298, 0.86298, 0.86298, 0.86298, 0.86298, 0.86298, 0.86298, 0.86298, 0.86298, 0.86298, 0.86298, 0.86298, 0.86298, 0.86298, 0.86298, 0.86298, 0.86298, 0.86298, 0.86298, 0.86298, 0.86298, 0.86298, 0.86298, 0.86298, 0.86298, 0.86298, 0.86298, 0.86298, 0.86298, 0.86298, 0.86298, 0.86298, 0.86298, 0.86298, 0.86298, 0.86298, 0.86298, 0.86298, 0.86298, 0.86298, 0.86298, 0.86298, 0.86298, 0.86298, 0.86298, 0.86298, 0.86298, 0.86298, 0.86298, 0.86298, 0.86298, 0.86298, 0.86298, 0.86298, 0.86298, 0.86298, 0.86298, 0.86298, 0.86298, 0.23933, 0.23933]
Occ Predictions:
[0, 0, 0, 0, 0, 0, 0, 0, 0, 0, 0, 0, 0, 0, 0, 0, 0]
Setpoints:
[[54, 86], [54, 86], [54, 86], [54, 86], [54, 86], [54, 86], [54, 86], [54, 86], [54, 86], [54, 86], [54, 86], [54, 86], [54, 86], [54, 86], [54, 86], [54, 86], [54, 86]]
Time needed to calculate the shortest path:
25.5681219101


2018-07-10 21:32:35
MPC Actions: ['0', '0', '0', '0', '0', '0', '0', '0', '0', '0', '0', '0', '0', '0', '0', '0']
Temperatures following the MPC path:
[79.7, 79.775, 79.85000000000001, 79.92500000000001, 80.0, 80.075, 80.15, 80.22500000000001, 80.30000000000001, 80.375, 80.45, 80.525, 80.60000000000001, 80.67500000000001, 80.72500000000001, 80.775, 80.825]
Safety Constraints:
[[54, 86], [54, 86], [54, 86], [54, 86], [54, 86], [54, 86], [54, 86], [54, 86], [54, 86], [54, 86], [54, 86], [54, 86], [54, 86], [54, 86], [54, 86], [54, 86], [54, 86]]
Prices:
[0.86298, 0.86298, 0.86298, 0.86298, 0.86298, 0.86298, 0.86298, 0.86298, 0.86298, 0.86298, 0.86298, 0.86298, 0.86298, 0.86298, 0.86298, 0.86298, 0.86298, 0.86298, 0.86298, 0.86298, 0.86298, 0.86298, 0.86298, 0.86298, 0.86298, 0.86298, 0.86298, 0.86298, 0.86298, 0.86298, 0.86298, 0.86298, 0.86298, 0.86298, 0.86298, 0.86298, 0.86298, 0.86298, 0.86298, 0.86298, 0.86298, 0.86298, 0.86298, 0.86298, 0.86298, 0.86298, 0.86298, 0.86298, 0.86298, 0.86298, 0.86298, 0.86298, 0.86298, 0.86298, 0.86298, 0.86298, 0.86298, 0.86298, 0.86298, 0.86298, 0.86298, 0.86298, 0.86298, 0.86298, 0.86298, 0.86298, 0.86298, 0.86298, 0.86298, 0.86298, 0.23933, 0.23933, 0.23933]
Occ Predictions:
[0, 0, 0, 0, 0, 0, 0, 0, 0, 0, 0, 0, 0, 0, 0, 0, 0]
Setpoints:
[[54, 86], [54, 86], [54, 86], [54, 86], [54, 86], [54, 86], [54, 86], [54, 86], [54, 86], [54, 86], [54, 86], [54, 86], [54, 86], [54, 86], [54, 86], [54, 86], [54, 86]]
Time needed to calculate the shortest path:
24.8316960335


2018-07-10 21:47:35
MPC Actions: ['0', '0', '0', '0', '0', '0', '0', '0', '0', '0', '0', '0', '0', '0', '0', '0']
Temperatures following the MPC path:
[79.9, 79.97500000000001, 80.05000000000001, 80.125, 80.2, 80.275, 80.35000000000001, 80.42500000000001, 80.5, 80.575, 80.65, 80.72500000000001, 80.80000000000001, 80.875, 80.92500000000001, 80.97500000000001, 81.025]
Safety Constraints:
[[54, 86], [54, 86], [54, 86], [54, 86], [54, 86], [54, 86], [54, 86], [54, 86], [54, 86], [54, 86], [54, 86], [54, 86], [54, 86], [54, 86], [54, 86], [54, 86], [54, 86]]
Prices:
[0.86298, 0.86298, 0.86298, 0.86298, 0.86298, 0.86298, 0.86298, 0.86298, 0.86298, 0.86298, 0.86298, 0.86298, 0.86298, 0.86298, 0.86298, 0.86298, 0.86298, 0.86298, 0.86298, 0.86298, 0.86298, 0.86298, 0.86298, 0.86298, 0.86298, 0.86298, 0.86298, 0.86298, 0.86298, 0.86298, 0.86298, 0.86298, 0.86298, 0.86298, 0.86298, 0.86298, 0.86298, 0.86298, 0.86298, 0.86298, 0.86298, 0.86298, 0.86298, 0.86298, 0.86298, 0.86298, 0.86298, 0.86298, 0.86298, 0.86298, 0.86298, 0.86298, 0.86298, 0.86298, 0.86298, 0.86298, 0.86298, 0.86298, 0.86298, 0.86298, 0.86298, 0.86298, 0.86298, 0.86298, 0.86298, 0.23933, 0.23933, 0.23933, 0.23933]
Occ Predictions:
[0, 0, 0, 0, 0, 0, 0, 0, 0, 0, 0, 0, 0, 0, 0, 0, 0]
Setpoints:
[[54, 86], [54, 86], [54, 86], [54, 86], [54, 86], [54, 86], [54, 86], [54, 86], [54, 86], [54, 86], [54, 86], [54, 86], [54, 86], [54, 86], [54, 86], [54, 86], [54, 86]]
Time needed to calculate the shortest path:
24.7445459366


2018-07-10 22:02:35
MPC Actions: ['0', '0', '0', '0', '0', '0', '0', '0', '0', '0', '0', '0', '0', '0', '0', '0']
Temperatures following the MPC path:
[80.2, 80.275, 80.35000000000001, 80.42500000000001, 80.5, 80.575, 80.65, 80.72500000000001, 80.80000000000001, 80.875, 80.95, 81.025, 81.10000000000001, 81.15, 81.2, 81.25, 81.30000000000001]
Safety Constraints:
[[54, 86], [54, 86], [54, 86], [54, 86], [54, 86], [54, 86], [54, 86], [54, 86], [54, 86], [54, 86], [54, 86], [54, 86], [54, 86], [54, 86], [54, 86], [54, 86], [54, 86]]
Prices:
[0.86298, 0.86298, 0.86298, 0.86298, 0.86298, 0.86298, 0.86298, 0.86298, 0.86298, 0.86298, 0.86298, 0.86298, 0.86298, 0.86298, 0.86298, 0.86298, 0.86298, 0.86298, 0.86298, 0.86298, 0.86298, 0.86298, 0.86298, 0.86298, 0.86298, 0.86298, 0.86298, 0.86298, 0.86298, 0.86298, 0.86298, 0.86298, 0.86298, 0.86298, 0.86298, 0.86298, 0.86298, 0.86298, 0.86298, 0.86298, 0.86298, 0.86298, 0.86298, 0.86298, 0.86298, 0.86298, 0.86298, 0.86298, 0.86298, 0.86298, 0.86298, 0.86298, 0.86298, 0.86298, 0.86298, 0.86298, 0.86298, 0.86298, 0.86298, 0.86298, 0.23933, 0.23933, 0.23933, 0.23933, 0.23933]
Occ Predictions:
[0, 0, 0, 0, 0, 0, 0, 0, 0, 0, 0, 0, 0, 0, 0, 0, 0]
Setpoints:
[[54, 86], [54, 86], [54, 86], [54, 86], [54, 86], [54, 86], [54, 86], [54, 86], [54, 86], [54, 86], [54, 86], [54, 86], [54, 86], [54, 86], [54, 86], [54, 86], [54, 86]]
Time needed to calculate the shortest path:
26.3659980297


2018-07-10 22:04:09
MPC Actions: ['0', '0', '0', '0', '0', '0', '0', '0', '0', '0', '0', '0', '0', '0', '0', '0']
Temperatures following the MPC path:
[80.2, 80.275, 80.35000000000001, 80.42500000000001, 80.5, 80.575, 80.65, 80.72500000000001, 80.80000000000001, 80.875, 80.95, 81.025, 81.10000000000001, 81.15, 81.2, 81.25, 81.30000000000001]
Safety Constraints:
[[54, 86], [54, 86], [54, 86], [54, 86], [54, 86], [54, 86], [54, 86], [54, 86], [54, 86], [54, 86], [54, 86], [54, 86], [54, 86], [54, 86], [54, 86], [54, 86], [54, 86]]
Prices:
[0.86298, 0.86298, 0.86298, 0.86298, 0.86298, 0.86298, 0.86298, 0.86298, 0.86298, 0.86298, 0.86298, 0.86298, 0.86298, 0.86298, 0.86298, 0.86298, 0.86298, 0.86298, 0.86298, 0.86298, 0.86298, 0.86298, 0.86298, 0.86298, 0.86298, 0.86298, 0.86298, 0.86298, 0.86298, 0.86298, 0.86298, 0.86298, 0.86298, 0.86298, 0.86298, 0.86298, 0.86298, 0.86298, 0.86298, 0.86298, 0.86298, 0.86298, 0.86298, 0.86298, 0.86298, 0.86298, 0.86298, 0.86298, 0.86298, 0.86298, 0.86298, 0.86298, 0.86298, 0.86298, 0.86298, 0.86298, 0.86298, 0.86298, 0.86298, 0.86298, 0.23933, 0.23933, 0.23933, 0.23933, 0.23933]
Occ Predictions:
[0, 0, 0, 0, 0, 0, 0, 0, 0, 0, 0, 0, 0, 0, 0, 0, 0]
Setpoints:
[[54, 86], [54, 86], [54, 86], [54, 86], [54, 86], [54, 86], [54, 86], [54, 86], [54, 86], [54, 86], [54, 86], [54, 86], [54, 86], [54, 86], [54, 86], [54, 86], [54, 86]]
Time needed to calculate the shortest path:
119.541650057


2018-07-10 22:19:09
MPC Actions: ['0', '0', '0', '0', '0', '0', '0', '0', '0', '0', '0', '0', '0', '0', '0', '0']
Temperatures following the MPC path:
[80.4, 80.47500000000001, 80.55000000000001, 80.625, 80.7, 80.775, 80.85000000000001, 80.92500000000001, 81.0, 81.075, 81.15, 81.2, 81.25, 81.30000000000001, 81.35000000000001, 81.4, 81.42500000000001]
Safety Constraints:
[[54, 86], [54, 86], [54, 86], [54, 86], [54, 86], [54, 86], [54, 86], [54, 86], [54, 86], [54, 86], [54, 86], [54, 86], [54, 86], [54, 86], [54, 86], [54, 86], [54, 86]]
Prices:
[0.86298, 0.86298, 0.86298, 0.86298, 0.86298, 0.86298, 0.86298, 0.86298, 0.86298, 0.86298, 0.86298, 0.86298, 0.86298, 0.86298, 0.86298, 0.86298, 0.86298, 0.86298, 0.86298, 0.86298, 0.86298, 0.86298, 0.86298, 0.86298, 0.86298, 0.86298, 0.86298, 0.86298, 0.86298, 0.86298, 0.86298, 0.86298, 0.86298, 0.86298, 0.86298, 0.86298, 0.86298, 0.86298, 0.86298, 0.86298, 0.86298, 0.86298, 0.86298, 0.86298, 0.86298, 0.86298, 0.86298, 0.86298, 0.86298, 0.86298, 0.86298, 0.86298, 0.86298, 0.86298, 0.86298, 0.23933, 0.23933, 0.23933, 0.23933, 0.23933, 0.23933]
Occ Predictions:
[0, 0, 0, 0, 0, 0, 0, 0, 0, 0, 0, 0, 0, 0, 0, 0, 0]
Setpoints:
[[54, 86], [54, 86], [54, 86], [54, 86], [54, 86], [54, 86], [54, 86], [54, 86], [54, 86], [54, 86], [54, 86], [54, 86], [54, 86], [54, 86], [54, 86], [54, 86], [54, 86]]
Time needed to calculate the shortest path:
110.041681051


2018-07-10 22:34:09
MPC Actions: ['0', '0', '0', '0', '0', '0', '0', '0', '0', '0', '0', '0', '0', '0', '0', '0']
Temperatures following the MPC path:
[80.5, 80.575, 80.65, 80.72500000000001, 80.80000000000001, 80.875, 80.95, 81.025, 81.10000000000001, 81.17500000000001, 81.25, 81.30000000000001, 81.35000000000001, 81.4, 81.45, 81.47500000000001, 81.5]
Safety Constraints:
[[54, 86], [54, 86], [54, 86], [54, 86], [54, 86], [54, 86], [54, 86], [54, 86], [54, 86], [54, 86], [54, 86], [54, 86], [54, 86], [54, 86], [54, 86], [54, 86], [54, 86]]
Prices:
[0.86298, 0.86298, 0.86298, 0.86298, 0.86298, 0.86298, 0.86298, 0.86298, 0.86298, 0.86298, 0.86298, 0.86298, 0.86298, 0.86298, 0.86298, 0.86298, 0.86298, 0.86298, 0.86298, 0.86298, 0.86298, 0.86298, 0.86298, 0.86298, 0.86298, 0.86298, 0.86298, 0.86298, 0.86298, 0.86298, 0.86298, 0.86298, 0.86298, 0.86298, 0.86298, 0.86298, 0.86298, 0.86298, 0.86298, 0.86298, 0.86298, 0.86298, 0.86298, 0.86298, 0.86298, 0.86298, 0.86298, 0.86298, 0.86298, 0.86298, 0.23933, 0.23933, 0.23933, 0.23933, 0.23933, 0.23933, 0.23933]
Occ Predictions:
[0, 0, 0, 0, 0, 0, 0, 0, 0, 0, 0, 0, 0, 0, 0, 0, 0]
Setpoints:
[[54, 86], [54, 86], [54, 86], [54, 86], [54, 86], [54, 86], [54, 86], [54, 86], [54, 86], [54, 86], [54, 86], [54, 86], [54, 86], [54, 86], [54, 86], [54, 86], [54, 86]]
Time needed to calculate the shortest path:
104.387526035


2018-07-10 22:49:09
MPC Actions: ['0', '0', '0', '0', '0', '0', '0', '0', '0', '0', '0', '0', '0', '0', '0', '0']
Temperatures following the MPC path:
[80.6, 80.67500000000001, 80.75, 80.825, 80.9, 80.97500000000001, 81.05000000000001, 81.125, 81.2, 81.275, 81.325, 81.375, 81.42500000000001, 81.47500000000001, 81.5, 81.525, 81.55000000000001]
Safety Constraints:
[[54, 86], [54, 86], [54, 86], [54, 86], [54, 86], [54, 86], [54, 86], [54, 86], [54, 86], [54, 86], [54, 86], [54, 86], [54, 86], [54, 86], [54, 86], [54, 86], [54, 86]]
Prices:
[0.86298, 0.86298, 0.86298, 0.86298, 0.86298, 0.86298, 0.86298, 0.86298, 0.86298, 0.86298, 0.86298, 0.86298, 0.86298, 0.86298, 0.86298, 0.86298, 0.86298, 0.86298, 0.86298, 0.86298, 0.86298, 0.86298, 0.86298, 0.86298, 0.86298, 0.86298, 0.86298, 0.86298, 0.86298, 0.86298, 0.86298, 0.86298, 0.86298, 0.86298, 0.86298, 0.86298, 0.86298, 0.86298, 0.86298, 0.86298, 0.86298, 0.86298, 0.86298, 0.86298, 0.86298, 0.23933, 0.23933, 0.23933, 0.23933, 0.23933, 0.23933, 0.23933, 0.23933]
Occ Predictions:
[0, 0, 0, 0, 0, 0, 0, 0, 0, 0, 0, 0, 0, 0, 0, 0, 0]
Setpoints:
[[54, 86], [54, 86], [54, 86], [54, 86], [54, 86], [54, 86], [54, 86], [54, 86], [54, 86], [54, 86], [54, 86], [54, 86], [54, 86], [54, 86], [54, 86], [54, 86], [54, 86]]
Time needed to calculate the shortest path:
110.326792002


2018-07-10 23:04:09
MPC Actions: ['0', '0', '0', '0', '0', '0', '0', '0', '0', '0', '0', '0', '0', '0', '0', '0']
Temperatures following the MPC path:
[80.8, 80.875, 80.95, 81.025, 81.10000000000001, 81.17500000000001, 81.25, 81.325, 81.4, 81.45, 81.5, 81.55000000000001, 81.60000000000001, 81.625, 81.65, 81.67500000000001, 81.7]
Safety Constraints:
[[54, 86], [54, 86], [54, 86], [54, 86], [54, 86], [54, 86], [54, 86], [54, 86], [54, 86], [54, 86], [54, 86], [54, 86], [54, 86], [54, 86], [54, 86], [54, 86], [54, 86]]
Prices:
[0.86298, 0.86298, 0.86298, 0.86298, 0.86298, 0.86298, 0.86298, 0.86298, 0.86298, 0.86298, 0.86298, 0.86298, 0.86298, 0.86298, 0.86298, 0.86298, 0.86298, 0.86298, 0.86298, 0.86298, 0.86298, 0.86298, 0.86298, 0.86298, 0.86298, 0.86298, 0.86298, 0.86298, 0.86298, 0.86298, 0.86298, 0.86298, 0.86298, 0.86298, 0.86298, 0.86298, 0.86298, 0.86298, 0.86298, 0.86298, 0.23933, 0.23933, 0.23933, 0.23933, 0.23933, 0.23933, 0.23933, 0.23933, 0.23933]
Occ Predictions:
[0, 0, 0, 0, 0, 0, 0, 0, 0, 0, 0, 0, 0, 0, 0, 0, 0]
Setpoints:
[[54, 86], [54, 86], [54, 86], [54, 86], [54, 86], [54, 86], [54, 86], [54, 86], [54, 86], [54, 86], [54, 86], [54, 86], [54, 86], [54, 86], [54, 86], [54, 86], [54, 86]]
Time needed to calculate the shortest path:
109.837655067


2018-07-10 23:19:09
MPC Actions: ['0', '0', '0', '0', '0', '0', '0', '0', '0', '0', '0', '0', '0', '0', '0', '0']
Temperatures following the MPC path:
[80.8, 80.875, 80.95, 81.025, 81.10000000000001, 81.17500000000001, 81.25, 81.325, 81.375, 81.42500000000001, 81.47500000000001, 81.525, 81.55000000000001, 81.575, 81.60000000000001, 81.625, 81.625]
Safety Constraints:
[[54, 86], [54, 86], [54, 86], [54, 86], [54, 86], [54, 86], [54, 86], [54, 86], [54, 86], [54, 86], [54, 86], [54, 86], [54, 86], [54, 86], [54, 86], [54, 86], [54, 86]]
Prices:
[0.86298, 0.86298, 0.86298, 0.86298, 0.86298, 0.86298, 0.86298, 0.86298, 0.86298, 0.86298, 0.86298, 0.86298, 0.86298, 0.86298, 0.86298, 0.86298, 0.86298, 0.86298, 0.86298, 0.86298, 0.86298, 0.86298, 0.86298, 0.86298, 0.86298, 0.86298, 0.86298, 0.86298, 0.86298, 0.86298, 0.86298, 0.86298, 0.86298, 0.86298, 0.86298, 0.23933, 0.23933, 0.23933, 0.23933, 0.23933, 0.23933, 0.23933, 0.23933, 0.23933, 0.23933]
Occ Predictions:
[0, 0, 0, 0, 0, 0, 0, 0, 0, 0, 0, 0, 0, 0, 0, 0, 0]
Setpoints:
[[54, 86], [54, 86], [54, 86], [54, 86], [54, 86], [54, 86], [54, 86], [54, 86], [54, 86], [54, 86], [54, 86], [54, 86], [54, 86], [54, 86], [54, 86], [54, 86], [54, 86]]
Time needed to calculate the shortest path:
113.92633605


2018-07-10 23:34:09
MPC Actions: ['0', '0', '0', '0', '0', '0', '0', '0', '0', '0', '0', '0', '0', '0', '0', '0']
Temperatures following the MPC path:
[80.9, 80.97500000000001, 81.05000000000001, 81.125, 81.2, 81.275, 81.35000000000001, 81.4, 81.45, 81.5, 81.55000000000001, 81.575, 81.60000000000001, 81.625, 81.65, 81.65, 81.65]
Safety Constraints:
[[54, 86], [54, 86], [54, 86], [54, 86], [54, 86], [54, 86], [54, 86], [54, 86], [54, 86], [54, 86], [54, 86], [54, 86], [54, 86], [54, 86], [54, 86], [54, 86], [54, 86]]
Prices:
[0.86298, 0.86298, 0.86298, 0.86298, 0.86298, 0.86298, 0.86298, 0.86298, 0.86298, 0.86298, 0.86298, 0.86298, 0.86298, 0.86298, 0.86298, 0.86298, 0.86298, 0.86298, 0.86298, 0.86298, 0.86298, 0.86298, 0.86298, 0.86298, 0.86298, 0.86298, 0.86298, 0.86298, 0.86298, 0.86298, 0.23933, 0.23933, 0.23933, 0.23933, 0.23933, 0.23933, 0.23933, 0.23933, 0.23933, 0.23933, 0.23933]
Occ Predictions:
[0, 0, 0, 0, 0, 0, 0, 0, 0, 0, 0, 0, 0, 0, 0, 0, 0]
Setpoints:
[[54, 86], [54, 86], [54, 86], [54, 86], [54, 86], [54, 86], [54, 86], [54, 86], [54, 86], [54, 86], [54, 86], [54, 86], [54, 86], [54, 86], [54, 86], [54, 86], [54, 86]]
Time needed to calculate the shortest path:
104.533339977


2018-07-10 23:49:09
MPC Actions: ['0', '0', '0', '0', '0', '0', '0', '0', '0', '0', '0', '0', '0', '0', '0', '0']
Temperatures following the MPC path:
[81.1, 81.17500000000001, 81.25, 81.325, 81.4, 81.45, 81.5, 81.55000000000001, 81.60000000000001, 81.65, 81.67500000000001, 81.7, 81.72500000000001, 81.75, 81.75, 81.75, 81.75]
Safety Constraints:
[[54, 86], [54, 86], [54, 86], [54, 86], [54, 86], [54, 86], [54, 86], [54, 86], [54, 86], [54, 86], [54, 86], [54, 86], [54, 86], [54, 86], [54, 86], [54, 86], [54, 86]]
Prices:
[0.86298, 0.86298, 0.86298, 0.86298, 0.86298, 0.86298, 0.86298, 0.86298, 0.86298, 0.86298, 0.86298, 0.86298, 0.86298, 0.86298, 0.86298, 0.86298, 0.86298, 0.86298, 0.86298, 0.86298, 0.86298, 0.86298, 0.86298, 0.86298, 0.86298, 0.23933, 0.23933, 0.23933, 0.23933, 0.23933, 0.23933, 0.23933, 0.23933, 0.23933, 0.23933, 0.23933, 0.23933]
Occ Predictions:
[0, 0, 0, 0, 0, 0, 0, 0, 0, 0, 0, 0, 0, 0, 0, 0, 0]
Setpoints:
[[54, 86], [54, 86], [54, 86], [54, 86], [54, 86], [54, 86], [54, 86], [54, 86], [54, 86], [54, 86], [54, 86], [54, 86], [54, 86], [54, 86], [54, 86], [54, 86], [54, 86]]
Time needed to calculate the shortest path:
104.175307035


2018-07-11 00:04:09
MPC Actions: ['0', '0', '0', '0', '0', '0', '0', '0', '0', '0', '0', '0', '0', '0', '0', '0']
Temperatures following the MPC path:
[81.2, 81.275, 81.35000000000001, 81.42500000000001, 81.47500000000001, 81.525, 81.575, 81.625, 81.67500000000001, 81.7, 81.72500000000001, 81.75, 81.775, 81.775, 81.775, 81.775, 81.775]
Safety Constraints:
[[54, 86], [54, 86], [54, 86], [54, 86], [54, 86], [54, 86], [54, 86], [54, 86], [54, 86], [54, 86], [54, 86], [54, 86], [54, 86], [54, 86], [54, 86], [54, 86], [54, 86]]
Prices:
[0.86298, 0.86298, 0.86298, 0.86298, 0.86298, 0.86298, 0.86298, 0.86298, 0.86298, 0.86298, 0.86298, 0.86298, 0.86298, 0.86298, 0.86298, 0.86298, 0.86298, 0.86298, 0.86298, 0.86298, 0.23933, 0.23933, 0.23933, 0.23933, 0.23933, 0.23933, 0.23933, 0.23933, 0.23933, 0.23933, 0.23933, 0.23933, 0.23933]
Occ Predictions:
[0, 0, 0, 0, 0, 0, 0, 0, 0, 0, 0, 0, 0, 0, 0, 0, 0]
Setpoints:
[[54, 86], [54, 86], [54, 86], [54, 86], [54, 86], [54, 86], [54, 86], [54, 86], [54, 86], [54, 86], [54, 86], [54, 86], [54, 86], [54, 86], [54, 86], [54, 86], [54, 86]]
Time needed to calculate the shortest path:
106.20034194


2018-07-11 00:19:09
MPC Actions: ['0', '0', '0', '0', '0', '0', '0', '0', '0', '0', '0', '0', '0', '0', '0', '0']
Temperatures following the MPC path:
[81.2, 81.275, 81.35000000000001, 81.42500000000001, 81.47500000000001, 81.525, 81.575, 81.625, 81.65, 81.67500000000001, 81.7, 81.72500000000001, 81.72500000000001, 81.72500000000001, 81.72500000000001, 81.72500000000001, 81.7]
Safety Constraints:
[[54, 86], [54, 86], [54, 86], [54, 86], [54, 86], [54, 86], [54, 86], [54, 86], [54, 86], [54, 86], [54, 86], [54, 86], [54, 86], [54, 86], [54, 86], [54, 86], [54, 86]]
Prices:
[0.86298, 0.86298, 0.86298, 0.86298, 0.86298, 0.86298, 0.86298, 0.86298, 0.86298, 0.86298, 0.86298, 0.86298, 0.86298, 0.86298, 0.86298, 0.23933, 0.23933, 0.23933, 0.23933, 0.23933, 0.23933, 0.23933, 0.23933, 0.23933, 0.23933, 0.23933, 0.23933, 0.23933, 0.23933]
Occ Predictions:
[0, 0, 0, 0, 0, 0, 0, 0, 0, 0, 0, 0, 0, 0, 0, 0, 0]
Setpoints:
[[54, 86], [54, 86], [54, 86], [54, 86], [54, 86], [54, 86], [54, 86], [54, 86], [54, 86], [54, 86], [54, 86], [54, 86], [54, 86], [54, 86], [54, 86], [54, 86], [54, 86]]
Time needed to calculate the shortest path:
104.162284851


2018-07-11 00:34:09
MPC Actions: ['0', '0', '0', '0', '0', '0', '0', '0', '0', '0', '0', '0', '0', '0', '0', '0']
Temperatures following the MPC path:
[81.2, 81.275, 81.325, 81.375, 81.42500000000001, 81.47500000000001, 81.525, 81.55000000000001, 81.575, 81.60000000000001, 81.625, 81.625, 81.625, 81.625, 81.625, 81.60000000000001, 81.575]
Safety Constraints:
[[54, 86], [54, 86], [54, 86], [54, 86], [54, 86], [54, 86], [54, 86], [54, 86], [54, 86], [54, 86], [54, 86], [54, 86], [54, 86], [54, 86], [54, 86], [54, 86], [54, 86]]
Prices:
[0.86298, 0.86298, 0.86298, 0.86298, 0.86298, 0.86298, 0.86298, 0.86298, 0.86298, 0.86298, 0.23933, 0.23933, 0.23933, 0.23933, 0.23933, 0.23933, 0.23933, 0.23933, 0.23933, 0.23933, 0.23933, 0.23933, 0.23933, 0.23933, 0.21197]
Occ Predictions:
[0, 0, 0, 0, 0, 0, 0, 0, 0, 0, 0, 0, 0, 0, 0, 0, 0]
Setpoints:
[[54, 86], [54, 86], [54, 86], [54, 86], [54, 86], [54, 86], [54, 86], [54, 86], [54, 86], [54, 86], [54, 86], [54, 86], [54, 86], [54, 86], [54, 86], [54, 86], [54, 86]]
Time needed to calculate the shortest path:
97.7565000057


2018-07-11 00:49:09
MPC Actions: ['0', '0', '0', '0', '0', '0', '0', '0', '0', '0', '0', '0', '0', '0', '0', '0']
Temperatures following the MPC path:
[81.2, 81.275, 81.325, 81.375, 81.42500000000001, 81.47500000000001, 81.5, 81.525, 81.55000000000001, 81.575, 81.575, 81.575, 81.575, 81.575, 81.55000000000001, 81.525, 81.5]
Safety Constraints:
[[54, 86], [54, 86], [54, 86], [54, 86], [54, 86], [54, 86], [54, 86], [54, 86], [54, 86], [54, 86], [54, 86], [54, 86], [54, 86], [54, 86], [54, 86], [54, 86], [54, 86]]
Prices:
[0.86298, 0.86298, 0.86298, 0.86298, 0.86298, 0.23933, 0.23933, 0.23933, 0.23933, 0.23933, 0.23933, 0.23933, 0.23933, 0.23933, 0.23933, 0.23933, 0.23933, 0.23933, 0.23933, 0.21197, 0.21197]
Occ Predictions:
[0, 0, 0, 0, 0, 0, 0, 0, 0, 0, 0, 0, 0, 0, 0, 0, 0]
Setpoints:
[[54, 86], [54, 86], [54, 86], [54, 86], [54, 86], [54, 86], [54, 86], [54, 86], [54, 86], [54, 86], [54, 86], [54, 86], [54, 86], [54, 86], [54, 86], [54, 86], [54, 86]]
Time needed to calculate the shortest path:
101.540087938


2018-07-11 01:04:09
MPC Actions: ['0', '0', '0', '0', '0', '0', '0', '0', '0', '0', '0', '0', '0', '0', '0', '0']
Temperatures following the MPC path:
[81.2, 81.25, 81.30000000000001, 81.35000000000001, 81.4, 81.42500000000001, 81.45, 81.47500000000001, 81.5, 81.5, 81.5, 81.5, 81.5, 81.47500000000001, 81.45, 81.42500000000001, 81.4]
Safety Constraints:
[[54, 86], [54, 86], [54, 86], [54, 86], [54, 86], [54, 86], [54, 86], [54, 86], [54, 86], [54, 86], [54, 86], [54, 86], [54, 86], [54, 86], [54, 86], [54, 86], [54, 86]]
Prices:
[0.23933, 0.23933, 0.23933, 0.23933, 0.23933, 0.23933, 0.23933, 0.23933, 0.23933, 0.23933, 0.23933, 0.23933, 0.23933, 0.23933, 0.21197, 0.21197, 0.21197]
Occ Predictions:
[0, 0, 0, 0, 0, 0, 0, 0, 0, 0, 0, 0, 0, 0, 0, 0, 0]
Setpoints:
[[54, 86], [54, 86], [54, 86], [54, 86], [54, 86], [54, 86], [54, 86], [54, 86], [54, 86], [54, 86], [54, 86], [54, 86], [54, 86], [54, 86], [54, 86], [54, 86], [54, 86]]
Time needed to calculate the shortest path:
93.0419781208


2018-07-11 01:19:09
MPC Actions: ['0', '0', '0', '0', '0', '0', '0', '0', '0', '0', '0', '0', '0', '0', '0', '0']
Temperatures following the MPC path:
[81.2, 81.25, 81.30000000000001, 81.35000000000001, 81.375, 81.4, 81.42500000000001, 81.45, 81.45, 81.45, 81.45, 81.45, 81.42500000000001, 81.4, 81.375, 81.35000000000001, 81.30000000000001]
Safety Constraints:
[[54, 86], [54, 86], [54, 86], [54, 86], [54, 86], [54, 86], [54, 86], [54, 86], [54, 86], [54, 86], [54, 86], [54, 86], [54, 86], [54, 86], [54, 86], [54, 86], [54, 86]]
Prices:
[0.23933, 0.23933, 0.23933, 0.23933, 0.23933, 0.23933, 0.23933, 0.23933, 0.23933, 0.23933, 0.23933, 0.23933, 0.23933, 0.21197, 0.21197, 0.21197, 0.21197]
Occ Predictions:
[0, 0, 0, 0, 0, 0, 0, 0, 0, 0, 0, 0, 0, 0, 0, 0, 0]
Setpoints:
[[54, 86], [54, 86], [54, 86], [54, 86], [54, 86], [54, 86], [54, 86], [54, 86], [54, 86], [54, 86], [54, 86], [54, 86], [54, 86], [54, 86], [54, 86], [54, 86], [54, 86]]
Time needed to calculate the shortest path:
85.2683730125


2018-07-11 01:34:09
MPC Actions: ['0', '0', '0', '0', '0', '0', '0', '0', '0', '0', '0', '0', '0', '0', '0', '0']
Temperatures following the MPC path:
[81.1, 81.125, 81.15, 81.17500000000001, 81.2, 81.22500000000001, 81.22500000000001, 81.22500000000001, 81.22500000000001, 81.22500000000001, 81.22500000000001, 81.2, 81.17500000000001, 81.15, 81.125, 81.075, 81.025]
Safety Constraints:
[[54, 86], [54, 86], [54, 86], [54, 86], [54, 86], [54, 86], [54, 86], [54, 86], [54, 86], [54, 86], [54, 86], [54, 86], [54, 86], [54, 86], [54, 86], [54, 86], [54, 86]]
Prices:
[0.23933, 0.23933, 0.23933, 0.23933, 0.23933, 0.23933, 0.23933, 0.23933, 0.23933, 0.23933, 0.23933, 0.23933, 0.21197, 0.21197, 0.21197, 0.21197, 0.21197]
Occ Predictions:
[0, 0, 0, 0, 0, 0, 0, 0, 0, 0, 0, 0, 0, 0, 0, 0, 0]
Setpoints:
[[54, 86], [54, 86], [54, 86], [54, 86], [54, 86], [54, 86], [54, 86], [54, 86], [54, 86], [54, 86], [54, 86], [54, 86], [54, 86], [54, 86], [54, 86], [54, 86], [54, 86]]
Time needed to calculate the shortest path:
83.2241818905


2018-07-11 01:49:09
MPC Actions: ['0', '0', '0', '0', '0', '0', '0', '0', '0', '0', '0', '0', '0', '0', '0', '0']
Temperatures following the MPC path:
[80.9, 80.95, 80.97500000000001, 81.0, 81.025, 81.05000000000001, 81.05000000000001, 81.05000000000001, 81.05000000000001, 81.05000000000001, 81.025, 81.0, 80.97500000000001, 80.95, 80.9, 80.85000000000001, 80.80000000000001]
Safety Constraints:
[[54, 86], [54, 86], [54, 86], [54, 86], [54, 86], [54, 86], [54, 86], [54, 86], [54, 86], [54, 86], [54, 86], [54, 86], [54, 86], [54, 86], [54, 86], [54, 86], [54, 86]]
Prices:
[0.23933, 0.23933, 0.23933, 0.23933, 0.23933, 0.23933, 0.23933, 0.23933, 0.23933, 0.23933, 0.23933, 0.21197, 0.21197, 0.21197, 0.21197, 0.21197, 0.21197]
Occ Predictions:
[0, 0, 0, 0, 0, 0, 0, 0, 0, 0, 0, 0, 0, 0, 0, 0, 0]
Setpoints:
[[54, 86], [54, 86], [54, 86], [54, 86], [54, 86], [54, 86], [54, 86], [54, 86], [54, 86], [54, 86], [54, 86], [54, 86], [54, 86], [54, 86], [54, 86], [54, 86], [54, 86]]
Time needed to calculate the shortest path:
88.977905035


2018-07-11 02:04:09
MPC Actions: ['0', '0', '0', '0', '0', '0', '0', '0', '0', '0', '0', '0', '0', '0', '0', '0']
Temperatures following the MPC path:
[80.9, 80.92500000000001, 80.95, 80.97500000000001, 81.0, 81.0, 81.0, 81.0, 81.0, 80.97500000000001, 80.95, 80.92500000000001, 80.9, 80.85000000000001, 80.80000000000001, 80.75, 80.7]
Safety Constraints:
[[54, 86], [54, 86], [54, 86], [54, 86], [54, 86], [54, 86], [54, 86], [54, 86], [54, 86], [54, 86], [54, 86], [54, 86], [54, 86], [54, 86], [54, 86], [54, 86], [54, 86]]
Prices:
[0.23933, 0.23933, 0.23933, 0.23933, 0.23933, 0.23933, 0.23933, 0.23933, 0.23933, 0.23933, 0.21197, 0.21197, 0.21197, 0.21197, 0.21197, 0.21197, 0.21197]
Occ Predictions:
[0, 0, 0, 0, 0, 0, 0, 0, 0, 0, 0, 0, 0, 0, 0, 0, 0]
Setpoints:
[[54, 86], [54, 86], [54, 86], [54, 86], [54, 86], [54, 86], [54, 86], [54, 86], [54, 86], [54, 86], [54, 86], [54, 86], [54, 86], [54, 86], [54, 86], [54, 86], [54, 86]]
Time needed to calculate the shortest path:
82.7853012085


2018-07-11 02:19:09
MPC Actions: ['0', '0', '0', '0', '0', '0', '0', '0', '0', '0', '0', '0', '0', '0', '0', '0']
Temperatures following the MPC path:
[80.9, 80.92500000000001, 80.95, 80.97500000000001, 80.97500000000001, 80.97500000000001, 80.97500000000001, 80.97500000000001, 80.95, 80.92500000000001, 80.9, 80.875, 80.825, 80.775, 80.72500000000001, 80.67500000000001, 80.625]
Safety Constraints:
[[54, 86], [54, 86], [54, 86], [54, 86], [54, 86], [54, 86], [54, 86], [54, 86], [54, 86], [54, 86], [54, 86], [54, 86], [54, 86], [54, 86], [54, 86], [54, 86], [54, 86]]
Prices:
[0.23933, 0.23933, 0.23933, 0.23933, 0.23933, 0.23933, 0.23933, 0.23933, 0.23933, 0.21197, 0.21197, 0.21197, 0.21197, 0.21197, 0.21197, 0.21197, 0.21197]
Occ Predictions:
[0, 0, 0, 0, 0, 0, 0, 0, 0, 0, 0, 0, 0, 0, 0, 0, 0]
Setpoints:
[[54, 86], [54, 86], [54, 86], [54, 86], [54, 86], [54, 86], [54, 86], [54, 86], [54, 86], [54, 86], [54, 86], [54, 86], [54, 86], [54, 86], [54, 86], [54, 86], [54, 86]]
Time needed to calculate the shortest path:
80.5629529953


2018-07-11 02:34:10
MPC Actions: ['0', '0', '0', '0', '0', '0', '0', '0', '0', '0', '0', '0', '0', '0', '0', '0']
Temperatures following the MPC path:
[80.9, 80.92500000000001, 80.95, 80.95, 80.95, 80.95, 80.95, 80.92500000000001, 80.9, 80.875, 80.85000000000001, 80.80000000000001, 80.75, 80.7, 80.65, 80.60000000000001, 80.55000000000001]
Safety Constraints:
[[54, 86], [54, 86], [54, 86], [54, 86], [54, 86], [54, 86], [54, 86], [54, 86], [54, 86], [54, 86], [54, 86], [54, 86], [54, 86], [54, 86], [54, 86], [54, 86], [54, 86]]
Prices:
[0.23933, 0.23933, 0.23933, 0.23933, 0.23933, 0.23933, 0.23933, 0.23933, 0.21197, 0.21197, 0.21197, 0.21197, 0.21197, 0.21197, 0.21197, 0.21197, 0.21197]
Occ Predictions:
[0, 0, 0, 0, 0, 0, 0, 0, 0, 0, 0, 0, 0, 0, 0, 0, 0]
Setpoints:
[[54, 86], [54, 86], [54, 86], [54, 86], [54, 86], [54, 86], [54, 86], [54, 86], [54, 86], [54, 86], [54, 86], [54, 86], [54, 86], [54, 86], [54, 86], [54, 86], [54, 86]]
Time needed to calculate the shortest path:
81.5223839283


2018-07-11 02:49:09
MPC Actions: ['0', '0', '0', '0', '0', '0', '0', '0', '0', '0', '0', '0', '0', '0', '0', '0']
Temperatures following the MPC path:
[80.8, 80.825, 80.825, 80.825, 80.825, 80.825, 80.80000000000001, 80.775, 80.75, 80.72500000000001, 80.67500000000001, 80.625, 80.575, 80.525, 80.47500000000001, 80.42500000000001, 80.375]
Safety Constraints:
[[54, 86], [54, 86], [54, 86], [54, 86], [54, 86], [54, 86], [54, 86], [54, 86], [54, 86], [54, 86], [54, 86], [54, 86], [54, 86], [54, 86], [54, 86], [54, 86], [54, 86]]
Prices:
[0.23933, 0.23933, 0.23933, 0.23933, 0.23933, 0.23933, 0.23933, 0.21197, 0.21197, 0.21197, 0.21197, 0.21197, 0.21197, 0.21197, 0.21197, 0.21197, 0.21197]
Occ Predictions:
[0, 0, 0, 0, 0, 0, 0, 0, 0, 0, 0, 0, 0, 0, 0, 0, 0]
Setpoints:
[[54, 86], [54, 86], [54, 86], [54, 86], [54, 86], [54, 86], [54, 86], [54, 86], [54, 86], [54, 86], [54, 86], [54, 86], [54, 86], [54, 86], [54, 86], [54, 86], [54, 86]]
Time needed to calculate the shortest path:
81.4537470341


2018-07-11 03:04:10
MPC Actions: ['0', '0', '0', '0', '0', '0', '0', '0', '0', '0', '0', '0', '0', '0', '0', '0']
Temperatures following the MPC path:
[80.7, 80.7, 80.7, 80.7, 80.7, 80.67500000000001, 80.65, 80.625, 80.60000000000001, 80.55000000000001, 80.5, 80.45, 80.4, 80.35000000000001, 80.30000000000001, 80.25, 80.2]
Safety Constraints:
[[54, 86], [54, 86], [54, 86], [54, 86], [54, 86], [54, 86], [54, 86], [54, 86], [54, 86], [54, 86], [54, 86], [54, 86], [54, 86], [54, 86], [54, 86], [54, 86], [54, 86]]
Prices:
[0.23933, 0.23933, 0.23933, 0.23933, 0.23933, 0.23933, 0.21197, 0.21197, 0.21197, 0.21197, 0.21197, 0.21197, 0.21197, 0.21197, 0.21197, 0.21197, 0.21197]
Occ Predictions:
[0, 0, 0, 0, 0, 0, 0, 0, 0, 0, 0, 0, 0, 0, 0, 0, 0]
Setpoints:
[[54, 86], [54, 86], [54, 86], [54, 86], [54, 86], [54, 86], [54, 86], [54, 86], [54, 86], [54, 86], [54, 86], [54, 86], [54, 86], [54, 86], [54, 86], [54, 86], [54, 86]]
Time needed to calculate the shortest path:
76.98082304


2018-07-11 03:19:09
MPC Actions: ['0', '0', '0', '0', '0', '0', '0', '0', '0', '0', '0', '0', '0', '0', '0', '0']
Temperatures following the MPC path:
[80.6, 80.60000000000001, 80.60000000000001, 80.60000000000001, 80.575, 80.55000000000001, 80.525, 80.5, 80.45, 80.4, 80.35000000000001, 80.30000000000001, 80.25, 80.2, 80.15, 80.10000000000001, 80.025]
Safety Constraints:
[[54, 86], [54, 86], [54, 86], [54, 86], [54, 86], [54, 86], [54, 86], [54, 86], [54, 86], [54, 86], [54, 86], [54, 86], [54, 86], [54, 86], [54, 86], [54, 86], [54, 86]]
Prices:
[0.23933, 0.23933, 0.23933, 0.23933, 0.23933, 0.21197, 0.21197, 0.21197, 0.21197, 0.21197, 0.21197, 0.21197, 0.21197, 0.21197, 0.21197, 0.21197, 0.21197]
Occ Predictions:
[0, 0, 0, 0, 0, 0, 0, 0, 0, 0, 0, 0, 0, 0, 0, 0, 0]
Setpoints:
[[54, 86], [54, 86], [54, 86], [54, 86], [54, 86], [54, 86], [54, 86], [54, 86], [54, 86], [54, 86], [54, 86], [54, 86], [54, 86], [54, 86], [54, 86], [54, 86], [54, 86]]
Time needed to calculate the shortest path:
76.1416950226


2018-07-11 03:34:09
MPC Actions: ['0', '0', '0', '0', '0', '0', '0', '0', '0', '0', '0', '0', '0', '0', '0', '0']
Temperatures following the MPC path:
[80.3, 80.30000000000001, 80.30000000000001, 80.275, 80.25, 80.22500000000001, 80.2, 80.15, 80.10000000000001, 80.05000000000001, 80.0, 79.92500000000001, 79.85000000000001, 79.80000000000001, 79.75, 79.67500000000001, 79.60000000000001]
Safety Constraints:
[[54, 86], [54, 86], [54, 86], [54, 86], [54, 86], [54, 86], [54, 86], [54, 86], [54, 86], [54, 86], [54, 86], [54, 86], [54, 86], [54, 86], [54, 86], [54, 86], [54, 86]]
Prices:
[0.23933, 0.23933, 0.23933, 0.23933, 0.21197, 0.21197, 0.21197, 0.21197, 0.21197, 0.21197, 0.21197, 0.21197, 0.21197, 0.21197, 0.21197, 0.21197, 0.21197]
Occ Predictions:
[0, 0, 0, 0, 0, 0, 0, 0, 0, 0, 0, 0, 0, 0, 0, 0, 0]
Setpoints:
[[54, 86], [54, 86], [54, 86], [54, 86], [54, 86], [54, 86], [54, 86], [54, 86], [54, 86], [54, 86], [54, 86], [54, 86], [54, 86], [54, 86], [54, 86], [54, 86], [54, 86]]
Time needed to calculate the shortest path:
61.6947870255


2018-07-11 03:49:09
MPC Actions: ['0', '0', '0', '0', '0', '0', '0', '0', '0', '0', '0', '0', '0', '0', '0', '0']
Temperatures following the MPC path:
[79.5, 79.47500000000001, 79.42500000000001, 79.375, 79.325, 79.275, 79.2, 79.125, 79.05000000000001, 79.0, 78.92500000000001, 78.85000000000001, 78.775, 78.7, 78.625, 78.55000000000001, 78.47500000000001]
Safety Constraints:
[[54, 86], [54, 86], [54, 86], [54, 86], [54, 86], [54, 86], [54, 86], [54, 86], [54, 86], [54, 86], [54, 86], [54, 86], [54, 86], [54, 86], [54, 86], [54, 86], [54, 86]]
Prices:
[0.23933, 0.23933, 0.23933, 0.21197, 0.21197, 0.21197, 0.21197, 0.21197, 0.21197, 0.21197, 0.21197, 0.21197, 0.21197, 0.21197, 0.21197, 0.21197, 0.21197]
Occ Predictions:
[0, 0, 0, 0, 0, 0, 0, 0, 0, 0, 0, 0, 0, 0, 0, 0, 0]
Setpoints:
[[54, 86], [54, 86], [54, 86], [54, 86], [54, 86], [54, 86], [54, 86], [54, 86], [54, 86], [54, 86], [54, 86], [54, 86], [54, 86], [54, 86], [54, 86], [54, 86], [54, 86]]
Time needed to calculate the shortest path:
38.7512989044


2018-07-11 04:04:09
MPC Actions: ['0', '0', '0', '0', '0', '0', '0', '0', '0', '0', '0', '0', '0', '0', '0', '0']
Temperatures following the MPC path:
[78.9, 78.85000000000001, 78.80000000000001, 78.75, 78.7, 78.625, 78.55000000000001, 78.47500000000001, 78.4, 78.30000000000001, 78.22500000000001, 78.15, 78.075, 77.97500000000001, 77.875, 77.775, 77.67500000000001]
Safety Constraints:
[[54, 86], [54, 86], [54, 86], [54, 86], [54, 86], [54, 86], [54, 86], [54, 86], [54, 86], [54, 86], [54, 86], [54, 86], [54, 86], [54, 86], [54, 86], [54, 86], [54, 86]]
Prices:
[0.23933, 0.23933, 0.21197, 0.21197, 0.21197, 0.21197, 0.21197, 0.21197, 0.21197, 0.21197, 0.21197, 0.21197, 0.21197, 0.21197, 0.21197, 0.21197, 0.21197]
Occ Predictions:
[0, 0, 0, 0, 0, 0, 0, 0, 0, 0, 0, 0, 0, 0, 0, 0, 0]
Setpoints:
[[54, 86], [54, 86], [54, 86], [54, 86], [54, 86], [54, 86], [54, 86], [54, 86], [54, 86], [54, 86], [54, 86], [54, 86], [54, 86], [54, 86], [54, 86], [54, 86], [54, 86]]
Time needed to calculate the shortest path:
59.5724320412


2018-07-11 04:19:09
MPC Actions: ['0', '0', '0', '0', '0', '0', '0', '0', '0', '0', '0', '0', '0', '0', '0', '0']
Temperatures following the MPC path:
[78.1, 78.025, 77.95, 77.875, 77.80000000000001, 77.72500000000001, 77.65, 77.575, 77.47500000000001, 77.375, 77.275, 77.17500000000001, 77.075, 76.97500000000001, 76.875, 76.775, 76.675]
Safety Constraints:
[[54, 86], [54, 86], [54, 86], [54, 86], [54, 86], [54, 86], [54, 86], [54, 86], [54, 86], [54, 86], [54, 86], [54, 86], [54, 86], [54, 86], [54, 86], [54, 86], [54, 86]]
Prices:
[0.23933, 0.21197, 0.21197, 0.21197, 0.21197, 0.21197, 0.21197, 0.21197, 0.21197, 0.21197, 0.21197, 0.21197, 0.21197, 0.21197, 0.21197, 0.21197, 0.21197]
Occ Predictions:
[0, 0, 0, 0, 0, 0, 0, 0, 0, 0, 0, 0, 0, 0, 0, 0, 0]
Setpoints:
[[54, 86], [54, 86], [54, 86], [54, 86], [54, 86], [54, 86], [54, 86], [54, 86], [54, 86], [54, 86], [54, 86], [54, 86], [54, 86], [54, 86], [54, 86], [54, 86], [54, 86]]
Time needed to calculate the shortest path:
82.1746101379


2018-07-11 04:34:09
MPC Actions: ['0', '0', '0', '0', '0', '0', '0', '0', '0', '0', '0', '0', '0', '0', '0', '0']
Temperatures following the MPC path:
[77.7, 77.625, 77.55000000000001, 77.45, 77.375, 77.30000000000001, 77.22500000000001, 77.125, 77.025, 76.92500000000001, 76.825, 76.72500000000001, 76.625, 76.525, 76.425, 76.325, 76.22500000000001]
Safety Constraints:
[[54, 86], [54, 86], [54, 86], [54, 86], [54, 86], [54, 86], [54, 86], [54, 86], [54, 86], [54, 86], [54, 86], [54, 86], [54, 86], [54, 86], [54, 86], [54, 86], [54, 86]]
Prices:
[0.21197, 0.21197, 0.21197, 0.21197, 0.21197, 0.21197, 0.21197, 0.21197, 0.21197, 0.21197, 0.21197, 0.21197, 0.21197, 0.21197, 0.21197, 0.21197, 0.21197]
Occ Predictions:
[0, 0, 0, 0, 0, 0, 0, 0, 0, 0, 0, 0, 0, 0, 0, 0, 0]
Setpoints:
[[54, 86], [54, 86], [54, 86], [54, 86], [54, 86], [54, 86], [54, 86], [54, 86], [54, 86], [54, 86], [54, 86], [54, 86], [54, 86], [54, 86], [54, 86], [54, 86], [54, 86]]
Time needed to calculate the shortest path:
88.5312108994


2018-07-11 04:49:10
MPC Actions: ['0', '0', '0', '0', '0', '0', '0', '0', '0', '0', '0', '0', '0', '0', '0', '0']
Temperatures following the MPC path:
[77.6, 77.525, 77.45, 77.375, 77.30000000000001, 77.22500000000001, 77.125, 77.025, 76.92500000000001, 76.825, 76.72500000000001, 76.625, 76.525, 76.425, 76.325, 76.22500000000001, 76.125]
Safety Constraints:
[[54, 86], [54, 86], [54, 86], [54, 86], [54, 86], [54, 86], [54, 86], [54, 86], [54, 86], [54, 86], [54, 86], [54, 86], [54, 86], [54, 86], [54, 86], [54, 86], [54, 86]]
Prices:
[0.21197, 0.21197, 0.21197, 0.21197, 0.21197, 0.21197, 0.21197, 0.21197, 0.21197, 0.21197, 0.21197, 0.21197, 0.21197, 0.21197, 0.21197, 0.21197, 0.21197]
Occ Predictions:
[0, 0, 0, 0, 0, 0, 0, 0, 0, 0, 0, 0, 0, 0, 0, 0, 0]
Setpoints:
[[54, 86], [54, 86], [54, 86], [54, 86], [54, 86], [54, 86], [54, 86], [54, 86], [54, 86], [54, 86], [54, 86], [54, 86], [54, 86], [54, 86], [54, 86], [54, 86], [54, 86]]
Time needed to calculate the shortest path:
94.2656610012


2018-07-11 05:04:09
MPC Actions: ['0', '0', '0', '0', '0', '0', '0', '0', '0', '0', '0', '0', '0', '0', '0', '0']
Temperatures following the MPC path:
[77.1, 77.0, 76.9, 76.80000000000001, 76.72500000000001, 76.625, 76.525, 76.425, 76.325, 76.22500000000001, 76.125, 76.025, 75.925, 75.825, 75.72500000000001, 75.625, 75.525]
Safety Constraints:
[[54, 86], [54, 86], [54, 86], [54, 86], [54, 86], [54, 86], [54, 86], [54, 86], [54, 86], [54, 86], [54, 86], [54, 86], [54, 86], [54, 86], [54, 86], [54, 86], [54, 86]]
Prices:
[0.21197, 0.21197, 0.21197, 0.21197, 0.21197, 0.21197, 0.21197, 0.21197, 0.21197, 0.21197, 0.21197, 0.21197, 0.21197, 0.21197, 0.21197, 0.21197, 0.21197]
Occ Predictions:
[0, 0, 0, 0, 0, 0, 0, 0, 0, 0, 0, 0, 0, 0, 0, 0, 0]
Setpoints:
[[54, 86], [54, 86], [54, 86], [54, 86], [54, 86], [54, 86], [54, 86], [54, 86], [54, 86], [54, 86], [54, 86], [54, 86], [54, 86], [54, 86], [54, 86], [54, 86], [54, 86]]
Time needed to calculate the shortest path:
61.2964820862


2018-07-11 05:19:09
MPC Actions: ['0', '0', '0', '0', '0', '0', '0', '0', '0', '0', '0', '0', '0', '0', '0', '0']
Temperatures following the MPC path:
[76.7, 76.625, 76.55, 76.47500000000001, 76.375, 76.275, 76.175, 76.075, 75.97500000000001, 75.875, 75.775, 75.675, 75.575, 75.47500000000001, 75.375, 75.275, 75.175]
Safety Constraints:
[[54, 86], [54, 86], [54, 86], [54, 86], [54, 86], [54, 86], [54, 86], [54, 86], [54, 86], [54, 86], [54, 86], [54, 86], [54, 86], [54, 86], [54, 86], [54, 86], [54, 86]]
Prices:
[0.21197, 0.21197, 0.21197, 0.21197, 0.21197, 0.21197, 0.21197, 0.21197, 0.21197, 0.21197, 0.21197, 0.21197, 0.21197, 0.21197, 0.21197, 0.21197, 0.21197]
Occ Predictions:
[0, 0, 0, 0, 0, 0, 0, 0, 0, 0, 0, 0, 0, 0, 0, 0, 0]
Setpoints:
[[54, 86], [54, 86], [54, 86], [54, 86], [54, 86], [54, 86], [54, 86], [54, 86], [54, 86], [54, 86], [54, 86], [54, 86], [54, 86], [54, 86], [54, 86], [54, 86], [54, 86]]
Time needed to calculate the shortest path:
58.7921690941


2018-07-11 05:34:09
MPC Actions: ['0', '0', '0', '0', '0', '0', '0', '0', '0', '0', '0', '0', '0', '0', '0', '0']
Temperatures following the MPC path:
[76.4, 76.325, 76.25, 76.15, 76.05, 75.95, 75.85000000000001, 75.75, 75.65, 75.55, 75.45, 75.35000000000001, 75.25, 75.15, 75.05, 74.95, 74.85000000000001]
Safety Constraints:
[[54, 86], [54, 86], [54, 86], [54, 86], [54, 86], [54, 86], [54, 86], [54, 86], [54, 86], [54, 86], [54, 86], [54, 86], [54, 86], [54, 86], [54, 86], [54, 86], [54, 86]]
Prices:
[0.21197, 0.21197, 0.21197, 0.21197, 0.21197, 0.21197, 0.21197, 0.21197, 0.21197, 0.21197, 0.21197, 0.21197, 0.21197, 0.21197, 0.21197, 0.21197, 0.21197]
Occ Predictions:
[0, 0, 0, 0, 0, 0, 0, 0, 0, 0, 0, 0, 0, 0, 0, 0, 0]
Setpoints:
[[54, 86], [54, 86], [54, 86], [54, 86], [54, 86], [54, 86], [54, 86], [54, 86], [54, 86], [54, 86], [54, 86], [54, 86], [54, 86], [54, 86], [54, 86], [54, 86], [54, 86]]
Time needed to calculate the shortest path:
57.0810639858


2018-07-11 05:49:09
MPC Actions: ['0', '0', '0', '0', '0', '0', '0', '0', '0', '0', '0', '0', '0', '0', '0', '0']
Temperatures following the MPC path:
[76.4, 76.325, 76.22500000000001, 76.15, 76.075, 76.0, 75.9, 75.8, 75.7, 75.625, 75.525, 75.425, 75.35000000000001, 75.275, 75.175, 75.075, 75.0]
Safety Constraints:
[[54, 86], [54, 86], [54, 86], [54, 86], [54, 86], [54, 86], [54, 86], [54, 86], [54, 86], [54, 86], [54, 86], [54, 86], [54, 86], [54, 86], [54, 86], [54, 86], [54, 86]]
Prices:
[0.21197, 0.21197, 0.21197, 0.21197, 0.21197, 0.21197, 0.21197, 0.21197, 0.21197, 0.21197, 0.21197, 0.21197, 0.21197, 0.21197, 0.21197, 0.21197, 0.21197]
Occ Predictions:
[0, 0, 0, 0, 0, 0, 0, 0, 0, 0, 0, 0, 0, 0, 0, 0, 0]
Setpoints:
[[54, 86], [54, 86], [54, 86], [54, 86], [54, 86], [54, 86], [54, 86], [54, 86], [54, 86], [54, 86], [54, 86], [54, 86], [54, 86], [54, 86], [54, 86], [54, 86], [54, 86]]
Time needed to calculate the shortest path:
57.715569973


2018-07-11 06:04:09
MPC Actions: ['0', '0', '0', '0', '0', '0', '0', '0', '0', '0', '0', '0', '0', '0', '0', '0']
Temperatures following the MPC path:
[76.2, 76.125, 76.05, 75.97500000000001, 75.9, 75.8, 75.7, 75.60000000000001, 75.525, 75.425, 75.35000000000001, 75.275, 75.2, 75.10000000000001, 75.0, 74.925, 74.85000000000001]
Safety Constraints:
[[54, 86], [54, 86], [54, 86], [54, 86], [54, 86], [54, 86], [54, 86], [54, 86], [54, 86], [54, 86], [54, 86], [54, 86], [54, 86], [54, 86], [54, 86], [54, 86], [54, 86]]
Prices:
[0.21197, 0.21197, 0.21197, 0.21197, 0.21197, 0.21197, 0.21197, 0.21197, 0.21197, 0.21197, 0.21197, 0.21197, 0.21197, 0.21197, 0.21197, 0.21197, 0.21197]
Occ Predictions:
[0, 0, 0, 0, 0, 0, 0, 0, 0, 0, 0, 0, 0, 0, 0, 0, 0]
Setpoints:
[[54, 86], [54, 86], [54, 86], [54, 86], [54, 86], [54, 86], [54, 86], [54, 86], [54, 86], [54, 86], [54, 86], [54, 86], [54, 86], [54, 86], [54, 86], [54, 86], [54, 86]]
Time needed to calculate the shortest path:
54.8114249706


2018-07-11 06:19:09
MPC Actions: ['0', '0', '0', '0', '0', '0', '0', '0', '0', '0', '0', '0', '0', '0', '0', '0']
Temperatures following the MPC path:
[75.4, 75.3, 75.2, 75.10000000000001, 75.0, 74.9, 74.8, 74.7, 74.60000000000001, 74.5, 74.4, 74.3, 74.2, 74.10000000000001, 74.0, 73.9, 73.8]
Safety Constraints:
[[54, 86], [54, 86], [54, 86], [54, 86], [54, 86], [54, 86], [54, 86], [54, 86], [54, 86], [54, 86], [54, 86], [54, 86], [54, 86], [54, 86], [54, 86], [54, 86], [54, 86]]
Prices:
[0.21197, 0.21197, 0.21197, 0.21197, 0.21197, 0.21197, 0.21197, 0.21197, 0.21197, 0.21197, 0.21197, 0.21197, 0.21197, 0.21197, 0.21197, 0.21197, 0.21197]
Occ Predictions:
[0, 0, 0, 0, 0, 0, 0, 0, 0, 0, 0, 0, 0, 0, 0, 0, 0]
Setpoints:
[[54, 86], [54, 86], [54, 86], [54, 86], [54, 86], [54, 86], [54, 86], [54, 86], [54, 86], [54, 86], [54, 86], [54, 86], [54, 86], [54, 86], [54, 86], [54, 86], [54, 86]]
Time needed to calculate the shortest path:
61.2104229927
