

2018-07-09 19:10:12
MPC Actions: ['0', '0', '0', '0', '0', '0', '0', '0', '0', '0', '0', '0', '0', '0', '0', '0']
Temperatures following the MPC path:
[77.0, 77.05000000000001, 77.10000000000001, 77.15, 77.2, 77.25, 77.30000000000001, 77.35000000000001, 77.4, 77.45, 77.5, 77.55000000000001, 77.60000000000001, 77.65, 77.7, 77.75, 77.80000000000001]
Safety Constraints:
[[54.0, 86.0], [54.0, 86.0], [54.0, 86.0], [54.0, 86.0], [54.0, 86.0], [54.0, 86.0], [54.0, 86.0], [54.0, 86.0], [54.0, 86.0], [54.0, 86.0], [54.0, 86.0], [54.0, 86.0], [54.0, 86.0], [54.0, 86.0], [54.0, 86.0], [54.0, 86.0], [54.0, 86.0]]
Prices:
[0.26, 0.26, 0.26, 0.26, 0.26, 0.26, 0.26, 0.26, 0.6, 0.6, 0.6, 0.6, 0.6, 0.6, 0.6, 0.6, 0.6, 0.6, 0.6, 0.6, 0.6, 0.6, 0.6, 0.6, 0.6, 0.6, 0.6, 0.6, 0.6, 0.6, 0.6, 0.6, 0.6, 0.6, 0.6, 0.6, 0.6, 0.6, 0.6, 0.6, 0.6, 0.6, 0.6, 0.6, 0.6, 0.6, 0.6, 0.6, 0.6, 0.6, 0.6, 0.6, 0.6]
Occ Predictions:
                       0
2018-07-09 11:55:12  0.0
2018-07-09 12:10:12  0.0
2018-07-09 12:25:12  0.0
2018-07-09 12:40:12  0.0
2018-07-09 12:55:12  0.0
2018-07-09 13:10:12  0.0
2018-07-09 13:25:12  0.0
2018-07-09 13:40:12  0.0
2018-07-09 13:55:12  0.0
2018-07-09 14:10:12  0.0
2018-07-09 14:25:12  0.0
2018-07-09 14:40:12  0.0
2018-07-09 14:55:12  0.0
2018-07-09 15:10:12  0.0
2018-07-09 15:25:12  0.0
2018-07-09 15:40:12  0.0
2018-07-09 15:55:12  0.0
Setpoints:
[[74.0, 78.0], [74.0, 78.0], [74.0, 78.0], [74.0, 78.0], [74.0, 78.0], [74.0, 78.0], [74.0, 78.0], [74.0, 78.0], [74.0, 78.0], [74.0, 78.0], [74.0, 78.0], [74.0, 78.0], [74.0, 78.0], [74.0, 78.0], [74.0, 78.0], [74.0, 78.0], [74.0, 78.0]]
Time needed to calculate the shortest path:
18.994426012


2018-07-09 19:25:12
MPC Actions: ['0', '0', '0', '0', '0', '0', '0', '0', '0', '0', '0', '0', '0', '0', '0', '0']
Temperatures following the MPC path:
[76.0, 76.05, 76.10000000000001, 76.15, 76.2, 76.25, 76.3, 76.35000000000001, 76.4, 76.45, 76.5, 76.55, 76.60000000000001, 76.65, 76.7, 76.75, 76.80000000000001]
Safety Constraints:
[[54.0, 86.0], [54.0, 86.0], [54.0, 86.0], [54.0, 86.0], [54.0, 86.0], [54.0, 86.0], [54.0, 86.0], [54.0, 86.0], [54.0, 86.0], [54.0, 86.0], [54.0, 86.0], [54.0, 86.0], [54.0, 86.0], [54.0, 86.0], [54.0, 86.0], [54.0, 86.0], [54.0, 86.0]]
Prices:
[0.26, 0.26, 0.26, 0.26, 0.26, 0.26, 0.26, 0.6, 0.6, 0.6, 0.6, 0.6, 0.6, 0.6, 0.6, 0.6, 0.6, 0.6, 0.6, 0.6, 0.6, 0.6, 0.6, 0.6, 0.6, 0.6, 0.6, 0.6, 0.6, 0.6, 0.6, 0.6, 0.6, 0.6, 0.6, 0.6, 0.6, 0.6, 0.6, 0.6, 0.6, 0.6, 0.6, 0.6, 0.6, 0.6, 0.6, 0.6, 0.6, 0.6, 0.6, 0.6, 0.6, 0.6, 0.6, 0.6, 0.6]
Occ Predictions:
                       0
2018-07-09 12:10:12  0.0
2018-07-09 12:25:12  0.0
2018-07-09 12:40:12  0.0
2018-07-09 12:55:12  0.0
2018-07-09 13:10:12  0.0
2018-07-09 13:25:12  0.0
2018-07-09 13:40:12  0.0
2018-07-09 13:55:12  0.0
2018-07-09 14:10:12  0.0
2018-07-09 14:25:12  0.0
2018-07-09 14:40:12  0.0
2018-07-09 14:55:12  0.0
2018-07-09 15:10:12  0.0
2018-07-09 15:25:12  0.0
2018-07-09 15:40:12  0.0
2018-07-09 15:55:12  0.0
2018-07-09 16:10:12  0.0
Setpoints:
[[74.0, 78.0], [74.0, 78.0], [74.0, 78.0], [74.0, 78.0], [74.0, 78.0], [74.0, 78.0], [74.0, 78.0], [74.0, 78.0], [74.0, 78.0], [74.0, 78.0], [74.0, 78.0], [74.0, 78.0], [74.0, 78.0], [74.0, 78.0], [74.0, 78.0], [74.0, 78.0], [74.0, 78.0]]
Time needed to calculate the shortest path:
15.3630099297


2018-07-09 19:40:12
MPC Actions: ['0', '0', '0', '0', '0', '0', '0', '0', '0', '0', '0', '0', '0', '0', '0', '0']
Temperatures following the MPC path:
[77.0, 77.05000000000001, 77.10000000000001, 77.15, 77.2, 77.25, 77.30000000000001, 77.35000000000001, 77.4, 77.4, 77.4, 77.45, 77.5, 77.5, 77.5, 77.5, 77.5]
Safety Constraints:
[[54.0, 86.0], [54.0, 86.0], [54.0, 86.0], [54.0, 86.0], [54.0, 86.0], [54.0, 86.0], [54.0, 86.0], [54.0, 86.0], [54.0, 86.0], [54.0, 86.0], [54.0, 86.0], [54.0, 86.0], [54.0, 86.0], [54.0, 86.0], [54.0, 86.0], [54.0, 86.0], [54.0, 86.0]]
Prices:
[0.26, 0.26, 0.26, 0.26, 0.26, 0.26, 0.6, 0.6, 0.6, 0.6, 0.6, 0.6, 0.6, 0.6, 0.6, 0.6, 0.6, 0.6, 0.6, 0.6, 0.6, 0.6, 0.6, 0.6, 0.6, 0.6, 0.6, 0.6, 0.6, 0.6, 0.6, 0.6, 0.6, 0.6, 0.6, 0.6, 0.6, 0.6, 0.6, 0.6, 0.6, 0.6, 0.6, 0.6, 0.6, 0.6, 0.6, 0.6, 0.6, 0.6, 0.6, 0.6, 0.6, 0.6, 0.6, 0.6, 0.6, 0.6, 0.6, 0.6, 0.6]
Occ Predictions:
                       0
2018-07-09 12:25:12  0.0
2018-07-09 12:40:12  0.0
2018-07-09 12:55:12  0.0
2018-07-09 13:10:12  0.0
2018-07-09 13:25:12  0.0
2018-07-09 13:40:12  0.0
2018-07-09 13:55:12  0.0
2018-07-09 14:10:12  0.0
2018-07-09 14:25:12  0.0
2018-07-09 14:40:12  0.0
2018-07-09 14:55:12  0.0
2018-07-09 15:10:12  0.0
2018-07-09 15:25:12  0.0
2018-07-09 15:40:12  0.0
2018-07-09 15:55:12  0.0
2018-07-09 16:10:12  0.0
2018-07-09 16:25:12  0.0
Setpoints:
[[74.0, 78.0], [74.0, 78.0], [74.0, 78.0], [74.0, 78.0], [74.0, 78.0], [74.0, 78.0], [74.0, 78.0], [74.0, 78.0], [74.0, 78.0], [74.0, 78.0], [74.0, 78.0], [74.0, 78.0], [74.0, 78.0], [74.0, 78.0], [74.0, 78.0], [74.0, 78.0], [74.0, 78.0]]
Time needed to calculate the shortest path:
86.2211639881


2018-07-10 16:21:49
MPC Actions: ['0', '0', '0', '0', '0', '0', '0', '0', '0', '0', '0', '0', '0', '0', '0', '0']
Temperatures following the MPC path:
[77.0, 77.0, 77.0, 77.0, 77.0, 77.0, 77.0, 77.0, 77.05000000000001, 77.10000000000001, 77.15, 77.2, 77.25, 77.30000000000001, 77.35000000000001, 77.4, 77.45]
Safety Constraints:
[[54.0, 86.0], [54.0, 86.0], [54.0, 86.0], [54.0, 86.0], [54.0, 86.0], [54.0, 86.0], [54.0, 86.0], [54.0, 86.0], [54.0, 86.0], [54.0, 86.0], [54.0, 86.0], [54.0, 86.0], [54.0, 86.0], [54.0, 86.0], [54.0, 86.0], [54.0, 86.0], [54.0, 86.0]]
Prices:
[0.24, 0.24, 0.24, 0.24, 0.24, 0.24, 0.24, 0.24, 0.24, 0.24, 0.24, 0.26, 0.26, 0.26, 0.26, 0.26, 0.26]
Occ Predictions:
                       0
2018-07-10 09:06:49  0.0
2018-07-10 09:21:49  0.0
2018-07-10 09:36:49  0.0
2018-07-10 09:51:49  0.0
2018-07-10 10:06:49  0.0
2018-07-10 10:21:49  0.0
2018-07-10 10:36:49  0.2
2018-07-10 10:51:49  0.0
2018-07-10 11:06:49  0.0
2018-07-10 11:21:49  0.0
2018-07-10 11:36:49  0.0
2018-07-10 11:51:49  0.0
2018-07-10 12:06:49  0.0
2018-07-10 12:21:49  0.0
2018-07-10 12:36:49  0.0
2018-07-10 12:51:49  0.0
2018-07-10 13:06:49  0.0
Setpoints:
[[74.0, 78.0], [74.0, 78.0], [74.0, 78.0], [74.0, 78.0], [74.0, 78.0], [74.0, 78.0], [74.0, 78.0], [74.0, 78.0], [74.0, 78.0], [74.0, 78.0], [74.0, 78.0], [74.0, 78.0], [74.0, 78.0], [74.0, 78.0], [74.0, 78.0], [74.0, 78.0], [74.0, 78.0]]
Time needed to calculate the shortest path:
21.5872159004


2018-07-10 16:23:26
MPC Actions: ['0', '0', '0', '0', '0', '0', '0', '0', '0', '0', '0', '0', '0', '0', '0', '0']
Temperatures following the MPC path:
[77.0, 77.0, 77.0, 77.0, 77.05000000000001, 77.10000000000001, 77.10000000000001, 77.10000000000001, 77.15, 77.2, 77.25, 77.30000000000001, 77.35000000000001, 77.4, 77.45, 77.5, 77.55000000000001]
Safety Constraints:
[[54.0, 86.0], [54.0, 86.0], [54.0, 86.0], [54.0, 86.0], [54.0, 86.0], [54.0, 86.0], [54.0, 86.0], [54.0, 86.0], [54.0, 86.0], [54.0, 86.0], [54.0, 86.0], [54.0, 86.0], [54.0, 86.0], [54.0, 86.0], [54.0, 86.0], [54.0, 86.0], [54.0, 86.0]]
Prices:
[0.6, 0.6, 0.6, 0.6, 0.6, 0.6, 0.6, 0.6, 0.6, 0.6, 0.6, 0.6, 0.6, 0.6, 0.6, 0.6, 0.6, 0.6, 0.6, 0.6, 0.6, 0.6, 0.6, 0.6, 0.6, 0.6, 0.6, 0.6, 0.6, 0.6, 0.6, 0.6, 0.6, 0.6, 0.6, 0.6, 0.6, 0.6, 0.6, 0.6, 0.6, 0.6, 0.6, 0.6, 0.6, 0.6, 0.6, 0.6, 0.6, 0.6, 0.6, 0.6, 0.6, 0.6, 0.6, 0.6, 0.6, 0.6, 0.6, 0.6, 0.6, 0.6, 0.6, 0.6, 0.6, 0.6, 0.6, 0.6, 0.6, 0.6, 0.6, 0.6, 0.6, 0.6, 0.6, 0.6, 0.6, 0.6, 0.6, 0.6, 0.6, 0.6, 0.6, 0.6, 0.6]
Occ Predictions:
                       0
2018-07-10 09:08:26  0.0
2018-07-10 09:23:26  0.0
2018-07-10 09:38:26  0.0
2018-07-10 09:53:26  0.0
2018-07-10 10:08:26  0.0
2018-07-10 10:23:26  0.0
2018-07-10 10:38:26  0.2
2018-07-10 10:53:26  0.0
2018-07-10 11:08:26  0.0
2018-07-10 11:23:26  0.0
2018-07-10 11:38:26  0.0
2018-07-10 11:53:26  0.0
2018-07-10 12:08:26  0.0
2018-07-10 12:23:26  0.0
2018-07-10 12:38:26  0.0
2018-07-10 12:53:26  0.0
2018-07-10 13:08:26  0.0
Setpoints:
[[74.0, 78.0], [74.0, 78.0], [74.0, 78.0], [74.0, 78.0], [74.0, 78.0], [74.0, 78.0], [74.0, 78.0], [74.0, 78.0], [74.0, 78.0], [74.0, 78.0], [74.0, 78.0], [74.0, 78.0], [74.0, 78.0], [74.0, 78.0], [74.0, 78.0], [74.0, 78.0], [74.0, 78.0]]
Time needed to calculate the shortest path:
20.0916650295


2018-07-10 16:25:15
MPC Actions: ['0', '0', '0', '0', '0', '0', '0', '0', '0', '0', '0', '0', '0', '0', '0', '0']
Temperatures following the MPC path:
[77.0, 77.0, 77.0, 77.0, 77.05000000000001, 77.10000000000001, 77.10000000000001, 77.10000000000001, 77.15, 77.2, 77.25, 77.30000000000001, 77.35000000000001, 77.4, 77.45, 77.5, 77.55000000000001]
Safety Constraints:
[[54.0, 86.0], [54.0, 86.0], [54.0, 86.0], [54.0, 86.0], [54.0, 86.0], [54.0, 86.0], [54.0, 86.0], [54.0, 86.0], [54.0, 86.0], [54.0, 86.0], [54.0, 86.0], [54.0, 86.0], [54.0, 86.0], [54.0, 86.0], [54.0, 86.0], [54.0, 86.0], [54.0, 86.0]]
Prices:
[0.6, 0.6, 0.6, 0.6, 0.6, 0.6, 0.6, 0.6, 0.6, 0.6, 0.6, 0.6, 0.6, 0.6, 0.6, 0.6, 0.6, 0.6, 0.6, 0.6, 0.6, 0.6, 0.6, 0.6, 0.6, 0.6, 0.6, 0.6, 0.6, 0.6, 0.6, 0.6, 0.6, 0.6, 0.6, 0.6, 0.6, 0.6, 0.6, 0.6, 0.6, 0.6, 0.6, 0.6, 0.6, 0.6, 0.6, 0.6, 0.6, 0.6, 0.6, 0.6, 0.6, 0.6, 0.6, 0.6, 0.6, 0.6, 0.6, 0.6, 0.6, 0.6, 0.6, 0.6, 0.6, 0.6, 0.6, 0.6, 0.6, 0.6, 0.6, 0.6, 0.6, 0.6, 0.6, 0.6, 0.6, 0.6, 0.6, 0.6, 0.6, 0.6, 0.6, 0.6, 0.6]
Occ Predictions:
                       0
2018-07-10 09:10:15  0.0
2018-07-10 09:25:15  0.0
2018-07-10 09:40:15  0.0
2018-07-10 09:55:15  0.0
2018-07-10 10:10:15  0.0
2018-07-10 10:25:15  0.0
2018-07-10 10:40:15  0.2
2018-07-10 10:55:15  0.0
2018-07-10 11:10:15  0.0
2018-07-10 11:25:15  0.0
2018-07-10 11:40:15  0.0
2018-07-10 11:55:15  0.0
2018-07-10 12:10:15  0.0
2018-07-10 12:25:15  0.0
2018-07-10 12:40:15  0.0
2018-07-10 12:55:15  0.0
2018-07-10 13:10:15  0.0
Setpoints:
[[74.0, 78.0], [74.0, 78.0], [74.0, 78.0], [74.0, 78.0], [74.0, 78.0], [74.0, 78.0], [74.0, 78.0], [74.0, 78.0], [74.0, 78.0], [74.0, 78.0], [74.0, 78.0], [74.0, 78.0], [74.0, 78.0], [74.0, 78.0], [74.0, 78.0], [74.0, 78.0], [74.0, 78.0]]
Time needed to calculate the shortest path:
20.865967989


2018-07-10 16:26:30
MPC Actions: ['0', '0', '0', '0', '0', '0', '0', '0', '0', '0', '0', '0', '0', '0', '0', '0']
Temperatures following the MPC path:
[77.0, 77.0, 77.0, 77.0, 77.05000000000001, 77.10000000000001, 77.10000000000001, 77.10000000000001, 77.15, 77.2, 77.25, 77.30000000000001, 77.35000000000001, 77.4, 77.45, 77.5, 77.55000000000001]
Safety Constraints:
[[54.0, 86.0], [54.0, 86.0], [54.0, 86.0], [54.0, 86.0], [54.0, 86.0], [54.0, 86.0], [54.0, 86.0], [54.0, 86.0], [54.0, 86.0], [54.0, 86.0], [54.0, 86.0], [54.0, 86.0], [54.0, 86.0], [54.0, 86.0], [54.0, 86.0], [54.0, 86.0], [54.0, 86.0]]
Prices:
[0.6, 0.6, 0.6, 0.6, 0.6, 0.6, 0.6, 0.6, 0.6, 0.6, 0.6, 0.6, 0.6, 0.6, 0.6, 0.6, 0.6, 0.6, 0.6, 0.6, 0.6, 0.6, 0.6, 0.6, 0.6, 0.6, 0.6, 0.6, 0.6, 0.6, 0.6, 0.6, 0.6, 0.6, 0.6, 0.6, 0.6, 0.6, 0.6, 0.6, 0.6, 0.6, 0.6, 0.6, 0.6, 0.6, 0.6, 0.6, 0.6, 0.6, 0.6, 0.6, 0.6, 0.6, 0.6, 0.6, 0.6, 0.6, 0.6, 0.6, 0.6, 0.6, 0.6, 0.6, 0.6, 0.6, 0.6, 0.6, 0.6, 0.6, 0.6, 0.6, 0.6, 0.6, 0.6, 0.6, 0.6, 0.6, 0.6, 0.6, 0.6, 0.6, 0.6, 0.6, 0.6]
Occ Predictions:
                       0
2018-07-10 09:11:30  0.0
2018-07-10 09:26:30  0.0
2018-07-10 09:41:30  0.0
2018-07-10 09:56:30  0.0
2018-07-10 10:11:30  0.0
2018-07-10 10:26:30  0.0
2018-07-10 10:41:30  0.2
2018-07-10 10:56:30  0.0
2018-07-10 11:11:30  0.0
2018-07-10 11:26:30  0.0
2018-07-10 11:41:30  0.0
2018-07-10 11:56:30  0.0
2018-07-10 12:11:30  0.0
2018-07-10 12:26:30  0.0
2018-07-10 12:41:30  0.0
2018-07-10 12:56:30  0.0
2018-07-10 13:11:30  0.0
Setpoints:
[[74.0, 78.0], [74.0, 78.0], [74.0, 78.0], [74.0, 78.0], [74.0, 78.0], [74.0, 78.0], [74.0, 78.0], [74.0, 78.0], [74.0, 78.0], [74.0, 78.0], [74.0, 78.0], [74.0, 78.0], [74.0, 78.0], [74.0, 78.0], [74.0, 78.0], [74.0, 78.0], [74.0, 78.0]]
Time needed to calculate the shortest path:
18.4301671982


2018-07-10 16:27:13
MPC Actions: ['0', '0', '0', '0', '0', '0', '0', '0', '0', '0', '0', '0', '0', '0', '0', '0']
Temperatures following the MPC path:
[77.0, 77.0, 77.0, 77.0, 77.05000000000001, 77.10000000000001, 77.10000000000001, 77.10000000000001, 77.15, 77.2, 77.25, 77.30000000000001, 77.35000000000001, 77.4, 77.45, 77.5, 77.55000000000001]
Safety Constraints:
[[54.0, 86.0], [54.0, 86.0], [54.0, 86.0], [54.0, 86.0], [54.0, 86.0], [54.0, 86.0], [54.0, 86.0], [54.0, 86.0], [54.0, 86.0], [54.0, 86.0], [54.0, 86.0], [54.0, 86.0], [54.0, 86.0], [54.0, 86.0], [54.0, 86.0], [54.0, 86.0], [54.0, 86.0]]
Prices:
[0.6, 0.6, 0.6, 0.6, 0.6, 0.6, 0.6, 0.6, 0.6, 0.6, 0.6, 0.6, 0.6, 0.6, 0.6, 0.6, 0.6, 0.6, 0.6, 0.6, 0.6, 0.6, 0.6, 0.6, 0.6, 0.6, 0.6, 0.6, 0.6, 0.6, 0.6, 0.6, 0.6, 0.6, 0.6, 0.6, 0.6, 0.6, 0.6, 0.6, 0.6, 0.6, 0.6, 0.6, 0.6, 0.6, 0.6, 0.6, 0.6, 0.6, 0.6, 0.6, 0.6, 0.6, 0.6, 0.6, 0.6, 0.6, 0.6, 0.6, 0.6, 0.6, 0.6, 0.6, 0.6, 0.6, 0.6, 0.6, 0.6, 0.6, 0.6, 0.6, 0.6, 0.6, 0.6, 0.6, 0.6, 0.6, 0.6, 0.6, 0.6, 0.6, 0.6, 0.6, 0.6]
Occ Predictions:
                       0
2018-07-10 09:12:13  0.0
2018-07-10 09:27:13  0.0
2018-07-10 09:42:13  0.0
2018-07-10 09:57:13  0.0
2018-07-10 10:12:13  0.0
2018-07-10 10:27:13  0.0
2018-07-10 10:42:13  0.2
2018-07-10 10:57:13  0.0
2018-07-10 11:12:13  0.0
2018-07-10 11:27:13  0.0
2018-07-10 11:42:13  0.0
2018-07-10 11:57:13  0.0
2018-07-10 12:12:13  0.0
2018-07-10 12:27:13  0.0
2018-07-10 12:42:13  0.0
2018-07-10 12:57:13  0.0
2018-07-10 13:12:13  0.0
Setpoints:
[[74.0, 78.0], [74.0, 78.0], [74.0, 78.0], [74.0, 78.0], [74.0, 78.0], [74.0, 78.0], [74.0, 78.0], [74.0, 78.0], [74.0, 78.0], [74.0, 78.0], [74.0, 78.0], [74.0, 78.0], [74.0, 78.0], [74.0, 78.0], [74.0, 78.0], [74.0, 78.0], [74.0, 78.0]]
Time needed to calculate the shortest path:
18.6121799946


2018-07-10 16:29:40
MPC Actions: ['0', '0', '0', '0', '0', '0', '0', '0', '0', '0', '0', '0', '0', '0', '0', '0']
Temperatures following the MPC path:
[77.0, 77.0, 77.0, 77.0, 77.05000000000001, 77.10000000000001, 77.10000000000001, 77.10000000000001, 77.15, 77.2, 77.25, 77.30000000000001, 77.35000000000001, 77.4, 77.45, 77.5, 77.55000000000001]
Safety Constraints:
[[54.0, 86.0], [54.0, 86.0], [54.0, 86.0], [54.0, 86.0], [54.0, 86.0], [54.0, 86.0], [54.0, 86.0], [54.0, 86.0], [54.0, 86.0], [54.0, 86.0], [54.0, 86.0], [54.0, 86.0], [54.0, 86.0], [54.0, 86.0], [54.0, 86.0], [54.0, 86.0], [54.0, 86.0]]
Prices:
[0.6, 0.6, 0.6, 0.6, 0.6, 0.6, 0.6, 0.6, 0.6, 0.6, 0.6, 0.6, 0.6, 0.6, 0.6, 0.6, 0.6, 0.6, 0.6, 0.6, 0.6, 0.6, 0.6, 0.6, 0.6, 0.6, 0.6, 0.6, 0.6, 0.6, 0.6, 0.6, 0.6, 0.6, 0.6, 0.6, 0.6, 0.6, 0.6, 0.6, 0.6, 0.6, 0.6, 0.6, 0.6, 0.6, 0.6, 0.6, 0.6, 0.6, 0.6, 0.6, 0.6, 0.6, 0.6, 0.6, 0.6, 0.6, 0.6, 0.6, 0.6, 0.6, 0.6, 0.6, 0.6, 0.6, 0.6, 0.6, 0.6, 0.6, 0.6, 0.6, 0.6, 0.6, 0.6, 0.6, 0.6, 0.6, 0.6, 0.6, 0.6, 0.6, 0.6, 0.6, 0.6]
Occ Predictions:
                       0
2018-07-10 09:14:40  0.0
2018-07-10 09:29:40  0.0
2018-07-10 09:44:40  0.0
2018-07-10 09:59:40  0.0
2018-07-10 10:14:40  0.0
2018-07-10 10:29:40  0.0
2018-07-10 10:44:40  0.0
2018-07-10 10:59:40  0.0
2018-07-10 11:14:40  0.0
2018-07-10 11:29:40  0.0
2018-07-10 11:44:40  0.0
2018-07-10 11:59:40  0.0
2018-07-10 12:14:40  0.0
2018-07-10 12:29:40  0.0
2018-07-10 12:44:40  0.0
2018-07-10 12:59:40  0.0
2018-07-10 13:14:40  0.0
Setpoints:
[[74.0, 78.0], [74.0, 78.0], [74.0, 78.0], [74.0, 78.0], [74.0, 78.0], [74.0, 78.0], [74.0, 78.0], [74.0, 78.0], [74.0, 78.0], [74.0, 78.0], [74.0, 78.0], [74.0, 78.0], [74.0, 78.0], [74.0, 78.0], [74.0, 78.0], [74.0, 78.0], [74.0, 78.0]]
Time needed to calculate the shortest path:
17.9744591713


2018-07-10 16:37:05
MPC Actions: ['0', '0', '0', '0', '0', '0', '0', '0', '0', '0', '0', '0', '0', '0', '0', '0']
Temperatures following the MPC path:
[77.0, 77.0, 77.0, 77.05000000000001, 77.10000000000001, 77.10000000000001, 77.10000000000001, 77.15, 77.2, 77.25, 77.30000000000001, 77.35000000000001, 77.4, 77.45, 77.5, 77.55000000000001, 77.60000000000001]
Safety Constraints:
[[54.0, 86.0], [54.0, 86.0], [54.0, 86.0], [54.0, 86.0], [54.0, 86.0], [54.0, 86.0], [54.0, 86.0], [54.0, 86.0], [54.0, 86.0], [54.0, 86.0], [54.0, 86.0], [54.0, 86.0], [54.0, 86.0], [54.0, 86.0], [54.0, 86.0], [54.0, 86.0], [54.0, 86.0]]
Prices:
[0.24, 0.24, 0.24, 0.24, 0.24, 0.24, 0.24, 0.24, 0.24, 0.24, 0.26, 0.26, 0.26, 0.26, 0.26, 0.26, 0.26]
Occ Predictions:
                       0
2018-07-10 09:22:05  0.0
2018-07-10 09:37:05  0.0
2018-07-10 09:52:05  0.0
2018-07-10 10:07:05  0.0
2018-07-10 10:22:05  0.0
2018-07-10 10:37:05  0.2
2018-07-10 10:52:05  0.0
2018-07-10 11:07:05  0.0
2018-07-10 11:22:05  0.0
2018-07-10 11:37:05  0.0
2018-07-10 11:52:05  0.0
2018-07-10 12:07:05  0.0
2018-07-10 12:22:05  0.0
2018-07-10 12:37:05  0.0
2018-07-10 12:52:05  0.0
2018-07-10 13:07:05  0.0
2018-07-10 13:22:05  0.0
Setpoints:
[[74.0, 78.0], [74.0, 78.0], [74.0, 78.0], [74.0, 78.0], [74.0, 78.0], [74.0, 78.0], [74.0, 78.0], [74.0, 78.0], [74.0, 78.0], [74.0, 78.0], [74.0, 78.0], [74.0, 78.0], [74.0, 78.0], [74.0, 78.0], [74.0, 78.0], [74.0, 78.0], [74.0, 78.0]]
Time needed to calculate the shortest path:
14.3714880943


2018-07-10 16:52:05
MPC Actions: ['0', '0', '0', '0', '0', '0', '0', '0', '0', '0', '0', '0', '0', '0', '0', '0']
Temperatures following the MPC path:
[77.0, 77.0, 77.05000000000001, 77.10000000000001, 77.15, 77.2, 77.25, 77.30000000000001, 77.35000000000001, 77.4, 77.45, 77.5, 77.55000000000001, 77.60000000000001, 77.65, 77.7, 77.75]
Safety Constraints:
[[54.0, 86.0], [54.0, 86.0], [54.0, 86.0], [54.0, 86.0], [54.0, 86.0], [54.0, 86.0], [54.0, 86.0], [54.0, 86.0], [54.0, 86.0], [54.0, 86.0], [54.0, 86.0], [54.0, 86.0], [54.0, 86.0], [54.0, 86.0], [54.0, 86.0], [54.0, 86.0], [54.0, 86.0]]
Prices:
[0.24, 0.24, 0.24, 0.24, 0.24, 0.24, 0.24, 0.24, 0.24, 0.26, 0.26, 0.26, 0.26, 0.26, 0.26, 0.26, 0.26]
Occ Predictions:
                       0
2018-07-10 09:37:05  0.0
2018-07-10 09:52:05  0.0
2018-07-10 10:07:05  0.0
2018-07-10 10:22:05  0.0
2018-07-10 10:37:05  0.2
2018-07-10 10:52:05  0.0
2018-07-10 11:07:05  0.0
2018-07-10 11:22:05  0.0
2018-07-10 11:37:05  0.0
2018-07-10 11:52:05  0.0
2018-07-10 12:07:05  0.0
2018-07-10 12:22:05  0.0
2018-07-10 12:37:05  0.0
2018-07-10 12:52:05  0.0
2018-07-10 13:07:05  0.0
2018-07-10 13:22:05  0.0
2018-07-10 13:37:05  0.0
Setpoints:
[[74.0, 78.0], [74.0, 78.0], [74.0, 78.0], [74.0, 78.0], [74.0, 78.0], [74.0, 78.0], [74.0, 78.0], [74.0, 78.0], [74.0, 78.0], [74.0, 78.0], [74.0, 78.0], [74.0, 78.0], [74.0, 78.0], [74.0, 78.0], [74.0, 78.0], [74.0, 78.0], [74.0, 78.0]]
Time needed to calculate the shortest path:
14.2433919907


2018-07-10 17:07:05
MPC Actions: ['0', '0', '0', '0', '0', '0', '0', '0', '0', '0', '0', '0', '0', '0', '0', '0']
Temperatures following the MPC path:
[75.0, 75.10000000000001, 75.2, 75.25, 75.3, 75.4, 75.5, 75.55, 75.60000000000001, 75.7, 75.8, 75.85000000000001, 75.9, 76.0, 76.05, 76.10000000000001, 76.15]
Safety Constraints:
[[54.0, 86.0], [54.0, 86.0], [54.0, 86.0], [54.0, 86.0], [54.0, 86.0], [54.0, 86.0], [54.0, 86.0], [54.0, 86.0], [54.0, 86.0], [54.0, 86.0], [54.0, 86.0], [54.0, 86.0], [54.0, 86.0], [54.0, 86.0], [54.0, 86.0], [54.0, 86.0], [54.0, 86.0]]
Prices:
[0.24, 0.24, 0.24, 0.24, 0.24, 0.24, 0.24, 0.24, 0.26, 0.26, 0.26, 0.26, 0.26, 0.26, 0.26, 0.26, 0.6, 0.6, 0.6, 0.6, 0.6]
Occ Predictions:
                       0
2018-07-10 09:52:05  0.0
2018-07-10 10:07:05  0.0
2018-07-10 10:22:05  0.0
2018-07-10 10:37:05  0.2
2018-07-10 10:52:05  0.0
2018-07-10 11:07:05  0.0
2018-07-10 11:22:05  0.0
2018-07-10 11:37:05  0.0
2018-07-10 11:52:05  0.0
2018-07-10 12:07:05  0.0
2018-07-10 12:22:05  0.0
2018-07-10 12:37:05  0.0
2018-07-10 12:52:05  0.0
2018-07-10 13:07:05  0.0
2018-07-10 13:22:05  0.0
2018-07-10 13:37:05  0.0
2018-07-10 13:52:05  0.0
Setpoints:
[[74.0, 78.0], [74.0, 78.0], [74.0, 78.0], [74.0, 78.0], [74.0, 78.0], [74.0, 78.0], [74.0, 78.0], [74.0, 78.0], [74.0, 78.0], [74.0, 78.0], [74.0, 78.0], [74.0, 78.0], [74.0, 78.0], [74.0, 78.0], [74.0, 78.0], [74.0, 78.0], [74.0, 78.0]]
Time needed to calculate the shortest path:
15.2869200706


2018-07-10 17:22:05
MPC Actions: ['0', '0', '0', '0', '0', '0', '0', '0', '0', '0', '0', '0', '0', '0', '0', '0']
Temperatures following the MPC path:
[76.0, 76.05, 76.10000000000001, 76.15, 76.2, 76.25, 76.3, 76.35000000000001, 76.4, 76.45, 76.5, 76.55, 76.60000000000001, 76.65, 76.7, 76.75, 76.80000000000001]
Safety Constraints:
[[54.0, 86.0], [54.0, 86.0], [54.0, 86.0], [54.0, 86.0], [54.0, 86.0], [54.0, 86.0], [54.0, 86.0], [54.0, 86.0], [54.0, 86.0], [54.0, 86.0], [54.0, 86.0], [54.0, 86.0], [54.0, 86.0], [54.0, 86.0], [54.0, 86.0], [54.0, 86.0], [54.0, 86.0]]
Prices:
[0.24, 0.24, 0.24, 0.24, 0.24, 0.24, 0.24, 0.26, 0.26, 0.26, 0.26, 0.26, 0.26, 0.26, 0.26, 0.6, 0.6, 0.6, 0.6, 0.6, 0.6, 0.6, 0.6, 0.6, 0.6]
Occ Predictions:
                       0
2018-07-10 10:07:05  0.0
2018-07-10 10:22:05  0.0
2018-07-10 10:37:05  0.2
2018-07-10 10:52:05  0.0
2018-07-10 11:07:05  0.0
2018-07-10 11:22:05  0.0
2018-07-10 11:37:05  0.0
2018-07-10 11:52:05  0.0
2018-07-10 12:07:05  0.0
2018-07-10 12:22:05  0.0
2018-07-10 12:37:05  0.0
2018-07-10 12:52:05  0.0
2018-07-10 13:07:05  0.0
2018-07-10 13:22:05  0.0
2018-07-10 13:37:05  0.0
2018-07-10 13:52:05  0.0
2018-07-10 14:07:05  0.0
Setpoints:
[[74.0, 78.0], [74.0, 78.0], [74.0, 78.0], [74.0, 78.0], [74.0, 78.0], [74.0, 78.0], [74.0, 78.0], [74.0, 78.0], [74.0, 78.0], [74.0, 78.0], [74.0, 78.0], [74.0, 78.0], [74.0, 78.0], [74.0, 78.0], [74.0, 78.0], [74.0, 78.0], [74.0, 78.0]]
Time needed to calculate the shortest path:
11.585670948
THERMOSTAT CHANGED MANUALY AT : 2018-07-10 17:37:05 UTC

2018-07-10 19:56:57
MPC Actions: ['0', '0', '0', '0', '0', '0', '0', '0', '0', '0', '0', '0', '0', '0', '0', '0']
Temperatures following the MPC path:
[78.0, 78.05000000000001, 78.10000000000001, 78.15, 78.2, 78.25, 78.30000000000001, 78.35000000000001, 78.4, 78.45, 78.5, 78.55000000000001, 78.60000000000001, 78.65, 78.7, 78.75, 78.80000000000001]
Safety Constraints:
[[54.0, 86.0], [54.0, 86.0], [54.0, 86.0], [54.0, 86.0], [54.0, 86.0], [54.0, 86.0], [54.0, 86.0], [54.0, 86.0], [54.0, 86.0], [54.0, 86.0], [54.0, 86.0], [54.0, 86.0], [54.0, 86.0], [54.0, 86.0], [54.0, 86.0], [54.0, 86.0], [54.0, 86.0]]
Prices:
[0.26, 0.26, 0.26, 0.26, 0.26, 0.6, 0.6, 0.6, 0.6, 0.6, 0.6, 0.6, 0.6, 0.6, 0.6, 0.6, 0.6, 0.6, 0.6, 0.6, 0.6, 0.6, 0.6, 0.6, 0.6, 0.6, 0.6, 0.6, 0.6, 0.6, 0.6, 0.6, 0.6, 0.6, 0.6, 0.6, 0.6, 0.6, 0.6, 0.6, 0.6, 0.6, 0.6, 0.6, 0.6, 0.6, 0.6, 0.6, 0.6, 0.6, 0.6, 0.6, 0.6, 0.6, 0.6, 0.6, 0.6, 0.6, 0.6, 0.6, 0.6, 0.6, 0.6, 0.6, 0.6]
Occ Predictions:
                       0
2018-07-10 12:41:57  0.0
2018-07-10 12:56:57  0.0
2018-07-10 13:11:57  0.0
2018-07-10 13:26:57  0.0
2018-07-10 13:41:57  0.0
2018-07-10 13:56:57  0.0
2018-07-10 14:11:57  0.0
2018-07-10 14:26:57  0.0
2018-07-10 14:41:57  0.0
2018-07-10 14:56:57  0.0
2018-07-10 15:11:57  0.0
2018-07-10 15:26:57  0.0
2018-07-10 15:41:57  0.0
2018-07-10 15:56:57  0.0
2018-07-10 16:11:57  0.0
2018-07-10 16:26:57  0.0
2018-07-10 16:41:57  0.0
Setpoints:
[[74.0, 78.0], [74.0, 78.0], [74.0, 78.0], [74.0, 78.0], [74.0, 78.0], [74.0, 78.0], [74.0, 78.0], [74.0, 78.0], [74.0, 78.0], [74.0, 78.0], [74.0, 78.0], [74.0, 78.0], [74.0, 78.0], [74.0, 78.0], [74.0, 78.0], [74.0, 78.0], [74.0, 78.0]]
Time needed to calculate the shortest path:
11.8172798157


2018-07-10 20:11:57
MPC Actions: ['0', '0', '0', '0', '0', '0', '0', '0', '0', '0', '0', '0', '0', '0', '0', '0']
Temperatures following the MPC path:
[77.0, 77.10000000000001, 77.2, 77.30000000000001, 77.4, 77.5, 77.60000000000001, 77.7, 77.75, 77.80000000000001, 77.85000000000001, 77.9, 77.95, 78.0, 78.05000000000001, 78.10000000000001, 78.15]
Safety Constraints:
[[54.0, 86.0], [54.0, 86.0], [54.0, 86.0], [54.0, 86.0], [54.0, 86.0], [54.0, 86.0], [54.0, 86.0], [54.0, 86.0], [54.0, 86.0], [54.0, 86.0], [54.0, 86.0], [54.0, 86.0], [54.0, 86.0], [54.0, 86.0], [54.0, 86.0], [54.0, 86.0], [54.0, 86.0]]
Prices:
[0.26, 0.26, 0.26, 0.26, 0.6, 0.6, 0.6, 0.6, 0.6, 0.6, 0.6, 0.6, 0.6, 0.6, 0.6, 0.6, 0.6, 0.6, 0.6, 0.6, 0.6, 0.6, 0.6, 0.6, 0.6, 0.6, 0.6, 0.6, 0.6, 0.6, 0.6, 0.6, 0.6, 0.6, 0.6, 0.6, 0.6, 0.6, 0.6, 0.6, 0.6, 0.6, 0.6, 0.6, 0.6, 0.6, 0.6, 0.6, 0.6, 0.6, 0.6, 0.6, 0.6, 0.6, 0.6, 0.6, 0.6, 0.6, 0.6, 0.6, 0.6, 0.6, 0.6, 0.6, 0.6, 0.6, 0.6, 0.6, 0.6]
Occ Predictions:
                       0
2018-07-10 12:56:57  0.0
2018-07-10 13:11:57  0.0
2018-07-10 13:26:57  0.0
2018-07-10 13:41:57  0.0
2018-07-10 13:56:57  0.0
2018-07-10 14:11:57  0.0
2018-07-10 14:26:57  0.0
2018-07-10 14:41:57  0.0
2018-07-10 14:56:57  0.0
2018-07-10 15:11:57  0.0
2018-07-10 15:26:57  0.0
2018-07-10 15:41:57  0.0
2018-07-10 15:56:57  0.0
2018-07-10 16:11:57  0.0
2018-07-10 16:26:57  0.0
2018-07-10 16:41:57  0.0
2018-07-10 16:56:57  0.0
Setpoints:
[[74.0, 78.0], [74.0, 78.0], [74.0, 78.0], [74.0, 78.0], [74.0, 78.0], [74.0, 78.0], [74.0, 78.0], [74.0, 78.0], [74.0, 78.0], [74.0, 78.0], [74.0, 78.0], [74.0, 78.0], [74.0, 78.0], [74.0, 78.0], [74.0, 78.0], [74.0, 78.0], [74.0, 78.0]]
Time needed to calculate the shortest path:
12.3190131187


2018-07-10 20:26:57
MPC Actions: ['0', '0', '0', '0', '0', '0', '0', '0', '0', '0', '0', '0', '0', '0', '0', '0']
Temperatures following the MPC path:
[77.0, 77.10000000000001, 77.2, 77.30000000000001, 77.4, 77.5, 77.55000000000001, 77.60000000000001, 77.65, 77.7, 77.75, 77.80000000000001, 77.85000000000001, 77.9, 77.95, 78.0, 78.05000000000001]
Safety Constraints:
[[54.0, 86.0], [54.0, 86.0], [54.0, 86.0], [54.0, 86.0], [54.0, 86.0], [54.0, 86.0], [54.0, 86.0], [54.0, 86.0], [54.0, 86.0], [54.0, 86.0], [54.0, 86.0], [54.0, 86.0], [54.0, 86.0], [54.0, 86.0], [54.0, 86.0], [54.0, 86.0], [54.0, 86.0]]
Prices:
[0.26, 0.26, 0.26, 0.6, 0.6, 0.6, 0.6, 0.6, 0.6, 0.6, 0.6, 0.6, 0.6, 0.6, 0.6, 0.6, 0.6, 0.6, 0.6, 0.6, 0.6, 0.6, 0.6, 0.6, 0.6, 0.6, 0.6, 0.6, 0.6, 0.6, 0.6, 0.6, 0.6, 0.6, 0.6, 0.6, 0.6, 0.6, 0.6, 0.6, 0.6, 0.6, 0.6, 0.6, 0.6, 0.6, 0.6, 0.6, 0.6, 0.6, 0.6, 0.6, 0.6, 0.6, 0.6, 0.6, 0.6, 0.6, 0.6, 0.6, 0.6, 0.6, 0.6, 0.6, 0.6, 0.6, 0.6, 0.6, 0.6, 0.6, 0.6, 0.6, 0.6]
Occ Predictions:
                       0
2018-07-10 13:11:57  0.0
2018-07-10 13:26:57  0.0
2018-07-10 13:41:57  0.0
2018-07-10 13:56:57  0.0
2018-07-10 14:11:57  0.0
2018-07-10 14:26:57  0.0
2018-07-10 14:41:57  0.0
2018-07-10 14:56:57  0.0
2018-07-10 15:11:57  0.0
2018-07-10 15:26:57  0.0
2018-07-10 15:41:57  0.0
2018-07-10 15:56:57  0.0
2018-07-10 16:11:57  0.0
2018-07-10 16:26:57  0.0
2018-07-10 16:41:57  0.0
2018-07-10 16:56:57  0.0
2018-07-10 17:11:57  0.0
Setpoints:
[[74.0, 78.0], [74.0, 78.0], [74.0, 78.0], [74.0, 78.0], [74.0, 78.0], [74.0, 78.0], [74.0, 78.0], [74.0, 78.0], [74.0, 78.0], [74.0, 78.0], [74.0, 78.0], [74.0, 78.0], [74.0, 78.0], [74.0, 78.0], [74.0, 78.0], [74.0, 78.0], [74.0, 78.0]]
Time needed to calculate the shortest path:
10.9261848927


2018-07-10 20:41:57
MPC Actions: ['0', '0', '0', '0', '0', '0', '0', '0', '0', '0', '0', '0', '0', '0', '0', '0']
Temperatures following the MPC path:
[78.0, 78.05000000000001, 78.10000000000001, 78.15, 78.2, 78.25, 78.30000000000001, 78.35000000000001, 78.4, 78.45, 78.5, 78.55000000000001, 78.60000000000001, 78.65, 78.7, 78.7, 78.7]
Safety Constraints:
[[54.0, 86.0], [54.0, 86.0], [54.0, 86.0], [54.0, 86.0], [54.0, 86.0], [54.0, 86.0], [54.0, 86.0], [54.0, 86.0], [54.0, 86.0], [54.0, 86.0], [54.0, 86.0], [54.0, 86.0], [54.0, 86.0], [54.0, 86.0], [54.0, 86.0], [54.0, 86.0], [54.0, 86.0]]
Prices:
[0.26, 0.26, 0.6, 0.6, 0.6, 0.6, 0.6, 0.6, 0.6, 0.6, 0.6, 0.6, 0.6, 0.6, 0.6, 0.6, 0.6, 0.6, 0.6, 0.6, 0.6, 0.6, 0.6, 0.6, 0.6, 0.6, 0.6, 0.6, 0.6, 0.6, 0.6, 0.6, 0.6, 0.6, 0.6, 0.6, 0.6, 0.6, 0.6, 0.6, 0.6, 0.6, 0.6, 0.6, 0.6, 0.6, 0.6, 0.6, 0.6, 0.6, 0.6, 0.6, 0.6, 0.6, 0.6, 0.6, 0.6, 0.6, 0.6, 0.6, 0.6, 0.6, 0.6, 0.6, 0.6, 0.6, 0.6, 0.6, 0.6, 0.6, 0.6, 0.6, 0.6, 0.6, 0.6, 0.6, 0.6]
Occ Predictions:
                       0
2018-07-10 13:26:57  0.0
2018-07-10 13:41:57  0.0
2018-07-10 13:56:57  0.0
2018-07-10 14:11:57  0.0
2018-07-10 14:26:57  0.0
2018-07-10 14:41:57  0.0
2018-07-10 14:56:57  0.0
2018-07-10 15:11:57  0.0
2018-07-10 15:26:57  0.0
2018-07-10 15:41:57  0.0
2018-07-10 15:56:57  0.0
2018-07-10 16:11:57  0.0
2018-07-10 16:26:57  0.0
2018-07-10 16:41:57  0.0
2018-07-10 16:56:57  0.0
2018-07-10 17:11:57  0.0
2018-07-10 17:26:57  0.0
Setpoints:
[[74.0, 78.0], [74.0, 78.0], [74.0, 78.0], [74.0, 78.0], [74.0, 78.0], [74.0, 78.0], [74.0, 78.0], [74.0, 78.0], [74.0, 78.0], [74.0, 78.0], [74.0, 78.0], [74.0, 78.0], [74.0, 78.0], [74.0, 78.0], [74.0, 78.0], [74.0, 78.0], [74.0, 78.0]]
Time needed to calculate the shortest path:
14.0440981388


2018-07-10 20:46:07
MPC Actions: ['0', '0', '0', '0', '0', '0', '0', '0', '0', '0', '0', '0', '0', '0', '0', '0']
Temperatures following the MPC path:
[78.0, 78.075, 78.125, 78.17500000000001, 78.22500000000001, 78.275, 78.325, 78.375, 78.42500000000001, 78.47500000000001, 78.525, 78.575, 78.625, 78.67500000000001, 78.7, 78.72500000000001, 78.75]
Safety Constraints:
[[54.0, 86.0], [54.0, 86.0], [54.0, 86.0], [54.0, 86.0], [54.0, 86.0], [54.0, 86.0], [54.0, 86.0], [54.0, 86.0], [54.0, 86.0], [54.0, 86.0], [54.0, 86.0], [54.0, 86.0], [54.0, 86.0], [54.0, 86.0], [54.0, 86.0], [54.0, 86.0], [54.0, 86.0]]
Prices:
[0.26, 0.6, 0.6, 0.6, 0.6, 0.6, 0.6, 0.6, 0.6, 0.6, 0.6, 0.6, 0.6, 0.6, 0.6, 0.6, 0.6, 0.6, 0.6, 0.6, 0.6, 0.6, 0.6, 0.6, 0.6, 0.6, 0.6, 0.6, 0.6, 0.6, 0.6, 0.6, 0.6, 0.6, 0.6, 0.6, 0.6, 0.6, 0.6, 0.6, 0.6, 0.6, 0.6, 0.6, 0.6, 0.6, 0.6, 0.6, 0.6, 0.6, 0.6, 0.6, 0.6, 0.6, 0.6, 0.6, 0.6, 0.6, 0.6, 0.6, 0.6, 0.6, 0.6, 0.6, 0.6, 0.6, 0.6, 0.6, 0.6, 0.6, 0.6, 0.6, 0.6, 0.6, 0.6, 0.6, 0.6, 0.6, 0.6, 0.6, 0.6]
Occ Predictions:
                       0
2018-07-10 13:31:07  0.0
2018-07-10 13:46:07  0.0
2018-07-10 14:01:07  0.0
2018-07-10 14:16:07  0.0
2018-07-10 14:31:07  0.0
2018-07-10 14:46:07  0.0
2018-07-10 15:01:07  0.0
2018-07-10 15:16:07  0.0
2018-07-10 15:31:07  0.0
2018-07-10 15:46:07  0.0
2018-07-10 16:01:07  0.0
2018-07-10 16:16:07  0.0
2018-07-10 16:31:07  0.0
2018-07-10 16:46:07  0.0
2018-07-10 17:01:07  0.0
2018-07-10 17:16:07  0.0
2018-07-10 17:31:07  0.0
Setpoints:
[[74.0, 78.0], [74.0, 78.0], [74.0, 78.0], [74.0, 78.0], [74.0, 78.0], [74.0, 78.0], [74.0, 78.0], [74.0, 78.0], [74.0, 78.0], [74.0, 78.0], [74.0, 78.0], [74.0, 78.0], [74.0, 78.0], [74.0, 78.0], [74.0, 78.0], [74.0, 78.0], [74.0, 78.0]]
Time needed to calculate the shortest path:
24.814291954


2018-07-10 21:01:08
MPC Actions: ['2', '0', '0', '0', '0', '0', '0', '0', '0', '0', '0', '0', '0', '0', '0', '0']
Temperatures following the MPC path:
[78.0, 77.825, 77.875, 77.92500000000001, 77.97500000000001, 78.025, 78.075, 78.125, 78.17500000000001, 78.22500000000001, 78.275, 78.325, 78.35000000000001, 78.375, 78.4, 78.42500000000001, 78.45]
Safety Constraints:
[[54.0, 86.0], [54.0, 86.0], [54.0, 86.0], [54.0, 86.0], [54.0, 86.0], [54.0, 86.0], [54.0, 86.0], [54.0, 86.0], [54.0, 86.0], [54.0, 86.0], [54.0, 86.0], [54.0, 86.0], [54.0, 86.0], [54.0, 86.0], [54.0, 86.0], [54.0, 86.0], [54.0, 86.0]]
Prices:
[0.6, 0.6, 0.6, 0.6, 0.6, 0.6, 0.6, 0.6, 0.6, 0.6, 0.6, 0.6, 0.6, 0.6, 0.6, 0.6, 0.6, 0.6, 0.6, 0.6, 0.6, 0.6, 0.6, 0.6, 0.6, 0.6, 0.6, 0.6, 0.6, 0.6, 0.6, 0.6, 0.6, 0.6, 0.6, 0.6, 0.6, 0.6, 0.6, 0.6, 0.6, 0.6, 0.6, 0.6, 0.6, 0.6, 0.6, 0.6, 0.6, 0.6, 0.6, 0.6, 0.6, 0.6, 0.6, 0.6, 0.6, 0.6, 0.6, 0.6, 0.6, 0.6, 0.6, 0.6, 0.6, 0.6, 0.6, 0.6, 0.6, 0.6, 0.6, 0.6, 0.6, 0.6, 0.6, 0.6, 0.6, 0.6, 0.6, 0.6, 0.24]
Occ Predictions:
                       0
2018-07-10 13:46:08  1.0
2018-07-10 14:01:08  0.0
2018-07-10 14:16:08  0.0
2018-07-10 14:31:08  0.0
2018-07-10 14:46:08  0.0
2018-07-10 15:01:08  0.0
2018-07-10 15:16:08  0.0
2018-07-10 15:31:08  0.0
2018-07-10 15:46:08  0.0
2018-07-10 16:01:08  0.0
2018-07-10 16:16:08  0.0
2018-07-10 16:31:08  0.0
2018-07-10 16:46:08  0.0
2018-07-10 17:01:08  0.0
2018-07-10 17:16:08  0.0
2018-07-10 17:31:08  0.0
2018-07-10 17:46:08  0.0
Setpoints:
[[74.0, 78.0], [74.0, 78.0], [74.0, 78.0], [74.0, 78.0], [74.0, 78.0], [74.0, 78.0], [74.0, 78.0], [74.0, 78.0], [74.0, 78.0], [74.0, 78.0], [74.0, 78.0], [74.0, 78.0], [74.0, 78.0], [74.0, 78.0], [74.0, 78.0], [74.0, 78.0], [60.0, 85.0]]
Time needed to calculate the shortest path:
22.4061698914


2018-07-10 21:16:08
MPC Actions: ['0', '0', '0', '0', '0', '0', '0', '0', '0', '0', '0', '0', '0', '0', '0', '0']
Temperatures following the MPC path:
[77.0, 77.075, 77.15, 77.2, 77.25, 77.30000000000001, 77.35000000000001, 77.4, 77.45, 77.5, 77.55000000000001, 77.60000000000001, 77.65, 77.67500000000001, 77.7, 77.72500000000001, 77.75]
Safety Constraints:
[[54.0, 86.0], [54.0, 86.0], [54.0, 86.0], [54.0, 86.0], [54.0, 86.0], [54.0, 86.0], [54.0, 86.0], [54.0, 86.0], [54.0, 86.0], [54.0, 86.0], [54.0, 86.0], [54.0, 86.0], [54.0, 86.0], [54.0, 86.0], [54.0, 86.0], [54.0, 86.0], [54.0, 86.0]]
Prices:
[0.6, 0.6, 0.6, 0.6, 0.6, 0.6, 0.6, 0.6, 0.6, 0.6, 0.6, 0.6, 0.6, 0.6, 0.6, 0.6, 0.6, 0.6, 0.6, 0.6, 0.6, 0.6, 0.6, 0.6, 0.6, 0.6, 0.6, 0.6, 0.6, 0.6, 0.6, 0.6, 0.6, 0.6, 0.6, 0.6, 0.6, 0.6, 0.6, 0.6, 0.6, 0.6, 0.6, 0.6, 0.6, 0.6, 0.6, 0.6, 0.6, 0.6, 0.6, 0.6, 0.6, 0.6, 0.6, 0.6, 0.6, 0.6, 0.6, 0.6, 0.6, 0.6, 0.6, 0.6, 0.6, 0.6, 0.6, 0.6, 0.6, 0.6, 0.6, 0.6, 0.6, 0.6, 0.6, 0.24, 0.24]
Occ Predictions:
                       0
2018-07-10 14:01:08  0.0
2018-07-10 14:16:08  0.0
2018-07-10 14:31:08  0.0
2018-07-10 14:46:08  0.0
2018-07-10 15:01:08  0.0
2018-07-10 15:16:08  0.0
2018-07-10 15:31:08  0.0
2018-07-10 15:46:08  0.0
2018-07-10 16:01:08  0.0
2018-07-10 16:16:08  0.0
2018-07-10 16:31:08  0.0
2018-07-10 16:46:08  0.0
2018-07-10 17:01:08  0.0
2018-07-10 17:16:08  0.0
2018-07-10 17:31:08  0.0
2018-07-10 17:46:08  0.0
2018-07-10 18:01:08  0.0
Setpoints:
[[74.0, 78.0], [74.0, 78.0], [74.0, 78.0], [74.0, 78.0], [74.0, 78.0], [74.0, 78.0], [74.0, 78.0], [74.0, 78.0], [74.0, 78.0], [74.0, 78.0], [74.0, 78.0], [74.0, 78.0], [74.0, 78.0], [74.0, 78.0], [74.0, 78.0], [60.0, 85.0], [60.0, 85.0]]
Time needed to calculate the shortest path:
21.7820010185


2018-07-10 21:31:08
MPC Actions: ['0', '0', '0', '0', '0', '0', '0', '0', '0', '0', '0', '0', '0', '0', '0', '0']
Temperatures following the MPC path:
[77.0, 77.05000000000001, 77.10000000000001, 77.15, 77.2, 77.25, 77.30000000000001, 77.35000000000001, 77.4, 77.45, 77.47500000000001, 77.5, 77.525, 77.55000000000001, 77.575, 77.60000000000001, 77.625]
Safety Constraints:
[[54.0, 86.0], [54.0, 86.0], [54.0, 86.0], [54.0, 86.0], [54.0, 86.0], [54.0, 86.0], [54.0, 86.0], [54.0, 86.0], [54.0, 86.0], [54.0, 86.0], [54.0, 86.0], [54.0, 86.0], [54.0, 86.0], [54.0, 86.0], [54.0, 86.0], [54.0, 86.0], [54.0, 86.0]]
Prices:
[0.6, 0.6, 0.6, 0.6, 0.6, 0.6, 0.6, 0.6, 0.6, 0.6, 0.6, 0.6, 0.6, 0.6, 0.6, 0.6, 0.6, 0.6, 0.6, 0.6, 0.6, 0.6, 0.6, 0.6, 0.6, 0.6, 0.6, 0.6, 0.6, 0.6, 0.6, 0.6, 0.6, 0.6, 0.6, 0.6, 0.6, 0.6, 0.6, 0.6, 0.6, 0.6, 0.6, 0.6, 0.6, 0.6, 0.6, 0.6, 0.6, 0.6, 0.6, 0.6, 0.6, 0.6, 0.6, 0.6, 0.6, 0.6, 0.6, 0.6, 0.6, 0.6, 0.6, 0.6, 0.6, 0.6, 0.6, 0.6, 0.6, 0.6, 0.24, 0.24, 0.24]
Occ Predictions:
                       0
2018-07-10 14:16:08  0.0
2018-07-10 14:31:08  0.0
2018-07-10 14:46:08  0.0
2018-07-10 15:01:08  0.0
2018-07-10 15:16:08  0.0
2018-07-10 15:31:08  0.0
2018-07-10 15:46:08  0.0
2018-07-10 16:01:08  0.0
2018-07-10 16:16:08  0.0
2018-07-10 16:31:08  0.0
2018-07-10 16:46:08  0.0
2018-07-10 17:01:08  0.0
2018-07-10 17:16:08  0.0
2018-07-10 17:31:08  0.0
2018-07-10 17:46:08  0.0
2018-07-10 18:01:08  0.0
2018-07-10 18:16:08  0.0
Setpoints:
[[74.0, 78.0], [74.0, 78.0], [74.0, 78.0], [74.0, 78.0], [74.0, 78.0], [74.0, 78.0], [74.0, 78.0], [74.0, 78.0], [74.0, 78.0], [74.0, 78.0], [74.0, 78.0], [74.0, 78.0], [74.0, 78.0], [74.0, 78.0], [60.0, 85.0], [60.0, 85.0], [60.0, 85.0]]
Time needed to calculate the shortest path:
22.513448


2018-07-10 21:46:08
MPC Actions: ['0', '0', '0', '0', '0', '0', '0', '0', '0', '0', '0', '0', '0', '0', '0', '0']
Temperatures following the MPC path:
[78.0, 78.05000000000001, 78.10000000000001, 78.15, 78.2, 78.25, 78.30000000000001, 78.35000000000001, 78.4, 78.45, 78.5, 78.525, 78.55000000000001, 78.575, 78.60000000000001, 78.625, 78.65]
Safety Constraints:
[[54.0, 86.0], [54.0, 86.0], [54.0, 86.0], [54.0, 86.0], [54.0, 86.0], [54.0, 86.0], [54.0, 86.0], [54.0, 86.0], [54.0, 86.0], [54.0, 86.0], [54.0, 86.0], [54.0, 86.0], [54.0, 86.0], [54.0, 86.0], [54.0, 86.0], [54.0, 86.0], [54.0, 86.0]]
Prices:
[0.6, 0.6, 0.6, 0.6, 0.6, 0.6, 0.6, 0.6, 0.6, 0.6, 0.6, 0.6, 0.6, 0.6, 0.6, 0.6, 0.6, 0.6, 0.6, 0.6, 0.6, 0.6, 0.6, 0.6, 0.6, 0.6, 0.6, 0.6, 0.6, 0.6, 0.6, 0.6, 0.6, 0.6, 0.6, 0.6, 0.6, 0.6, 0.6, 0.6, 0.6, 0.6, 0.6, 0.6, 0.6, 0.6, 0.6, 0.6, 0.6, 0.6, 0.6, 0.6, 0.6, 0.6, 0.6, 0.6, 0.6, 0.6, 0.6, 0.6, 0.6, 0.6, 0.6, 0.6, 0.6, 0.24, 0.24, 0.24, 0.24]
Occ Predictions:
                       0
2018-07-10 14:31:08  0.0
2018-07-10 14:46:08  0.0
2018-07-10 15:01:08  0.0
2018-07-10 15:16:08  0.0
2018-07-10 15:31:08  0.0
2018-07-10 15:46:08  0.0
2018-07-10 16:01:08  0.0
2018-07-10 16:16:08  0.0
2018-07-10 16:31:08  0.0
2018-07-10 16:46:08  0.0
2018-07-10 17:01:08  0.0
2018-07-10 17:16:08  0.0
2018-07-10 17:31:08  0.0
2018-07-10 17:46:08  0.0
2018-07-10 18:01:08  0.0
2018-07-10 18:16:08  0.0
2018-07-10 18:31:08  0.0
Setpoints:
[[74.0, 78.0], [74.0, 78.0], [74.0, 78.0], [74.0, 78.0], [74.0, 78.0], [74.0, 78.0], [74.0, 78.0], [74.0, 78.0], [74.0, 78.0], [74.0, 78.0], [74.0, 78.0], [74.0, 78.0], [74.0, 78.0], [60.0, 85.0], [60.0, 85.0], [60.0, 85.0], [60.0, 85.0]]
Time needed to calculate the shortest path:
21.8566360474


2018-07-10 22:01:08
MPC Actions: ['0', '0', '0', '0', '0', '0', '0', '0', '0', '0', '0', '0', '0', '0', '0', '0']
Temperatures following the MPC path:
[78.0, 78.05000000000001, 78.10000000000001, 78.15, 78.2, 78.25, 78.30000000000001, 78.325, 78.35000000000001, 78.375, 78.4, 78.42500000000001, 78.45, 78.47500000000001, 78.5, 78.525, 78.55000000000001]
Safety Constraints:
[[54.0, 86.0], [54.0, 86.0], [54.0, 86.0], [54.0, 86.0], [54.0, 86.0], [54.0, 86.0], [54.0, 86.0], [54.0, 86.0], [54.0, 86.0], [54.0, 86.0], [54.0, 86.0], [54.0, 86.0], [54.0, 86.0], [54.0, 86.0], [54.0, 86.0], [54.0, 86.0], [54.0, 86.0]]
Prices:
[0.6, 0.6, 0.6, 0.6, 0.6, 0.6, 0.6, 0.6, 0.6, 0.6, 0.6, 0.6, 0.6, 0.6, 0.6, 0.6, 0.6, 0.6, 0.6, 0.6, 0.6, 0.6, 0.6, 0.6, 0.6, 0.6, 0.6, 0.6, 0.6, 0.6, 0.6, 0.6, 0.6, 0.6, 0.6, 0.6, 0.6, 0.6, 0.6, 0.6, 0.6, 0.6, 0.6, 0.6, 0.6, 0.6, 0.6, 0.6, 0.6, 0.6, 0.6, 0.6, 0.6, 0.6, 0.6, 0.6, 0.6, 0.6, 0.6, 0.6, 0.24, 0.24, 0.24, 0.24, 0.24]
Occ Predictions:
                       0
2018-07-10 14:46:08  0.0
2018-07-10 15:01:08  0.0
2018-07-10 15:16:08  0.0
2018-07-10 15:31:08  0.0
2018-07-10 15:46:08  0.0
2018-07-10 16:01:08  0.0
2018-07-10 16:16:08  0.0
2018-07-10 16:31:08  0.0
2018-07-10 16:46:08  0.0
2018-07-10 17:01:08  0.0
2018-07-10 17:16:08  0.0
2018-07-10 17:31:08  0.0
2018-07-10 17:46:08  0.0
2018-07-10 18:01:08  0.0
2018-07-10 18:16:08  0.0
2018-07-10 18:31:08  0.0
2018-07-10 18:46:08  0.0
Setpoints:
[[74.0, 78.0], [74.0, 78.0], [74.0, 78.0], [74.0, 78.0], [74.0, 78.0], [74.0, 78.0], [74.0, 78.0], [74.0, 78.0], [74.0, 78.0], [74.0, 78.0], [74.0, 78.0], [74.0, 78.0], [60.0, 85.0], [60.0, 85.0], [60.0, 85.0], [60.0, 85.0], [60.0, 85.0]]
Time needed to calculate the shortest path:
20.6291320324


2018-07-10 22:06:04
MPC Actions: ['0', '0', '0', '0', '0', '0', '0', '0', '0', '0', '0', '0', '0', '0', '0', '0']
Temperatures following the MPC path:
[78.0, 78.05000000000001, 78.10000000000001, 78.15, 78.2, 78.25, 78.30000000000001, 78.35000000000001, 78.4, 78.45, 78.5, 78.525, 78.55000000000001, 78.575, 78.60000000000001, 78.625, 78.65]
Safety Constraints:
[[54.0, 86.0], [54.0, 86.0], [54.0, 86.0], [54.0, 86.0], [54.0, 86.0], [54.0, 86.0], [54.0, 86.0], [54.0, 86.0], [54.0, 86.0], [54.0, 86.0], [54.0, 86.0], [54.0, 86.0], [54.0, 86.0], [54.0, 86.0], [54.0, 86.0], [54.0, 86.0], [54.0, 86.0]]
Prices:
[0.6, 0.6, 0.6, 0.6, 0.6, 0.6, 0.6, 0.6, 0.6, 0.6, 0.6, 0.6, 0.6, 0.6, 0.6, 0.6, 0.6, 0.6, 0.6, 0.6, 0.6, 0.6, 0.6, 0.6, 0.6, 0.6, 0.6, 0.6, 0.6, 0.6, 0.6, 0.6, 0.6, 0.6, 0.6, 0.6, 0.6, 0.6, 0.6, 0.6, 0.6, 0.6, 0.6, 0.6, 0.6, 0.6, 0.6, 0.6, 0.6, 0.6, 0.6, 0.6, 0.6, 0.6, 0.6, 0.6, 0.6, 0.6, 0.6, 0.6, 0.24, 0.24, 0.24, 0.24, 0.24]
Occ Predictions:
                       0
2018-07-10 14:51:04  0.0
2018-07-10 15:06:04  0.0
2018-07-10 15:21:04  0.0
2018-07-10 15:36:04  0.0
2018-07-10 15:51:04  0.0
2018-07-10 16:06:04  0.0
2018-07-10 16:21:04  0.0
2018-07-10 16:36:04  0.0
2018-07-10 16:51:04  0.0
2018-07-10 17:06:04  0.0
2018-07-10 17:21:04  0.0
2018-07-10 17:36:04  0.0
2018-07-10 17:51:04  0.0
2018-07-10 18:06:04  0.0
2018-07-10 18:21:04  0.0
2018-07-10 18:36:04  0.0
2018-07-10 18:51:04  0.0
Setpoints:
[[74.0, 78.0], [74.0, 78.0], [74.0, 78.0], [74.0, 78.0], [74.0, 78.0], [74.0, 78.0], [74.0, 78.0], [74.0, 78.0], [74.0, 78.0], [74.0, 78.0], [74.0, 78.0], [74.0, 78.0], [60.0, 85.0], [60.0, 85.0], [60.0, 85.0], [60.0, 85.0], [60.0, 85.0]]
Time needed to calculate the shortest path:
31.3770570755


2018-07-10 22:21:04
MPC Actions: ['0', '0', '0', '0', '0', '0', '0', '0', '0', '0', '0', '0', '0', '0', '0', '0']
Temperatures following the MPC path:
[78.0, 78.075, 78.15, 78.22500000000001, 78.30000000000001, 78.35000000000001, 78.4, 78.45, 78.5, 78.55000000000001, 78.60000000000001, 78.65, 78.67500000000001, 78.7, 78.72500000000001, 78.75, 78.775]
Safety Constraints:
[[54.0, 86.0], [54.0, 86.0], [54.0, 86.0], [54.0, 86.0], [54.0, 86.0], [54.0, 86.0], [54.0, 86.0], [54.0, 86.0], [54.0, 86.0], [54.0, 86.0], [54.0, 86.0], [54.0, 86.0], [54.0, 86.0], [54.0, 86.0], [54.0, 86.0], [54.0, 86.0], [54.0, 86.0]]
Prices:
[0.6, 0.6, 0.6, 0.6, 0.6, 0.6, 0.6, 0.6, 0.6, 0.6, 0.6, 0.6, 0.6, 0.6, 0.6, 0.6, 0.6, 0.6, 0.6, 0.6, 0.6, 0.6, 0.6, 0.6, 0.6, 0.6, 0.6, 0.6, 0.6, 0.6, 0.6, 0.6, 0.6, 0.6, 0.6, 0.6, 0.6, 0.6, 0.6, 0.6, 0.6, 0.6, 0.6, 0.6, 0.6, 0.6, 0.6, 0.6, 0.6, 0.6, 0.6, 0.6, 0.6, 0.6, 0.6, 0.24, 0.24, 0.24, 0.24, 0.24, 0.24]
Occ Predictions:
                       0
2018-07-10 15:06:04  0.0
2018-07-10 15:21:04  0.0
2018-07-10 15:36:04  0.0
2018-07-10 15:51:04  0.0
2018-07-10 16:06:04  0.0
2018-07-10 16:21:04  0.0
2018-07-10 16:36:04  0.0
2018-07-10 16:51:04  0.0
2018-07-10 17:06:04  0.0
2018-07-10 17:21:04  0.0
2018-07-10 17:36:04  0.0
2018-07-10 17:51:04  0.0
2018-07-10 18:06:04  0.0
2018-07-10 18:21:04  0.0
2018-07-10 18:36:04  0.0
2018-07-10 18:51:04  0.0
2018-07-10 19:06:04  0.0
Setpoints:
[[74.0, 78.0], [74.0, 78.0], [74.0, 78.0], [74.0, 78.0], [74.0, 78.0], [74.0, 78.0], [74.0, 78.0], [74.0, 78.0], [74.0, 78.0], [74.0, 78.0], [74.0, 78.0], [60.0, 85.0], [60.0, 85.0], [60.0, 85.0], [60.0, 85.0], [60.0, 85.0], [60.0, 85.0]]
Time needed to calculate the shortest path:
36.1430609226


2018-07-10 22:36:04
MPC Actions: ['0', '0', '0', '0', '0', '0', '0', '0', '0', '0', '0', '0', '0', '0', '0', '0']
Temperatures following the MPC path:
[78.0, 78.075, 78.125, 78.17500000000001, 78.22500000000001, 78.275, 78.325, 78.375, 78.42500000000001, 78.47500000000001, 78.525, 78.55000000000001, 78.575, 78.60000000000001, 78.625, 78.65, 78.67500000000001]
Safety Constraints:
[[54.0, 86.0], [54.0, 86.0], [54.0, 86.0], [54.0, 86.0], [54.0, 86.0], [54.0, 86.0], [54.0, 86.0], [54.0, 86.0], [54.0, 86.0], [54.0, 86.0], [54.0, 86.0], [54.0, 86.0], [54.0, 86.0], [54.0, 86.0], [54.0, 86.0], [54.0, 86.0], [54.0, 86.0]]
Prices:
[0.6, 0.6, 0.6, 0.6, 0.6, 0.6, 0.6, 0.6, 0.6, 0.6, 0.6, 0.6, 0.6, 0.6, 0.6, 0.6, 0.6, 0.6, 0.6, 0.6, 0.6, 0.6, 0.6, 0.6, 0.6, 0.6, 0.6, 0.6, 0.6, 0.6, 0.6, 0.6, 0.6, 0.6, 0.6, 0.6, 0.6, 0.6, 0.6, 0.6, 0.6, 0.6, 0.6, 0.6, 0.6, 0.6, 0.6, 0.6, 0.6, 0.6, 0.24, 0.24, 0.24, 0.24, 0.24, 0.24, 0.24]
Occ Predictions:
                       0
2018-07-10 15:21:04  0.0
2018-07-10 15:36:04  0.0
2018-07-10 15:51:04  0.0
2018-07-10 16:06:04  0.0
2018-07-10 16:21:04  0.0
2018-07-10 16:36:04  0.0
2018-07-10 16:51:04  0.0
2018-07-10 17:06:04  0.0
2018-07-10 17:21:04  0.0
2018-07-10 17:36:04  0.0
2018-07-10 17:51:04  0.0
2018-07-10 18:06:04  0.0
2018-07-10 18:21:04  0.0
2018-07-10 18:36:04  0.0
2018-07-10 18:51:04  0.0
2018-07-10 19:06:04  0.0
2018-07-10 19:21:04  0.0
Setpoints:
[[74.0, 78.0], [74.0, 78.0], [74.0, 78.0], [74.0, 78.0], [74.0, 78.0], [74.0, 78.0], [74.0, 78.0], [74.0, 78.0], [74.0, 78.0], [74.0, 78.0], [60.0, 85.0], [60.0, 85.0], [60.0, 85.0], [60.0, 85.0], [60.0, 85.0], [60.0, 85.0], [60.0, 85.0]]
Time needed to calculate the shortest path:
37.2995750904


2018-07-10 22:51:04
MPC Actions: ['0', '0', '0', '0', '0', '0', '0', '0', '0', '0', '0', '0', '0', '0', '0', '0']
Temperatures following the MPC path:
[78.0, 78.075, 78.15, 78.22500000000001, 78.30000000000001, 78.35000000000001, 78.4, 78.45, 78.5, 78.55000000000001, 78.60000000000001, 78.625, 78.65, 78.67500000000001, 78.7, 78.72500000000001, 78.75]
Safety Constraints:
[[54.0, 86.0], [54.0, 86.0], [54.0, 86.0], [54.0, 86.0], [54.0, 86.0], [54.0, 86.0], [54.0, 86.0], [54.0, 86.0], [54.0, 86.0], [54.0, 86.0], [54.0, 86.0], [54.0, 86.0], [54.0, 86.0], [54.0, 86.0], [54.0, 86.0], [54.0, 86.0], [54.0, 86.0]]
Prices:
[0.6, 0.6, 0.6, 0.6, 0.6, 0.6, 0.6, 0.6, 0.6, 0.6, 0.6, 0.6, 0.6, 0.6, 0.6, 0.6, 0.6, 0.6, 0.6, 0.6, 0.6, 0.6, 0.6, 0.6, 0.6, 0.6, 0.6, 0.6, 0.6, 0.6, 0.6, 0.6, 0.6, 0.6, 0.6, 0.6, 0.6, 0.6, 0.6, 0.6, 0.6, 0.6, 0.6, 0.6, 0.6, 0.24, 0.24, 0.24, 0.24, 0.24, 0.24, 0.24, 0.24]
Occ Predictions:
                       0
2018-07-10 15:36:04  0.0
2018-07-10 15:51:04  0.0
2018-07-10 16:06:04  0.0
2018-07-10 16:21:04  0.0
2018-07-10 16:36:04  0.0
2018-07-10 16:51:04  0.0
2018-07-10 17:06:04  0.0
2018-07-10 17:21:04  0.0
2018-07-10 17:36:04  0.0
2018-07-10 17:51:04  0.0
2018-07-10 18:06:04  0.0
2018-07-10 18:21:04  0.0
2018-07-10 18:36:04  0.0
2018-07-10 18:51:04  0.0
2018-07-10 19:06:04  0.0
2018-07-10 19:21:04  0.0
2018-07-10 19:36:04  0.0
Setpoints:
[[74.0, 78.0], [74.0, 78.0], [74.0, 78.0], [74.0, 78.0], [74.0, 78.0], [74.0, 78.0], [74.0, 78.0], [74.0, 78.0], [74.0, 78.0], [60.0, 85.0], [60.0, 85.0], [60.0, 85.0], [60.0, 85.0], [60.0, 85.0], [60.0, 85.0], [60.0, 85.0], [60.0, 85.0]]
Time needed to calculate the shortest path:
35.1539781094


2018-07-10 23:06:04
MPC Actions: ['0', '0', '0', '0', '0', '0', '0', '0', '0', '0', '0', '0', '0', '0', '0', '0']
Temperatures following the MPC path:
[78.0, 78.075, 78.125, 78.17500000000001, 78.22500000000001, 78.275, 78.325, 78.375, 78.42500000000001, 78.45, 78.47500000000001, 78.5, 78.525, 78.55000000000001, 78.575, 78.60000000000001, 78.625]
Safety Constraints:
[[54.0, 86.0], [54.0, 86.0], [54.0, 86.0], [54.0, 86.0], [54.0, 86.0], [54.0, 86.0], [54.0, 86.0], [54.0, 86.0], [54.0, 86.0], [54.0, 86.0], [54.0, 86.0], [54.0, 86.0], [54.0, 86.0], [54.0, 86.0], [54.0, 86.0], [54.0, 86.0], [54.0, 86.0]]
Prices:
[0.6, 0.6, 0.6, 0.6, 0.6, 0.6, 0.6, 0.6, 0.6, 0.6, 0.6, 0.6, 0.6, 0.6, 0.6, 0.6, 0.6, 0.6, 0.6, 0.6, 0.6, 0.6, 0.6, 0.6, 0.6, 0.6, 0.6, 0.6, 0.6, 0.6, 0.6, 0.6, 0.6, 0.6, 0.6, 0.6, 0.6, 0.6, 0.6, 0.6, 0.24, 0.24, 0.24, 0.24, 0.24, 0.24, 0.24, 0.24, 0.24]
Occ Predictions:
                       0
2018-07-10 15:51:04  0.0
2018-07-10 16:06:04  0.0
2018-07-10 16:21:04  0.0
2018-07-10 16:36:04  0.0
2018-07-10 16:51:04  0.0
2018-07-10 17:06:04  0.0
2018-07-10 17:21:04  0.0
2018-07-10 17:36:04  0.0
2018-07-10 17:51:04  0.0
2018-07-10 18:06:04  0.0
2018-07-10 18:21:04  0.0
2018-07-10 18:36:04  0.0
2018-07-10 18:51:04  0.0
2018-07-10 19:06:04  0.0
2018-07-10 19:21:04  0.0
2018-07-10 19:36:04  0.0
2018-07-10 19:51:04  0.0
Setpoints:
[[74.0, 78.0], [74.0, 78.0], [74.0, 78.0], [74.0, 78.0], [74.0, 78.0], [74.0, 78.0], [74.0, 78.0], [74.0, 78.0], [60.0, 85.0], [60.0, 85.0], [60.0, 85.0], [60.0, 85.0], [60.0, 85.0], [60.0, 85.0], [60.0, 85.0], [60.0, 85.0], [60.0, 85.0]]
Time needed to calculate the shortest path:
36.130877018


2018-07-10 23:21:04
MPC Actions: ['0', '0', '0', '0', '0', '0', '0', '0', '0', '0', '0', '0', '0', '0', '0', '0']
Temperatures following the MPC path:
[79.0, 79.05000000000001, 79.10000000000001, 79.15, 79.17500000000001, 79.2, 79.22500000000001, 79.25, 79.275, 79.30000000000001, 79.325, 79.35000000000001, 79.35000000000001, 79.35000000000001, 79.35000000000001, 79.35000000000001, 79.325]
Safety Constraints:
[[54.0, 86.0], [54.0, 86.0], [54.0, 86.0], [54.0, 86.0], [54.0, 86.0], [54.0, 86.0], [54.0, 86.0], [54.0, 86.0], [54.0, 86.0], [54.0, 86.0], [54.0, 86.0], [54.0, 86.0], [54.0, 86.0], [54.0, 86.0], [54.0, 86.0], [54.0, 86.0], [54.0, 86.0]]
Prices:
[0.6, 0.6, 0.6, 0.6, 0.6, 0.6, 0.6, 0.6, 0.6, 0.6, 0.6, 0.6, 0.6, 0.6, 0.6, 0.6, 0.6, 0.6, 0.6, 0.6, 0.6, 0.6, 0.6, 0.6, 0.6, 0.6, 0.6, 0.6, 0.6, 0.6, 0.6, 0.6, 0.6, 0.6, 0.6, 0.24, 0.24, 0.24, 0.24, 0.24, 0.24, 0.24, 0.24, 0.24, 0.24]
Occ Predictions:
                       0
2018-07-10 16:06:04  0.0
2018-07-10 16:21:04  0.0
2018-07-10 16:36:04  0.0
2018-07-10 16:51:04  0.0
2018-07-10 17:06:04  0.0
2018-07-10 17:21:04  0.0
2018-07-10 17:36:04  0.0
2018-07-10 17:51:04  0.0
2018-07-10 18:06:04  0.0
2018-07-10 18:21:04  0.0
2018-07-10 18:36:04  0.0
2018-07-10 18:51:04  0.0
2018-07-10 19:06:04  0.0
2018-07-10 19:21:04  0.0
2018-07-10 19:36:04  0.0
2018-07-10 19:51:04  0.0
2018-07-10 20:06:04  0.0
Setpoints:
[[74.0, 78.0], [74.0, 78.0], [74.0, 78.0], [74.0, 78.0], [74.0, 78.0], [74.0, 78.0], [74.0, 78.0], [60.0, 85.0], [60.0, 85.0], [60.0, 85.0], [60.0, 85.0], [60.0, 85.0], [60.0, 85.0], [60.0, 85.0], [60.0, 85.0], [60.0, 85.0], [60.0, 85.0]]
Time needed to calculate the shortest path:
50.1462390423


2018-07-10 23:36:04
MPC Actions: ['0', '0', '0', '0', '0', '0', '0', '0', '0', '0', '0', '0', '0', '0', '0', '0']
Temperatures following the MPC path:
[79.0, 79.05000000000001, 79.10000000000001, 79.15, 79.17500000000001, 79.2, 79.22500000000001, 79.25, 79.275, 79.30000000000001, 79.325, 79.325, 79.325, 79.325, 79.325, 79.325, 79.325]
Safety Constraints:
[[54.0, 86.0], [54.0, 86.0], [54.0, 86.0], [54.0, 86.0], [54.0, 86.0], [54.0, 86.0], [54.0, 86.0], [54.0, 86.0], [54.0, 86.0], [54.0, 86.0], [54.0, 86.0], [54.0, 86.0], [54.0, 86.0], [54.0, 86.0], [54.0, 86.0], [54.0, 86.0], [54.0, 86.0]]
Prices:
[0.6, 0.6, 0.6, 0.6, 0.6, 0.6, 0.6, 0.6, 0.6, 0.6, 0.6, 0.6, 0.6, 0.6, 0.6, 0.6, 0.6, 0.6, 0.6, 0.6, 0.6, 0.6, 0.6, 0.6, 0.6, 0.6, 0.6, 0.6, 0.6, 0.6, 0.24, 0.24, 0.24, 0.24, 0.24, 0.24, 0.24, 0.24, 0.24, 0.24, 0.24]
Occ Predictions:
                       0
2018-07-10 16:21:04  0.0
2018-07-10 16:36:04  0.0
2018-07-10 16:51:04  0.0
2018-07-10 17:06:04  0.0
2018-07-10 17:21:04  0.0
2018-07-10 17:36:04  0.0
2018-07-10 17:51:04  0.0
2018-07-10 18:06:04  0.0
2018-07-10 18:21:04  0.0
2018-07-10 18:36:04  0.0
2018-07-10 18:51:04  0.0
2018-07-10 19:06:04  0.0
2018-07-10 19:21:04  0.0
2018-07-10 19:36:04  0.0
2018-07-10 19:51:04  0.0
2018-07-10 20:06:04  0.0
2018-07-10 20:21:04  0.0
Setpoints:
[[74.0, 78.0], [74.0, 78.0], [74.0, 78.0], [74.0, 78.0], [74.0, 78.0], [74.0, 78.0], [60.0, 85.0], [60.0, 85.0], [60.0, 85.0], [60.0, 85.0], [60.0, 85.0], [60.0, 85.0], [60.0, 85.0], [60.0, 85.0], [60.0, 85.0], [60.0, 85.0], [60.0, 85.0]]
Time needed to calculate the shortest path:
54.817458868


2018-07-10 23:51:04
MPC Actions: ['0', '0', '0', '0', '0', '0', '0', '0', '0', '0', '0', '0', '0', '0', '0', '0']
Temperatures following the MPC path:
[79.0, 79.05000000000001, 79.075, 79.10000000000001, 79.125, 79.15, 79.17500000000001, 79.2, 79.22500000000001, 79.25, 79.25, 79.25, 79.25, 79.25, 79.25, 79.25, 79.25]
Safety Constraints:
[[54.0, 86.0], [54.0, 86.0], [54.0, 86.0], [54.0, 86.0], [54.0, 86.0], [54.0, 86.0], [54.0, 86.0], [54.0, 86.0], [54.0, 86.0], [54.0, 86.0], [54.0, 86.0], [54.0, 86.0], [54.0, 86.0], [54.0, 86.0], [54.0, 86.0], [54.0, 86.0], [54.0, 86.0]]
Prices:
[0.6, 0.6, 0.6, 0.6, 0.6, 0.6, 0.6, 0.6, 0.6, 0.6, 0.6, 0.6, 0.6, 0.6, 0.6, 0.6, 0.6, 0.6, 0.6, 0.6, 0.6, 0.6, 0.6, 0.6, 0.6, 0.24, 0.24, 0.24, 0.24, 0.24, 0.24, 0.24, 0.24, 0.24, 0.24, 0.24, 0.24]
Occ Predictions:
                       0
2018-07-10 16:36:04  0.0
2018-07-10 16:51:04  0.0
2018-07-10 17:06:04  0.0
2018-07-10 17:21:04  0.0
2018-07-10 17:36:04  0.0
2018-07-10 17:51:04  0.0
2018-07-10 18:06:04  0.0
2018-07-10 18:21:04  0.0
2018-07-10 18:36:04  0.0
2018-07-10 18:51:04  0.0
2018-07-10 19:06:04  0.0
2018-07-10 19:21:04  0.0
2018-07-10 19:36:04  0.0
2018-07-10 19:51:04  0.0
2018-07-10 20:06:04  0.0
2018-07-10 20:21:04  0.0
2018-07-10 20:36:04  0.0
Setpoints:
[[74.0, 78.0], [74.0, 78.0], [74.0, 78.0], [74.0, 78.0], [74.0, 78.0], [60.0, 85.0], [60.0, 85.0], [60.0, 85.0], [60.0, 85.0], [60.0, 85.0], [60.0, 85.0], [60.0, 85.0], [60.0, 85.0], [60.0, 85.0], [60.0, 85.0], [60.0, 85.0], [60.0, 85.0]]
Time needed to calculate the shortest path:
48.9530279636


2018-07-11 00:06:04
MPC Actions: ['0', '0', '0', '0', '0', '0', '0', '0', '0', '0', '0', '0', '0', '0', '0', '0']
Temperatures following the MPC path:
[79.0, 79.05000000000001, 79.10000000000001, 79.15, 79.2, 79.22500000000001, 79.25, 79.275, 79.30000000000001, 79.325, 79.35000000000001, 79.375, 79.375, 79.375, 79.375, 79.375, 79.375]
Safety Constraints:
[[54.0, 86.0], [54.0, 86.0], [54.0, 86.0], [54.0, 86.0], [54.0, 86.0], [54.0, 86.0], [54.0, 86.0], [54.0, 86.0], [54.0, 86.0], [54.0, 86.0], [54.0, 86.0], [54.0, 86.0], [54.0, 86.0], [54.0, 86.0], [54.0, 86.0], [54.0, 86.0], [54.0, 86.0]]
Prices:
[0.6, 0.6, 0.6, 0.6, 0.6, 0.6, 0.6, 0.6, 0.6, 0.6, 0.6, 0.6, 0.6, 0.6, 0.6, 0.6, 0.6, 0.6, 0.6, 0.6, 0.24, 0.24, 0.24, 0.24, 0.24, 0.24, 0.24, 0.24, 0.24, 0.24, 0.24, 0.24, 0.24]
Occ Predictions:
                       0
2018-07-10 16:51:04  0.0
2018-07-10 17:06:04  0.0
2018-07-10 17:21:04  0.0
2018-07-10 17:36:04  0.0
2018-07-10 17:51:04  0.0
2018-07-10 18:06:04  0.0
2018-07-10 18:21:04  0.0
2018-07-10 18:36:04  0.0
2018-07-10 18:51:04  0.0
2018-07-10 19:06:04  0.0
2018-07-10 19:21:04  0.0
2018-07-10 19:36:04  0.0
2018-07-10 19:51:04  0.0
2018-07-10 20:06:04  0.0
2018-07-10 20:21:04  0.0
2018-07-10 20:36:04  0.0
2018-07-10 20:51:04  0.0
Setpoints:
[[74.0, 78.0], [74.0, 78.0], [74.0, 78.0], [74.0, 78.0], [60.0, 85.0], [60.0, 85.0], [60.0, 85.0], [60.0, 85.0], [60.0, 85.0], [60.0, 85.0], [60.0, 85.0], [60.0, 85.0], [60.0, 85.0], [60.0, 85.0], [60.0, 85.0], [60.0, 85.0], [60.0, 85.0]]
Time needed to calculate the shortest path:
54.2696509361


2018-07-11 00:21:04
MPC Actions: ['0', '0', '0', '0', '0', '0', '0', '0', '0', '0', '0', '0', '0', '0', '0', '0']
Temperatures following the MPC path:
[79.0, 79.05000000000001, 79.075, 79.10000000000001, 79.125, 79.15, 79.17500000000001, 79.2, 79.22500000000001, 79.22500000000001, 79.22500000000001, 79.22500000000001, 79.22500000000001, 79.22500000000001, 79.22500000000001, 79.22500000000001, 79.2]
Safety Constraints:
[[54.0, 86.0], [54.0, 86.0], [54.0, 86.0], [54.0, 86.0], [54.0, 86.0], [54.0, 86.0], [54.0, 86.0], [54.0, 86.0], [54.0, 86.0], [54.0, 86.0], [54.0, 86.0], [54.0, 86.0], [54.0, 86.0], [54.0, 86.0], [54.0, 86.0], [54.0, 86.0], [54.0, 86.0]]
Prices:
[0.6, 0.6, 0.6, 0.6, 0.6, 0.6, 0.6, 0.6, 0.6, 0.6, 0.6, 0.6, 0.6, 0.6, 0.6, 0.24, 0.24, 0.24, 0.24, 0.24, 0.24, 0.24, 0.24, 0.24, 0.24, 0.24, 0.24, 0.24, 0.24]
Occ Predictions:
                       0
2018-07-10 17:06:04  0.0
2018-07-10 17:21:04  0.0
2018-07-10 17:36:04  0.0
2018-07-10 17:51:04  0.0
2018-07-10 18:06:04  0.0
2018-07-10 18:21:04  0.0
2018-07-10 18:36:04  0.0
2018-07-10 18:51:04  0.0
2018-07-10 19:06:04  0.0
2018-07-10 19:21:04  0.0
2018-07-10 19:36:04  0.0
2018-07-10 19:51:04  0.0
2018-07-10 20:06:04  0.0
2018-07-10 20:21:04  0.0
2018-07-10 20:36:04  0.0
2018-07-10 20:51:04  0.0
2018-07-10 21:06:04  0.0
Setpoints:
[[74.0, 78.0], [74.0, 78.0], [74.0, 78.0], [60.0, 85.0], [60.0, 85.0], [60.0, 85.0], [60.0, 85.0], [60.0, 85.0], [60.0, 85.0], [60.0, 85.0], [60.0, 85.0], [60.0, 85.0], [60.0, 85.0], [60.0, 85.0], [60.0, 85.0], [60.0, 85.0], [60.0, 85.0]]
Time needed to calculate the shortest path:
53.83532691


2018-07-11 00:36:04
MPC Actions: ['0', '0', '0', '0', '0', '0', '0', '0', '0', '0', '0', '0', '0', '0', '0', '0']
Temperatures following the MPC path:
[79.0, 79.05000000000001, 79.10000000000001, 79.125, 79.15, 79.17500000000001, 79.2, 79.22500000000001, 79.25, 79.275, 79.30000000000001, 79.30000000000001, 79.30000000000001, 79.30000000000001, 79.30000000000001, 79.275, 79.25]
Safety Constraints:
[[54.0, 86.0], [54.0, 86.0], [54.0, 86.0], [54.0, 86.0], [54.0, 86.0], [54.0, 86.0], [54.0, 86.0], [54.0, 86.0], [54.0, 86.0], [54.0, 86.0], [54.0, 86.0], [54.0, 86.0], [54.0, 86.0], [54.0, 86.0], [54.0, 86.0], [54.0, 86.0], [54.0, 86.0]]
Prices:
[0.6, 0.6, 0.6, 0.6, 0.6, 0.6, 0.6, 0.6, 0.6, 0.6, 0.24, 0.24, 0.24, 0.24, 0.24, 0.24, 0.24, 0.24, 0.24, 0.24, 0.24, 0.24, 0.24, 0.24, 0.21]
Occ Predictions:
                       0
2018-07-10 17:21:04  0.0
2018-07-10 17:36:04  0.0
2018-07-10 17:51:04  0.0
2018-07-10 18:06:04  0.0
2018-07-10 18:21:04  0.0
2018-07-10 18:36:04  0.0
2018-07-10 18:51:04  0.0
2018-07-10 19:06:04  0.0
2018-07-10 19:21:04  0.0
2018-07-10 19:36:04  0.0
2018-07-10 19:51:04  0.0
2018-07-10 20:06:04  0.0
2018-07-10 20:21:04  0.0
2018-07-10 20:36:04  0.0
2018-07-10 20:51:04  0.0
2018-07-10 21:06:04  0.0
2018-07-10 21:21:04  0.0
Setpoints:
[[74.0, 78.0], [74.0, 78.0], [60.0, 85.0], [60.0, 85.0], [60.0, 85.0], [60.0, 85.0], [60.0, 85.0], [60.0, 85.0], [60.0, 85.0], [60.0, 85.0], [60.0, 85.0], [60.0, 85.0], [60.0, 85.0], [60.0, 85.0], [60.0, 85.0], [60.0, 85.0], [60.0, 85.0]]
Time needed to calculate the shortest path:
52.6978979111


2018-07-11 00:51:04
MPC Actions: ['0', '0', '0', '0', '0', '0', '0', '0', '0', '0', '0', '0', '0', '0', '0', '0']
Temperatures following the MPC path:
[79.0, 79.025, 79.05000000000001, 79.075, 79.10000000000001, 79.125, 79.15, 79.17500000000001, 79.17500000000001, 79.17500000000001, 79.17500000000001, 79.17500000000001, 79.17500000000001, 79.17500000000001, 79.15, 79.125, 79.10000000000001]
Safety Constraints:
[[54.0, 86.0], [54.0, 86.0], [54.0, 86.0], [54.0, 86.0], [54.0, 86.0], [54.0, 86.0], [54.0, 86.0], [54.0, 86.0], [54.0, 86.0], [54.0, 86.0], [54.0, 86.0], [54.0, 86.0], [54.0, 86.0], [54.0, 86.0], [54.0, 86.0], [54.0, 86.0], [54.0, 86.0]]
Prices:
[0.6, 0.6, 0.6, 0.6, 0.6, 0.24, 0.24, 0.24, 0.24, 0.24, 0.24, 0.24, 0.24, 0.24, 0.24, 0.24, 0.24, 0.24, 0.24, 0.21, 0.21]
Occ Predictions:
                       0
2018-07-10 17:36:04  0.0
2018-07-10 17:51:04  0.0
2018-07-10 18:06:04  0.0
2018-07-10 18:21:04  0.0
2018-07-10 18:36:04  0.0
2018-07-10 18:51:04  0.0
2018-07-10 19:06:04  0.0
2018-07-10 19:21:04  0.0
2018-07-10 19:36:04  0.0
2018-07-10 19:51:04  0.0
2018-07-10 20:06:04  0.0
2018-07-10 20:21:04  0.0
2018-07-10 20:36:04  0.0
2018-07-10 20:51:04  0.0
2018-07-10 21:06:04  0.0
2018-07-10 21:21:04  0.0
2018-07-10 21:36:04  0.0
Setpoints:
[[74.0, 78.0], [60.0, 85.0], [60.0, 85.0], [60.0, 85.0], [60.0, 85.0], [60.0, 85.0], [60.0, 85.0], [60.0, 85.0], [60.0, 85.0], [60.0, 85.0], [60.0, 85.0], [60.0, 85.0], [60.0, 85.0], [60.0, 85.0], [60.0, 85.0], [60.0, 85.0], [60.0, 85.0]]
Time needed to calculate the shortest path:
49.7174229622


2018-07-11 01:06:04
MPC Actions: ['0', '0', '0', '0', '0', '0', '0', '0', '0', '0', '0', '0', '0', '0', '0', '0']
Temperatures following the MPC path:
[79.0, 79.025, 79.05000000000001, 79.075, 79.10000000000001, 79.125, 79.15, 79.17500000000001, 79.2, 79.2, 79.2, 79.2, 79.2, 79.17500000000001, 79.15, 79.125, 79.125]
Safety Constraints:
[[54.0, 86.0], [54.0, 86.0], [54.0, 86.0], [54.0, 86.0], [54.0, 86.0], [54.0, 86.0], [54.0, 86.0], [54.0, 86.0], [54.0, 86.0], [54.0, 86.0], [54.0, 86.0], [54.0, 86.0], [54.0, 86.0], [54.0, 86.0], [54.0, 86.0], [54.0, 86.0], [54.0, 86.0]]
Prices:
[0.24, 0.24, 0.24, 0.24, 0.24, 0.24, 0.24, 0.24, 0.24, 0.24, 0.24, 0.24, 0.24, 0.24, 0.21, 0.21, 0.21]
Occ Predictions:
                       0
2018-07-10 17:51:04  0.0
2018-07-10 18:06:04  0.0
2018-07-10 18:21:04  0.0
2018-07-10 18:36:04  0.0
2018-07-10 18:51:04  0.0
2018-07-10 19:06:04  0.0
2018-07-10 19:21:04  0.0
2018-07-10 19:36:04  0.0
2018-07-10 19:51:04  0.0
2018-07-10 20:06:04  0.0
2018-07-10 20:21:04  0.0
2018-07-10 20:36:04  0.0
2018-07-10 20:51:04  0.0
2018-07-10 21:06:04  0.0
2018-07-10 21:21:04  0.0
2018-07-10 21:36:04  0.0
2018-07-10 21:51:04  0.0
Setpoints:
[[60.0, 85.0], [60.0, 85.0], [60.0, 85.0], [60.0, 85.0], [60.0, 85.0], [60.0, 85.0], [60.0, 85.0], [60.0, 85.0], [60.0, 85.0], [60.0, 85.0], [60.0, 85.0], [60.0, 85.0], [60.0, 85.0], [60.0, 85.0], [60.0, 85.0], [60.0, 85.0], [60.0, 85.0]]
Time needed to calculate the shortest path:
54.1435160637


2018-07-11 01:21:04
MPC Actions: ['0', '0', '0', '0', '0', '0', '0', '0', '0', '0', '0', '0', '0', '0', '0', '0']
Temperatures following the MPC path:
[80.0, 80.0, 80.0, 80.0, 79.97500000000001, 79.97500000000001, 79.97500000000001, 79.97500000000001, 79.95, 79.92500000000001, 79.9, 79.875, 79.825, 79.775, 79.75, 79.72500000000001, 79.67500000000001]
Safety Constraints:
[[54.0, 86.0], [54.0, 86.0], [54.0, 86.0], [54.0, 86.0], [54.0, 86.0], [54.0, 86.0], [54.0, 86.0], [54.0, 86.0], [54.0, 86.0], [54.0, 86.0], [54.0, 86.0], [54.0, 86.0], [54.0, 86.0], [54.0, 86.0], [54.0, 86.0], [54.0, 86.0], [54.0, 86.0]]
Prices:
[0.24, 0.24, 0.24, 0.24, 0.24, 0.24, 0.24, 0.24, 0.24, 0.24, 0.24, 0.24, 0.24, 0.21, 0.21, 0.21, 0.21]
Occ Predictions:
                       0
2018-07-10 18:06:04  0.0
2018-07-10 18:21:04  0.0
2018-07-10 18:36:04  0.0
2018-07-10 18:51:04  0.0
2018-07-10 19:06:04  0.0
2018-07-10 19:21:04  0.0
2018-07-10 19:36:04  0.0
2018-07-10 19:51:04  0.0
2018-07-10 20:06:04  0.0
2018-07-10 20:21:04  0.0
2018-07-10 20:36:04  0.0
2018-07-10 20:51:04  0.0
2018-07-10 21:06:04  0.0
2018-07-10 21:21:04  0.0
2018-07-10 21:36:04  0.0
2018-07-10 21:51:04  0.0
2018-07-10 22:06:04  0.0
Setpoints:
[[60.0, 85.0], [60.0, 85.0], [60.0, 85.0], [60.0, 85.0], [60.0, 85.0], [60.0, 85.0], [60.0, 85.0], [60.0, 85.0], [60.0, 85.0], [60.0, 85.0], [60.0, 85.0], [60.0, 85.0], [60.0, 85.0], [60.0, 85.0], [60.0, 85.0], [60.0, 85.0], [60.0, 85.0]]
Time needed to calculate the shortest path:
68.0179390907


2018-07-11 01:36:04
MPC Actions: ['0', '0', '0', '0', '0', '0', '0', '0', '0', '0', '0', '0', '0', '0', '0', '0']
Temperatures following the MPC path:
[80.0, 80.0, 80.0, 80.0, 80.0, 80.0, 80.0, 79.97500000000001, 79.95, 79.92500000000001, 79.9, 79.875, 79.85000000000001, 79.825, 79.80000000000001, 79.75, 79.7]
Safety Constraints:
[[54.0, 86.0], [54.0, 86.0], [54.0, 86.0], [54.0, 86.0], [54.0, 86.0], [54.0, 86.0], [54.0, 86.0], [54.0, 86.0], [54.0, 86.0], [54.0, 86.0], [54.0, 86.0], [54.0, 86.0], [54.0, 86.0], [54.0, 86.0], [54.0, 86.0], [54.0, 86.0], [54.0, 86.0]]
Prices:
[0.24, 0.24, 0.24, 0.24, 0.24, 0.24, 0.24, 0.24, 0.24, 0.24, 0.24, 0.24, 0.21, 0.21, 0.21, 0.21, 0.21]
Occ Predictions:
                       0
2018-07-10 18:21:04  0.0
2018-07-10 18:36:04  0.0
2018-07-10 18:51:04  0.0
2018-07-10 19:06:04  0.0
2018-07-10 19:21:04  0.0
2018-07-10 19:36:04  0.0
2018-07-10 19:51:04  0.0
2018-07-10 20:06:04  0.0
2018-07-10 20:21:04  0.0
2018-07-10 20:36:04  0.0
2018-07-10 20:51:04  0.0
2018-07-10 21:06:04  0.0
2018-07-10 21:21:04  0.0
2018-07-10 21:36:04  0.0
2018-07-10 21:51:04  0.0
2018-07-10 22:06:04  0.0
2018-07-10 22:21:04  0.0
Setpoints:
[[60.0, 85.0], [60.0, 85.0], [60.0, 85.0], [60.0, 85.0], [60.0, 85.0], [60.0, 85.0], [60.0, 85.0], [60.0, 85.0], [60.0, 85.0], [60.0, 85.0], [60.0, 85.0], [60.0, 85.0], [60.0, 85.0], [60.0, 85.0], [60.0, 85.0], [60.0, 85.0], [60.0, 85.0]]
Time needed to calculate the shortest path:
64.9707980156


2018-07-11 01:51:04
MPC Actions: ['0', '0', '0', '0', '0', '0', '0', '0', '0', '0', '0', '0', '0', '0', '0', '0']
Temperatures following the MPC path:
[80.0, 80.0, 80.0, 80.0, 80.0, 80.0, 79.97500000000001, 79.95, 79.92500000000001, 79.9, 79.875, 79.85000000000001, 79.825, 79.80000000000001, 79.75, 79.7, 79.67500000000001]
Safety Constraints:
[[54.0, 86.0], [54.0, 86.0], [54.0, 86.0], [54.0, 86.0], [54.0, 86.0], [54.0, 86.0], [54.0, 86.0], [54.0, 86.0], [54.0, 86.0], [54.0, 86.0], [54.0, 86.0], [54.0, 86.0], [54.0, 86.0], [54.0, 86.0], [54.0, 86.0], [54.0, 86.0], [54.0, 86.0]]
Prices:
[0.24, 0.24, 0.24, 0.24, 0.24, 0.24, 0.24, 0.24, 0.24, 0.24, 0.24, 0.21, 0.21, 0.21, 0.21, 0.21, 0.21]
Occ Predictions:
                       0
2018-07-10 18:36:04  0.0
2018-07-10 18:51:04  0.0
2018-07-10 19:06:04  0.0
2018-07-10 19:21:04  0.0
2018-07-10 19:36:04  0.0
2018-07-10 19:51:04  0.0
2018-07-10 20:06:04  0.0
2018-07-10 20:21:04  0.0
2018-07-10 20:36:04  0.0
2018-07-10 20:51:04  0.0
2018-07-10 21:06:04  0.0
2018-07-10 21:21:04  0.0
2018-07-10 21:36:04  0.0
2018-07-10 21:51:04  0.0
2018-07-10 22:06:04  0.0
2018-07-10 22:21:04  0.0
2018-07-10 22:36:04  0.0
Setpoints:
[[60.0, 85.0], [60.0, 85.0], [60.0, 85.0], [60.0, 85.0], [60.0, 85.0], [60.0, 85.0], [60.0, 85.0], [60.0, 85.0], [60.0, 85.0], [60.0, 85.0], [60.0, 85.0], [60.0, 85.0], [60.0, 85.0], [60.0, 85.0], [60.0, 85.0], [60.0, 85.0], [60.0, 85.0]]
Time needed to calculate the shortest path:
65.037184


2018-07-11 02:06:04
MPC Actions: ['0', '0', '0', '0', '0', '0', '0', '0', '0', '0', '0', '0', '0', '0', '0', '0']
Temperatures following the MPC path:
[80.0, 80.0, 80.0, 80.0, 80.0, 79.97500000000001, 79.95, 79.92500000000001, 79.9, 79.875, 79.85000000000001, 79.825, 79.80000000000001, 79.75, 79.7, 79.67500000000001, 79.65]
Safety Constraints:
[[54.0, 86.0], [54.0, 86.0], [54.0, 86.0], [54.0, 86.0], [54.0, 86.0], [54.0, 86.0], [54.0, 86.0], [54.0, 86.0], [54.0, 86.0], [54.0, 86.0], [54.0, 86.0], [54.0, 86.0], [54.0, 86.0], [54.0, 86.0], [54.0, 86.0], [54.0, 86.0], [54.0, 86.0]]
Prices:
[0.24, 0.24, 0.24, 0.24, 0.24, 0.24, 0.24, 0.24, 0.24, 0.24, 0.21, 0.21, 0.21, 0.21, 0.21, 0.21, 0.21]
Occ Predictions:
                       0
2018-07-10 18:51:04  0.0
2018-07-10 19:06:04  0.0
2018-07-10 19:21:04  0.0
2018-07-10 19:36:04  0.0
2018-07-10 19:51:04  0.0
2018-07-10 20:06:04  0.0
2018-07-10 20:21:04  0.0
2018-07-10 20:36:04  0.0
2018-07-10 20:51:04  0.0
2018-07-10 21:06:04  0.0
2018-07-10 21:21:04  0.0
2018-07-10 21:36:04  0.0
2018-07-10 21:51:04  0.0
2018-07-10 22:06:04  0.0
2018-07-10 22:21:04  0.0
2018-07-10 22:36:04  0.0
2018-07-10 22:51:04  0.0
Setpoints:
[[60.0, 85.0], [60.0, 85.0], [60.0, 85.0], [60.0, 85.0], [60.0, 85.0], [60.0, 85.0], [60.0, 85.0], [60.0, 85.0], [60.0, 85.0], [60.0, 85.0], [60.0, 85.0], [60.0, 85.0], [60.0, 85.0], [60.0, 85.0], [60.0, 85.0], [60.0, 85.0], [60.0, 85.0]]
Time needed to calculate the shortest path:
63.6380259991


2018-07-11 02:21:04
MPC Actions: ['0', '0', '0', '0', '0', '0', '0', '0', '0', '0', '0', '0', '0', '0', '0', '0']
Temperatures following the MPC path:
[80.0, 80.0, 80.0, 80.0, 79.97500000000001, 79.95, 79.92500000000001, 79.9, 79.875, 79.85000000000001, 79.825, 79.80000000000001, 79.75, 79.7, 79.67500000000001, 79.65, 79.60000000000001]
Safety Constraints:
[[54.0, 86.0], [54.0, 86.0], [54.0, 86.0], [54.0, 86.0], [54.0, 86.0], [54.0, 86.0], [54.0, 86.0], [54.0, 86.0], [54.0, 86.0], [54.0, 86.0], [54.0, 86.0], [54.0, 86.0], [54.0, 86.0], [54.0, 86.0], [54.0, 86.0], [54.0, 86.0], [54.0, 86.0]]
Prices:
[0.24, 0.24, 0.24, 0.24, 0.24, 0.24, 0.24, 0.24, 0.24, 0.21, 0.21, 0.21, 0.21, 0.21, 0.21, 0.21, 0.21]
Occ Predictions:
                       0
2018-07-10 19:06:04  0.0
2018-07-10 19:21:04  0.0
2018-07-10 19:36:04  0.0
2018-07-10 19:51:04  0.0
2018-07-10 20:06:04  0.0
2018-07-10 20:21:04  0.0
2018-07-10 20:36:04  0.0
2018-07-10 20:51:04  0.0
2018-07-10 21:06:04  0.0
2018-07-10 21:21:04  0.0
2018-07-10 21:36:04  0.0
2018-07-10 21:51:04  0.0
2018-07-10 22:06:04  0.0
2018-07-10 22:21:04  0.0
2018-07-10 22:36:04  0.0
2018-07-10 22:51:04  0.0
2018-07-10 23:06:04  0.0
Setpoints:
[[60.0, 85.0], [60.0, 85.0], [60.0, 85.0], [60.0, 85.0], [60.0, 85.0], [60.0, 85.0], [60.0, 85.0], [60.0, 85.0], [60.0, 85.0], [60.0, 85.0], [60.0, 85.0], [60.0, 85.0], [60.0, 85.0], [60.0, 85.0], [60.0, 85.0], [60.0, 85.0], [60.0, 85.0]]
Time needed to calculate the shortest path:
65.0805091858


2018-07-11 02:36:04
MPC Actions: ['0', '0', '0', '0', '0', '0', '0', '0', '0', '0', '0', '0', '0', '0', '0', '0']
Temperatures following the MPC path:
[80.0, 80.0, 80.0, 79.97500000000001, 79.95, 79.92500000000001, 79.9, 79.875, 79.85000000000001, 79.825, 79.80000000000001, 79.75, 79.7, 79.65, 79.625, 79.575, 79.55000000000001]
Safety Constraints:
[[54.0, 86.0], [54.0, 86.0], [54.0, 86.0], [54.0, 86.0], [54.0, 86.0], [54.0, 86.0], [54.0, 86.0], [54.0, 86.0], [54.0, 86.0], [54.0, 86.0], [54.0, 86.0], [54.0, 86.0], [54.0, 86.0], [54.0, 86.0], [54.0, 86.0], [54.0, 86.0], [54.0, 86.0]]
Prices:
[0.24, 0.24, 0.24, 0.24, 0.24, 0.24, 0.24, 0.24, 0.21, 0.21, 0.21, 0.21, 0.21, 0.21, 0.21, 0.21, 0.21]
Occ Predictions:
                       0
2018-07-10 19:21:04  0.0
2018-07-10 19:36:04  0.0
2018-07-10 19:51:04  0.0
2018-07-10 20:06:04  0.0
2018-07-10 20:21:04  0.0
2018-07-10 20:36:04  0.0
2018-07-10 20:51:04  0.0
2018-07-10 21:06:04  0.0
2018-07-10 21:21:04  0.0
2018-07-10 21:36:04  0.0
2018-07-10 21:51:04  0.0
2018-07-10 22:06:04  0.0
2018-07-10 22:21:04  0.0
2018-07-10 22:36:04  0.0
2018-07-10 22:51:04  0.0
2018-07-10 23:06:04  0.0
2018-07-10 23:21:04  0.0
Setpoints:
[[60.0, 85.0], [60.0, 85.0], [60.0, 85.0], [60.0, 85.0], [60.0, 85.0], [60.0, 85.0], [60.0, 85.0], [60.0, 85.0], [60.0, 85.0], [60.0, 85.0], [60.0, 85.0], [60.0, 85.0], [60.0, 85.0], [60.0, 85.0], [60.0, 85.0], [60.0, 85.0], [60.0, 85.0]]
Time needed to calculate the shortest path:
63.2718248367


2018-07-11 02:51:04
MPC Actions: ['0', '0', '0', '0', '0', '0', '0', '0', '0', '0', '0', '0', '0', '0', '0', '0']
Temperatures following the MPC path:
[80.0, 80.0, 79.97500000000001, 79.95, 79.92500000000001, 79.9, 79.85000000000001, 79.825, 79.80000000000001, 79.775, 79.72500000000001, 79.67500000000001, 79.625, 79.575, 79.525, 79.5, 79.47500000000001]
Safety Constraints:
[[54.0, 86.0], [54.0, 86.0], [54.0, 86.0], [54.0, 86.0], [54.0, 86.0], [54.0, 86.0], [54.0, 86.0], [54.0, 86.0], [54.0, 86.0], [54.0, 86.0], [54.0, 86.0], [54.0, 86.0], [54.0, 86.0], [54.0, 86.0], [54.0, 86.0], [54.0, 86.0], [54.0, 86.0]]
Prices:
[0.24, 0.24, 0.24, 0.24, 0.24, 0.24, 0.24, 0.21, 0.21, 0.21, 0.21, 0.21, 0.21, 0.21, 0.21, 0.21, 0.21]
Occ Predictions:
                       0
2018-07-10 19:36:04  0.0
2018-07-10 19:51:04  0.0
2018-07-10 20:06:04  0.0
2018-07-10 20:21:04  0.0
2018-07-10 20:36:04  0.0
2018-07-10 20:51:04  0.0
2018-07-10 21:06:04  0.0
2018-07-10 21:21:04  0.0
2018-07-10 21:36:04  0.0
2018-07-10 21:51:04  0.0
2018-07-10 22:06:04  0.0
2018-07-10 22:21:04  0.0
2018-07-10 22:36:04  0.0
2018-07-10 22:51:04  0.0
2018-07-10 23:06:04  0.0
2018-07-10 23:21:04  0.0
2018-07-10 23:36:04  0.0
Setpoints:
[[60.0, 85.0], [60.0, 85.0], [60.0, 85.0], [60.0, 85.0], [60.0, 85.0], [60.0, 85.0], [60.0, 85.0], [60.0, 85.0], [60.0, 85.0], [60.0, 85.0], [60.0, 85.0], [60.0, 85.0], [60.0, 85.0], [60.0, 85.0], [60.0, 85.0], [60.0, 85.0], [60.0, 85.0]]
Time needed to calculate the shortest path:
63.2283709049


2018-07-11 03:06:04
MPC Actions: ['0', '0', '0', '0', '0', '0', '0', '0', '0', '0', '0', '0', '0', '0', '0', '0']
Temperatures following the MPC path:
[80.0, 79.97500000000001, 79.95, 79.92500000000001, 79.9, 79.85000000000001, 79.825, 79.80000000000001, 79.775, 79.72500000000001, 79.67500000000001, 79.625, 79.575, 79.525, 79.5, 79.47500000000001, 79.45]
Safety Constraints:
[[54.0, 86.0], [54.0, 86.0], [54.0, 86.0], [54.0, 86.0], [54.0, 86.0], [54.0, 86.0], [54.0, 86.0], [54.0, 86.0], [54.0, 86.0], [54.0, 86.0], [54.0, 86.0], [54.0, 86.0], [54.0, 86.0], [54.0, 86.0], [54.0, 86.0], [54.0, 86.0], [54.0, 86.0]]
Prices:
[0.24, 0.24, 0.24, 0.24, 0.24, 0.24, 0.21, 0.21, 0.21, 0.21, 0.21, 0.21, 0.21, 0.21, 0.21, 0.21, 0.21]
Occ Predictions:
                       0
2018-07-10 19:51:04  0.0
2018-07-10 20:06:04  0.0
2018-07-10 20:21:04  0.0
2018-07-10 20:36:04  0.0
2018-07-10 20:51:04  0.0
2018-07-10 21:06:04  0.0
2018-07-10 21:21:04  0.0
2018-07-10 21:36:04  0.0
2018-07-10 21:51:04  0.0
2018-07-10 22:06:04  0.0
2018-07-10 22:21:04  0.0
2018-07-10 22:36:04  0.0
2018-07-10 22:51:04  0.0
2018-07-10 23:06:04  0.0
2018-07-10 23:21:04  0.0
2018-07-10 23:36:04  0.0
2018-07-10 23:51:04  0.0
Setpoints:
[[60.0, 85.0], [60.0, 85.0], [60.0, 85.0], [60.0, 85.0], [60.0, 85.0], [60.0, 85.0], [60.0, 85.0], [60.0, 85.0], [60.0, 85.0], [60.0, 85.0], [60.0, 85.0], [60.0, 85.0], [60.0, 85.0], [60.0, 85.0], [60.0, 85.0], [60.0, 85.0], [60.0, 85.0]]
Time needed to calculate the shortest path:
65.0842821598


2018-07-11 03:21:04
MPC Actions: ['0', '0', '0', '0', '0', '0', '0', '0', '0', '0', '0', '0', '0', '0', '0', '0']
Temperatures following the MPC path:
[80.0, 79.97500000000001, 79.95, 79.92500000000001, 79.875, 79.825, 79.775, 79.75, 79.7, 79.65, 79.60000000000001, 79.55000000000001, 79.5, 79.45, 79.42500000000001, 79.4, 79.35000000000001]
Safety Constraints:
[[54.0, 86.0], [54.0, 86.0], [54.0, 86.0], [54.0, 86.0], [54.0, 86.0], [54.0, 86.0], [54.0, 86.0], [54.0, 86.0], [54.0, 86.0], [54.0, 86.0], [54.0, 86.0], [54.0, 86.0], [54.0, 86.0], [54.0, 86.0], [54.0, 86.0], [54.0, 86.0], [54.0, 86.0]]
Prices:
[0.24, 0.24, 0.24, 0.24, 0.24, 0.21, 0.21, 0.21, 0.21, 0.21, 0.21, 0.21, 0.21, 0.21, 0.21, 0.21, 0.21]
Occ Predictions:
                       0
2018-07-10 20:06:04  1.0
2018-07-10 20:21:04  0.0
2018-07-10 20:36:04  0.0
2018-07-10 20:51:04  0.0
2018-07-10 21:06:04  0.0
2018-07-10 21:21:04  0.0
2018-07-10 21:36:04  0.0
2018-07-10 21:51:04  0.0
2018-07-10 22:06:04  0.0
2018-07-10 22:21:04  0.0
2018-07-10 22:36:04  0.0
2018-07-10 22:51:04  0.0
2018-07-10 23:06:04  0.0
2018-07-10 23:21:04  0.0
2018-07-10 23:36:04  0.0
2018-07-10 23:51:04  0.0
2018-07-11 00:06:04  0.0
Setpoints:
[[60.0, 85.0], [60.0, 85.0], [60.0, 85.0], [60.0, 85.0], [60.0, 85.0], [60.0, 85.0], [60.0, 85.0], [60.0, 85.0], [60.0, 85.0], [60.0, 85.0], [60.0, 85.0], [60.0, 85.0], [60.0, 85.0], [60.0, 85.0], [60.0, 85.0], [60.0, 85.0], [60.0, 85.0]]
Time needed to calculate the shortest path:
64.3782610893


2018-07-11 03:36:04
MPC Actions: ['0', '0', '0', '0', '0', '0', '0', '0', '0', '0', '0', '0', '0', '0', '0', '0']
Temperatures following the MPC path:
[80.0, 79.97500000000001, 79.95, 79.92500000000001, 79.9, 79.875, 79.85000000000001, 79.80000000000001, 79.75, 79.7, 79.67500000000001, 79.625, 79.60000000000001, 79.575, 79.55000000000001, 79.5, 79.45]
Safety Constraints:
[[54.0, 86.0], [54.0, 86.0], [54.0, 86.0], [54.0, 86.0], [54.0, 86.0], [54.0, 86.0], [54.0, 86.0], [54.0, 86.0], [54.0, 86.0], [54.0, 86.0], [54.0, 86.0], [54.0, 86.0], [54.0, 86.0], [54.0, 86.0], [54.0, 86.0], [54.0, 86.0], [54.0, 86.0]]
Prices:
[0.24, 0.24, 0.24, 0.24, 0.21, 0.21, 0.21, 0.21, 0.21, 0.21, 0.21, 0.21, 0.21, 0.21, 0.21, 0.21, 0.21]
Occ Predictions:
                       0
2018-07-10 20:21:04  0.0
2018-07-10 20:36:04  0.0
2018-07-10 20:51:04  0.0
2018-07-10 21:06:04  0.0
2018-07-10 21:21:04  0.0
2018-07-10 21:36:04  0.0
2018-07-10 21:51:04  0.0
2018-07-10 22:06:04  0.0
2018-07-10 22:21:04  0.0
2018-07-10 22:36:04  0.0
2018-07-10 22:51:04  0.0
2018-07-10 23:06:04  0.0
2018-07-10 23:21:04  0.0
2018-07-10 23:36:04  0.0
2018-07-10 23:51:04  0.0
2018-07-11 00:06:04  0.0
2018-07-11 00:21:04  0.0
Setpoints:
[[60.0, 85.0], [60.0, 85.0], [60.0, 85.0], [60.0, 85.0], [60.0, 85.0], [60.0, 85.0], [60.0, 85.0], [60.0, 85.0], [60.0, 85.0], [60.0, 85.0], [60.0, 85.0], [60.0, 85.0], [60.0, 85.0], [60.0, 85.0], [60.0, 85.0], [60.0, 85.0], [60.0, 85.0]]
Time needed to calculate the shortest path:
71.0846600533


2018-07-11 03:51:04
MPC Actions: ['0', '0', '0', '0', '0', '0', '0', '0', '0', '0', '0', '0', '0', '0', '0', '0']
Temperatures following the MPC path:
[80.0, 79.97500000000001, 79.92500000000001, 79.875, 79.825, 79.775, 79.72500000000001, 79.67500000000001, 79.625, 79.575, 79.525, 79.47500000000001, 79.42500000000001, 79.4, 79.35000000000001, 79.30000000000001, 79.25]
Safety Constraints:
[[54.0, 86.0], [54.0, 86.0], [54.0, 86.0], [54.0, 86.0], [54.0, 86.0], [54.0, 86.0], [54.0, 86.0], [54.0, 86.0], [54.0, 86.0], [54.0, 86.0], [54.0, 86.0], [54.0, 86.0], [54.0, 86.0], [54.0, 86.0], [54.0, 86.0], [54.0, 86.0], [54.0, 86.0]]
Prices:
[0.24, 0.24, 0.24, 0.21, 0.21, 0.21, 0.21, 0.21, 0.21, 0.21, 0.21, 0.21, 0.21, 0.21, 0.21, 0.21, 0.21]
Occ Predictions:
                       0
2018-07-10 20:36:04  0.0
2018-07-10 20:51:04  0.0
2018-07-10 21:06:04  0.0
2018-07-10 21:21:04  0.0
2018-07-10 21:36:04  0.0
2018-07-10 21:51:04  0.0
2018-07-10 22:06:04  0.0
2018-07-10 22:21:04  0.0
2018-07-10 22:36:04  0.0
2018-07-10 22:51:04  0.0
2018-07-10 23:06:04  0.0
2018-07-10 23:21:04  0.0
2018-07-10 23:36:04  0.0
2018-07-10 23:51:04  0.0
2018-07-11 00:06:04  0.0
2018-07-11 00:21:04  0.0
2018-07-11 00:36:04  0.0
Setpoints:
[[60.0, 85.0], [60.0, 85.0], [60.0, 85.0], [60.0, 85.0], [60.0, 85.0], [60.0, 85.0], [60.0, 85.0], [60.0, 85.0], [60.0, 85.0], [60.0, 85.0], [60.0, 85.0], [60.0, 85.0], [60.0, 85.0], [60.0, 85.0], [60.0, 85.0], [60.0, 85.0], [60.0, 85.0]]
Time needed to calculate the shortest path:
62.4516789913


2018-07-11 04:06:04
MPC Actions: ['0', '0', '0', '0', '0', '0', '0', '0', '0', '0', '0', '0', '0', '0', '0', '0']
Temperatures following the MPC path:
[80.0, 79.97500000000001, 79.95, 79.92500000000001, 79.9, 79.85000000000001, 79.80000000000001, 79.75, 79.7, 79.65, 79.625, 79.60000000000001, 79.575, 79.525, 79.47500000000001, 79.45, 79.42500000000001]
Safety Constraints:
[[54.0, 86.0], [54.0, 86.0], [54.0, 86.0], [54.0, 86.0], [54.0, 86.0], [54.0, 86.0], [54.0, 86.0], [54.0, 86.0], [54.0, 86.0], [54.0, 86.0], [54.0, 86.0], [54.0, 86.0], [54.0, 86.0], [54.0, 86.0], [54.0, 86.0], [54.0, 86.0], [54.0, 86.0]]
Prices:
[0.24, 0.24, 0.21, 0.21, 0.21, 0.21, 0.21, 0.21, 0.21, 0.21, 0.21, 0.21, 0.21, 0.21, 0.21, 0.21, 0.21]
Occ Predictions:
                       0
2018-07-10 20:51:04  0.0
2018-07-10 21:06:04  0.0
2018-07-10 21:21:04  0.0
2018-07-10 21:36:04  0.0
2018-07-10 21:51:04  0.0
2018-07-10 22:06:04  0.0
2018-07-10 22:21:04  0.0
2018-07-10 22:36:04  0.0
2018-07-10 22:51:04  0.0
2018-07-10 23:06:04  0.0
2018-07-10 23:21:04  0.0
2018-07-10 23:36:04  0.0
2018-07-10 23:51:04  0.0
2018-07-11 00:06:04  0.0
2018-07-11 00:21:04  0.0
2018-07-11 00:36:04  0.0
2018-07-11 00:51:04  0.0
Setpoints:
[[60.0, 85.0], [60.0, 85.0], [60.0, 85.0], [60.0, 85.0], [60.0, 85.0], [60.0, 85.0], [60.0, 85.0], [60.0, 85.0], [60.0, 85.0], [60.0, 85.0], [60.0, 85.0], [60.0, 85.0], [60.0, 85.0], [60.0, 85.0], [60.0, 85.0], [60.0, 85.0], [60.0, 85.0]]
Time needed to calculate the shortest path:
70.1495518684


2018-07-11 04:21:04
MPC Actions: ['0', '0', '0', '0', '0', '0', '0', '0', '0', '0', '0', '0', '0', '0', '0', '0']
Temperatures following the MPC path:
[80.0, 79.95, 79.9, 79.875, 79.825, 79.775, 79.72500000000001, 79.67500000000001, 79.625, 79.575, 79.525, 79.5, 79.45, 79.4, 79.35000000000001, 79.325, 79.275]
Safety Constraints:
[[54.0, 86.0], [54.0, 86.0], [54.0, 86.0], [54.0, 86.0], [54.0, 86.0], [54.0, 86.0], [54.0, 86.0], [54.0, 86.0], [54.0, 86.0], [54.0, 86.0], [54.0, 86.0], [54.0, 86.0], [54.0, 86.0], [54.0, 86.0], [54.0, 86.0], [54.0, 86.0], [54.0, 86.0]]
Prices:
[0.24, 0.21, 0.21, 0.21, 0.21, 0.21, 0.21, 0.21, 0.21, 0.21, 0.21, 0.21, 0.21, 0.21, 0.21, 0.21, 0.21]
Occ Predictions:
                       0
2018-07-10 21:06:04  0.0
2018-07-10 21:21:04  0.0
2018-07-10 21:36:04  0.0
2018-07-10 21:51:04  0.0
2018-07-10 22:06:04  0.0
2018-07-10 22:21:04  0.0
2018-07-10 22:36:04  0.0
2018-07-10 22:51:04  0.0
2018-07-10 23:06:04  0.0
2018-07-10 23:21:04  0.0
2018-07-10 23:36:04  0.0
2018-07-10 23:51:04  0.0
2018-07-11 00:06:04  0.0
2018-07-11 00:21:04  0.0
2018-07-11 00:36:04  0.0
2018-07-11 00:51:04  0.0
2018-07-11 01:06:04  0.0
Setpoints:
[[60.0, 85.0], [60.0, 85.0], [60.0, 85.0], [60.0, 85.0], [60.0, 85.0], [60.0, 85.0], [60.0, 85.0], [60.0, 85.0], [60.0, 85.0], [60.0, 85.0], [60.0, 85.0], [60.0, 85.0], [60.0, 85.0], [60.0, 85.0], [60.0, 85.0], [60.0, 85.0], [60.0, 85.0]]
Time needed to calculate the shortest path:
76.6725671291


2018-07-11 04:36:04
MPC Actions: ['0', '0', '0', '0', '0', '0', '0', '0', '0', '0', '0', '0', '0', '0', '0', '0']
Temperatures following the MPC path:
[80.0, 79.95, 79.9, 79.85000000000001, 79.80000000000001, 79.75, 79.7, 79.65, 79.60000000000001, 79.55000000000001, 79.5, 79.45, 79.4, 79.35000000000001, 79.30000000000001, 79.25, 79.2]
Safety Constraints:
[[54.0, 86.0], [54.0, 86.0], [54.0, 86.0], [54.0, 86.0], [54.0, 86.0], [54.0, 86.0], [54.0, 86.0], [54.0, 86.0], [54.0, 86.0], [54.0, 86.0], [54.0, 86.0], [54.0, 86.0], [54.0, 86.0], [54.0, 86.0], [54.0, 86.0], [54.0, 86.0], [54.0, 86.0]]
Prices:
[0.21, 0.21, 0.21, 0.21, 0.21, 0.21, 0.21, 0.21, 0.21, 0.21, 0.21, 0.21, 0.21, 0.21, 0.21, 0.21, 0.21]
Occ Predictions:
                       0
2018-07-10 21:21:04  0.0
2018-07-10 21:36:04  0.0
2018-07-10 21:51:04  0.0
2018-07-10 22:06:04  0.0
2018-07-10 22:21:04  0.0
2018-07-10 22:36:04  0.0
2018-07-10 22:51:04  0.0
2018-07-10 23:06:04  0.0
2018-07-10 23:21:04  0.0
2018-07-10 23:36:04  0.0
2018-07-10 23:51:04  0.0
2018-07-11 00:06:04  0.0
2018-07-11 00:21:04  0.0
2018-07-11 00:36:04  0.0
2018-07-11 00:51:04  0.0
2018-07-11 01:06:04  0.0
2018-07-11 01:21:04  0.0
Setpoints:
[[60.0, 85.0], [60.0, 85.0], [60.0, 85.0], [60.0, 85.0], [60.0, 85.0], [60.0, 85.0], [60.0, 85.0], [60.0, 85.0], [60.0, 85.0], [60.0, 85.0], [60.0, 85.0], [60.0, 85.0], [60.0, 85.0], [60.0, 85.0], [60.0, 85.0], [60.0, 85.0], [60.0, 85.0]]
Time needed to calculate the shortest path:
69.2950730324


2018-07-11 04:51:04
MPC Actions: ['0', '0', '0', '0', '0', '0', '0', '0', '0', '0', '0', '0', '0', '0', '0', '0']
Temperatures following the MPC path:
[80.0, 79.92500000000001, 79.85000000000001, 79.775, 79.7, 79.625, 79.55000000000001, 79.47500000000001, 79.42500000000001, 79.375, 79.30000000000001, 79.25, 79.2, 79.15, 79.10000000000001, 79.05000000000001, 79.0]
Safety Constraints:
[[54.0, 86.0], [54.0, 86.0], [54.0, 86.0], [54.0, 86.0], [54.0, 86.0], [54.0, 86.0], [54.0, 86.0], [54.0, 86.0], [54.0, 86.0], [54.0, 86.0], [54.0, 86.0], [54.0, 86.0], [54.0, 86.0], [54.0, 86.0], [54.0, 86.0], [54.0, 86.0], [54.0, 86.0]]
Prices:
[0.21, 0.21, 0.21, 0.21, 0.21, 0.21, 0.21, 0.21, 0.21, 0.21, 0.21, 0.21, 0.21, 0.21, 0.21, 0.21, 0.21]
Occ Predictions:
                       0
2018-07-10 21:36:04  0.0
2018-07-10 21:51:04  0.0
2018-07-10 22:06:04  0.0
2018-07-10 22:21:04  0.0
2018-07-10 22:36:04  0.0
2018-07-10 22:51:04  0.0
2018-07-10 23:06:04  0.0
2018-07-10 23:21:04  0.0
2018-07-10 23:36:04  0.0
2018-07-10 23:51:04  0.0
2018-07-11 00:06:04  0.0
2018-07-11 00:21:04  0.0
2018-07-11 00:36:04  0.0
2018-07-11 00:51:04  0.0
2018-07-11 01:06:04  0.0
2018-07-11 01:21:04  0.0
2018-07-11 01:36:04  0.0
Setpoints:
[[60.0, 85.0], [60.0, 85.0], [60.0, 85.0], [60.0, 85.0], [60.0, 85.0], [60.0, 85.0], [60.0, 85.0], [60.0, 85.0], [60.0, 85.0], [60.0, 85.0], [60.0, 85.0], [60.0, 85.0], [60.0, 85.0], [60.0, 85.0], [60.0, 85.0], [60.0, 85.0], [60.0, 85.0]]
Time needed to calculate the shortest path:
66.4073059559


2018-07-11 05:06:04
MPC Actions: ['0', '0', '0', '0', '0', '0', '0', '0', '0', '0', '0', '0', '0', '0', '0', '0']
Temperatures following the MPC path:
[80.0, 79.92500000000001, 79.85000000000001, 79.775, 79.7, 79.625, 79.55000000000001, 79.47500000000001, 79.42500000000001, 79.35000000000001, 79.30000000000001, 79.25, 79.2, 79.15, 79.10000000000001, 79.05000000000001, 79.0]
Safety Constraints:
[[54.0, 86.0], [54.0, 86.0], [54.0, 86.0], [54.0, 86.0], [54.0, 86.0], [54.0, 86.0], [54.0, 86.0], [54.0, 86.0], [54.0, 86.0], [54.0, 86.0], [54.0, 86.0], [54.0, 86.0], [54.0, 86.0], [54.0, 86.0], [54.0, 86.0], [54.0, 86.0], [54.0, 86.0]]
Prices:
[0.21, 0.21, 0.21, 0.21, 0.21, 0.21, 0.21, 0.21, 0.21, 0.21, 0.21, 0.21, 0.21, 0.21, 0.21, 0.21, 0.21]
Occ Predictions:
                       0
2018-07-10 21:51:04  0.0
2018-07-10 22:06:04  0.0
2018-07-10 22:21:04  0.0
2018-07-10 22:36:04  0.0
2018-07-10 22:51:04  0.0
2018-07-10 23:06:04  0.0
2018-07-10 23:21:04  0.0
2018-07-10 23:36:04  0.0
2018-07-10 23:51:04  0.0
2018-07-11 00:06:04  0.0
2018-07-11 00:21:04  0.0
2018-07-11 00:36:04  0.0
2018-07-11 00:51:04  0.0
2018-07-11 01:06:04  0.0
2018-07-11 01:21:04  0.0
2018-07-11 01:36:04  0.0
2018-07-11 01:51:04  0.0
Setpoints:
[[60.0, 85.0], [60.0, 85.0], [60.0, 85.0], [60.0, 85.0], [60.0, 85.0], [60.0, 85.0], [60.0, 85.0], [60.0, 85.0], [60.0, 85.0], [60.0, 85.0], [60.0, 85.0], [60.0, 85.0], [60.0, 85.0], [60.0, 85.0], [60.0, 85.0], [60.0, 85.0], [60.0, 85.0]]
Time needed to calculate the shortest path:
70.8863370419


2018-07-11 05:21:04
MPC Actions: ['0', '0', '0', '0', '0', '0', '0', '0', '0', '0', '0', '0', '0', '0', '0', '0']
Temperatures following the MPC path:
[80.0, 79.92500000000001, 79.875, 79.825, 79.775, 79.72500000000001, 79.67500000000001, 79.625, 79.575, 79.525, 79.47500000000001, 79.42500000000001, 79.375, 79.325, 79.275, 79.22500000000001, 79.17500000000001]
Safety Constraints:
[[54.0, 86.0], [54.0, 86.0], [54.0, 86.0], [54.0, 86.0], [54.0, 86.0], [54.0, 86.0], [54.0, 86.0], [54.0, 86.0], [54.0, 86.0], [54.0, 86.0], [54.0, 86.0], [54.0, 86.0], [54.0, 86.0], [54.0, 86.0], [54.0, 86.0], [54.0, 86.0], [54.0, 86.0]]
Prices:
[0.21, 0.21, 0.21, 0.21, 0.21, 0.21, 0.21, 0.21, 0.21, 0.21, 0.21, 0.21, 0.21, 0.21, 0.21, 0.21, 0.21]
Occ Predictions:
                       0
2018-07-10 22:06:04  0.0
2018-07-10 22:21:04  0.0
2018-07-10 22:36:04  0.0
2018-07-10 22:51:04  0.0
2018-07-10 23:06:04  0.0
2018-07-10 23:21:04  0.0
2018-07-10 23:36:04  0.0
2018-07-10 23:51:04  0.0
2018-07-11 00:06:04  0.0
2018-07-11 00:21:04  0.0
2018-07-11 00:36:04  0.0
2018-07-11 00:51:04  0.0
2018-07-11 01:06:04  0.0
2018-07-11 01:21:04  0.0
2018-07-11 01:36:04  0.0
2018-07-11 01:51:04  0.0
2018-07-11 02:06:04  0.0
Setpoints:
[[60.0, 85.0], [60.0, 85.0], [60.0, 85.0], [60.0, 85.0], [60.0, 85.0], [60.0, 85.0], [60.0, 85.0], [60.0, 85.0], [60.0, 85.0], [60.0, 85.0], [60.0, 85.0], [60.0, 85.0], [60.0, 85.0], [60.0, 85.0], [60.0, 85.0], [60.0, 85.0], [60.0, 85.0]]
Time needed to calculate the shortest path:
75.7354860306


2018-07-11 05:36:04
MPC Actions: ['0', '0', '0', '0', '0', '0', '0', '0', '0', '0', '0', '0', '0', '0', '0', '0']
Temperatures following the MPC path:
[80.0, 79.95, 79.9, 79.85000000000001, 79.80000000000001, 79.75, 79.7, 79.65, 79.60000000000001, 79.55000000000001, 79.5, 79.45, 79.4, 79.35000000000001, 79.30000000000001, 79.25, 79.2]
Safety Constraints:
[[54.0, 86.0], [54.0, 86.0], [54.0, 86.0], [54.0, 86.0], [54.0, 86.0], [54.0, 86.0], [54.0, 86.0], [54.0, 86.0], [54.0, 86.0], [54.0, 86.0], [54.0, 86.0], [54.0, 86.0], [54.0, 86.0], [54.0, 86.0], [54.0, 86.0], [54.0, 86.0], [54.0, 86.0]]
Prices:
[0.21, 0.21, 0.21, 0.21, 0.21, 0.21, 0.21, 0.21, 0.21, 0.21, 0.21, 0.21, 0.21, 0.21, 0.21, 0.21, 0.21]
Occ Predictions:
                       0
2018-07-10 22:21:04  0.0
2018-07-10 22:36:04  0.0
2018-07-10 22:51:04  0.0
2018-07-10 23:06:04  0.0
2018-07-10 23:21:04  0.0
2018-07-10 23:36:04  0.0
2018-07-10 23:51:04  0.0
2018-07-11 00:06:04  0.0
2018-07-11 00:21:04  0.0
2018-07-11 00:36:04  0.0
2018-07-11 00:51:04  0.0
2018-07-11 01:06:04  0.0
2018-07-11 01:21:04  0.0
2018-07-11 01:36:04  0.0
2018-07-11 01:51:04  0.0
2018-07-11 02:06:04  0.0
2018-07-11 02:21:04  0.0
Setpoints:
[[60.0, 85.0], [60.0, 85.0], [60.0, 85.0], [60.0, 85.0], [60.0, 85.0], [60.0, 85.0], [60.0, 85.0], [60.0, 85.0], [60.0, 85.0], [60.0, 85.0], [60.0, 85.0], [60.0, 85.0], [60.0, 85.0], [60.0, 85.0], [60.0, 85.0], [60.0, 85.0], [60.0, 85.0]]
Time needed to calculate the shortest path:
74.1373898983


2018-07-11 05:51:04
MPC Actions: ['0', '0', '0', '0', '0', '0', '0', '0', '0', '0', '0', '0', '0', '0', '0', '0']
Temperatures following the MPC path:
[80.0, 79.92500000000001, 79.85000000000001, 79.775, 79.72500000000001, 79.67500000000001, 79.60000000000001, 79.55000000000001, 79.5, 79.45, 79.4, 79.35000000000001, 79.30000000000001, 79.25, 79.2, 79.15, 79.10000000000001]
Safety Constraints:
[[54.0, 86.0], [54.0, 86.0], [54.0, 86.0], [54.0, 86.0], [54.0, 86.0], [54.0, 86.0], [54.0, 86.0], [54.0, 86.0], [54.0, 86.0], [54.0, 86.0], [54.0, 86.0], [54.0, 86.0], [54.0, 86.0], [54.0, 86.0], [54.0, 86.0], [54.0, 86.0], [54.0, 86.0]]
Prices:
[0.21, 0.21, 0.21, 0.21, 0.21, 0.21, 0.21, 0.21, 0.21, 0.21, 0.21, 0.21, 0.21, 0.21, 0.21, 0.21, 0.21]
Occ Predictions:
                       0
2018-07-10 22:36:04  0.0
2018-07-10 22:51:04  0.0
2018-07-10 23:06:04  0.0
2018-07-10 23:21:04  0.0
2018-07-10 23:36:04  0.0
2018-07-10 23:51:04  0.0
2018-07-11 00:06:04  0.0
2018-07-11 00:21:04  0.0
2018-07-11 00:36:04  0.0
2018-07-11 00:51:04  0.0
2018-07-11 01:06:04  0.0
2018-07-11 01:21:04  0.0
2018-07-11 01:36:04  0.0
2018-07-11 01:51:04  0.0
2018-07-11 02:06:04  0.0
2018-07-11 02:21:04  0.0
2018-07-11 02:36:04  0.0
Setpoints:
[[60.0, 85.0], [60.0, 85.0], [60.0, 85.0], [60.0, 85.0], [60.0, 85.0], [60.0, 85.0], [60.0, 85.0], [60.0, 85.0], [60.0, 85.0], [60.0, 85.0], [60.0, 85.0], [60.0, 85.0], [60.0, 85.0], [60.0, 85.0], [60.0, 85.0], [60.0, 85.0], [60.0, 85.0]]
Time needed to calculate the shortest path:
75.2471880913


2018-07-11 06:06:04
MPC Actions: ['0', '0', '0', '0', '0', '0', '0', '0', '0', '0', '0', '0', '0', '0', '0', '0']
Temperatures following the MPC path:
[80.0, 79.92500000000001, 79.85000000000001, 79.80000000000001, 79.75, 79.67500000000001, 79.625, 79.575, 79.525, 79.47500000000001, 79.42500000000001, 79.375, 79.325, 79.275, 79.22500000000001, 79.17500000000001, 79.125]
Safety Constraints:
[[54.0, 86.0], [54.0, 86.0], [54.0, 86.0], [54.0, 86.0], [54.0, 86.0], [54.0, 86.0], [54.0, 86.0], [54.0, 86.0], [54.0, 86.0], [54.0, 86.0], [54.0, 86.0], [54.0, 86.0], [54.0, 86.0], [54.0, 86.0], [54.0, 86.0], [54.0, 86.0], [54.0, 86.0]]
Prices:
[0.21, 0.21, 0.21, 0.21, 0.21, 0.21, 0.21, 0.21, 0.21, 0.21, 0.21, 0.21, 0.21, 0.21, 0.21, 0.21, 0.21]
Occ Predictions:
                       0
2018-07-10 22:51:04  0.0
2018-07-10 23:06:04  0.0
2018-07-10 23:21:04  0.0
2018-07-10 23:36:04  0.0
2018-07-10 23:51:04  0.0
2018-07-11 00:06:04  0.0
2018-07-11 00:21:04  0.0
2018-07-11 00:36:04  0.0
2018-07-11 00:51:04  0.0
2018-07-11 01:06:04  0.0
2018-07-11 01:21:04  0.0
2018-07-11 01:36:04  0.0
2018-07-11 01:51:04  0.0
2018-07-11 02:06:04  0.0
2018-07-11 02:21:04  0.0
2018-07-11 02:36:04  0.0
2018-07-11 02:51:04  0.0
Setpoints:
[[60.0, 85.0], [60.0, 85.0], [60.0, 85.0], [60.0, 85.0], [60.0, 85.0], [60.0, 85.0], [60.0, 85.0], [60.0, 85.0], [60.0, 85.0], [60.0, 85.0], [60.0, 85.0], [60.0, 85.0], [60.0, 85.0], [60.0, 85.0], [60.0, 85.0], [60.0, 85.0], [60.0, 85.0]]
Time needed to calculate the shortest path:
77.5558719635


2018-07-11 06:21:04
MPC Actions: ['0', '0', '0', '0', '0', '0', '0', '0', '0', '0', '0', '0', '0', '0', '0', '0']
Temperatures following the MPC path:
[80.0, 79.92500000000001, 79.875, 79.825, 79.75, 79.7, 79.65, 79.60000000000001, 79.55000000000001, 79.5, 79.45, 79.4, 79.35000000000001, 79.30000000000001, 79.25, 79.2, 79.15]
Safety Constraints:
[[54.0, 86.0], [54.0, 86.0], [54.0, 86.0], [54.0, 86.0], [54.0, 86.0], [54.0, 86.0], [54.0, 86.0], [54.0, 86.0], [54.0, 86.0], [54.0, 86.0], [54.0, 86.0], [54.0, 86.0], [54.0, 86.0], [54.0, 86.0], [54.0, 86.0], [54.0, 86.0], [54.0, 86.0]]
Prices:
[0.21, 0.21, 0.21, 0.21, 0.21, 0.21, 0.21, 0.21, 0.21, 0.21, 0.21, 0.21, 0.21, 0.21, 0.21, 0.21, 0.21]
Occ Predictions:
                       0
2018-07-10 23:06:04  0.0
2018-07-10 23:21:04  0.0
2018-07-10 23:36:04  0.0
2018-07-10 23:51:04  0.0
2018-07-11 00:06:04  0.0
2018-07-11 00:21:04  0.0
2018-07-11 00:36:04  0.0
2018-07-11 00:51:04  0.0
2018-07-11 01:06:04  0.0
2018-07-11 01:21:04  0.0
2018-07-11 01:36:04  0.0
2018-07-11 01:51:04  0.0
2018-07-11 02:06:04  0.0
2018-07-11 02:21:04  0.0
2018-07-11 02:36:04  0.0
2018-07-11 02:51:04  0.0
2018-07-11 03:06:04  0.0
Setpoints:
[[60.0, 85.0], [60.0, 85.0], [60.0, 85.0], [60.0, 85.0], [60.0, 85.0], [60.0, 85.0], [60.0, 85.0], [60.0, 85.0], [60.0, 85.0], [60.0, 85.0], [60.0, 85.0], [60.0, 85.0], [60.0, 85.0], [60.0, 85.0], [60.0, 85.0], [60.0, 85.0], [60.0, 85.0]]
Time needed to calculate the shortest path:
78.965637207
