

2018-07-09 19:10:12
MPC Actions: ['2', '2', '0', '0', '0', '0', '0', '0', '0', '0', '0', '0', '0', '0', '0', '0']
Temperatures following the MPC path:
[78.0, 77.2, 76.45, 76.55, 76.65, 76.75, 76.85000000000001, 76.95, 77.05000000000001, 77.15, 77.25, 77.35000000000001, 77.45, 77.55000000000001, 77.65, 77.75, 77.85000000000001]
Safety Constraints:
[[54.0, 86.0], [54.0, 86.0], [54.0, 86.0], [54.0, 86.0], [54.0, 86.0], [54.0, 86.0], [54.0, 86.0], [54.0, 86.0], [54.0, 86.0], [54.0, 86.0], [54.0, 86.0], [54.0, 86.0], [54.0, 86.0], [54.0, 86.0], [54.0, 86.0], [54.0, 86.0], [54.0, 86.0]]
Prices:
[0.26, 0.26, 0.26, 0.26, 0.26, 0.26, 0.26, 0.26, 0.6, 0.6, 0.6, 0.6, 0.6, 0.6, 0.6, 0.6, 0.6, 0.6, 0.6, 0.6, 0.6, 0.6, 0.6, 0.6, 0.6, 0.6, 0.6, 0.6, 0.6, 0.6, 0.6, 0.6, 0.6, 0.6, 0.6, 0.6, 0.6, 0.6, 0.6, 0.6, 0.6, 0.6, 0.6, 0.6, 0.6, 0.6, 0.6, 0.6, 0.6, 0.6, 0.6, 0.6, 0.6]
Occ Predictions:
                       0
2018-07-09 11:55:12  1.0
2018-07-09 12:10:12  0.8
2018-07-09 12:25:12  0.8
2018-07-09 12:40:12  0.8
2018-07-09 12:55:12  0.8
2018-07-09 13:10:12  0.8
2018-07-09 13:25:12  0.6
2018-07-09 13:40:12  0.8
2018-07-09 13:55:12  0.6
2018-07-09 14:10:12  0.8
2018-07-09 14:25:12  0.8
2018-07-09 14:40:12  0.8
2018-07-09 14:55:12  0.8
2018-07-09 15:10:12  0.6
2018-07-09 15:25:12  0.6
2018-07-09 15:40:12  0.8
2018-07-09 15:55:12  0.8
Setpoints:
[[74.0, 78.0], [74.0, 78.0], [74.0, 78.0], [74.0, 78.0], [74.0, 78.0], [74.0, 78.0], [74.0, 78.0], [74.0, 78.0], [74.0, 78.0], [74.0, 78.0], [74.0, 78.0], [74.0, 78.0], [74.0, 78.0], [74.0, 78.0], [74.0, 78.0], [74.0, 78.0], [74.0, 78.0]]
Time needed to calculate the shortest path:
28.9898331165


2018-07-09 19:25:12
MPC Actions: ['0', '0', '0', '0', '0', '0', '0', '0', '0', '0', '0', '0', '0', '0', '0', '0']
Temperatures following the MPC path:
[77.0, 77.05000000000001, 77.10000000000001, 77.15, 77.25, 77.35000000000001, 77.4, 77.45, 77.5, 77.55000000000001, 77.60000000000001, 77.65, 77.7, 77.75, 77.80000000000001, 77.85000000000001, 77.9]
Safety Constraints:
[[54.0, 86.0], [54.0, 86.0], [54.0, 86.0], [54.0, 86.0], [54.0, 86.0], [54.0, 86.0], [54.0, 86.0], [54.0, 86.0], [54.0, 86.0], [54.0, 86.0], [54.0, 86.0], [54.0, 86.0], [54.0, 86.0], [54.0, 86.0], [54.0, 86.0], [54.0, 86.0], [54.0, 86.0]]
Prices:
[0.26, 0.26, 0.26, 0.26, 0.26, 0.26, 0.26, 0.6, 0.6, 0.6, 0.6, 0.6, 0.6, 0.6, 0.6, 0.6, 0.6, 0.6, 0.6, 0.6, 0.6, 0.6, 0.6, 0.6, 0.6, 0.6, 0.6, 0.6, 0.6, 0.6, 0.6, 0.6, 0.6, 0.6, 0.6, 0.6, 0.6, 0.6, 0.6, 0.6, 0.6, 0.6, 0.6, 0.6, 0.6, 0.6, 0.6, 0.6, 0.6, 0.6, 0.6, 0.6, 0.6, 0.6, 0.6, 0.6, 0.6]
Occ Predictions:
                       0
2018-07-09 12:10:12  1.0
2018-07-09 12:25:12  0.8
2018-07-09 12:40:12  0.8
2018-07-09 12:55:12  0.8
2018-07-09 13:10:12  0.8
2018-07-09 13:25:12  0.6
2018-07-09 13:40:12  0.8
2018-07-09 13:55:12  0.6
2018-07-09 14:10:12  0.8
2018-07-09 14:25:12  0.8
2018-07-09 14:40:12  0.8
2018-07-09 14:55:12  0.8
2018-07-09 15:10:12  0.6
2018-07-09 15:25:12  0.6
2018-07-09 15:40:12  0.8
2018-07-09 15:55:12  0.8
2018-07-09 16:10:12  0.6
Setpoints:
[[74.0, 78.0], [74.0, 78.0], [74.0, 78.0], [74.0, 78.0], [74.0, 78.0], [74.0, 78.0], [74.0, 78.0], [74.0, 78.0], [74.0, 78.0], [74.0, 78.0], [74.0, 78.0], [74.0, 78.0], [74.0, 78.0], [74.0, 78.0], [74.0, 78.0], [74.0, 78.0], [74.0, 78.0]]
Time needed to calculate the shortest path:
21.6719679832


2018-07-09 19:40:12
MPC Actions: ['0', '0', '0', '0', '0', '0', '0', '0', '0', '0', '0', '0', '0', '0', '0', '0']
Temperatures following the MPC path:
[77.0, 77.05000000000001, 77.10000000000001, 77.2, 77.30000000000001, 77.4, 77.5, 77.55000000000001, 77.60000000000001, 77.65, 77.7, 77.75, 77.80000000000001, 77.85000000000001, 77.9, 77.95, 78.0]
Safety Constraints:
[[54.0, 86.0], [54.0, 86.0], [54.0, 86.0], [54.0, 86.0], [54.0, 86.0], [54.0, 86.0], [54.0, 86.0], [54.0, 86.0], [54.0, 86.0], [54.0, 86.0], [54.0, 86.0], [54.0, 86.0], [54.0, 86.0], [54.0, 86.0], [54.0, 86.0], [54.0, 86.0], [54.0, 86.0]]
Prices:
[0.26, 0.26, 0.26, 0.26, 0.26, 0.26, 0.6, 0.6, 0.6, 0.6, 0.6, 0.6, 0.6, 0.6, 0.6, 0.6, 0.6, 0.6, 0.6, 0.6, 0.6, 0.6, 0.6, 0.6, 0.6, 0.6, 0.6, 0.6, 0.6, 0.6, 0.6, 0.6, 0.6, 0.6, 0.6, 0.6, 0.6, 0.6, 0.6, 0.6, 0.6, 0.6, 0.6, 0.6, 0.6, 0.6, 0.6, 0.6, 0.6, 0.6, 0.6, 0.6, 0.6, 0.6, 0.6, 0.6, 0.6, 0.6, 0.6, 0.6, 0.6]
Occ Predictions:
                       0
2018-07-09 12:25:12  0.0
2018-07-09 12:40:12  0.8
2018-07-09 12:55:12  0.8
2018-07-09 13:10:12  0.8
2018-07-09 13:25:12  0.6
2018-07-09 13:40:12  0.8
2018-07-09 13:55:12  0.6
2018-07-09 14:10:12  0.8
2018-07-09 14:25:12  0.8
2018-07-09 14:40:12  0.8
2018-07-09 14:55:12  0.8
2018-07-09 15:10:12  0.6
2018-07-09 15:25:12  0.6
2018-07-09 15:40:12  0.8
2018-07-09 15:55:12  0.8
2018-07-09 16:10:12  0.6
2018-07-09 16:25:12  0.8
Setpoints:
[[74.0, 78.0], [74.0, 78.0], [74.0, 78.0], [74.0, 78.0], [74.0, 78.0], [74.0, 78.0], [74.0, 78.0], [74.0, 78.0], [74.0, 78.0], [74.0, 78.0], [74.0, 78.0], [74.0, 78.0], [74.0, 78.0], [74.0, 78.0], [74.0, 78.0], [74.0, 78.0], [74.0, 78.0]]
Time needed to calculate the shortest path:
92.6833109856


2018-07-10 16:21:49
MPC Actions: ['0', '0', '0', '0', '0', '0', '0', '0', '0', '0', '0', '0', '0', '0', '0', '0']
Temperatures following the MPC path:
[77.0, 77.05000000000001, 77.10000000000001, 77.15, 77.2, 77.25, 77.30000000000001, 77.35000000000001, 77.4, 77.45, 77.5, 77.55000000000001, 77.65, 77.75, 77.80000000000001, 77.85000000000001, 77.95]
Safety Constraints:
[[54.0, 86.0], [54.0, 86.0], [54.0, 86.0], [54.0, 86.0], [54.0, 86.0], [54.0, 86.0], [54.0, 86.0], [54.0, 86.0], [54.0, 86.0], [54.0, 86.0], [54.0, 86.0], [54.0, 86.0], [54.0, 86.0], [54.0, 86.0], [54.0, 86.0], [54.0, 86.0], [54.0, 86.0]]
Prices:
[0.24, 0.24, 0.24, 0.24, 0.24, 0.24, 0.24, 0.24, 0.24, 0.24, 0.24, 0.26, 0.26, 0.26, 0.26, 0.26, 0.26]
Occ Predictions:
                       0
2018-07-10 09:06:49  1.0
2018-07-10 09:21:49  0.4
2018-07-10 09:36:49  0.8
2018-07-10 09:51:49  0.8
2018-07-10 10:06:49  0.4
2018-07-10 10:21:49  0.8
2018-07-10 10:36:49  0.8
2018-07-10 10:51:49  0.8
2018-07-10 11:06:49  0.8
2018-07-10 11:21:49  0.8
2018-07-10 11:36:49  0.8
2018-07-10 11:51:49  0.8
2018-07-10 12:06:49  0.8
2018-07-10 12:21:49  0.8
2018-07-10 12:36:49  0.8
2018-07-10 12:51:49  0.8
2018-07-10 13:06:49  0.8
Setpoints:
[[74.0, 78.0], [74.0, 78.0], [74.0, 78.0], [74.0, 78.0], [74.0, 78.0], [74.0, 78.0], [74.0, 78.0], [74.0, 78.0], [74.0, 78.0], [74.0, 78.0], [74.0, 78.0], [74.0, 78.0], [74.0, 78.0], [74.0, 78.0], [74.0, 78.0], [74.0, 78.0], [74.0, 78.0]]
Time needed to calculate the shortest path:
29.5240180492


2018-07-10 16:23:26
MPC Actions: ['0', '0', '0', '0', '0', '0', '0', '0', '0', '0', '0', '0', '0', '0', '0', '0']
Temperatures following the MPC path:
[77.0, 77.05000000000001, 77.10000000000001, 77.15, 77.2, 77.25, 77.30000000000001, 77.35000000000001, 77.4, 77.45, 77.5, 77.55000000000001, 77.65, 77.75, 77.85000000000001, 77.9, 78.0]
Safety Constraints:
[[54.0, 86.0], [54.0, 86.0], [54.0, 86.0], [54.0, 86.0], [54.0, 86.0], [54.0, 86.0], [54.0, 86.0], [54.0, 86.0], [54.0, 86.0], [54.0, 86.0], [54.0, 86.0], [54.0, 86.0], [54.0, 86.0], [54.0, 86.0], [54.0, 86.0], [54.0, 86.0], [54.0, 86.0]]
Prices:
[0.6, 0.6, 0.6, 0.6, 0.6, 0.6, 0.6, 0.6, 0.6, 0.6, 0.6, 0.6, 0.6, 0.6, 0.6, 0.6, 0.6, 0.6, 0.6, 0.6, 0.6, 0.6, 0.6, 0.6, 0.6, 0.6, 0.6, 0.6, 0.6, 0.6, 0.6, 0.6, 0.6, 0.6, 0.6, 0.6, 0.6, 0.6, 0.6, 0.6, 0.6, 0.6, 0.6, 0.6, 0.6, 0.6, 0.6, 0.6, 0.6, 0.6, 0.6, 0.6, 0.6, 0.6, 0.6, 0.6, 0.6, 0.6, 0.6, 0.6, 0.6, 0.6, 0.6, 0.6, 0.6, 0.6, 0.6, 0.6, 0.6, 0.6, 0.6, 0.6, 0.6, 0.6, 0.6, 0.6, 0.6, 0.6, 0.6, 0.6, 0.6, 0.6, 0.6, 0.6, 0.6]
Occ Predictions:
                       0
2018-07-10 09:08:26  1.0
2018-07-10 09:23:26  0.4
2018-07-10 09:38:26  0.8
2018-07-10 09:53:26  0.8
2018-07-10 10:08:26  0.4
2018-07-10 10:23:26  0.8
2018-07-10 10:38:26  0.8
2018-07-10 10:53:26  0.8
2018-07-10 11:08:26  0.8
2018-07-10 11:23:26  0.8
2018-07-10 11:38:26  0.8
2018-07-10 11:53:26  0.8
2018-07-10 12:08:26  0.8
2018-07-10 12:23:26  0.8
2018-07-10 12:38:26  0.8
2018-07-10 12:53:26  0.8
2018-07-10 13:08:26  0.8
Setpoints:
[[74.0, 78.0], [74.0, 78.0], [74.0, 78.0], [74.0, 78.0], [74.0, 78.0], [74.0, 78.0], [74.0, 78.0], [74.0, 78.0], [74.0, 78.0], [74.0, 78.0], [74.0, 78.0], [74.0, 78.0], [74.0, 78.0], [74.0, 78.0], [74.0, 78.0], [74.0, 78.0], [74.0, 78.0]]
Time needed to calculate the shortest path:
29.3863139153


2018-07-10 16:25:15
MPC Actions: ['0', '0', '0', '0', '0', '0', '0', '0', '0', '0', '0', '0', '0', '0', '0', '0']
Temperatures following the MPC path:
[77.0, 77.05000000000001, 77.10000000000001, 77.15, 77.2, 77.25, 77.30000000000001, 77.35000000000001, 77.4, 77.45, 77.5, 77.55000000000001, 77.65, 77.75, 77.85000000000001, 77.9, 78.0]
Safety Constraints:
[[54.0, 86.0], [54.0, 86.0], [54.0, 86.0], [54.0, 86.0], [54.0, 86.0], [54.0, 86.0], [54.0, 86.0], [54.0, 86.0], [54.0, 86.0], [54.0, 86.0], [54.0, 86.0], [54.0, 86.0], [54.0, 86.0], [54.0, 86.0], [54.0, 86.0], [54.0, 86.0], [54.0, 86.0]]
Prices:
[0.6, 0.6, 0.6, 0.6, 0.6, 0.6, 0.6, 0.6, 0.6, 0.6, 0.6, 0.6, 0.6, 0.6, 0.6, 0.6, 0.6, 0.6, 0.6, 0.6, 0.6, 0.6, 0.6, 0.6, 0.6, 0.6, 0.6, 0.6, 0.6, 0.6, 0.6, 0.6, 0.6, 0.6, 0.6, 0.6, 0.6, 0.6, 0.6, 0.6, 0.6, 0.6, 0.6, 0.6, 0.6, 0.6, 0.6, 0.6, 0.6, 0.6, 0.6, 0.6, 0.6, 0.6, 0.6, 0.6, 0.6, 0.6, 0.6, 0.6, 0.6, 0.6, 0.6, 0.6, 0.6, 0.6, 0.6, 0.6, 0.6, 0.6, 0.6, 0.6, 0.6, 0.6, 0.6, 0.6, 0.6, 0.6, 0.6, 0.6, 0.6, 0.6, 0.6, 0.6, 0.6]
Occ Predictions:
                       0
2018-07-10 09:10:15  1.0
2018-07-10 09:25:15  0.6
2018-07-10 09:40:15  1.0
2018-07-10 09:55:15  1.0
2018-07-10 10:10:15  0.6
2018-07-10 10:25:15  1.0
2018-07-10 10:40:15  1.0
2018-07-10 10:55:15  1.0
2018-07-10 11:10:15  0.8
2018-07-10 11:25:15  0.8
2018-07-10 11:40:15  0.8
2018-07-10 11:55:15  0.8
2018-07-10 12:10:15  0.8
2018-07-10 12:25:15  0.6
2018-07-10 12:40:15  0.8
2018-07-10 12:55:15  0.8
2018-07-10 13:10:15  0.8
Setpoints:
[[74.0, 78.0], [74.0, 78.0], [74.0, 78.0], [74.0, 78.0], [74.0, 78.0], [74.0, 78.0], [74.0, 78.0], [74.0, 78.0], [74.0, 78.0], [74.0, 78.0], [74.0, 78.0], [74.0, 78.0], [74.0, 78.0], [74.0, 78.0], [74.0, 78.0], [74.0, 78.0], [74.0, 78.0]]
Time needed to calculate the shortest path:
29.4023740292


2018-07-10 16:26:30
MPC Actions: ['0', '0', '0', '0', '0', '0', '0', '0', '0', '0', '0', '0', '0', '0', '0', '0']
Temperatures following the MPC path:
[77.0, 77.05000000000001, 77.10000000000001, 77.15, 77.2, 77.25, 77.30000000000001, 77.35000000000001, 77.4, 77.45, 77.5, 77.55000000000001, 77.65, 77.75, 77.85000000000001, 77.9, 78.0]
Safety Constraints:
[[54.0, 86.0], [54.0, 86.0], [54.0, 86.0], [54.0, 86.0], [54.0, 86.0], [54.0, 86.0], [54.0, 86.0], [54.0, 86.0], [54.0, 86.0], [54.0, 86.0], [54.0, 86.0], [54.0, 86.0], [54.0, 86.0], [54.0, 86.0], [54.0, 86.0], [54.0, 86.0], [54.0, 86.0]]
Prices:
[0.6, 0.6, 0.6, 0.6, 0.6, 0.6, 0.6, 0.6, 0.6, 0.6, 0.6, 0.6, 0.6, 0.6, 0.6, 0.6, 0.6, 0.6, 0.6, 0.6, 0.6, 0.6, 0.6, 0.6, 0.6, 0.6, 0.6, 0.6, 0.6, 0.6, 0.6, 0.6, 0.6, 0.6, 0.6, 0.6, 0.6, 0.6, 0.6, 0.6, 0.6, 0.6, 0.6, 0.6, 0.6, 0.6, 0.6, 0.6, 0.6, 0.6, 0.6, 0.6, 0.6, 0.6, 0.6, 0.6, 0.6, 0.6, 0.6, 0.6, 0.6, 0.6, 0.6, 0.6, 0.6, 0.6, 0.6, 0.6, 0.6, 0.6, 0.6, 0.6, 0.6, 0.6, 0.6, 0.6, 0.6, 0.6, 0.6, 0.6, 0.6, 0.6, 0.6, 0.6, 0.6]
Occ Predictions:
                       0
2018-07-10 09:11:30  1.0
2018-07-10 09:26:30  0.6
2018-07-10 09:41:30  1.0
2018-07-10 09:56:30  1.0
2018-07-10 10:11:30  0.6
2018-07-10 10:26:30  1.0
2018-07-10 10:41:30  1.0
2018-07-10 10:56:30  0.8
2018-07-10 11:11:30  0.8
2018-07-10 11:26:30  0.8
2018-07-10 11:41:30  0.6
2018-07-10 11:56:30  0.6
2018-07-10 12:11:30  0.8
2018-07-10 12:26:30  0.8
2018-07-10 12:41:30  0.8
2018-07-10 12:56:30  0.8
2018-07-10 13:11:30  0.8
Setpoints:
[[74.0, 78.0], [74.0, 78.0], [74.0, 78.0], [74.0, 78.0], [74.0, 78.0], [74.0, 78.0], [74.0, 78.0], [74.0, 78.0], [74.0, 78.0], [74.0, 78.0], [74.0, 78.0], [74.0, 78.0], [74.0, 78.0], [74.0, 78.0], [74.0, 78.0], [74.0, 78.0], [74.0, 78.0]]
Time needed to calculate the shortest path:
26.7224731445


2018-07-10 16:27:13
MPC Actions: ['0', '0', '0', '0', '0', '0', '0', '0', '0', '0', '0', '0', '0', '0', '0', '0']
Temperatures following the MPC path:
[77.0, 77.05000000000001, 77.10000000000001, 77.15, 77.2, 77.25, 77.30000000000001, 77.35000000000001, 77.4, 77.45, 77.5, 77.55000000000001, 77.65, 77.75, 77.85000000000001, 77.9, 78.0]
Safety Constraints:
[[54.0, 86.0], [54.0, 86.0], [54.0, 86.0], [54.0, 86.0], [54.0, 86.0], [54.0, 86.0], [54.0, 86.0], [54.0, 86.0], [54.0, 86.0], [54.0, 86.0], [54.0, 86.0], [54.0, 86.0], [54.0, 86.0], [54.0, 86.0], [54.0, 86.0], [54.0, 86.0], [54.0, 86.0]]
Prices:
[0.6, 0.6, 0.6, 0.6, 0.6, 0.6, 0.6, 0.6, 0.6, 0.6, 0.6, 0.6, 0.6, 0.6, 0.6, 0.6, 0.6, 0.6, 0.6, 0.6, 0.6, 0.6, 0.6, 0.6, 0.6, 0.6, 0.6, 0.6, 0.6, 0.6, 0.6, 0.6, 0.6, 0.6, 0.6, 0.6, 0.6, 0.6, 0.6, 0.6, 0.6, 0.6, 0.6, 0.6, 0.6, 0.6, 0.6, 0.6, 0.6, 0.6, 0.6, 0.6, 0.6, 0.6, 0.6, 0.6, 0.6, 0.6, 0.6, 0.6, 0.6, 0.6, 0.6, 0.6, 0.6, 0.6, 0.6, 0.6, 0.6, 0.6, 0.6, 0.6, 0.6, 0.6, 0.6, 0.6, 0.6, 0.6, 0.6, 0.6, 0.6, 0.6, 0.6, 0.6, 0.6]
Occ Predictions:
                       0
2018-07-10 09:12:13  1.0
2018-07-10 09:27:13  0.6
2018-07-10 09:42:13  1.0
2018-07-10 09:57:13  1.0
2018-07-10 10:12:13  0.6
2018-07-10 10:27:13  1.0
2018-07-10 10:42:13  1.0
2018-07-10 10:57:13  0.8
2018-07-10 11:12:13  0.8
2018-07-10 11:27:13  0.8
2018-07-10 11:42:13  0.6
2018-07-10 11:57:13  0.6
2018-07-10 12:12:13  0.8
2018-07-10 12:27:13  0.8
2018-07-10 12:42:13  0.8
2018-07-10 12:57:13  0.8
2018-07-10 13:12:13  0.8
Setpoints:
[[74.0, 78.0], [74.0, 78.0], [74.0, 78.0], [74.0, 78.0], [74.0, 78.0], [74.0, 78.0], [74.0, 78.0], [74.0, 78.0], [74.0, 78.0], [74.0, 78.0], [74.0, 78.0], [74.0, 78.0], [74.0, 78.0], [74.0, 78.0], [74.0, 78.0], [74.0, 78.0], [74.0, 78.0]]
Time needed to calculate the shortest path:
25.7585380077


2018-07-10 16:37:05
MPC Actions: ['0', '0', '0', '0', '0', '0', '0', '0', '0', '0', '0', '0', '0', '0', '0', '0']
Temperatures following the MPC path:
[77.0, 77.05000000000001, 77.10000000000001, 77.15, 77.2, 77.25, 77.30000000000001, 77.35000000000001, 77.4, 77.45, 77.5, 77.60000000000001, 77.7, 77.80000000000001, 77.85000000000001, 77.95, 78.05000000000001]
Safety Constraints:
[[54.0, 86.0], [54.0, 86.0], [54.0, 86.0], [54.0, 86.0], [54.0, 86.0], [54.0, 86.0], [54.0, 86.0], [54.0, 86.0], [54.0, 86.0], [54.0, 86.0], [54.0, 86.0], [54.0, 86.0], [54.0, 86.0], [54.0, 86.0], [54.0, 86.0], [54.0, 86.0], [54.0, 86.0]]
Prices:
[0.24, 0.24, 0.24, 0.24, 0.24, 0.24, 0.24, 0.24, 0.24, 0.24, 0.26, 0.26, 0.26, 0.26, 0.26, 0.26, 0.26]
Occ Predictions:
                       0
2018-07-10 09:22:05  1.0
2018-07-10 09:37:05  0.8
2018-07-10 09:52:05  0.8
2018-07-10 10:07:05  0.4
2018-07-10 10:22:05  0.8
2018-07-10 10:37:05  0.8
2018-07-10 10:52:05  0.8
2018-07-10 11:07:05  0.8
2018-07-10 11:22:05  0.8
2018-07-10 11:37:05  0.8
2018-07-10 11:52:05  0.8
2018-07-10 12:07:05  0.8
2018-07-10 12:22:05  0.8
2018-07-10 12:37:05  0.8
2018-07-10 12:52:05  0.8
2018-07-10 13:07:05  0.8
2018-07-10 13:22:05  0.8
Setpoints:
[[74.0, 78.0], [74.0, 78.0], [74.0, 78.0], [74.0, 78.0], [74.0, 78.0], [74.0, 78.0], [74.0, 78.0], [74.0, 78.0], [74.0, 78.0], [74.0, 78.0], [74.0, 78.0], [74.0, 78.0], [74.0, 78.0], [74.0, 78.0], [74.0, 78.0], [74.0, 78.0], [74.0, 78.0]]
Time needed to calculate the shortest path:
21.8207440376


2018-07-10 16:52:05
MPC Actions: ['2', '0', '0', '0', '0', '0', '0', '0', '0', '0', '0', '0', '0', '0', '0', '0']
Temperatures following the MPC path:
[77.0, 76.25, 76.35000000000001, 76.45, 76.55, 76.65, 76.75, 76.85000000000001, 76.95, 77.05000000000001, 77.15, 77.25, 77.35000000000001, 77.45, 77.55000000000001, 77.65, 77.75]
Safety Constraints:
[[54.0, 86.0], [54.0, 86.0], [54.0, 86.0], [54.0, 86.0], [54.0, 86.0], [54.0, 86.0], [54.0, 86.0], [54.0, 86.0], [54.0, 86.0], [54.0, 86.0], [54.0, 86.0], [54.0, 86.0], [54.0, 86.0], [54.0, 86.0], [54.0, 86.0], [54.0, 86.0], [54.0, 86.0]]
Prices:
[0.24, 0.24, 0.24, 0.24, 0.24, 0.24, 0.24, 0.24, 0.24, 0.26, 0.26, 0.26, 0.26, 0.26, 0.26, 0.26, 0.26]
Occ Predictions:
                       0
2018-07-10 09:37:05  1.0
2018-07-10 09:52:05  0.8
2018-07-10 10:07:05  0.4
2018-07-10 10:22:05  0.8
2018-07-10 10:37:05  0.8
2018-07-10 10:52:05  0.8
2018-07-10 11:07:05  0.8
2018-07-10 11:22:05  0.8
2018-07-10 11:37:05  0.8
2018-07-10 11:52:05  0.8
2018-07-10 12:07:05  0.8
2018-07-10 12:22:05  0.8
2018-07-10 12:37:05  0.8
2018-07-10 12:52:05  0.8
2018-07-10 13:07:05  0.8
2018-07-10 13:22:05  0.8
2018-07-10 13:37:05  0.8
Setpoints:
[[74.0, 78.0], [74.0, 78.0], [74.0, 78.0], [74.0, 78.0], [74.0, 78.0], [74.0, 78.0], [74.0, 78.0], [74.0, 78.0], [74.0, 78.0], [74.0, 78.0], [74.0, 78.0], [74.0, 78.0], [74.0, 78.0], [74.0, 78.0], [74.0, 78.0], [74.0, 78.0], [74.0, 78.0]]
Time needed to calculate the shortest path:
21.9254498482


2018-07-10 17:07:05
MPC Actions: ['0', '0', '0', '0', '0', '0', '0', '0', '0', '0', '0', '0', '0', '0', '0', '0']
Temperatures following the MPC path:
[76.0, 76.10000000000001, 76.2, 76.3, 76.35000000000001, 76.45, 76.55, 76.65, 76.75, 76.85000000000001, 76.95, 77.05000000000001, 77.15, 77.25, 77.35000000000001, 77.45, 77.55000000000001]
Safety Constraints:
[[54.0, 86.0], [54.0, 86.0], [54.0, 86.0], [54.0, 86.0], [54.0, 86.0], [54.0, 86.0], [54.0, 86.0], [54.0, 86.0], [54.0, 86.0], [54.0, 86.0], [54.0, 86.0], [54.0, 86.0], [54.0, 86.0], [54.0, 86.0], [54.0, 86.0], [54.0, 86.0], [54.0, 86.0]]
Prices:
[0.24, 0.24, 0.24, 0.24, 0.24, 0.24, 0.24, 0.24, 0.26, 0.26, 0.26, 0.26, 0.26, 0.26, 0.26, 0.26, 0.6, 0.6, 0.6, 0.6, 0.6]
Occ Predictions:
                       0
2018-07-10 09:52:05  1.0
2018-07-10 10:07:05  0.6
2018-07-10 10:22:05  1.0
2018-07-10 10:37:05  1.0
2018-07-10 10:52:05  1.0
2018-07-10 11:07:05  0.8
2018-07-10 11:22:05  0.8
2018-07-10 11:37:05  0.8
2018-07-10 11:52:05  0.8
2018-07-10 12:07:05  0.8
2018-07-10 12:22:05  0.8
2018-07-10 12:37:05  0.8
2018-07-10 12:52:05  0.8
2018-07-10 13:07:05  0.8
2018-07-10 13:22:05  0.8
2018-07-10 13:37:05  0.8
2018-07-10 13:52:05  0.8
Setpoints:
[[74.0, 78.0], [74.0, 78.0], [74.0, 78.0], [74.0, 78.0], [74.0, 78.0], [74.0, 78.0], [74.0, 78.0], [74.0, 78.0], [74.0, 78.0], [74.0, 78.0], [74.0, 78.0], [74.0, 78.0], [74.0, 78.0], [74.0, 78.0], [74.0, 78.0], [74.0, 78.0], [74.0, 78.0]]
Time needed to calculate the shortest path:
21.2259991169
THERMOSTAT CHANGED MANUALY AT : 2018-07-10 17:22:05 UTC

2018-07-10 19:56:57
MPC Actions: ['0', '0', '0', '0', '0', '0', '0', '0', '0', '0', '0', '0', '0', '0', '0', '0']
Temperatures following the MPC path:
[78.0, 78.10000000000001, 78.2, 78.30000000000001, 78.4, 78.5, 78.60000000000001, 78.7, 78.80000000000001, 78.9, 79.0, 79.10000000000001, 79.2, 79.30000000000001, 79.4, 79.5, 79.60000000000001]
Safety Constraints:
[[54.0, 86.0], [54.0, 86.0], [54.0, 86.0], [54.0, 86.0], [54.0, 86.0], [54.0, 86.0], [54.0, 86.0], [54.0, 86.0], [54.0, 86.0], [54.0, 86.0], [54.0, 86.0], [54.0, 86.0], [54.0, 86.0], [54.0, 86.0], [54.0, 86.0], [54.0, 86.0], [54.0, 86.0]]
Prices:
[0.26, 0.26, 0.26, 0.26, 0.26, 0.6, 0.6, 0.6, 0.6, 0.6, 0.6, 0.6, 0.6, 0.6, 0.6, 0.6, 0.6, 0.6, 0.6, 0.6, 0.6, 0.6, 0.6, 0.6, 0.6, 0.6, 0.6, 0.6, 0.6, 0.6, 0.6, 0.6, 0.6, 0.6, 0.6, 0.6, 0.6, 0.6, 0.6, 0.6, 0.6, 0.6, 0.6, 0.6, 0.6, 0.6, 0.6, 0.6, 0.6, 0.6, 0.6, 0.6, 0.6, 0.6, 0.6, 0.6, 0.6, 0.6, 0.6, 0.6, 0.6, 0.6, 0.6, 0.6, 0.6]
Occ Predictions:
                       0
2018-07-10 12:41:57  0.0
2018-07-10 12:56:57  0.0
2018-07-10 13:11:57  0.0
2018-07-10 13:26:57  0.0
2018-07-10 13:41:57  0.0
2018-07-10 13:56:57  0.0
2018-07-10 14:11:57  0.0
2018-07-10 14:26:57  0.0
2018-07-10 14:41:57  0.0
2018-07-10 14:56:57  0.0
2018-07-10 15:11:57  0.0
2018-07-10 15:26:57  0.0
2018-07-10 15:41:57  0.0
2018-07-10 15:56:57  0.0
2018-07-10 16:11:57  0.0
2018-07-10 16:26:57  0.0
2018-07-10 16:41:57  0.0
Setpoints:
[[74.0, 78.0], [74.0, 78.0], [74.0, 78.0], [74.0, 78.0], [74.0, 78.0], [74.0, 78.0], [74.0, 78.0], [74.0, 78.0], [74.0, 78.0], [74.0, 78.0], [74.0, 78.0], [74.0, 78.0], [74.0, 78.0], [74.0, 78.0], [74.0, 78.0], [74.0, 78.0], [74.0, 78.0]]
Time needed to calculate the shortest path:
23.318076849


2018-07-10 20:11:57
MPC Actions: ['0', '0', '0', '0', '0', '0', '0', '0', '0', '0', '0', '0', '0', '0', '0', '0']
Temperatures following the MPC path:
[78.0, 78.10000000000001, 78.2, 78.30000000000001, 78.4, 78.5, 78.60000000000001, 78.7, 78.80000000000001, 78.9, 79.0, 79.10000000000001, 79.2, 79.30000000000001, 79.4, 79.5, 79.55000000000001]
Safety Constraints:
[[54.0, 86.0], [54.0, 86.0], [54.0, 86.0], [54.0, 86.0], [54.0, 86.0], [54.0, 86.0], [54.0, 86.0], [54.0, 86.0], [54.0, 86.0], [54.0, 86.0], [54.0, 86.0], [54.0, 86.0], [54.0, 86.0], [54.0, 86.0], [54.0, 86.0], [54.0, 86.0], [54.0, 86.0]]
Prices:
[0.26, 0.26, 0.26, 0.26, 0.6, 0.6, 0.6, 0.6, 0.6, 0.6, 0.6, 0.6, 0.6, 0.6, 0.6, 0.6, 0.6, 0.6, 0.6, 0.6, 0.6, 0.6, 0.6, 0.6, 0.6, 0.6, 0.6, 0.6, 0.6, 0.6, 0.6, 0.6, 0.6, 0.6, 0.6, 0.6, 0.6, 0.6, 0.6, 0.6, 0.6, 0.6, 0.6, 0.6, 0.6, 0.6, 0.6, 0.6, 0.6, 0.6, 0.6, 0.6, 0.6, 0.6, 0.6, 0.6, 0.6, 0.6, 0.6, 0.6, 0.6, 0.6, 0.6, 0.6, 0.6, 0.6, 0.6, 0.6, 0.6]
Occ Predictions:
                       0
2018-07-10 12:56:57  0.0
2018-07-10 13:11:57  0.0
2018-07-10 13:26:57  0.0
2018-07-10 13:41:57  0.0
2018-07-10 13:56:57  0.0
2018-07-10 14:11:57  0.0
2018-07-10 14:26:57  0.0
2018-07-10 14:41:57  0.0
2018-07-10 14:56:57  0.0
2018-07-10 15:11:57  0.0
2018-07-10 15:26:57  0.0
2018-07-10 15:41:57  0.0
2018-07-10 15:56:57  0.0
2018-07-10 16:11:57  0.0
2018-07-10 16:26:57  0.0
2018-07-10 16:41:57  0.0
2018-07-10 16:56:57  0.0
Setpoints:
[[74.0, 78.0], [74.0, 78.0], [74.0, 78.0], [74.0, 78.0], [74.0, 78.0], [74.0, 78.0], [74.0, 78.0], [74.0, 78.0], [74.0, 78.0], [74.0, 78.0], [74.0, 78.0], [74.0, 78.0], [74.0, 78.0], [74.0, 78.0], [74.0, 78.0], [74.0, 78.0], [74.0, 78.0]]
Time needed to calculate the shortest path:
21.7542588711


2018-07-10 20:26:57
MPC Actions: ['0', '0', '0', '0', '0', '0', '0', '0', '0', '0', '0', '0', '0', '0', '0', '0']
Temperatures following the MPC path:
[78.0, 78.10000000000001, 78.2, 78.30000000000001, 78.4, 78.5, 78.60000000000001, 78.7, 78.80000000000001, 78.9, 79.0, 79.10000000000001, 79.2, 79.30000000000001, 79.35000000000001, 79.4, 79.45]
Safety Constraints:
[[54.0, 86.0], [54.0, 86.0], [54.0, 86.0], [54.0, 86.0], [54.0, 86.0], [54.0, 86.0], [54.0, 86.0], [54.0, 86.0], [54.0, 86.0], [54.0, 86.0], [54.0, 86.0], [54.0, 86.0], [54.0, 86.0], [54.0, 86.0], [54.0, 86.0], [54.0, 86.0], [54.0, 86.0]]
Prices:
[0.26, 0.26, 0.26, 0.6, 0.6, 0.6, 0.6, 0.6, 0.6, 0.6, 0.6, 0.6, 0.6, 0.6, 0.6, 0.6, 0.6, 0.6, 0.6, 0.6, 0.6, 0.6, 0.6, 0.6, 0.6, 0.6, 0.6, 0.6, 0.6, 0.6, 0.6, 0.6, 0.6, 0.6, 0.6, 0.6, 0.6, 0.6, 0.6, 0.6, 0.6, 0.6, 0.6, 0.6, 0.6, 0.6, 0.6, 0.6, 0.6, 0.6, 0.6, 0.6, 0.6, 0.6, 0.6, 0.6, 0.6, 0.6, 0.6, 0.6, 0.6, 0.6, 0.6, 0.6, 0.6, 0.6, 0.6, 0.6, 0.6, 0.6, 0.6, 0.6, 0.6]
Occ Predictions:
                       0
2018-07-10 13:11:57  0.0
2018-07-10 13:26:57  0.0
2018-07-10 13:41:57  0.0
2018-07-10 13:56:57  0.0
2018-07-10 14:11:57  0.0
2018-07-10 14:26:57  0.0
2018-07-10 14:41:57  0.0
2018-07-10 14:56:57  0.0
2018-07-10 15:11:57  0.0
2018-07-10 15:26:57  0.0
2018-07-10 15:41:57  0.0
2018-07-10 15:56:57  0.0
2018-07-10 16:11:57  0.0
2018-07-10 16:26:57  0.0
2018-07-10 16:41:57  0.0
2018-07-10 16:56:57  0.0
2018-07-10 17:11:57  0.0
Setpoints:
[[74.0, 78.0], [74.0, 78.0], [74.0, 78.0], [74.0, 78.0], [74.0, 78.0], [74.0, 78.0], [74.0, 78.0], [74.0, 78.0], [74.0, 78.0], [74.0, 78.0], [74.0, 78.0], [74.0, 78.0], [74.0, 78.0], [74.0, 78.0], [74.0, 78.0], [74.0, 78.0], [74.0, 78.0]]
Time needed to calculate the shortest path:
21.0160820484


2018-07-10 20:41:57
MPC Actions: ['0', '0', '0', '0', '0', '0', '0', '0', '0', '0', '0', '0', '0', '0', '0', '0']
Temperatures following the MPC path:
[78.0, 78.10000000000001, 78.2, 78.30000000000001, 78.4, 78.5, 78.60000000000001, 78.7, 78.80000000000001, 78.9, 79.0, 79.10000000000001, 79.2, 79.25, 79.30000000000001, 79.35000000000001, 79.4]
Safety Constraints:
[[54.0, 86.0], [54.0, 86.0], [54.0, 86.0], [54.0, 86.0], [54.0, 86.0], [54.0, 86.0], [54.0, 86.0], [54.0, 86.0], [54.0, 86.0], [54.0, 86.0], [54.0, 86.0], [54.0, 86.0], [54.0, 86.0], [54.0, 86.0], [54.0, 86.0], [54.0, 86.0], [54.0, 86.0]]
Prices:
[0.26, 0.26, 0.6, 0.6, 0.6, 0.6, 0.6, 0.6, 0.6, 0.6, 0.6, 0.6, 0.6, 0.6, 0.6, 0.6, 0.6, 0.6, 0.6, 0.6, 0.6, 0.6, 0.6, 0.6, 0.6, 0.6, 0.6, 0.6, 0.6, 0.6, 0.6, 0.6, 0.6, 0.6, 0.6, 0.6, 0.6, 0.6, 0.6, 0.6, 0.6, 0.6, 0.6, 0.6, 0.6, 0.6, 0.6, 0.6, 0.6, 0.6, 0.6, 0.6, 0.6, 0.6, 0.6, 0.6, 0.6, 0.6, 0.6, 0.6, 0.6, 0.6, 0.6, 0.6, 0.6, 0.6, 0.6, 0.6, 0.6, 0.6, 0.6, 0.6, 0.6, 0.6, 0.6, 0.6, 0.6]
Occ Predictions:
                       0
2018-07-10 13:26:57  0.0
2018-07-10 13:41:57  0.0
2018-07-10 13:56:57  0.0
2018-07-10 14:11:57  0.0
2018-07-10 14:26:57  0.0
2018-07-10 14:41:57  0.0
2018-07-10 14:56:57  0.0
2018-07-10 15:11:57  0.0
2018-07-10 15:26:57  0.0
2018-07-10 15:41:57  0.0
2018-07-10 15:56:57  0.0
2018-07-10 16:11:57  0.0
2018-07-10 16:26:57  0.0
2018-07-10 16:41:57  0.0
2018-07-10 16:56:57  0.0
2018-07-10 17:11:57  0.0
2018-07-10 17:26:57  0.0
Setpoints:
[[74.0, 78.0], [74.0, 78.0], [74.0, 78.0], [74.0, 78.0], [74.0, 78.0], [74.0, 78.0], [74.0, 78.0], [74.0, 78.0], [74.0, 78.0], [74.0, 78.0], [74.0, 78.0], [74.0, 78.0], [74.0, 78.0], [74.0, 78.0], [74.0, 78.0], [74.0, 78.0], [74.0, 78.0]]
Time needed to calculate the shortest path:
19.709444046


2018-07-10 20:46:08
MPC Actions: ['0', '0', '0', '0', '0', '0', '0', '0', '0', '0', '0', '0', '0', '0', '0', '0']
Temperatures following the MPC path:
[79.0, 79.075, 79.15, 79.22500000000001, 79.30000000000001, 79.375, 79.45, 79.525, 79.60000000000001, 79.67500000000001, 79.75, 79.80000000000001, 79.85000000000001, 79.9, 79.95, 80.0, 80.05000000000001]
Safety Constraints:
[[54.0, 86.0], [54.0, 86.0], [54.0, 86.0], [54.0, 86.0], [54.0, 86.0], [54.0, 86.0], [54.0, 86.0], [54.0, 86.0], [54.0, 86.0], [54.0, 86.0], [54.0, 86.0], [54.0, 86.0], [54.0, 86.0], [54.0, 86.0], [54.0, 86.0], [54.0, 86.0], [54.0, 86.0]]
Prices:
[0.26, 0.6, 0.6, 0.6, 0.6, 0.6, 0.6, 0.6, 0.6, 0.6, 0.6, 0.6, 0.6, 0.6, 0.6, 0.6, 0.6, 0.6, 0.6, 0.6, 0.6, 0.6, 0.6, 0.6, 0.6, 0.6, 0.6, 0.6, 0.6, 0.6, 0.6, 0.6, 0.6, 0.6, 0.6, 0.6, 0.6, 0.6, 0.6, 0.6, 0.6, 0.6, 0.6, 0.6, 0.6, 0.6, 0.6, 0.6, 0.6, 0.6, 0.6, 0.6, 0.6, 0.6, 0.6, 0.6, 0.6, 0.6, 0.6, 0.6, 0.6, 0.6, 0.6, 0.6, 0.6, 0.6, 0.6, 0.6, 0.6, 0.6, 0.6, 0.6, 0.6, 0.6, 0.6, 0.6, 0.6, 0.6, 0.6, 0.6, 0.6]
Occ Predictions:
                       0
2018-07-10 13:31:08  0.0
2018-07-10 13:46:08  0.0
2018-07-10 14:01:08  0.0
2018-07-10 14:16:08  0.0
2018-07-10 14:31:08  0.0
2018-07-10 14:46:08  0.0
2018-07-10 15:01:08  0.0
2018-07-10 15:16:08  0.0
2018-07-10 15:31:08  0.0
2018-07-10 15:46:08  0.0
2018-07-10 16:01:08  0.0
2018-07-10 16:16:08  0.0
2018-07-10 16:31:08  0.0
2018-07-10 16:46:08  0.0
2018-07-10 17:01:08  0.0
2018-07-10 17:16:08  0.0
2018-07-10 17:31:08  0.0
Setpoints:
[[74.0, 78.0], [74.0, 78.0], [74.0, 78.0], [74.0, 78.0], [74.0, 78.0], [74.0, 78.0], [74.0, 78.0], [74.0, 78.0], [74.0, 78.0], [74.0, 78.0], [74.0, 78.0], [74.0, 78.0], [74.0, 78.0], [74.0, 78.0], [74.0, 78.0], [74.0, 78.0], [74.0, 78.0]]
Time needed to calculate the shortest path:
37.9687559605


2018-07-10 21:01:08
MPC Actions: ['0', '0', '0', '0', '0', '0', '0', '0', '0', '0', '0', '0', '0', '0', '0', '0']
Temperatures following the MPC path:
[78.0, 78.10000000000001, 78.2, 78.30000000000001, 78.4, 78.5, 78.575, 78.65, 78.72500000000001, 78.80000000000001, 78.875, 78.95, 79.025, 79.10000000000001, 79.17500000000001, 79.25, 79.325]
Safety Constraints:
[[54.0, 86.0], [54.0, 86.0], [54.0, 86.0], [54.0, 86.0], [54.0, 86.0], [54.0, 86.0], [54.0, 86.0], [54.0, 86.0], [54.0, 86.0], [54.0, 86.0], [54.0, 86.0], [54.0, 86.0], [54.0, 86.0], [54.0, 86.0], [54.0, 86.0], [54.0, 86.0], [54.0, 86.0]]
Prices:
[0.6, 0.6, 0.6, 0.6, 0.6, 0.6, 0.6, 0.6, 0.6, 0.6, 0.6, 0.6, 0.6, 0.6, 0.6, 0.6, 0.6, 0.6, 0.6, 0.6, 0.6, 0.6, 0.6, 0.6, 0.6, 0.6, 0.6, 0.6, 0.6, 0.6, 0.6, 0.6, 0.6, 0.6, 0.6, 0.6, 0.6, 0.6, 0.6, 0.6, 0.6, 0.6, 0.6, 0.6, 0.6, 0.6, 0.6, 0.6, 0.6, 0.6, 0.6, 0.6, 0.6, 0.6, 0.6, 0.6, 0.6, 0.6, 0.6, 0.6, 0.6, 0.6, 0.6, 0.6, 0.6, 0.6, 0.6, 0.6, 0.6, 0.6, 0.6, 0.6, 0.6, 0.6, 0.6, 0.6, 0.6, 0.6, 0.6, 0.6, 0.24]
Occ Predictions:
                       0
2018-07-10 13:46:08  0.0
2018-07-10 14:01:08  0.0
2018-07-10 14:16:08  0.0
2018-07-10 14:31:08  0.0
2018-07-10 14:46:08  0.0
2018-07-10 15:01:08  0.0
2018-07-10 15:16:08  0.0
2018-07-10 15:31:08  0.0
2018-07-10 15:46:08  0.0
2018-07-10 16:01:08  0.0
2018-07-10 16:16:08  0.0
2018-07-10 16:31:08  0.0
2018-07-10 16:46:08  0.0
2018-07-10 17:01:08  0.0
2018-07-10 17:16:08  0.0
2018-07-10 17:31:08  0.0
2018-07-10 17:46:08  0.0
Setpoints:
[[74.0, 78.0], [74.0, 78.0], [74.0, 78.0], [74.0, 78.0], [74.0, 78.0], [74.0, 78.0], [74.0, 78.0], [74.0, 78.0], [74.0, 78.0], [74.0, 78.0], [74.0, 78.0], [74.0, 78.0], [74.0, 78.0], [74.0, 78.0], [74.0, 78.0], [74.0, 78.0], [60.0, 85.0]]
Time needed to calculate the shortest path:
34.8288030624


2018-07-10 21:16:07
MPC Actions: ['0', '0', '0', '0', '0', '0', '0', '0', '0', '0', '0', '0', '0', '0', '0', '0']
Temperatures following the MPC path:
[77.0, 77.10000000000001, 77.2, 77.30000000000001, 77.4, 77.5, 77.60000000000001, 77.7, 77.80000000000001, 77.9, 78.0, 78.10000000000001, 78.17500000000001, 78.25, 78.325, 78.4, 78.47500000000001]
Safety Constraints:
[[54.0, 86.0], [54.0, 86.0], [54.0, 86.0], [54.0, 86.0], [54.0, 86.0], [54.0, 86.0], [54.0, 86.0], [54.0, 86.0], [54.0, 86.0], [54.0, 86.0], [54.0, 86.0], [54.0, 86.0], [54.0, 86.0], [54.0, 86.0], [54.0, 86.0], [54.0, 86.0], [54.0, 86.0]]
Prices:
[0.6, 0.6, 0.6, 0.6, 0.6, 0.6, 0.6, 0.6, 0.6, 0.6, 0.6, 0.6, 0.6, 0.6, 0.6, 0.6, 0.6, 0.6, 0.6, 0.6, 0.6, 0.6, 0.6, 0.6, 0.6, 0.6, 0.6, 0.6, 0.6, 0.6, 0.6, 0.6, 0.6, 0.6, 0.6, 0.6, 0.6, 0.6, 0.6, 0.6, 0.6, 0.6, 0.6, 0.6, 0.6, 0.6, 0.6, 0.6, 0.6, 0.6, 0.6, 0.6, 0.6, 0.6, 0.6, 0.6, 0.6, 0.6, 0.6, 0.6, 0.6, 0.6, 0.6, 0.6, 0.6, 0.6, 0.6, 0.6, 0.6, 0.6, 0.6, 0.6, 0.6, 0.6, 0.6, 0.24, 0.24]
Occ Predictions:
                       0
2018-07-10 14:01:07  0.0
2018-07-10 14:16:07  0.0
2018-07-10 14:31:07  0.0
2018-07-10 14:46:07  0.0
2018-07-10 15:01:07  0.0
2018-07-10 15:16:07  0.0
2018-07-10 15:31:07  0.0
2018-07-10 15:46:07  0.0
2018-07-10 16:01:07  0.0
2018-07-10 16:16:07  0.0
2018-07-10 16:31:07  0.0
2018-07-10 16:46:07  0.0
2018-07-10 17:01:07  0.0
2018-07-10 17:16:07  0.0
2018-07-10 17:31:07  0.0
2018-07-10 17:46:07  0.0
2018-07-10 18:01:07  0.0
Setpoints:
[[74.0, 78.0], [74.0, 78.0], [74.0, 78.0], [74.0, 78.0], [74.0, 78.0], [74.0, 78.0], [74.0, 78.0], [74.0, 78.0], [74.0, 78.0], [74.0, 78.0], [74.0, 78.0], [74.0, 78.0], [74.0, 78.0], [74.0, 78.0], [74.0, 78.0], [60.0, 85.0], [60.0, 85.0]]
Time needed to calculate the shortest path:
36.1925709248


2018-07-10 21:31:07
MPC Actions: ['0', '0', '0', '0', '0', '0', '0', '0', '0', '0', '0', '0', '0', '0', '0', '0']
Temperatures following the MPC path:
[77.0, 77.10000000000001, 77.2, 77.30000000000001, 77.4, 77.5, 77.60000000000001, 77.7, 77.80000000000001, 77.875, 77.95, 78.025, 78.10000000000001, 78.17500000000001, 78.25, 78.30000000000001, 78.35000000000001]
Safety Constraints:
[[54.0, 86.0], [54.0, 86.0], [54.0, 86.0], [54.0, 86.0], [54.0, 86.0], [54.0, 86.0], [54.0, 86.0], [54.0, 86.0], [54.0, 86.0], [54.0, 86.0], [54.0, 86.0], [54.0, 86.0], [54.0, 86.0], [54.0, 86.0], [54.0, 86.0], [54.0, 86.0], [54.0, 86.0]]
Prices:
[0.6, 0.6, 0.6, 0.6, 0.6, 0.6, 0.6, 0.6, 0.6, 0.6, 0.6, 0.6, 0.6, 0.6, 0.6, 0.6, 0.6, 0.6, 0.6, 0.6, 0.6, 0.6, 0.6, 0.6, 0.6, 0.6, 0.6, 0.6, 0.6, 0.6, 0.6, 0.6, 0.6, 0.6, 0.6, 0.6, 0.6, 0.6, 0.6, 0.6, 0.6, 0.6, 0.6, 0.6, 0.6, 0.6, 0.6, 0.6, 0.6, 0.6, 0.6, 0.6, 0.6, 0.6, 0.6, 0.6, 0.6, 0.6, 0.6, 0.6, 0.6, 0.6, 0.6, 0.6, 0.6, 0.6, 0.6, 0.6, 0.6, 0.6, 0.24, 0.24, 0.24]
Occ Predictions:
                       0
2018-07-10 14:16:07  0.0
2018-07-10 14:31:07  0.0
2018-07-10 14:46:07  0.0
2018-07-10 15:01:07  0.0
2018-07-10 15:16:07  0.0
2018-07-10 15:31:07  0.0
2018-07-10 15:46:07  0.0
2018-07-10 16:01:07  0.0
2018-07-10 16:16:07  0.0
2018-07-10 16:31:07  0.0
2018-07-10 16:46:07  0.0
2018-07-10 17:01:07  0.0
2018-07-10 17:16:07  0.0
2018-07-10 17:31:07  0.0
2018-07-10 17:46:07  0.0
2018-07-10 18:01:07  0.0
2018-07-10 18:16:07  0.0
Setpoints:
[[74.0, 78.0], [74.0, 78.0], [74.0, 78.0], [74.0, 78.0], [74.0, 78.0], [74.0, 78.0], [74.0, 78.0], [74.0, 78.0], [74.0, 78.0], [74.0, 78.0], [74.0, 78.0], [74.0, 78.0], [74.0, 78.0], [74.0, 78.0], [60.0, 85.0], [60.0, 85.0], [60.0, 85.0]]
Time needed to calculate the shortest path:
37.0516328812


2018-07-10 21:46:07
MPC Actions: ['0', '0', '0', '0', '0', '0', '0', '0', '0', '0', '0', '0', '0', '0', '0', '0']
Temperatures following the MPC path:
[79.0, 79.075, 79.15, 79.22500000000001, 79.30000000000001, 79.375, 79.45, 79.525, 79.60000000000001, 79.67500000000001, 79.72500000000001, 79.775, 79.825, 79.875, 79.92500000000001, 79.97500000000001, 80.025]
Safety Constraints:
[[54.0, 86.0], [54.0, 86.0], [54.0, 86.0], [54.0, 86.0], [54.0, 86.0], [54.0, 86.0], [54.0, 86.0], [54.0, 86.0], [54.0, 86.0], [54.0, 86.0], [54.0, 86.0], [54.0, 86.0], [54.0, 86.0], [54.0, 86.0], [54.0, 86.0], [54.0, 86.0], [54.0, 86.0]]
Prices:
[0.6, 0.6, 0.6, 0.6, 0.6, 0.6, 0.6, 0.6, 0.6, 0.6, 0.6, 0.6, 0.6, 0.6, 0.6, 0.6, 0.6, 0.6, 0.6, 0.6, 0.6, 0.6, 0.6, 0.6, 0.6, 0.6, 0.6, 0.6, 0.6, 0.6, 0.6, 0.6, 0.6, 0.6, 0.6, 0.6, 0.6, 0.6, 0.6, 0.6, 0.6, 0.6, 0.6, 0.6, 0.6, 0.6, 0.6, 0.6, 0.6, 0.6, 0.6, 0.6, 0.6, 0.6, 0.6, 0.6, 0.6, 0.6, 0.6, 0.6, 0.6, 0.6, 0.6, 0.6, 0.6, 0.24, 0.24, 0.24, 0.24]
Occ Predictions:
                       0
2018-07-10 14:31:07  0.0
2018-07-10 14:46:07  0.0
2018-07-10 15:01:07  0.0
2018-07-10 15:16:07  0.0
2018-07-10 15:31:07  0.0
2018-07-10 15:46:07  0.0
2018-07-10 16:01:07  0.0
2018-07-10 16:16:07  0.0
2018-07-10 16:31:07  0.0
2018-07-10 16:46:07  0.0
2018-07-10 17:01:07  0.0
2018-07-10 17:16:07  0.0
2018-07-10 17:31:07  0.0
2018-07-10 17:46:07  0.0
2018-07-10 18:01:07  0.0
2018-07-10 18:16:07  0.0
2018-07-10 18:31:07  0.0
Setpoints:
[[74.0, 78.0], [74.0, 78.0], [74.0, 78.0], [74.0, 78.0], [74.0, 78.0], [74.0, 78.0], [74.0, 78.0], [74.0, 78.0], [74.0, 78.0], [74.0, 78.0], [74.0, 78.0], [74.0, 78.0], [74.0, 78.0], [60.0, 85.0], [60.0, 85.0], [60.0, 85.0], [60.0, 85.0]]
Time needed to calculate the shortest path:
34.5227811337


2018-07-10 22:01:08
MPC Actions: ['0', '0', '0', '0', '0', '0', '0', '0', '0', '0', '0', '0', '0', '0', '0', '0']
Temperatures following the MPC path:
[78.0, 78.10000000000001, 78.2, 78.30000000000001, 78.4, 78.5, 78.575, 78.65, 78.72500000000001, 78.80000000000001, 78.875, 78.95, 79.025, 79.075, 79.125, 79.17500000000001, 79.22500000000001]
Safety Constraints:
[[54.0, 86.0], [54.0, 86.0], [54.0, 86.0], [54.0, 86.0], [54.0, 86.0], [54.0, 86.0], [54.0, 86.0], [54.0, 86.0], [54.0, 86.0], [54.0, 86.0], [54.0, 86.0], [54.0, 86.0], [54.0, 86.0], [54.0, 86.0], [54.0, 86.0], [54.0, 86.0], [54.0, 86.0]]
Prices:
[0.6, 0.6, 0.6, 0.6, 0.6, 0.6, 0.6, 0.6, 0.6, 0.6, 0.6, 0.6, 0.6, 0.6, 0.6, 0.6, 0.6, 0.6, 0.6, 0.6, 0.6, 0.6, 0.6, 0.6, 0.6, 0.6, 0.6, 0.6, 0.6, 0.6, 0.6, 0.6, 0.6, 0.6, 0.6, 0.6, 0.6, 0.6, 0.6, 0.6, 0.6, 0.6, 0.6, 0.6, 0.6, 0.6, 0.6, 0.6, 0.6, 0.6, 0.6, 0.6, 0.6, 0.6, 0.6, 0.6, 0.6, 0.6, 0.6, 0.6, 0.24, 0.24, 0.24, 0.24, 0.24]
Occ Predictions:
                       0
2018-07-10 14:46:08  0.0
2018-07-10 15:01:08  0.0
2018-07-10 15:16:08  0.0
2018-07-10 15:31:08  0.0
2018-07-10 15:46:08  0.0
2018-07-10 16:01:08  0.0
2018-07-10 16:16:08  0.0
2018-07-10 16:31:08  0.0
2018-07-10 16:46:08  0.0
2018-07-10 17:01:08  0.0
2018-07-10 17:16:08  0.0
2018-07-10 17:31:08  0.0
2018-07-10 17:46:08  0.0
2018-07-10 18:01:08  0.0
2018-07-10 18:16:08  0.0
2018-07-10 18:31:08  0.0
2018-07-10 18:46:08  0.0
Setpoints:
[[74.0, 78.0], [74.0, 78.0], [74.0, 78.0], [74.0, 78.0], [74.0, 78.0], [74.0, 78.0], [74.0, 78.0], [74.0, 78.0], [74.0, 78.0], [74.0, 78.0], [74.0, 78.0], [74.0, 78.0], [60.0, 85.0], [60.0, 85.0], [60.0, 85.0], [60.0, 85.0], [60.0, 85.0]]
Time needed to calculate the shortest path:
35.5982720852


2018-07-10 22:06:04
MPC Actions: ['0', '0', '0', '0', '0', '0', '0', '0', '0', '0', '0', '0', '0', '0', '0', '0']
Temperatures following the MPC path:
[79.0, 79.075, 79.15, 79.22500000000001, 79.30000000000001, 79.375, 79.45, 79.525, 79.60000000000001, 79.65, 79.7, 79.75, 79.80000000000001, 79.85000000000001, 79.9, 79.95, 80.0]
Safety Constraints:
[[54.0, 86.0], [54.0, 86.0], [54.0, 86.0], [54.0, 86.0], [54.0, 86.0], [54.0, 86.0], [54.0, 86.0], [54.0, 86.0], [54.0, 86.0], [54.0, 86.0], [54.0, 86.0], [54.0, 86.0], [54.0, 86.0], [54.0, 86.0], [54.0, 86.0], [54.0, 86.0], [54.0, 86.0]]
Prices:
[0.6, 0.6, 0.6, 0.6, 0.6, 0.6, 0.6, 0.6, 0.6, 0.6, 0.6, 0.6, 0.6, 0.6, 0.6, 0.6, 0.6, 0.6, 0.6, 0.6, 0.6, 0.6, 0.6, 0.6, 0.6, 0.6, 0.6, 0.6, 0.6, 0.6, 0.6, 0.6, 0.6, 0.6, 0.6, 0.6, 0.6, 0.6, 0.6, 0.6, 0.6, 0.6, 0.6, 0.6, 0.6, 0.6, 0.6, 0.6, 0.6, 0.6, 0.6, 0.6, 0.6, 0.6, 0.6, 0.6, 0.6, 0.6, 0.6, 0.6, 0.24, 0.24, 0.24, 0.24, 0.24]
Occ Predictions:
                       0
2018-07-10 14:51:04  0.0
2018-07-10 15:06:04  0.0
2018-07-10 15:21:04  0.0
2018-07-10 15:36:04  0.0
2018-07-10 15:51:04  0.0
2018-07-10 16:06:04  0.0
2018-07-10 16:21:04  0.0
2018-07-10 16:36:04  0.0
2018-07-10 16:51:04  0.0
2018-07-10 17:06:04  0.0
2018-07-10 17:21:04  0.0
2018-07-10 17:36:04  0.0
2018-07-10 17:51:04  0.0
2018-07-10 18:06:04  0.0
2018-07-10 18:21:04  0.0
2018-07-10 18:36:04  0.0
2018-07-10 18:51:04  0.0
Setpoints:
[[74.0, 78.0], [74.0, 78.0], [74.0, 78.0], [74.0, 78.0], [74.0, 78.0], [74.0, 78.0], [74.0, 78.0], [74.0, 78.0], [74.0, 78.0], [74.0, 78.0], [74.0, 78.0], [74.0, 78.0], [60.0, 85.0], [60.0, 85.0], [60.0, 85.0], [60.0, 85.0], [60.0, 85.0]]
Time needed to calculate the shortest path:
56.1103179455


2018-07-10 22:21:04
MPC Actions: ['0', '0', '0', '0', '0', '0', '0', '0', '0', '0', '0', '0', '0', '0', '0', '0']
Temperatures following the MPC path:
[79.0, 79.075, 79.15, 79.22500000000001, 79.30000000000001, 79.375, 79.45, 79.525, 79.60000000000001, 79.67500000000001, 79.75, 79.80000000000001, 79.85000000000001, 79.9, 79.95, 80.0, 80.025]
Safety Constraints:
[[54.0, 86.0], [54.0, 86.0], [54.0, 86.0], [54.0, 86.0], [54.0, 86.0], [54.0, 86.0], [54.0, 86.0], [54.0, 86.0], [54.0, 86.0], [54.0, 86.0], [54.0, 86.0], [54.0, 86.0], [54.0, 86.0], [54.0, 86.0], [54.0, 86.0], [54.0, 86.0], [54.0, 86.0]]
Prices:
[0.6, 0.6, 0.6, 0.6, 0.6, 0.6, 0.6, 0.6, 0.6, 0.6, 0.6, 0.6, 0.6, 0.6, 0.6, 0.6, 0.6, 0.6, 0.6, 0.6, 0.6, 0.6, 0.6, 0.6, 0.6, 0.6, 0.6, 0.6, 0.6, 0.6, 0.6, 0.6, 0.6, 0.6, 0.6, 0.6, 0.6, 0.6, 0.6, 0.6, 0.6, 0.6, 0.6, 0.6, 0.6, 0.6, 0.6, 0.6, 0.6, 0.6, 0.6, 0.6, 0.6, 0.6, 0.6, 0.24, 0.24, 0.24, 0.24, 0.24, 0.24]
Occ Predictions:
                       0
2018-07-10 15:06:04  0.0
2018-07-10 15:21:04  0.0
2018-07-10 15:36:04  0.0
2018-07-10 15:51:04  0.0
2018-07-10 16:06:04  0.0
2018-07-10 16:21:04  0.0
2018-07-10 16:36:04  0.0
2018-07-10 16:51:04  0.0
2018-07-10 17:06:04  0.0
2018-07-10 17:21:04  0.0
2018-07-10 17:36:04  0.0
2018-07-10 17:51:04  0.0
2018-07-10 18:06:04  0.0
2018-07-10 18:21:04  0.0
2018-07-10 18:36:04  0.0
2018-07-10 18:51:04  0.0
2018-07-10 19:06:04  0.0
Setpoints:
[[74.0, 78.0], [74.0, 78.0], [74.0, 78.0], [74.0, 78.0], [74.0, 78.0], [74.0, 78.0], [74.0, 78.0], [74.0, 78.0], [74.0, 78.0], [74.0, 78.0], [74.0, 78.0], [60.0, 85.0], [60.0, 85.0], [60.0, 85.0], [60.0, 85.0], [60.0, 85.0], [60.0, 85.0]]
Time needed to calculate the shortest path:
58.5232019424


2018-07-10 22:36:04
MPC Actions: ['0', '0', '0', '0', '0', '0', '0', '0', '0', '0', '0', '0', '0', '0', '0', '0']
Temperatures following the MPC path:
[79.0, 79.075, 79.15, 79.22500000000001, 79.30000000000001, 79.375, 79.45, 79.5, 79.55000000000001, 79.60000000000001, 79.65, 79.7, 79.75, 79.80000000000001, 79.85000000000001, 79.875, 79.9]
Safety Constraints:
[[54.0, 86.0], [54.0, 86.0], [54.0, 86.0], [54.0, 86.0], [54.0, 86.0], [54.0, 86.0], [54.0, 86.0], [54.0, 86.0], [54.0, 86.0], [54.0, 86.0], [54.0, 86.0], [54.0, 86.0], [54.0, 86.0], [54.0, 86.0], [54.0, 86.0], [54.0, 86.0], [54.0, 86.0]]
Prices:
[0.6, 0.6, 0.6, 0.6, 0.6, 0.6, 0.6, 0.6, 0.6, 0.6, 0.6, 0.6, 0.6, 0.6, 0.6, 0.6, 0.6, 0.6, 0.6, 0.6, 0.6, 0.6, 0.6, 0.6, 0.6, 0.6, 0.6, 0.6, 0.6, 0.6, 0.6, 0.6, 0.6, 0.6, 0.6, 0.6, 0.6, 0.6, 0.6, 0.6, 0.6, 0.6, 0.6, 0.6, 0.6, 0.6, 0.6, 0.6, 0.6, 0.6, 0.24, 0.24, 0.24, 0.24, 0.24, 0.24, 0.24]
Occ Predictions:
                       0
2018-07-10 15:21:04  0.0
2018-07-10 15:36:04  0.0
2018-07-10 15:51:04  0.0
2018-07-10 16:06:04  0.0
2018-07-10 16:21:04  0.0
2018-07-10 16:36:04  0.0
2018-07-10 16:51:04  0.0
2018-07-10 17:06:04  0.0
2018-07-10 17:21:04  0.0
2018-07-10 17:36:04  0.0
2018-07-10 17:51:04  0.0
2018-07-10 18:06:04  0.0
2018-07-10 18:21:04  0.0
2018-07-10 18:36:04  0.0
2018-07-10 18:51:04  0.0
2018-07-10 19:06:04  0.0
2018-07-10 19:21:04  0.0
Setpoints:
[[74.0, 78.0], [74.0, 78.0], [74.0, 78.0], [74.0, 78.0], [74.0, 78.0], [74.0, 78.0], [74.0, 78.0], [74.0, 78.0], [74.0, 78.0], [74.0, 78.0], [60.0, 85.0], [60.0, 85.0], [60.0, 85.0], [60.0, 85.0], [60.0, 85.0], [60.0, 85.0], [60.0, 85.0]]
Time needed to calculate the shortest path:
50.7948410511


2018-07-10 22:51:04
MPC Actions: ['0', '0', '0', '0', '0', '0', '0', '0', '0', '0', '0', '0', '0', '0', '0', '0']
Temperatures following the MPC path:
[79.0, 79.075, 79.15, 79.22500000000001, 79.30000000000001, 79.375, 79.45, 79.525, 79.60000000000001, 79.67500000000001, 79.72500000000001, 79.775, 79.825, 79.875, 79.9, 79.92500000000001, 79.95]
Safety Constraints:
[[54.0, 86.0], [54.0, 86.0], [54.0, 86.0], [54.0, 86.0], [54.0, 86.0], [54.0, 86.0], [54.0, 86.0], [54.0, 86.0], [54.0, 86.0], [54.0, 86.0], [54.0, 86.0], [54.0, 86.0], [54.0, 86.0], [54.0, 86.0], [54.0, 86.0], [54.0, 86.0], [54.0, 86.0]]
Prices:
[0.6, 0.6, 0.6, 0.6, 0.6, 0.6, 0.6, 0.6, 0.6, 0.6, 0.6, 0.6, 0.6, 0.6, 0.6, 0.6, 0.6, 0.6, 0.6, 0.6, 0.6, 0.6, 0.6, 0.6, 0.6, 0.6, 0.6, 0.6, 0.6, 0.6, 0.6, 0.6, 0.6, 0.6, 0.6, 0.6, 0.6, 0.6, 0.6, 0.6, 0.6, 0.6, 0.6, 0.6, 0.6, 0.24, 0.24, 0.24, 0.24, 0.24, 0.24, 0.24, 0.24]
Occ Predictions:
                       0
2018-07-10 15:36:04  0.0
2018-07-10 15:51:04  0.0
2018-07-10 16:06:04  0.0
2018-07-10 16:21:04  0.0
2018-07-10 16:36:04  0.0
2018-07-10 16:51:04  0.0
2018-07-10 17:06:04  0.0
2018-07-10 17:21:04  0.0
2018-07-10 17:36:04  0.0
2018-07-10 17:51:04  0.0
2018-07-10 18:06:04  0.0
2018-07-10 18:21:04  0.0
2018-07-10 18:36:04  0.0
2018-07-10 18:51:04  0.0
2018-07-10 19:06:04  0.0
2018-07-10 19:21:04  0.0
2018-07-10 19:36:04  0.0
Setpoints:
[[74.0, 78.0], [74.0, 78.0], [74.0, 78.0], [74.0, 78.0], [74.0, 78.0], [74.0, 78.0], [74.0, 78.0], [74.0, 78.0], [74.0, 78.0], [60.0, 85.0], [60.0, 85.0], [60.0, 85.0], [60.0, 85.0], [60.0, 85.0], [60.0, 85.0], [60.0, 85.0], [60.0, 85.0]]
Time needed to calculate the shortest path:
57.0052831173


2018-07-10 23:06:04
MPC Actions: ['0', '0', '0', '0', '0', '0', '0', '0', '0', '0', '0', '0', '0', '0', '0', '0']
Temperatures following the MPC path:
[79.0, 79.075, 79.15, 79.22500000000001, 79.30000000000001, 79.375, 79.42500000000001, 79.47500000000001, 79.525, 79.575, 79.625, 79.67500000000001, 79.72500000000001, 79.75, 79.775, 79.80000000000001, 79.825]
Safety Constraints:
[[54.0, 86.0], [54.0, 86.0], [54.0, 86.0], [54.0, 86.0], [54.0, 86.0], [54.0, 86.0], [54.0, 86.0], [54.0, 86.0], [54.0, 86.0], [54.0, 86.0], [54.0, 86.0], [54.0, 86.0], [54.0, 86.0], [54.0, 86.0], [54.0, 86.0], [54.0, 86.0], [54.0, 86.0]]
Prices:
[0.6, 0.6, 0.6, 0.6, 0.6, 0.6, 0.6, 0.6, 0.6, 0.6, 0.6, 0.6, 0.6, 0.6, 0.6, 0.6, 0.6, 0.6, 0.6, 0.6, 0.6, 0.6, 0.6, 0.6, 0.6, 0.6, 0.6, 0.6, 0.6, 0.6, 0.6, 0.6, 0.6, 0.6, 0.6, 0.6, 0.6, 0.6, 0.6, 0.6, 0.24, 0.24, 0.24, 0.24, 0.24, 0.24, 0.24, 0.24, 0.24]
Occ Predictions:
                       0
2018-07-10 15:51:04  0.0
2018-07-10 16:06:04  0.0
2018-07-10 16:21:04  0.0
2018-07-10 16:36:04  0.0
2018-07-10 16:51:04  0.0
2018-07-10 17:06:04  0.0
2018-07-10 17:21:04  0.0
2018-07-10 17:36:04  0.0
2018-07-10 17:51:04  0.0
2018-07-10 18:06:04  0.0
2018-07-10 18:21:04  0.0
2018-07-10 18:36:04  0.0
2018-07-10 18:51:04  0.0
2018-07-10 19:06:04  0.0
2018-07-10 19:21:04  0.0
2018-07-10 19:36:04  0.0
2018-07-10 19:51:04  0.0
Setpoints:
[[74.0, 78.0], [74.0, 78.0], [74.0, 78.0], [74.0, 78.0], [74.0, 78.0], [74.0, 78.0], [74.0, 78.0], [74.0, 78.0], [60.0, 85.0], [60.0, 85.0], [60.0, 85.0], [60.0, 85.0], [60.0, 85.0], [60.0, 85.0], [60.0, 85.0], [60.0, 85.0], [60.0, 85.0]]
Time needed to calculate the shortest path:
48.7093379498


2018-07-10 23:21:04
MPC Actions: ['0', '0', '0', '0', '0', '0', '0', '0', '0', '0', '0', '0', '0', '0', '0', '0']
Temperatures following the MPC path:
[80.0, 80.05000000000001, 80.10000000000001, 80.15, 80.2, 80.25, 80.30000000000001, 80.35000000000001, 80.375, 80.4, 80.42500000000001, 80.45, 80.47500000000001, 80.5, 80.525, 80.55000000000001, 80.55000000000001]
Safety Constraints:
[[54.0, 86.0], [54.0, 86.0], [54.0, 86.0], [54.0, 86.0], [54.0, 86.0], [54.0, 86.0], [54.0, 86.0], [54.0, 86.0], [54.0, 86.0], [54.0, 86.0], [54.0, 86.0], [54.0, 86.0], [54.0, 86.0], [54.0, 86.0], [54.0, 86.0], [54.0, 86.0], [54.0, 86.0]]
Prices:
[0.6, 0.6, 0.6, 0.6, 0.6, 0.6, 0.6, 0.6, 0.6, 0.6, 0.6, 0.6, 0.6, 0.6, 0.6, 0.6, 0.6, 0.6, 0.6, 0.6, 0.6, 0.6, 0.6, 0.6, 0.6, 0.6, 0.6, 0.6, 0.6, 0.6, 0.6, 0.6, 0.6, 0.6, 0.6, 0.24, 0.24, 0.24, 0.24, 0.24, 0.24, 0.24, 0.24, 0.24, 0.24]
Occ Predictions:
                       0
2018-07-10 16:06:04  0.0
2018-07-10 16:21:04  0.0
2018-07-10 16:36:04  0.0
2018-07-10 16:51:04  0.0
2018-07-10 17:06:04  0.0
2018-07-10 17:21:04  0.0
2018-07-10 17:36:04  0.0
2018-07-10 17:51:04  0.0
2018-07-10 18:06:04  0.0
2018-07-10 18:21:04  0.0
2018-07-10 18:36:04  0.0
2018-07-10 18:51:04  0.0
2018-07-10 19:06:04  0.0
2018-07-10 19:21:04  0.0
2018-07-10 19:36:04  0.0
2018-07-10 19:51:04  0.0
2018-07-10 20:06:04  0.0
Setpoints:
[[74.0, 78.0], [74.0, 78.0], [74.0, 78.0], [74.0, 78.0], [74.0, 78.0], [74.0, 78.0], [74.0, 78.0], [60.0, 85.0], [60.0, 85.0], [60.0, 85.0], [60.0, 85.0], [60.0, 85.0], [60.0, 85.0], [60.0, 85.0], [60.0, 85.0], [60.0, 85.0], [60.0, 85.0]]
Time needed to calculate the shortest path:
57.4976708889


2018-07-10 23:36:04
MPC Actions: ['0', '0', '0', '0', '0', '0', '0', '0', '0', '0', '0', '0', '0', '0', '0', '0']
Temperatures following the MPC path:
[80.0, 80.075, 80.15, 80.2, 80.25, 80.30000000000001, 80.35000000000001, 80.4, 80.45, 80.5, 80.55000000000001, 80.575, 80.60000000000001, 80.625, 80.65, 80.65, 80.65]
Safety Constraints:
[[54.0, 86.0], [54.0, 86.0], [54.0, 86.0], [54.0, 86.0], [54.0, 86.0], [54.0, 86.0], [54.0, 86.0], [54.0, 86.0], [54.0, 86.0], [54.0, 86.0], [54.0, 86.0], [54.0, 86.0], [54.0, 86.0], [54.0, 86.0], [54.0, 86.0], [54.0, 86.0], [54.0, 86.0]]
Prices:
[0.6, 0.6, 0.6, 0.6, 0.6, 0.6, 0.6, 0.6, 0.6, 0.6, 0.6, 0.6, 0.6, 0.6, 0.6, 0.6, 0.6, 0.6, 0.6, 0.6, 0.6, 0.6, 0.6, 0.6, 0.6, 0.6, 0.6, 0.6, 0.6, 0.6, 0.24, 0.24, 0.24, 0.24, 0.24, 0.24, 0.24, 0.24, 0.24, 0.24, 0.24]
Occ Predictions:
                       0
2018-07-10 16:21:04  0.0
2018-07-10 16:36:04  0.0
2018-07-10 16:51:04  0.0
2018-07-10 17:06:04  0.0
2018-07-10 17:21:04  0.0
2018-07-10 17:36:04  0.0
2018-07-10 17:51:04  0.0
2018-07-10 18:06:04  0.0
2018-07-10 18:21:04  0.0
2018-07-10 18:36:04  0.0
2018-07-10 18:51:04  0.0
2018-07-10 19:06:04  0.0
2018-07-10 19:21:04  0.0
2018-07-10 19:36:04  0.0
2018-07-10 19:51:04  0.0
2018-07-10 20:06:04  0.0
2018-07-10 20:21:04  0.0
Setpoints:
[[74.0, 78.0], [74.0, 78.0], [74.0, 78.0], [74.0, 78.0], [74.0, 78.0], [74.0, 78.0], [60.0, 85.0], [60.0, 85.0], [60.0, 85.0], [60.0, 85.0], [60.0, 85.0], [60.0, 85.0], [60.0, 85.0], [60.0, 85.0], [60.0, 85.0], [60.0, 85.0], [60.0, 85.0]]
Time needed to calculate the shortest path:
63.2928199768


2018-07-10 23:51:04
MPC Actions: ['0', '0', '0', '0', '0', '0', '0', '0', '0', '0', '0', '0', '0', '0', '0', '0']
Temperatures following the MPC path:
[80.0, 80.05000000000001, 80.10000000000001, 80.15, 80.2, 80.25, 80.30000000000001, 80.35000000000001, 80.375, 80.4, 80.42500000000001, 80.45, 80.47500000000001, 80.5, 80.5, 80.5, 80.5]
Safety Constraints:
[[54.0, 86.0], [54.0, 86.0], [54.0, 86.0], [54.0, 86.0], [54.0, 86.0], [54.0, 86.0], [54.0, 86.0], [54.0, 86.0], [54.0, 86.0], [54.0, 86.0], [54.0, 86.0], [54.0, 86.0], [54.0, 86.0], [54.0, 86.0], [54.0, 86.0], [54.0, 86.0], [54.0, 86.0]]
Prices:
[0.6, 0.6, 0.6, 0.6, 0.6, 0.6, 0.6, 0.6, 0.6, 0.6, 0.6, 0.6, 0.6, 0.6, 0.6, 0.6, 0.6, 0.6, 0.6, 0.6, 0.6, 0.6, 0.6, 0.6, 0.6, 0.24, 0.24, 0.24, 0.24, 0.24, 0.24, 0.24, 0.24, 0.24, 0.24, 0.24, 0.24]
Occ Predictions:
                       0
2018-07-10 16:36:04  0.0
2018-07-10 16:51:04  0.0
2018-07-10 17:06:04  0.0
2018-07-10 17:21:04  0.0
2018-07-10 17:36:04  0.0
2018-07-10 17:51:04  0.0
2018-07-10 18:06:04  0.0
2018-07-10 18:21:04  0.0
2018-07-10 18:36:04  0.0
2018-07-10 18:51:04  0.0
2018-07-10 19:06:04  0.0
2018-07-10 19:21:04  0.0
2018-07-10 19:36:04  0.0
2018-07-10 19:51:04  0.0
2018-07-10 20:06:04  0.0
2018-07-10 20:21:04  0.0
2018-07-10 20:36:04  0.0
Setpoints:
[[74.0, 78.0], [74.0, 78.0], [74.0, 78.0], [74.0, 78.0], [74.0, 78.0], [60.0, 85.0], [60.0, 85.0], [60.0, 85.0], [60.0, 85.0], [60.0, 85.0], [60.0, 85.0], [60.0, 85.0], [60.0, 85.0], [60.0, 85.0], [60.0, 85.0], [60.0, 85.0], [60.0, 85.0]]
Time needed to calculate the shortest path:
55.5306050777


2018-07-11 00:06:04
MPC Actions: ['0', '0', '0', '0', '0', '0', '0', '0', '0', '0', '0', '0', '0', '0', '0', '0']
Temperatures following the MPC path:
[80.0, 80.05000000000001, 80.10000000000001, 80.15, 80.2, 80.25, 80.30000000000001, 80.35000000000001, 80.4, 80.42500000000001, 80.45, 80.47500000000001, 80.5, 80.5, 80.5, 80.5, 80.5]
Safety Constraints:
[[54.0, 86.0], [54.0, 86.0], [54.0, 86.0], [54.0, 86.0], [54.0, 86.0], [54.0, 86.0], [54.0, 86.0], [54.0, 86.0], [54.0, 86.0], [54.0, 86.0], [54.0, 86.0], [54.0, 86.0], [54.0, 86.0], [54.0, 86.0], [54.0, 86.0], [54.0, 86.0], [54.0, 86.0]]
Prices:
[0.6, 0.6, 0.6, 0.6, 0.6, 0.6, 0.6, 0.6, 0.6, 0.6, 0.6, 0.6, 0.6, 0.6, 0.6, 0.6, 0.6, 0.6, 0.6, 0.6, 0.24, 0.24, 0.24, 0.24, 0.24, 0.24, 0.24, 0.24, 0.24, 0.24, 0.24, 0.24, 0.24]
Occ Predictions:
                       0
2018-07-10 16:51:04  0.0
2018-07-10 17:06:04  0.0
2018-07-10 17:21:04  0.0
2018-07-10 17:36:04  0.0
2018-07-10 17:51:04  0.0
2018-07-10 18:06:04  0.0
2018-07-10 18:21:04  0.0
2018-07-10 18:36:04  0.0
2018-07-10 18:51:04  0.0
2018-07-10 19:06:04  0.0
2018-07-10 19:21:04  0.0
2018-07-10 19:36:04  0.0
2018-07-10 19:51:04  0.0
2018-07-10 20:06:04  0.0
2018-07-10 20:21:04  0.0
2018-07-10 20:36:04  0.0
2018-07-10 20:51:04  0.0
Setpoints:
[[74.0, 78.0], [74.0, 78.0], [74.0, 78.0], [74.0, 78.0], [60.0, 85.0], [60.0, 85.0], [60.0, 85.0], [60.0, 85.0], [60.0, 85.0], [60.0, 85.0], [60.0, 85.0], [60.0, 85.0], [60.0, 85.0], [60.0, 85.0], [60.0, 85.0], [60.0, 85.0], [60.0, 85.0]]
Time needed to calculate the shortest path:
58.0963139534


2018-07-11 00:21:04
MPC Actions: ['0', '0', '0', '0', '0', '0', '0', '0', '0', '0', '0', '0', '0', '0', '0', '0']
Temperatures following the MPC path:
[80.0, 80.05000000000001, 80.10000000000001, 80.15, 80.2, 80.25, 80.30000000000001, 80.35000000000001, 80.375, 80.4, 80.42500000000001, 80.45, 80.45, 80.45, 80.45, 80.45, 80.42500000000001]
Safety Constraints:
[[54.0, 86.0], [54.0, 86.0], [54.0, 86.0], [54.0, 86.0], [54.0, 86.0], [54.0, 86.0], [54.0, 86.0], [54.0, 86.0], [54.0, 86.0], [54.0, 86.0], [54.0, 86.0], [54.0, 86.0], [54.0, 86.0], [54.0, 86.0], [54.0, 86.0], [54.0, 86.0], [54.0, 86.0]]
Prices:
[0.6, 0.6, 0.6, 0.6, 0.6, 0.6, 0.6, 0.6, 0.6, 0.6, 0.6, 0.6, 0.6, 0.6, 0.6, 0.24, 0.24, 0.24, 0.24, 0.24, 0.24, 0.24, 0.24, 0.24, 0.24, 0.24, 0.24, 0.24, 0.24]
Occ Predictions:
                       0
2018-07-10 17:06:04  0.0
2018-07-10 17:21:04  0.0
2018-07-10 17:36:04  0.0
2018-07-10 17:51:04  0.0
2018-07-10 18:06:04  0.0
2018-07-10 18:21:04  0.0
2018-07-10 18:36:04  0.0
2018-07-10 18:51:04  0.0
2018-07-10 19:06:04  0.0
2018-07-10 19:21:04  0.0
2018-07-10 19:36:04  0.0
2018-07-10 19:51:04  0.0
2018-07-10 20:06:04  0.0
2018-07-10 20:21:04  0.0
2018-07-10 20:36:04  0.0
2018-07-10 20:51:04  0.0
2018-07-10 21:06:04  0.0
Setpoints:
[[74.0, 78.0], [74.0, 78.0], [74.0, 78.0], [60.0, 85.0], [60.0, 85.0], [60.0, 85.0], [60.0, 85.0], [60.0, 85.0], [60.0, 85.0], [60.0, 85.0], [60.0, 85.0], [60.0, 85.0], [60.0, 85.0], [60.0, 85.0], [60.0, 85.0], [60.0, 85.0], [60.0, 85.0]]
Time needed to calculate the shortest path:
56.9168941975


2018-07-11 00:36:04
MPC Actions: ['0', '0', '0', '0', '0', '0', '0', '0', '0', '0', '0', '0', '0', '0', '0', '0']
Temperatures following the MPC path:
[80.0, 80.05000000000001, 80.10000000000001, 80.15, 80.2, 80.25, 80.30000000000001, 80.325, 80.35000000000001, 80.375, 80.4, 80.4, 80.4, 80.4, 80.4, 80.4, 80.4]
Safety Constraints:
[[54.0, 86.0], [54.0, 86.0], [54.0, 86.0], [54.0, 86.0], [54.0, 86.0], [54.0, 86.0], [54.0, 86.0], [54.0, 86.0], [54.0, 86.0], [54.0, 86.0], [54.0, 86.0], [54.0, 86.0], [54.0, 86.0], [54.0, 86.0], [54.0, 86.0], [54.0, 86.0], [54.0, 86.0]]
Prices:
[0.6, 0.6, 0.6, 0.6, 0.6, 0.6, 0.6, 0.6, 0.6, 0.6, 0.24, 0.24, 0.24, 0.24, 0.24, 0.24, 0.24, 0.24, 0.24, 0.24, 0.24, 0.24, 0.24, 0.24, 0.21]
Occ Predictions:
                       0
2018-07-10 17:21:04  0.0
2018-07-10 17:36:04  0.0
2018-07-10 17:51:04  0.0
2018-07-10 18:06:04  0.0
2018-07-10 18:21:04  0.0
2018-07-10 18:36:04  0.0
2018-07-10 18:51:04  0.0
2018-07-10 19:06:04  0.0
2018-07-10 19:21:04  0.0
2018-07-10 19:36:04  0.0
2018-07-10 19:51:04  0.0
2018-07-10 20:06:04  0.0
2018-07-10 20:21:04  0.0
2018-07-10 20:36:04  0.0
2018-07-10 20:51:04  0.0
2018-07-10 21:06:04  0.0
2018-07-10 21:21:04  0.0
Setpoints:
[[74.0, 78.0], [74.0, 78.0], [60.0, 85.0], [60.0, 85.0], [60.0, 85.0], [60.0, 85.0], [60.0, 85.0], [60.0, 85.0], [60.0, 85.0], [60.0, 85.0], [60.0, 85.0], [60.0, 85.0], [60.0, 85.0], [60.0, 85.0], [60.0, 85.0], [60.0, 85.0], [60.0, 85.0]]
Time needed to calculate the shortest path:
59.3938989639


2018-07-11 00:51:04
MPC Actions: ['0', '0', '0', '0', '0', '0', '0', '0', '0', '0', '0', '0', '0', '0', '0', '0']
Temperatures following the MPC path:
[80.0, 80.05000000000001, 80.10000000000001, 80.15, 80.2, 80.25, 80.275, 80.30000000000001, 80.325, 80.35000000000001, 80.35000000000001, 80.35000000000001, 80.35000000000001, 80.35000000000001, 80.325, 80.30000000000001, 80.275]
Safety Constraints:
[[54.0, 86.0], [54.0, 86.0], [54.0, 86.0], [54.0, 86.0], [54.0, 86.0], [54.0, 86.0], [54.0, 86.0], [54.0, 86.0], [54.0, 86.0], [54.0, 86.0], [54.0, 86.0], [54.0, 86.0], [54.0, 86.0], [54.0, 86.0], [54.0, 86.0], [54.0, 86.0], [54.0, 86.0]]
Prices:
[0.6, 0.6, 0.6, 0.6, 0.6, 0.24, 0.24, 0.24, 0.24, 0.24, 0.24, 0.24, 0.24, 0.24, 0.24, 0.24, 0.24, 0.24, 0.24, 0.21, 0.21]
Occ Predictions:
                       0
2018-07-10 17:36:04  0.0
2018-07-10 17:51:04  0.0
2018-07-10 18:06:04  0.0
2018-07-10 18:21:04  0.0
2018-07-10 18:36:04  0.0
2018-07-10 18:51:04  0.0
2018-07-10 19:06:04  0.0
2018-07-10 19:21:04  0.0
2018-07-10 19:36:04  0.0
2018-07-10 19:51:04  0.0
2018-07-10 20:06:04  0.0
2018-07-10 20:21:04  0.0
2018-07-10 20:36:04  0.0
2018-07-10 20:51:04  0.0
2018-07-10 21:06:04  0.0
2018-07-10 21:21:04  0.0
2018-07-10 21:36:04  0.0
Setpoints:
[[74.0, 78.0], [60.0, 85.0], [60.0, 85.0], [60.0, 85.0], [60.0, 85.0], [60.0, 85.0], [60.0, 85.0], [60.0, 85.0], [60.0, 85.0], [60.0, 85.0], [60.0, 85.0], [60.0, 85.0], [60.0, 85.0], [60.0, 85.0], [60.0, 85.0], [60.0, 85.0], [60.0, 85.0]]
Time needed to calculate the shortest path:
55.6264631748


2018-07-11 01:06:04
MPC Actions: ['0', '0', '0', '0', '0', '0', '0', '0', '0', '0', '0', '0', '0', '0', '0', '0']
Temperatures following the MPC path:
[80.0, 80.05000000000001, 80.10000000000001, 80.15, 80.2, 80.22500000000001, 80.25, 80.275, 80.30000000000001, 80.30000000000001, 80.30000000000001, 80.30000000000001, 80.30000000000001, 80.30000000000001, 80.30000000000001, 80.30000000000001, 80.30000000000001]
Safety Constraints:
[[54.0, 86.0], [54.0, 86.0], [54.0, 86.0], [54.0, 86.0], [54.0, 86.0], [54.0, 86.0], [54.0, 86.0], [54.0, 86.0], [54.0, 86.0], [54.0, 86.0], [54.0, 86.0], [54.0, 86.0], [54.0, 86.0], [54.0, 86.0], [54.0, 86.0], [54.0, 86.0], [54.0, 86.0]]
Prices:
[0.24, 0.24, 0.24, 0.24, 0.24, 0.24, 0.24, 0.24, 0.24, 0.24, 0.24, 0.24, 0.24, 0.24, 0.21, 0.21, 0.21]
Occ Predictions:
                       0
2018-07-10 17:51:04  0.0
2018-07-10 18:06:04  0.0
2018-07-10 18:21:04  0.0
2018-07-10 18:36:04  0.0
2018-07-10 18:51:04  0.0
2018-07-10 19:06:04  0.0
2018-07-10 19:21:04  0.0
2018-07-10 19:36:04  0.0
2018-07-10 19:51:04  0.0
2018-07-10 20:06:04  0.0
2018-07-10 20:21:04  0.0
2018-07-10 20:36:04  0.0
2018-07-10 20:51:04  0.0
2018-07-10 21:06:04  0.0
2018-07-10 21:21:04  0.0
2018-07-10 21:36:04  0.0
2018-07-10 21:51:04  0.0
Setpoints:
[[60.0, 85.0], [60.0, 85.0], [60.0, 85.0], [60.0, 85.0], [60.0, 85.0], [60.0, 85.0], [60.0, 85.0], [60.0, 85.0], [60.0, 85.0], [60.0, 85.0], [60.0, 85.0], [60.0, 85.0], [60.0, 85.0], [60.0, 85.0], [60.0, 85.0], [60.0, 85.0], [60.0, 85.0]]
Time needed to calculate the shortest path:
58.4226369858


2018-07-11 01:21:04
MPC Actions: ['0', '0', '0', '0', '0', '0', '0', '0', '0', '0', '0', '0', '0', '0', '0', '0']
Temperatures following the MPC path:
[80.0, 80.05000000000001, 80.10000000000001, 80.15, 80.17500000000001, 80.2, 80.22500000000001, 80.25, 80.25, 80.25, 80.25, 80.25, 80.25, 80.25, 80.25, 80.25, 80.22500000000001]
Safety Constraints:
[[54.0, 86.0], [54.0, 86.0], [54.0, 86.0], [54.0, 86.0], [54.0, 86.0], [54.0, 86.0], [54.0, 86.0], [54.0, 86.0], [54.0, 86.0], [54.0, 86.0], [54.0, 86.0], [54.0, 86.0], [54.0, 86.0], [54.0, 86.0], [54.0, 86.0], [54.0, 86.0], [54.0, 86.0]]
Prices:
[0.24, 0.24, 0.24, 0.24, 0.24, 0.24, 0.24, 0.24, 0.24, 0.24, 0.24, 0.24, 0.24, 0.21, 0.21, 0.21, 0.21]
Occ Predictions:
                       0
2018-07-10 18:06:04  0.0
2018-07-10 18:21:04  0.0
2018-07-10 18:36:04  0.0
2018-07-10 18:51:04  0.0
2018-07-10 19:06:04  0.0
2018-07-10 19:21:04  0.0
2018-07-10 19:36:04  0.0
2018-07-10 19:51:04  0.0
2018-07-10 20:06:04  0.0
2018-07-10 20:21:04  0.0
2018-07-10 20:36:04  0.0
2018-07-10 20:51:04  0.0
2018-07-10 21:06:04  0.0
2018-07-10 21:21:04  0.0
2018-07-10 21:36:04  0.0
2018-07-10 21:51:04  0.0
2018-07-10 22:06:04  0.0
Setpoints:
[[60.0, 85.0], [60.0, 85.0], [60.0, 85.0], [60.0, 85.0], [60.0, 85.0], [60.0, 85.0], [60.0, 85.0], [60.0, 85.0], [60.0, 85.0], [60.0, 85.0], [60.0, 85.0], [60.0, 85.0], [60.0, 85.0], [60.0, 85.0], [60.0, 85.0], [60.0, 85.0], [60.0, 85.0]]
Time needed to calculate the shortest path:
70.0041220188


2018-07-11 01:36:04
MPC Actions: ['0', '0', '0', '0', '0', '0', '0', '0', '0', '0', '0', '0', '0', '0', '0', '0']
Temperatures following the MPC path:
[80.0, 80.05000000000001, 80.10000000000001, 80.15, 80.2, 80.25, 80.275, 80.30000000000001, 80.325, 80.35000000000001, 80.35000000000001, 80.35000000000001, 80.35000000000001, 80.35000000000001, 80.35000000000001, 80.325, 80.30000000000001]
Safety Constraints:
[[54.0, 86.0], [54.0, 86.0], [54.0, 86.0], [54.0, 86.0], [54.0, 86.0], [54.0, 86.0], [54.0, 86.0], [54.0, 86.0], [54.0, 86.0], [54.0, 86.0], [54.0, 86.0], [54.0, 86.0], [54.0, 86.0], [54.0, 86.0], [54.0, 86.0], [54.0, 86.0], [54.0, 86.0]]
Prices:
[0.24, 0.24, 0.24, 0.24, 0.24, 0.24, 0.24, 0.24, 0.24, 0.24, 0.24, 0.24, 0.21, 0.21, 0.21, 0.21, 0.21]
Occ Predictions:
                       0
2018-07-10 18:21:04  0.0
2018-07-10 18:36:04  0.0
2018-07-10 18:51:04  0.0
2018-07-10 19:06:04  0.0
2018-07-10 19:21:04  0.0
2018-07-10 19:36:04  0.0
2018-07-10 19:51:04  0.0
2018-07-10 20:06:04  0.0
2018-07-10 20:21:04  0.0
2018-07-10 20:36:04  0.0
2018-07-10 20:51:04  0.0
2018-07-10 21:06:04  0.0
2018-07-10 21:21:04  0.0
2018-07-10 21:36:04  0.0
2018-07-10 21:51:04  0.0
2018-07-10 22:06:04  0.0
2018-07-10 22:21:04  0.0
Setpoints:
[[60.0, 85.0], [60.0, 85.0], [60.0, 85.0], [60.0, 85.0], [60.0, 85.0], [60.0, 85.0], [60.0, 85.0], [60.0, 85.0], [60.0, 85.0], [60.0, 85.0], [60.0, 85.0], [60.0, 85.0], [60.0, 85.0], [60.0, 85.0], [60.0, 85.0], [60.0, 85.0], [60.0, 85.0]]
Time needed to calculate the shortest path:
66.605410099


2018-07-11 01:51:04
MPC Actions: ['0', '0', '0', '0', '0', '0', '0', '0', '0', '0', '0', '0', '0', '0', '0', '0']
Temperatures following the MPC path:
[80.0, 80.05000000000001, 80.10000000000001, 80.15, 80.2, 80.25, 80.275, 80.30000000000001, 80.325, 80.35000000000001, 80.35000000000001, 80.35000000000001, 80.35000000000001, 80.35000000000001, 80.325, 80.30000000000001, 80.275]
Safety Constraints:
[[54.0, 86.0], [54.0, 86.0], [54.0, 86.0], [54.0, 86.0], [54.0, 86.0], [54.0, 86.0], [54.0, 86.0], [54.0, 86.0], [54.0, 86.0], [54.0, 86.0], [54.0, 86.0], [54.0, 86.0], [54.0, 86.0], [54.0, 86.0], [54.0, 86.0], [54.0, 86.0], [54.0, 86.0]]
Prices:
[0.24, 0.24, 0.24, 0.24, 0.24, 0.24, 0.24, 0.24, 0.24, 0.24, 0.24, 0.21, 0.21, 0.21, 0.21, 0.21, 0.21]
Occ Predictions:
                       0
2018-07-10 18:36:04  0.0
2018-07-10 18:51:04  0.0
2018-07-10 19:06:04  0.0
2018-07-10 19:21:04  0.0
2018-07-10 19:36:04  0.0
2018-07-10 19:51:04  0.0
2018-07-10 20:06:04  0.0
2018-07-10 20:21:04  0.0
2018-07-10 20:36:04  0.0
2018-07-10 20:51:04  0.0
2018-07-10 21:06:04  0.0
2018-07-10 21:21:04  0.0
2018-07-10 21:36:04  0.0
2018-07-10 21:51:04  0.0
2018-07-10 22:06:04  0.0
2018-07-10 22:21:04  0.0
2018-07-10 22:36:04  0.0
Setpoints:
[[60.0, 85.0], [60.0, 85.0], [60.0, 85.0], [60.0, 85.0], [60.0, 85.0], [60.0, 85.0], [60.0, 85.0], [60.0, 85.0], [60.0, 85.0], [60.0, 85.0], [60.0, 85.0], [60.0, 85.0], [60.0, 85.0], [60.0, 85.0], [60.0, 85.0], [60.0, 85.0], [60.0, 85.0]]
Time needed to calculate the shortest path:
67.2594950199


2018-07-11 02:06:04
MPC Actions: ['0', '0', '0', '0', '0', '0', '0', '0', '0', '0', '0', '0', '0', '0', '0', '0']
Temperatures following the MPC path:
[80.0, 80.05000000000001, 80.10000000000001, 80.15, 80.2, 80.22500000000001, 80.25, 80.275, 80.30000000000001, 80.30000000000001, 80.30000000000001, 80.30000000000001, 80.30000000000001, 80.275, 80.275, 80.275, 80.275]
Safety Constraints:
[[54.0, 86.0], [54.0, 86.0], [54.0, 86.0], [54.0, 86.0], [54.0, 86.0], [54.0, 86.0], [54.0, 86.0], [54.0, 86.0], [54.0, 86.0], [54.0, 86.0], [54.0, 86.0], [54.0, 86.0], [54.0, 86.0], [54.0, 86.0], [54.0, 86.0], [54.0, 86.0], [54.0, 86.0]]
Prices:
[0.24, 0.24, 0.24, 0.24, 0.24, 0.24, 0.24, 0.24, 0.24, 0.24, 0.21, 0.21, 0.21, 0.21, 0.21, 0.21, 0.21]
Occ Predictions:
                       0
2018-07-10 18:51:04  0.0
2018-07-10 19:06:04  0.0
2018-07-10 19:21:04  0.0
2018-07-10 19:36:04  0.0
2018-07-10 19:51:04  0.0
2018-07-10 20:06:04  0.0
2018-07-10 20:21:04  0.0
2018-07-10 20:36:04  0.0
2018-07-10 20:51:04  0.0
2018-07-10 21:06:04  0.0
2018-07-10 21:21:04  0.0
2018-07-10 21:36:04  0.0
2018-07-10 21:51:04  0.0
2018-07-10 22:06:04  0.0
2018-07-10 22:21:04  0.0
2018-07-10 22:36:04  0.0
2018-07-10 22:51:04  0.0
Setpoints:
[[60.0, 85.0], [60.0, 85.0], [60.0, 85.0], [60.0, 85.0], [60.0, 85.0], [60.0, 85.0], [60.0, 85.0], [60.0, 85.0], [60.0, 85.0], [60.0, 85.0], [60.0, 85.0], [60.0, 85.0], [60.0, 85.0], [60.0, 85.0], [60.0, 85.0], [60.0, 85.0], [60.0, 85.0]]
Time needed to calculate the shortest path:
65.3068020344


2018-07-11 02:21:04
MPC Actions: ['0', '0', '0', '0', '0', '0', '0', '0', '0', '0', '0', '0', '0', '0', '0', '0']
Temperatures following the MPC path:
[80.0, 80.05000000000001, 80.10000000000001, 80.15, 80.17500000000001, 80.2, 80.22500000000001, 80.25, 80.25, 80.25, 80.25, 80.25, 80.25, 80.25, 80.25, 80.25, 80.22500000000001]
Safety Constraints:
[[54.0, 86.0], [54.0, 86.0], [54.0, 86.0], [54.0, 86.0], [54.0, 86.0], [54.0, 86.0], [54.0, 86.0], [54.0, 86.0], [54.0, 86.0], [54.0, 86.0], [54.0, 86.0], [54.0, 86.0], [54.0, 86.0], [54.0, 86.0], [54.0, 86.0], [54.0, 86.0], [54.0, 86.0]]
Prices:
[0.24, 0.24, 0.24, 0.24, 0.24, 0.24, 0.24, 0.24, 0.24, 0.21, 0.21, 0.21, 0.21, 0.21, 0.21, 0.21, 0.21]
Occ Predictions:
                       0
2018-07-10 19:06:04  0.0
2018-07-10 19:21:04  0.0
2018-07-10 19:36:04  0.0
2018-07-10 19:51:04  0.0
2018-07-10 20:06:04  0.0
2018-07-10 20:21:04  0.0
2018-07-10 20:36:04  0.0
2018-07-10 20:51:04  0.0
2018-07-10 21:06:04  0.0
2018-07-10 21:21:04  0.0
2018-07-10 21:36:04  0.0
2018-07-10 21:51:04  0.0
2018-07-10 22:06:04  0.0
2018-07-10 22:21:04  0.0
2018-07-10 22:36:04  0.0
2018-07-10 22:51:04  0.0
2018-07-10 23:06:04  0.0
Setpoints:
[[60.0, 85.0], [60.0, 85.0], [60.0, 85.0], [60.0, 85.0], [60.0, 85.0], [60.0, 85.0], [60.0, 85.0], [60.0, 85.0], [60.0, 85.0], [60.0, 85.0], [60.0, 85.0], [60.0, 85.0], [60.0, 85.0], [60.0, 85.0], [60.0, 85.0], [60.0, 85.0], [60.0, 85.0]]
Time needed to calculate the shortest path:
65.9809219837


2018-07-11 02:36:04
MPC Actions: ['0', '0', '0', '0', '0', '0', '0', '0', '0', '0', '0', '0', '0', '0', '0', '0']
Temperatures following the MPC path:
[80.0, 80.05000000000001, 80.10000000000001, 80.125, 80.15, 80.17500000000001, 80.2, 80.2, 80.2, 80.2, 80.2, 80.2, 80.2, 80.2, 80.2, 80.17500000000001, 80.15]
Safety Constraints:
[[54.0, 86.0], [54.0, 86.0], [54.0, 86.0], [54.0, 86.0], [54.0, 86.0], [54.0, 86.0], [54.0, 86.0], [54.0, 86.0], [54.0, 86.0], [54.0, 86.0], [54.0, 86.0], [54.0, 86.0], [54.0, 86.0], [54.0, 86.0], [54.0, 86.0], [54.0, 86.0], [54.0, 86.0]]
Prices:
[0.24, 0.24, 0.24, 0.24, 0.24, 0.24, 0.24, 0.24, 0.21, 0.21, 0.21, 0.21, 0.21, 0.21, 0.21, 0.21, 0.21]
Occ Predictions:
                       0
2018-07-10 19:21:04  0.0
2018-07-10 19:36:04  0.0
2018-07-10 19:51:04  0.0
2018-07-10 20:06:04  0.0
2018-07-10 20:21:04  0.0
2018-07-10 20:36:04  0.0
2018-07-10 20:51:04  0.0
2018-07-10 21:06:04  0.0
2018-07-10 21:21:04  0.0
2018-07-10 21:36:04  0.0
2018-07-10 21:51:04  0.0
2018-07-10 22:06:04  0.0
2018-07-10 22:21:04  0.0
2018-07-10 22:36:04  0.0
2018-07-10 22:51:04  0.0
2018-07-10 23:06:04  0.0
2018-07-10 23:21:04  0.0
Setpoints:
[[60.0, 85.0], [60.0, 85.0], [60.0, 85.0], [60.0, 85.0], [60.0, 85.0], [60.0, 85.0], [60.0, 85.0], [60.0, 85.0], [60.0, 85.0], [60.0, 85.0], [60.0, 85.0], [60.0, 85.0], [60.0, 85.0], [60.0, 85.0], [60.0, 85.0], [60.0, 85.0], [60.0, 85.0]]
Time needed to calculate the shortest path:
62.0756421089


2018-07-11 02:51:04
MPC Actions: ['0', '0', '0', '0', '0', '0', '0', '0', '0', '0', '0', '0', '0', '0', '0', '0']
Temperatures following the MPC path:
[80.0, 80.05000000000001, 80.075, 80.10000000000001, 80.125, 80.15, 80.15, 80.15, 80.15, 80.15, 80.15, 80.15, 80.15, 80.15, 80.125, 80.10000000000001, 80.075]
Safety Constraints:
[[54.0, 86.0], [54.0, 86.0], [54.0, 86.0], [54.0, 86.0], [54.0, 86.0], [54.0, 86.0], [54.0, 86.0], [54.0, 86.0], [54.0, 86.0], [54.0, 86.0], [54.0, 86.0], [54.0, 86.0], [54.0, 86.0], [54.0, 86.0], [54.0, 86.0], [54.0, 86.0], [54.0, 86.0]]
Prices:
[0.24, 0.24, 0.24, 0.24, 0.24, 0.24, 0.24, 0.21, 0.21, 0.21, 0.21, 0.21, 0.21, 0.21, 0.21, 0.21, 0.21]
Occ Predictions:
                       0
2018-07-10 19:36:04  0.0
2018-07-10 19:51:04  0.0
2018-07-10 20:06:04  0.0
2018-07-10 20:21:04  0.0
2018-07-10 20:36:04  0.0
2018-07-10 20:51:04  0.0
2018-07-10 21:06:04  0.0
2018-07-10 21:21:04  0.0
2018-07-10 21:36:04  0.0
2018-07-10 21:51:04  0.0
2018-07-10 22:06:04  0.0
2018-07-10 22:21:04  0.0
2018-07-10 22:36:04  0.0
2018-07-10 22:51:04  0.0
2018-07-10 23:06:04  0.0
2018-07-10 23:21:04  0.0
2018-07-10 23:36:04  0.0
Setpoints:
[[60.0, 85.0], [60.0, 85.0], [60.0, 85.0], [60.0, 85.0], [60.0, 85.0], [60.0, 85.0], [60.0, 85.0], [60.0, 85.0], [60.0, 85.0], [60.0, 85.0], [60.0, 85.0], [60.0, 85.0], [60.0, 85.0], [60.0, 85.0], [60.0, 85.0], [60.0, 85.0], [60.0, 85.0]]
Time needed to calculate the shortest path:
64.0951519012


2018-07-11 03:06:04
MPC Actions: ['0', '0', '0', '0', '0', '0', '0', '0', '0', '0', '0', '0', '0', '0', '0', '0']
Temperatures following the MPC path:
[80.0, 80.025, 80.05000000000001, 80.075, 80.10000000000001, 80.10000000000001, 80.10000000000001, 80.10000000000001, 80.10000000000001, 80.10000000000001, 80.10000000000001, 80.10000000000001, 80.10000000000001, 80.075, 80.05000000000001, 80.025, 80.0]
Safety Constraints:
[[54.0, 86.0], [54.0, 86.0], [54.0, 86.0], [54.0, 86.0], [54.0, 86.0], [54.0, 86.0], [54.0, 86.0], [54.0, 86.0], [54.0, 86.0], [54.0, 86.0], [54.0, 86.0], [54.0, 86.0], [54.0, 86.0], [54.0, 86.0], [54.0, 86.0], [54.0, 86.0], [54.0, 86.0]]
Prices:
[0.24, 0.24, 0.24, 0.24, 0.24, 0.24, 0.21, 0.21, 0.21, 0.21, 0.21, 0.21, 0.21, 0.21, 0.21, 0.21, 0.21]
Occ Predictions:
                       0
2018-07-10 19:51:04  0.0
2018-07-10 20:06:04  0.0
2018-07-10 20:21:04  0.0
2018-07-10 20:36:04  0.0
2018-07-10 20:51:04  0.0
2018-07-10 21:06:04  0.0
2018-07-10 21:21:04  0.0
2018-07-10 21:36:04  0.0
2018-07-10 21:51:04  0.0
2018-07-10 22:06:04  0.0
2018-07-10 22:21:04  0.0
2018-07-10 22:36:04  0.0
2018-07-10 22:51:04  0.0
2018-07-10 23:06:04  0.0
2018-07-10 23:21:04  0.0
2018-07-10 23:36:04  0.0
2018-07-10 23:51:04  0.0
Setpoints:
[[60.0, 85.0], [60.0, 85.0], [60.0, 85.0], [60.0, 85.0], [60.0, 85.0], [60.0, 85.0], [60.0, 85.0], [60.0, 85.0], [60.0, 85.0], [60.0, 85.0], [60.0, 85.0], [60.0, 85.0], [60.0, 85.0], [60.0, 85.0], [60.0, 85.0], [60.0, 85.0], [60.0, 85.0]]
Time needed to calculate the shortest path:
64.1647381783


2018-07-11 03:21:04
MPC Actions: ['0', '0', '0', '0', '0', '0', '0', '0', '0', '0', '0', '0', '0', '0', '0', '0']
Temperatures following the MPC path:
[80.0, 80.025, 80.05000000000001, 80.075, 80.075, 80.075, 80.075, 80.075, 80.075, 80.075, 80.075, 80.075, 80.05000000000001, 80.025, 80.0, 79.97500000000001, 79.95]
Safety Constraints:
[[54.0, 86.0], [54.0, 86.0], [54.0, 86.0], [54.0, 86.0], [54.0, 86.0], [54.0, 86.0], [54.0, 86.0], [54.0, 86.0], [54.0, 86.0], [54.0, 86.0], [54.0, 86.0], [54.0, 86.0], [54.0, 86.0], [54.0, 86.0], [54.0, 86.0], [54.0, 86.0], [54.0, 86.0]]
Prices:
[0.24, 0.24, 0.24, 0.24, 0.24, 0.21, 0.21, 0.21, 0.21, 0.21, 0.21, 0.21, 0.21, 0.21, 0.21, 0.21, 0.21]
Occ Predictions:
                       0
2018-07-10 20:06:04  0.0
2018-07-10 20:21:04  0.0
2018-07-10 20:36:04  0.0
2018-07-10 20:51:04  0.0
2018-07-10 21:06:04  0.0
2018-07-10 21:21:04  0.0
2018-07-10 21:36:04  0.0
2018-07-10 21:51:04  0.0
2018-07-10 22:06:04  0.0
2018-07-10 22:21:04  0.0
2018-07-10 22:36:04  0.0
2018-07-10 22:51:04  0.0
2018-07-10 23:06:04  0.0
2018-07-10 23:21:04  0.0
2018-07-10 23:36:04  0.0
2018-07-10 23:51:04  0.0
2018-07-11 00:06:04  0.0
Setpoints:
[[60.0, 85.0], [60.0, 85.0], [60.0, 85.0], [60.0, 85.0], [60.0, 85.0], [60.0, 85.0], [60.0, 85.0], [60.0, 85.0], [60.0, 85.0], [60.0, 85.0], [60.0, 85.0], [60.0, 85.0], [60.0, 85.0], [60.0, 85.0], [60.0, 85.0], [60.0, 85.0], [60.0, 85.0]]
Time needed to calculate the shortest path:
63.0030298233


2018-07-11 03:36:04
MPC Actions: ['0', '0', '0', '0', '0', '0', '0', '0', '0', '0', '0', '0', '0', '0', '0', '0']
Temperatures following the MPC path:
[80.0, 80.025, 80.05000000000001, 80.05000000000001, 80.05000000000001, 80.05000000000001, 80.05000000000001, 80.05000000000001, 80.05000000000001, 80.05000000000001, 80.05000000000001, 80.05000000000001, 80.05000000000001, 80.05000000000001, 80.05000000000001, 80.025, 80.0]
Safety Constraints:
[[54.0, 86.0], [54.0, 86.0], [54.0, 86.0], [54.0, 86.0], [54.0, 86.0], [54.0, 86.0], [54.0, 86.0], [54.0, 86.0], [54.0, 86.0], [54.0, 86.0], [54.0, 86.0], [54.0, 86.0], [54.0, 86.0], [54.0, 86.0], [54.0, 86.0], [54.0, 86.0], [54.0, 86.0]]
Prices:
[0.24, 0.24, 0.24, 0.24, 0.21, 0.21, 0.21, 0.21, 0.21, 0.21, 0.21, 0.21, 0.21, 0.21, 0.21, 0.21, 0.21]
Occ Predictions:
                       0
2018-07-10 20:21:04  0.0
2018-07-10 20:36:04  0.0
2018-07-10 20:51:04  0.0
2018-07-10 21:06:04  0.0
2018-07-10 21:21:04  0.0
2018-07-10 21:36:04  0.0
2018-07-10 21:51:04  0.0
2018-07-10 22:06:04  0.0
2018-07-10 22:21:04  0.0
2018-07-10 22:36:04  0.0
2018-07-10 22:51:04  0.0
2018-07-10 23:06:04  0.0
2018-07-10 23:21:04  0.0
2018-07-10 23:36:04  0.0
2018-07-10 23:51:04  0.0
2018-07-11 00:06:04  0.0
2018-07-11 00:21:04  0.0
Setpoints:
[[60.0, 85.0], [60.0, 85.0], [60.0, 85.0], [60.0, 85.0], [60.0, 85.0], [60.0, 85.0], [60.0, 85.0], [60.0, 85.0], [60.0, 85.0], [60.0, 85.0], [60.0, 85.0], [60.0, 85.0], [60.0, 85.0], [60.0, 85.0], [60.0, 85.0], [60.0, 85.0], [60.0, 85.0]]
Time needed to calculate the shortest path:
71.152436018


2018-07-11 03:51:04
MPC Actions: ['0', '0', '0', '0', '0', '0', '0', '0', '0', '0', '0', '0', '0', '0', '0', '0']
Temperatures following the MPC path:
[80.0, 80.025, 80.025, 80.025, 80.025, 80.025, 80.025, 80.025, 80.025, 80.025, 80.0, 79.97500000000001, 79.95, 79.92500000000001, 79.9, 79.875, 79.85000000000001]
Safety Constraints:
[[54.0, 86.0], [54.0, 86.0], [54.0, 86.0], [54.0, 86.0], [54.0, 86.0], [54.0, 86.0], [54.0, 86.0], [54.0, 86.0], [54.0, 86.0], [54.0, 86.0], [54.0, 86.0], [54.0, 86.0], [54.0, 86.0], [54.0, 86.0], [54.0, 86.0], [54.0, 86.0], [54.0, 86.0]]
Prices:
[0.24, 0.24, 0.24, 0.21, 0.21, 0.21, 0.21, 0.21, 0.21, 0.21, 0.21, 0.21, 0.21, 0.21, 0.21, 0.21, 0.21]
Occ Predictions:
                       0
2018-07-10 20:36:04  0.0
2018-07-10 20:51:04  0.0
2018-07-10 21:06:04  0.0
2018-07-10 21:21:04  0.0
2018-07-10 21:36:04  0.0
2018-07-10 21:51:04  0.0
2018-07-10 22:06:04  0.0
2018-07-10 22:21:04  0.0
2018-07-10 22:36:04  0.0
2018-07-10 22:51:04  0.0
2018-07-10 23:06:04  0.0
2018-07-10 23:21:04  0.0
2018-07-10 23:36:04  0.0
2018-07-10 23:51:04  0.0
2018-07-11 00:06:04  0.0
2018-07-11 00:21:04  0.0
2018-07-11 00:36:04  0.0
Setpoints:
[[60.0, 85.0], [60.0, 85.0], [60.0, 85.0], [60.0, 85.0], [60.0, 85.0], [60.0, 85.0], [60.0, 85.0], [60.0, 85.0], [60.0, 85.0], [60.0, 85.0], [60.0, 85.0], [60.0, 85.0], [60.0, 85.0], [60.0, 85.0], [60.0, 85.0], [60.0, 85.0], [60.0, 85.0]]
Time needed to calculate the shortest path:
62.9209339619


2018-07-11 04:06:04
MPC Actions: ['0', '0', '0', '0', '0', '0', '0', '0', '0', '0', '0', '0', '0', '0', '0', '0']
Temperatures following the MPC path:
[80.0, 80.0, 80.0, 80.0, 80.0, 80.0, 80.0, 80.0, 80.0, 80.0, 80.0, 80.0, 80.0, 79.97500000000001, 79.95, 79.92500000000001, 79.9]
Safety Constraints:
[[54.0, 86.0], [54.0, 86.0], [54.0, 86.0], [54.0, 86.0], [54.0, 86.0], [54.0, 86.0], [54.0, 86.0], [54.0, 86.0], [54.0, 86.0], [54.0, 86.0], [54.0, 86.0], [54.0, 86.0], [54.0, 86.0], [54.0, 86.0], [54.0, 86.0], [54.0, 86.0], [54.0, 86.0]]
Prices:
[0.24, 0.24, 0.21, 0.21, 0.21, 0.21, 0.21, 0.21, 0.21, 0.21, 0.21, 0.21, 0.21, 0.21, 0.21, 0.21, 0.21]
Occ Predictions:
                       0
2018-07-10 20:51:04  0.0
2018-07-10 21:06:04  0.0
2018-07-10 21:21:04  0.0
2018-07-10 21:36:04  0.0
2018-07-10 21:51:04  0.0
2018-07-10 22:06:04  0.0
2018-07-10 22:21:04  0.0
2018-07-10 22:36:04  0.0
2018-07-10 22:51:04  0.0
2018-07-10 23:06:04  0.0
2018-07-10 23:21:04  0.0
2018-07-10 23:36:04  0.0
2018-07-10 23:51:04  0.0
2018-07-11 00:06:04  0.0
2018-07-11 00:21:04  0.0
2018-07-11 00:36:04  0.0
2018-07-11 00:51:04  0.0
Setpoints:
[[60.0, 85.0], [60.0, 85.0], [60.0, 85.0], [60.0, 85.0], [60.0, 85.0], [60.0, 85.0], [60.0, 85.0], [60.0, 85.0], [60.0, 85.0], [60.0, 85.0], [60.0, 85.0], [60.0, 85.0], [60.0, 85.0], [60.0, 85.0], [60.0, 85.0], [60.0, 85.0], [60.0, 85.0]]
Time needed to calculate the shortest path:
73.4754369259


2018-07-11 04:21:04
MPC Actions: ['0', '0', '0', '0', '0', '0', '0', '0', '0', '0', '0', '0', '0', '0', '0', '0']
Temperatures following the MPC path:
[80.0, 80.0, 80.0, 80.0, 80.0, 80.0, 80.0, 80.0, 80.0, 80.0, 80.0, 80.0, 79.97500000000001, 79.95, 79.92500000000001, 79.9, 79.875]
Safety Constraints:
[[54.0, 86.0], [54.0, 86.0], [54.0, 86.0], [54.0, 86.0], [54.0, 86.0], [54.0, 86.0], [54.0, 86.0], [54.0, 86.0], [54.0, 86.0], [54.0, 86.0], [54.0, 86.0], [54.0, 86.0], [54.0, 86.0], [54.0, 86.0], [54.0, 86.0], [54.0, 86.0], [54.0, 86.0]]
Prices:
[0.24, 0.21, 0.21, 0.21, 0.21, 0.21, 0.21, 0.21, 0.21, 0.21, 0.21, 0.21, 0.21, 0.21, 0.21, 0.21, 0.21]
Occ Predictions:
                       0
2018-07-10 21:06:04  0.0
2018-07-10 21:21:04  0.0
2018-07-10 21:36:04  0.0
2018-07-10 21:51:04  0.0
2018-07-10 22:06:04  0.0
2018-07-10 22:21:04  0.0
2018-07-10 22:36:04  0.0
2018-07-10 22:51:04  0.0
2018-07-10 23:06:04  0.0
2018-07-10 23:21:04  0.0
2018-07-10 23:36:04  0.0
2018-07-10 23:51:04  0.0
2018-07-11 00:06:04  0.0
2018-07-11 00:21:04  0.0
2018-07-11 00:36:04  0.0
2018-07-11 00:51:04  0.0
2018-07-11 01:06:04  0.0
Setpoints:
[[60.0, 85.0], [60.0, 85.0], [60.0, 85.0], [60.0, 85.0], [60.0, 85.0], [60.0, 85.0], [60.0, 85.0], [60.0, 85.0], [60.0, 85.0], [60.0, 85.0], [60.0, 85.0], [60.0, 85.0], [60.0, 85.0], [60.0, 85.0], [60.0, 85.0], [60.0, 85.0], [60.0, 85.0]]
Time needed to calculate the shortest path:
74.3659620285


2018-07-11 04:36:04
MPC Actions: ['0', '0', '0', '0', '0', '0', '0', '0', '0', '0', '0', '0', '0', '0', '0', '0']
Temperatures following the MPC path:
[80.0, 80.0, 80.0, 79.97500000000001, 79.95, 79.92500000000001, 79.9, 79.875, 79.85000000000001, 79.825, 79.80000000000001, 79.775, 79.75, 79.72500000000001, 79.7, 79.67500000000001, 79.65]
Safety Constraints:
[[54.0, 86.0], [54.0, 86.0], [54.0, 86.0], [54.0, 86.0], [54.0, 86.0], [54.0, 86.0], [54.0, 86.0], [54.0, 86.0], [54.0, 86.0], [54.0, 86.0], [54.0, 86.0], [54.0, 86.0], [54.0, 86.0], [54.0, 86.0], [54.0, 86.0], [54.0, 86.0], [54.0, 86.0]]
Prices:
[0.21, 0.21, 0.21, 0.21, 0.21, 0.21, 0.21, 0.21, 0.21, 0.21, 0.21, 0.21, 0.21, 0.21, 0.21, 0.21, 0.21]
Occ Predictions:
                       0
2018-07-10 21:21:04  0.0
2018-07-10 21:36:04  0.0
2018-07-10 21:51:04  0.0
2018-07-10 22:06:04  0.0
2018-07-10 22:21:04  0.0
2018-07-10 22:36:04  0.0
2018-07-10 22:51:04  0.0
2018-07-10 23:06:04  0.0
2018-07-10 23:21:04  0.0
2018-07-10 23:36:04  0.0
2018-07-10 23:51:04  0.0
2018-07-11 00:06:04  0.0
2018-07-11 00:21:04  0.0
2018-07-11 00:36:04  0.0
2018-07-11 00:51:04  0.0
2018-07-11 01:06:04  0.0
2018-07-11 01:21:04  0.0
Setpoints:
[[60.0, 85.0], [60.0, 85.0], [60.0, 85.0], [60.0, 85.0], [60.0, 85.0], [60.0, 85.0], [60.0, 85.0], [60.0, 85.0], [60.0, 85.0], [60.0, 85.0], [60.0, 85.0], [60.0, 85.0], [60.0, 85.0], [60.0, 85.0], [60.0, 85.0], [60.0, 85.0], [60.0, 85.0]]
Time needed to calculate the shortest path:
71.4814538956


2018-07-11 04:51:04
MPC Actions: ['0', '0', '0', '0', '0', '0', '0', '0', '0', '0', '0', '0', '0', '0', '0', '0']
Temperatures following the MPC path:
[79.0, 79.025, 79.025, 79.025, 79.025, 79.025, 79.025, 79.025, 79.025, 79.025, 79.025, 79.025, 79.025, 79.025, 79.0, 79.0, 79.0]
Safety Constraints:
[[54.0, 86.0], [54.0, 86.0], [54.0, 86.0], [54.0, 86.0], [54.0, 86.0], [54.0, 86.0], [54.0, 86.0], [54.0, 86.0], [54.0, 86.0], [54.0, 86.0], [54.0, 86.0], [54.0, 86.0], [54.0, 86.0], [54.0, 86.0], [54.0, 86.0], [54.0, 86.0], [54.0, 86.0]]
Prices:
[0.21, 0.21, 0.21, 0.21, 0.21, 0.21, 0.21, 0.21, 0.21, 0.21, 0.21, 0.21, 0.21, 0.21, 0.21, 0.21, 0.21]
Occ Predictions:
                       0
2018-07-10 21:36:04  0.0
2018-07-10 21:51:04  0.0
2018-07-10 22:06:04  0.0
2018-07-10 22:21:04  0.0
2018-07-10 22:36:04  0.0
2018-07-10 22:51:04  0.0
2018-07-10 23:06:04  0.0
2018-07-10 23:21:04  0.0
2018-07-10 23:36:04  0.0
2018-07-10 23:51:04  0.0
2018-07-11 00:06:04  0.0
2018-07-11 00:21:04  0.0
2018-07-11 00:36:04  0.0
2018-07-11 00:51:04  0.0
2018-07-11 01:06:04  0.0
2018-07-11 01:21:04  0.0
2018-07-11 01:36:04  0.0
Setpoints:
[[60.0, 85.0], [60.0, 85.0], [60.0, 85.0], [60.0, 85.0], [60.0, 85.0], [60.0, 85.0], [60.0, 85.0], [60.0, 85.0], [60.0, 85.0], [60.0, 85.0], [60.0, 85.0], [60.0, 85.0], [60.0, 85.0], [60.0, 85.0], [60.0, 85.0], [60.0, 85.0], [60.0, 85.0]]
Time needed to calculate the shortest path:
68.4917700291


2018-07-11 05:06:04
MPC Actions: ['0', '0', '0', '0', '0', '0', '0', '0', '0', '0', '0', '0', '0', '0', '0', '0']
Temperatures following the MPC path:
[79.0, 79.0, 79.0, 79.0, 79.0, 79.0, 79.0, 79.0, 79.0, 79.0, 79.0, 79.0, 79.0, 79.0, 79.0, 79.0, 79.0]
Safety Constraints:
[[54.0, 86.0], [54.0, 86.0], [54.0, 86.0], [54.0, 86.0], [54.0, 86.0], [54.0, 86.0], [54.0, 86.0], [54.0, 86.0], [54.0, 86.0], [54.0, 86.0], [54.0, 86.0], [54.0, 86.0], [54.0, 86.0], [54.0, 86.0], [54.0, 86.0], [54.0, 86.0], [54.0, 86.0]]
Prices:
[0.21, 0.21, 0.21, 0.21, 0.21, 0.21, 0.21, 0.21, 0.21, 0.21, 0.21, 0.21, 0.21, 0.21, 0.21, 0.21, 0.21]
Occ Predictions:
                       0
2018-07-10 21:51:04  0.0
2018-07-10 22:06:04  0.0
2018-07-10 22:21:04  0.0
2018-07-10 22:36:04  0.0
2018-07-10 22:51:04  0.0
2018-07-10 23:06:04  0.0
2018-07-10 23:21:04  0.0
2018-07-10 23:36:04  0.0
2018-07-10 23:51:04  0.0
2018-07-11 00:06:04  0.0
2018-07-11 00:21:04  0.0
2018-07-11 00:36:04  0.0
2018-07-11 00:51:04  0.0
2018-07-11 01:06:04  0.0
2018-07-11 01:21:04  0.0
2018-07-11 01:36:04  0.0
2018-07-11 01:51:04  0.0
Setpoints:
[[60.0, 85.0], [60.0, 85.0], [60.0, 85.0], [60.0, 85.0], [60.0, 85.0], [60.0, 85.0], [60.0, 85.0], [60.0, 85.0], [60.0, 85.0], [60.0, 85.0], [60.0, 85.0], [60.0, 85.0], [60.0, 85.0], [60.0, 85.0], [60.0, 85.0], [60.0, 85.0], [60.0, 85.0]]
Time needed to calculate the shortest path:
70.3005511761


2018-07-11 05:21:04
MPC Actions: ['0', '0', '0', '0', '0', '0', '0', '0', '0', '0', '0', '0', '0', '0', '0', '0']
Temperatures following the MPC path:
[80.0, 79.97500000000001, 79.95, 79.92500000000001, 79.9, 79.875, 79.85000000000001, 79.825, 79.80000000000001, 79.775, 79.75, 79.72500000000001, 79.7, 79.67500000000001, 79.65, 79.625, 79.60000000000001]
Safety Constraints:
[[54.0, 86.0], [54.0, 86.0], [54.0, 86.0], [54.0, 86.0], [54.0, 86.0], [54.0, 86.0], [54.0, 86.0], [54.0, 86.0], [54.0, 86.0], [54.0, 86.0], [54.0, 86.0], [54.0, 86.0], [54.0, 86.0], [54.0, 86.0], [54.0, 86.0], [54.0, 86.0], [54.0, 86.0]]
Prices:
[0.21, 0.21, 0.21, 0.21, 0.21, 0.21, 0.21, 0.21, 0.21, 0.21, 0.21, 0.21, 0.21, 0.21, 0.21, 0.21, 0.21]
Occ Predictions:
                       0
2018-07-10 22:06:04  0.0
2018-07-10 22:21:04  0.0
2018-07-10 22:36:04  0.0
2018-07-10 22:51:04  0.0
2018-07-10 23:06:04  0.0
2018-07-10 23:21:04  0.0
2018-07-10 23:36:04  0.0
2018-07-10 23:51:04  0.0
2018-07-11 00:06:04  0.0
2018-07-11 00:21:04  0.0
2018-07-11 00:36:04  0.0
2018-07-11 00:51:04  0.0
2018-07-11 01:06:04  0.0
2018-07-11 01:21:04  0.0
2018-07-11 01:36:04  0.0
2018-07-11 01:51:04  0.0
2018-07-11 02:06:04  0.0
Setpoints:
[[60.0, 85.0], [60.0, 85.0], [60.0, 85.0], [60.0, 85.0], [60.0, 85.0], [60.0, 85.0], [60.0, 85.0], [60.0, 85.0], [60.0, 85.0], [60.0, 85.0], [60.0, 85.0], [60.0, 85.0], [60.0, 85.0], [60.0, 85.0], [60.0, 85.0], [60.0, 85.0], [60.0, 85.0]]
Time needed to calculate the shortest path:
73.3880732059


2018-07-11 05:36:04
MPC Actions: ['0', '0', '0', '0', '0', '0', '0', '0', '0', '0', '0', '0', '0', '0', '0', '0']
Temperatures following the MPC path:
[80.0, 79.97500000000001, 79.95, 79.92500000000001, 79.9, 79.875, 79.85000000000001, 79.825, 79.80000000000001, 79.775, 79.75, 79.72500000000001, 79.7, 79.67500000000001, 79.65, 79.625, 79.60000000000001]
Safety Constraints:
[[54.0, 86.0], [54.0, 86.0], [54.0, 86.0], [54.0, 86.0], [54.0, 86.0], [54.0, 86.0], [54.0, 86.0], [54.0, 86.0], [54.0, 86.0], [54.0, 86.0], [54.0, 86.0], [54.0, 86.0], [54.0, 86.0], [54.0, 86.0], [54.0, 86.0], [54.0, 86.0], [54.0, 86.0]]
Prices:
[0.21, 0.21, 0.21, 0.21, 0.21, 0.21, 0.21, 0.21, 0.21, 0.21, 0.21, 0.21, 0.21, 0.21, 0.21, 0.21, 0.21]
Occ Predictions:
                       0
2018-07-10 22:21:04  0.0
2018-07-10 22:36:04  0.0
2018-07-10 22:51:04  0.0
2018-07-10 23:06:04  0.0
2018-07-10 23:21:04  0.0
2018-07-10 23:36:04  0.0
2018-07-10 23:51:04  0.0
2018-07-11 00:06:04  0.0
2018-07-11 00:21:04  0.0
2018-07-11 00:36:04  0.0
2018-07-11 00:51:04  0.0
2018-07-11 01:06:04  0.0
2018-07-11 01:21:04  0.0
2018-07-11 01:36:04  0.0
2018-07-11 01:51:04  0.0
2018-07-11 02:06:04  0.0
2018-07-11 02:21:04  0.0
Setpoints:
[[60.0, 85.0], [60.0, 85.0], [60.0, 85.0], [60.0, 85.0], [60.0, 85.0], [60.0, 85.0], [60.0, 85.0], [60.0, 85.0], [60.0, 85.0], [60.0, 85.0], [60.0, 85.0], [60.0, 85.0], [60.0, 85.0], [60.0, 85.0], [60.0, 85.0], [60.0, 85.0], [60.0, 85.0]]
Time needed to calculate the shortest path:
74.2664330006


2018-07-11 05:51:04
MPC Actions: ['0', '0', '0', '0', '0', '0', '0', '0', '0', '0', '0', '0', '0', '0', '0', '0']
Temperatures following the MPC path:
[80.0, 79.97500000000001, 79.95, 79.92500000000001, 79.9, 79.875, 79.85000000000001, 79.825, 79.80000000000001, 79.775, 79.75, 79.72500000000001, 79.7, 79.67500000000001, 79.65, 79.625, 79.60000000000001]
Safety Constraints:
[[54.0, 86.0], [54.0, 86.0], [54.0, 86.0], [54.0, 86.0], [54.0, 86.0], [54.0, 86.0], [54.0, 86.0], [54.0, 86.0], [54.0, 86.0], [54.0, 86.0], [54.0, 86.0], [54.0, 86.0], [54.0, 86.0], [54.0, 86.0], [54.0, 86.0], [54.0, 86.0], [54.0, 86.0]]
Prices:
[0.21, 0.21, 0.21, 0.21, 0.21, 0.21, 0.21, 0.21, 0.21, 0.21, 0.21, 0.21, 0.21, 0.21, 0.21, 0.21, 0.21]
Occ Predictions:
                       0
2018-07-10 22:36:04  0.0
2018-07-10 22:51:04  0.0
2018-07-10 23:06:04  0.0
2018-07-10 23:21:04  0.0
2018-07-10 23:36:04  0.0
2018-07-10 23:51:04  0.0
2018-07-11 00:06:04  0.0
2018-07-11 00:21:04  0.0
2018-07-11 00:36:04  0.0
2018-07-11 00:51:04  0.0
2018-07-11 01:06:04  0.0
2018-07-11 01:21:04  0.0
2018-07-11 01:36:04  0.0
2018-07-11 01:51:04  0.0
2018-07-11 02:06:04  0.0
2018-07-11 02:21:04  0.0
2018-07-11 02:36:04  0.0
Setpoints:
[[60.0, 85.0], [60.0, 85.0], [60.0, 85.0], [60.0, 85.0], [60.0, 85.0], [60.0, 85.0], [60.0, 85.0], [60.0, 85.0], [60.0, 85.0], [60.0, 85.0], [60.0, 85.0], [60.0, 85.0], [60.0, 85.0], [60.0, 85.0], [60.0, 85.0], [60.0, 85.0], [60.0, 85.0]]
Time needed to calculate the shortest path:
76.0492768288


2018-07-11 06:06:04
MPC Actions: ['0', '0', '0', '0', '0', '0', '0', '0', '0', '0', '0', '0', '0', '0', '0', '0']
Temperatures following the MPC path:
[80.0, 79.97500000000001, 79.95, 79.92500000000001, 79.9, 79.875, 79.85000000000001, 79.825, 79.80000000000001, 79.775, 79.75, 79.72500000000001, 79.7, 79.67500000000001, 79.65, 79.625, 79.60000000000001]
Safety Constraints:
[[54.0, 86.0], [54.0, 86.0], [54.0, 86.0], [54.0, 86.0], [54.0, 86.0], [54.0, 86.0], [54.0, 86.0], [54.0, 86.0], [54.0, 86.0], [54.0, 86.0], [54.0, 86.0], [54.0, 86.0], [54.0, 86.0], [54.0, 86.0], [54.0, 86.0], [54.0, 86.0], [54.0, 86.0]]
Prices:
[0.21, 0.21, 0.21, 0.21, 0.21, 0.21, 0.21, 0.21, 0.21, 0.21, 0.21, 0.21, 0.21, 0.21, 0.21, 0.21, 0.21]
Occ Predictions:
                       0
2018-07-10 22:51:04  0.0
2018-07-10 23:06:04  0.0
2018-07-10 23:21:04  0.0
2018-07-10 23:36:04  0.0
2018-07-10 23:51:04  0.0
2018-07-11 00:06:04  0.0
2018-07-11 00:21:04  0.0
2018-07-11 00:36:04  0.0
2018-07-11 00:51:04  0.0
2018-07-11 01:06:04  0.0
2018-07-11 01:21:04  0.0
2018-07-11 01:36:04  0.0
2018-07-11 01:51:04  0.0
2018-07-11 02:06:04  0.0
2018-07-11 02:21:04  0.0
2018-07-11 02:36:04  0.0
2018-07-11 02:51:04  0.0
Setpoints:
[[60.0, 85.0], [60.0, 85.0], [60.0, 85.0], [60.0, 85.0], [60.0, 85.0], [60.0, 85.0], [60.0, 85.0], [60.0, 85.0], [60.0, 85.0], [60.0, 85.0], [60.0, 85.0], [60.0, 85.0], [60.0, 85.0], [60.0, 85.0], [60.0, 85.0], [60.0, 85.0], [60.0, 85.0]]
Time needed to calculate the shortest path:
77.1259617805


2018-07-11 06:21:04
MPC Actions: ['0', '0', '0', '0', '0', '0', '0', '0', '0', '0', '0', '0', '0', '0', '0', '0']
Temperatures following the MPC path:
[80.0, 79.97500000000001, 79.95, 79.92500000000001, 79.9, 79.875, 79.85000000000001, 79.825, 79.80000000000001, 79.775, 79.75, 79.72500000000001, 79.7, 79.67500000000001, 79.65, 79.625, 79.60000000000001]
Safety Constraints:
[[54.0, 86.0], [54.0, 86.0], [54.0, 86.0], [54.0, 86.0], [54.0, 86.0], [54.0, 86.0], [54.0, 86.0], [54.0, 86.0], [54.0, 86.0], [54.0, 86.0], [54.0, 86.0], [54.0, 86.0], [54.0, 86.0], [54.0, 86.0], [54.0, 86.0], [54.0, 86.0], [54.0, 86.0]]
Prices:
[0.21, 0.21, 0.21, 0.21, 0.21, 0.21, 0.21, 0.21, 0.21, 0.21, 0.21, 0.21, 0.21, 0.21, 0.21, 0.21, 0.21]
Occ Predictions:
                       0
2018-07-10 23:06:04  0.0
2018-07-10 23:21:04  0.0
2018-07-10 23:36:04  0.0
2018-07-10 23:51:04  0.0
2018-07-11 00:06:04  0.0
2018-07-11 00:21:04  0.0
2018-07-11 00:36:04  0.0
2018-07-11 00:51:04  0.0
2018-07-11 01:06:04  0.0
2018-07-11 01:21:04  0.0
2018-07-11 01:36:04  0.0
2018-07-11 01:51:04  0.0
2018-07-11 02:06:04  0.0
2018-07-11 02:21:04  0.0
2018-07-11 02:36:04  0.0
2018-07-11 02:51:04  0.0
2018-07-11 03:06:04  0.0
Setpoints:
[[60.0, 85.0], [60.0, 85.0], [60.0, 85.0], [60.0, 85.0], [60.0, 85.0], [60.0, 85.0], [60.0, 85.0], [60.0, 85.0], [60.0, 85.0], [60.0, 85.0], [60.0, 85.0], [60.0, 85.0], [60.0, 85.0], [60.0, 85.0], [60.0, 85.0], [60.0, 85.0], [60.0, 85.0]]
Time needed to calculate the shortest path:
78.5904958248
