

2018-07-09 19:10:12
MPC Actions: ['0', '0', '0', '0', '0', '0', '0', '0', '0', '0', '0', '0', '0', '0', '0', '0']
Temperatures following the MPC path:
[74.8, 74.8, 74.8, 74.8, 74.8, 74.85000000000001, 74.9, 74.95, 75.0, 75.05, 75.10000000000001, 75.15, 75.2, 75.25, 75.3, 75.35000000000001, 75.4]
Safety Constraints:
[[54.0, 86.0], [54.0, 86.0], [54.0, 86.0], [54.0, 86.0], [54.0, 86.0], [54.0, 86.0], [54.0, 86.0], [54.0, 86.0], [54.0, 86.0], [54.0, 86.0], [54.0, 86.0], [54.0, 86.0], [54.0, 86.0], [54.0, 86.0], [54.0, 86.0], [54.0, 86.0], [54.0, 86.0]]
Prices:
[0.26, 0.26, 0.26, 0.26, 0.26, 0.26, 0.26, 0.26, 0.6, 0.6, 0.6, 0.6, 0.6, 0.6, 0.6, 0.6, 0.6, 0.6, 0.6, 0.6, 0.6, 0.6, 0.6, 0.6, 0.6, 0.6, 0.6, 0.6, 0.6, 0.6, 0.6, 0.6, 0.6, 0.6, 0.6, 0.6, 0.6, 0.6, 0.6, 0.6, 0.6, 0.6, 0.6, 0.6, 0.6, 0.6, 0.6, 0.6, 0.6, 0.6, 0.6, 0.6, 0.6]
Occ Predictions:
                       0
2018-07-09 11:55:12  1.0
2018-07-09 12:10:12  0.8
2018-07-09 12:25:12  0.6
2018-07-09 12:40:12  0.6
2018-07-09 12:55:12  0.6
2018-07-09 13:10:12  0.8
2018-07-09 13:25:12  0.8
2018-07-09 13:40:12  0.8
2018-07-09 13:55:12  0.8
2018-07-09 14:10:12  0.6
2018-07-09 14:25:12  0.4
2018-07-09 14:40:12  0.6
2018-07-09 14:55:12  0.6
2018-07-09 15:10:12  0.6
2018-07-09 15:25:12  0.6
2018-07-09 15:40:12  0.4
2018-07-09 15:55:12  0.4
Setpoints:
[[74.0, 78.0], [74.0, 78.0], [74.0, 78.0], [74.0, 78.0], [74.0, 78.0], [74.0, 78.0], [74.0, 78.0], [74.0, 78.0], [74.0, 78.0], [74.0, 78.0], [74.0, 78.0], [74.0, 78.0], [74.0, 78.0], [74.0, 78.0], [74.0, 78.0], [74.0, 78.0], [74.0, 78.0]]
Time needed to calculate the shortest path:
11.1970100403


2018-07-09 19:25:12
MPC Actions: ['0', '0', '0', '0', '0', '0', '0', '0', '0', '0', '0', '0', '0', '0', '0', '0']
Temperatures following the MPC path:
[74.4, 74.4, 74.4, 74.4, 74.45, 74.5, 74.55, 74.60000000000001, 74.65, 74.7, 74.75, 74.8, 74.85000000000001, 74.9, 74.95, 75.0, 75.05]
Safety Constraints:
[[54.0, 86.0], [54.0, 86.0], [54.0, 86.0], [54.0, 86.0], [54.0, 86.0], [54.0, 86.0], [54.0, 86.0], [54.0, 86.0], [54.0, 86.0], [54.0, 86.0], [54.0, 86.0], [54.0, 86.0], [54.0, 86.0], [54.0, 86.0], [54.0, 86.0], [54.0, 86.0], [54.0, 86.0]]
Prices:
[0.26, 0.26, 0.26, 0.26, 0.26, 0.26, 0.26, 0.6, 0.6, 0.6, 0.6, 0.6, 0.6, 0.6, 0.6, 0.6, 0.6, 0.6, 0.6, 0.6, 0.6, 0.6, 0.6, 0.6, 0.6, 0.6, 0.6, 0.6, 0.6, 0.6, 0.6, 0.6, 0.6, 0.6, 0.6, 0.6, 0.6, 0.6, 0.6, 0.6, 0.6, 0.6, 0.6, 0.6, 0.6, 0.6, 0.6, 0.6, 0.6, 0.6, 0.6, 0.6, 0.6, 0.6, 0.6, 0.6, 0.6]
Occ Predictions:
                       0
2018-07-09 12:10:12  1.0
2018-07-09 12:25:12  0.6
2018-07-09 12:40:12  0.6
2018-07-09 12:55:12  0.6
2018-07-09 13:10:12  0.8
2018-07-09 13:25:12  0.8
2018-07-09 13:40:12  0.8
2018-07-09 13:55:12  0.8
2018-07-09 14:10:12  0.6
2018-07-09 14:25:12  0.4
2018-07-09 14:40:12  0.6
2018-07-09 14:55:12  0.6
2018-07-09 15:10:12  0.6
2018-07-09 15:25:12  0.6
2018-07-09 15:40:12  0.4
2018-07-09 15:55:12  0.4
2018-07-09 16:10:12  0.4
Setpoints:
[[74.0, 78.0], [74.0, 78.0], [74.0, 78.0], [74.0, 78.0], [74.0, 78.0], [74.0, 78.0], [74.0, 78.0], [74.0, 78.0], [74.0, 78.0], [74.0, 78.0], [74.0, 78.0], [74.0, 78.0], [74.0, 78.0], [74.0, 78.0], [74.0, 78.0], [74.0, 78.0], [74.0, 78.0]]
Time needed to calculate the shortest path:
8.64552903175


2018-07-09 19:40:12
MPC Actions: ['0', '0', '0', '0', '0', '0', '0', '0', '0', '0', '0', '0', '0', '0', '0', '0']
Temperatures following the MPC path:
[74.5, 74.5, 74.5, 74.55, 74.60000000000001, 74.65, 74.7, 74.75, 74.8, 74.85000000000001, 74.9, 74.95, 75.0, 75.05, 75.10000000000001, 75.15, 75.2]
Safety Constraints:
[[54.0, 86.0], [54.0, 86.0], [54.0, 86.0], [54.0, 86.0], [54.0, 86.0], [54.0, 86.0], [54.0, 86.0], [54.0, 86.0], [54.0, 86.0], [54.0, 86.0], [54.0, 86.0], [54.0, 86.0], [54.0, 86.0], [54.0, 86.0], [54.0, 86.0], [54.0, 86.0], [54.0, 86.0]]
Prices:
[0.26, 0.26, 0.26, 0.26, 0.26, 0.26, 0.6, 0.6, 0.6, 0.6, 0.6, 0.6, 0.6, 0.6, 0.6, 0.6, 0.6, 0.6, 0.6, 0.6, 0.6, 0.6, 0.6, 0.6, 0.6, 0.6, 0.6, 0.6, 0.6, 0.6, 0.6, 0.6, 0.6, 0.6, 0.6, 0.6, 0.6, 0.6, 0.6, 0.6, 0.6, 0.6, 0.6, 0.6, 0.6, 0.6, 0.6, 0.6, 0.6, 0.6, 0.6, 0.6, 0.6, 0.6, 0.6, 0.6, 0.6, 0.6, 0.6, 0.6, 0.6]
Occ Predictions:
                       0
2018-07-09 12:25:12  1.0
2018-07-09 12:40:12  0.6
2018-07-09 12:55:12  0.6
2018-07-09 13:10:12  0.8
2018-07-09 13:25:12  0.8
2018-07-09 13:40:12  0.8
2018-07-09 13:55:12  0.8
2018-07-09 14:10:12  0.6
2018-07-09 14:25:12  0.4
2018-07-09 14:40:12  0.6
2018-07-09 14:55:12  0.6
2018-07-09 15:10:12  0.6
2018-07-09 15:25:12  0.6
2018-07-09 15:40:12  0.4
2018-07-09 15:55:12  0.4
2018-07-09 16:10:12  0.4
2018-07-09 16:25:12  0.4
Setpoints:
[[74.0, 78.0], [74.0, 78.0], [74.0, 78.0], [74.0, 78.0], [74.0, 78.0], [74.0, 78.0], [74.0, 78.0], [74.0, 78.0], [74.0, 78.0], [74.0, 78.0], [74.0, 78.0], [74.0, 78.0], [74.0, 78.0], [74.0, 78.0], [74.0, 78.0], [74.0, 78.0], [74.0, 78.0]]
Time needed to calculate the shortest path:
82.5706191063


2018-07-10 16:21:49
MPC Actions: ['0', '0', '0', '0', '0', '0', '0', '0', '0', '0', '0', '0', '0', '0', '0', '0']
Temperatures following the MPC path:
[74.6, 74.60000000000001, 74.60000000000001, 74.60000000000001, 74.60000000000001, 74.60000000000001, 74.60000000000001, 74.60000000000001, 74.60000000000001, 74.60000000000001, 74.60000000000001, 74.60000000000001, 74.65, 74.7, 74.75, 74.8, 74.85000000000001]
Safety Constraints:
[[54.0, 86.0], [54.0, 86.0], [54.0, 86.0], [54.0, 86.0], [54.0, 86.0], [54.0, 86.0], [54.0, 86.0], [54.0, 86.0], [54.0, 86.0], [54.0, 86.0], [54.0, 86.0], [54.0, 86.0], [54.0, 86.0], [54.0, 86.0], [54.0, 86.0], [54.0, 86.0], [54.0, 86.0]]
Prices:
[0.24, 0.24, 0.24, 0.24, 0.24, 0.24, 0.24, 0.24, 0.24, 0.24, 0.24, 0.26, 0.26, 0.26, 0.26, 0.26, 0.26]
Occ Predictions:
                       0
2018-07-10 09:06:49  1.0
2018-07-10 09:21:49  0.4
2018-07-10 09:36:49  0.4
2018-07-10 09:51:49  0.4
2018-07-10 10:06:49  0.4
2018-07-10 10:21:49  0.4
2018-07-10 10:36:49  0.4
2018-07-10 10:51:49  0.4
2018-07-10 11:06:49  0.4
2018-07-10 11:21:49  0.4
2018-07-10 11:36:49  0.4
2018-07-10 11:51:49  0.4
2018-07-10 12:06:49  0.4
2018-07-10 12:21:49  0.4
2018-07-10 12:36:49  0.4
2018-07-10 12:51:49  0.4
2018-07-10 13:06:49  0.4
Setpoints:
[[74.0, 78.0], [74.0, 78.0], [74.0, 78.0], [74.0, 78.0], [74.0, 78.0], [74.0, 78.0], [74.0, 78.0], [74.0, 78.0], [74.0, 78.0], [74.0, 78.0], [74.0, 78.0], [74.0, 78.0], [74.0, 78.0], [74.0, 78.0], [74.0, 78.0], [74.0, 78.0], [74.0, 78.0]]
Time needed to calculate the shortest path:
12.0958480835


2018-07-10 16:23:26
MPC Actions: ['0', '0', '0', '0', '0', '0', '0', '0', '0', '0', '0', '0', '0', '0', '0', '0']
Temperatures following the MPC path:
[74.8, 74.8, 74.8, 74.8, 74.8, 74.8, 74.8, 74.8, 74.8, 74.8, 74.8, 74.8, 74.85000000000001, 74.9, 74.95, 75.0, 75.05]
Safety Constraints:
[[54.0, 86.0], [54.0, 86.0], [54.0, 86.0], [54.0, 86.0], [54.0, 86.0], [54.0, 86.0], [54.0, 86.0], [54.0, 86.0], [54.0, 86.0], [54.0, 86.0], [54.0, 86.0], [54.0, 86.0], [54.0, 86.0], [54.0, 86.0], [54.0, 86.0], [54.0, 86.0], [54.0, 86.0]]
Prices:
[0.6, 0.6, 0.6, 0.6, 0.6, 0.6, 0.6, 0.6, 0.6, 0.6, 0.6, 0.6, 0.6, 0.6, 0.6, 0.6, 0.6, 0.6, 0.6, 0.6, 0.6, 0.6, 0.6, 0.6, 0.6, 0.6, 0.6, 0.6, 0.6, 0.6, 0.6, 0.6, 0.6, 0.6, 0.6, 0.6, 0.6, 0.6, 0.6, 0.6, 0.6, 0.6, 0.6, 0.6, 0.6, 0.6, 0.6, 0.6, 0.6, 0.6, 0.6, 0.6, 0.6, 0.6, 0.6, 0.6, 0.6, 0.6, 0.6, 0.6, 0.6, 0.6, 0.6, 0.6, 0.6, 0.6, 0.6, 0.6, 0.6, 0.6, 0.6, 0.6, 0.6, 0.6, 0.6, 0.6, 0.6, 0.6, 0.6, 0.6, 0.6, 0.6, 0.6, 0.6, 0.6]
Occ Predictions:
                       0
2018-07-10 09:08:26  1.0
2018-07-10 09:23:26  0.4
2018-07-10 09:38:26  0.4
2018-07-10 09:53:26  0.4
2018-07-10 10:08:26  0.4
2018-07-10 10:23:26  0.4
2018-07-10 10:38:26  0.4
2018-07-10 10:53:26  0.4
2018-07-10 11:08:26  0.4
2018-07-10 11:23:26  0.4
2018-07-10 11:38:26  0.4
2018-07-10 11:53:26  0.4
2018-07-10 12:08:26  0.4
2018-07-10 12:23:26  0.4
2018-07-10 12:38:26  0.4
2018-07-10 12:53:26  0.4
2018-07-10 13:08:26  0.4
Setpoints:
[[74.0, 78.0], [74.0, 78.0], [74.0, 78.0], [74.0, 78.0], [74.0, 78.0], [74.0, 78.0], [74.0, 78.0], [74.0, 78.0], [74.0, 78.0], [74.0, 78.0], [74.0, 78.0], [74.0, 78.0], [74.0, 78.0], [74.0, 78.0], [74.0, 78.0], [74.0, 78.0], [74.0, 78.0]]
Time needed to calculate the shortest path:
12.1979207993


2018-07-10 16:37:05
MPC Actions: ['0', '0', '0', '0', '0', '0', '0', '0', '0', '0', '0', '0', '0', '0', '0', '0']
Temperatures following the MPC path:
[74.8, 74.8, 74.8, 74.8, 74.8, 74.8, 74.8, 74.8, 74.8, 74.8, 74.8, 74.85000000000001, 74.9, 74.95, 75.0, 75.05, 75.10000000000001]
Safety Constraints:
[[54.0, 86.0], [54.0, 86.0], [54.0, 86.0], [54.0, 86.0], [54.0, 86.0], [54.0, 86.0], [54.0, 86.0], [54.0, 86.0], [54.0, 86.0], [54.0, 86.0], [54.0, 86.0], [54.0, 86.0], [54.0, 86.0], [54.0, 86.0], [54.0, 86.0], [54.0, 86.0], [54.0, 86.0]]
Prices:
[0.24, 0.24, 0.24, 0.24, 0.24, 0.24, 0.24, 0.24, 0.24, 0.24, 0.26, 0.26, 0.26, 0.26, 0.26, 0.26, 0.26]
Occ Predictions:
                       0
2018-07-10 09:22:05  1.0
2018-07-10 09:37:05  0.6
2018-07-10 09:52:05  0.6
2018-07-10 10:07:05  0.6
2018-07-10 10:22:05  0.6
2018-07-10 10:37:05  0.6
2018-07-10 10:52:05  0.6
2018-07-10 11:07:05  0.4
2018-07-10 11:22:05  0.4
2018-07-10 11:37:05  0.4
2018-07-10 11:52:05  0.4
2018-07-10 12:07:05  0.4
2018-07-10 12:22:05  0.4
2018-07-10 12:37:05  0.4
2018-07-10 12:52:05  0.4
2018-07-10 13:07:05  0.4
2018-07-10 13:22:05  0.4
Setpoints:
[[74.0, 78.0], [74.0, 78.0], [74.0, 78.0], [74.0, 78.0], [74.0, 78.0], [74.0, 78.0], [74.0, 78.0], [74.0, 78.0], [74.0, 78.0], [74.0, 78.0], [74.0, 78.0], [74.0, 78.0], [74.0, 78.0], [74.0, 78.0], [74.0, 78.0], [74.0, 78.0], [74.0, 78.0]]
Time needed to calculate the shortest path:
7.93875002861


2018-07-10 16:52:05
MPC Actions: ['0', '0', '0', '0', '0', '0', '0', '0', '0', '0', '0', '0', '0', '0', '0', '0']
Temperatures following the MPC path:
[75.1, 75.10000000000001, 75.10000000000001, 75.10000000000001, 75.10000000000001, 75.10000000000001, 75.10000000000001, 75.10000000000001, 75.10000000000001, 75.10000000000001, 75.15, 75.2, 75.25, 75.3, 75.35000000000001, 75.4, 75.45]
Safety Constraints:
[[54.0, 86.0], [54.0, 86.0], [54.0, 86.0], [54.0, 86.0], [54.0, 86.0], [54.0, 86.0], [54.0, 86.0], [54.0, 86.0], [54.0, 86.0], [54.0, 86.0], [54.0, 86.0], [54.0, 86.0], [54.0, 86.0], [54.0, 86.0], [54.0, 86.0], [54.0, 86.0], [54.0, 86.0]]
Prices:
[0.24, 0.24, 0.24, 0.24, 0.24, 0.24, 0.24, 0.24, 0.24, 0.26, 0.26, 0.26, 0.26, 0.26, 0.26, 0.26, 0.26]
Occ Predictions:
                       0
2018-07-10 09:37:05  1.0
2018-07-10 09:52:05  1.0
2018-07-10 10:07:05  1.0
2018-07-10 10:22:05  1.0
2018-07-10 10:37:05  1.0
2018-07-10 10:52:05  1.0
2018-07-10 11:07:05  0.8
2018-07-10 11:22:05  0.8
2018-07-10 11:37:05  0.8
2018-07-10 11:52:05  0.8
2018-07-10 12:07:05  0.8
2018-07-10 12:22:05  0.6
2018-07-10 12:37:05  0.6
2018-07-10 12:52:05  0.6
2018-07-10 13:07:05  0.8
2018-07-10 13:22:05  0.8
2018-07-10 13:37:05  0.8
Setpoints:
[[74.0, 78.0], [74.0, 78.0], [74.0, 78.0], [74.0, 78.0], [74.0, 78.0], [74.0, 78.0], [74.0, 78.0], [74.0, 78.0], [74.0, 78.0], [74.0, 78.0], [74.0, 78.0], [74.0, 78.0], [74.0, 78.0], [74.0, 78.0], [74.0, 78.0], [74.0, 78.0], [74.0, 78.0]]
Time needed to calculate the shortest path:
8.75606489182


2018-07-10 17:07:05
MPC Actions: ['0', '0', '0', '0', '0', '0', '0', '0', '0', '0', '0', '0', '0', '0', '0', '0']
Temperatures following the MPC path:
[75.1, 75.10000000000001, 75.10000000000001, 75.10000000000001, 75.10000000000001, 75.10000000000001, 75.10000000000001, 75.10000000000001, 75.10000000000001, 75.15, 75.2, 75.25, 75.3, 75.35000000000001, 75.4, 75.45, 75.5]
Safety Constraints:
[[54.0, 86.0], [54.0, 86.0], [54.0, 86.0], [54.0, 86.0], [54.0, 86.0], [54.0, 86.0], [54.0, 86.0], [54.0, 86.0], [54.0, 86.0], [54.0, 86.0], [54.0, 86.0], [54.0, 86.0], [54.0, 86.0], [54.0, 86.0], [54.0, 86.0], [54.0, 86.0], [54.0, 86.0]]
Prices:
[0.24, 0.24, 0.24, 0.24, 0.24, 0.24, 0.24, 0.24, 0.26, 0.26, 0.26, 0.26, 0.26, 0.26, 0.26, 0.26, 0.6, 0.6, 0.6, 0.6, 0.6]
Occ Predictions:
                       0
2018-07-10 09:52:05  1.0
2018-07-10 10:07:05  1.0
2018-07-10 10:22:05  1.0
2018-07-10 10:37:05  1.0
2018-07-10 10:52:05  1.0
2018-07-10 11:07:05  0.8
2018-07-10 11:22:05  0.8
2018-07-10 11:37:05  0.8
2018-07-10 11:52:05  0.8
2018-07-10 12:07:05  0.8
2018-07-10 12:22:05  0.6
2018-07-10 12:37:05  0.6
2018-07-10 12:52:05  0.6
2018-07-10 13:07:05  0.8
2018-07-10 13:22:05  0.8
2018-07-10 13:37:05  0.8
2018-07-10 13:52:05  0.8
Setpoints:
[[74.0, 78.0], [74.0, 78.0], [74.0, 78.0], [74.0, 78.0], [74.0, 78.0], [74.0, 78.0], [74.0, 78.0], [74.0, 78.0], [74.0, 78.0], [74.0, 78.0], [74.0, 78.0], [74.0, 78.0], [74.0, 78.0], [74.0, 78.0], [74.0, 78.0], [74.0, 78.0], [74.0, 78.0]]
Time needed to calculate the shortest path:
6.21589112282


2018-07-10 17:22:05
MPC Actions: ['0', '0', '0', '0', '0', '0', '0', '0', '0', '0', '0', '0', '0', '0', '0', '0']
Temperatures following the MPC path:
[75.1, 75.10000000000001, 75.10000000000001, 75.10000000000001, 75.10000000000001, 75.10000000000001, 75.10000000000001, 75.10000000000001, 75.15, 75.2, 75.25, 75.3, 75.35000000000001, 75.4, 75.45, 75.5, 75.55]
Safety Constraints:
[[54.0, 86.0], [54.0, 86.0], [54.0, 86.0], [54.0, 86.0], [54.0, 86.0], [54.0, 86.0], [54.0, 86.0], [54.0, 86.0], [54.0, 86.0], [54.0, 86.0], [54.0, 86.0], [54.0, 86.0], [54.0, 86.0], [54.0, 86.0], [54.0, 86.0], [54.0, 86.0], [54.0, 86.0]]
Prices:
[0.24, 0.24, 0.24, 0.24, 0.24, 0.24, 0.24, 0.26, 0.26, 0.26, 0.26, 0.26, 0.26, 0.26, 0.26, 0.6, 0.6, 0.6, 0.6, 0.6, 0.6, 0.6, 0.6, 0.6, 0.6]
Occ Predictions:
                       0
2018-07-10 10:07:05  1.0
2018-07-10 10:22:05  1.0
2018-07-10 10:37:05  1.0
2018-07-10 10:52:05  1.0
2018-07-10 11:07:05  0.8
2018-07-10 11:22:05  0.8
2018-07-10 11:37:05  0.8
2018-07-10 11:52:05  0.8
2018-07-10 12:07:05  0.8
2018-07-10 12:22:05  0.6
2018-07-10 12:37:05  0.6
2018-07-10 12:52:05  0.6
2018-07-10 13:07:05  0.8
2018-07-10 13:22:05  0.8
2018-07-10 13:37:05  0.8
2018-07-10 13:52:05  0.8
2018-07-10 14:07:05  0.6
Setpoints:
[[74.0, 78.0], [74.0, 78.0], [74.0, 78.0], [74.0, 78.0], [74.0, 78.0], [74.0, 78.0], [74.0, 78.0], [74.0, 78.0], [74.0, 78.0], [74.0, 78.0], [74.0, 78.0], [74.0, 78.0], [74.0, 78.0], [74.0, 78.0], [74.0, 78.0], [74.0, 78.0], [74.0, 78.0]]
Time needed to calculate the shortest path:
6.28684806824


2018-07-10 17:37:05
MPC Actions: ['0', '0', '0', '0', '0', '0', '0', '0', '0', '0', '0', '0', '0', '0', '0', '0']
Temperatures following the MPC path:
[74.8, 74.8, 74.8, 74.85000000000001, 74.9, 74.95, 75.0, 75.05, 75.10000000000001, 75.15, 75.2, 75.25, 75.3, 75.35000000000001, 75.4, 75.45, 75.5]
Safety Constraints:
[[54.0, 86.0], [54.0, 86.0], [54.0, 86.0], [54.0, 86.0], [54.0, 86.0], [54.0, 86.0], [54.0, 86.0], [54.0, 86.0], [54.0, 86.0], [54.0, 86.0], [54.0, 86.0], [54.0, 86.0], [54.0, 86.0], [54.0, 86.0], [54.0, 86.0], [54.0, 86.0], [54.0, 86.0]]
Prices:
[0.24, 0.24, 0.24, 0.24, 0.24, 0.24, 0.26, 0.26, 0.26, 0.26, 0.26, 0.26, 0.26, 0.26, 0.6, 0.6, 0.6, 0.6, 0.6, 0.6, 0.6, 0.6, 0.6, 0.6, 0.6, 0.6, 0.6, 0.6, 0.6]
Occ Predictions:
                       0
2018-07-10 10:22:05  1.0
2018-07-10 10:37:05  1.0
2018-07-10 10:52:05  1.0
2018-07-10 11:07:05  0.8
2018-07-10 11:22:05  0.8
2018-07-10 11:37:05  0.8
2018-07-10 11:52:05  0.8
2018-07-10 12:07:05  0.8
2018-07-10 12:22:05  0.6
2018-07-10 12:37:05  0.6
2018-07-10 12:52:05  0.6
2018-07-10 13:07:05  0.8
2018-07-10 13:22:05  0.8
2018-07-10 13:37:05  0.8
2018-07-10 13:52:05  0.8
2018-07-10 14:07:05  0.6
2018-07-10 14:22:05  0.6
Setpoints:
[[74.0, 78.0], [74.0, 78.0], [74.0, 78.0], [74.0, 78.0], [74.0, 78.0], [74.0, 78.0], [74.0, 78.0], [74.0, 78.0], [74.0, 78.0], [74.0, 78.0], [74.0, 78.0], [74.0, 78.0], [74.0, 78.0], [74.0, 78.0], [74.0, 78.0], [74.0, 78.0], [74.0, 78.0]]
Time needed to calculate the shortest path:
1.78202700615


2018-07-10 17:52:05
MPC Actions: ['0', '0', '0', '0', '0', '0', '0', '0', '0', '0', '0', '0', '0', '0', '0', '0']
Temperatures following the MPC path:
[74.9, 74.9, 74.95, 75.0, 75.05, 75.10000000000001, 75.15, 75.2, 75.25, 75.3, 75.35000000000001, 75.4, 75.45, 75.5, 75.55, 75.60000000000001, 75.65]
Safety Constraints:
[[54.0, 86.0], [54.0, 86.0], [54.0, 86.0], [54.0, 86.0], [54.0, 86.0], [54.0, 86.0], [54.0, 86.0], [54.0, 86.0], [54.0, 86.0], [54.0, 86.0], [54.0, 86.0], [54.0, 86.0], [54.0, 86.0], [54.0, 86.0], [54.0, 86.0], [54.0, 86.0], [54.0, 86.0]]
Prices:
[0.24, 0.24, 0.24, 0.24, 0.24, 0.26, 0.26, 0.26, 0.26, 0.26, 0.26, 0.26, 0.26, 0.6, 0.6, 0.6, 0.6, 0.6, 0.6, 0.6, 0.6, 0.6, 0.6, 0.6, 0.6, 0.6, 0.6, 0.6, 0.6, 0.6, 0.6, 0.6, 0.6]
Occ Predictions:
                       0
2018-07-10 10:37:05  1.0
2018-07-10 10:52:05  1.0
2018-07-10 11:07:05  0.8
2018-07-10 11:22:05  0.8
2018-07-10 11:37:05  0.8
2018-07-10 11:52:05  0.8
2018-07-10 12:07:05  0.8
2018-07-10 12:22:05  0.6
2018-07-10 12:37:05  0.6
2018-07-10 12:52:05  0.6
2018-07-10 13:07:05  0.8
2018-07-10 13:22:05  0.8
2018-07-10 13:37:05  0.8
2018-07-10 13:52:05  0.8
2018-07-10 14:07:05  0.6
2018-07-10 14:22:05  0.6
2018-07-10 14:37:05  0.6
Setpoints:
[[74.0, 78.0], [74.0, 78.0], [74.0, 78.0], [74.0, 78.0], [74.0, 78.0], [74.0, 78.0], [74.0, 78.0], [74.0, 78.0], [74.0, 78.0], [74.0, 78.0], [74.0, 78.0], [74.0, 78.0], [74.0, 78.0], [74.0, 78.0], [74.0, 78.0], [74.0, 78.0], [74.0, 78.0]]
Time needed to calculate the shortest path:
1.78846406937


2018-07-10 18:07:05
MPC Actions: ['0', '0', '0', '0', '0', '0', '0', '0', '0', '0', '0', '0', '0', '0', '0', '0']
Temperatures following the MPC path:
[74.9, 74.95, 75.0, 75.05, 75.10000000000001, 75.15, 75.2, 75.25, 75.3, 75.35000000000001, 75.4, 75.45, 75.5, 75.55, 75.60000000000001, 75.65, 75.7]
Safety Constraints:
[[54.0, 86.0], [54.0, 86.0], [54.0, 86.0], [54.0, 86.0], [54.0, 86.0], [54.0, 86.0], [54.0, 86.0], [54.0, 86.0], [54.0, 86.0], [54.0, 86.0], [54.0, 86.0], [54.0, 86.0], [54.0, 86.0], [54.0, 86.0], [54.0, 86.0], [54.0, 86.0], [54.0, 86.0]]
Prices:
[0.24, 0.24, 0.24, 0.24, 0.26, 0.26, 0.26, 0.26, 0.26, 0.26, 0.26, 0.26, 0.6, 0.6, 0.6, 0.6, 0.6, 0.6, 0.6, 0.6, 0.6, 0.6, 0.6, 0.6, 0.6, 0.6, 0.6, 0.6, 0.6, 0.6, 0.6, 0.6, 0.6, 0.6, 0.6, 0.6, 0.6]
Occ Predictions:
                       0
2018-07-10 10:52:05  0.0
2018-07-10 11:07:05  0.8
2018-07-10 11:22:05  0.8
2018-07-10 11:37:05  0.8
2018-07-10 11:52:05  0.8
2018-07-10 12:07:05  0.8
2018-07-10 12:22:05  0.6
2018-07-10 12:37:05  0.6
2018-07-10 12:52:05  0.6
2018-07-10 13:07:05  0.8
2018-07-10 13:22:05  0.8
2018-07-10 13:37:05  0.8
2018-07-10 13:52:05  0.8
2018-07-10 14:07:05  0.6
2018-07-10 14:22:05  0.6
2018-07-10 14:37:05  0.6
2018-07-10 14:52:05  0.6
Setpoints:
[[74.0, 78.0], [74.0, 78.0], [74.0, 78.0], [74.0, 78.0], [74.0, 78.0], [74.0, 78.0], [74.0, 78.0], [74.0, 78.0], [74.0, 78.0], [74.0, 78.0], [74.0, 78.0], [74.0, 78.0], [74.0, 78.0], [74.0, 78.0], [74.0, 78.0], [74.0, 78.0], [74.0, 78.0]]
Time needed to calculate the shortest path:
2.06866788864


2018-07-10 18:22:05
MPC Actions: ['0', '0', '0', '0', '0', '0', '0', '0', '0', '0', '0', '0', '0', '0', '0', '0']
Temperatures following the MPC path:
[74.9, 74.95, 75.0, 75.05, 75.10000000000001, 75.15, 75.2, 75.25, 75.3, 75.35000000000001, 75.4, 75.45, 75.5, 75.55, 75.60000000000001, 75.65, 75.7]
Safety Constraints:
[[54.0, 86.0], [54.0, 86.0], [54.0, 86.0], [54.0, 86.0], [54.0, 86.0], [54.0, 86.0], [54.0, 86.0], [54.0, 86.0], [54.0, 86.0], [54.0, 86.0], [54.0, 86.0], [54.0, 86.0], [54.0, 86.0], [54.0, 86.0], [54.0, 86.0], [54.0, 86.0], [54.0, 86.0]]
Prices:
[0.24, 0.24, 0.24, 0.26, 0.26, 0.26, 0.26, 0.26, 0.26, 0.26, 0.26, 0.6, 0.6, 0.6, 0.6, 0.6, 0.6, 0.6, 0.6, 0.6, 0.6, 0.6, 0.6, 0.6, 0.6, 0.6, 0.6, 0.6, 0.6, 0.6, 0.6, 0.6, 0.6, 0.6, 0.6, 0.6, 0.6, 0.6, 0.6, 0.6, 0.6]
Occ Predictions:
                       0
2018-07-10 11:07:05  0.0
2018-07-10 11:22:05  0.8
2018-07-10 11:37:05  0.8
2018-07-10 11:52:05  0.8
2018-07-10 12:07:05  0.8
2018-07-10 12:22:05  0.6
2018-07-10 12:37:05  0.6
2018-07-10 12:52:05  0.6
2018-07-10 13:07:05  0.8
2018-07-10 13:22:05  0.8
2018-07-10 13:37:05  0.8
2018-07-10 13:52:05  0.8
2018-07-10 14:07:05  0.6
2018-07-10 14:22:05  0.6
2018-07-10 14:37:05  0.6
2018-07-10 14:52:05  0.6
2018-07-10 15:07:05  0.6
Setpoints:
[[74.0, 78.0], [74.0, 78.0], [74.0, 78.0], [74.0, 78.0], [74.0, 78.0], [74.0, 78.0], [74.0, 78.0], [74.0, 78.0], [74.0, 78.0], [74.0, 78.0], [74.0, 78.0], [74.0, 78.0], [74.0, 78.0], [74.0, 78.0], [74.0, 78.0], [74.0, 78.0], [74.0, 78.0]]
Time needed to calculate the shortest path:
1.89334797859


2018-07-10 18:37:05
MPC Actions: ['0', '0', '0', '0', '0', '0', '0', '0', '0', '0', '0', '0', '0', '0', '0', '0']
Temperatures following the MPC path:
[76.6, 76.60000000000001, 76.60000000000001, 76.60000000000001, 76.60000000000001, 76.60000000000001, 76.60000000000001, 76.65, 76.7, 76.75, 76.80000000000001, 76.85000000000001, 76.9, 76.95, 77.0, 77.05000000000001, 77.10000000000001]
Safety Constraints:
[[54.0, 86.0], [54.0, 86.0], [54.0, 86.0], [54.0, 86.0], [54.0, 86.0], [54.0, 86.0], [54.0, 86.0], [54.0, 86.0], [54.0, 86.0], [54.0, 86.0], [54.0, 86.0], [54.0, 86.0], [54.0, 86.0], [54.0, 86.0], [54.0, 86.0], [54.0, 86.0], [54.0, 86.0]]
Prices:
[0.24, 0.24, 0.26, 0.26, 0.26, 0.26, 0.26, 0.26, 0.26, 0.26, 0.6, 0.6, 0.6, 0.6, 0.6, 0.6, 0.6, 0.6, 0.6, 0.6, 0.6, 0.6, 0.6, 0.6, 0.6, 0.6, 0.6, 0.6, 0.6, 0.6, 0.6, 0.6, 0.6, 0.6, 0.6, 0.6, 0.6, 0.6, 0.6, 0.6, 0.6, 0.6, 0.6, 0.6, 0.6]
Occ Predictions:
                       0
2018-07-10 11:22:05  1.0
2018-07-10 11:37:05  0.8
2018-07-10 11:52:05  0.8
2018-07-10 12:07:05  0.8
2018-07-10 12:22:05  0.6
2018-07-10 12:37:05  0.6
2018-07-10 12:52:05  0.6
2018-07-10 13:07:05  0.8
2018-07-10 13:22:05  0.8
2018-07-10 13:37:05  0.8
2018-07-10 13:52:05  0.8
2018-07-10 14:07:05  0.6
2018-07-10 14:22:05  0.6
2018-07-10 14:37:05  0.6
2018-07-10 14:52:05  0.6
2018-07-10 15:07:05  0.6
2018-07-10 15:22:05  0.6
Setpoints:
[[74.0, 78.0], [74.0, 78.0], [74.0, 78.0], [74.0, 78.0], [74.0, 78.0], [74.0, 78.0], [74.0, 78.0], [74.0, 78.0], [74.0, 78.0], [74.0, 78.0], [74.0, 78.0], [74.0, 78.0], [74.0, 78.0], [74.0, 78.0], [74.0, 78.0], [74.0, 78.0], [74.0, 78.0]]
Time needed to calculate the shortest path:
1.17059111595
THERMOSTAT CHANGED MANUALY AT : 2018-07-10 18:52:05 UTC

2018-07-10 19:56:57
MPC Actions: ['0', '0', '0', '0', '0', '0', '0', '0', '0', '0', '0', '0', '0', '0', '0', '0']
Temperatures following the MPC path:
[76.2, 76.25, 76.3, 76.35000000000001, 76.4, 76.45, 76.5, 76.55, 76.60000000000001, 76.65, 76.7, 76.75, 76.80000000000001, 76.85000000000001, 76.9, 76.95, 77.0]
Safety Constraints:
[[54.0, 86.0], [54.0, 86.0], [54.0, 86.0], [54.0, 86.0], [54.0, 86.0], [54.0, 86.0], [54.0, 86.0], [54.0, 86.0], [54.0, 86.0], [54.0, 86.0], [54.0, 86.0], [54.0, 86.0], [54.0, 86.0], [54.0, 86.0], [54.0, 86.0], [54.0, 86.0], [54.0, 86.0]]
Prices:
[0.26, 0.26, 0.26, 0.26, 0.26, 0.6, 0.6, 0.6, 0.6, 0.6, 0.6, 0.6, 0.6, 0.6, 0.6, 0.6, 0.6, 0.6, 0.6, 0.6, 0.6, 0.6, 0.6, 0.6, 0.6, 0.6, 0.6, 0.6, 0.6, 0.6, 0.6, 0.6, 0.6, 0.6, 0.6, 0.6, 0.6, 0.6, 0.6, 0.6, 0.6, 0.6, 0.6, 0.6, 0.6, 0.6, 0.6, 0.6, 0.6, 0.6, 0.6, 0.6, 0.6, 0.6, 0.6, 0.6, 0.6, 0.6, 0.6, 0.6, 0.6, 0.6, 0.6, 0.6, 0.6]
Occ Predictions:
                       0
2018-07-10 12:41:57  1.0
2018-07-10 12:56:57  0.8
2018-07-10 13:11:57  1.0
2018-07-10 13:26:57  1.0
2018-07-10 13:41:57  1.0
2018-07-10 13:56:57  1.0
2018-07-10 14:11:57  0.8
2018-07-10 14:26:57  0.6
2018-07-10 14:41:57  0.6
2018-07-10 14:56:57  0.6
2018-07-10 15:11:57  0.6
2018-07-10 15:26:57  0.6
2018-07-10 15:41:57  0.4
2018-07-10 15:56:57  0.4
2018-07-10 16:11:57  0.4
2018-07-10 16:26:57  0.4
2018-07-10 16:41:57  0.4
Setpoints:
[[74.0, 78.0], [74.0, 78.0], [74.0, 78.0], [74.0, 78.0], [74.0, 78.0], [74.0, 78.0], [74.0, 78.0], [74.0, 78.0], [74.0, 78.0], [74.0, 78.0], [74.0, 78.0], [74.0, 78.0], [74.0, 78.0], [74.0, 78.0], [74.0, 78.0], [74.0, 78.0], [74.0, 78.0]]
Time needed to calculate the shortest path:
9.71923708916


2018-07-10 20:11:57
MPC Actions: ['0', '0', '0', '0', '0', '0', '0', '0', '0', '0', '0', '0', '0', '0', '0', '0']
Temperatures following the MPC path:
[75.7, 75.75, 75.8, 75.85000000000001, 75.9, 75.95, 76.0, 76.05, 76.10000000000001, 76.15, 76.2, 76.25, 76.3, 76.35000000000001, 76.4, 76.45, 76.5]
Safety Constraints:
[[54.0, 86.0], [54.0, 86.0], [54.0, 86.0], [54.0, 86.0], [54.0, 86.0], [54.0, 86.0], [54.0, 86.0], [54.0, 86.0], [54.0, 86.0], [54.0, 86.0], [54.0, 86.0], [54.0, 86.0], [54.0, 86.0], [54.0, 86.0], [54.0, 86.0], [54.0, 86.0], [54.0, 86.0]]
Prices:
[0.26, 0.26, 0.26, 0.26, 0.6, 0.6, 0.6, 0.6, 0.6, 0.6, 0.6, 0.6, 0.6, 0.6, 0.6, 0.6, 0.6, 0.6, 0.6, 0.6, 0.6, 0.6, 0.6, 0.6, 0.6, 0.6, 0.6, 0.6, 0.6, 0.6, 0.6, 0.6, 0.6, 0.6, 0.6, 0.6, 0.6, 0.6, 0.6, 0.6, 0.6, 0.6, 0.6, 0.6, 0.6, 0.6, 0.6, 0.6, 0.6, 0.6, 0.6, 0.6, 0.6, 0.6, 0.6, 0.6, 0.6, 0.6, 0.6, 0.6, 0.6, 0.6, 0.6, 0.6, 0.6, 0.6, 0.6, 0.6, 0.6]
Occ Predictions:
                       0
2018-07-10 12:56:57  0.0
2018-07-10 13:11:57  1.0
2018-07-10 13:26:57  1.0
2018-07-10 13:41:57  1.0
2018-07-10 13:56:57  1.0
2018-07-10 14:11:57  0.8
2018-07-10 14:26:57  0.6
2018-07-10 14:41:57  0.6
2018-07-10 14:56:57  0.6
2018-07-10 15:11:57  0.6
2018-07-10 15:26:57  0.6
2018-07-10 15:41:57  0.4
2018-07-10 15:56:57  0.4
2018-07-10 16:11:57  0.4
2018-07-10 16:26:57  0.4
2018-07-10 16:41:57  0.4
2018-07-10 16:56:57  0.4
Setpoints:
[[74.0, 78.0], [74.0, 78.0], [74.0, 78.0], [74.0, 78.0], [74.0, 78.0], [74.0, 78.0], [74.0, 78.0], [74.0, 78.0], [74.0, 78.0], [74.0, 78.0], [74.0, 78.0], [74.0, 78.0], [74.0, 78.0], [74.0, 78.0], [74.0, 78.0], [74.0, 78.0], [74.0, 78.0]]
Time needed to calculate the shortest path:
6.14100193977


2018-07-10 20:26:57
MPC Actions: ['0', '0', '0', '0', '0', '0', '0', '0', '0', '0', '0', '0', '0', '0', '0', '0']
Temperatures following the MPC path:
[75.3, 75.35000000000001, 75.4, 75.45, 75.5, 75.55, 75.60000000000001, 75.65, 75.7, 75.75, 75.8, 75.85000000000001, 75.9, 75.95, 76.0, 76.05, 76.10000000000001]
Safety Constraints:
[[54.0, 86.0], [54.0, 86.0], [54.0, 86.0], [54.0, 86.0], [54.0, 86.0], [54.0, 86.0], [54.0, 86.0], [54.0, 86.0], [54.0, 86.0], [54.0, 86.0], [54.0, 86.0], [54.0, 86.0], [54.0, 86.0], [54.0, 86.0], [54.0, 86.0], [54.0, 86.0], [54.0, 86.0]]
Prices:
[0.26, 0.26, 0.26, 0.6, 0.6, 0.6, 0.6, 0.6, 0.6, 0.6, 0.6, 0.6, 0.6, 0.6, 0.6, 0.6, 0.6, 0.6, 0.6, 0.6, 0.6, 0.6, 0.6, 0.6, 0.6, 0.6, 0.6, 0.6, 0.6, 0.6, 0.6, 0.6, 0.6, 0.6, 0.6, 0.6, 0.6, 0.6, 0.6, 0.6, 0.6, 0.6, 0.6, 0.6, 0.6, 0.6, 0.6, 0.6, 0.6, 0.6, 0.6, 0.6, 0.6, 0.6, 0.6, 0.6, 0.6, 0.6, 0.6, 0.6, 0.6, 0.6, 0.6, 0.6, 0.6, 0.6, 0.6, 0.6, 0.6, 0.6, 0.6, 0.6, 0.6]
Occ Predictions:
                       0
2018-07-10 13:11:57  1.0
2018-07-10 13:26:57  1.0
2018-07-10 13:41:57  1.0
2018-07-10 13:56:57  1.0
2018-07-10 14:11:57  0.8
2018-07-10 14:26:57  0.6
2018-07-10 14:41:57  0.6
2018-07-10 14:56:57  0.6
2018-07-10 15:11:57  0.6
2018-07-10 15:26:57  0.6
2018-07-10 15:41:57  0.4
2018-07-10 15:56:57  0.4
2018-07-10 16:11:57  0.4
2018-07-10 16:26:57  0.4
2018-07-10 16:41:57  0.4
2018-07-10 16:56:57  0.4
2018-07-10 17:11:57  0.4
Setpoints:
[[74.0, 78.0], [74.0, 78.0], [74.0, 78.0], [74.0, 78.0], [74.0, 78.0], [74.0, 78.0], [74.0, 78.0], [74.0, 78.0], [74.0, 78.0], [74.0, 78.0], [74.0, 78.0], [74.0, 78.0], [74.0, 78.0], [74.0, 78.0], [74.0, 78.0], [74.0, 78.0], [74.0, 78.0]]
Time needed to calculate the shortest path:
4.59606599808


2018-07-10 20:41:57
MPC Actions: ['0', '0', '0', '0', '0', '0', '0', '0', '0', '0', '0', '0', '0', '0', '0', '0']
Temperatures following the MPC path:
[75.3, 75.35000000000001, 75.4, 75.45, 75.5, 75.55, 75.60000000000001, 75.65, 75.7, 75.75, 75.8, 75.85000000000001, 75.9, 75.95, 76.0, 76.05, 76.10000000000001]
Safety Constraints:
[[54.0, 86.0], [54.0, 86.0], [54.0, 86.0], [54.0, 86.0], [54.0, 86.0], [54.0, 86.0], [54.0, 86.0], [54.0, 86.0], [54.0, 86.0], [54.0, 86.0], [54.0, 86.0], [54.0, 86.0], [54.0, 86.0], [54.0, 86.0], [54.0, 86.0], [54.0, 86.0], [54.0, 86.0]]
Prices:
[0.26, 0.26, 0.6, 0.6, 0.6, 0.6, 0.6, 0.6, 0.6, 0.6, 0.6, 0.6, 0.6, 0.6, 0.6, 0.6, 0.6, 0.6, 0.6, 0.6, 0.6, 0.6, 0.6, 0.6, 0.6, 0.6, 0.6, 0.6, 0.6, 0.6, 0.6, 0.6, 0.6, 0.6, 0.6, 0.6, 0.6, 0.6, 0.6, 0.6, 0.6, 0.6, 0.6, 0.6, 0.6, 0.6, 0.6, 0.6, 0.6, 0.6, 0.6, 0.6, 0.6, 0.6, 0.6, 0.6, 0.6, 0.6, 0.6, 0.6, 0.6, 0.6, 0.6, 0.6, 0.6, 0.6, 0.6, 0.6, 0.6, 0.6, 0.6, 0.6, 0.6, 0.6, 0.6, 0.6, 0.6]
Occ Predictions:
                       0
2018-07-10 13:26:57  0.0
2018-07-10 13:41:57  1.0
2018-07-10 13:56:57  1.0
2018-07-10 14:11:57  0.8
2018-07-10 14:26:57  0.6
2018-07-10 14:41:57  0.6
2018-07-10 14:56:57  0.6
2018-07-10 15:11:57  0.6
2018-07-10 15:26:57  0.6
2018-07-10 15:41:57  0.4
2018-07-10 15:56:57  0.4
2018-07-10 16:11:57  0.4
2018-07-10 16:26:57  0.4
2018-07-10 16:41:57  0.4
2018-07-10 16:56:57  0.4
2018-07-10 17:11:57  0.4
2018-07-10 17:26:57  0.2
Setpoints:
[[74.0, 78.0], [74.0, 78.0], [74.0, 78.0], [74.0, 78.0], [74.0, 78.0], [74.0, 78.0], [74.0, 78.0], [74.0, 78.0], [74.0, 78.0], [74.0, 78.0], [74.0, 78.0], [74.0, 78.0], [74.0, 78.0], [74.0, 78.0], [74.0, 78.0], [74.0, 78.0], [74.0, 78.0]]
Time needed to calculate the shortest path:
5.32010388374


2018-07-10 20:46:07
MPC Actions: ['0', '0', '0', '0', '0', '0', '0', '0', '0', '0', '0', '0', '0', '0', '0', '0']
Temperatures following the MPC path:
[75.3, 75.35000000000001, 75.4, 75.45, 75.5, 75.55, 75.60000000000001, 75.65, 75.7, 75.75, 75.8, 75.85000000000001, 75.9, 75.95, 75.97500000000001, 76.0, 76.025]
Safety Constraints:
[[54.0, 86.0], [54.0, 86.0], [54.0, 86.0], [54.0, 86.0], [54.0, 86.0], [54.0, 86.0], [54.0, 86.0], [54.0, 86.0], [54.0, 86.0], [54.0, 86.0], [54.0, 86.0], [54.0, 86.0], [54.0, 86.0], [54.0, 86.0], [54.0, 86.0], [54.0, 86.0], [54.0, 86.0]]
Prices:
[0.26, 0.6, 0.6, 0.6, 0.6, 0.6, 0.6, 0.6, 0.6, 0.6, 0.6, 0.6, 0.6, 0.6, 0.6, 0.6, 0.6, 0.6, 0.6, 0.6, 0.6, 0.6, 0.6, 0.6, 0.6, 0.6, 0.6, 0.6, 0.6, 0.6, 0.6, 0.6, 0.6, 0.6, 0.6, 0.6, 0.6, 0.6, 0.6, 0.6, 0.6, 0.6, 0.6, 0.6, 0.6, 0.6, 0.6, 0.6, 0.6, 0.6, 0.6, 0.6, 0.6, 0.6, 0.6, 0.6, 0.6, 0.6, 0.6, 0.6, 0.6, 0.6, 0.6, 0.6, 0.6, 0.6, 0.6, 0.6, 0.6, 0.6, 0.6, 0.6, 0.6, 0.6, 0.6, 0.6, 0.6, 0.6, 0.6, 0.6, 0.6]
Occ Predictions:
                       0
2018-07-10 13:31:07  1.0
2018-07-10 13:46:07  1.0
2018-07-10 14:01:07  0.8
2018-07-10 14:16:07  0.8
2018-07-10 14:31:07  0.6
2018-07-10 14:46:07  0.6
2018-07-10 15:01:07  0.6
2018-07-10 15:16:07  0.6
2018-07-10 15:31:07  0.6
2018-07-10 15:46:07  0.4
2018-07-10 16:01:07  0.4
2018-07-10 16:16:07  0.4
2018-07-10 16:31:07  0.4
2018-07-10 16:46:07  0.4
2018-07-10 17:01:07  0.4
2018-07-10 17:16:07  0.4
2018-07-10 17:31:07  0.2
Setpoints:
[[74.0, 78.0], [74.0, 78.0], [74.0, 78.0], [74.0, 78.0], [74.0, 78.0], [74.0, 78.0], [74.0, 78.0], [74.0, 78.0], [74.0, 78.0], [74.0, 78.0], [74.0, 78.0], [74.0, 78.0], [74.0, 78.0], [74.0, 78.0], [74.0, 78.0], [74.0, 78.0], [74.0, 78.0]]
Time needed to calculate the shortest path:
9.58766293526
THERMOSTAT CHANGED MANUALY AT : 2018-07-10 21:01:07 UTC

2018-07-10 22:06:04
MPC Actions: ['0', '0', '0', '0', '0', '0', '0', '0', '0', '0', '0', '0', '0', '0', '0', '0']
Temperatures following the MPC path:
[75.7, 75.75, 75.8, 75.85000000000001, 75.875, 75.9, 75.925, 75.95, 75.97500000000001, 76.0, 76.025, 76.05, 76.075, 76.10000000000001, 76.125, 76.15, 76.175]
Safety Constraints:
[[54.0, 86.0], [54.0, 86.0], [54.0, 86.0], [54.0, 86.0], [54.0, 86.0], [54.0, 86.0], [54.0, 86.0], [54.0, 86.0], [54.0, 86.0], [54.0, 86.0], [54.0, 86.0], [54.0, 86.0], [54.0, 86.0], [54.0, 86.0], [54.0, 86.0], [54.0, 86.0], [54.0, 86.0]]
Prices:
[0.6, 0.6, 0.6, 0.6, 0.6, 0.6, 0.6, 0.6, 0.6, 0.6, 0.6, 0.6, 0.6, 0.6, 0.6, 0.6, 0.6, 0.6, 0.6, 0.6, 0.6, 0.6, 0.6, 0.6, 0.6, 0.6, 0.6, 0.6, 0.6, 0.6, 0.6, 0.6, 0.6, 0.6, 0.6, 0.6, 0.6, 0.6, 0.6, 0.6, 0.6, 0.6, 0.6, 0.6, 0.6, 0.6, 0.6, 0.6, 0.6, 0.6, 0.6, 0.6, 0.6, 0.6, 0.6, 0.6, 0.6, 0.6, 0.6, 0.6, 0.24, 0.24, 0.24, 0.24, 0.24]
Occ Predictions:
                       0
2018-07-10 14:51:04  0.0
2018-07-10 15:06:04  0.6
2018-07-10 15:21:04  0.6
2018-07-10 15:36:04  0.4
2018-07-10 15:51:04  0.4
2018-07-10 16:06:04  0.4
2018-07-10 16:21:04  0.4
2018-07-10 16:36:04  0.4
2018-07-10 16:51:04  0.4
2018-07-10 17:06:04  0.4
2018-07-10 17:21:04  0.2
2018-07-10 17:36:04  0.2
2018-07-10 17:51:04  0.0
2018-07-10 18:06:04  0.0
2018-07-10 18:21:04  0.0
2018-07-10 18:36:04  0.0
2018-07-10 18:51:04  0.2
Setpoints:
[[74.0, 78.0], [74.0, 78.0], [74.0, 78.0], [74.0, 78.0], [74.0, 78.0], [74.0, 78.0], [74.0, 78.0], [74.0, 78.0], [74.0, 78.0], [74.0, 78.0], [74.0, 78.0], [74.0, 78.0], [60.0, 85.0], [60.0, 85.0], [60.0, 85.0], [60.0, 85.0], [60.0, 85.0]]
Time needed to calculate the shortest path:
52.0459730625


2018-07-10 22:21:04
MPC Actions: ['0', '0', '0', '0', '0', '0', '0', '0', '0', '0', '0', '0', '0', '0', '0', '0']
Temperatures following the MPC path:
[76.1, 76.15, 76.175, 76.2, 76.22500000000001, 76.25, 76.275, 76.3, 76.325, 76.35000000000001, 76.375, 76.4, 76.425, 76.45, 76.47500000000001, 76.5, 76.525]
Safety Constraints:
[[54.0, 86.0], [54.0, 86.0], [54.0, 86.0], [54.0, 86.0], [54.0, 86.0], [54.0, 86.0], [54.0, 86.0], [54.0, 86.0], [54.0, 86.0], [54.0, 86.0], [54.0, 86.0], [54.0, 86.0], [54.0, 86.0], [54.0, 86.0], [54.0, 86.0], [54.0, 86.0], [54.0, 86.0]]
Prices:
[0.6, 0.6, 0.6, 0.6, 0.6, 0.6, 0.6, 0.6, 0.6, 0.6, 0.6, 0.6, 0.6, 0.6, 0.6, 0.6, 0.6, 0.6, 0.6, 0.6, 0.6, 0.6, 0.6, 0.6, 0.6, 0.6, 0.6, 0.6, 0.6, 0.6, 0.6, 0.6, 0.6, 0.6, 0.6, 0.6, 0.6, 0.6, 0.6, 0.6, 0.6, 0.6, 0.6, 0.6, 0.6, 0.6, 0.6, 0.6, 0.6, 0.6, 0.6, 0.6, 0.6, 0.6, 0.6, 0.24, 0.24, 0.24, 0.24, 0.24, 0.24]
Occ Predictions:
                       0
2018-07-10 15:06:04  0.0
2018-07-10 15:21:04  0.6
2018-07-10 15:36:04  0.4
2018-07-10 15:51:04  0.4
2018-07-10 16:06:04  0.4
2018-07-10 16:21:04  0.4
2018-07-10 16:36:04  0.4
2018-07-10 16:51:04  0.4
2018-07-10 17:06:04  0.4
2018-07-10 17:21:04  0.2
2018-07-10 17:36:04  0.2
2018-07-10 17:51:04  0.0
2018-07-10 18:06:04  0.0
2018-07-10 18:21:04  0.0
2018-07-10 18:36:04  0.0
2018-07-10 18:51:04  0.2
2018-07-10 19:06:04  0.0
Setpoints:
[[74.0, 78.0], [74.0, 78.0], [74.0, 78.0], [74.0, 78.0], [74.0, 78.0], [74.0, 78.0], [74.0, 78.0], [74.0, 78.0], [74.0, 78.0], [74.0, 78.0], [74.0, 78.0], [60.0, 85.0], [60.0, 85.0], [60.0, 85.0], [60.0, 85.0], [60.0, 85.0], [60.0, 85.0]]
Time needed to calculate the shortest path:
52.7807278633


2018-07-10 22:36:04
MPC Actions: ['0', '0', '0', '0', '0', '0', '0', '0', '0', '0', '0', '0', '0', '0', '0', '0']
Temperatures following the MPC path:
[76.0, 76.025, 76.05, 76.075, 76.10000000000001, 76.125, 76.15, 76.175, 76.2, 76.22500000000001, 76.25, 76.275, 76.3, 76.325, 76.35000000000001, 76.375, 76.4]
Safety Constraints:
[[54.0, 86.0], [54.0, 86.0], [54.0, 86.0], [54.0, 86.0], [54.0, 86.0], [54.0, 86.0], [54.0, 86.0], [54.0, 86.0], [54.0, 86.0], [54.0, 86.0], [54.0, 86.0], [54.0, 86.0], [54.0, 86.0], [54.0, 86.0], [54.0, 86.0], [54.0, 86.0], [54.0, 86.0]]
Prices:
[0.6, 0.6, 0.6, 0.6, 0.6, 0.6, 0.6, 0.6, 0.6, 0.6, 0.6, 0.6, 0.6, 0.6, 0.6, 0.6, 0.6, 0.6, 0.6, 0.6, 0.6, 0.6, 0.6, 0.6, 0.6, 0.6, 0.6, 0.6, 0.6, 0.6, 0.6, 0.6, 0.6, 0.6, 0.6, 0.6, 0.6, 0.6, 0.6, 0.6, 0.6, 0.6, 0.6, 0.6, 0.6, 0.6, 0.6, 0.6, 0.6, 0.6, 0.24, 0.24, 0.24, 0.24, 0.24, 0.24, 0.24]
Occ Predictions:
                       0
2018-07-10 15:21:04  0.0
2018-07-10 15:36:04  0.4
2018-07-10 15:51:04  0.4
2018-07-10 16:06:04  0.4
2018-07-10 16:21:04  0.4
2018-07-10 16:36:04  0.4
2018-07-10 16:51:04  0.4
2018-07-10 17:06:04  0.4
2018-07-10 17:21:04  0.2
2018-07-10 17:36:04  0.2
2018-07-10 17:51:04  0.0
2018-07-10 18:06:04  0.0
2018-07-10 18:21:04  0.0
2018-07-10 18:36:04  0.0
2018-07-10 18:51:04  0.2
2018-07-10 19:06:04  0.0
2018-07-10 19:21:04  0.0
Setpoints:
[[74.0, 78.0], [74.0, 78.0], [74.0, 78.0], [74.0, 78.0], [74.0, 78.0], [74.0, 78.0], [74.0, 78.0], [74.0, 78.0], [74.0, 78.0], [74.0, 78.0], [60.0, 85.0], [60.0, 85.0], [60.0, 85.0], [60.0, 85.0], [60.0, 85.0], [60.0, 85.0], [60.0, 85.0]]
Time needed to calculate the shortest path:
39.5259149075


2018-07-10 22:51:04
MPC Actions: ['0', '0', '0', '0', '0', '0', '0', '0', '0', '0', '0', '0', '0', '0', '0', '0']
Temperatures following the MPC path:
[75.9, 75.95, 76.0, 76.05, 76.10000000000001, 76.15, 76.175, 76.2, 76.22500000000001, 76.25, 76.275, 76.3, 76.325, 76.35000000000001, 76.375, 76.4, 76.425]
Safety Constraints:
[[54.0, 86.0], [54.0, 86.0], [54.0, 86.0], [54.0, 86.0], [54.0, 86.0], [54.0, 86.0], [54.0, 86.0], [54.0, 86.0], [54.0, 86.0], [54.0, 86.0], [54.0, 86.0], [54.0, 86.0], [54.0, 86.0], [54.0, 86.0], [54.0, 86.0], [54.0, 86.0], [54.0, 86.0]]
Prices:
[0.6, 0.6, 0.6, 0.6, 0.6, 0.6, 0.6, 0.6, 0.6, 0.6, 0.6, 0.6, 0.6, 0.6, 0.6, 0.6, 0.6, 0.6, 0.6, 0.6, 0.6, 0.6, 0.6, 0.6, 0.6, 0.6, 0.6, 0.6, 0.6, 0.6, 0.6, 0.6, 0.6, 0.6, 0.6, 0.6, 0.6, 0.6, 0.6, 0.6, 0.6, 0.6, 0.6, 0.6, 0.6, 0.24, 0.24, 0.24, 0.24, 0.24, 0.24, 0.24, 0.24]
Occ Predictions:
                       0
2018-07-10 15:36:04  0.0
2018-07-10 15:51:04  0.4
2018-07-10 16:06:04  0.4
2018-07-10 16:21:04  0.4
2018-07-10 16:36:04  0.4
2018-07-10 16:51:04  0.4
2018-07-10 17:06:04  0.4
2018-07-10 17:21:04  0.2
2018-07-10 17:36:04  0.2
2018-07-10 17:51:04  0.0
2018-07-10 18:06:04  0.0
2018-07-10 18:21:04  0.0
2018-07-10 18:36:04  0.0
2018-07-10 18:51:04  0.2
2018-07-10 19:06:04  0.0
2018-07-10 19:21:04  0.0
2018-07-10 19:36:04  0.2
Setpoints:
[[74.0, 78.0], [74.0, 78.0], [74.0, 78.0], [74.0, 78.0], [74.0, 78.0], [74.0, 78.0], [74.0, 78.0], [74.0, 78.0], [74.0, 78.0], [60.0, 85.0], [60.0, 85.0], [60.0, 85.0], [60.0, 85.0], [60.0, 85.0], [60.0, 85.0], [60.0, 85.0], [60.0, 85.0]]
Time needed to calculate the shortest path:
52.1350190639


2018-07-10 23:06:04
MPC Actions: ['0', '0', '0', '0', '0', '0', '0', '0', '0', '0', '0', '0', '0', '0', '0', '0']
Temperatures following the MPC path:
[75.9, 75.925, 75.95, 75.97500000000001, 76.0, 76.025, 76.05, 76.075, 76.10000000000001, 76.125, 76.15, 76.175, 76.2, 76.22500000000001, 76.25, 76.275, 76.3]
Safety Constraints:
[[54.0, 86.0], [54.0, 86.0], [54.0, 86.0], [54.0, 86.0], [54.0, 86.0], [54.0, 86.0], [54.0, 86.0], [54.0, 86.0], [54.0, 86.0], [54.0, 86.0], [54.0, 86.0], [54.0, 86.0], [54.0, 86.0], [54.0, 86.0], [54.0, 86.0], [54.0, 86.0], [54.0, 86.0]]
Prices:
[0.6, 0.6, 0.6, 0.6, 0.6, 0.6, 0.6, 0.6, 0.6, 0.6, 0.6, 0.6, 0.6, 0.6, 0.6, 0.6, 0.6, 0.6, 0.6, 0.6, 0.6, 0.6, 0.6, 0.6, 0.6, 0.6, 0.6, 0.6, 0.6, 0.6, 0.6, 0.6, 0.6, 0.6, 0.6, 0.6, 0.6, 0.6, 0.6, 0.6, 0.24, 0.24, 0.24, 0.24, 0.24, 0.24, 0.24, 0.24, 0.24]
Occ Predictions:
                       0
2018-07-10 15:51:04  1.0
2018-07-10 16:06:04  0.4
2018-07-10 16:21:04  0.4
2018-07-10 16:36:04  0.4
2018-07-10 16:51:04  0.4
2018-07-10 17:06:04  0.4
2018-07-10 17:21:04  0.2
2018-07-10 17:36:04  0.2
2018-07-10 17:51:04  0.0
2018-07-10 18:06:04  0.0
2018-07-10 18:21:04  0.0
2018-07-10 18:36:04  0.0
2018-07-10 18:51:04  0.2
2018-07-10 19:06:04  0.0
2018-07-10 19:21:04  0.0
2018-07-10 19:36:04  0.2
2018-07-10 19:51:04  0.0
Setpoints:
[[74.0, 78.0], [74.0, 78.0], [74.0, 78.0], [74.0, 78.0], [74.0, 78.0], [74.0, 78.0], [74.0, 78.0], [74.0, 78.0], [60.0, 85.0], [60.0, 85.0], [60.0, 85.0], [60.0, 85.0], [60.0, 85.0], [60.0, 85.0], [60.0, 85.0], [60.0, 85.0], [60.0, 85.0]]
Time needed to calculate the shortest path:
38.2504079342


2018-07-10 23:21:04
MPC Actions: ['0', '0', '0', '0', '0', '0', '0', '0', '0', '0', '0', '0', '0', '0', '0', '0']
Temperatures following the MPC path:
[75.9, 75.925, 75.95, 75.97500000000001, 76.0, 76.025, 76.05, 76.075, 76.10000000000001, 76.125, 76.15, 76.175, 76.2, 76.22500000000001, 76.25, 76.275, 76.275]
Safety Constraints:
[[54.0, 86.0], [54.0, 86.0], [54.0, 86.0], [54.0, 86.0], [54.0, 86.0], [54.0, 86.0], [54.0, 86.0], [54.0, 86.0], [54.0, 86.0], [54.0, 86.0], [54.0, 86.0], [54.0, 86.0], [54.0, 86.0], [54.0, 86.0], [54.0, 86.0], [54.0, 86.0], [54.0, 86.0]]
Prices:
[0.6, 0.6, 0.6, 0.6, 0.6, 0.6, 0.6, 0.6, 0.6, 0.6, 0.6, 0.6, 0.6, 0.6, 0.6, 0.6, 0.6, 0.6, 0.6, 0.6, 0.6, 0.6, 0.6, 0.6, 0.6, 0.6, 0.6, 0.6, 0.6, 0.6, 0.6, 0.6, 0.6, 0.6, 0.6, 0.24, 0.24, 0.24, 0.24, 0.24, 0.24, 0.24, 0.24, 0.24, 0.24]
Occ Predictions:
                       0
2018-07-10 16:06:04  1.0
2018-07-10 16:21:04  0.4
2018-07-10 16:36:04  0.4
2018-07-10 16:51:04  0.4
2018-07-10 17:06:04  0.4
2018-07-10 17:21:04  0.2
2018-07-10 17:36:04  0.2
2018-07-10 17:51:04  0.0
2018-07-10 18:06:04  0.0
2018-07-10 18:21:04  0.0
2018-07-10 18:36:04  0.0
2018-07-10 18:51:04  0.2
2018-07-10 19:06:04  0.0
2018-07-10 19:21:04  0.0
2018-07-10 19:36:04  0.2
2018-07-10 19:51:04  0.0
2018-07-10 20:06:04  0.0
Setpoints:
[[74.0, 78.0], [74.0, 78.0], [74.0, 78.0], [74.0, 78.0], [74.0, 78.0], [74.0, 78.0], [74.0, 78.0], [60.0, 85.0], [60.0, 85.0], [60.0, 85.0], [60.0, 85.0], [60.0, 85.0], [60.0, 85.0], [60.0, 85.0], [60.0, 85.0], [60.0, 85.0], [60.0, 85.0]]
Time needed to calculate the shortest path:
39.625592947


2018-07-10 23:36:04
MPC Actions: ['0', '0', '0', '0', '0', '0', '0', '0', '0', '0', '0', '0', '0', '0', '0', '0']
Temperatures following the MPC path:
[75.9, 75.95, 76.0, 76.025, 76.05, 76.075, 76.10000000000001, 76.125, 76.15, 76.175, 76.2, 76.22500000000001, 76.25, 76.275, 76.3, 76.3, 76.3]
Safety Constraints:
[[54.0, 86.0], [54.0, 86.0], [54.0, 86.0], [54.0, 86.0], [54.0, 86.0], [54.0, 86.0], [54.0, 86.0], [54.0, 86.0], [54.0, 86.0], [54.0, 86.0], [54.0, 86.0], [54.0, 86.0], [54.0, 86.0], [54.0, 86.0], [54.0, 86.0], [54.0, 86.0], [54.0, 86.0]]
Prices:
[0.6, 0.6, 0.6, 0.6, 0.6, 0.6, 0.6, 0.6, 0.6, 0.6, 0.6, 0.6, 0.6, 0.6, 0.6, 0.6, 0.6, 0.6, 0.6, 0.6, 0.6, 0.6, 0.6, 0.6, 0.6, 0.6, 0.6, 0.6, 0.6, 0.6, 0.24, 0.24, 0.24, 0.24, 0.24, 0.24, 0.24, 0.24, 0.24, 0.24, 0.24]
Occ Predictions:
                       0
2018-07-10 16:21:04  1.0
2018-07-10 16:36:04  0.4
2018-07-10 16:51:04  0.4
2018-07-10 17:06:04  0.4
2018-07-10 17:21:04  0.2
2018-07-10 17:36:04  0.2
2018-07-10 17:51:04  0.0
2018-07-10 18:06:04  0.0
2018-07-10 18:21:04  0.0
2018-07-10 18:36:04  0.0
2018-07-10 18:51:04  0.2
2018-07-10 19:06:04  0.0
2018-07-10 19:21:04  0.0
2018-07-10 19:36:04  0.2
2018-07-10 19:51:04  0.0
2018-07-10 20:06:04  0.0
2018-07-10 20:21:04  0.2
Setpoints:
[[74.0, 78.0], [74.0, 78.0], [74.0, 78.0], [74.0, 78.0], [74.0, 78.0], [74.0, 78.0], [60.0, 85.0], [60.0, 85.0], [60.0, 85.0], [60.0, 85.0], [60.0, 85.0], [60.0, 85.0], [60.0, 85.0], [60.0, 85.0], [60.0, 85.0], [60.0, 85.0], [60.0, 85.0]]
Time needed to calculate the shortest path:
59.5013101101


2018-07-10 23:51:04
MPC Actions: ['0', '0', '0', '0', '0', '0', '0', '0', '0', '0', '0', '0', '0', '0', '0', '0']
Temperatures following the MPC path:
[75.9, 75.925, 75.95, 75.97500000000001, 76.0, 76.025, 76.05, 76.075, 76.10000000000001, 76.125, 76.15, 76.175, 76.2, 76.22500000000001, 76.22500000000001, 76.22500000000001, 76.22500000000001]
Safety Constraints:
[[54.0, 86.0], [54.0, 86.0], [54.0, 86.0], [54.0, 86.0], [54.0, 86.0], [54.0, 86.0], [54.0, 86.0], [54.0, 86.0], [54.0, 86.0], [54.0, 86.0], [54.0, 86.0], [54.0, 86.0], [54.0, 86.0], [54.0, 86.0], [54.0, 86.0], [54.0, 86.0], [54.0, 86.0]]
Prices:
[0.6, 0.6, 0.6, 0.6, 0.6, 0.6, 0.6, 0.6, 0.6, 0.6, 0.6, 0.6, 0.6, 0.6, 0.6, 0.6, 0.6, 0.6, 0.6, 0.6, 0.6, 0.6, 0.6, 0.6, 0.6, 0.24, 0.24, 0.24, 0.24, 0.24, 0.24, 0.24, 0.24, 0.24, 0.24, 0.24, 0.24]
Occ Predictions:
                       0
2018-07-10 16:36:04  1.0
2018-07-10 16:51:04  0.4
2018-07-10 17:06:04  0.4
2018-07-10 17:21:04  0.2
2018-07-10 17:36:04  0.2
2018-07-10 17:51:04  0.0
2018-07-10 18:06:04  0.0
2018-07-10 18:21:04  0.0
2018-07-10 18:36:04  0.0
2018-07-10 18:51:04  0.2
2018-07-10 19:06:04  0.0
2018-07-10 19:21:04  0.0
2018-07-10 19:36:04  0.2
2018-07-10 19:51:04  0.0
2018-07-10 20:06:04  0.0
2018-07-10 20:21:04  0.2
2018-07-10 20:36:04  0.2
Setpoints:
[[74.0, 78.0], [74.0, 78.0], [74.0, 78.0], [74.0, 78.0], [74.0, 78.0], [60.0, 85.0], [60.0, 85.0], [60.0, 85.0], [60.0, 85.0], [60.0, 85.0], [60.0, 85.0], [60.0, 85.0], [60.0, 85.0], [60.0, 85.0], [60.0, 85.0], [60.0, 85.0], [60.0, 85.0]]
Time needed to calculate the shortest path:
38.6981811523


2018-07-11 00:06:04
MPC Actions: ['0', '0', '0', '0', '0', '0', '0', '0', '0', '0', '0', '0', '0', '0', '0', '0']
Temperatures following the MPC path:
[76.1, 76.125, 76.15, 76.175, 76.2, 76.22500000000001, 76.25, 76.275, 76.3, 76.325, 76.35000000000001, 76.375, 76.4, 76.4, 76.4, 76.4, 76.4]
Safety Constraints:
[[54.0, 86.0], [54.0, 86.0], [54.0, 86.0], [54.0, 86.0], [54.0, 86.0], [54.0, 86.0], [54.0, 86.0], [54.0, 86.0], [54.0, 86.0], [54.0, 86.0], [54.0, 86.0], [54.0, 86.0], [54.0, 86.0], [54.0, 86.0], [54.0, 86.0], [54.0, 86.0], [54.0, 86.0]]
Prices:
[0.6, 0.6, 0.6, 0.6, 0.6, 0.6, 0.6, 0.6, 0.6, 0.6, 0.6, 0.6, 0.6, 0.6, 0.6, 0.6, 0.6, 0.6, 0.6, 0.6, 0.24, 0.24, 0.24, 0.24, 0.24, 0.24, 0.24, 0.24, 0.24, 0.24, 0.24, 0.24, 0.24]
Occ Predictions:
                       0
2018-07-10 16:51:04  0.0
2018-07-10 17:06:04  0.4
2018-07-10 17:21:04  0.2
2018-07-10 17:36:04  0.2
2018-07-10 17:51:04  0.0
2018-07-10 18:06:04  0.0
2018-07-10 18:21:04  0.0
2018-07-10 18:36:04  0.0
2018-07-10 18:51:04  0.2
2018-07-10 19:06:04  0.0
2018-07-10 19:21:04  0.0
2018-07-10 19:36:04  0.2
2018-07-10 19:51:04  0.0
2018-07-10 20:06:04  0.0
2018-07-10 20:21:04  0.2
2018-07-10 20:36:04  0.2
2018-07-10 20:51:04  0.0
Setpoints:
[[74.0, 78.0], [74.0, 78.0], [74.0, 78.0], [74.0, 78.0], [60.0, 85.0], [60.0, 85.0], [60.0, 85.0], [60.0, 85.0], [60.0, 85.0], [60.0, 85.0], [60.0, 85.0], [60.0, 85.0], [60.0, 85.0], [60.0, 85.0], [60.0, 85.0], [60.0, 85.0], [60.0, 85.0]]
Time needed to calculate the shortest path:
44.2435410023


2018-07-11 00:21:04
MPC Actions: ['0', '0', '0', '0', '0', '0', '0', '0', '0', '0', '0', '0', '0', '0', '0', '0']
Temperatures following the MPC path:
[76.2, 76.22500000000001, 76.25, 76.275, 76.3, 76.325, 76.35000000000001, 76.375, 76.4, 76.425, 76.45, 76.47500000000001, 76.47500000000001, 76.47500000000001, 76.47500000000001, 76.47500000000001, 76.47500000000001]
Safety Constraints:
[[54.0, 86.0], [54.0, 86.0], [54.0, 86.0], [54.0, 86.0], [54.0, 86.0], [54.0, 86.0], [54.0, 86.0], [54.0, 86.0], [54.0, 86.0], [54.0, 86.0], [54.0, 86.0], [54.0, 86.0], [54.0, 86.0], [54.0, 86.0], [54.0, 86.0], [54.0, 86.0], [54.0, 86.0]]
Prices:
[0.6, 0.6, 0.6, 0.6, 0.6, 0.6, 0.6, 0.6, 0.6, 0.6, 0.6, 0.6, 0.6, 0.6, 0.6, 0.24, 0.24, 0.24, 0.24, 0.24, 0.24, 0.24, 0.24, 0.24, 0.24, 0.24, 0.24, 0.24, 0.24]
Occ Predictions:
                       0
2018-07-10 17:06:04  0.0
2018-07-10 17:21:04  0.2
2018-07-10 17:36:04  0.2
2018-07-10 17:51:04  0.0
2018-07-10 18:06:04  0.0
2018-07-10 18:21:04  0.0
2018-07-10 18:36:04  0.0
2018-07-10 18:51:04  0.2
2018-07-10 19:06:04  0.0
2018-07-10 19:21:04  0.0
2018-07-10 19:36:04  0.2
2018-07-10 19:51:04  0.0
2018-07-10 20:06:04  0.0
2018-07-10 20:21:04  0.2
2018-07-10 20:36:04  0.2
2018-07-10 20:51:04  0.0
2018-07-10 21:06:04  0.0
Setpoints:
[[74.0, 78.0], [74.0, 78.0], [74.0, 78.0], [60.0, 85.0], [60.0, 85.0], [60.0, 85.0], [60.0, 85.0], [60.0, 85.0], [60.0, 85.0], [60.0, 85.0], [60.0, 85.0], [60.0, 85.0], [60.0, 85.0], [60.0, 85.0], [60.0, 85.0], [60.0, 85.0], [60.0, 85.0]]
Time needed to calculate the shortest path:
46.7432100773


2018-07-11 00:36:04
MPC Actions: ['0', '0', '0', '0', '0', '0', '0', '0', '0', '0', '0', '0', '0', '0', '0', '0']
Temperatures following the MPC path:
[76.2, 76.22500000000001, 76.25, 76.275, 76.3, 76.325, 76.35000000000001, 76.375, 76.4, 76.425, 76.45, 76.45, 76.45, 76.45, 76.45, 76.45, 76.45]
Safety Constraints:
[[54.0, 86.0], [54.0, 86.0], [54.0, 86.0], [54.0, 86.0], [54.0, 86.0], [54.0, 86.0], [54.0, 86.0], [54.0, 86.0], [54.0, 86.0], [54.0, 86.0], [54.0, 86.0], [54.0, 86.0], [54.0, 86.0], [54.0, 86.0], [54.0, 86.0], [54.0, 86.0], [54.0, 86.0]]
Prices:
[0.6, 0.6, 0.6, 0.6, 0.6, 0.6, 0.6, 0.6, 0.6, 0.6, 0.24, 0.24, 0.24, 0.24, 0.24, 0.24, 0.24, 0.24, 0.24, 0.24, 0.24, 0.24, 0.24, 0.24, 0.21]
Occ Predictions:
                       0
2018-07-10 17:21:04  0.0
2018-07-10 17:36:04  0.2
2018-07-10 17:51:04  0.0
2018-07-10 18:06:04  0.0
2018-07-10 18:21:04  0.0
2018-07-10 18:36:04  0.0
2018-07-10 18:51:04  0.2
2018-07-10 19:06:04  0.0
2018-07-10 19:21:04  0.0
2018-07-10 19:36:04  0.2
2018-07-10 19:51:04  0.0
2018-07-10 20:06:04  0.0
2018-07-10 20:21:04  0.2
2018-07-10 20:36:04  0.2
2018-07-10 20:51:04  0.0
2018-07-10 21:06:04  0.0
2018-07-10 21:21:04  0.4
Setpoints:
[[74.0, 78.0], [74.0, 78.0], [60.0, 85.0], [60.0, 85.0], [60.0, 85.0], [60.0, 85.0], [60.0, 85.0], [60.0, 85.0], [60.0, 85.0], [60.0, 85.0], [60.0, 85.0], [60.0, 85.0], [60.0, 85.0], [60.0, 85.0], [60.0, 85.0], [60.0, 85.0], [60.0, 85.0]]
Time needed to calculate the shortest path:
46.787391901


2018-07-11 00:51:04
MPC Actions: ['0', '0', '0', '0', '0', '0', '0', '0', '0', '0', '0', '0', '0', '0', '0', '0']
Temperatures following the MPC path:
[76.0, 76.025, 76.05, 76.075, 76.10000000000001, 76.125, 76.15, 76.175, 76.2, 76.22500000000001, 76.22500000000001, 76.22500000000001, 76.22500000000001, 76.22500000000001, 76.22500000000001, 76.22500000000001, 76.22500000000001]
Safety Constraints:
[[54.0, 86.0], [54.0, 86.0], [54.0, 86.0], [54.0, 86.0], [54.0, 86.0], [54.0, 86.0], [54.0, 86.0], [54.0, 86.0], [54.0, 86.0], [54.0, 86.0], [54.0, 86.0], [54.0, 86.0], [54.0, 86.0], [54.0, 86.0], [54.0, 86.0], [54.0, 86.0], [54.0, 86.0]]
Prices:
[0.6, 0.6, 0.6, 0.6, 0.6, 0.24, 0.24, 0.24, 0.24, 0.24, 0.24, 0.24, 0.24, 0.24, 0.24, 0.24, 0.24, 0.24, 0.24, 0.21, 0.21]
Occ Predictions:
                       0
2018-07-10 17:36:04  0.0
2018-07-10 17:51:04  0.0
2018-07-10 18:06:04  0.0
2018-07-10 18:21:04  0.0
2018-07-10 18:36:04  0.0
2018-07-10 18:51:04  0.2
2018-07-10 19:06:04  0.0
2018-07-10 19:21:04  0.0
2018-07-10 19:36:04  0.2
2018-07-10 19:51:04  0.0
2018-07-10 20:06:04  0.0
2018-07-10 20:21:04  0.2
2018-07-10 20:36:04  0.2
2018-07-10 20:51:04  0.0
2018-07-10 21:06:04  0.0
2018-07-10 21:21:04  0.4
2018-07-10 21:36:04  0.0
Setpoints:
[[74.0, 78.0], [60.0, 85.0], [60.0, 85.0], [60.0, 85.0], [60.0, 85.0], [60.0, 85.0], [60.0, 85.0], [60.0, 85.0], [60.0, 85.0], [60.0, 85.0], [60.0, 85.0], [60.0, 85.0], [60.0, 85.0], [60.0, 85.0], [60.0, 85.0], [60.0, 85.0], [60.0, 85.0]]
Time needed to calculate the shortest path:
49.7021319866


2018-07-11 01:06:04
MPC Actions: ['0', '0', '0', '0', '0', '0', '0', '0', '0', '0', '0', '0', '0', '0', '0', '0']
Temperatures following the MPC path:
[75.9, 75.925, 75.95, 75.97500000000001, 76.0, 76.025, 76.05, 76.075, 76.10000000000001, 76.10000000000001, 76.10000000000001, 76.10000000000001, 76.10000000000001, 76.10000000000001, 76.10000000000001, 76.10000000000001, 76.10000000000001]
Safety Constraints:
[[54.0, 86.0], [54.0, 86.0], [54.0, 86.0], [54.0, 86.0], [54.0, 86.0], [54.0, 86.0], [54.0, 86.0], [54.0, 86.0], [54.0, 86.0], [54.0, 86.0], [54.0, 86.0], [54.0, 86.0], [54.0, 86.0], [54.0, 86.0], [54.0, 86.0], [54.0, 86.0], [54.0, 86.0]]
Prices:
[0.24, 0.24, 0.24, 0.24, 0.24, 0.24, 0.24, 0.24, 0.24, 0.24, 0.24, 0.24, 0.24, 0.24, 0.21, 0.21, 0.21]
Occ Predictions:
                       0
2018-07-10 17:51:04  0.0
2018-07-10 18:06:04  0.0
2018-07-10 18:21:04  0.0
2018-07-10 18:36:04  0.0
2018-07-10 18:51:04  0.2
2018-07-10 19:06:04  0.0
2018-07-10 19:21:04  0.0
2018-07-10 19:36:04  0.2
2018-07-10 19:51:04  0.0
2018-07-10 20:06:04  0.0
2018-07-10 20:21:04  0.2
2018-07-10 20:36:04  0.2
2018-07-10 20:51:04  0.0
2018-07-10 21:06:04  0.0
2018-07-10 21:21:04  0.4
2018-07-10 21:36:04  0.0
2018-07-10 21:51:04  0.0
Setpoints:
[[60.0, 85.0], [60.0, 85.0], [60.0, 85.0], [60.0, 85.0], [60.0, 85.0], [60.0, 85.0], [60.0, 85.0], [60.0, 85.0], [60.0, 85.0], [60.0, 85.0], [60.0, 85.0], [60.0, 85.0], [60.0, 85.0], [60.0, 85.0], [60.0, 85.0], [60.0, 85.0], [60.0, 85.0]]
Time needed to calculate the shortest path:
53.483921051


2018-07-11 01:21:04
MPC Actions: ['0', '0', '0', '0', '0', '0', '0', '0', '0', '0', '0', '0', '0', '0', '0', '0']
Temperatures following the MPC path:
[75.9, 75.925, 75.95, 75.97500000000001, 76.0, 76.025, 76.05, 76.075, 76.075, 76.075, 76.075, 76.075, 76.075, 76.075, 76.075, 76.075, 76.075]
Safety Constraints:
[[54.0, 86.0], [54.0, 86.0], [54.0, 86.0], [54.0, 86.0], [54.0, 86.0], [54.0, 86.0], [54.0, 86.0], [54.0, 86.0], [54.0, 86.0], [54.0, 86.0], [54.0, 86.0], [54.0, 86.0], [54.0, 86.0], [54.0, 86.0], [54.0, 86.0], [54.0, 86.0], [54.0, 86.0]]
Prices:
[0.24, 0.24, 0.24, 0.24, 0.24, 0.24, 0.24, 0.24, 0.24, 0.24, 0.24, 0.24, 0.24, 0.21, 0.21, 0.21, 0.21]
Occ Predictions:
                       0
2018-07-10 18:06:04  0.0
2018-07-10 18:21:04  0.0
2018-07-10 18:36:04  0.0
2018-07-10 18:51:04  0.2
2018-07-10 19:06:04  0.0
2018-07-10 19:21:04  0.0
2018-07-10 19:36:04  0.2
2018-07-10 19:51:04  0.0
2018-07-10 20:06:04  0.0
2018-07-10 20:21:04  0.2
2018-07-10 20:36:04  0.2
2018-07-10 20:51:04  0.0
2018-07-10 21:06:04  0.0
2018-07-10 21:21:04  0.4
2018-07-10 21:36:04  0.0
2018-07-10 21:51:04  0.0
2018-07-10 22:06:04  0.0
Setpoints:
[[60.0, 85.0], [60.0, 85.0], [60.0, 85.0], [60.0, 85.0], [60.0, 85.0], [60.0, 85.0], [60.0, 85.0], [60.0, 85.0], [60.0, 85.0], [60.0, 85.0], [60.0, 85.0], [60.0, 85.0], [60.0, 85.0], [60.0, 85.0], [60.0, 85.0], [60.0, 85.0], [60.0, 85.0]]
Time needed to calculate the shortest path:
54.9119501114


2018-07-11 01:36:04
MPC Actions: ['0', '0', '0', '0', '0', '0', '0', '0', '0', '0', '0', '0', '0', '0', '0', '0']
Temperatures following the MPC path:
[75.8, 75.825, 75.85000000000001, 75.875, 75.9, 75.925, 75.95, 75.95, 75.95, 75.95, 75.95, 75.95, 75.95, 75.95, 75.95, 75.95, 75.95]
Safety Constraints:
[[54.0, 86.0], [54.0, 86.0], [54.0, 86.0], [54.0, 86.0], [54.0, 86.0], [54.0, 86.0], [54.0, 86.0], [54.0, 86.0], [54.0, 86.0], [54.0, 86.0], [54.0, 86.0], [54.0, 86.0], [54.0, 86.0], [54.0, 86.0], [54.0, 86.0], [54.0, 86.0], [54.0, 86.0]]
Prices:
[0.24, 0.24, 0.24, 0.24, 0.24, 0.24, 0.24, 0.24, 0.24, 0.24, 0.24, 0.24, 0.21, 0.21, 0.21, 0.21, 0.21]
Occ Predictions:
                       0
2018-07-10 18:21:04  0.0
2018-07-10 18:36:04  0.0
2018-07-10 18:51:04  0.2
2018-07-10 19:06:04  0.0
2018-07-10 19:21:04  0.0
2018-07-10 19:36:04  0.2
2018-07-10 19:51:04  0.0
2018-07-10 20:06:04  0.0
2018-07-10 20:21:04  0.2
2018-07-10 20:36:04  0.2
2018-07-10 20:51:04  0.0
2018-07-10 21:06:04  0.0
2018-07-10 21:21:04  0.4
2018-07-10 21:36:04  0.0
2018-07-10 21:51:04  0.0
2018-07-10 22:06:04  0.0
2018-07-10 22:21:04  0.2
Setpoints:
[[60.0, 85.0], [60.0, 85.0], [60.0, 85.0], [60.0, 85.0], [60.0, 85.0], [60.0, 85.0], [60.0, 85.0], [60.0, 85.0], [60.0, 85.0], [60.0, 85.0], [60.0, 85.0], [60.0, 85.0], [60.0, 85.0], [60.0, 85.0], [60.0, 85.0], [60.0, 85.0], [60.0, 85.0]]
Time needed to calculate the shortest path:
47.2742168903


2018-07-11 01:51:04
MPC Actions: ['0', '0', '0', '0', '0', '0', '0', '0', '0', '0', '0', '0', '0', '0', '0', '0']
Temperatures following the MPC path:
[75.8, 75.825, 75.85000000000001, 75.875, 75.9, 75.925, 75.925, 75.925, 75.925, 75.925, 75.925, 75.925, 75.925, 75.925, 75.925, 75.925, 75.925]
Safety Constraints:
[[54.0, 86.0], [54.0, 86.0], [54.0, 86.0], [54.0, 86.0], [54.0, 86.0], [54.0, 86.0], [54.0, 86.0], [54.0, 86.0], [54.0, 86.0], [54.0, 86.0], [54.0, 86.0], [54.0, 86.0], [54.0, 86.0], [54.0, 86.0], [54.0, 86.0], [54.0, 86.0], [54.0, 86.0]]
Prices:
[0.24, 0.24, 0.24, 0.24, 0.24, 0.24, 0.24, 0.24, 0.24, 0.24, 0.24, 0.21, 0.21, 0.21, 0.21, 0.21, 0.21]
Occ Predictions:
                       0
2018-07-10 18:36:04  0.0
2018-07-10 18:51:04  0.2
2018-07-10 19:06:04  0.0
2018-07-10 19:21:04  0.0
2018-07-10 19:36:04  0.2
2018-07-10 19:51:04  0.0
2018-07-10 20:06:04  0.0
2018-07-10 20:21:04  0.2
2018-07-10 20:36:04  0.2
2018-07-10 20:51:04  0.0
2018-07-10 21:06:04  0.0
2018-07-10 21:21:04  0.4
2018-07-10 21:36:04  0.0
2018-07-10 21:51:04  0.0
2018-07-10 22:06:04  0.0
2018-07-10 22:21:04  0.2
2018-07-10 22:36:04  0.0
Setpoints:
[[60.0, 85.0], [60.0, 85.0], [60.0, 85.0], [60.0, 85.0], [60.0, 85.0], [60.0, 85.0], [60.0, 85.0], [60.0, 85.0], [60.0, 85.0], [60.0, 85.0], [60.0, 85.0], [60.0, 85.0], [60.0, 85.0], [60.0, 85.0], [60.0, 85.0], [60.0, 85.0], [60.0, 85.0]]
Time needed to calculate the shortest path:
48.3472139835


2018-07-11 02:06:04
MPC Actions: ['0', '0', '0', '0', '0', '0', '0', '0', '0', '0', '0', '0', '0', '0', '0', '0']
Temperatures following the MPC path:
[75.8, 75.825, 75.85000000000001, 75.875, 75.9, 75.9, 75.9, 75.9, 75.9, 75.9, 75.9, 75.9, 75.9, 75.9, 75.9, 75.9, 75.9]
Safety Constraints:
[[54.0, 86.0], [54.0, 86.0], [54.0, 86.0], [54.0, 86.0], [54.0, 86.0], [54.0, 86.0], [54.0, 86.0], [54.0, 86.0], [54.0, 86.0], [54.0, 86.0], [54.0, 86.0], [54.0, 86.0], [54.0, 86.0], [54.0, 86.0], [54.0, 86.0], [54.0, 86.0], [54.0, 86.0]]
Prices:
[0.24, 0.24, 0.24, 0.24, 0.24, 0.24, 0.24, 0.24, 0.24, 0.24, 0.21, 0.21, 0.21, 0.21, 0.21, 0.21, 0.21]
Occ Predictions:
                       0
2018-07-10 18:51:04  0.0
2018-07-10 19:06:04  0.0
2018-07-10 19:21:04  0.0
2018-07-10 19:36:04  0.2
2018-07-10 19:51:04  0.0
2018-07-10 20:06:04  0.0
2018-07-10 20:21:04  0.2
2018-07-10 20:36:04  0.2
2018-07-10 20:51:04  0.0
2018-07-10 21:06:04  0.0
2018-07-10 21:21:04  0.4
2018-07-10 21:36:04  0.0
2018-07-10 21:51:04  0.0
2018-07-10 22:06:04  0.0
2018-07-10 22:21:04  0.2
2018-07-10 22:36:04  0.0
2018-07-10 22:51:04  0.0
Setpoints:
[[60.0, 85.0], [60.0, 85.0], [60.0, 85.0], [60.0, 85.0], [60.0, 85.0], [60.0, 85.0], [60.0, 85.0], [60.0, 85.0], [60.0, 85.0], [60.0, 85.0], [60.0, 85.0], [60.0, 85.0], [60.0, 85.0], [60.0, 85.0], [60.0, 85.0], [60.0, 85.0], [60.0, 85.0]]
Time needed to calculate the shortest path:
41.8391919136


2018-07-11 02:21:04
MPC Actions: ['0', '0', '0', '0', '0', '0', '0', '0', '0', '0', '0', '0', '0', '0', '0', '0']
Temperatures following the MPC path:
[75.8, 75.825, 75.85000000000001, 75.875, 75.875, 75.875, 75.875, 75.875, 75.875, 75.875, 75.875, 75.875, 75.875, 75.875, 75.875, 75.875, 75.875]
Safety Constraints:
[[54.0, 86.0], [54.0, 86.0], [54.0, 86.0], [54.0, 86.0], [54.0, 86.0], [54.0, 86.0], [54.0, 86.0], [54.0, 86.0], [54.0, 86.0], [54.0, 86.0], [54.0, 86.0], [54.0, 86.0], [54.0, 86.0], [54.0, 86.0], [54.0, 86.0], [54.0, 86.0], [54.0, 86.0]]
Prices:
[0.24, 0.24, 0.24, 0.24, 0.24, 0.24, 0.24, 0.24, 0.24, 0.21, 0.21, 0.21, 0.21, 0.21, 0.21, 0.21, 0.21]
Occ Predictions:
                       0
2018-07-10 19:06:04  0.0
2018-07-10 19:21:04  0.0
2018-07-10 19:36:04  0.2
2018-07-10 19:51:04  0.0
2018-07-10 20:06:04  0.0
2018-07-10 20:21:04  0.2
2018-07-10 20:36:04  0.2
2018-07-10 20:51:04  0.0
2018-07-10 21:06:04  0.0
2018-07-10 21:21:04  0.4
2018-07-10 21:36:04  0.0
2018-07-10 21:51:04  0.0
2018-07-10 22:06:04  0.0
2018-07-10 22:21:04  0.2
2018-07-10 22:36:04  0.0
2018-07-10 22:51:04  0.0
2018-07-10 23:06:04  0.0
Setpoints:
[[60.0, 85.0], [60.0, 85.0], [60.0, 85.0], [60.0, 85.0], [60.0, 85.0], [60.0, 85.0], [60.0, 85.0], [60.0, 85.0], [60.0, 85.0], [60.0, 85.0], [60.0, 85.0], [60.0, 85.0], [60.0, 85.0], [60.0, 85.0], [60.0, 85.0], [60.0, 85.0], [60.0, 85.0]]
Time needed to calculate the shortest path:
38.622756958


2018-07-11 02:36:04
MPC Actions: ['0', '0', '0', '0', '0', '0', '0', '0', '0', '0', '0', '0', '0', '0', '0', '0']
Temperatures following the MPC path:
[75.7, 75.72500000000001, 75.75, 75.75, 75.75, 75.75, 75.75, 75.75, 75.75, 75.75, 75.75, 75.75, 75.75, 75.75, 75.75, 75.75, 75.75]
Safety Constraints:
[[54.0, 86.0], [54.0, 86.0], [54.0, 86.0], [54.0, 86.0], [54.0, 86.0], [54.0, 86.0], [54.0, 86.0], [54.0, 86.0], [54.0, 86.0], [54.0, 86.0], [54.0, 86.0], [54.0, 86.0], [54.0, 86.0], [54.0, 86.0], [54.0, 86.0], [54.0, 86.0], [54.0, 86.0]]
Prices:
[0.24, 0.24, 0.24, 0.24, 0.24, 0.24, 0.24, 0.24, 0.21, 0.21, 0.21, 0.21, 0.21, 0.21, 0.21, 0.21, 0.21]
Occ Predictions:
                       0
2018-07-10 19:21:04  0.0
2018-07-10 19:36:04  0.2
2018-07-10 19:51:04  0.0
2018-07-10 20:06:04  0.0
2018-07-10 20:21:04  0.2
2018-07-10 20:36:04  0.2
2018-07-10 20:51:04  0.0
2018-07-10 21:06:04  0.0
2018-07-10 21:21:04  0.4
2018-07-10 21:36:04  0.0
2018-07-10 21:51:04  0.0
2018-07-10 22:06:04  0.0
2018-07-10 22:21:04  0.2
2018-07-10 22:36:04  0.0
2018-07-10 22:51:04  0.0
2018-07-10 23:06:04  0.0
2018-07-10 23:21:04  0.0
Setpoints:
[[60.0, 85.0], [60.0, 85.0], [60.0, 85.0], [60.0, 85.0], [60.0, 85.0], [60.0, 85.0], [60.0, 85.0], [60.0, 85.0], [60.0, 85.0], [60.0, 85.0], [60.0, 85.0], [60.0, 85.0], [60.0, 85.0], [60.0, 85.0], [60.0, 85.0], [60.0, 85.0], [60.0, 85.0]]
Time needed to calculate the shortest path:
29.2803449631


2018-07-11 02:51:04
MPC Actions: ['0', '0', '0', '0', '0', '0', '0', '0', '0', '0', '0', '0', '0', '0', '0', '0']
Temperatures following the MPC path:
[75.5, 75.525, 75.525, 75.525, 75.525, 75.525, 75.525, 75.525, 75.525, 75.525, 75.525, 75.525, 75.525, 75.525, 75.525, 75.525, 75.525]
Safety Constraints:
[[54.0, 86.0], [54.0, 86.0], [54.0, 86.0], [54.0, 86.0], [54.0, 86.0], [54.0, 86.0], [54.0, 86.0], [54.0, 86.0], [54.0, 86.0], [54.0, 86.0], [54.0, 86.0], [54.0, 86.0], [54.0, 86.0], [54.0, 86.0], [54.0, 86.0], [54.0, 86.0], [54.0, 86.0]]
Prices:
[0.24, 0.24, 0.24, 0.24, 0.24, 0.24, 0.24, 0.21, 0.21, 0.21, 0.21, 0.21, 0.21, 0.21, 0.21, 0.21, 0.21]
Occ Predictions:
                       0
2018-07-10 19:36:04  0.0
2018-07-10 19:51:04  0.0
2018-07-10 20:06:04  0.0
2018-07-10 20:21:04  0.2
2018-07-10 20:36:04  0.2
2018-07-10 20:51:04  0.0
2018-07-10 21:06:04  0.0
2018-07-10 21:21:04  0.4
2018-07-10 21:36:04  0.0
2018-07-10 21:51:04  0.0
2018-07-10 22:06:04  0.0
2018-07-10 22:21:04  0.2
2018-07-10 22:36:04  0.0
2018-07-10 22:51:04  0.0
2018-07-10 23:06:04  0.0
2018-07-10 23:21:04  0.0
2018-07-10 23:36:04  0.0
Setpoints:
[[60.0, 85.0], [60.0, 85.0], [60.0, 85.0], [60.0, 85.0], [60.0, 85.0], [60.0, 85.0], [60.0, 85.0], [60.0, 85.0], [60.0, 85.0], [60.0, 85.0], [60.0, 85.0], [60.0, 85.0], [60.0, 85.0], [60.0, 85.0], [60.0, 85.0], [60.0, 85.0], [60.0, 85.0]]
Time needed to calculate the shortest path:
28.605230093


2018-07-11 03:06:04
MPC Actions: ['0', '0', '0', '0', '0', '0', '0', '0', '0', '0', '0', '0', '0', '0', '0', '0']
Temperatures following the MPC path:
[75.5, 75.5, 75.5, 75.5, 75.5, 75.5, 75.5, 75.5, 75.5, 75.5, 75.5, 75.5, 75.5, 75.5, 75.5, 75.5, 75.5]
Safety Constraints:
[[54.0, 86.0], [54.0, 86.0], [54.0, 86.0], [54.0, 86.0], [54.0, 86.0], [54.0, 86.0], [54.0, 86.0], [54.0, 86.0], [54.0, 86.0], [54.0, 86.0], [54.0, 86.0], [54.0, 86.0], [54.0, 86.0], [54.0, 86.0], [54.0, 86.0], [54.0, 86.0], [54.0, 86.0]]
Prices:
[0.24, 0.24, 0.24, 0.24, 0.24, 0.24, 0.21, 0.21, 0.21, 0.21, 0.21, 0.21, 0.21, 0.21, 0.21, 0.21, 0.21]
Occ Predictions:
                       0
2018-07-10 19:51:04  0.0
2018-07-10 20:06:04  0.0
2018-07-10 20:21:04  0.2
2018-07-10 20:36:04  0.2
2018-07-10 20:51:04  0.0
2018-07-10 21:06:04  0.0
2018-07-10 21:21:04  0.4
2018-07-10 21:36:04  0.0
2018-07-10 21:51:04  0.0
2018-07-10 22:06:04  0.0
2018-07-10 22:21:04  0.2
2018-07-10 22:36:04  0.0
2018-07-10 22:51:04  0.0
2018-07-10 23:06:04  0.0
2018-07-10 23:21:04  0.0
2018-07-10 23:36:04  0.0
2018-07-10 23:51:04  0.2
Setpoints:
[[60.0, 85.0], [60.0, 85.0], [60.0, 85.0], [60.0, 85.0], [60.0, 85.0], [60.0, 85.0], [60.0, 85.0], [60.0, 85.0], [60.0, 85.0], [60.0, 85.0], [60.0, 85.0], [60.0, 85.0], [60.0, 85.0], [60.0, 85.0], [60.0, 85.0], [60.0, 85.0], [60.0, 85.0]]
Time needed to calculate the shortest path:
26.295634985


2018-07-11 03:21:04
MPC Actions: ['0', '0', '0', '0', '0', '0', '0', '0', '0', '0', '0', '0', '0', '0', '0', '0']
Temperatures following the MPC path:
[75.3, 75.3, 75.3, 75.3, 75.3, 75.3, 75.3, 75.3, 75.3, 75.3, 75.3, 75.3, 75.3, 75.3, 75.3, 75.3, 75.275]
Safety Constraints:
[[54.0, 86.0], [54.0, 86.0], [54.0, 86.0], [54.0, 86.0], [54.0, 86.0], [54.0, 86.0], [54.0, 86.0], [54.0, 86.0], [54.0, 86.0], [54.0, 86.0], [54.0, 86.0], [54.0, 86.0], [54.0, 86.0], [54.0, 86.0], [54.0, 86.0], [54.0, 86.0], [54.0, 86.0]]
Prices:
[0.24, 0.24, 0.24, 0.24, 0.24, 0.21, 0.21, 0.21, 0.21, 0.21, 0.21, 0.21, 0.21, 0.21, 0.21, 0.21, 0.21]
Occ Predictions:
                       0
2018-07-10 20:06:04  1.0
2018-07-10 20:21:04  0.2
2018-07-10 20:36:04  0.2
2018-07-10 20:51:04  0.0
2018-07-10 21:06:04  0.0
2018-07-10 21:21:04  0.4
2018-07-10 21:36:04  0.0
2018-07-10 21:51:04  0.0
2018-07-10 22:06:04  0.0
2018-07-10 22:21:04  0.2
2018-07-10 22:36:04  0.0
2018-07-10 22:51:04  0.0
2018-07-10 23:06:04  0.0
2018-07-10 23:21:04  0.0
2018-07-10 23:36:04  0.0
2018-07-10 23:51:04  0.2
2018-07-11 00:06:04  0.2
Setpoints:
[[60.0, 85.0], [60.0, 85.0], [60.0, 85.0], [60.0, 85.0], [60.0, 85.0], [60.0, 85.0], [60.0, 85.0], [60.0, 85.0], [60.0, 85.0], [60.0, 85.0], [60.0, 85.0], [60.0, 85.0], [60.0, 85.0], [60.0, 85.0], [60.0, 85.0], [60.0, 85.0], [60.0, 85.0]]
Time needed to calculate the shortest path:
24.7530040741


2018-07-11 03:36:04
MPC Actions: ['0', '0', '0', '0', '0', '0', '0', '0', '0', '0', '0', '0', '0', '0', '0', '0']
Temperatures following the MPC path:
[75.3, 75.3, 75.3, 75.3, 75.3, 75.3, 75.3, 75.3, 75.3, 75.3, 75.3, 75.3, 75.3, 75.3, 75.3, 75.275, 75.25]
Safety Constraints:
[[54.0, 86.0], [54.0, 86.0], [54.0, 86.0], [54.0, 86.0], [54.0, 86.0], [54.0, 86.0], [54.0, 86.0], [54.0, 86.0], [54.0, 86.0], [54.0, 86.0], [54.0, 86.0], [54.0, 86.0], [54.0, 86.0], [54.0, 86.0], [54.0, 86.0], [54.0, 86.0], [54.0, 86.0]]
Prices:
[0.24, 0.24, 0.24, 0.24, 0.21, 0.21, 0.21, 0.21, 0.21, 0.21, 0.21, 0.21, 0.21, 0.21, 0.21, 0.21, 0.21]
Occ Predictions:
                       0
2018-07-10 20:21:04  0.0
2018-07-10 20:36:04  0.2
2018-07-10 20:51:04  0.0
2018-07-10 21:06:04  0.0
2018-07-10 21:21:04  0.4
2018-07-10 21:36:04  0.0
2018-07-10 21:51:04  0.0
2018-07-10 22:06:04  0.0
2018-07-10 22:21:04  0.2
2018-07-10 22:36:04  0.0
2018-07-10 22:51:04  0.0
2018-07-10 23:06:04  0.0
2018-07-10 23:21:04  0.0
2018-07-10 23:36:04  0.0
2018-07-10 23:51:04  0.2
2018-07-11 00:06:04  0.2
2018-07-11 00:21:04  0.2
Setpoints:
[[60.0, 85.0], [60.0, 85.0], [60.0, 85.0], [60.0, 85.0], [60.0, 85.0], [60.0, 85.0], [60.0, 85.0], [60.0, 85.0], [60.0, 85.0], [60.0, 85.0], [60.0, 85.0], [60.0, 85.0], [60.0, 85.0], [60.0, 85.0], [60.0, 85.0], [60.0, 85.0], [60.0, 85.0]]
Time needed to calculate the shortest path:
22.0255670547


2018-07-11 03:51:04
MPC Actions: ['0', '0', '0', '0', '0', '0', '0', '0', '0', '0', '0', '0', '0', '0', '0', '0']
Temperatures following the MPC path:
[75.3, 75.3, 75.3, 75.3, 75.3, 75.3, 75.3, 75.3, 75.3, 75.3, 75.3, 75.3, 75.3, 75.3, 75.275, 75.25, 75.22500000000001]
Safety Constraints:
[[54.0, 86.0], [54.0, 86.0], [54.0, 86.0], [54.0, 86.0], [54.0, 86.0], [54.0, 86.0], [54.0, 86.0], [54.0, 86.0], [54.0, 86.0], [54.0, 86.0], [54.0, 86.0], [54.0, 86.0], [54.0, 86.0], [54.0, 86.0], [54.0, 86.0], [54.0, 86.0], [54.0, 86.0]]
Prices:
[0.24, 0.24, 0.24, 0.21, 0.21, 0.21, 0.21, 0.21, 0.21, 0.21, 0.21, 0.21, 0.21, 0.21, 0.21, 0.21, 0.21]
Occ Predictions:
                       0
2018-07-10 20:36:04  0.0
2018-07-10 20:51:04  0.0
2018-07-10 21:06:04  0.0
2018-07-10 21:21:04  0.4
2018-07-10 21:36:04  0.0
2018-07-10 21:51:04  0.0
2018-07-10 22:06:04  0.0
2018-07-10 22:21:04  0.2
2018-07-10 22:36:04  0.0
2018-07-10 22:51:04  0.0
2018-07-10 23:06:04  0.0
2018-07-10 23:21:04  0.0
2018-07-10 23:36:04  0.0
2018-07-10 23:51:04  0.2
2018-07-11 00:06:04  0.2
2018-07-11 00:21:04  0.2
2018-07-11 00:36:04  0.0
Setpoints:
[[60.0, 85.0], [60.0, 85.0], [60.0, 85.0], [60.0, 85.0], [60.0, 85.0], [60.0, 85.0], [60.0, 85.0], [60.0, 85.0], [60.0, 85.0], [60.0, 85.0], [60.0, 85.0], [60.0, 85.0], [60.0, 85.0], [60.0, 85.0], [60.0, 85.0], [60.0, 85.0], [60.0, 85.0]]
Time needed to calculate the shortest path:
21.0725109577


2018-07-11 04:06:04
MPC Actions: ['0', '0', '0', '0', '0', '0', '0', '0', '0', '0', '0', '0', '0', '0', '0', '0']
Temperatures following the MPC path:
[75.3, 75.3, 75.3, 75.3, 75.3, 75.3, 75.3, 75.3, 75.3, 75.3, 75.3, 75.3, 75.3, 75.275, 75.25, 75.22500000000001, 75.2]
Safety Constraints:
[[54.0, 86.0], [54.0, 86.0], [54.0, 86.0], [54.0, 86.0], [54.0, 86.0], [54.0, 86.0], [54.0, 86.0], [54.0, 86.0], [54.0, 86.0], [54.0, 86.0], [54.0, 86.0], [54.0, 86.0], [54.0, 86.0], [54.0, 86.0], [54.0, 86.0], [54.0, 86.0], [54.0, 86.0]]
Prices:
[0.24, 0.24, 0.21, 0.21, 0.21, 0.21, 0.21, 0.21, 0.21, 0.21, 0.21, 0.21, 0.21, 0.21, 0.21, 0.21, 0.21]
Occ Predictions:
                       0
2018-07-10 20:51:04  0.0
2018-07-10 21:06:04  0.0
2018-07-10 21:21:04  0.4
2018-07-10 21:36:04  0.0
2018-07-10 21:51:04  0.0
2018-07-10 22:06:04  0.0
2018-07-10 22:21:04  0.2
2018-07-10 22:36:04  0.0
2018-07-10 22:51:04  0.0
2018-07-10 23:06:04  0.0
2018-07-10 23:21:04  0.0
2018-07-10 23:36:04  0.0
2018-07-10 23:51:04  0.2
2018-07-11 00:06:04  0.2
2018-07-11 00:21:04  0.2
2018-07-11 00:36:04  0.0
2018-07-11 00:51:04  0.0
Setpoints:
[[60.0, 85.0], [60.0, 85.0], [60.0, 85.0], [60.0, 85.0], [60.0, 85.0], [60.0, 85.0], [60.0, 85.0], [60.0, 85.0], [60.0, 85.0], [60.0, 85.0], [60.0, 85.0], [60.0, 85.0], [60.0, 85.0], [60.0, 85.0], [60.0, 85.0], [60.0, 85.0], [60.0, 85.0]]
Time needed to calculate the shortest path:
19.8291780949


2018-07-11 04:21:04
MPC Actions: ['0', '0', '0', '0', '0', '0', '0', '0', '0', '0', '0', '0', '0', '0', '0', '0']
Temperatures following the MPC path:
[75.0, 75.0, 75.0, 75.0, 75.0, 75.0, 75.0, 75.0, 75.0, 75.0, 75.0, 75.0, 75.0, 75.0, 75.0, 75.0, 74.97500000000001]
Safety Constraints:
[[54.0, 86.0], [54.0, 86.0], [54.0, 86.0], [54.0, 86.0], [54.0, 86.0], [54.0, 86.0], [54.0, 86.0], [54.0, 86.0], [54.0, 86.0], [54.0, 86.0], [54.0, 86.0], [54.0, 86.0], [54.0, 86.0], [54.0, 86.0], [54.0, 86.0], [54.0, 86.0], [54.0, 86.0]]
Prices:
[0.24, 0.21, 0.21, 0.21, 0.21, 0.21, 0.21, 0.21, 0.21, 0.21, 0.21, 0.21, 0.21, 0.21, 0.21, 0.21, 0.21]
Occ Predictions:
                       0
2018-07-10 21:06:04  0.0
2018-07-10 21:21:04  0.4
2018-07-10 21:36:04  0.0
2018-07-10 21:51:04  0.0
2018-07-10 22:06:04  0.0
2018-07-10 22:21:04  0.2
2018-07-10 22:36:04  0.0
2018-07-10 22:51:04  0.0
2018-07-10 23:06:04  0.0
2018-07-10 23:21:04  0.0
2018-07-10 23:36:04  0.0
2018-07-10 23:51:04  0.2
2018-07-11 00:06:04  0.2
2018-07-11 00:21:04  0.2
2018-07-11 00:36:04  0.0
2018-07-11 00:51:04  0.0
2018-07-11 01:06:04  0.0
Setpoints:
[[60.0, 85.0], [60.0, 85.0], [60.0, 85.0], [60.0, 85.0], [60.0, 85.0], [60.0, 85.0], [60.0, 85.0], [60.0, 85.0], [60.0, 85.0], [60.0, 85.0], [60.0, 85.0], [60.0, 85.0], [60.0, 85.0], [60.0, 85.0], [60.0, 85.0], [60.0, 85.0], [60.0, 85.0]]
Time needed to calculate the shortest path:
17.7723760605


2018-07-11 04:36:04
MPC Actions: ['0', '0', '0', '0', '0', '0', '0', '0', '0', '0', '0', '0', '0', '0', '0', '0']
Temperatures following the MPC path:
[74.6, 74.60000000000001, 74.60000000000001, 74.60000000000001, 74.60000000000001, 74.60000000000001, 74.60000000000001, 74.60000000000001, 74.60000000000001, 74.60000000000001, 74.60000000000001, 74.60000000000001, 74.60000000000001, 74.60000000000001, 74.60000000000001, 74.575, 74.55]
Safety Constraints:
[[54.0, 86.0], [54.0, 86.0], [54.0, 86.0], [54.0, 86.0], [54.0, 86.0], [54.0, 86.0], [54.0, 86.0], [54.0, 86.0], [54.0, 86.0], [54.0, 86.0], [54.0, 86.0], [54.0, 86.0], [54.0, 86.0], [54.0, 86.0], [54.0, 86.0], [54.0, 86.0], [54.0, 86.0]]
Prices:
[0.21, 0.21, 0.21, 0.21, 0.21, 0.21, 0.21, 0.21, 0.21, 0.21, 0.21, 0.21, 0.21, 0.21, 0.21, 0.21, 0.21]
Occ Predictions:
                       0
2018-07-10 21:21:04  0.0
2018-07-10 21:36:04  0.0
2018-07-10 21:51:04  0.0
2018-07-10 22:06:04  0.0
2018-07-10 22:21:04  0.2
2018-07-10 22:36:04  0.0
2018-07-10 22:51:04  0.0
2018-07-10 23:06:04  0.0
2018-07-10 23:21:04  0.0
2018-07-10 23:36:04  0.0
2018-07-10 23:51:04  0.2
2018-07-11 00:06:04  0.2
2018-07-11 00:21:04  0.2
2018-07-11 00:36:04  0.0
2018-07-11 00:51:04  0.0
2018-07-11 01:06:04  0.0
2018-07-11 01:21:04  0.0
Setpoints:
[[60.0, 85.0], [60.0, 85.0], [60.0, 85.0], [60.0, 85.0], [60.0, 85.0], [60.0, 85.0], [60.0, 85.0], [60.0, 85.0], [60.0, 85.0], [60.0, 85.0], [60.0, 85.0], [60.0, 85.0], [60.0, 85.0], [60.0, 85.0], [60.0, 85.0], [60.0, 85.0], [60.0, 85.0]]
Time needed to calculate the shortest path:
19.4193630219


2018-07-11 04:51:04
MPC Actions: ['0', '0', '0', '0', '0', '0', '0', '0', '0', '0', '0', '0', '0', '0', '0', '0']
Temperatures following the MPC path:
[74.5, 74.5, 74.5, 74.5, 74.5, 74.5, 74.5, 74.5, 74.5, 74.5, 74.47500000000001, 74.45, 74.425, 74.4, 74.375, 74.35000000000001, 74.325]
Safety Constraints:
[[54.0, 86.0], [54.0, 86.0], [54.0, 86.0], [54.0, 86.0], [54.0, 86.0], [54.0, 86.0], [54.0, 86.0], [54.0, 86.0], [54.0, 86.0], [54.0, 86.0], [54.0, 86.0], [54.0, 86.0], [54.0, 86.0], [54.0, 86.0], [54.0, 86.0], [54.0, 86.0], [54.0, 86.0]]
Prices:
[0.21, 0.21, 0.21, 0.21, 0.21, 0.21, 0.21, 0.21, 0.21, 0.21, 0.21, 0.21, 0.21, 0.21, 0.21, 0.21, 0.21]
Occ Predictions:
                       0
2018-07-10 21:36:04  0.0
2018-07-10 21:51:04  0.0
2018-07-10 22:06:04  0.0
2018-07-10 22:21:04  0.2
2018-07-10 22:36:04  0.0
2018-07-10 22:51:04  0.0
2018-07-10 23:06:04  0.0
2018-07-10 23:21:04  0.0
2018-07-10 23:36:04  0.0
2018-07-10 23:51:04  0.2
2018-07-11 00:06:04  0.2
2018-07-11 00:21:04  0.2
2018-07-11 00:36:04  0.0
2018-07-11 00:51:04  0.0
2018-07-11 01:06:04  0.0
2018-07-11 01:21:04  0.0
2018-07-11 01:36:04  0.0
Setpoints:
[[60.0, 85.0], [60.0, 85.0], [60.0, 85.0], [60.0, 85.0], [60.0, 85.0], [60.0, 85.0], [60.0, 85.0], [60.0, 85.0], [60.0, 85.0], [60.0, 85.0], [60.0, 85.0], [60.0, 85.0], [60.0, 85.0], [60.0, 85.0], [60.0, 85.0], [60.0, 85.0], [60.0, 85.0]]
Time needed to calculate the shortest path:
17.1091258526


2018-07-11 05:06:04
MPC Actions: ['0', '0', '0', '0', '0', '0', '0', '0', '0', '0', '0', '0', '0', '0', '0', '0']
Temperatures following the MPC path:
[74.6, 74.60000000000001, 74.60000000000001, 74.60000000000001, 74.60000000000001, 74.60000000000001, 74.60000000000001, 74.60000000000001, 74.60000000000001, 74.575, 74.55, 74.525, 74.5, 74.47500000000001, 74.45, 74.425, 74.4]
Safety Constraints:
[[54.0, 86.0], [54.0, 86.0], [54.0, 86.0], [54.0, 86.0], [54.0, 86.0], [54.0, 86.0], [54.0, 86.0], [54.0, 86.0], [54.0, 86.0], [54.0, 86.0], [54.0, 86.0], [54.0, 86.0], [54.0, 86.0], [54.0, 86.0], [54.0, 86.0], [54.0, 86.0], [54.0, 86.0]]
Prices:
[0.21, 0.21, 0.21, 0.21, 0.21, 0.21, 0.21, 0.21, 0.21, 0.21, 0.21, 0.21, 0.21, 0.21, 0.21, 0.21, 0.21]
Occ Predictions:
                       0
2018-07-10 21:51:04  0.0
2018-07-10 22:06:04  0.0
2018-07-10 22:21:04  0.2
2018-07-10 22:36:04  0.0
2018-07-10 22:51:04  0.0
2018-07-10 23:06:04  0.0
2018-07-10 23:21:04  0.0
2018-07-10 23:36:04  0.0
2018-07-10 23:51:04  0.2
2018-07-11 00:06:04  0.2
2018-07-11 00:21:04  0.2
2018-07-11 00:36:04  0.0
2018-07-11 00:51:04  0.0
2018-07-11 01:06:04  0.0
2018-07-11 01:21:04  0.0
2018-07-11 01:36:04  0.0
2018-07-11 01:51:04  0.0
Setpoints:
[[60.0, 85.0], [60.0, 85.0], [60.0, 85.0], [60.0, 85.0], [60.0, 85.0], [60.0, 85.0], [60.0, 85.0], [60.0, 85.0], [60.0, 85.0], [60.0, 85.0], [60.0, 85.0], [60.0, 85.0], [60.0, 85.0], [60.0, 85.0], [60.0, 85.0], [60.0, 85.0], [60.0, 85.0]]
Time needed to calculate the shortest path:
17.342633009


2018-07-11 05:21:04
MPC Actions: ['0', '0', '0', '0', '0', '0', '0', '0', '0', '0', '0', '0', '0', '0', '0', '0']
Temperatures following the MPC path:
[74.5, 74.5, 74.5, 74.5, 74.5, 74.5, 74.5, 74.5, 74.5, 74.5, 74.5, 74.5, 74.47500000000001, 74.45, 74.425, 74.4, 74.375]
Safety Constraints:
[[54.0, 86.0], [54.0, 86.0], [54.0, 86.0], [54.0, 86.0], [54.0, 86.0], [54.0, 86.0], [54.0, 86.0], [54.0, 86.0], [54.0, 86.0], [54.0, 86.0], [54.0, 86.0], [54.0, 86.0], [54.0, 86.0], [54.0, 86.0], [54.0, 86.0], [54.0, 86.0], [54.0, 86.0]]
Prices:
[0.21, 0.21, 0.21, 0.21, 0.21, 0.21, 0.21, 0.21, 0.21, 0.21, 0.21, 0.21, 0.21, 0.21, 0.21, 0.21, 0.21]
Occ Predictions:
                       0
2018-07-10 22:06:04  0.0
2018-07-10 22:21:04  0.2
2018-07-10 22:36:04  0.0
2018-07-10 22:51:04  0.0
2018-07-10 23:06:04  0.0
2018-07-10 23:21:04  0.0
2018-07-10 23:36:04  0.0
2018-07-10 23:51:04  0.2
2018-07-11 00:06:04  0.2
2018-07-11 00:21:04  0.2
2018-07-11 00:36:04  0.0
2018-07-11 00:51:04  0.0
2018-07-11 01:06:04  0.0
2018-07-11 01:21:04  0.0
2018-07-11 01:36:04  0.0
2018-07-11 01:51:04  0.0
2018-07-11 02:06:04  0.0
Setpoints:
[[60.0, 85.0], [60.0, 85.0], [60.0, 85.0], [60.0, 85.0], [60.0, 85.0], [60.0, 85.0], [60.0, 85.0], [60.0, 85.0], [60.0, 85.0], [60.0, 85.0], [60.0, 85.0], [60.0, 85.0], [60.0, 85.0], [60.0, 85.0], [60.0, 85.0], [60.0, 85.0], [60.0, 85.0]]
Time needed to calculate the shortest path:
18.3680980206


2018-07-11 05:36:04
MPC Actions: ['0', '0', '0', '0', '0', '0', '0', '0', '0', '0', '0', '0', '0', '0', '0', '0']
Temperatures following the MPC path:
[74.6, 74.60000000000001, 74.60000000000001, 74.60000000000001, 74.60000000000001, 74.60000000000001, 74.60000000000001, 74.60000000000001, 74.60000000000001, 74.60000000000001, 74.60000000000001, 74.575, 74.55, 74.525, 74.5, 74.47500000000001, 74.45]
Safety Constraints:
[[54.0, 86.0], [54.0, 86.0], [54.0, 86.0], [54.0, 86.0], [54.0, 86.0], [54.0, 86.0], [54.0, 86.0], [54.0, 86.0], [54.0, 86.0], [54.0, 86.0], [54.0, 86.0], [54.0, 86.0], [54.0, 86.0], [54.0, 86.0], [54.0, 86.0], [54.0, 86.0], [54.0, 86.0]]
Prices:
[0.21, 0.21, 0.21, 0.21, 0.21, 0.21, 0.21, 0.21, 0.21, 0.21, 0.21, 0.21, 0.21, 0.21, 0.21, 0.21, 0.21]
Occ Predictions:
                       0
2018-07-10 22:21:04  0.0
2018-07-10 22:36:04  0.0
2018-07-10 22:51:04  0.0
2018-07-10 23:06:04  0.0
2018-07-10 23:21:04  0.0
2018-07-10 23:36:04  0.0
2018-07-10 23:51:04  0.2
2018-07-11 00:06:04  0.2
2018-07-11 00:21:04  0.2
2018-07-11 00:36:04  0.0
2018-07-11 00:51:04  0.0
2018-07-11 01:06:04  0.0
2018-07-11 01:21:04  0.0
2018-07-11 01:36:04  0.0
2018-07-11 01:51:04  0.0
2018-07-11 02:06:04  0.0
2018-07-11 02:21:04  0.0
Setpoints:
[[60.0, 85.0], [60.0, 85.0], [60.0, 85.0], [60.0, 85.0], [60.0, 85.0], [60.0, 85.0], [60.0, 85.0], [60.0, 85.0], [60.0, 85.0], [60.0, 85.0], [60.0, 85.0], [60.0, 85.0], [60.0, 85.0], [60.0, 85.0], [60.0, 85.0], [60.0, 85.0], [60.0, 85.0]]
Time needed to calculate the shortest path:
18.2135398388


2018-07-11 05:51:04
MPC Actions: ['0', '0', '0', '0', '0', '0', '0', '0', '0', '0', '0', '0', '0', '0', '0', '0']
Temperatures following the MPC path:
[74.3, 74.3, 74.3, 74.3, 74.3, 74.3, 74.3, 74.3, 74.3, 74.3, 74.275, 74.25, 74.22500000000001, 74.2, 74.175, 74.15, 74.125]
Safety Constraints:
[[54.0, 86.0], [54.0, 86.0], [54.0, 86.0], [54.0, 86.0], [54.0, 86.0], [54.0, 86.0], [54.0, 86.0], [54.0, 86.0], [54.0, 86.0], [54.0, 86.0], [54.0, 86.0], [54.0, 86.0], [54.0, 86.0], [54.0, 86.0], [54.0, 86.0], [54.0, 86.0], [54.0, 86.0]]
Prices:
[0.21, 0.21, 0.21, 0.21, 0.21, 0.21, 0.21, 0.21, 0.21, 0.21, 0.21, 0.21, 0.21, 0.21, 0.21, 0.21, 0.21]
Occ Predictions:
                       0
2018-07-10 22:36:04  0.0
2018-07-10 22:51:04  0.0
2018-07-10 23:06:04  0.0
2018-07-10 23:21:04  0.0
2018-07-10 23:36:04  0.0
2018-07-10 23:51:04  0.2
2018-07-11 00:06:04  0.2
2018-07-11 00:21:04  0.2
2018-07-11 00:36:04  0.0
2018-07-11 00:51:04  0.0
2018-07-11 01:06:04  0.0
2018-07-11 01:21:04  0.0
2018-07-11 01:36:04  0.0
2018-07-11 01:51:04  0.0
2018-07-11 02:06:04  0.0
2018-07-11 02:21:04  0.0
2018-07-11 02:36:04  0.0
Setpoints:
[[60.0, 85.0], [60.0, 85.0], [60.0, 85.0], [60.0, 85.0], [60.0, 85.0], [60.0, 85.0], [60.0, 85.0], [60.0, 85.0], [60.0, 85.0], [60.0, 85.0], [60.0, 85.0], [60.0, 85.0], [60.0, 85.0], [60.0, 85.0], [60.0, 85.0], [60.0, 85.0], [60.0, 85.0]]
Time needed to calculate the shortest path:
18.4706599712


2018-07-11 06:06:04
MPC Actions: ['0', '0', '0', '0', '0', '0', '0', '0', '0', '0', '0', '0', '0', '0', '0', '0']
Temperatures following the MPC path:
[74.4, 74.4, 74.4, 74.4, 74.4, 74.4, 74.4, 74.4, 74.4, 74.375, 74.35000000000001, 74.325, 74.3, 74.275, 74.25, 74.22500000000001, 74.2]
Safety Constraints:
[[54.0, 86.0], [54.0, 86.0], [54.0, 86.0], [54.0, 86.0], [54.0, 86.0], [54.0, 86.0], [54.0, 86.0], [54.0, 86.0], [54.0, 86.0], [54.0, 86.0], [54.0, 86.0], [54.0, 86.0], [54.0, 86.0], [54.0, 86.0], [54.0, 86.0], [54.0, 86.0], [54.0, 86.0]]
Prices:
[0.21, 0.21, 0.21, 0.21, 0.21, 0.21, 0.21, 0.21, 0.21, 0.21, 0.21, 0.21, 0.21, 0.21, 0.21, 0.21, 0.21]
Occ Predictions:
                       0
2018-07-10 22:51:04  0.0
2018-07-10 23:06:04  0.0
2018-07-10 23:21:04  0.0
2018-07-10 23:36:04  0.0
2018-07-10 23:51:04  0.2
2018-07-11 00:06:04  0.2
2018-07-11 00:21:04  0.2
2018-07-11 00:36:04  0.0
2018-07-11 00:51:04  0.0
2018-07-11 01:06:04  0.0
2018-07-11 01:21:04  0.0
2018-07-11 01:36:04  0.0
2018-07-11 01:51:04  0.0
2018-07-11 02:06:04  0.0
2018-07-11 02:21:04  0.0
2018-07-11 02:36:04  0.0
2018-07-11 02:51:04  0.0
Setpoints:
[[60.0, 85.0], [60.0, 85.0], [60.0, 85.0], [60.0, 85.0], [60.0, 85.0], [60.0, 85.0], [60.0, 85.0], [60.0, 85.0], [60.0, 85.0], [60.0, 85.0], [60.0, 85.0], [60.0, 85.0], [60.0, 85.0], [60.0, 85.0], [60.0, 85.0], [60.0, 85.0], [60.0, 85.0]]
Time needed to calculate the shortest path:
18.0360181332


2018-07-11 06:21:04
MPC Actions: ['0', '0', '0', '0', '0', '0', '0', '0', '0', '0', '0', '0', '0', '0', '0', '0']
Temperatures following the MPC path:
[74.6, 74.60000000000001, 74.60000000000001, 74.60000000000001, 74.60000000000001, 74.60000000000001, 74.60000000000001, 74.60000000000001, 74.575, 74.55, 74.525, 74.5, 74.47500000000001, 74.45, 74.425, 74.4, 74.375]
Safety Constraints:
[[54.0, 86.0], [54.0, 86.0], [54.0, 86.0], [54.0, 86.0], [54.0, 86.0], [54.0, 86.0], [54.0, 86.0], [54.0, 86.0], [54.0, 86.0], [54.0, 86.0], [54.0, 86.0], [54.0, 86.0], [54.0, 86.0], [54.0, 86.0], [54.0, 86.0], [54.0, 86.0], [54.0, 86.0]]
Prices:
[0.21, 0.21, 0.21, 0.21, 0.21, 0.21, 0.21, 0.21, 0.21, 0.21, 0.21, 0.21, 0.21, 0.21, 0.21, 0.21, 0.21]
Occ Predictions:
                       0
2018-07-10 23:06:04  0.0
2018-07-10 23:21:04  0.0
2018-07-10 23:36:04  0.0
2018-07-10 23:51:04  0.2
2018-07-11 00:06:04  0.2
2018-07-11 00:21:04  0.2
2018-07-11 00:36:04  0.0
2018-07-11 00:51:04  0.0
2018-07-11 01:06:04  0.0
2018-07-11 01:21:04  0.0
2018-07-11 01:36:04  0.0
2018-07-11 01:51:04  0.0
2018-07-11 02:06:04  0.0
2018-07-11 02:21:04  0.0
2018-07-11 02:36:04  0.0
2018-07-11 02:51:04  0.0
2018-07-11 03:06:04  0.0
Setpoints:
[[60.0, 85.0], [60.0, 85.0], [60.0, 85.0], [60.0, 85.0], [60.0, 85.0], [60.0, 85.0], [60.0, 85.0], [60.0, 85.0], [60.0, 85.0], [60.0, 85.0], [60.0, 85.0], [60.0, 85.0], [60.0, 85.0], [60.0, 85.0], [60.0, 85.0], [60.0, 85.0], [60.0, 85.0]]
Time needed to calculate the shortest path:
18.6919369698
