

2018-07-10 21:07:54
MPC Actions: ['0', '0', '0', '0', '0', '0', '0', '0', '0', '0', '0', '0', '0', '0', '0', '0']
Temperatures following the MPC path:
[73.0, 73.10000000000001, 73.2, 73.3, 73.4, 73.5, 73.60000000000001, 73.7, 73.8, 73.9, 74.0, 74.10000000000001, 74.2, 74.3, 74.4, 74.5, 74.60000000000001]
Safety Constraints:
[[68, 84], [68, 84], [68, 84], [68, 84], [68, 84], [68, 84], [68, 84], [68, 84], [68, 84], [68, 84], [68, 84], [68, 84], [68, 85], [68, 85], [68, 85], [68, 85], [68, 85]]
Prices:
[1.11766, 1.11766, 1.11766, 1.11766, 1.11766, 1.11766, 1.11766, 1.11766, 1.11766, 1.11766, 1.11766, 1.11766, 1.11766, 1.11766, 1.11766, 1.11766, 1.11766, 1.11766, 1.11766, 1.11766, 1.11766, 1.11766, 1.11766, 1.11766, 1.11766, 1.11766, 1.11766, 1.11766, 1.11766, 1.11766, 1.11766, 1.11766, 1.11766, 1.11766, 1.11766, 1.11766, 1.11766, 1.11766, 1.11766, 1.11766, 1.11766, 1.11766, 1.11766, 1.11766, 1.11766, 1.11766, 1.11766, 1.11766, 1.11766, 1.11766, 1.11766, 1.11766, 1.11766, 1.11766, 1.11766, 1.11766, 1.11766, 1.11766, 1.11766, 1.11766, 1.11766, 1.11766, 1.11766, 1.11766, 1.11766, 1.11766, 1.11766, 1.11766, 1.11766, 1.11766, 1.11766, 1.11766, 1.11766, 1.11766, 1.11766, 1.11766, 1.11766, 1.11766, 1.11766, 1.11766, 0.16253]
Occ Predictions:
[1, 1, 1, 1, 1, 1, 1, 1, 1, 1, 1, 1, 0, 0, 0, 0, 0]
Setpoints:
[[68, 78], [68, 78], [68, 78], [68, 78], [68, 78], [68, 78], [68, 78], [68, 78], [68, 78], [68, 78], [68, 78], [68, 78], [68, 80], [68, 80], [68, 80], [68, 80], [68, 80]]
Time needed to calculate the shortest path:
53.1462800503


2018-07-10 21:22:54
MPC Actions: ['0', '0', '0', '0', '0', '0', '0', '0', '0', '0', '0', '0', '0', '0', '0', '0']
Temperatures following the MPC path:
[74.0, 74.10000000000001, 74.175, 74.25, 74.35000000000001, 74.45, 74.55, 74.65, 74.75, 74.85000000000001, 74.95, 75.05, 75.15, 75.25, 75.35000000000001, 75.45, 75.525]
Safety Constraints:
[[68, 84], [68, 84], [68, 84], [68, 84], [68, 84], [68, 84], [68, 84], [68, 84], [68, 84], [68, 84], [68, 84], [68, 85], [68, 85], [68, 85], [68, 85], [68, 85], [68, 85]]
Prices:
[1.11766, 1.11766, 1.11766, 1.11766, 1.11766, 1.11766, 1.11766, 1.11766, 1.11766, 1.11766, 1.11766, 1.11766, 1.11766, 1.11766, 1.11766, 1.11766, 1.11766, 1.11766, 1.11766, 1.11766, 1.11766, 1.11766, 1.11766, 1.11766, 1.11766, 1.11766, 1.11766, 1.11766, 1.11766, 1.11766, 1.11766, 1.11766, 1.11766, 1.11766, 1.11766, 1.11766, 1.11766, 1.11766, 1.11766, 1.11766, 1.11766, 1.11766, 1.11766, 1.11766, 1.11766, 1.11766, 1.11766, 1.11766, 1.11766, 1.11766, 1.11766, 1.11766, 1.11766, 1.11766, 1.11766, 1.11766, 1.11766, 1.11766, 1.11766, 1.11766, 1.11766, 1.11766, 1.11766, 1.11766, 1.11766, 1.11766, 1.11766, 1.11766, 1.11766, 1.11766, 1.11766, 1.11766, 1.11766, 1.11766, 1.11766, 0.16253, 0.16253]
Occ Predictions:
[1, 1, 1, 1, 1, 1, 1, 1, 1, 1, 1, 0, 0, 0, 0, 0, 0]
Setpoints:
[[68, 78], [68, 78], [68, 78], [68, 78], [68, 78], [68, 78], [68, 78], [68, 78], [68, 78], [68, 78], [68, 78], [68, 80], [68, 80], [68, 80], [68, 80], [68, 80], [68, 80]]
Time needed to calculate the shortest path:
54.9546141624


2018-07-10 21:37:54
MPC Actions: ['0', '0', '0', '0', '0', '0', '0', '0', '0', '0', '0', '0', '0', '0', '0', '0']
Temperatures following the MPC path:
[76.0, 76.075, 76.15, 76.25, 76.35000000000001, 76.45, 76.55, 76.65, 76.75, 76.85000000000001, 76.95, 77.025, 77.10000000000001, 77.17500000000001, 77.25, 77.325, 77.4]
Safety Constraints:
[[68, 84], [68, 84], [68, 84], [68, 84], [68, 84], [68, 84], [68, 84], [68, 84], [68, 84], [68, 84], [68, 85], [68, 85], [68, 85], [68, 85], [68, 85], [68, 85], [68, 85]]
Prices:
[1.11766, 1.11766, 1.11766, 1.11766, 1.11766, 1.11766, 1.11766, 1.11766, 1.11766, 1.11766, 1.11766, 1.11766, 1.11766, 1.11766, 1.11766, 1.11766, 1.11766, 1.11766, 1.11766, 1.11766, 1.11766, 1.11766, 1.11766, 1.11766, 1.11766, 1.11766, 1.11766, 1.11766, 1.11766, 1.11766, 1.11766, 1.11766, 1.11766, 1.11766, 1.11766, 1.11766, 1.11766, 1.11766, 1.11766, 1.11766, 1.11766, 1.11766, 1.11766, 1.11766, 1.11766, 1.11766, 1.11766, 1.11766, 1.11766, 1.11766, 1.11766, 1.11766, 1.11766, 1.11766, 1.11766, 1.11766, 1.11766, 1.11766, 1.11766, 1.11766, 1.11766, 1.11766, 1.11766, 1.11766, 1.11766, 1.11766, 1.11766, 1.11766, 1.11766, 1.11766, 0.16253, 0.16253, 0.16253]
Occ Predictions:
[1, 1, 1, 1, 1, 1, 1, 1, 1, 1, 0, 0, 0, 0, 0, 0, 0]
Setpoints:
[[68, 78], [68, 78], [68, 78], [68, 78], [68, 78], [68, 78], [68, 78], [68, 78], [68, 78], [68, 78], [68, 80], [68, 80], [68, 80], [68, 80], [68, 80], [68, 80], [68, 80]]
Time needed to calculate the shortest path:
44.9316139221


2018-07-10 21:52:54
MPC Actions: ['0', '0', '0', '0', '0', '0', '0', '0', '0', '0', '0', '0', '0', '0', '0', '0']
Temperatures following the MPC path:
[76.9, 76.97500000000001, 77.075, 77.17500000000001, 77.275, 77.375, 77.47500000000001, 77.575, 77.67500000000001, 77.775, 77.875, 77.97500000000001, 78.075, 78.17500000000001, 78.25, 78.325, 78.4]
Safety Constraints:
[[68, 84], [68, 84], [68, 84], [68, 84], [68, 84], [68, 84], [68, 84], [68, 84], [68, 84], [68, 85], [68, 85], [68, 85], [68, 85], [68, 85], [68, 85], [68, 85], [68, 85]]
Prices:
[1.11766, 1.11766, 1.11766, 1.11766, 1.11766, 1.11766, 1.11766, 1.11766, 1.11766, 1.11766, 1.11766, 1.11766, 1.11766, 1.11766, 1.11766, 1.11766, 1.11766, 1.11766, 1.11766, 1.11766, 1.11766, 1.11766, 1.11766, 1.11766, 1.11766, 1.11766, 1.11766, 1.11766, 1.11766, 1.11766, 1.11766, 1.11766, 1.11766, 1.11766, 1.11766, 1.11766, 1.11766, 1.11766, 1.11766, 1.11766, 1.11766, 1.11766, 1.11766, 1.11766, 1.11766, 1.11766, 1.11766, 1.11766, 1.11766, 1.11766, 1.11766, 1.11766, 1.11766, 1.11766, 1.11766, 1.11766, 1.11766, 1.11766, 1.11766, 1.11766, 1.11766, 1.11766, 1.11766, 1.11766, 1.11766, 0.16253, 0.16253, 0.16253, 0.16253]
Occ Predictions:
[1, 1, 1, 1, 1, 1, 1, 1, 1, 0, 0, 0, 0, 0, 0, 0, 0]
Setpoints:
[[68, 78], [68, 78], [68, 78], [68, 78], [68, 78], [68, 78], [68, 78], [68, 78], [68, 78], [68, 80], [68, 80], [68, 80], [68, 80], [68, 80], [68, 80], [68, 80], [68, 80]]
Time needed to calculate the shortest path:
21.5863280296


2018-07-10 22:04:16
MPC Actions: ['0', '0', '0', '0', '0', '0', '0', '0', '0', '0', '0', '0', '0', '0', '0', '0']
Temperatures following the MPC path:
[77.2, 77.325, 77.45, 77.575, 77.67500000000001, 77.775, 77.875, 77.97500000000001, 78.075, 78.17500000000001, 78.275, 78.375, 78.47500000000001, 78.575, 78.67500000000001, 78.775, 78.875]
Safety Constraints:
[[68, 84], [68, 84], [68, 84], [68, 84], [68, 84], [68, 84], [68, 84], [68, 84], [68, 85], [68, 85], [68, 85], [68, 85], [68, 85], [68, 85], [68, 85], [68, 85], [68, 85]]
Prices:
[1.11766, 1.11766, 1.11766, 1.11766, 1.11766, 1.11766, 1.11766, 1.11766, 1.11766, 1.11766, 1.11766, 1.11766, 1.11766, 1.11766, 1.11766, 1.11766, 1.11766, 1.11766, 1.11766, 1.11766, 1.11766, 1.11766, 1.11766, 1.11766, 1.11766, 1.11766, 1.11766, 1.11766, 1.11766, 1.11766, 1.11766, 1.11766, 1.11766, 1.11766, 1.11766, 1.11766, 1.11766, 1.11766, 1.11766, 1.11766, 1.11766, 1.11766, 1.11766, 1.11766, 1.11766, 1.11766, 1.11766, 1.11766, 1.11766, 1.11766, 1.11766, 1.11766, 1.11766, 1.11766, 1.11766, 1.11766, 1.11766, 1.11766, 1.11766, 1.11766, 0.16253, 0.16253, 0.16253, 0.16253, 0.16253]
Occ Predictions:
[1, 1, 1, 1, 1, 1, 1, 1, 0, 0, 0, 0, 0, 0, 0, 0, 0]
Setpoints:
[[68, 78], [68, 78], [68, 78], [68, 78], [68, 78], [68, 78], [68, 78], [68, 78], [68, 80], [68, 80], [68, 80], [68, 80], [68, 80], [68, 80], [68, 80], [68, 80], [68, 80]]
Time needed to calculate the shortest path:
152.745724916


2018-07-10 22:19:16
MPC Actions: ['1', '1', '1', '1', '0', '0', '0', '0', '0', '0', '0', '0', '0', '0', '0', '0']
Temperatures following the MPC path:
[77.7, 77.72500000000001, 77.75000000000001, 77.77500000000002, 77.80000000000003, 77.9, 78.0, 78.10000000000001, 78.17500000000001, 78.25, 78.325, 78.4, 78.47500000000001, 78.55000000000001, 78.625, 78.7, 78.75]
Safety Constraints:
[[68, 84], [68, 84], [68, 84], [68, 84], [68, 84], [68, 84], [68, 84], [68, 85], [68, 85], [68, 85], [68, 85], [68, 85], [68, 85], [68, 85], [68, 85], [68, 85], [68, 85]]
Prices:
[1.11766, 1.11766, 1.11766, 1.11766, 1.11766, 1.11766, 1.11766, 1.11766, 1.11766, 1.11766, 1.11766, 1.11766, 1.11766, 1.11766, 1.11766, 1.11766, 1.11766, 1.11766, 1.11766, 1.11766, 1.11766, 1.11766, 1.11766, 1.11766, 1.11766, 1.11766, 1.11766, 1.11766, 1.11766, 1.11766, 1.11766, 1.11766, 1.11766, 1.11766, 1.11766, 1.11766, 1.11766, 1.11766, 1.11766, 1.11766, 1.11766, 1.11766, 1.11766, 1.11766, 1.11766, 1.11766, 1.11766, 1.11766, 1.11766, 1.11766, 1.11766, 1.11766, 1.11766, 1.11766, 1.11766, 0.16253, 0.16253, 0.16253, 0.16253, 0.16253, 0.16253]
Occ Predictions:
[1, 1, 1, 1, 1, 1, 1, 0, 0, 0, 0, 0, 0, 0, 0, 0, 0]
Setpoints:
[[68, 78], [68, 78], [68, 78], [68, 78], [68, 78], [68, 78], [68, 78], [68, 80], [68, 80], [68, 80], [68, 80], [68, 80], [68, 80], [68, 80], [68, 80], [68, 80], [68, 80]]
Time needed to calculate the shortest path:
99.4514160156


2018-07-10 22:34:16
MPC Actions: ['2', '2', '1', '1', '1', '0', '0', '0', '0', '0', '0', '0', '0', '0', '0', '0']
Temperatures following the MPC path:
[78.0, 77.97500000000001, 77.95, 77.97500000000001, 78.00000000000001, 78.02500000000002, 78.10000000000001, 78.15, 78.2, 78.25, 78.30000000000001, 78.35000000000001, 78.4, 78.45, 78.5, 78.525, 78.55000000000001]
Safety Constraints:
[[68, 84], [68, 84], [68, 84], [68, 84], [68, 84], [68, 84], [68, 85], [68, 85], [68, 85], [68, 85], [68, 85], [68, 85], [68, 85], [68, 85], [68, 85], [68, 85], [68, 85]]
Prices:
[1.11766, 1.11766, 1.11766, 1.11766, 1.11766, 1.11766, 1.11766, 1.11766, 1.11766, 1.11766, 1.11766, 1.11766, 1.11766, 1.11766, 1.11766, 1.11766, 1.11766, 1.11766, 1.11766, 1.11766, 1.11766, 1.11766, 1.11766, 1.11766, 1.11766, 1.11766, 1.11766, 1.11766, 1.11766, 1.11766, 1.11766, 1.11766, 1.11766, 1.11766, 1.11766, 1.11766, 1.11766, 1.11766, 1.11766, 1.11766, 1.11766, 1.11766, 1.11766, 1.11766, 1.11766, 1.11766, 1.11766, 1.11766, 1.11766, 1.11766, 0.16253, 0.16253, 0.16253, 0.16253, 0.16253, 0.16253, 0.16253]
Occ Predictions:
[1, 1, 1, 1, 1, 1, 0, 0, 0, 0, 0, 0, 0, 0, 0, 0, 0]
Setpoints:
[[68, 78], [68, 78], [68, 78], [68, 78], [68, 78], [68, 78], [68, 80], [68, 80], [68, 80], [68, 80], [68, 80], [68, 80], [68, 80], [68, 80], [68, 80], [68, 80], [68, 80]]
Time needed to calculate the shortest path:
85.4196460247
THERMOSTAT CHANGED MANUALY AT : 2018-07-10 22:49:15 UTC