

2018-07-10 21:07:54
MPC Actions: ['0', '0', '0', '0', '0', '0', '0', '0', '0', '0', '0', '0', '0', '0', '0', '0']
Temperatures following the MPC path:
[74.5, 74.55, 74.60000000000001, 74.65, 74.7, 74.75, 74.8, 74.85000000000001, 74.9, 74.95, 75.0, 75.05, 75.10000000000001, 75.15, 75.2, 75.25, 75.275]
Safety Constraints:
[[68, 84], [68, 84], [68, 84], [68, 84], [68, 84], [68, 84], [68, 84], [68, 84], [68, 84], [68, 84], [68, 84], [68, 84], [68, 85], [68, 85], [68, 85], [68, 85], [68, 85]]
Prices:
[1.11766, 1.11766, 1.11766, 1.11766, 1.11766, 1.11766, 1.11766, 1.11766, 1.11766, 1.11766, 1.11766, 1.11766, 1.11766, 1.11766, 1.11766, 1.11766, 1.11766, 1.11766, 1.11766, 1.11766, 1.11766, 1.11766, 1.11766, 1.11766, 1.11766, 1.11766, 1.11766, 1.11766, 1.11766, 1.11766, 1.11766, 1.11766, 1.11766, 1.11766, 1.11766, 1.11766, 1.11766, 1.11766, 1.11766, 1.11766, 1.11766, 1.11766, 1.11766, 1.11766, 1.11766, 1.11766, 1.11766, 1.11766, 1.11766, 1.11766, 1.11766, 1.11766, 1.11766, 1.11766, 1.11766, 1.11766, 1.11766, 1.11766, 1.11766, 1.11766, 1.11766, 1.11766, 1.11766, 1.11766, 1.11766, 1.11766, 1.11766, 1.11766, 1.11766, 1.11766, 1.11766, 1.11766, 1.11766, 1.11766, 1.11766, 1.11766, 1.11766, 1.11766, 1.11766, 1.11766, 0.16253]
Occ Predictions:
[1, 1, 1, 1, 1, 1, 1, 1, 1, 1, 1, 1, 0, 0, 0, 0, 0]
Setpoints:
[[68, 78], [68, 78], [68, 78], [68, 78], [68, 78], [68, 78], [68, 78], [68, 78], [68, 78], [68, 78], [68, 78], [68, 78], [68, 80], [68, 80], [68, 80], [68, 80], [68, 80]]
Time needed to calculate the shortest path:
78.3109769821


2018-07-10 21:22:54
MPC Actions: ['0', '0', '0', '0', '0', '0', '0', '0', '0', '0', '0', '0', '0', '0', '0', '0']
Temperatures following the MPC path:
[74.5, 74.55, 74.60000000000001, 74.65, 74.72500000000001, 74.8, 74.85000000000001, 74.9, 74.95, 75.0, 75.05, 75.10000000000001, 75.15, 75.2, 75.25, 75.3, 75.35000000000001]
Safety Constraints:
[[68, 84], [68, 84], [68, 84], [68, 84], [68, 84], [68, 84], [68, 84], [68, 84], [68, 84], [68, 84], [68, 84], [68, 85], [68, 85], [68, 85], [68, 85], [68, 85], [68, 85]]
Prices:
[1.11766, 1.11766, 1.11766, 1.11766, 1.11766, 1.11766, 1.11766, 1.11766, 1.11766, 1.11766, 1.11766, 1.11766, 1.11766, 1.11766, 1.11766, 1.11766, 1.11766, 1.11766, 1.11766, 1.11766, 1.11766, 1.11766, 1.11766, 1.11766, 1.11766, 1.11766, 1.11766, 1.11766, 1.11766, 1.11766, 1.11766, 1.11766, 1.11766, 1.11766, 1.11766, 1.11766, 1.11766, 1.11766, 1.11766, 1.11766, 1.11766, 1.11766, 1.11766, 1.11766, 1.11766, 1.11766, 1.11766, 1.11766, 1.11766, 1.11766, 1.11766, 1.11766, 1.11766, 1.11766, 1.11766, 1.11766, 1.11766, 1.11766, 1.11766, 1.11766, 1.11766, 1.11766, 1.11766, 1.11766, 1.11766, 1.11766, 1.11766, 1.11766, 1.11766, 1.11766, 1.11766, 1.11766, 1.11766, 1.11766, 1.11766, 0.16253, 0.16253]
Occ Predictions:
[1, 1, 1, 1, 1, 1, 1, 1, 1, 1, 1, 0, 0, 0, 0, 0, 0]
Setpoints:
[[68, 78], [68, 78], [68, 78], [68, 78], [68, 78], [68, 78], [68, 78], [68, 78], [68, 78], [68, 78], [68, 78], [68, 80], [68, 80], [68, 80], [68, 80], [68, 80], [68, 80]]
Time needed to calculate the shortest path:
91.0190749168


2018-07-10 21:37:53
MPC Actions: ['0', '0', '0', '0', '0', '0', '0', '0', '0', '0', '0', '0', '0', '0', '0', '0']
Temperatures following the MPC path:
[74.6, 74.65, 74.7, 74.775, 74.85000000000001, 74.925, 75.0, 75.075, 75.15, 75.22500000000001, 75.275, 75.325, 75.375, 75.425, 75.47500000000001, 75.525, 75.575]
Safety Constraints:
[[68, 84], [68, 84], [68, 84], [68, 84], [68, 84], [68, 84], [68, 84], [68, 84], [68, 84], [68, 84], [68, 85], [68, 85], [68, 85], [68, 85], [68, 85], [68, 85], [68, 85]]
Prices:
[1.11766, 1.11766, 1.11766, 1.11766, 1.11766, 1.11766, 1.11766, 1.11766, 1.11766, 1.11766, 1.11766, 1.11766, 1.11766, 1.11766, 1.11766, 1.11766, 1.11766, 1.11766, 1.11766, 1.11766, 1.11766, 1.11766, 1.11766, 1.11766, 1.11766, 1.11766, 1.11766, 1.11766, 1.11766, 1.11766, 1.11766, 1.11766, 1.11766, 1.11766, 1.11766, 1.11766, 1.11766, 1.11766, 1.11766, 1.11766, 1.11766, 1.11766, 1.11766, 1.11766, 1.11766, 1.11766, 1.11766, 1.11766, 1.11766, 1.11766, 1.11766, 1.11766, 1.11766, 1.11766, 1.11766, 1.11766, 1.11766, 1.11766, 1.11766, 1.11766, 1.11766, 1.11766, 1.11766, 1.11766, 1.11766, 1.11766, 1.11766, 1.11766, 1.11766, 1.11766, 0.16253, 0.16253, 0.16253]
Occ Predictions:
[1, 1, 1, 1, 1, 1, 1, 1, 1, 1, 0, 0, 0, 0, 0, 0, 0]
Setpoints:
[[68, 78], [68, 78], [68, 78], [68, 78], [68, 78], [68, 78], [68, 78], [68, 78], [68, 78], [68, 78], [68, 80], [68, 80], [68, 80], [68, 80], [68, 80], [68, 80], [68, 80]]
Time needed to calculate the shortest path:
83.6500580311


2018-07-10 21:52:53
MPC Actions: ['0', '0', '0', '0', '0', '0', '0', '0', '0', '0', '0', '0', '0', '0', '0', '0']
Temperatures following the MPC path:
[75.4, 75.47500000000001, 75.55, 75.625, 75.7, 75.775, 75.85000000000001, 75.925, 76.0, 76.075, 76.125, 76.175, 76.22500000000001, 76.275, 76.325, 76.375, 76.425]
Safety Constraints:
[[68, 84], [68, 84], [68, 84], [68, 84], [68, 84], [68, 84], [68, 84], [68, 84], [68, 84], [68, 85], [68, 85], [68, 85], [68, 85], [68, 85], [68, 85], [68, 85], [68, 85]]
Prices:
[1.11766, 1.11766, 1.11766, 1.11766, 1.11766, 1.11766, 1.11766, 1.11766, 1.11766, 1.11766, 1.11766, 1.11766, 1.11766, 1.11766, 1.11766, 1.11766, 1.11766, 1.11766, 1.11766, 1.11766, 1.11766, 1.11766, 1.11766, 1.11766, 1.11766, 1.11766, 1.11766, 1.11766, 1.11766, 1.11766, 1.11766, 1.11766, 1.11766, 1.11766, 1.11766, 1.11766, 1.11766, 1.11766, 1.11766, 1.11766, 1.11766, 1.11766, 1.11766, 1.11766, 1.11766, 1.11766, 1.11766, 1.11766, 1.11766, 1.11766, 1.11766, 1.11766, 1.11766, 1.11766, 1.11766, 1.11766, 1.11766, 1.11766, 1.11766, 1.11766, 1.11766, 1.11766, 1.11766, 1.11766, 1.11766, 0.16253, 0.16253, 0.16253, 0.16253]
Occ Predictions:
[1, 1, 1, 1, 1, 1, 1, 1, 1, 0, 0, 0, 0, 0, 0, 0, 0]
Setpoints:
[[68, 78], [68, 78], [68, 78], [68, 78], [68, 78], [68, 78], [68, 78], [68, 78], [68, 78], [68, 80], [68, 80], [68, 80], [68, 80], [68, 80], [68, 80], [68, 80], [68, 80]]
Time needed to calculate the shortest path:
59.6908760071


2018-07-10 22:04:16
MPC Actions: ['0', '0', '0', '0', '0', '0', '0', '0', '0', '0', '0', '0', '0', '0', '0', '0']
Temperatures following the MPC path:
[76.1, 76.175, 76.25, 76.325, 76.4, 76.47500000000001, 76.55, 76.625, 76.7, 76.775, 76.85000000000001, 76.92500000000001, 76.97500000000001, 77.025, 77.075, 77.125, 77.17500000000001]
Safety Constraints:
[[68, 84], [68, 84], [68, 84], [68, 84], [68, 84], [68, 84], [68, 84], [68, 84], [68, 85], [68, 85], [68, 85], [68, 85], [68, 85], [68, 85], [68, 85], [68, 85], [68, 85]]
Prices:
[1.11766, 1.11766, 1.11766, 1.11766, 1.11766, 1.11766, 1.11766, 1.11766, 1.11766, 1.11766, 1.11766, 1.11766, 1.11766, 1.11766, 1.11766, 1.11766, 1.11766, 1.11766, 1.11766, 1.11766, 1.11766, 1.11766, 1.11766, 1.11766, 1.11766, 1.11766, 1.11766, 1.11766, 1.11766, 1.11766, 1.11766, 1.11766, 1.11766, 1.11766, 1.11766, 1.11766, 1.11766, 1.11766, 1.11766, 1.11766, 1.11766, 1.11766, 1.11766, 1.11766, 1.11766, 1.11766, 1.11766, 1.11766, 1.11766, 1.11766, 1.11766, 1.11766, 1.11766, 1.11766, 1.11766, 1.11766, 1.11766, 1.11766, 1.11766, 1.11766, 0.16253, 0.16253, 0.16253, 0.16253, 0.16253]
Occ Predictions:
[1, 1, 1, 1, 1, 1, 1, 1, 0, 0, 0, 0, 0, 0, 0, 0, 0]
Setpoints:
[[68, 78], [68, 78], [68, 78], [68, 78], [68, 78], [68, 78], [68, 78], [68, 78], [68, 80], [68, 80], [68, 80], [68, 80], [68, 80], [68, 80], [68, 80], [68, 80], [68, 80]]
Time needed to calculate the shortest path:
100.193617105


2018-07-10 22:19:16
MPC Actions: ['0', '0', '0', '0', '0', '0', '0', '0', '0', '0', '0', '0', '0', '0', '0', '0']
Temperatures following the MPC path:
[75.5, 75.60000000000001, 75.7, 75.775, 75.85000000000001, 75.925, 76.0, 76.075, 76.15, 76.22500000000001, 76.3, 76.375, 76.425, 76.47500000000001, 76.525, 76.575, 76.625]
Safety Constraints:
[[68, 84], [68, 84], [68, 84], [68, 84], [68, 84], [68, 84], [68, 84], [68, 85], [68, 85], [68, 85], [68, 85], [68, 85], [68, 85], [68, 85], [68, 85], [68, 85], [68, 85]]
Prices:
[1.11766, 1.11766, 1.11766, 1.11766, 1.11766, 1.11766, 1.11766, 1.11766, 1.11766, 1.11766, 1.11766, 1.11766, 1.11766, 1.11766, 1.11766, 1.11766, 1.11766, 1.11766, 1.11766, 1.11766, 1.11766, 1.11766, 1.11766, 1.11766, 1.11766, 1.11766, 1.11766, 1.11766, 1.11766, 1.11766, 1.11766, 1.11766, 1.11766, 1.11766, 1.11766, 1.11766, 1.11766, 1.11766, 1.11766, 1.11766, 1.11766, 1.11766, 1.11766, 1.11766, 1.11766, 1.11766, 1.11766, 1.11766, 1.11766, 1.11766, 1.11766, 1.11766, 1.11766, 1.11766, 1.11766, 0.16253, 0.16253, 0.16253, 0.16253, 0.16253, 0.16253]
Occ Predictions:
[1, 1, 1, 1, 1, 1, 1, 0, 0, 0, 0, 0, 0, 0, 0, 0, 0]
Setpoints:
[[68, 78], [68, 78], [68, 78], [68, 78], [68, 78], [68, 78], [68, 78], [68, 80], [68, 80], [68, 80], [68, 80], [68, 80], [68, 80], [68, 80], [68, 80], [68, 80], [68, 80]]
Time needed to calculate the shortest path:
87.1280269623


2018-07-10 22:34:16
MPC Actions: ['0', '0', '0', '0', '0', '0', '0', '0', '0', '0', '0', '0', '0', '0', '0', '0']
Temperatures following the MPC path:
[75.4, 75.5, 75.60000000000001, 75.7, 75.8, 75.875, 75.95, 76.025, 76.10000000000001, 76.175, 76.25, 76.325, 76.4, 76.47500000000001, 76.525, 76.575, 76.625]
Safety Constraints:
[[68, 84], [68, 84], [68, 84], [68, 84], [68, 84], [68, 84], [68, 85], [68, 85], [68, 85], [68, 85], [68, 85], [68, 85], [68, 85], [68, 85], [68, 85], [68, 85], [68, 85]]
Prices:
[1.11766, 1.11766, 1.11766, 1.11766, 1.11766, 1.11766, 1.11766, 1.11766, 1.11766, 1.11766, 1.11766, 1.11766, 1.11766, 1.11766, 1.11766, 1.11766, 1.11766, 1.11766, 1.11766, 1.11766, 1.11766, 1.11766, 1.11766, 1.11766, 1.11766, 1.11766, 1.11766, 1.11766, 1.11766, 1.11766, 1.11766, 1.11766, 1.11766, 1.11766, 1.11766, 1.11766, 1.11766, 1.11766, 1.11766, 1.11766, 1.11766, 1.11766, 1.11766, 1.11766, 1.11766, 1.11766, 1.11766, 1.11766, 1.11766, 1.11766, 0.16253, 0.16253, 0.16253, 0.16253, 0.16253, 0.16253, 0.16253]
Occ Predictions:
[1, 1, 1, 1, 1, 1, 0, 0, 0, 0, 0, 0, 0, 0, 0, 0, 0]
Setpoints:
[[68, 78], [68, 78], [68, 78], [68, 78], [68, 78], [68, 78], [68, 80], [68, 80], [68, 80], [68, 80], [68, 80], [68, 80], [68, 80], [68, 80], [68, 80], [68, 80], [68, 80]]
Time needed to calculate the shortest path:
86.3415548801


2018-07-10 22:49:16
MPC Actions: ['0', '0', '0', '0', '0', '0', '0', '0', '0', '0', '0', '0', '0', '0', '0', '0']
Temperatures following the MPC path:
[75.4, 75.5, 75.60000000000001, 75.7, 75.8, 75.9, 76.0, 76.10000000000001, 76.2, 76.3, 76.375, 76.45, 76.525, 76.60000000000001, 76.675, 76.75, 76.825]
Safety Constraints:
[[68, 84], [68, 84], [68, 84], [68, 84], [68, 84], [68, 85], [68, 85], [68, 85], [68, 85], [68, 85], [68, 85], [68, 85], [68, 85], [68, 85], [68, 85], [68, 85], [68, 85]]
Prices:
[1.11766, 1.11766, 1.11766, 1.11766, 1.11766, 1.11766, 1.11766, 1.11766, 1.11766, 1.11766, 1.11766, 1.11766, 1.11766, 1.11766, 1.11766, 1.11766, 1.11766, 1.11766, 1.11766, 1.11766, 1.11766, 1.11766, 1.11766, 1.11766, 1.11766, 1.11766, 1.11766, 1.11766, 1.11766, 1.11766, 1.11766, 1.11766, 1.11766, 1.11766, 1.11766, 1.11766, 1.11766, 1.11766, 1.11766, 1.11766, 1.11766, 1.11766, 1.11766, 1.11766, 1.11766, 0.16253, 0.16253, 0.16253, 0.16253, 0.16253, 0.16253, 0.16253, 0.16253]
Occ Predictions:
[1, 1, 1, 1, 1, 0, 0, 0, 0, 0, 0, 0, 0, 0, 0, 0, 0]
Setpoints:
[[68, 78], [68, 78], [68, 78], [68, 78], [68, 78], [68, 80], [68, 80], [68, 80], [68, 80], [68, 80], [68, 80], [68, 80], [68, 80], [68, 80], [68, 80], [68, 80], [68, 80]]
Time needed to calculate the shortest path:
71.4949569702


2018-07-10 23:04:16
MPC Actions: ['0', '0', '0', '0', '0', '0', '0', '0', '0', '0', '0', '0', '0', '0', '0', '0']
Temperatures following the MPC path:
[74.9, 75.0, 75.10000000000001, 75.2, 75.3, 75.4, 75.5, 75.60000000000001, 75.675, 75.75, 75.825, 75.9, 75.97500000000001, 76.025, 76.075, 76.125, 76.175]
Safety Constraints:
[[68, 84], [68, 84], [68, 84], [68, 84], [68, 85], [68, 85], [68, 85], [68, 85], [68, 85], [68, 85], [68, 85], [68, 85], [68, 85], [68, 85], [68, 85], [68, 85], [68, 85]]
Prices:
[1.11766, 1.11766, 1.11766, 1.11766, 1.11766, 1.11766, 1.11766, 1.11766, 1.11766, 1.11766, 1.11766, 1.11766, 1.11766, 1.11766, 1.11766, 1.11766, 1.11766, 1.11766, 1.11766, 1.11766, 1.11766, 1.11766, 1.11766, 1.11766, 1.11766, 1.11766, 1.11766, 1.11766, 1.11766, 1.11766, 1.11766, 1.11766, 1.11766, 1.11766, 1.11766, 1.11766, 1.11766, 1.11766, 1.11766, 1.11766, 0.16253, 0.16253, 0.16253, 0.16253, 0.16253, 0.16253, 0.16253, 0.16253, 0.16253]
Occ Predictions:
[1, 1, 1, 1, 0, 0, 0, 0, 0, 0, 0, 0, 0, 0, 0, 0, 0]
Setpoints:
[[68, 78], [68, 78], [68, 78], [68, 78], [68, 80], [68, 80], [68, 80], [68, 80], [68, 80], [68, 80], [68, 80], [68, 80], [68, 80], [68, 80], [68, 80], [68, 80], [68, 80]]
Time needed to calculate the shortest path:
71.2839560509


2018-07-10 23:19:16
MPC Actions: ['0', '0', '0', '0', '0', '0', '0', '0', '0', '0', '0', '0', '0', '0', '0', '0']
Temperatures following the MPC path:
[75.3, 75.375, 75.45, 75.525, 75.60000000000001, 75.675, 75.72500000000001, 75.775, 75.825, 75.875, 75.925, 75.97500000000001, 76.025, 76.05, 76.075, 76.10000000000001, 76.125]
Safety Constraints:
[[68, 84], [68, 84], [68, 84], [68, 85], [68, 85], [68, 85], [68, 85], [68, 85], [68, 85], [68, 85], [68, 85], [68, 85], [68, 85], [68, 85], [68, 85], [68, 85], [68, 85]]
Prices:
[1.11766, 1.11766, 1.11766, 1.11766, 1.11766, 1.11766, 1.11766, 1.11766, 1.11766, 1.11766, 1.11766, 1.11766, 1.11766, 1.11766, 1.11766, 1.11766, 1.11766, 1.11766, 1.11766, 1.11766, 1.11766, 1.11766, 1.11766, 1.11766, 1.11766, 1.11766, 1.11766, 1.11766, 1.11766, 1.11766, 1.11766, 1.11766, 1.11766, 1.11766, 1.11766, 0.16253, 0.16253, 0.16253, 0.16253, 0.16253, 0.16253, 0.16253, 0.16253, 0.16253, 0.16253]
Occ Predictions:
[1, 1, 1, 0, 0, 0, 0, 0, 0, 0, 0, 0, 0, 0, 0, 0, 0]
Setpoints:
[[68, 78], [68, 78], [68, 78], [68, 80], [68, 80], [68, 80], [68, 80], [68, 80], [68, 80], [68, 80], [68, 80], [68, 80], [68, 80], [68, 80], [68, 80], [68, 80], [68, 80]]
Time needed to calculate the shortest path:
52.6068110466


2018-07-10 23:34:16
MPC Actions: ['0', '0', '0', '0', '0', '0', '0', '0', '0', '0', '0', '0', '0', '0', '0', '0']
Temperatures following the MPC path:
[75.5, 75.575, 75.65, 75.7, 75.75, 75.8, 75.85000000000001, 75.9, 75.95, 76.0, 76.05, 76.075, 76.10000000000001, 76.125, 76.15, 76.175, 76.175]
Safety Constraints:
[[68, 84], [68, 84], [68, 85], [68, 85], [68, 85], [68, 85], [68, 85], [68, 85], [68, 85], [68, 85], [68, 85], [68, 85], [68, 85], [68, 85], [68, 85], [68, 85], [68, 85]]
Prices:
[1.11766, 1.11766, 1.11766, 1.11766, 1.11766, 1.11766, 1.11766, 1.11766, 1.11766, 1.11766, 1.11766, 1.11766, 1.11766, 1.11766, 1.11766, 1.11766, 1.11766, 1.11766, 1.11766, 1.11766, 1.11766, 1.11766, 1.11766, 1.11766, 1.11766, 1.11766, 1.11766, 1.11766, 1.11766, 1.11766, 0.16253, 0.16253, 0.16253, 0.16253, 0.16253, 0.16253, 0.16253, 0.16253, 0.16253, 0.16253, 0.16253]
Occ Predictions:
[1, 1, 0, 0, 0, 0, 0, 0, 0, 0, 0, 0, 0, 0, 0, 0, 0]
Setpoints:
[[68, 78], [68, 78], [68, 80], [68, 80], [68, 80], [68, 80], [68, 80], [68, 80], [68, 80], [68, 80], [68, 80], [68, 80], [68, 80], [68, 80], [68, 80], [68, 80], [68, 80]]
Time needed to calculate the shortest path:
59.7425301075


2018-07-10 23:49:16
MPC Actions: ['0', '0', '0', '0', '0', '0', '0', '0', '0', '0', '0', '0', '0', '0', '0', '0']
Temperatures following the MPC path:
[75.3, 75.35000000000001, 75.4, 75.45, 75.5, 75.55, 75.60000000000001, 75.625, 75.65, 75.675, 75.7, 75.72500000000001, 75.75, 75.775, 75.775, 75.775, 75.775]
Safety Constraints:
[[68, 84], [68, 85], [68, 85], [68, 85], [68, 85], [68, 85], [68, 85], [68, 85], [68, 85], [68, 85], [68, 85], [68, 85], [68, 85], [68, 85], [68, 85], [68, 85], [68, 85]]
Prices:
[1.11766, 1.11766, 1.11766, 1.11766, 1.11766, 1.11766, 1.11766, 1.11766, 1.11766, 1.11766, 1.11766, 1.11766, 1.11766, 1.11766, 1.11766, 1.11766, 1.11766, 1.11766, 1.11766, 1.11766, 1.11766, 1.11766, 1.11766, 1.11766, 1.11766, 0.16253, 0.16253, 0.16253, 0.16253, 0.16253, 0.16253, 0.16253, 0.16253, 0.16253, 0.16253, 0.16253, 0.16253]
Occ Predictions:
[1, 0, 0, 0, 0, 0, 0, 0, 0, 0, 0, 0, 0, 0, 0, 0, 0]
Setpoints:
[[68, 78], [68, 80], [68, 80], [68, 80], [68, 80], [68, 80], [68, 80], [68, 80], [68, 80], [68, 80], [68, 80], [68, 80], [68, 80], [68, 80], [68, 80], [68, 80], [68, 80]]
Time needed to calculate the shortest path:
57.7831590176


2018-07-11 00:04:16
MPC Actions: ['0', '0', '0', '0', '0', '0', '0', '0', '0', '0', '0', '0', '0', '0', '0', '0']
Temperatures following the MPC path:
[75.4, 75.45, 75.5, 75.55, 75.575, 75.60000000000001, 75.625, 75.65, 75.675, 75.7, 75.72500000000001, 75.75, 75.775, 75.775, 75.775, 75.775, 75.775]
Safety Constraints:
[[68, 85], [68, 85], [68, 85], [68, 85], [68, 85], [68, 85], [68, 85], [68, 85], [68, 85], [68, 85], [68, 85], [68, 85], [68, 85], [68, 85], [68, 85], [68, 85], [68, 85]]
Prices:
[1.11766, 1.11766, 1.11766, 1.11766, 1.11766, 1.11766, 1.11766, 1.11766, 1.11766, 1.11766, 1.11766, 1.11766, 1.11766, 1.11766, 1.11766, 1.11766, 1.11766, 1.11766, 1.11766, 1.11766, 0.16253, 0.16253, 0.16253, 0.16253, 0.16253, 0.16253, 0.16253, 0.16253, 0.16253, 0.16253, 0.16253, 0.16253, 0.16253]
Occ Predictions:
[0, 0, 0, 0, 0, 0, 0, 0, 0, 0, 0, 0, 0, 0, 0, 0, 0]
Setpoints:
[[68, 80], [68, 80], [68, 80], [68, 80], [68, 80], [68, 80], [68, 80], [68, 80], [68, 80], [68, 80], [68, 80], [68, 80], [68, 80], [68, 80], [68, 80], [68, 80], [68, 80]]
Time needed to calculate the shortest path:
61.0958869457


2018-07-11 00:19:16
MPC Actions: ['0', '0', '0', '0', '0', '0', '0', '0', '0', '0', '0', '0', '0', '0', '0', '0']
Temperatures following the MPC path:
[75.1, 75.15, 75.2, 75.25, 75.3, 75.35000000000001, 75.4, 75.45, 75.47500000000001, 75.5, 75.525, 75.55, 75.55, 75.55, 75.55, 75.55, 75.55]
Safety Constraints:
[[68, 85], [68, 85], [68, 85], [68, 85], [68, 85], [68, 85], [68, 85], [68, 85], [68, 85], [68, 85], [68, 85], [68, 85], [68, 85], [68, 85], [68, 85], [68, 85], [68, 85]]
Prices:
[1.11766, 1.11766, 1.11766, 1.11766, 1.11766, 1.11766, 1.11766, 1.11766, 1.11766, 1.11766, 1.11766, 1.11766, 1.11766, 1.11766, 1.11766, 0.16253, 0.16253, 0.16253, 0.16253, 0.16253, 0.16253, 0.16253, 0.16253, 0.16253, 0.16253, 0.16253, 0.16253, 0.16253, 0.16253]
Occ Predictions:
[0, 0, 0, 0, 0, 0, 0, 0, 0, 0, 0, 0, 0, 0, 0, 0, 0]
Setpoints:
[[68, 80], [68, 80], [68, 80], [68, 80], [68, 80], [68, 80], [68, 80], [68, 80], [68, 80], [68, 80], [68, 80], [68, 80], [68, 80], [68, 80], [68, 80], [68, 80], [68, 80]]
Time needed to calculate the shortest path:
56.690374136


2018-07-11 00:34:16
MPC Actions: ['0', '0', '0', '0', '0', '0', '0', '0', '0', '0', '0', '0', '0', '0', '0', '0']
Temperatures following the MPC path:
[75.2, 75.25, 75.3, 75.325, 75.35000000000001, 75.375, 75.4, 75.425, 75.45, 75.47500000000001, 75.5, 75.5, 75.5, 75.5, 75.5, 75.5, 75.5]
Safety Constraints:
[[68, 85], [68, 85], [68, 85], [68, 85], [68, 85], [68, 85], [68, 85], [68, 85], [68, 85], [68, 85], [68, 85], [68, 85], [68, 85], [68, 85], [68, 85], [68, 85], [68, 85]]
Prices:
[1.11766, 1.11766, 1.11766, 1.11766, 1.11766, 1.11766, 1.11766, 1.11766, 1.11766, 1.11766, 0.16253, 0.16253, 0.16253, 0.16253, 0.16253, 0.16253, 0.16253, 0.16253, 0.16253, 0.16253, 0.16253, 0.16253, 0.16253, 0.16253, 0.13446]
Occ Predictions:
[0, 0, 0, 0, 0, 0, 0, 0, 0, 0, 0, 0, 0, 0, 0, 0, 0]
Setpoints:
[[68, 80], [68, 80], [68, 80], [68, 80], [68, 80], [68, 80], [68, 80], [68, 80], [68, 80], [68, 80], [68, 80], [68, 80], [68, 80], [68, 80], [68, 80], [68, 80], [68, 80]]
Time needed to calculate the shortest path:
59.2421910763


2018-07-11 00:49:16
MPC Actions: ['0', '0', '0', '0', '0', '0', '0', '0', '0', '0', '0', '0', '0', '0', '0', '0']
Temperatures following the MPC path:
[75.3, 75.35000000000001, 75.4, 75.45, 75.47500000000001, 75.5, 75.525, 75.55, 75.575, 75.60000000000001, 75.60000000000001, 75.60000000000001, 75.60000000000001, 75.60000000000001, 75.60000000000001, 75.60000000000001, 75.60000000000001]
Safety Constraints:
[[68, 85], [68, 85], [68, 85], [68, 85], [68, 85], [68, 85], [68, 85], [68, 85], [68, 85], [68, 85], [68, 85], [68, 85], [68, 85], [68, 85], [68, 85], [68, 85], [68, 85]]
Prices:
[1.11766, 1.11766, 1.11766, 1.11766, 1.11766, 0.16253, 0.16253, 0.16253, 0.16253, 0.16253, 0.16253, 0.16253, 0.16253, 0.16253, 0.16253, 0.16253, 0.16253, 0.16253, 0.16253, 0.13446, 0.13446]
Occ Predictions:
[0, 0, 0, 0, 0, 0, 0, 0, 0, 0, 0, 0, 0, 0, 0, 0, 0]
Setpoints:
[[68, 80], [68, 80], [68, 80], [68, 80], [68, 80], [68, 80], [68, 80], [68, 80], [68, 80], [68, 80], [68, 80], [68, 80], [68, 80], [68, 80], [68, 80], [68, 80], [68, 80]]
Time needed to calculate the shortest path:
59.3943870068


2018-07-11 01:04:16
MPC Actions: ['0', '0', '0', '0', '0', '0', '0', '0', '0', '0', '0', '0', '0', '0', '0', '0']
Temperatures following the MPC path:
[75.3, 75.325, 75.35000000000001, 75.375, 75.4, 75.425, 75.45, 75.47500000000001, 75.5, 75.5, 75.5, 75.5, 75.5, 75.47500000000001, 75.45, 75.425, 75.4]
Safety Constraints:
[[68, 85], [68, 85], [68, 85], [68, 85], [68, 85], [68, 85], [68, 85], [68, 85], [68, 85], [68, 85], [68, 85], [68, 85], [68, 85], [68, 85], [68, 85], [68, 85], [68, 85]]
Prices:
[0.16253, 0.16253, 0.16253, 0.16253, 0.16253, 0.16253, 0.16253, 0.16253, 0.16253, 0.16253, 0.16253, 0.16253, 0.16253, 0.16253, 0.13446, 0.13446, 0.13446]
Occ Predictions:
[0, 0, 0, 0, 0, 0, 0, 0, 0, 0, 0, 0, 0, 0, 0, 0, 0]
Setpoints:
[[68, 80], [68, 80], [68, 80], [68, 80], [68, 80], [68, 80], [68, 80], [68, 80], [68, 80], [68, 80], [68, 80], [68, 80], [68, 80], [68, 80], [68, 80], [68, 80], [68, 80]]
Time needed to calculate the shortest path:
53.1887757778


2018-07-11 01:19:15
MPC Actions: ['0', '0', '0', '0', '0', '0', '0', '0', '0', '0', '0', '0', '0', '0', '0', '0']
Temperatures following the MPC path:
[75.8, 75.825, 75.85000000000001, 75.875, 75.875, 75.875, 75.875, 75.875, 75.85000000000001, 75.85000000000001, 75.85000000000001, 75.85000000000001, 75.825, 75.8, 75.775, 75.75, 75.72500000000001]
Safety Constraints:
[[68, 85], [68, 85], [68, 85], [68, 85], [68, 85], [68, 85], [68, 85], [68, 85], [68, 85], [68, 85], [68, 85], [68, 85], [68, 85], [68, 85], [68, 85], [68, 85], [68, 85]]
Prices:
[0.16253, 0.16253, 0.16253, 0.16253, 0.16253, 0.16253, 0.16253, 0.16253, 0.16253, 0.16253, 0.16253, 0.16253, 0.16253, 0.13446, 0.13446, 0.13446, 0.13446]
Occ Predictions:
[0, 0, 0, 0, 0, 0, 0, 0, 0, 0, 0, 0, 0, 0, 0, 0, 0]
Setpoints:
[[68, 80], [68, 80], [68, 80], [68, 80], [68, 80], [68, 80], [68, 80], [68, 80], [68, 80], [68, 80], [68, 80], [68, 80], [68, 80], [68, 80], [68, 80], [68, 80], [68, 80]]
Time needed to calculate the shortest path:
48.57102108


2018-07-11 01:34:15
MPC Actions: ['0', '0', '0', '0', '0', '0', '0', '0', '0', '0', '0', '0', '0', '0', '0', '0']
Temperatures following the MPC path:
[75.7, 75.72500000000001, 75.75, 75.75, 75.75, 75.75, 75.75, 75.75, 75.75, 75.75, 75.75, 75.72500000000001, 75.7, 75.675, 75.65, 75.625, 75.60000000000001]
Safety Constraints:
[[68, 85], [68, 85], [68, 85], [68, 85], [68, 85], [68, 85], [68, 85], [68, 85], [68, 85], [68, 85], [68, 85], [68, 85], [68, 85], [68, 85], [68, 85], [68, 85], [68, 85]]
Prices:
[0.16253, 0.16253, 0.16253, 0.16253, 0.16253, 0.16253, 0.16253, 0.16253, 0.16253, 0.16253, 0.16253, 0.16253, 0.13446, 0.13446, 0.13446, 0.13446, 0.13446]
Occ Predictions:
[0, 0, 0, 0, 0, 0, 0, 0, 0, 0, 0, 0, 0, 0, 0, 0, 0]
Setpoints:
[[68, 80], [68, 80], [68, 80], [68, 80], [68, 80], [68, 80], [68, 80], [68, 80], [68, 80], [68, 80], [68, 80], [68, 80], [68, 80], [68, 80], [68, 80], [68, 80], [68, 80]]
Time needed to calculate the shortest path:
42.7406909466


2018-07-11 01:49:16
MPC Actions: ['0', '0', '0', '0', '0', '0', '0', '0', '0', '0', '0', '0', '0', '0', '0', '0']
Temperatures following the MPC path:
[75.7, 75.72500000000001, 75.72500000000001, 75.72500000000001, 75.72500000000001, 75.72500000000001, 75.72500000000001, 75.72500000000001, 75.72500000000001, 75.72500000000001, 75.7, 75.675, 75.65, 75.625, 75.60000000000001, 75.575, 75.55]
Safety Constraints:
[[68, 85], [68, 85], [68, 85], [68, 85], [68, 85], [68, 85], [68, 85], [68, 85], [68, 85], [68, 85], [68, 85], [68, 85], [68, 85], [68, 85], [68, 85], [68, 85], [68, 85]]
Prices:
[0.16253, 0.16253, 0.16253, 0.16253, 0.16253, 0.16253, 0.16253, 0.16253, 0.16253, 0.16253, 0.16253, 0.13446, 0.13446, 0.13446, 0.13446, 0.13446, 0.13446]
Occ Predictions:
[0, 0, 0, 0, 0, 0, 0, 0, 0, 0, 0, 0, 0, 0, 0, 0, 0]
Setpoints:
[[68, 80], [68, 80], [68, 80], [68, 80], [68, 80], [68, 80], [68, 80], [68, 80], [68, 80], [68, 80], [68, 80], [68, 80], [68, 80], [68, 80], [68, 80], [68, 80], [68, 80]]
Time needed to calculate the shortest path:
47.5932710171


2018-07-11 02:04:15
MPC Actions: ['0', '0', '0', '0', '0', '0', '0', '0', '0', '0', '0', '0', '0', '0', '0', '0']
Temperatures following the MPC path:
[75.9, 75.9, 75.9, 75.9, 75.9, 75.875, 75.85000000000001, 75.825, 75.8, 75.775, 75.75, 75.72500000000001, 75.7, 75.65, 75.60000000000001, 75.55, 75.5]
Safety Constraints:
[[68, 85], [68, 85], [68, 85], [68, 85], [68, 85], [68, 85], [68, 85], [68, 85], [68, 85], [68, 85], [68, 85], [68, 85], [68, 85], [68, 85], [68, 85], [68, 85], [68, 85]]
Prices:
[0.16253, 0.16253, 0.16253, 0.16253, 0.16253, 0.16253, 0.16253, 0.16253, 0.16253, 0.16253, 0.13446, 0.13446, 0.13446, 0.13446, 0.13446, 0.13446, 0.13446]
Occ Predictions:
[0, 0, 0, 0, 0, 0, 0, 0, 0, 0, 0, 0, 0, 0, 0, 0, 0]
Setpoints:
[[68, 80], [68, 80], [68, 80], [68, 80], [68, 80], [68, 80], [68, 80], [68, 80], [68, 80], [68, 80], [68, 80], [68, 80], [68, 80], [68, 80], [68, 80], [68, 80], [68, 80]]
Time needed to calculate the shortest path:
43.9730808735


2018-07-11 02:19:15
MPC Actions: ['0', '0', '0', '0', '0', '0', '0', '0', '0', '0', '0', '0', '0', '0', '0', '0']
Temperatures following the MPC path:
[76.3, 76.3, 76.3, 76.3, 76.275, 76.25, 76.22500000000001, 76.2, 76.175, 76.15, 76.125, 76.10000000000001, 76.05, 76.0, 75.95, 75.9, 75.85000000000001]
Safety Constraints:
[[68, 85], [68, 85], [68, 85], [68, 85], [68, 85], [68, 85], [68, 85], [68, 85], [68, 85], [68, 85], [68, 85], [68, 85], [68, 85], [68, 85], [68, 85], [68, 85], [68, 85]]
Prices:
[0.16253, 0.16253, 0.16253, 0.16253, 0.16253, 0.16253, 0.16253, 0.16253, 0.16253, 0.13446, 0.13446, 0.13446, 0.13446, 0.13446, 0.13446, 0.13446, 0.13446]
Occ Predictions:
[0, 0, 0, 0, 0, 0, 0, 0, 0, 0, 0, 0, 0, 0, 0, 0, 0]
Setpoints:
[[68, 80], [68, 80], [68, 80], [68, 80], [68, 80], [68, 80], [68, 80], [68, 80], [68, 80], [68, 80], [68, 80], [68, 80], [68, 80], [68, 80], [68, 80], [68, 80], [68, 80]]
Time needed to calculate the shortest path:
47.7682569027


2018-07-11 02:34:15
MPC Actions: ['0', '0', '0', '0', '0', '0', '0', '0', '0', '0', '0', '0', '0', '0', '0', '0']
Temperatures following the MPC path:
[76.3, 76.275, 76.275, 76.25, 76.22500000000001, 76.2, 76.175, 76.125, 76.075, 76.025, 76.0, 75.95, 75.9, 75.85000000000001, 75.8, 75.75, 75.7]
Safety Constraints:
[[68, 85], [68, 85], [68, 85], [68, 85], [68, 85], [68, 85], [68, 85], [68, 85], [68, 85], [68, 85], [68, 85], [68, 85], [68, 85], [68, 85], [68, 85], [68, 85], [68, 85]]
Prices:
[0.16253, 0.16253, 0.16253, 0.16253, 0.16253, 0.16253, 0.16253, 0.16253, 0.13446, 0.13446, 0.13446, 0.13446, 0.13446, 0.13446, 0.13446, 0.13446, 0.13446]
Occ Predictions:
[0, 0, 0, 0, 0, 0, 0, 0, 0, 0, 0, 0, 0, 0, 0, 0, 0]
Setpoints:
[[68, 80], [68, 80], [68, 80], [68, 80], [68, 80], [68, 80], [68, 80], [68, 80], [68, 80], [68, 80], [68, 80], [68, 80], [68, 80], [68, 80], [68, 80], [68, 80], [68, 80]]
Time needed to calculate the shortest path:
47.0881450176


2018-07-11 02:49:16
MPC Actions: ['0', '0', '0', '0', '0', '0', '0', '0', '0', '0', '0', '0', '0', '0', '0', '0']
Temperatures following the MPC path:
[76.3, 76.275, 76.22500000000001, 76.175, 76.15, 76.125, 76.075, 76.025, 75.97500000000001, 75.925, 75.875, 75.825, 75.775, 75.72500000000001, 75.675, 75.625, 75.575]
Safety Constraints:
[[68, 85], [68, 85], [68, 85], [68, 85], [68, 85], [68, 85], [68, 85], [68, 85], [68, 85], [68, 85], [68, 85], [68, 85], [68, 85], [68, 85], [68, 85], [68, 85], [68, 85]]
Prices:
[0.16253, 0.16253, 0.16253, 0.16253, 0.16253, 0.16253, 0.16253, 0.13446, 0.13446, 0.13446, 0.13446, 0.13446, 0.13446, 0.13446, 0.13446, 0.13446, 0.13446]
Occ Predictions:
[0, 0, 0, 0, 0, 0, 0, 0, 0, 0, 0, 0, 0, 0, 0, 0, 0]
Setpoints:
[[68, 80], [68, 80], [68, 80], [68, 80], [68, 80], [68, 80], [68, 80], [68, 80], [68, 80], [68, 80], [68, 80], [68, 80], [68, 80], [68, 80], [68, 80], [68, 80], [68, 80]]
Time needed to calculate the shortest path:
34.2378780842


2018-07-11 03:04:15
MPC Actions: ['0', '0', '0', '0', '0', '0', '0', '0', '0', '0', '0', '0', '0', '0', '0', '0']
Temperatures following the MPC path:
[76.3, 76.275, 76.25, 76.22500000000001, 76.2, 76.15, 76.10000000000001, 76.05, 76.0, 75.95, 75.9, 75.85000000000001, 75.8, 75.75, 75.7, 75.65, 75.60000000000001]
Safety Constraints:
[[68, 85], [68, 85], [68, 85], [68, 85], [68, 85], [68, 85], [68, 85], [68, 85], [68, 85], [68, 85], [68, 85], [68, 85], [68, 85], [68, 85], [68, 85], [68, 85], [68, 85]]
Prices:
[0.16253, 0.16253, 0.16253, 0.16253, 0.16253, 0.16253, 0.13446, 0.13446, 0.13446, 0.13446, 0.13446, 0.13446, 0.13446, 0.13446, 0.13446, 0.13446, 0.13446]
Occ Predictions:
[0, 0, 0, 0, 0, 0, 0, 0, 0, 0, 0, 0, 0, 0, 0, 0, 0]
Setpoints:
[[68, 80], [68, 80], [68, 80], [68, 80], [68, 80], [68, 80], [68, 80], [68, 80], [68, 80], [68, 80], [68, 80], [68, 80], [68, 80], [68, 80], [68, 80], [68, 80], [68, 80]]
Time needed to calculate the shortest path:
31.9412918091


2018-07-11 03:19:15
MPC Actions: ['0', '0', '0', '0', '0', '0', '0', '0', '0', '0', '0', '0', '0', '0', '0', '0']
Temperatures following the MPC path:
[76.1, 76.075, 76.05, 76.025, 75.97500000000001, 75.925, 75.875, 75.825, 75.775, 75.72500000000001, 75.675, 75.625, 75.575, 75.525, 75.47500000000001, 75.425, 75.375]
Safety Constraints:
[[68, 85], [68, 85], [68, 85], [68, 85], [68, 85], [68, 85], [68, 85], [68, 85], [68, 85], [68, 85], [68, 85], [68, 85], [68, 85], [68, 85], [68, 85], [68, 85], [68, 85]]
Prices:
[0.16253, 0.16253, 0.16253, 0.16253, 0.16253, 0.13446, 0.13446, 0.13446, 0.13446, 0.13446, 0.13446, 0.13446, 0.13446, 0.13446, 0.13446, 0.13446, 0.13446]
Occ Predictions:
[0, 0, 0, 0, 0, 0, 0, 0, 0, 0, 0, 0, 0, 0, 0, 0, 0]
Setpoints:
[[68, 80], [68, 80], [68, 80], [68, 80], [68, 80], [68, 80], [68, 80], [68, 80], [68, 80], [68, 80], [68, 80], [68, 80], [68, 80], [68, 80], [68, 80], [68, 80], [68, 80]]
Time needed to calculate the shortest path:
35.4251708984


2018-07-11 03:34:15
MPC Actions: ['0', '0', '0', '0', '0', '0', '0', '0', '0', '0', '0', '0', '0', '0', '0', '0']
Temperatures following the MPC path:
[76.0, 75.97500000000001, 75.95, 75.9, 75.85000000000001, 75.8, 75.75, 75.7, 75.65, 75.60000000000001, 75.55, 75.5, 75.45, 75.4, 75.35000000000001, 75.3, 75.25]
Safety Constraints:
[[68, 85], [68, 85], [68, 85], [68, 85], [68, 85], [68, 85], [68, 85], [68, 85], [68, 85], [68, 85], [68, 85], [68, 85], [68, 85], [68, 85], [68, 85], [68, 85], [68, 85]]
Prices:
[0.16253, 0.16253, 0.16253, 0.16253, 0.13446, 0.13446, 0.13446, 0.13446, 0.13446, 0.13446, 0.13446, 0.13446, 0.13446, 0.13446, 0.13446, 0.13446, 0.13446]
Occ Predictions:
[0, 0, 0, 0, 0, 0, 0, 0, 0, 0, 0, 0, 0, 0, 0, 0, 0]
Setpoints:
[[68, 80], [68, 80], [68, 80], [68, 80], [68, 80], [68, 80], [68, 80], [68, 80], [68, 80], [68, 80], [68, 80], [68, 80], [68, 80], [68, 80], [68, 80], [68, 80], [68, 80]]
Time needed to calculate the shortest path:
36.3601460457


2018-07-11 03:49:15
MPC Actions: ['0', '0', '0', '0', '0', '0', '0', '0', '0', '0', '0', '0', '0', '0', '0', '0']
Temperatures following the MPC path:
[75.7, 75.675, 75.65, 75.625, 75.60000000000001, 75.575, 75.525, 75.47500000000001, 75.425, 75.375, 75.325, 75.275, 75.22500000000001, 75.175, 75.125, 75.075, 75.025]
Safety Constraints:
[[68, 85], [68, 85], [68, 85], [68, 85], [68, 85], [68, 85], [68, 85], [68, 85], [68, 85], [68, 85], [68, 85], [68, 85], [68, 85], [68, 85], [68, 85], [68, 85], [68, 85]]
Prices:
[0.16253, 0.16253, 0.16253, 0.13446, 0.13446, 0.13446, 0.13446, 0.13446, 0.13446, 0.13446, 0.13446, 0.13446, 0.13446, 0.13446, 0.13446, 0.13446, 0.13446]
Occ Predictions:
[0, 0, 0, 0, 0, 0, 0, 0, 0, 0, 0, 0, 0, 0, 0, 0, 0]
Setpoints:
[[68, 80], [68, 80], [68, 80], [68, 80], [68, 80], [68, 80], [68, 80], [68, 80], [68, 80], [68, 80], [68, 80], [68, 80], [68, 80], [68, 80], [68, 80], [68, 80], [68, 80]]
Time needed to calculate the shortest path:
34.0214319229


2018-07-11 04:04:15
MPC Actions: ['0', '0', '0', '0', '0', '0', '0', '0', '0', '0', '0', '0', '0', '0', '0', '0']
Temperatures following the MPC path:
[75.7, 75.65, 75.60000000000001, 75.55, 75.525, 75.47500000000001, 75.425, 75.375, 75.325, 75.275, 75.22500000000001, 75.175, 75.125, 75.075, 75.025, 74.97500000000001, 74.925]
Safety Constraints:
[[68, 85], [68, 85], [68, 85], [68, 85], [68, 85], [68, 85], [68, 85], [68, 85], [68, 85], [68, 85], [68, 85], [68, 85], [68, 85], [68, 85], [68, 85], [68, 85], [68, 85]]
Prices:
[0.16253, 0.16253, 0.13446, 0.13446, 0.13446, 0.13446, 0.13446, 0.13446, 0.13446, 0.13446, 0.13446, 0.13446, 0.13446, 0.13446, 0.13446, 0.13446, 0.13446]
Occ Predictions:
[0, 0, 0, 0, 0, 0, 0, 0, 0, 0, 0, 0, 0, 0, 0, 0, 0]
Setpoints:
[[68, 80], [68, 80], [68, 80], [68, 80], [68, 80], [68, 80], [68, 80], [68, 80], [68, 80], [68, 80], [68, 80], [68, 80], [68, 80], [68, 80], [68, 80], [68, 80], [68, 80]]
Time needed to calculate the shortest path:
36.7547259331


2018-07-11 04:19:15
MPC Actions: ['0', '0', '0', '0', '0', '0', '0', '0', '0', '0', '0', '0', '0', '0', '0', '0']
Temperatures following the MPC path:
[75.3, 75.275, 75.25, 75.22500000000001, 75.175, 75.125, 75.10000000000001, 75.075, 75.025, 74.97500000000001, 74.925, 74.875, 74.825, 74.775, 74.72500000000001, 74.675, 74.625]
Safety Constraints:
[[68, 85], [68, 85], [68, 85], [68, 85], [68, 85], [68, 85], [68, 85], [68, 85], [68, 85], [68, 85], [68, 85], [68, 85], [68, 85], [68, 85], [68, 85], [68, 85], [68, 85]]
Prices:
[0.16253, 0.13446, 0.13446, 0.13446, 0.13446, 0.13446, 0.13446, 0.13446, 0.13446, 0.13446, 0.13446, 0.13446, 0.13446, 0.13446, 0.13446, 0.13446, 0.13446]
Occ Predictions:
[0, 0, 0, 0, 0, 0, 0, 0, 0, 0, 0, 0, 0, 0, 0, 0, 0]
Setpoints:
[[68, 80], [68, 80], [68, 80], [68, 80], [68, 80], [68, 80], [68, 80], [68, 80], [68, 80], [68, 80], [68, 80], [68, 80], [68, 80], [68, 80], [68, 80], [68, 80], [68, 80]]
Time needed to calculate the shortest path:
36.959061861


2018-07-11 04:34:15
MPC Actions: ['0', '0', '0', '0', '0', '0', '0', '0', '0', '0', '0', '0', '0', '0', '0', '0']
Temperatures following the MPC path:
[75.4, 75.375, 75.35000000000001, 75.3, 75.25, 75.2, 75.15, 75.10000000000001, 75.05, 75.0, 74.95, 74.9, 74.85000000000001, 74.8, 74.75, 74.7, 74.65]
Safety Constraints:
[[68, 85], [68, 85], [68, 85], [68, 85], [68, 85], [68, 85], [68, 85], [68, 85], [68, 85], [68, 85], [68, 85], [68, 85], [68, 85], [68, 85], [68, 85], [68, 85], [68, 85]]
Prices:
[0.13446, 0.13446, 0.13446, 0.13446, 0.13446, 0.13446, 0.13446, 0.13446, 0.13446, 0.13446, 0.13446, 0.13446, 0.13446, 0.13446, 0.13446, 0.13446, 0.13446]
Occ Predictions:
[0, 0, 0, 0, 0, 0, 0, 0, 0, 0, 0, 0, 0, 0, 0, 0, 0]
Setpoints:
[[68, 80], [68, 80], [68, 80], [68, 80], [68, 80], [68, 80], [68, 80], [68, 80], [68, 80], [68, 80], [68, 80], [68, 80], [68, 80], [68, 80], [68, 80], [68, 80], [68, 80]]
Time needed to calculate the shortest path:
36.3790960312


2018-07-11 04:49:15
MPC Actions: ['0', '0', '0', '0', '0', '0', '0', '0', '0', '0', '0', '0', '0', '0', '0', '0']
Temperatures following the MPC path:
[75.0, 74.97500000000001, 74.925, 74.875, 74.825, 74.8, 74.75, 74.7, 74.65, 74.60000000000001, 74.55, 74.5, 74.45, 74.4, 74.35000000000001, 74.3, 74.25]
Safety Constraints:
[[68, 85], [68, 85], [68, 85], [68, 85], [68, 85], [68, 85], [68, 85], [68, 85], [68, 85], [68, 85], [68, 85], [68, 85], [68, 85], [68, 85], [68, 85], [68, 85], [68, 85]]
Prices:
[0.13446, 0.13446, 0.13446, 0.13446, 0.13446, 0.13446, 0.13446, 0.13446, 0.13446, 0.13446, 0.13446, 0.13446, 0.13446, 0.13446, 0.13446, 0.13446, 0.13446]
Occ Predictions:
[0, 0, 0, 0, 0, 0, 0, 0, 0, 0, 0, 0, 0, 0, 0, 0, 0]
Setpoints:
[[68, 80], [68, 80], [68, 80], [68, 80], [68, 80], [68, 80], [68, 80], [68, 80], [68, 80], [68, 80], [68, 80], [68, 80], [68, 80], [68, 80], [68, 80], [68, 80], [68, 80]]
Time needed to calculate the shortest path:
38.3963780403


2018-07-11 05:04:15
MPC Actions: ['0', '0', '0', '0', '0', '0', '0', '0', '0', '0', '0', '0', '0', '0', '0', '0']
Temperatures following the MPC path:
[75.0, 74.95, 74.9, 74.875, 74.85000000000001, 74.8, 74.75, 74.7, 74.65, 74.60000000000001, 74.55, 74.5, 74.45, 74.4, 74.35000000000001, 74.3, 74.25]
Safety Constraints:
[[68, 85], [68, 85], [68, 85], [68, 85], [68, 85], [68, 85], [68, 85], [68, 85], [68, 85], [68, 85], [68, 85], [68, 85], [68, 85], [68, 85], [68, 85], [68, 85], [68, 85]]
Prices:
[0.13446, 0.13446, 0.13446, 0.13446, 0.13446, 0.13446, 0.13446, 0.13446, 0.13446, 0.13446, 0.13446, 0.13446, 0.13446, 0.13446, 0.13446, 0.13446, 0.13446]
Occ Predictions:
[0, 0, 0, 0, 0, 0, 0, 0, 0, 0, 0, 0, 0, 0, 0, 0, 0]
Setpoints:
[[68, 80], [68, 80], [68, 80], [68, 80], [68, 80], [68, 80], [68, 80], [68, 80], [68, 80], [68, 80], [68, 80], [68, 80], [68, 80], [68, 80], [68, 80], [68, 80], [68, 80]]
Time needed to calculate the shortest path:
34.018584013


2018-07-11 05:19:15
MPC Actions: ['0', '0', '0', '0', '0', '0', '0', '0', '0', '0', '0', '0', '0', '0', '0', '0']
Temperatures following the MPC path:
[75.0, 74.95, 74.9, 74.875, 74.825, 74.775, 74.72500000000001, 74.675, 74.625, 74.575, 74.525, 74.47500000000001, 74.425, 74.375, 74.325, 74.275, 74.22500000000001]
Safety Constraints:
[[68, 85], [68, 85], [68, 85], [68, 85], [68, 85], [68, 85], [68, 85], [68, 85], [68, 85], [68, 85], [68, 85], [68, 85], [68, 85], [68, 85], [68, 85], [68, 85], [68, 85]]
Prices:
[0.13446, 0.13446, 0.13446, 0.13446, 0.13446, 0.13446, 0.13446, 0.13446, 0.13446, 0.13446, 0.13446, 0.13446, 0.13446, 0.13446, 0.13446, 0.13446, 0.13446]
Occ Predictions:
[0, 0, 0, 0, 0, 0, 0, 0, 0, 0, 0, 0, 0, 0, 0, 0, 0]
Setpoints:
[[68, 80], [68, 80], [68, 80], [68, 80], [68, 80], [68, 80], [68, 80], [68, 80], [68, 80], [68, 80], [68, 80], [68, 80], [68, 80], [68, 80], [68, 80], [68, 80], [68, 80]]
Time needed to calculate the shortest path:
35.8134360313


2018-07-11 05:34:15
MPC Actions: ['0', '0', '0', '0', '0', '0', '0', '0', '0', '0', '0', '0', '0', '0', '0', '0']
Temperatures following the MPC path:
[74.8, 74.775, 74.75, 74.7, 74.65, 74.60000000000001, 74.55, 74.5, 74.45, 74.4, 74.35000000000001, 74.3, 74.25, 74.2, 74.15, 74.10000000000001, 74.05]
Safety Constraints:
[[68, 85], [68, 85], [68, 85], [68, 85], [68, 85], [68, 85], [68, 85], [68, 85], [68, 85], [68, 85], [68, 85], [68, 85], [68, 85], [68, 85], [68, 85], [68, 85], [68, 85]]
Prices:
[0.13446, 0.13446, 0.13446, 0.13446, 0.13446, 0.13446, 0.13446, 0.13446, 0.13446, 0.13446, 0.13446, 0.13446, 0.13446, 0.13446, 0.13446, 0.13446, 0.13446]
Occ Predictions:
[0, 0, 0, 0, 0, 0, 0, 0, 0, 0, 0, 0, 0, 0, 0, 0, 0]
Setpoints:
[[68, 80], [68, 80], [68, 80], [68, 80], [68, 80], [68, 80], [68, 80], [68, 80], [68, 80], [68, 80], [68, 80], [68, 80], [68, 80], [68, 80], [68, 80], [68, 80], [68, 80]]
Time needed to calculate the shortest path:
35.8827590942


2018-07-11 05:49:15
MPC Actions: ['0', '0', '0', '0', '0', '0', '0', '0', '0', '0', '0', '0', '0', '0', '0', '0']
Temperatures following the MPC path:
[74.5, 74.47500000000001, 74.45, 74.425, 74.4, 74.375, 74.325, 74.275, 74.22500000000001, 74.175, 74.125, 74.075, 74.025, 73.97500000000001, 73.925, 73.875, 73.825]
Safety Constraints:
[[68, 85], [68, 85], [68, 85], [68, 85], [68, 85], [68, 85], [68, 85], [68, 85], [68, 85], [68, 85], [68, 85], [68, 85], [68, 85], [68, 85], [68, 85], [68, 85], [68, 85]]
Prices:
[0.13446, 0.13446, 0.13446, 0.13446, 0.13446, 0.13446, 0.13446, 0.13446, 0.13446, 0.13446, 0.13446, 0.13446, 0.13446, 0.13446, 0.13446, 0.13446, 0.13446]
Occ Predictions:
[0, 0, 0, 0, 0, 0, 0, 0, 0, 0, 0, 0, 0, 0, 0, 0, 0]
Setpoints:
[[68, 80], [68, 80], [68, 80], [68, 80], [68, 80], [68, 80], [68, 80], [68, 80], [68, 80], [68, 80], [68, 80], [68, 80], [68, 80], [68, 80], [68, 80], [68, 80], [68, 80]]
Time needed to calculate the shortest path:
34.8449230194


2018-07-11 06:04:15
MPC Actions: ['0', '0', '0', '0', '0', '0', '0', '0', '0', '0', '0', '0', '0', '0', '0', '0']
Temperatures following the MPC path:
[74.6, 74.55, 74.5, 74.45, 74.4, 74.35000000000001, 74.3, 74.25, 74.2, 74.15, 74.10000000000001, 74.05, 74.0, 73.95, 73.9, 73.85000000000001, 73.8]
Safety Constraints:
[[68, 85], [68, 85], [68, 85], [68, 85], [68, 85], [68, 85], [68, 85], [68, 85], [68, 85], [68, 85], [68, 85], [68, 85], [68, 85], [68, 85], [68, 85], [68, 85], [68, 85]]
Prices:
[0.13446, 0.13446, 0.13446, 0.13446, 0.13446, 0.13446, 0.13446, 0.13446, 0.13446, 0.13446, 0.13446, 0.13446, 0.13446, 0.13446, 0.13446, 0.13446, 0.13446]
Occ Predictions:
[0, 0, 0, 0, 0, 0, 0, 0, 0, 0, 0, 0, 0, 0, 0, 0, 0]
Setpoints:
[[68, 80], [68, 80], [68, 80], [68, 80], [68, 80], [68, 80], [68, 80], [68, 80], [68, 80], [68, 80], [68, 80], [68, 80], [68, 80], [68, 80], [68, 80], [68, 80], [68, 80]]
Time needed to calculate the shortest path:
35.4020290375


2018-07-11 06:19:15
MPC Actions: ['0', '0', '0', '0', '0', '0', '0', '0', '0', '0', '0', '0', '0', '0', '0', '0']
Temperatures following the MPC path:
[74.2, 74.15, 74.10000000000001, 74.05, 74.0, 73.95, 73.9, 73.85000000000001, 73.8, 73.75, 73.7, 73.65, 73.60000000000001, 73.55, 73.5, 73.45, 73.4]
Safety Constraints:
[[68, 85], [68, 85], [68, 85], [68, 85], [68, 85], [68, 85], [68, 85], [68, 85], [68, 85], [68, 85], [68, 85], [68, 85], [68, 85], [68, 85], [68, 85], [68, 85], [68, 85]]
Prices:
[0.13446, 0.13446, 0.13446, 0.13446, 0.13446, 0.13446, 0.13446, 0.13446, 0.13446, 0.13446, 0.13446, 0.13446, 0.13446, 0.13446, 0.13446, 0.13446, 0.13446]
Occ Predictions:
[0, 0, 0, 0, 0, 0, 0, 0, 0, 0, 0, 0, 0, 0, 0, 0, 0]
Setpoints:
[[68, 80], [68, 80], [68, 80], [68, 80], [68, 80], [68, 80], [68, 80], [68, 80], [68, 80], [68, 80], [68, 80], [68, 80], [68, 80], [68, 80], [68, 80], [68, 80], [68, 80]]
Time needed to calculate the shortest path:
41.1529388428
