

2018-07-10 21:07:54
MPC Actions: ['0', '0', '0', '0', '0', '0', '0', '0', '0', '0', '0', '0', '0', '0', '0', '0']
Temperatures following the MPC path:
[73.9, 74.0, 74.10000000000001, 74.2, 74.3, 74.4, 74.5, 74.60000000000001, 74.7, 74.8, 74.9, 75.0, 75.10000000000001, 75.2, 75.3, 75.4, 75.5]
Safety Constraints:
[[68, 84], [68, 84], [68, 84], [68, 84], [68, 84], [68, 84], [68, 84], [68, 84], [68, 84], [68, 84], [68, 84], [68, 84], [68, 85], [68, 85], [68, 85], [68, 85], [68, 85]]
Prices:
[1.11766, 1.11766, 1.11766, 1.11766, 1.11766, 1.11766, 1.11766, 1.11766, 1.11766, 1.11766, 1.11766, 1.11766, 1.11766, 1.11766, 1.11766, 1.11766, 1.11766, 1.11766, 1.11766, 1.11766, 1.11766, 1.11766, 1.11766, 1.11766, 1.11766, 1.11766, 1.11766, 1.11766, 1.11766, 1.11766, 1.11766, 1.11766, 1.11766, 1.11766, 1.11766, 1.11766, 1.11766, 1.11766, 1.11766, 1.11766, 1.11766, 1.11766, 1.11766, 1.11766, 1.11766, 1.11766, 1.11766, 1.11766, 1.11766, 1.11766, 1.11766, 1.11766, 1.11766, 1.11766, 1.11766, 1.11766, 1.11766, 1.11766, 1.11766, 1.11766, 1.11766, 1.11766, 1.11766, 1.11766, 1.11766, 1.11766, 1.11766, 1.11766, 1.11766, 1.11766, 1.11766, 1.11766, 1.11766, 1.11766, 1.11766, 1.11766, 1.11766, 1.11766, 1.11766, 1.11766, 0.16253]
Occ Predictions:
[1, 1, 1, 1, 1, 1, 1, 1, 1, 1, 1, 1, 0, 0, 0, 0, 0]
Setpoints:
[[68, 78], [68, 78], [68, 78], [68, 78], [68, 78], [68, 78], [68, 78], [68, 78], [68, 78], [68, 78], [68, 78], [68, 78], [68, 80], [68, 80], [68, 80], [68, 80], [68, 80]]
Time needed to calculate the shortest path:
74.2375838757


2018-07-10 21:22:54
MPC Actions: ['0', '0', '0', '0', '0', '0', '0', '0', '0', '0', '0', '0', '0', '0', '0', '0']
Temperatures following the MPC path:
[75.0, 75.075, 75.15, 75.22500000000001, 75.325, 75.425, 75.525, 75.625, 75.72500000000001, 75.825, 75.925, 76.025, 76.10000000000001, 76.175, 76.25, 76.325, 76.4]
Safety Constraints:
[[68, 84], [68, 84], [68, 84], [68, 84], [68, 84], [68, 84], [68, 84], [68, 84], [68, 84], [68, 84], [68, 84], [68, 85], [68, 85], [68, 85], [68, 85], [68, 85], [68, 85]]
Prices:
[1.11766, 1.11766, 1.11766, 1.11766, 1.11766, 1.11766, 1.11766, 1.11766, 1.11766, 1.11766, 1.11766, 1.11766, 1.11766, 1.11766, 1.11766, 1.11766, 1.11766, 1.11766, 1.11766, 1.11766, 1.11766, 1.11766, 1.11766, 1.11766, 1.11766, 1.11766, 1.11766, 1.11766, 1.11766, 1.11766, 1.11766, 1.11766, 1.11766, 1.11766, 1.11766, 1.11766, 1.11766, 1.11766, 1.11766, 1.11766, 1.11766, 1.11766, 1.11766, 1.11766, 1.11766, 1.11766, 1.11766, 1.11766, 1.11766, 1.11766, 1.11766, 1.11766, 1.11766, 1.11766, 1.11766, 1.11766, 1.11766, 1.11766, 1.11766, 1.11766, 1.11766, 1.11766, 1.11766, 1.11766, 1.11766, 1.11766, 1.11766, 1.11766, 1.11766, 1.11766, 1.11766, 1.11766, 1.11766, 1.11766, 1.11766, 0.16253, 0.16253]
Occ Predictions:
[1, 1, 1, 1, 1, 1, 1, 1, 1, 1, 1, 0, 0, 0, 0, 0, 0]
Setpoints:
[[68, 78], [68, 78], [68, 78], [68, 78], [68, 78], [68, 78], [68, 78], [68, 78], [68, 78], [68, 78], [68, 78], [68, 80], [68, 80], [68, 80], [68, 80], [68, 80], [68, 80]]
Time needed to calculate the shortest path:
93.3313400745


2018-07-10 21:37:53
MPC Actions: ['0', '0', '0', '0', '0', '0', '0', '0', '0', '0', '0', '0', '0', '0', '0', '0']
Temperatures following the MPC path:
[76.0, 76.075, 76.15, 76.25, 76.35000000000001, 76.45, 76.525, 76.60000000000001, 76.675, 76.75, 76.825, 76.9, 76.97500000000001, 77.05000000000001, 77.125, 77.2, 77.275]
Safety Constraints:
[[68, 84], [68, 84], [68, 84], [68, 84], [68, 84], [68, 84], [68, 84], [68, 84], [68, 84], [68, 84], [68, 85], [68, 85], [68, 85], [68, 85], [68, 85], [68, 85], [68, 85]]
Prices:
[1.11766, 1.11766, 1.11766, 1.11766, 1.11766, 1.11766, 1.11766, 1.11766, 1.11766, 1.11766, 1.11766, 1.11766, 1.11766, 1.11766, 1.11766, 1.11766, 1.11766, 1.11766, 1.11766, 1.11766, 1.11766, 1.11766, 1.11766, 1.11766, 1.11766, 1.11766, 1.11766, 1.11766, 1.11766, 1.11766, 1.11766, 1.11766, 1.11766, 1.11766, 1.11766, 1.11766, 1.11766, 1.11766, 1.11766, 1.11766, 1.11766, 1.11766, 1.11766, 1.11766, 1.11766, 1.11766, 1.11766, 1.11766, 1.11766, 1.11766, 1.11766, 1.11766, 1.11766, 1.11766, 1.11766, 1.11766, 1.11766, 1.11766, 1.11766, 1.11766, 1.11766, 1.11766, 1.11766, 1.11766, 1.11766, 1.11766, 1.11766, 1.11766, 1.11766, 1.11766, 0.16253, 0.16253, 0.16253]
Occ Predictions:
[1, 1, 1, 1, 1, 1, 1, 1, 1, 1, 0, 0, 0, 0, 0, 0, 0]
Setpoints:
[[68, 78], [68, 78], [68, 78], [68, 78], [68, 78], [68, 78], [68, 78], [68, 78], [68, 78], [68, 78], [68, 80], [68, 80], [68, 80], [68, 80], [68, 80], [68, 80], [68, 80]]
Time needed to calculate the shortest path:
91.7213079929


2018-07-10 21:52:53
MPC Actions: ['0', '0', '0', '0', '0', '0', '0', '0', '0', '0', '0', '0', '0', '0', '0', '0']
Temperatures following the MPC path:
[76.4, 76.5, 76.625, 76.75, 76.875, 77.0, 77.10000000000001, 77.2, 77.30000000000001, 77.4, 77.5, 77.60000000000001, 77.7, 77.80000000000001, 77.9, 78.0, 78.10000000000001]
Safety Constraints:
[[68, 84], [68, 84], [68, 84], [68, 84], [68, 84], [68, 84], [68, 84], [68, 84], [68, 84], [68, 85], [68, 85], [68, 85], [68, 85], [68, 85], [68, 85], [68, 85], [68, 85]]
Prices:
[1.11766, 1.11766, 1.11766, 1.11766, 1.11766, 1.11766, 1.11766, 1.11766, 1.11766, 1.11766, 1.11766, 1.11766, 1.11766, 1.11766, 1.11766, 1.11766, 1.11766, 1.11766, 1.11766, 1.11766, 1.11766, 1.11766, 1.11766, 1.11766, 1.11766, 1.11766, 1.11766, 1.11766, 1.11766, 1.11766, 1.11766, 1.11766, 1.11766, 1.11766, 1.11766, 1.11766, 1.11766, 1.11766, 1.11766, 1.11766, 1.11766, 1.11766, 1.11766, 1.11766, 1.11766, 1.11766, 1.11766, 1.11766, 1.11766, 1.11766, 1.11766, 1.11766, 1.11766, 1.11766, 1.11766, 1.11766, 1.11766, 1.11766, 1.11766, 1.11766, 1.11766, 1.11766, 1.11766, 1.11766, 1.11766, 0.16253, 0.16253, 0.16253, 0.16253]
Occ Predictions:
[1, 1, 1, 1, 1, 1, 1, 1, 1, 0, 0, 0, 0, 0, 0, 0, 0]
Setpoints:
[[68, 78], [68, 78], [68, 78], [68, 78], [68, 78], [68, 78], [68, 78], [68, 78], [68, 78], [68, 80], [68, 80], [68, 80], [68, 80], [68, 80], [68, 80], [68, 80], [68, 80]]
Time needed to calculate the shortest path:
73.8431470394


2018-07-10 22:04:16
MPC Actions: ['0', '0', '0', '0', '0', '0', '0', '0', '0', '0', '0', '0', '0', '0', '0', '0']
Temperatures following the MPC path:
[76.7, 76.85000000000001, 77.0, 77.125, 77.25, 77.375, 77.5, 77.625, 77.75, 77.875, 78.0, 78.125, 78.25, 78.375, 78.5, 78.625, 78.75]
Safety Constraints:
[[68, 84], [68, 84], [68, 84], [68, 84], [68, 84], [68, 84], [68, 84], [68, 84], [68, 85], [68, 85], [68, 85], [68, 85], [68, 85], [68, 85], [68, 85], [68, 85], [68, 85]]
Prices:
[1.11766, 1.11766, 1.11766, 1.11766, 1.11766, 1.11766, 1.11766, 1.11766, 1.11766, 1.11766, 1.11766, 1.11766, 1.11766, 1.11766, 1.11766, 1.11766, 1.11766, 1.11766, 1.11766, 1.11766, 1.11766, 1.11766, 1.11766, 1.11766, 1.11766, 1.11766, 1.11766, 1.11766, 1.11766, 1.11766, 1.11766, 1.11766, 1.11766, 1.11766, 1.11766, 1.11766, 1.11766, 1.11766, 1.11766, 1.11766, 1.11766, 1.11766, 1.11766, 1.11766, 1.11766, 1.11766, 1.11766, 1.11766, 1.11766, 1.11766, 1.11766, 1.11766, 1.11766, 1.11766, 1.11766, 1.11766, 1.11766, 1.11766, 1.11766, 1.11766, 0.16253, 0.16253, 0.16253, 0.16253, 0.16253]
Occ Predictions:
[1, 1, 1, 1, 1, 1, 1, 1, 0, 0, 0, 0, 0, 0, 0, 0, 0]
Setpoints:
[[68, 78], [68, 78], [68, 78], [68, 78], [68, 78], [68, 78], [68, 78], [68, 78], [68, 80], [68, 80], [68, 80], [68, 80], [68, 80], [68, 80], [68, 80], [68, 80], [68, 80]]
Time needed to calculate the shortest path:
150.529016972


2018-07-10 22:19:16
MPC Actions: ['0', '0', '0', '0', '0', '0', '0', '0', '0', '0', '0', '0', '0', '0', '0', '0']
Temperatures following the MPC path:
[77.2, 77.30000000000001, 77.4, 77.5, 77.60000000000001, 77.7, 77.80000000000001, 77.9, 78.0, 78.10000000000001, 78.2, 78.30000000000001, 78.4, 78.5, 78.60000000000001, 78.7, 78.775]
Safety Constraints:
[[68, 84], [68, 84], [68, 84], [68, 84], [68, 84], [68, 84], [68, 84], [68, 85], [68, 85], [68, 85], [68, 85], [68, 85], [68, 85], [68, 85], [68, 85], [68, 85], [68, 85]]
Prices:
[1.11766, 1.11766, 1.11766, 1.11766, 1.11766, 1.11766, 1.11766, 1.11766, 1.11766, 1.11766, 1.11766, 1.11766, 1.11766, 1.11766, 1.11766, 1.11766, 1.11766, 1.11766, 1.11766, 1.11766, 1.11766, 1.11766, 1.11766, 1.11766, 1.11766, 1.11766, 1.11766, 1.11766, 1.11766, 1.11766, 1.11766, 1.11766, 1.11766, 1.11766, 1.11766, 1.11766, 1.11766, 1.11766, 1.11766, 1.11766, 1.11766, 1.11766, 1.11766, 1.11766, 1.11766, 1.11766, 1.11766, 1.11766, 1.11766, 1.11766, 1.11766, 1.11766, 1.11766, 1.11766, 1.11766, 0.16253, 0.16253, 0.16253, 0.16253, 0.16253, 0.16253]
Occ Predictions:
[1, 1, 1, 1, 1, 1, 1, 0, 0, 0, 0, 0, 0, 0, 0, 0, 0]
Setpoints:
[[68, 78], [68, 78], [68, 78], [68, 78], [68, 78], [68, 78], [68, 78], [68, 80], [68, 80], [68, 80], [68, 80], [68, 80], [68, 80], [68, 80], [68, 80], [68, 80], [68, 80]]
Time needed to calculate the shortest path:
97.6155230999


2018-07-10 22:34:16
MPC Actions: ['1', '1', '1', '0', '0', '0', '0', '0', '0', '0', '0', '0', '0', '0', '0', '0']
Temperatures following the MPC path:
[77.8, 77.825, 77.85000000000001, 77.87500000000001, 77.95, 78.025, 78.10000000000001, 78.17500000000001, 78.25, 78.325, 78.4, 78.47500000000001, 78.55000000000001, 78.625, 78.7, 78.75, 78.80000000000001]
Safety Constraints:
[[68, 84], [68, 84], [68, 84], [68, 84], [68, 84], [68, 84], [68, 85], [68, 85], [68, 85], [68, 85], [68, 85], [68, 85], [68, 85], [68, 85], [68, 85], [68, 85], [68, 85]]
Prices:
[1.11766, 1.11766, 1.11766, 1.11766, 1.11766, 1.11766, 1.11766, 1.11766, 1.11766, 1.11766, 1.11766, 1.11766, 1.11766, 1.11766, 1.11766, 1.11766, 1.11766, 1.11766, 1.11766, 1.11766, 1.11766, 1.11766, 1.11766, 1.11766, 1.11766, 1.11766, 1.11766, 1.11766, 1.11766, 1.11766, 1.11766, 1.11766, 1.11766, 1.11766, 1.11766, 1.11766, 1.11766, 1.11766, 1.11766, 1.11766, 1.11766, 1.11766, 1.11766, 1.11766, 1.11766, 1.11766, 1.11766, 1.11766, 1.11766, 1.11766, 0.16253, 0.16253, 0.16253, 0.16253, 0.16253, 0.16253, 0.16253]
Occ Predictions:
[1, 1, 1, 1, 1, 1, 0, 0, 0, 0, 0, 0, 0, 0, 0, 0, 0]
Setpoints:
[[68, 78], [68, 78], [68, 78], [68, 78], [68, 78], [68, 78], [68, 80], [68, 80], [68, 80], [68, 80], [68, 80], [68, 80], [68, 80], [68, 80], [68, 80], [68, 80], [68, 80]]
Time needed to calculate the shortest path:
93.9326901436


2018-07-10 22:49:16
MPC Actions: ['2', '2', '2', '2', '2', '0', '0', '0', '0', '0', '0', '0', '0', '0', '0', '0']
Temperatures following the MPC path:
[81.1, 80.95, 80.80000000000001, 80.65, 80.5, 80.35000000000001, 80.42500000000001, 80.5, 80.575, 80.65, 80.7, 80.75, 80.80000000000001, 80.85000000000001, 80.9, 80.95, 81.0]
Safety Constraints:
[[68, 84], [68, 84], [68, 84], [68, 84], [68, 84], [68, 85], [68, 85], [68, 85], [68, 85], [68, 85], [68, 85], [68, 85], [68, 85], [68, 85], [68, 85], [68, 85], [68, 85]]
Prices:
[1.11766, 1.11766, 1.11766, 1.11766, 1.11766, 1.11766, 1.11766, 1.11766, 1.11766, 1.11766, 1.11766, 1.11766, 1.11766, 1.11766, 1.11766, 1.11766, 1.11766, 1.11766, 1.11766, 1.11766, 1.11766, 1.11766, 1.11766, 1.11766, 1.11766, 1.11766, 1.11766, 1.11766, 1.11766, 1.11766, 1.11766, 1.11766, 1.11766, 1.11766, 1.11766, 1.11766, 1.11766, 1.11766, 1.11766, 1.11766, 1.11766, 1.11766, 1.11766, 1.11766, 1.11766, 0.16253, 0.16253, 0.16253, 0.16253, 0.16253, 0.16253, 0.16253, 0.16253]
Occ Predictions:
[1, 1, 1, 1, 1, 0, 0, 0, 0, 0, 0, 0, 0, 0, 0, 0, 0]
Setpoints:
[[68, 78], [68, 78], [68, 78], [68, 78], [68, 78], [68, 80], [68, 80], [68, 80], [68, 80], [68, 80], [68, 80], [68, 80], [68, 80], [68, 80], [68, 80], [68, 80], [68, 80]]
Time needed to calculate the shortest path:
89.4134030342


2018-07-10 23:04:16
MPC Actions: ['2', '2', '2', '0', '0', '0', '0', '0', '0', '0', '0', '0', '0', '0', '0', '0']
Temperatures following the MPC path:
[78.7, 78.625, 78.55000000000001, 78.47500000000001, 78.55000000000001, 78.625, 78.7, 78.775, 78.85000000000001, 78.9, 78.95, 79.0, 79.05000000000001, 79.10000000000001, 79.15, 79.2, 79.25]
Safety Constraints:
[[68, 84], [68, 84], [68, 84], [68, 84], [68, 85], [68, 85], [68, 85], [68, 85], [68, 85], [68, 85], [68, 85], [68, 85], [68, 85], [68, 85], [68, 85], [68, 85], [68, 85]]
Prices:
[1.11766, 1.11766, 1.11766, 1.11766, 1.11766, 1.11766, 1.11766, 1.11766, 1.11766, 1.11766, 1.11766, 1.11766, 1.11766, 1.11766, 1.11766, 1.11766, 1.11766, 1.11766, 1.11766, 1.11766, 1.11766, 1.11766, 1.11766, 1.11766, 1.11766, 1.11766, 1.11766, 1.11766, 1.11766, 1.11766, 1.11766, 1.11766, 1.11766, 1.11766, 1.11766, 1.11766, 1.11766, 1.11766, 1.11766, 1.11766, 0.16253, 0.16253, 0.16253, 0.16253, 0.16253, 0.16253, 0.16253, 0.16253, 0.16253]
Occ Predictions:
[1, 1, 1, 1, 0, 0, 0, 0, 0, 0, 0, 0, 0, 0, 0, 0, 0]
Setpoints:
[[68, 78], [68, 78], [68, 78], [68, 78], [68, 80], [68, 80], [68, 80], [68, 80], [68, 80], [68, 80], [68, 80], [68, 80], [68, 80], [68, 80], [68, 80], [68, 80], [68, 80]]
Time needed to calculate the shortest path:
86.1627049446


2018-07-10 23:19:16
MPC Actions: ['0', '0', '0', '0', '0', '0', '0', '0', '0', '0', '0', '0', '0', '0', '0', '0']
Temperatures following the MPC path:
[75.3, 75.375, 75.45, 75.525, 75.60000000000001, 75.675, 75.75, 75.825, 75.9, 75.97500000000001, 76.05, 76.125, 76.175, 76.22500000000001, 76.275, 76.325, 76.35000000000001]
Safety Constraints:
[[68, 84], [68, 84], [68, 84], [68, 85], [68, 85], [68, 85], [68, 85], [68, 85], [68, 85], [68, 85], [68, 85], [68, 85], [68, 85], [68, 85], [68, 85], [68, 85], [68, 85]]
Prices:
[1.11766, 1.11766, 1.11766, 1.11766, 1.11766, 1.11766, 1.11766, 1.11766, 1.11766, 1.11766, 1.11766, 1.11766, 1.11766, 1.11766, 1.11766, 1.11766, 1.11766, 1.11766, 1.11766, 1.11766, 1.11766, 1.11766, 1.11766, 1.11766, 1.11766, 1.11766, 1.11766, 1.11766, 1.11766, 1.11766, 1.11766, 1.11766, 1.11766, 1.11766, 1.11766, 0.16253, 0.16253, 0.16253, 0.16253, 0.16253, 0.16253, 0.16253, 0.16253, 0.16253, 0.16253]
Occ Predictions:
[1, 1, 1, 0, 0, 0, 0, 0, 0, 0, 0, 0, 0, 0, 0, 0, 0]
Setpoints:
[[68, 78], [68, 78], [68, 78], [68, 80], [68, 80], [68, 80], [68, 80], [68, 80], [68, 80], [68, 80], [68, 80], [68, 80], [68, 80], [68, 80], [68, 80], [68, 80], [68, 80]]
Time needed to calculate the shortest path:
61.5913889408


2018-07-10 23:34:16
MPC Actions: ['0', '0', '0', '0', '0', '0', '0', '0', '0', '0', '0', '0', '0', '0', '0', '0']
Temperatures following the MPC path:
[76.6, 76.675, 76.75, 76.825, 76.9, 76.97500000000001, 77.05000000000001, 77.10000000000001, 77.15, 77.2, 77.25, 77.30000000000001, 77.35000000000001, 77.4, 77.45, 77.47500000000001, 77.5]
Safety Constraints:
[[68, 84], [68, 84], [68, 85], [68, 85], [68, 85], [68, 85], [68, 85], [68, 85], [68, 85], [68, 85], [68, 85], [68, 85], [68, 85], [68, 85], [68, 85], [68, 85], [68, 85]]
Prices:
[1.11766, 1.11766, 1.11766, 1.11766, 1.11766, 1.11766, 1.11766, 1.11766, 1.11766, 1.11766, 1.11766, 1.11766, 1.11766, 1.11766, 1.11766, 1.11766, 1.11766, 1.11766, 1.11766, 1.11766, 1.11766, 1.11766, 1.11766, 1.11766, 1.11766, 1.11766, 1.11766, 1.11766, 1.11766, 1.11766, 0.16253, 0.16253, 0.16253, 0.16253, 0.16253, 0.16253, 0.16253, 0.16253, 0.16253, 0.16253, 0.16253]
Occ Predictions:
[1, 1, 0, 0, 0, 0, 0, 0, 0, 0, 0, 0, 0, 0, 0, 0, 0]
Setpoints:
[[68, 78], [68, 78], [68, 80], [68, 80], [68, 80], [68, 80], [68, 80], [68, 80], [68, 80], [68, 80], [68, 80], [68, 80], [68, 80], [68, 80], [68, 80], [68, 80], [68, 80]]
Time needed to calculate the shortest path:
60.5726838112


2018-07-10 23:49:16
MPC Actions: ['0', '0', '0', '0', '0', '0', '0', '0', '0', '0', '0', '0', '0', '0', '0', '0']
Temperatures following the MPC path:
[77.8, 77.85000000000001, 77.9, 77.95, 78.0, 78.05000000000001, 78.10000000000001, 78.15, 78.2, 78.25, 78.275, 78.30000000000001, 78.325, 78.35000000000001, 78.35000000000001, 78.35000000000001, 78.35000000000001]
Safety Constraints:
[[68, 84], [68, 85], [68, 85], [68, 85], [68, 85], [68, 85], [68, 85], [68, 85], [68, 85], [68, 85], [68, 85], [68, 85], [68, 85], [68, 85], [68, 85], [68, 85], [68, 85]]
Prices:
[1.11766, 1.11766, 1.11766, 1.11766, 1.11766, 1.11766, 1.11766, 1.11766, 1.11766, 1.11766, 1.11766, 1.11766, 1.11766, 1.11766, 1.11766, 1.11766, 1.11766, 1.11766, 1.11766, 1.11766, 1.11766, 1.11766, 1.11766, 1.11766, 1.11766, 0.16253, 0.16253, 0.16253, 0.16253, 0.16253, 0.16253, 0.16253, 0.16253, 0.16253, 0.16253, 0.16253, 0.16253]
Occ Predictions:
[1, 0, 0, 0, 0, 0, 0, 0, 0, 0, 0, 0, 0, 0, 0, 0, 0]
Setpoints:
[[68, 78], [68, 80], [68, 80], [68, 80], [68, 80], [68, 80], [68, 80], [68, 80], [68, 80], [68, 80], [68, 80], [68, 80], [68, 80], [68, 80], [68, 80], [68, 80], [68, 80]]
Time needed to calculate the shortest path:
67.8353798389


2018-07-11 00:04:16
MPC Actions: ['0', '0', '0', '0', '0', '0', '0', '0', '0', '0', '0', '0', '0', '0', '0', '0']
Temperatures following the MPC path:
[78.6, 78.625, 78.65, 78.67500000000001, 78.7, 78.72500000000001, 78.75, 78.775, 78.80000000000001, 78.825, 78.85000000000001, 78.875, 78.9, 78.9, 78.9, 78.9, 78.9]
Safety Constraints:
[[68, 85], [68, 85], [68, 85], [68, 85], [68, 85], [68, 85], [68, 85], [68, 85], [68, 85], [68, 85], [68, 85], [68, 85], [68, 85], [68, 85], [68, 85], [68, 85], [68, 85]]
Prices:
[1.11766, 1.11766, 1.11766, 1.11766, 1.11766, 1.11766, 1.11766, 1.11766, 1.11766, 1.11766, 1.11766, 1.11766, 1.11766, 1.11766, 1.11766, 1.11766, 1.11766, 1.11766, 1.11766, 1.11766, 0.16253, 0.16253, 0.16253, 0.16253, 0.16253, 0.16253, 0.16253, 0.16253, 0.16253, 0.16253, 0.16253, 0.16253, 0.16253]
Occ Predictions:
[0, 0, 0, 0, 0, 0, 0, 0, 0, 0, 0, 0, 0, 0, 0, 0, 0]
Setpoints:
[[68, 80], [68, 80], [68, 80], [68, 80], [68, 80], [68, 80], [68, 80], [68, 80], [68, 80], [68, 80], [68, 80], [68, 80], [68, 80], [68, 80], [68, 80], [68, 80], [68, 80]]
Time needed to calculate the shortest path:
54.1648230553


2018-07-11 00:19:16
MPC Actions: ['0', '0', '0', '0', '0', '0', '0', '0', '0', '0', '0', '0', '0', '0', '0', '0']
Temperatures following the MPC path:
[79.4, 79.42500000000001, 79.45, 79.47500000000001, 79.5, 79.525, 79.55000000000001, 79.575, 79.60000000000001, 79.625, 79.65, 79.67500000000001, 79.67500000000001, 79.67500000000001, 79.67500000000001, 79.67500000000001, 79.65]
Safety Constraints:
[[68, 85], [68, 85], [68, 85], [68, 85], [68, 85], [68, 85], [68, 85], [68, 85], [68, 85], [68, 85], [68, 85], [68, 85], [68, 85], [68, 85], [68, 85], [68, 85], [68, 85]]
Prices:
[1.11766, 1.11766, 1.11766, 1.11766, 1.11766, 1.11766, 1.11766, 1.11766, 1.11766, 1.11766, 1.11766, 1.11766, 1.11766, 1.11766, 1.11766, 0.16253, 0.16253, 0.16253, 0.16253, 0.16253, 0.16253, 0.16253, 0.16253, 0.16253, 0.16253, 0.16253, 0.16253, 0.16253, 0.16253]
Occ Predictions:
[0, 0, 0, 0, 0, 0, 0, 0, 0, 0, 0, 0, 0, 0, 0, 0, 0]
Setpoints:
[[68, 80], [68, 80], [68, 80], [68, 80], [68, 80], [68, 80], [68, 80], [68, 80], [68, 80], [68, 80], [68, 80], [68, 80], [68, 80], [68, 80], [68, 80], [68, 80], [68, 80]]
Time needed to calculate the shortest path:
55.6638889313


2018-07-11 00:34:16
MPC Actions: ['0', '0', '0', '0', '0', '0', '0', '0', '0', '0', '0', '0', '0', '0', '0', '0']
Temperatures following the MPC path:
[79.7, 79.72500000000001, 79.75, 79.775, 79.80000000000001, 79.825, 79.85000000000001, 79.875, 79.9, 79.92500000000001, 79.92500000000001, 79.92500000000001, 79.92500000000001, 79.92500000000001, 79.92500000000001, 79.9, 79.875]
Safety Constraints:
[[68, 85], [68, 85], [68, 85], [68, 85], [68, 85], [68, 85], [68, 85], [68, 85], [68, 85], [68, 85], [68, 85], [68, 85], [68, 85], [68, 85], [68, 85], [68, 85], [68, 85]]
Prices:
[1.11766, 1.11766, 1.11766, 1.11766, 1.11766, 1.11766, 1.11766, 1.11766, 1.11766, 1.11766, 0.16253, 0.16253, 0.16253, 0.16253, 0.16253, 0.16253, 0.16253, 0.16253, 0.16253, 0.16253, 0.16253, 0.16253, 0.16253, 0.16253, 0.13446]
Occ Predictions:
[0, 0, 0, 0, 0, 0, 0, 0, 0, 0, 0, 0, 0, 0, 0, 0, 0]
Setpoints:
[[68, 80], [68, 80], [68, 80], [68, 80], [68, 80], [68, 80], [68, 80], [68, 80], [68, 80], [68, 80], [68, 80], [68, 80], [68, 80], [68, 80], [68, 80], [68, 80], [68, 80]]
Time needed to calculate the shortest path:
54.7794411182


2018-07-11 00:49:16
MPC Actions: ['0', '0', '0', '0', '0', '0', '0', '0', '0', '0', '0', '0', '0', '0', '0', '0']
Temperatures following the MPC path:
[79.8, 79.825, 79.85000000000001, 79.875, 79.9, 79.92500000000001, 79.92500000000001, 79.92500000000001, 79.92500000000001, 79.92500000000001, 79.92500000000001, 79.92500000000001, 79.92500000000001, 79.92500000000001, 79.9, 79.875, 79.85000000000001]
Safety Constraints:
[[68, 85], [68, 85], [68, 85], [68, 85], [68, 85], [68, 85], [68, 85], [68, 85], [68, 85], [68, 85], [68, 85], [68, 85], [68, 85], [68, 85], [68, 85], [68, 85], [68, 85]]
Prices:
[1.11766, 1.11766, 1.11766, 1.11766, 1.11766, 0.16253, 0.16253, 0.16253, 0.16253, 0.16253, 0.16253, 0.16253, 0.16253, 0.16253, 0.16253, 0.16253, 0.16253, 0.16253, 0.16253, 0.13446, 0.13446]
Occ Predictions:
[0, 0, 0, 0, 0, 0, 0, 0, 0, 0, 0, 0, 0, 0, 0, 0, 0]
Setpoints:
[[68, 80], [68, 80], [68, 80], [68, 80], [68, 80], [68, 80], [68, 80], [68, 80], [68, 80], [68, 80], [68, 80], [68, 80], [68, 80], [68, 80], [68, 80], [68, 80], [68, 80]]
Time needed to calculate the shortest path:
65.4917390347


2018-07-11 01:04:15
MPC Actions: ['0', '0', '0', '0', '0', '0', '0', '0', '0', '0', '0', '0', '0', '0', '0', '0']
Temperatures following the MPC path:
[79.6, 79.625, 79.65, 79.67500000000001, 79.7, 79.7, 79.7, 79.7, 79.7, 79.7, 79.7, 79.7, 79.7, 79.67500000000001, 79.65, 79.625, 79.60000000000001]
Safety Constraints:
[[68, 85], [68, 85], [68, 85], [68, 85], [68, 85], [68, 85], [68, 85], [68, 85], [68, 85], [68, 85], [68, 85], [68, 85], [68, 85], [68, 85], [68, 85], [68, 85], [68, 85]]
Prices:
[0.16253, 0.16253, 0.16253, 0.16253, 0.16253, 0.16253, 0.16253, 0.16253, 0.16253, 0.16253, 0.16253, 0.16253, 0.16253, 0.16253, 0.13446, 0.13446, 0.13446]
Occ Predictions:
[0, 0, 0, 0, 0, 0, 0, 0, 0, 0, 0, 0, 0, 0, 0, 0, 0]
Setpoints:
[[68, 80], [68, 80], [68, 80], [68, 80], [68, 80], [68, 80], [68, 80], [68, 80], [68, 80], [68, 80], [68, 80], [68, 80], [68, 80], [68, 80], [68, 80], [68, 80], [68, 80]]
Time needed to calculate the shortest path:
64.5838489532


2018-07-11 01:19:16
MPC Actions: ['0', '0', '0', '0', '0', '0', '0', '0', '0', '0', '0', '0', '0', '0', '0', '0']
Temperatures following the MPC path:
[79.6, 79.625, 79.65, 79.67500000000001, 79.67500000000001, 79.67500000000001, 79.67500000000001, 79.67500000000001, 79.65, 79.625, 79.60000000000001, 79.575, 79.55000000000001, 79.525, 79.5, 79.47500000000001, 79.42500000000001]
Safety Constraints:
[[68, 85], [68, 85], [68, 85], [68, 85], [68, 85], [68, 85], [68, 85], [68, 85], [68, 85], [68, 85], [68, 85], [68, 85], [68, 85], [68, 85], [68, 85], [68, 85], [68, 85]]
Prices:
[0.16253, 0.16253, 0.16253, 0.16253, 0.16253, 0.16253, 0.16253, 0.16253, 0.16253, 0.16253, 0.16253, 0.16253, 0.16253, 0.13446, 0.13446, 0.13446, 0.13446]
Occ Predictions:
[0, 0, 0, 0, 0, 0, 0, 0, 0, 0, 0, 0, 0, 0, 0, 0, 0]
Setpoints:
[[68, 80], [68, 80], [68, 80], [68, 80], [68, 80], [68, 80], [68, 80], [68, 80], [68, 80], [68, 80], [68, 80], [68, 80], [68, 80], [68, 80], [68, 80], [68, 80], [68, 80]]
Time needed to calculate the shortest path:
58.8987009525


2018-07-11 01:34:15
MPC Actions: ['0', '0', '0', '0', '0', '0', '0', '0', '0', '0', '0', '0', '0', '0', '0', '0']
Temperatures following the MPC path:
[79.5, 79.525, 79.55000000000001, 79.55000000000001, 79.55000000000001, 79.55000000000001, 79.55000000000001, 79.525, 79.5, 79.47500000000001, 79.45, 79.42500000000001, 79.4, 79.375, 79.35000000000001, 79.30000000000001, 79.25]
Safety Constraints:
[[68, 85], [68, 85], [68, 85], [68, 85], [68, 85], [68, 85], [68, 85], [68, 85], [68, 85], [68, 85], [68, 85], [68, 85], [68, 85], [68, 85], [68, 85], [68, 85], [68, 85]]
Prices:
[0.16253, 0.16253, 0.16253, 0.16253, 0.16253, 0.16253, 0.16253, 0.16253, 0.16253, 0.16253, 0.16253, 0.16253, 0.13446, 0.13446, 0.13446, 0.13446, 0.13446]
Occ Predictions:
[0, 0, 0, 0, 0, 0, 0, 0, 0, 0, 0, 0, 0, 0, 0, 0, 0]
Setpoints:
[[68, 80], [68, 80], [68, 80], [68, 80], [68, 80], [68, 80], [68, 80], [68, 80], [68, 80], [68, 80], [68, 80], [68, 80], [68, 80], [68, 80], [68, 80], [68, 80], [68, 80]]
Time needed to calculate the shortest path:
55.2549049854


2018-07-11 01:49:16
MPC Actions: ['0', '0', '0', '0', '0', '0', '0', '0', '0', '0', '0', '0', '0', '0', '0', '0']
Temperatures following the MPC path:
[79.5, 79.5, 79.5, 79.5, 79.5, 79.5, 79.47500000000001, 79.45, 79.42500000000001, 79.4, 79.375, 79.35000000000001, 79.325, 79.30000000000001, 79.25, 79.2, 79.15]
Safety Constraints:
[[68, 85], [68, 85], [68, 85], [68, 85], [68, 85], [68, 85], [68, 85], [68, 85], [68, 85], [68, 85], [68, 85], [68, 85], [68, 85], [68, 85], [68, 85], [68, 85], [68, 85]]
Prices:
[0.16253, 0.16253, 0.16253, 0.16253, 0.16253, 0.16253, 0.16253, 0.16253, 0.16253, 0.16253, 0.16253, 0.13446, 0.13446, 0.13446, 0.13446, 0.13446, 0.13446]
Occ Predictions:
[0, 0, 0, 0, 0, 0, 0, 0, 0, 0, 0, 0, 0, 0, 0, 0, 0]
Setpoints:
[[68, 80], [68, 80], [68, 80], [68, 80], [68, 80], [68, 80], [68, 80], [68, 80], [68, 80], [68, 80], [68, 80], [68, 80], [68, 80], [68, 80], [68, 80], [68, 80], [68, 80]]
Time needed to calculate the shortest path:
61.4930717945


2018-07-11 02:04:15
MPC Actions: ['0', '0', '0', '0', '0', '0', '0', '0', '0', '0', '0', '0', '0', '0', '0', '0']
Temperatures following the MPC path:
[79.1, 79.075, 79.05000000000001, 79.025, 79.0, 78.97500000000001, 78.95, 78.92500000000001, 78.9, 78.85000000000001, 78.80000000000001, 78.75, 78.7, 78.65, 78.60000000000001, 78.55000000000001, 78.5]
Safety Constraints:
[[68, 85], [68, 85], [68, 85], [68, 85], [68, 85], [68, 85], [68, 85], [68, 85], [68, 85], [68, 85], [68, 85], [68, 85], [68, 85], [68, 85], [68, 85], [68, 85], [68, 85]]
Prices:
[0.16253, 0.16253, 0.16253, 0.16253, 0.16253, 0.16253, 0.16253, 0.16253, 0.16253, 0.16253, 0.13446, 0.13446, 0.13446, 0.13446, 0.13446, 0.13446, 0.13446]
Occ Predictions:
[0, 0, 0, 0, 0, 0, 0, 0, 0, 0, 0, 0, 0, 0, 0, 0, 0]
Setpoints:
[[68, 80], [68, 80], [68, 80], [68, 80], [68, 80], [68, 80], [68, 80], [68, 80], [68, 80], [68, 80], [68, 80], [68, 80], [68, 80], [68, 80], [68, 80], [68, 80], [68, 80]]
Time needed to calculate the shortest path:
58.995167017


2018-07-11 02:19:16
MPC Actions: ['0', '0', '0', '0', '0', '0', '0', '0', '0', '0', '0', '0', '0', '0', '0', '0']
Temperatures following the MPC path:
[79.0, 78.97500000000001, 78.95, 78.92500000000001, 78.9, 78.875, 78.85000000000001, 78.825, 78.775, 78.72500000000001, 78.67500000000001, 78.625, 78.575, 78.525, 78.47500000000001, 78.42500000000001, 78.375]
Safety Constraints:
[[68, 85], [68, 85], [68, 85], [68, 85], [68, 85], [68, 85], [68, 85], [68, 85], [68, 85], [68, 85], [68, 85], [68, 85], [68, 85], [68, 85], [68, 85], [68, 85], [68, 85]]
Prices:
[0.16253, 0.16253, 0.16253, 0.16253, 0.16253, 0.16253, 0.16253, 0.16253, 0.16253, 0.13446, 0.13446, 0.13446, 0.13446, 0.13446, 0.13446, 0.13446, 0.13446]
Occ Predictions:
[0, 0, 0, 0, 0, 0, 0, 0, 0, 0, 0, 0, 0, 0, 0, 0, 0]
Setpoints:
[[68, 80], [68, 80], [68, 80], [68, 80], [68, 80], [68, 80], [68, 80], [68, 80], [68, 80], [68, 80], [68, 80], [68, 80], [68, 80], [68, 80], [68, 80], [68, 80], [68, 80]]
Time needed to calculate the shortest path:
64.5010790825


2018-07-11 02:34:15
MPC Actions: ['0', '0', '0', '0', '0', '0', '0', '0', '0', '0', '0', '0', '0', '0', '0', '0']
Temperatures following the MPC path:
[78.9, 78.875, 78.85000000000001, 78.80000000000001, 78.775, 78.75, 78.72500000000001, 78.67500000000001, 78.625, 78.575, 78.525, 78.47500000000001, 78.42500000000001, 78.375, 78.325, 78.25, 78.17500000000001]
Safety Constraints:
[[68, 85], [68, 85], [68, 85], [68, 85], [68, 85], [68, 85], [68, 85], [68, 85], [68, 85], [68, 85], [68, 85], [68, 85], [68, 85], [68, 85], [68, 85], [68, 85], [68, 85]]
Prices:
[0.16253, 0.16253, 0.16253, 0.16253, 0.16253, 0.16253, 0.16253, 0.16253, 0.13446, 0.13446, 0.13446, 0.13446, 0.13446, 0.13446, 0.13446, 0.13446, 0.13446]
Occ Predictions:
[0, 0, 0, 0, 0, 0, 0, 0, 0, 0, 0, 0, 0, 0, 0, 0, 0]
Setpoints:
[[68, 80], [68, 80], [68, 80], [68, 80], [68, 80], [68, 80], [68, 80], [68, 80], [68, 80], [68, 80], [68, 80], [68, 80], [68, 80], [68, 80], [68, 80], [68, 80], [68, 80]]
Time needed to calculate the shortest path:
67.5491039753
THERMOSTAT CHANGED MANUALY AT : 2018-07-11 02:49:15 UTC